[0.012s] Invoking command in '/home/lingc/ECE4191G11/ROS_PC/build/robot_interfaces': CMAKE_PREFIX_PATH=${CMAKE_PREFIX_PATH}:/home/lingc/ECE4191G11/ROS_PC/install/robot_controller:/opt/ros/humble /usr/bin/cmake --build /home/lingc/ECE4191G11/ROS_PC/build/robot_interfaces -- -j12 -l12
[0.059s] [  1%] Built target robot_interfaces__cpp
[0.059s] [ 12%] Built target robot_interfaces__rosidl_generator_c
[0.070s] [ 12%] Built target ament_cmake_python_copy_robot_interfaces
[0.089s] [ 29%] Built target robot_interfaces__rosidl_typesupport_cpp
[0.089s] [ 35%] Built target robot_interfaces__rosidl_typesupport_fastrtps_cpp
[0.091s] [ 46%] Built target robot_interfaces__rosidl_typesupport_introspection_cpp
[0.095s] [ 57%] Built target robot_interfaces__rosidl_typesupport_introspection_c
[0.096s] [ 69%] Built target robot_interfaces__rosidl_typesupport_fastrtps_c
[0.098s] [ 80%] Built target robot_interfaces__rosidl_typesupport_c
[0.117s] [ 80%] Built target robot_interfaces
[0.138s] [ 81%] Built target robot_interfaces__py
[0.160s] [ 91%] Built target robot_interfaces__rosidl_generator_py
[0.183s] [100%] Built target robot_interfaces__rosidl_typesupport_c__pyext
[0.183s] [100%] Built target robot_interfaces__rosidl_typesupport_introspection_c__pyext
[0.183s] [100%] Built target robot_interfaces__rosidl_typesupport_fastrtps_c__pyext
[0.318s] running egg_info
[0.319s] writing robot_interfaces.egg-info/PKG-INFO
[0.319s] writing dependency_links to robot_interfaces.egg-info/dependency_links.txt
[0.319s] writing top-level names to robot_interfaces.egg-info/top_level.txt
[0.322s] reading manifest file 'robot_interfaces.egg-info/SOURCES.txt'
[0.322s] writing manifest file 'robot_interfaces.egg-info/SOURCES.txt'
[0.348s] [100%] Built target ament_cmake_python_build_robot_interfaces_egg
[0.359s] Invoked command in '/home/lingc/ECE4191G11/ROS_PC/build/robot_interfaces' returned '0': CMAKE_PREFIX_PATH=${CMAKE_PREFIX_PATH}:/home/lingc/ECE4191G11/ROS_PC/install/robot_controller:/opt/ros/humble /usr/bin/cmake --build /home/lingc/ECE4191G11/ROS_PC/build/robot_interfaces -- -j12 -l12
[0.527s] Invoking command in '/home/lingc/ECE4191G11/ROS_PC/build/robot_interfaces': CMAKE_PREFIX_PATH=${CMAKE_PREFIX_PATH}:/home/lingc/ECE4191G11/ROS_PC/install/robot_controller:/opt/ros/humble /usr/bin/cmake --install /home/lingc/ECE4191G11/ROS_PC/build/robot_interfaces
[0.536s] -- Install configuration: ""
[0.537s] -- Up-to-date: /home/lingc/ECE4191G11/ROS_PC/install/robot_interfaces/share/ament_index/resource_index/rosidl_interfaces/robot_interfaces
[0.537s] -- Up-to-date: /home/lingc/ECE4191G11/ROS_PC/install/robot_interfaces/include/robot_interfaces/robot_interfaces
[0.537s] -- Up-to-date: /home/lingc/ECE4191G11/ROS_PC/install/robot_interfaces/include/robot_interfaces/robot_interfaces/msg
[0.537s] -- Up-to-date: /home/lingc/ECE4191G11/ROS_PC/install/robot_interfaces/include/robot_interfaces/robot_interfaces/msg/qr_data.h
[0.537s] -- Up-to-date: /home/lingc/ECE4191G11/ROS_PC/install/robot_interfaces/include/robot_interfaces/robot_interfaces/msg/detail
[0.538s] -- Up-to-date: /home/lingc/ECE4191G11/ROS_PC/install/robot_interfaces/include/robot_interfaces/robot_interfaces/msg/detail/des_state__type_support.h
[0.538s] -- Up-to-date: /home/lingc/ECE4191G11/ROS_PC/install/robot_interfaces/include/robot_interfaces/robot_interfaces/msg/detail/pose__struct.h
[0.538s] -- Up-to-date: /home/lingc/ECE4191G11/ROS_PC/install/robot_interfaces/include/robot_interfaces/robot_interfaces/msg/detail/qr_data__struct.h
[0.538s] -- Up-to-date: /home/lingc/ECE4191G11/ROS_PC/install/robot_interfaces/include/robot_interfaces/robot_interfaces/msg/detail/qr_data__functions.c
[0.538s] -- Up-to-date: /home/lingc/ECE4191G11/ROS_PC/install/robot_interfaces/include/robot_interfaces/robot_interfaces/msg/detail/waypoint__struct.h
[0.539s] -- Up-to-date: /home/lingc/ECE4191G11/ROS_PC/install/robot_interfaces/include/robot_interfaces/robot_interfaces/msg/detail/distances__struct.h
[0.539s] -- Up-to-date: /home/lingc/ECE4191G11/ROS_PC/install/robot_interfaces/include/robot_interfaces/robot_interfaces/msg/detail/pose__functions.c
[0.539s] -- Up-to-date: /home/lingc/ECE4191G11/ROS_PC/install/robot_interfaces/include/robot_interfaces/robot_interfaces/msg/detail/obstacles__type_support.h
[0.539s] -- Up-to-date: /home/lingc/ECE4191G11/ROS_PC/install/robot_interfaces/include/robot_interfaces/robot_interfaces/msg/detail/des_state__functions.c
[0.540s] -- Up-to-date: /home/lingc/ECE4191G11/ROS_PC/install/robot_interfaces/include/robot_interfaces/robot_interfaces/msg/detail/waypoint__functions.c
[0.540s] -- Up-to-date: /home/lingc/ECE4191G11/ROS_PC/install/robot_interfaces/include/robot_interfaces/robot_interfaces/msg/detail/encoder_info__functions.c
[0.540s] -- Up-to-date: /home/lingc/ECE4191G11/ROS_PC/install/robot_interfaces/include/robot_interfaces/robot_interfaces/msg/detail/qr_data__functions.h
[0.540s] -- Up-to-date: /home/lingc/ECE4191G11/ROS_PC/install/robot_interfaces/include/robot_interfaces/robot_interfaces/msg/detail/waypoint__type_support.h
[0.541s] -- Up-to-date: /home/lingc/ECE4191G11/ROS_PC/install/robot_interfaces/include/robot_interfaces/robot_interfaces/msg/detail/des_state__struct.h
[0.541s] -- Up-to-date: /home/lingc/ECE4191G11/ROS_PC/install/robot_interfaces/include/robot_interfaces/robot_interfaces/msg/detail/pose__functions.h
[0.541s] -- Up-to-date: /home/lingc/ECE4191G11/ROS_PC/install/robot_interfaces/include/robot_interfaces/robot_interfaces/msg/detail/distances__functions.h
[0.542s] -- Up-to-date: /home/lingc/ECE4191G11/ROS_PC/install/robot_interfaces/include/robot_interfaces/robot_interfaces/msg/detail/obstacles__functions.h
[0.542s] -- Up-to-date: /home/lingc/ECE4191G11/ROS_PC/install/robot_interfaces/include/robot_interfaces/robot_interfaces/msg/detail/obstacles__functions.c
[0.542s] -- Up-to-date: /home/lingc/ECE4191G11/ROS_PC/install/robot_interfaces/include/robot_interfaces/robot_interfaces/msg/detail/distances__type_support.h
[0.542s] -- Up-to-date: /home/lingc/ECE4191G11/ROS_PC/install/robot_interfaces/include/robot_interfaces/robot_interfaces/msg/detail/encoder_info__functions.h
[0.543s] -- Up-to-date: /home/lingc/ECE4191G11/ROS_PC/install/robot_interfaces/include/robot_interfaces/robot_interfaces/msg/detail/waypoint__functions.h
[0.543s] -- Up-to-date: /home/lingc/ECE4191G11/ROS_PC/install/robot_interfaces/include/robot_interfaces/robot_interfaces/msg/detail/distances__functions.c
[0.543s] -- Up-to-date: /home/lingc/ECE4191G11/ROS_PC/install/robot_interfaces/include/robot_interfaces/robot_interfaces/msg/detail/encoder_info__type_support.h
[0.543s] -- Up-to-date: /home/lingc/ECE4191G11/ROS_PC/install/robot_interfaces/include/robot_interfaces/robot_interfaces/msg/detail/qr_data__type_support.h
[0.543s] -- Up-to-date: /home/lingc/ECE4191G11/ROS_PC/install/robot_interfaces/include/robot_interfaces/robot_interfaces/msg/detail/des_state__functions.h
[0.543s] -- Up-to-date: /home/lingc/ECE4191G11/ROS_PC/install/robot_interfaces/include/robot_interfaces/robot_interfaces/msg/detail/encoder_info__struct.h
[0.544s] -- Up-to-date: /home/lingc/ECE4191G11/ROS_PC/install/robot_interfaces/include/robot_interfaces/robot_interfaces/msg/detail/pose__type_support.h
[0.544s] -- Up-to-date: /home/lingc/ECE4191G11/ROS_PC/install/robot_interfaces/include/robot_interfaces/robot_interfaces/msg/detail/obstacles__struct.h
[0.544s] -- Up-to-date: /home/lingc/ECE4191G11/ROS_PC/install/robot_interfaces/include/robot_interfaces/robot_interfaces/msg/rosidl_generator_c__visibility_control.h
[0.544s] -- Up-to-date: /home/lingc/ECE4191G11/ROS_PC/install/robot_interfaces/include/robot_interfaces/robot_interfaces/msg/pose.h
[0.544s] -- Up-to-date: /home/lingc/ECE4191G11/ROS_PC/install/robot_interfaces/include/robot_interfaces/robot_interfaces/msg/encoder_info.h
[0.545s] -- Up-to-date: /home/lingc/ECE4191G11/ROS_PC/install/robot_interfaces/include/robot_interfaces/robot_interfaces/msg/distances.h
[0.545s] -- Up-to-date: /home/lingc/ECE4191G11/ROS_PC/install/robot_interfaces/include/robot_interfaces/robot_interfaces/msg/obstacles.h
[0.545s] -- Up-to-date: /home/lingc/ECE4191G11/ROS_PC/install/robot_interfaces/include/robot_interfaces/robot_interfaces/msg/des_state.h
[0.545s] -- Up-to-date: /home/lingc/ECE4191G11/ROS_PC/install/robot_interfaces/include/robot_interfaces/robot_interfaces/msg/waypoint.h
[0.545s] -- Up-to-date: /home/lingc/ECE4191G11/ROS_PC/install/robot_interfaces/share/robot_interfaces/environment/library_path.sh
[0.546s] -- Up-to-date: /home/lingc/ECE4191G11/ROS_PC/install/robot_interfaces/share/robot_interfaces/environment/library_path.dsv
[0.546s] -- Up-to-date: /home/lingc/ECE4191G11/ROS_PC/install/robot_interfaces/lib/librobot_interfaces__rosidl_generator_c.so
[0.546s] -- Up-to-date: /home/lingc/ECE4191G11/ROS_PC/install/robot_interfaces/include/robot_interfaces/robot_interfaces
[0.546s] -- Up-to-date: /home/lingc/ECE4191G11/ROS_PC/install/robot_interfaces/include/robot_interfaces/robot_interfaces/msg
[0.546s] -- Up-to-date: /home/lingc/ECE4191G11/ROS_PC/install/robot_interfaces/include/robot_interfaces/robot_interfaces/msg/rosidl_typesupport_fastrtps_c__visibility_control.h
[0.547s] -- Up-to-date: /home/lingc/ECE4191G11/ROS_PC/install/robot_interfaces/include/robot_interfaces/robot_interfaces/msg/detail
[0.547s] -- Up-to-date: /home/lingc/ECE4191G11/ROS_PC/install/robot_interfaces/include/robot_interfaces/robot_interfaces/msg/detail/obstacles__rosidl_typesupport_fastrtps_c.h
[0.547s] -- Up-to-date: /home/lingc/ECE4191G11/ROS_PC/install/robot_interfaces/include/robot_interfaces/robot_interfaces/msg/detail/distances__rosidl_typesupport_fastrtps_c.h
[0.547s] -- Up-to-date: /home/lingc/ECE4191G11/ROS_PC/install/robot_interfaces/include/robot_interfaces/robot_interfaces/msg/detail/qr_data__rosidl_typesupport_fastrtps_c.h
[0.547s] -- Up-to-date: /home/lingc/ECE4191G11/ROS_PC/install/robot_interfaces/include/robot_interfaces/robot_interfaces/msg/detail/waypoint__rosidl_typesupport_fastrtps_c.h
[0.547s] -- Up-to-date: /home/lingc/ECE4191G11/ROS_PC/install/robot_interfaces/include/robot_interfaces/robot_interfaces/msg/detail/encoder_info__rosidl_typesupport_fastrtps_c.h
[0.548s] -- Up-to-date: /home/lingc/ECE4191G11/ROS_PC/install/robot_interfaces/include/robot_interfaces/robot_interfaces/msg/detail/des_state__rosidl_typesupport_fastrtps_c.h
[0.548s] -- Up-to-date: /home/lingc/ECE4191G11/ROS_PC/install/robot_interfaces/include/robot_interfaces/robot_interfaces/msg/detail/pose__rosidl_typesupport_fastrtps_c.h
[0.548s] -- Up-to-date: /home/lingc/ECE4191G11/ROS_PC/install/robot_interfaces/lib/librobot_interfaces__rosidl_typesupport_fastrtps_c.so
[0.548s] -- Up-to-date: /home/lingc/ECE4191G11/ROS_PC/install/robot_interfaces/include/robot_interfaces/robot_interfaces
[0.548s] -- Up-to-date: /home/lingc/ECE4191G11/ROS_PC/install/robot_interfaces/include/robot_interfaces/robot_interfaces/msg
[0.548s] -- Up-to-date: /home/lingc/ECE4191G11/ROS_PC/install/robot_interfaces/include/robot_interfaces/robot_interfaces/msg/detail
[0.549s] -- Up-to-date: /home/lingc/ECE4191G11/ROS_PC/install/robot_interfaces/include/robot_interfaces/robot_interfaces/msg/detail/waypoint__type_support.c
[0.549s] -- Up-to-date: /home/lingc/ECE4191G11/ROS_PC/install/robot_interfaces/include/robot_interfaces/robot_interfaces/msg/detail/obstacles__rosidl_typesupport_introspection_c.h
[0.549s] -- Up-to-date: /home/lingc/ECE4191G11/ROS_PC/install/robot_interfaces/include/robot_interfaces/robot_interfaces/msg/detail/obstacles__type_support.c
[0.549s] -- Up-to-date: /home/lingc/ECE4191G11/ROS_PC/install/robot_interfaces/include/robot_interfaces/robot_interfaces/msg/detail/pose__rosidl_typesupport_introspection_c.h
[0.549s] -- Up-to-date: /home/lingc/ECE4191G11/ROS_PC/install/robot_interfaces/include/robot_interfaces/robot_interfaces/msg/detail/encoder_info__type_support.c
[0.550s] -- Up-to-date: /home/lingc/ECE4191G11/ROS_PC/install/robot_interfaces/include/robot_interfaces/robot_interfaces/msg/detail/des_state__rosidl_typesupport_introspection_c.h
[0.550s] -- Up-to-date: /home/lingc/ECE4191G11/ROS_PC/install/robot_interfaces/include/robot_interfaces/robot_interfaces/msg/detail/qr_data__rosidl_typesupport_introspection_c.h
[0.550s] -- Up-to-date: /home/lingc/ECE4191G11/ROS_PC/install/robot_interfaces/include/robot_interfaces/robot_interfaces/msg/detail/encoder_info__rosidl_typesupport_introspection_c.h
[0.550s] -- Up-to-date: /home/lingc/ECE4191G11/ROS_PC/install/robot_interfaces/include/robot_interfaces/robot_interfaces/msg/detail/pose__type_support.c
[0.550s] -- Up-to-date: /home/lingc/ECE4191G11/ROS_PC/install/robot_interfaces/include/robot_interfaces/robot_interfaces/msg/detail/des_state__type_support.c
[0.550s] -- Up-to-date: /home/lingc/ECE4191G11/ROS_PC/install/robot_interfaces/include/robot_interfaces/robot_interfaces/msg/detail/qr_data__type_support.c
[0.550s] -- Up-to-date: /home/lingc/ECE4191G11/ROS_PC/install/robot_interfaces/include/robot_interfaces/robot_interfaces/msg/detail/distances__type_support.c
[0.551s] -- Up-to-date: /home/lingc/ECE4191G11/ROS_PC/install/robot_interfaces/include/robot_interfaces/robot_interfaces/msg/detail/waypoint__rosidl_typesupport_introspection_c.h
[0.551s] -- Up-to-date: /home/lingc/ECE4191G11/ROS_PC/install/robot_interfaces/include/robot_interfaces/robot_interfaces/msg/detail/distances__rosidl_typesupport_introspection_c.h
[0.551s] -- Up-to-date: /home/lingc/ECE4191G11/ROS_PC/install/robot_interfaces/include/robot_interfaces/robot_interfaces/msg/rosidl_typesupport_introspection_c__visibility_control.h
[0.551s] -- Up-to-date: /home/lingc/ECE4191G11/ROS_PC/install/robot_interfaces/lib/librobot_interfaces__rosidl_typesupport_introspection_c.so
[0.551s] -- Up-to-date: /home/lingc/ECE4191G11/ROS_PC/install/robot_interfaces/lib/librobot_interfaces__rosidl_typesupport_c.so
[0.551s] -- Up-to-date: /home/lingc/ECE4191G11/ROS_PC/install/robot_interfaces/include/robot_interfaces/robot_interfaces
[0.551s] -- Up-to-date: /home/lingc/ECE4191G11/ROS_PC/install/robot_interfaces/include/robot_interfaces/robot_interfaces/msg
[0.551s] -- Up-to-date: /home/lingc/ECE4191G11/ROS_PC/install/robot_interfaces/include/robot_interfaces/robot_interfaces/msg/des_state.hpp
[0.551s] -- Up-to-date: /home/lingc/ECE4191G11/ROS_PC/install/robot_interfaces/include/robot_interfaces/robot_interfaces/msg/detail
[0.551s] -- Up-to-date: /home/lingc/ECE4191G11/ROS_PC/install/robot_interfaces/include/robot_interfaces/robot_interfaces/msg/detail/waypoint__builder.hpp
[0.552s] -- Up-to-date: /home/lingc/ECE4191G11/ROS_PC/install/robot_interfaces/include/robot_interfaces/robot_interfaces/msg/detail/distances__traits.hpp
[0.552s] -- Up-to-date: /home/lingc/ECE4191G11/ROS_PC/install/robot_interfaces/include/robot_interfaces/robot_interfaces/msg/detail/waypoint__struct.hpp
[0.552s] -- Up-to-date: /home/lingc/ECE4191G11/ROS_PC/install/robot_interfaces/include/robot_interfaces/robot_interfaces/msg/detail/qr_data__struct.hpp
[0.552s] -- Up-to-date: /home/lingc/ECE4191G11/ROS_PC/install/robot_interfaces/include/robot_interfaces/robot_interfaces/msg/detail/pose__builder.hpp
[0.552s] -- Up-to-date: /home/lingc/ECE4191G11/ROS_PC/install/robot_interfaces/include/robot_interfaces/robot_interfaces/msg/detail/obstacles__builder.hpp
[0.552s] -- Up-to-date: /home/lingc/ECE4191G11/ROS_PC/install/robot_interfaces/include/robot_interfaces/robot_interfaces/msg/detail/pose__traits.hpp
[0.552s] -- Up-to-date: /home/lingc/ECE4191G11/ROS_PC/install/robot_interfaces/include/robot_interfaces/robot_interfaces/msg/detail/qr_data__builder.hpp
[0.552s] -- Up-to-date: /home/lingc/ECE4191G11/ROS_PC/install/robot_interfaces/include/robot_interfaces/robot_interfaces/msg/detail/obstacles__traits.hpp
[0.552s] -- Up-to-date: /home/lingc/ECE4191G11/ROS_PC/install/robot_interfaces/include/robot_interfaces/robot_interfaces/msg/detail/qr_data__traits.hpp
[0.552s] -- Up-to-date: /home/lingc/ECE4191G11/ROS_PC/install/robot_interfaces/include/robot_interfaces/robot_interfaces/msg/detail/obstacles__struct.hpp
[0.552s] -- Up-to-date: /home/lingc/ECE4191G11/ROS_PC/install/robot_interfaces/include/robot_interfaces/robot_interfaces/msg/detail/encoder_info__traits.hpp
[0.552s] -- Up-to-date: /home/lingc/ECE4191G11/ROS_PC/install/robot_interfaces/include/robot_interfaces/robot_interfaces/msg/detail/waypoint__traits.hpp
[0.552s] -- Up-to-date: /home/lingc/ECE4191G11/ROS_PC/install/robot_interfaces/include/robot_interfaces/robot_interfaces/msg/detail/distances__builder.hpp
[0.553s] -- Up-to-date: /home/lingc/ECE4191G11/ROS_PC/install/robot_interfaces/include/robot_interfaces/robot_interfaces/msg/detail/encoder_info__struct.hpp
[0.553s] -- Up-to-date: /home/lingc/ECE4191G11/ROS_PC/install/robot_interfaces/include/robot_interfaces/robot_interfaces/msg/detail/pose__struct.hpp
[0.553s] -- Up-to-date: /home/lingc/ECE4191G11/ROS_PC/install/robot_interfaces/include/robot_interfaces/robot_interfaces/msg/detail/des_state__traits.hpp
[0.553s] -- Up-to-date: /home/lingc/ECE4191G11/ROS_PC/install/robot_interfaces/include/robot_interfaces/robot_interfaces/msg/detail/des_state__struct.hpp
[0.553s] -- Up-to-date: /home/lingc/ECE4191G11/ROS_PC/install/robot_interfaces/include/robot_interfaces/robot_interfaces/msg/detail/distances__struct.hpp
[0.553s] -- Up-to-date: /home/lingc/ECE4191G11/ROS_PC/install/robot_interfaces/include/robot_interfaces/robot_interfaces/msg/detail/encoder_info__builder.hpp
[0.553s] -- Up-to-date: /home/lingc/ECE4191G11/ROS_PC/install/robot_interfaces/include/robot_interfaces/robot_interfaces/msg/detail/des_state__builder.hpp
[0.553s] -- Up-to-date: /home/lingc/ECE4191G11/ROS_PC/install/robot_interfaces/include/robot_interfaces/robot_interfaces/msg/distances.hpp
[0.553s] -- Up-to-date: /home/lingc/ECE4191G11/ROS_PC/install/robot_interfaces/include/robot_interfaces/robot_interfaces/msg/encoder_info.hpp
[0.553s] -- Up-to-date: /home/lingc/ECE4191G11/ROS_PC/install/robot_interfaces/include/robot_interfaces/robot_interfaces/msg/waypoint.hpp
[0.553s] -- Up-to-date: /home/lingc/ECE4191G11/ROS_PC/install/robot_interfaces/include/robot_interfaces/robot_interfaces/msg/pose.hpp
[0.553s] -- Up-to-date: /home/lingc/ECE4191G11/ROS_PC/install/robot_interfaces/include/robot_interfaces/robot_interfaces/msg/obstacles.hpp
[0.553s] -- Up-to-date: /home/lingc/ECE4191G11/ROS_PC/install/robot_interfaces/include/robot_interfaces/robot_interfaces/msg/qr_data.hpp
[0.553s] -- Up-to-date: /home/lingc/ECE4191G11/ROS_PC/install/robot_interfaces/include/robot_interfaces/robot_interfaces
[0.553s] -- Up-to-date: /home/lingc/ECE4191G11/ROS_PC/install/robot_interfaces/include/robot_interfaces/robot_interfaces/msg
[0.553s] -- Up-to-date: /home/lingc/ECE4191G11/ROS_PC/install/robot_interfaces/include/robot_interfaces/robot_interfaces/msg/detail
[0.553s] -- Up-to-date: /home/lingc/ECE4191G11/ROS_PC/install/robot_interfaces/include/robot_interfaces/robot_interfaces/msg/detail/obstacles__rosidl_typesupport_fastrtps_cpp.hpp
[0.554s] -- Up-to-date: /home/lingc/ECE4191G11/ROS_PC/install/robot_interfaces/include/robot_interfaces/robot_interfaces/msg/detail/qr_data__rosidl_typesupport_fastrtps_cpp.hpp
[0.554s] -- Up-to-date: /home/lingc/ECE4191G11/ROS_PC/install/robot_interfaces/include/robot_interfaces/robot_interfaces/msg/detail/encoder_info__rosidl_typesupport_fastrtps_cpp.hpp
[0.554s] -- Up-to-date: /home/lingc/ECE4191G11/ROS_PC/install/robot_interfaces/include/robot_interfaces/robot_interfaces/msg/detail/des_state__rosidl_typesupport_fastrtps_cpp.hpp
[0.554s] -- Up-to-date: /home/lingc/ECE4191G11/ROS_PC/install/robot_interfaces/include/robot_interfaces/robot_interfaces/msg/detail/pose__rosidl_typesupport_fastrtps_cpp.hpp
[0.554s] -- Up-to-date: /home/lingc/ECE4191G11/ROS_PC/install/robot_interfaces/include/robot_interfaces/robot_interfaces/msg/detail/waypoint__rosidl_typesupport_fastrtps_cpp.hpp
[0.554s] -- Up-to-date: /home/lingc/ECE4191G11/ROS_PC/install/robot_interfaces/include/robot_interfaces/robot_interfaces/msg/detail/dds_fastrtps
[0.554s] -- Up-to-date: /home/lingc/ECE4191G11/ROS_PC/install/robot_interfaces/include/robot_interfaces/robot_interfaces/msg/detail/distances__rosidl_typesupport_fastrtps_cpp.hpp
[0.554s] -- Up-to-date: /home/lingc/ECE4191G11/ROS_PC/install/robot_interfaces/include/robot_interfaces/robot_interfaces/msg/rosidl_typesupport_fastrtps_cpp__visibility_control.h
[0.554s] -- Up-to-date: /home/lingc/ECE4191G11/ROS_PC/install/robot_interfaces/lib/librobot_interfaces__rosidl_typesupport_fastrtps_cpp.so
[0.554s] -- Up-to-date: /home/lingc/ECE4191G11/ROS_PC/install/robot_interfaces/include/robot_interfaces/robot_interfaces
[0.554s] -- Up-to-date: /home/lingc/ECE4191G11/ROS_PC/install/robot_interfaces/include/robot_interfaces/robot_interfaces/msg
[0.554s] -- Up-to-date: /home/lingc/ECE4191G11/ROS_PC/install/robot_interfaces/include/robot_interfaces/robot_interfaces/msg/detail
[0.554s] -- Up-to-date: /home/lingc/ECE4191G11/ROS_PC/install/robot_interfaces/include/robot_interfaces/robot_interfaces/msg/detail/qr_data__type_support.cpp
[0.554s] -- Up-to-date: /home/lingc/ECE4191G11/ROS_PC/install/robot_interfaces/include/robot_interfaces/robot_interfaces/msg/detail/obstacles__type_support.cpp
[0.555s] -- Up-to-date: /home/lingc/ECE4191G11/ROS_PC/install/robot_interfaces/include/robot_interfaces/robot_interfaces/msg/detail/waypoint__rosidl_typesupport_introspection_cpp.hpp
[0.555s] -- Up-to-date: /home/lingc/ECE4191G11/ROS_PC/install/robot_interfaces/include/robot_interfaces/robot_interfaces/msg/detail/qr_data__rosidl_typesupport_introspection_cpp.hpp
[0.555s] -- Up-to-date: /home/lingc/ECE4191G11/ROS_PC/install/robot_interfaces/include/robot_interfaces/robot_interfaces/msg/detail/encoder_info__rosidl_typesupport_introspection_cpp.hpp
[0.555s] -- Up-to-date: /home/lingc/ECE4191G11/ROS_PC/install/robot_interfaces/include/robot_interfaces/robot_interfaces/msg/detail/encoder_info__type_support.cpp
[0.555s] -- Up-to-date: /home/lingc/ECE4191G11/ROS_PC/install/robot_interfaces/include/robot_interfaces/robot_interfaces/msg/detail/des_state__type_support.cpp
[0.555s] -- Up-to-date: /home/lingc/ECE4191G11/ROS_PC/install/robot_interfaces/include/robot_interfaces/robot_interfaces/msg/detail/distances__type_support.cpp
[0.555s] -- Up-to-date: /home/lingc/ECE4191G11/ROS_PC/install/robot_interfaces/include/robot_interfaces/robot_interfaces/msg/detail/pose__rosidl_typesupport_introspection_cpp.hpp
[0.555s] -- Up-to-date: /home/lingc/ECE4191G11/ROS_PC/install/robot_interfaces/include/robot_interfaces/robot_interfaces/msg/detail/obstacles__rosidl_typesupport_introspection_cpp.hpp
[0.555s] -- Up-to-date: /home/lingc/ECE4191G11/ROS_PC/install/robot_interfaces/include/robot_interfaces/robot_interfaces/msg/detail/distances__rosidl_typesupport_introspection_cpp.hpp
[0.555s] -- Up-to-date: /home/lingc/ECE4191G11/ROS_PC/install/robot_interfaces/include/robot_interfaces/robot_interfaces/msg/detail/pose__type_support.cpp
[0.555s] -- Up-to-date: /home/lingc/ECE4191G11/ROS_PC/install/robot_interfaces/include/robot_interfaces/robot_interfaces/msg/detail/des_state__rosidl_typesupport_introspection_cpp.hpp
[0.556s] -- Up-to-date: /home/lingc/ECE4191G11/ROS_PC/install/robot_interfaces/include/robot_interfaces/robot_interfaces/msg/detail/waypoint__type_support.cpp
[0.556s] -- Up-to-date: /home/lingc/ECE4191G11/ROS_PC/install/robot_interfaces/lib/librobot_interfaces__rosidl_typesupport_introspection_cpp.so
[0.556s] -- Up-to-date: /home/lingc/ECE4191G11/ROS_PC/install/robot_interfaces/lib/librobot_interfaces__rosidl_typesupport_cpp.so
[0.556s] -- Up-to-date: /home/lingc/ECE4191G11/ROS_PC/install/robot_interfaces/share/robot_interfaces/environment/pythonpath.sh
[0.556s] -- Up-to-date: /home/lingc/ECE4191G11/ROS_PC/install/robot_interfaces/share/robot_interfaces/environment/pythonpath.dsv
[0.556s] -- Up-to-date: /home/lingc/ECE4191G11/ROS_PC/install/robot_interfaces/local/lib/python3.10/dist-packages/robot_interfaces-0.0.0-py3.10.egg-info
[0.556s] -- Installing: /home/lingc/ECE4191G11/ROS_PC/install/robot_interfaces/local/lib/python3.10/dist-packages/robot_interfaces-0.0.0-py3.10.egg-info/dependency_links.txt
[0.556s] -- Installing: /home/lingc/ECE4191G11/ROS_PC/install/robot_interfaces/local/lib/python3.10/dist-packages/robot_interfaces-0.0.0-py3.10.egg-info/PKG-INFO
[0.556s] -- Installing: /home/lingc/ECE4191G11/ROS_PC/install/robot_interfaces/local/lib/python3.10/dist-packages/robot_interfaces-0.0.0-py3.10.egg-info/SOURCES.txt
[0.556s] -- Installing: /home/lingc/ECE4191G11/ROS_PC/install/robot_interfaces/local/lib/python3.10/dist-packages/robot_interfaces-0.0.0-py3.10.egg-info/top_level.txt
[0.556s] -- Up-to-date: /home/lingc/ECE4191G11/ROS_PC/install/robot_interfaces/local/lib/python3.10/dist-packages/robot_interfaces
[0.557s] -- Up-to-date: /home/lingc/ECE4191G11/ROS_PC/install/robot_interfaces/local/lib/python3.10/dist-packages/robot_interfaces/msg
[0.557s] -- Up-to-date: /home/lingc/ECE4191G11/ROS_PC/install/robot_interfaces/local/lib/python3.10/dist-packages/robot_interfaces/msg/_qr_data.py
[0.557s] -- Up-to-date: /home/lingc/ECE4191G11/ROS_PC/install/robot_interfaces/local/lib/python3.10/dist-packages/robot_interfaces/msg/_encoder_info_s.c
[0.557s] -- Up-to-date: /home/lingc/ECE4191G11/ROS_PC/install/robot_interfaces/local/lib/python3.10/dist-packages/robot_interfaces/msg/_qr_data_s.c
[0.557s] -- Up-to-date: /home/lingc/ECE4191G11/ROS_PC/install/robot_interfaces/local/lib/python3.10/dist-packages/robot_interfaces/msg/__init__.py
[0.557s] -- Up-to-date: /home/lingc/ECE4191G11/ROS_PC/install/robot_interfaces/local/lib/python3.10/dist-packages/robot_interfaces/msg/_obstacles.py
[0.557s] -- Up-to-date: /home/lingc/ECE4191G11/ROS_PC/install/robot_interfaces/local/lib/python3.10/dist-packages/robot_interfaces/msg/_des_state_s.c
[0.557s] -- Up-to-date: /home/lingc/ECE4191G11/ROS_PC/install/robot_interfaces/local/lib/python3.10/dist-packages/robot_interfaces/msg/_des_state.py
[0.557s] -- Up-to-date: /home/lingc/ECE4191G11/ROS_PC/install/robot_interfaces/local/lib/python3.10/dist-packages/robot_interfaces/msg/_pose_s.c
[0.557s] -- Up-to-date: /home/lingc/ECE4191G11/ROS_PC/install/robot_interfaces/local/lib/python3.10/dist-packages/robot_interfaces/msg/_distances.py
[0.557s] -- Up-to-date: /home/lingc/ECE4191G11/ROS_PC/install/robot_interfaces/local/lib/python3.10/dist-packages/robot_interfaces/msg/_waypoint.py
[0.557s] -- Up-to-date: /home/lingc/ECE4191G11/ROS_PC/install/robot_interfaces/local/lib/python3.10/dist-packages/robot_interfaces/msg/_waypoint_s.c
[0.557s] -- Up-to-date: /home/lingc/ECE4191G11/ROS_PC/install/robot_interfaces/local/lib/python3.10/dist-packages/robot_interfaces/msg/_distances_s.c
[0.557s] -- Up-to-date: /home/lingc/ECE4191G11/ROS_PC/install/robot_interfaces/local/lib/python3.10/dist-packages/robot_interfaces/msg/_obstacles_s.c
[0.557s] -- Up-to-date: /home/lingc/ECE4191G11/ROS_PC/install/robot_interfaces/local/lib/python3.10/dist-packages/robot_interfaces/msg/_encoder_info.py
[0.558s] -- Up-to-date: /home/lingc/ECE4191G11/ROS_PC/install/robot_interfaces/local/lib/python3.10/dist-packages/robot_interfaces/msg/_pose.py
[0.558s] -- Up-to-date: /home/lingc/ECE4191G11/ROS_PC/install/robot_interfaces/local/lib/python3.10/dist-packages/robot_interfaces/__init__.py
[0.558s] -- Up-to-date: /home/lingc/ECE4191G11/ROS_PC/install/robot_interfaces/local/lib/python3.10/dist-packages/robot_interfaces/librobot_interfaces__rosidl_generator_py.so
[0.558s] -- Up-to-date: /home/lingc/ECE4191G11/ROS_PC/install/robot_interfaces/local/lib/python3.10/dist-packages/robot_interfaces/_robot_interfaces_s.ep.rosidl_typesupport_introspection_c.c
[0.558s] -- Up-to-date: /home/lingc/ECE4191G11/ROS_PC/install/robot_interfaces/local/lib/python3.10/dist-packages/robot_interfaces/_robot_interfaces_s.ep.rosidl_typesupport_fastrtps_c.c
[0.558s] -- Up-to-date: /home/lingc/ECE4191G11/ROS_PC/install/robot_interfaces/local/lib/python3.10/dist-packages/robot_interfaces/_robot_interfaces_s.ep.rosidl_typesupport_c.c
[0.558s] -- Up-to-date: /home/lingc/ECE4191G11/ROS_PC/install/robot_interfaces/local/lib/python3.10/dist-packages/robot_interfaces/robot_interfaces_s__rosidl_typesupport_introspection_c.cpython-310-x86_64-linux-gnu.so
[0.558s] -- Up-to-date: /home/lingc/ECE4191G11/ROS_PC/install/robot_interfaces/local/lib/python3.10/dist-packages/robot_interfaces/robot_interfaces_s__rosidl_typesupport_c.cpython-310-x86_64-linux-gnu.so
[0.558s] -- Up-to-date: /home/lingc/ECE4191G11/ROS_PC/install/robot_interfaces/local/lib/python3.10/dist-packages/robot_interfaces/robot_interfaces_s__rosidl_typesupport_fastrtps_c.cpython-310-x86_64-linux-gnu.so
[0.581s] Listing '/home/lingc/ECE4191G11/ROS_PC/install/robot_interfaces/local/lib/python3.10/dist-packages/robot_interfaces'...
[0.581s] Listing '/home/lingc/ECE4191G11/ROS_PC/install/robot_interfaces/local/lib/python3.10/dist-packages/robot_interfaces/msg'...
[0.586s] -- Up-to-date: /home/lingc/ECE4191G11/ROS_PC/install/robot_interfaces/local/lib/python3.10/dist-packages/robot_interfaces/robot_interfaces_s__rosidl_typesupport_fastrtps_c.cpython-310-x86_64-linux-gnu.so
[0.586s] -- Up-to-date: /home/lingc/ECE4191G11/ROS_PC/install/robot_interfaces/local/lib/python3.10/dist-packages/robot_interfaces/robot_interfaces_s__rosidl_typesupport_introspection_c.cpython-310-x86_64-linux-gnu.so
[0.586s] -- Up-to-date: /home/lingc/ECE4191G11/ROS_PC/install/robot_interfaces/local/lib/python3.10/dist-packages/robot_interfaces/robot_interfaces_s__rosidl_typesupport_c.cpython-310-x86_64-linux-gnu.so
[0.587s] -- Up-to-date: /home/lingc/ECE4191G11/ROS_PC/install/robot_interfaces/lib/librobot_interfaces__rosidl_generator_py.so
[0.587s] -- Up-to-date: /home/lingc/ECE4191G11/ROS_PC/install/robot_interfaces/share/robot_interfaces/msg/DesState.idl
[0.588s] -- Up-to-date: /home/lingc/ECE4191G11/ROS_PC/install/robot_interfaces/share/robot_interfaces/msg/Pose.idl
[0.588s] -- Up-to-date: /home/lingc/ECE4191G11/ROS_PC/install/robot_interfaces/share/robot_interfaces/msg/Distances.idl
[0.588s] -- Up-to-date: /home/lingc/ECE4191G11/ROS_PC/install/robot_interfaces/share/robot_interfaces/msg/EncoderInfo.idl
[0.588s] -- Up-to-date: /home/lingc/ECE4191G11/ROS_PC/install/robot_interfaces/share/robot_interfaces/msg/Obstacles.idl
[0.588s] -- Up-to-date: /home/lingc/ECE4191G11/ROS_PC/install/robot_interfaces/share/robot_interfaces/msg/QRData.idl
[0.588s] -- Up-to-date: /home/lingc/ECE4191G11/ROS_PC/install/robot_interfaces/share/robot_interfaces/msg/DesState.msg
[0.589s] -- Up-to-date: /home/lingc/ECE4191G11/ROS_PC/install/robot_interfaces/share/robot_interfaces/msg/Pose.msg
[0.589s] -- Up-to-date: /home/lingc/ECE4191G11/ROS_PC/install/robot_interfaces/share/robot_interfaces/msg/Distances.msg
[0.589s] -- Up-to-date: /home/lingc/ECE4191G11/ROS_PC/install/robot_interfaces/share/robot_interfaces/msg/EncoderInfo.msg
[0.589s] -- Up-to-date: /home/lingc/ECE4191G11/ROS_PC/install/robot_interfaces/share/robot_interfaces/msg/Obstacles.msg
[0.589s] -- Up-to-date: /home/lingc/ECE4191G11/ROS_PC/install/robot_interfaces/share/robot_interfaces/msg/QRData.msg
[0.589s] -- Up-to-date: /home/lingc/ECE4191G11/ROS_PC/install/robot_interfaces/share/ament_index/resource_index/package_run_dependencies/robot_interfaces
[0.589s] -- Up-to-date: /home/lingc/ECE4191G11/ROS_PC/install/robot_interfaces/share/ament_index/resource_index/parent_prefix_path/robot_interfaces
[0.589s] -- Up-to-date: /home/lingc/ECE4191G11/ROS_PC/install/robot_interfaces/share/robot_interfaces/environment/ament_prefix_path.sh
[0.589s] -- Up-to-date: /home/lingc/ECE4191G11/ROS_PC/install/robot_interfaces/share/robot_interfaces/environment/ament_prefix_path.dsv
[0.589s] -- Up-to-date: /home/lingc/ECE4191G11/ROS_PC/install/robot_interfaces/share/robot_interfaces/environment/path.sh
[0.590s] -- Up-to-date: /home/lingc/ECE4191G11/ROS_PC/install/robot_interfaces/share/robot_interfaces/environment/path.dsv
[0.590s] -- Up-to-date: /home/lingc/ECE4191G11/ROS_PC/install/robot_interfaces/share/robot_interfaces/local_setup.bash
[0.590s] -- Up-to-date: /home/lingc/ECE4191G11/ROS_PC/install/robot_interfaces/share/robot_interfaces/local_setup.sh
[0.590s] -- Up-to-date: /home/lingc/ECE4191G11/ROS_PC/install/robot_interfaces/share/robot_interfaces/local_setup.zsh
[0.590s] -- Up-to-date: /home/lingc/ECE4191G11/ROS_PC/install/robot_interfaces/share/robot_interfaces/local_setup.dsv
[0.590s] -- Installing: /home/lingc/ECE4191G11/ROS_PC/install/robot_interfaces/share/robot_interfaces/package.dsv
[0.590s] -- Up-to-date: /home/lingc/ECE4191G11/ROS_PC/install/robot_interfaces/share/ament_index/resource_index/packages/robot_interfaces
[0.590s] -- Up-to-date: /home/lingc/ECE4191G11/ROS_PC/install/robot_interfaces/share/robot_interfaces/cmake/export_robot_interfaces__rosidl_generator_cExport.cmake
[0.590s] -- Up-to-date: /home/lingc/ECE4191G11/ROS_PC/install/robot_interfaces/share/robot_interfaces/cmake/export_robot_interfaces__rosidl_generator_cExport-noconfig.cmake
[0.590s] -- Up-to-date: /home/lingc/ECE4191G11/ROS_PC/install/robot_interfaces/share/robot_interfaces/cmake/export_robot_interfaces__rosidl_typesupport_fastrtps_cExport.cmake
[0.590s] -- Up-to-date: /home/lingc/ECE4191G11/ROS_PC/install/robot_interfaces/share/robot_interfaces/cmake/export_robot_interfaces__rosidl_typesupport_fastrtps_cExport-noconfig.cmake
[0.591s] -- Up-to-date: /home/lingc/ECE4191G11/ROS_PC/install/robot_interfaces/share/robot_interfaces/cmake/robot_interfaces__rosidl_typesupport_introspection_cExport.cmake
[0.591s] -- Up-to-date: /home/lingc/ECE4191G11/ROS_PC/install/robot_interfaces/share/robot_interfaces/cmake/robot_interfaces__rosidl_typesupport_introspection_cExport-noconfig.cmake
[0.591s] -- Up-to-date: /home/lingc/ECE4191G11/ROS_PC/install/robot_interfaces/share/robot_interfaces/cmake/robot_interfaces__rosidl_typesupport_cExport.cmake
[0.591s] -- Up-to-date: /home/lingc/ECE4191G11/ROS_PC/install/robot_interfaces/share/robot_interfaces/cmake/robot_interfaces__rosidl_typesupport_cExport-noconfig.cmake
[0.591s] -- Up-to-date: /home/lingc/ECE4191G11/ROS_PC/install/robot_interfaces/share/robot_interfaces/cmake/export_robot_interfaces__rosidl_generator_cppExport.cmake
[0.591s] -- Up-to-date: /home/lingc/ECE4191G11/ROS_PC/install/robot_interfaces/share/robot_interfaces/cmake/export_robot_interfaces__rosidl_typesupport_fastrtps_cppExport.cmake
[0.591s] -- Up-to-date: /home/lingc/ECE4191G11/ROS_PC/install/robot_interfaces/share/robot_interfaces/cmake/export_robot_interfaces__rosidl_typesupport_fastrtps_cppExport-noconfig.cmake
[0.591s] -- Up-to-date: /home/lingc/ECE4191G11/ROS_PC/install/robot_interfaces/share/robot_interfaces/cmake/robot_interfaces__rosidl_typesupport_introspection_cppExport.cmake
[0.591s] -- Up-to-date: /home/lingc/ECE4191G11/ROS_PC/install/robot_interfaces/share/robot_interfaces/cmake/robot_interfaces__rosidl_typesupport_introspection_cppExport-noconfig.cmake
[0.591s] -- Up-to-date: /home/lingc/ECE4191G11/ROS_PC/install/robot_interfaces/share/robot_interfaces/cmake/robot_interfaces__rosidl_typesupport_cppExport.cmake
[0.591s] -- Up-to-date: /home/lingc/ECE4191G11/ROS_PC/install/robot_interfaces/share/robot_interfaces/cmake/robot_interfaces__rosidl_typesupport_cppExport-noconfig.cmake
[0.591s] -- Up-to-date: /home/lingc/ECE4191G11/ROS_PC/install/robot_interfaces/share/robot_interfaces/cmake/export_robot_interfaces__rosidl_generator_pyExport.cmake
[0.591s] -- Up-to-date: /home/lingc/ECE4191G11/ROS_PC/install/robot_interfaces/share/robot_interfaces/cmake/export_robot_interfaces__rosidl_generator_pyExport-noconfig.cmake
[0.591s] -- Up-to-date: /home/lingc/ECE4191G11/ROS_PC/install/robot_interfaces/share/robot_interfaces/cmake/rosidl_cmake-extras.cmake
[0.592s] -- Up-to-date: /home/lingc/ECE4191G11/ROS_PC/install/robot_interfaces/share/robot_interfaces/cmake/ament_cmake_export_include_directories-extras.cmake
[0.592s] -- Up-to-date: /home/lingc/ECE4191G11/ROS_PC/install/robot_interfaces/share/robot_interfaces/cmake/ament_cmake_export_libraries-extras.cmake
[0.592s] -- Up-to-date: /home/lingc/ECE4191G11/ROS_PC/install/robot_interfaces/share/robot_interfaces/cmake/ament_cmake_export_targets-extras.cmake
[0.592s] -- Up-to-date: /home/lingc/ECE4191G11/ROS_PC/install/robot_interfaces/share/robot_interfaces/cmake/rosidl_cmake_export_typesupport_targets-extras.cmake
[0.592s] -- Up-to-date: /home/lingc/ECE4191G11/ROS_PC/install/robot_interfaces/share/robot_interfaces/cmake/ament_cmake_export_dependencies-extras.cmake
[0.592s] -- Up-to-date: /home/lingc/ECE4191G11/ROS_PC/install/robot_interfaces/share/robot_interfaces/cmake/rosidl_cmake_export_typesupport_libraries-extras.cmake
[0.592s] -- Up-to-date: /home/lingc/ECE4191G11/ROS_PC/install/robot_interfaces/share/robot_interfaces/cmake/robot_interfacesConfig.cmake
[0.592s] -- Up-to-date: /home/lingc/ECE4191G11/ROS_PC/install/robot_interfaces/share/robot_interfaces/cmake/robot_interfacesConfig-version.cmake
[0.592s] -- Up-to-date: /home/lingc/ECE4191G11/ROS_PC/install/robot_interfaces/share/robot_interfaces/package.xml
[0.593s] Invoked command in '/home/lingc/ECE4191G11/ROS_PC/build/robot_interfaces' returned '0': CMAKE_PREFIX_PATH=${CMAKE_PREFIX_PATH}:/home/lingc/ECE4191G11/ROS_PC/install/robot_controller:/opt/ros/humble /usr/bin/cmake --install /home/lingc/ECE4191G11/ROS_PC/build/robot_interfaces
