[4.131s] Invoking command in '/home/rpi-team11/ECE4191G11/ROS_Pi/src/robot_controller': CMAKE_PREFIX_PATH=/home/rpi-team11/ECE4191G11/ROS_Pi/install/robot_interfaces:/home/rpi-team11/ECE4191G11/ROS_Pi/install/robot_launch PYTHONPATH=/home/rpi-team11/ECE4191G11/ROS_Pi/build/robot_controller/prefix_override:/home/rpi-team11/ECE4191G11/ROS_Pi/install/robot_controller/lib/python3.10/site-packages:${PYTHONPATH} /usr/bin/python3 setup.py egg_info --egg-base ../../build/robot_controller build --build-base /home/rpi-team11/ECE4191G11/ROS_Pi/build/robot_controller/build install --record /home/rpi-team11/ECE4191G11/ROS_Pi/build/robot_controller/install.log --single-version-externally-managed
[5.954s] running egg_info
[5.957s] writing ../../build/robot_controller/robot_controller.egg-info/PKG-INFO
[5.960s] writing dependency_links to ../../build/robot_controller/robot_controller.egg-info/dependency_links.txt
[5.961s] writing entry points to ../../build/robot_controller/robot_controller.egg-info/entry_points.txt
[5.962s] writing requirements to ../../build/robot_controller/robot_controller.egg-info/requires.txt
[5.962s] writing top-level names to ../../build/robot_controller/robot_controller.egg-info/top_level.txt
[5.973s] reading manifest file '../../build/robot_controller/robot_controller.egg-info/SOURCES.txt'
[5.978s] writing manifest file '../../build/robot_controller/robot_controller.egg-info/SOURCES.txt'
[5.979s] running build
[5.980s] running build_py
[5.983s] copying robot_controller/robot.py -> /home/rpi-team11/ECE4191G11/ROS_Pi/build/robot_controller/build/lib/robot_controller
[5.985s] running install
[5.986s] running install_lib
[5.993s] copying /home/rpi-team11/ECE4191G11/ROS_Pi/build/robot_controller/build/lib/robot_controller/robot.py -> /home/rpi-team11/ECE4191G11/ROS_Pi/install/robot_controller/lib/python3.10/site-packages/robot_controller
[5.998s] byte-compiling /home/rpi-team11/ECE4191G11/ROS_Pi/install/robot_controller/lib/python3.10/site-packages/robot_controller/robot.py to robot.cpython-310.pyc
[6.010s] running install_data
[6.013s] running install_egg_info
[6.020s] removing '/home/rpi-team11/ECE4191G11/ROS_Pi/install/robot_controller/lib/python3.10/site-packages/robot_controller-0.0.0-py3.10.egg-info' (and everything under it)
[6.022s] Copying ../../build/robot_controller/robot_controller.egg-info to /home/rpi-team11/ECE4191G11/ROS_Pi/install/robot_controller/lib/python3.10/site-packages/robot_controller-0.0.0-py3.10.egg-info
[6.031s] running install_scripts
[6.126s] Installing encoder_node script to /home/rpi-team11/ECE4191G11/ROS_Pi/install/robot_controller/lib/robot_controller
[6.127s] Installing robot_node script to /home/rpi-team11/ECE4191G11/ROS_Pi/install/robot_controller/lib/robot_controller
[6.130s] writing list of installed files to '/home/rpi-team11/ECE4191G11/ROS_Pi/build/robot_controller/install.log'
[6.285s] Invoked command in '/home/rpi-team11/ECE4191G11/ROS_Pi/src/robot_controller' returned '0': CMAKE_PREFIX_PATH=/home/rpi-team11/ECE4191G11/ROS_Pi/install/robot_interfaces:/home/rpi-team11/ECE4191G11/ROS_Pi/install/robot_launch PYTHONPATH=/home/rpi-team11/ECE4191G11/ROS_Pi/build/robot_controller/prefix_override:/home/rpi-team11/ECE4191G11/ROS_Pi/install/robot_controller/lib/python3.10/site-packages:${PYTHONPATH} /usr/bin/python3 setup.py egg_info --egg-base ../../build/robot_controller build --build-base /home/rpi-team11/ECE4191G11/ROS_Pi/build/robot_controller/build install --record /home/rpi-team11/ECE4191G11/ROS_Pi/build/robot_controller/install.log --single-version-externally-managed
