[1.235s] Invoking command in '/home/lingc/ECE4191G11/ROS/src/robot_controller': CMAKE_PREFIX_PATH=/home/lingc/ECE4191G11/ROS/install/robot_interfaces:/home/lingc/ECE4191G11/ROS/install/robot_launch PYTHONPATH=/home/lingc/ECE4191G11/ROS/build/robot_controller/prefix_override:/home/lingc/ECE4191G11/ROS/install/robot_controller/lib/python3.10/site-packages:${PYTHONPATH} /usr/bin/python3 setup.py egg_info --egg-base ../../build/robot_controller build --build-base /home/lingc/ECE4191G11/ROS/build/robot_controller/build install --record /home/lingc/ECE4191G11/ROS/build/robot_controller/install.log --single-version-externally-managed
[1.561s] running egg_info
[1.561s] writing ../../build/robot_controller/robot_controller.egg-info/PKG-INFO
[1.586s] writing dependency_links to ../../build/robot_controller/robot_controller.egg-info/dependency_links.txt
[1.590s] writing entry points to ../../build/robot_controller/robot_controller.egg-info/entry_points.txt
[1.590s] writing requirements to ../../build/robot_controller/robot_controller.egg-info/requires.txt
[1.590s] writing top-level names to ../../build/robot_controller/robot_controller.egg-info/top_level.txt
[1.591s] reading manifest file '../../build/robot_controller/robot_controller.egg-info/SOURCES.txt'
[1.600s] writing manifest file '../../build/robot_controller/robot_controller.egg-info/SOURCES.txt'
[1.611s] running build
[1.612s] running build_py
[1.612s] copying robot_controller/path_planner.py -> /home/lingc/ECE4191G11/ROS/build/robot_controller/build/lib/robot_controller
[1.613s] running install
[1.613s] running install_lib
[1.615s] copying /home/lingc/ECE4191G11/ROS/build/robot_controller/build/lib/robot_controller/path_planner.py -> /home/lingc/ECE4191G11/ROS/install/robot_controller/lib/python3.10/site-packages/robot_controller
[1.618s] byte-compiling /home/lingc/ECE4191G11/ROS/install/robot_controller/lib/python3.10/site-packages/robot_controller/path_planner.py to path_planner.cpython-310.pyc
[1.618s] running install_data
[1.619s] running install_egg_info
[1.622s] removing '/home/lingc/ECE4191G11/ROS/install/robot_controller/lib/python3.10/site-packages/robot_controller-0.0.0-py3.10.egg-info' (and everything under it)
[1.623s] Copying ../../build/robot_controller/robot_controller.egg-info to /home/lingc/ECE4191G11/ROS/install/robot_controller/lib/python3.10/site-packages/robot_controller-0.0.0-py3.10.egg-info
[1.634s] running install_scripts
[1.656s] Installing drive_node script to /home/lingc/ECE4191G11/ROS/install/robot_controller/lib/robot_controller
[1.659s] Installing encoder_node script to /home/lingc/ECE4191G11/ROS/install/robot_controller/lib/robot_controller
[1.660s] Installing manual_waypoint_node script to /home/lingc/ECE4191G11/ROS/install/robot_controller/lib/robot_controller
[1.660s] Installing path_planner_node script to /home/lingc/ECE4191G11/ROS/install/robot_controller/lib/robot_controller
[1.662s] Installing ultrasonic_node script to /home/lingc/ECE4191G11/ROS/install/robot_controller/lib/robot_controller
[1.664s] writing list of installed files to '/home/lingc/ECE4191G11/ROS/build/robot_controller/install.log'
[1.700s] Invoked command in '/home/lingc/ECE4191G11/ROS/src/robot_controller' returned '0': CMAKE_PREFIX_PATH=/home/lingc/ECE4191G11/ROS/install/robot_interfaces:/home/lingc/ECE4191G11/ROS/install/robot_launch PYTHONPATH=/home/lingc/ECE4191G11/ROS/build/robot_controller/prefix_override:/home/lingc/ECE4191G11/ROS/install/robot_controller/lib/python3.10/site-packages:${PYTHONPATH} /usr/bin/python3 setup.py egg_info --egg-base ../../build/robot_controller build --build-base /home/lingc/ECE4191G11/ROS/build/robot_controller/build install --record /home/lingc/ECE4191G11/ROS/build/robot_controller/install.log --single-version-externally-managed
