[0.058s] Invoking command in '/home/rpi-team11/ECE4191G11/ROS/build/robot_interfaces': CMAKE_PREFIX_PATH=${CMAKE_PREFIX_PATH}:/home/rpi-team11/ECE4191G11/ROS/install/robot_controller:/opt/ros/humble /usr/bin/cmake --build /home/rpi-team11/ECE4191G11/ROS/build/robot_interfaces -- -j4 -l4
[0.266s] [  1%] Built target robot_interfaces__cpp
[0.397s] [  1%] Built target ament_cmake_python_copy_robot_interfaces
[0.494s] [ 12%] Built target robot_interfaces__rosidl_typesupport_introspection_cpp
[0.590s] [ 23%] Built target robot_interfaces__rosidl_typesupport_cpp
[1.719s] running egg_info
[1.722s] writing robot_interfaces.egg-info/PKG-INFO
[1.723s] writing dependency_links to robot_interfaces.egg-info/dependency_links.txt
[1.724s] writing top-level names to robot_interfaces.egg-info/top_level.txt
[1.734s] reading manifest file 'robot_interfaces.egg-info/SOURCES.txt'
[1.737s] writing manifest file 'robot_interfaces.egg-info/SOURCES.txt'
[1.858s] [ 23%] Built target ament_cmake_python_build_robot_interfaces_egg
[1.955s] [ 34%] Built target robot_interfaces__rosidl_typesupport_fastrtps_cpp
[2.043s] [ 45%] Built target robot_interfaces__rosidl_generator_c
[2.139s] [ 56%] Built target robot_interfaces__rosidl_typesupport_fastrtps_c
[2.232s] [ 67%] Built target robot_interfaces__rosidl_typesupport_c
[2.320s] [ 78%] Built target robot_interfaces__rosidl_typesupport_introspection_c
[2.403s] [ 78%] Built target robot_interfaces
[2.492s] [ 80%] Built target robot_interfaces__py
[2.587s] [ 89%] Built target robot_interfaces__rosidl_generator_py
[2.680s] [ 92%] Built target robot_interfaces__rosidl_typesupport_fastrtps_c__pyext
[2.773s] [ 96%] Built target robot_interfaces__rosidl_typesupport_c__pyext
[2.865s] [100%] Built target robot_interfaces__rosidl_typesupport_introspection_c__pyext
[2.908s] Invoked command in '/home/rpi-team11/ECE4191G11/ROS/build/robot_interfaces' returned '0': CMAKE_PREFIX_PATH=${CMAKE_PREFIX_PATH}:/home/rpi-team11/ECE4191G11/ROS/install/robot_controller:/opt/ros/humble /usr/bin/cmake --build /home/rpi-team11/ECE4191G11/ROS/build/robot_interfaces -- -j4 -l4
[3.712s] Invoking command in '/home/rpi-team11/ECE4191G11/ROS/build/robot_interfaces': CMAKE_PREFIX_PATH=${CMAKE_PREFIX_PATH}:/home/rpi-team11/ECE4191G11/ROS/install/robot_controller:/opt/ros/humble /usr/bin/cmake --install /home/rpi-team11/ECE4191G11/ROS/build/robot_interfaces
[3.741s] -- Install configuration: ""
[3.741s] -- Up-to-date: /home/rpi-team11/ECE4191G11/ROS/install/robot_interfaces/share/ament_index/resource_index/rosidl_interfaces/robot_interfaces
[3.742s] -- Up-to-date: /home/rpi-team11/ECE4191G11/ROS/install/robot_interfaces/include/robot_interfaces/robot_interfaces
[3.742s] -- Up-to-date: /home/rpi-team11/ECE4191G11/ROS/install/robot_interfaces/include/robot_interfaces/robot_interfaces/msg
[3.742s] -- Up-to-date: /home/rpi-team11/ECE4191G11/ROS/install/robot_interfaces/include/robot_interfaces/robot_interfaces/msg/waypoint.h
[3.743s] -- Up-to-date: /home/rpi-team11/ECE4191G11/ROS/install/robot_interfaces/include/robot_interfaces/robot_interfaces/msg/detail
[3.743s] -- Up-to-date: /home/rpi-team11/ECE4191G11/ROS/install/robot_interfaces/include/robot_interfaces/robot_interfaces/msg/detail/waypoint__struct.h
[3.744s] -- Up-to-date: /home/rpi-team11/ECE4191G11/ROS/install/robot_interfaces/include/robot_interfaces/robot_interfaces/msg/detail/waypoint__functions.c
[3.744s] -- Up-to-date: /home/rpi-team11/ECE4191G11/ROS/install/robot_interfaces/include/robot_interfaces/robot_interfaces/msg/detail/pose__struct.h
[3.745s] -- Up-to-date: /home/rpi-team11/ECE4191G11/ROS/install/robot_interfaces/include/robot_interfaces/robot_interfaces/msg/detail/distances__type_support.h
[3.746s] -- Up-to-date: /home/rpi-team11/ECE4191G11/ROS/install/robot_interfaces/include/robot_interfaces/robot_interfaces/msg/detail/distances__functions.h
[3.746s] -- Up-to-date: /home/rpi-team11/ECE4191G11/ROS/install/robot_interfaces/include/robot_interfaces/robot_interfaces/msg/detail/waypoint__functions.h
[3.747s] -- Up-to-date: /home/rpi-team11/ECE4191G11/ROS/install/robot_interfaces/include/robot_interfaces/robot_interfaces/msg/detail/waypoint__type_support.h
[3.748s] -- Up-to-date: /home/rpi-team11/ECE4191G11/ROS/install/robot_interfaces/include/robot_interfaces/robot_interfaces/msg/detail/encoder_info__functions.c
[3.749s] -- Up-to-date: /home/rpi-team11/ECE4191G11/ROS/install/robot_interfaces/include/robot_interfaces/robot_interfaces/msg/detail/encoder_info__functions.h
[3.750s] -- Up-to-date: /home/rpi-team11/ECE4191G11/ROS/install/robot_interfaces/include/robot_interfaces/robot_interfaces/msg/detail/encoder_info__struct.h
[3.750s] -- Up-to-date: /home/rpi-team11/ECE4191G11/ROS/install/robot_interfaces/include/robot_interfaces/robot_interfaces/msg/detail/distances__struct.h
[3.750s] -- Up-to-date: /home/rpi-team11/ECE4191G11/ROS/install/robot_interfaces/include/robot_interfaces/robot_interfaces/msg/detail/distances__functions.c
[3.751s] -- Up-to-date: /home/rpi-team11/ECE4191G11/ROS/install/robot_interfaces/include/robot_interfaces/robot_interfaces/msg/detail/encoder_info__type_support.h
[3.751s] -- Up-to-date: /home/rpi-team11/ECE4191G11/ROS/install/robot_interfaces/include/robot_interfaces/robot_interfaces/msg/detail/pose__type_support.h
[3.752s] -- Up-to-date: /home/rpi-team11/ECE4191G11/ROS/install/robot_interfaces/include/robot_interfaces/robot_interfaces/msg/detail/pose__functions.h
[3.752s] -- Up-to-date: /home/rpi-team11/ECE4191G11/ROS/install/robot_interfaces/include/robot_interfaces/robot_interfaces/msg/detail/pose__functions.c
[3.752s] -- Up-to-date: /home/rpi-team11/ECE4191G11/ROS/install/robot_interfaces/include/robot_interfaces/robot_interfaces/msg/pose.h
[3.753s] -- Up-to-date: /home/rpi-team11/ECE4191G11/ROS/install/robot_interfaces/include/robot_interfaces/robot_interfaces/msg/encoder_info.h
[3.753s] -- Up-to-date: /home/rpi-team11/ECE4191G11/ROS/install/robot_interfaces/include/robot_interfaces/robot_interfaces/msg/rosidl_generator_c__visibility_control.h
[3.754s] -- Up-to-date: /home/rpi-team11/ECE4191G11/ROS/install/robot_interfaces/include/robot_interfaces/robot_interfaces/msg/distances.h
[3.754s] -- Up-to-date: /home/rpi-team11/ECE4191G11/ROS/install/robot_interfaces/share/robot_interfaces/environment/library_path.sh
[3.755s] -- Up-to-date: /home/rpi-team11/ECE4191G11/ROS/install/robot_interfaces/share/robot_interfaces/environment/library_path.dsv
[3.755s] -- Up-to-date: /home/rpi-team11/ECE4191G11/ROS/install/robot_interfaces/lib/librobot_interfaces__rosidl_generator_c.so
[3.756s] -- Up-to-date: /home/rpi-team11/ECE4191G11/ROS/install/robot_interfaces/include/robot_interfaces/robot_interfaces
[3.756s] -- Up-to-date: /home/rpi-team11/ECE4191G11/ROS/install/robot_interfaces/include/robot_interfaces/robot_interfaces/msg
[3.756s] -- Up-to-date: /home/rpi-team11/ECE4191G11/ROS/install/robot_interfaces/include/robot_interfaces/robot_interfaces/msg/rosidl_typesupport_fastrtps_c__visibility_control.h
[3.757s] -- Up-to-date: /home/rpi-team11/ECE4191G11/ROS/install/robot_interfaces/include/robot_interfaces/robot_interfaces/msg/detail
[3.757s] -- Up-to-date: /home/rpi-team11/ECE4191G11/ROS/install/robot_interfaces/include/robot_interfaces/robot_interfaces/msg/detail/distances__rosidl_typesupport_fastrtps_c.h
[3.757s] -- Up-to-date: /home/rpi-team11/ECE4191G11/ROS/install/robot_interfaces/include/robot_interfaces/robot_interfaces/msg/detail/waypoint__rosidl_typesupport_fastrtps_c.h
[3.758s] -- Up-to-date: /home/rpi-team11/ECE4191G11/ROS/install/robot_interfaces/include/robot_interfaces/robot_interfaces/msg/detail/pose__rosidl_typesupport_fastrtps_c.h
[3.758s] -- Up-to-date: /home/rpi-team11/ECE4191G11/ROS/install/robot_interfaces/include/robot_interfaces/robot_interfaces/msg/detail/encoder_info__rosidl_typesupport_fastrtps_c.h
[3.758s] -- Up-to-date: /home/rpi-team11/ECE4191G11/ROS/install/robot_interfaces/lib/librobot_interfaces__rosidl_typesupport_fastrtps_c.so
[3.759s] -- Up-to-date: /home/rpi-team11/ECE4191G11/ROS/install/robot_interfaces/include/robot_interfaces/robot_interfaces
[3.760s] -- Up-to-date: /home/rpi-team11/ECE4191G11/ROS/install/robot_interfaces/include/robot_interfaces/robot_interfaces/msg
[3.761s] -- Up-to-date: /home/rpi-team11/ECE4191G11/ROS/install/robot_interfaces/include/robot_interfaces/robot_interfaces/msg/detail
[3.761s] -- Up-to-date: /home/rpi-team11/ECE4191G11/ROS/install/robot_interfaces/include/robot_interfaces/robot_interfaces/msg/detail/distances__type_support.c
[3.762s] -- Up-to-date: /home/rpi-team11/ECE4191G11/ROS/install/robot_interfaces/include/robot_interfaces/robot_interfaces/msg/detail/encoder_info__rosidl_typesupport_introspection_c.h
[3.762s] -- Up-to-date: /home/rpi-team11/ECE4191G11/ROS/install/robot_interfaces/include/robot_interfaces/robot_interfaces/msg/detail/pose__rosidl_typesupport_introspection_c.h
[3.763s] -- Up-to-date: /home/rpi-team11/ECE4191G11/ROS/install/robot_interfaces/include/robot_interfaces/robot_interfaces/msg/detail/distances__rosidl_typesupport_introspection_c.h
[3.764s] -- Up-to-date: /home/rpi-team11/ECE4191G11/ROS/install/robot_interfaces/include/robot_interfaces/robot_interfaces/msg/detail/pose__type_support.c
[3.764s] -- Up-to-date: /home/rpi-team11/ECE4191G11/ROS/install/robot_interfaces/include/robot_interfaces/robot_interfaces/msg/detail/waypoint__type_support.c
[3.765s] -- Up-to-date: /home/rpi-team11/ECE4191G11/ROS/install/robot_interfaces/include/robot_interfaces/robot_interfaces/msg/detail/encoder_info__type_support.c
[3.765s] -- Up-to-date: /home/rpi-team11/ECE4191G11/ROS/install/robot_interfaces/include/robot_interfaces/robot_interfaces/msg/detail/waypoint__rosidl_typesupport_introspection_c.h
[3.765s] -- Up-to-date: /home/rpi-team11/ECE4191G11/ROS/install/robot_interfaces/include/robot_interfaces/robot_interfaces/msg/rosidl_typesupport_introspection_c__visibility_control.h
[3.766s] -- Up-to-date: /home/rpi-team11/ECE4191G11/ROS/install/robot_interfaces/lib/librobot_interfaces__rosidl_typesupport_introspection_c.so
[3.766s] -- Up-to-date: /home/rpi-team11/ECE4191G11/ROS/install/robot_interfaces/lib/librobot_interfaces__rosidl_typesupport_c.so
[3.767s] -- Up-to-date: /home/rpi-team11/ECE4191G11/ROS/install/robot_interfaces/include/robot_interfaces/robot_interfaces
[3.768s] -- Up-to-date: /home/rpi-team11/ECE4191G11/ROS/install/robot_interfaces/include/robot_interfaces/robot_interfaces/msg
[3.768s] -- Up-to-date: /home/rpi-team11/ECE4191G11/ROS/install/robot_interfaces/include/robot_interfaces/robot_interfaces/msg/encoder_info.hpp
[3.769s] -- Up-to-date: /home/rpi-team11/ECE4191G11/ROS/install/robot_interfaces/include/robot_interfaces/robot_interfaces/msg/detail
[3.771s] -- Up-to-date: /home/rpi-team11/ECE4191G11/ROS/install/robot_interfaces/include/robot_interfaces/robot_interfaces/msg/detail/distances__builder.hpp
[3.772s] -- Up-to-date: /home/rpi-team11/ECE4191G11/ROS/install/robot_interfaces/include/robot_interfaces/robot_interfaces/msg/detail/pose__builder.hpp
[3.772s] -- Up-to-date: /home/rpi-team11/ECE4191G11/ROS/install/robot_interfaces/include/robot_interfaces/robot_interfaces/msg/detail/pose__traits.hpp
[3.773s] -- Up-to-date: /home/rpi-team11/ECE4191G11/ROS/install/robot_interfaces/include/robot_interfaces/robot_interfaces/msg/detail/encoder_info__struct.hpp
[3.774s] -- Up-to-date: /home/rpi-team11/ECE4191G11/ROS/install/robot_interfaces/include/robot_interfaces/robot_interfaces/msg/detail/encoder_info__builder.hpp
[3.774s] -- Up-to-date: /home/rpi-team11/ECE4191G11/ROS/install/robot_interfaces/include/robot_interfaces/robot_interfaces/msg/detail/waypoint__struct.hpp
[3.775s] -- Up-to-date: /home/rpi-team11/ECE4191G11/ROS/install/robot_interfaces/include/robot_interfaces/robot_interfaces/msg/detail/distances__struct.hpp
[3.776s] -- Up-to-date: /home/rpi-team11/ECE4191G11/ROS/install/robot_interfaces/include/robot_interfaces/robot_interfaces/msg/detail/waypoint__traits.hpp
[3.776s] -- Up-to-date: /home/rpi-team11/ECE4191G11/ROS/install/robot_interfaces/include/robot_interfaces/robot_interfaces/msg/detail/distances__traits.hpp
[3.777s] -- Up-to-date: /home/rpi-team11/ECE4191G11/ROS/install/robot_interfaces/include/robot_interfaces/robot_interfaces/msg/detail/encoder_info__traits.hpp
[3.777s] -- Up-to-date: /home/rpi-team11/ECE4191G11/ROS/install/robot_interfaces/include/robot_interfaces/robot_interfaces/msg/detail/pose__struct.hpp
[3.778s] -- Up-to-date: /home/rpi-team11/ECE4191G11/ROS/install/robot_interfaces/include/robot_interfaces/robot_interfaces/msg/detail/waypoint__builder.hpp
[3.778s] -- Up-to-date: /home/rpi-team11/ECE4191G11/ROS/install/robot_interfaces/include/robot_interfaces/robot_interfaces/msg/pose.hpp
[3.778s] -- Up-to-date: /home/rpi-team11/ECE4191G11/ROS/install/robot_interfaces/include/robot_interfaces/robot_interfaces/msg/distances.hpp
[3.779s] -- Up-to-date: /home/rpi-team11/ECE4191G11/ROS/install/robot_interfaces/include/robot_interfaces/robot_interfaces/msg/waypoint.hpp
[3.780s] -- Up-to-date: /home/rpi-team11/ECE4191G11/ROS/install/robot_interfaces/include/robot_interfaces/robot_interfaces
[3.780s] -- Up-to-date: /home/rpi-team11/ECE4191G11/ROS/install/robot_interfaces/include/robot_interfaces/robot_interfaces/msg
[3.781s] -- Up-to-date: /home/rpi-team11/ECE4191G11/ROS/install/robot_interfaces/include/robot_interfaces/robot_interfaces/msg/detail
[3.782s] -- Up-to-date: /home/rpi-team11/ECE4191G11/ROS/install/robot_interfaces/include/robot_interfaces/robot_interfaces/msg/detail/distances__rosidl_typesupport_fastrtps_cpp.hpp
[3.782s] -- Up-to-date: /home/rpi-team11/ECE4191G11/ROS/install/robot_interfaces/include/robot_interfaces/robot_interfaces/msg/detail/dds_fastrtps
[3.783s] -- Up-to-date: /home/rpi-team11/ECE4191G11/ROS/install/robot_interfaces/include/robot_interfaces/robot_interfaces/msg/detail/waypoint__rosidl_typesupport_fastrtps_cpp.hpp
[3.784s] -- Up-to-date: /home/rpi-team11/ECE4191G11/ROS/install/robot_interfaces/include/robot_interfaces/robot_interfaces/msg/detail/encoder_info__rosidl_typesupport_fastrtps_cpp.hpp
[3.785s] -- Up-to-date: /home/rpi-team11/ECE4191G11/ROS/install/robot_interfaces/include/robot_interfaces/robot_interfaces/msg/detail/pose__rosidl_typesupport_fastrtps_cpp.hpp
[3.785s] -- Up-to-date: /home/rpi-team11/ECE4191G11/ROS/install/robot_interfaces/include/robot_interfaces/robot_interfaces/msg/rosidl_typesupport_fastrtps_cpp__visibility_control.h
[3.786s] -- Up-to-date: /home/rpi-team11/ECE4191G11/ROS/install/robot_interfaces/lib/librobot_interfaces__rosidl_typesupport_fastrtps_cpp.so
[3.787s] -- Up-to-date: /home/rpi-team11/ECE4191G11/ROS/install/robot_interfaces/include/robot_interfaces/robot_interfaces
[3.787s] -- Up-to-date: /home/rpi-team11/ECE4191G11/ROS/install/robot_interfaces/include/robot_interfaces/robot_interfaces/msg
[3.788s] -- Up-to-date: /home/rpi-team11/ECE4191G11/ROS/install/robot_interfaces/include/robot_interfaces/robot_interfaces/msg/detail
[3.788s] -- Up-to-date: /home/rpi-team11/ECE4191G11/ROS/install/robot_interfaces/include/robot_interfaces/robot_interfaces/msg/detail/pose__type_support.cpp
[3.789s] -- Up-to-date: /home/rpi-team11/ECE4191G11/ROS/install/robot_interfaces/include/robot_interfaces/robot_interfaces/msg/detail/encoder_info__type_support.cpp
[3.789s] -- Up-to-date: /home/rpi-team11/ECE4191G11/ROS/install/robot_interfaces/include/robot_interfaces/robot_interfaces/msg/detail/distances__type_support.cpp
[3.790s] -- Up-to-date: /home/rpi-team11/ECE4191G11/ROS/install/robot_interfaces/include/robot_interfaces/robot_interfaces/msg/detail/pose__rosidl_typesupport_introspection_cpp.hpp
[3.790s] -- Up-to-date: /home/rpi-team11/ECE4191G11/ROS/install/robot_interfaces/include/robot_interfaces/robot_interfaces/msg/detail/encoder_info__rosidl_typesupport_introspection_cpp.hpp
[3.791s] -- Up-to-date: /home/rpi-team11/ECE4191G11/ROS/install/robot_interfaces/include/robot_interfaces/robot_interfaces/msg/detail/waypoint__type_support.cpp
[3.791s] -- Up-to-date: /home/rpi-team11/ECE4191G11/ROS/install/robot_interfaces/include/robot_interfaces/robot_interfaces/msg/detail/distances__rosidl_typesupport_introspection_cpp.hpp
[3.792s] -- Up-to-date: /home/rpi-team11/ECE4191G11/ROS/install/robot_interfaces/include/robot_interfaces/robot_interfaces/msg/detail/waypoint__rosidl_typesupport_introspection_cpp.hpp
[3.792s] -- Up-to-date: /home/rpi-team11/ECE4191G11/ROS/install/robot_interfaces/lib/librobot_interfaces__rosidl_typesupport_introspection_cpp.so
[3.793s] -- Up-to-date: /home/rpi-team11/ECE4191G11/ROS/install/robot_interfaces/lib/librobot_interfaces__rosidl_typesupport_cpp.so
[3.793s] -- Up-to-date: /home/rpi-team11/ECE4191G11/ROS/install/robot_interfaces/share/robot_interfaces/environment/pythonpath.sh
[3.793s] -- Up-to-date: /home/rpi-team11/ECE4191G11/ROS/install/robot_interfaces/share/robot_interfaces/environment/pythonpath.dsv
[3.794s] -- Up-to-date: /home/rpi-team11/ECE4191G11/ROS/install/robot_interfaces/local/lib/python3.10/dist-packages/robot_interfaces-0.0.0-py3.10.egg-info
[3.794s] -- Installing: /home/rpi-team11/ECE4191G11/ROS/install/robot_interfaces/local/lib/python3.10/dist-packages/robot_interfaces-0.0.0-py3.10.egg-info/dependency_links.txt
[3.794s] -- Installing: /home/rpi-team11/ECE4191G11/ROS/install/robot_interfaces/local/lib/python3.10/dist-packages/robot_interfaces-0.0.0-py3.10.egg-info/top_level.txt
[3.795s] -- Installing: /home/rpi-team11/ECE4191G11/ROS/install/robot_interfaces/local/lib/python3.10/dist-packages/robot_interfaces-0.0.0-py3.10.egg-info/SOURCES.txt
[3.795s] -- Installing: /home/rpi-team11/ECE4191G11/ROS/install/robot_interfaces/local/lib/python3.10/dist-packages/robot_interfaces-0.0.0-py3.10.egg-info/PKG-INFO
[3.796s] -- Up-to-date: /home/rpi-team11/ECE4191G11/ROS/install/robot_interfaces/local/lib/python3.10/dist-packages/robot_interfaces
[3.797s] -- Up-to-date: /home/rpi-team11/ECE4191G11/ROS/install/robot_interfaces/local/lib/python3.10/dist-packages/robot_interfaces/msg
[3.797s] -- Up-to-date: /home/rpi-team11/ECE4191G11/ROS/install/robot_interfaces/local/lib/python3.10/dist-packages/robot_interfaces/msg/_distances.py
[3.798s] -- Up-to-date: /home/rpi-team11/ECE4191G11/ROS/install/robot_interfaces/local/lib/python3.10/dist-packages/robot_interfaces/msg/_waypoint.py
[3.799s] -- Up-to-date: /home/rpi-team11/ECE4191G11/ROS/install/robot_interfaces/local/lib/python3.10/dist-packages/robot_interfaces/msg/_encoder_info.py
[3.799s] -- Up-to-date: /home/rpi-team11/ECE4191G11/ROS/install/robot_interfaces/local/lib/python3.10/dist-packages/robot_interfaces/msg/_pose_s.c
[3.800s] -- Up-to-date: /home/rpi-team11/ECE4191G11/ROS/install/robot_interfaces/local/lib/python3.10/dist-packages/robot_interfaces/msg/__init__.py
[3.801s] -- Up-to-date: /home/rpi-team11/ECE4191G11/ROS/install/robot_interfaces/local/lib/python3.10/dist-packages/robot_interfaces/msg/_waypoint_s.c
[3.801s] -- Up-to-date: /home/rpi-team11/ECE4191G11/ROS/install/robot_interfaces/local/lib/python3.10/dist-packages/robot_interfaces/msg/_pose.py
[3.802s] -- Up-to-date: /home/rpi-team11/ECE4191G11/ROS/install/robot_interfaces/local/lib/python3.10/dist-packages/robot_interfaces/msg/_encoder_info_s.c
[3.802s] -- Up-to-date: /home/rpi-team11/ECE4191G11/ROS/install/robot_interfaces/local/lib/python3.10/dist-packages/robot_interfaces/msg/_distances_s.c
[3.802s] -- Up-to-date: /home/rpi-team11/ECE4191G11/ROS/install/robot_interfaces/local/lib/python3.10/dist-packages/robot_interfaces/_robot_interfaces_s.ep.rosidl_typesupport_c.c
[3.803s] -- Up-to-date: /home/rpi-team11/ECE4191G11/ROS/install/robot_interfaces/local/lib/python3.10/dist-packages/robot_interfaces/__init__.py
[3.803s] -- Up-to-date: /home/rpi-team11/ECE4191G11/ROS/install/robot_interfaces/local/lib/python3.10/dist-packages/robot_interfaces/robot_interfaces_s__rosidl_typesupport_c.cpython-310-aarch64-linux-gnu.so
[3.804s] -- Up-to-date: /home/rpi-team11/ECE4191G11/ROS/install/robot_interfaces/local/lib/python3.10/dist-packages/robot_interfaces/_robot_interfaces_s.ep.rosidl_typesupport_introspection_c.c
[3.804s] -- Up-to-date: /home/rpi-team11/ECE4191G11/ROS/install/robot_interfaces/local/lib/python3.10/dist-packages/robot_interfaces/_robot_interfaces_s.ep.rosidl_typesupport_fastrtps_c.c
[3.804s] -- Up-to-date: /home/rpi-team11/ECE4191G11/ROS/install/robot_interfaces/local/lib/python3.10/dist-packages/robot_interfaces/librobot_interfaces__rosidl_generator_py.so
[3.805s] -- Up-to-date: /home/rpi-team11/ECE4191G11/ROS/install/robot_interfaces/local/lib/python3.10/dist-packages/robot_interfaces/robot_interfaces_s__rosidl_typesupport_fastrtps_c.cpython-310-aarch64-linux-gnu.so
[3.805s] -- Up-to-date: /home/rpi-team11/ECE4191G11/ROS/install/robot_interfaces/local/lib/python3.10/dist-packages/robot_interfaces/robot_interfaces_s__rosidl_typesupport_introspection_c.cpython-310-aarch64-linux-gnu.so
[3.943s] Listing '/home/rpi-team11/ECE4191G11/ROS/install/robot_interfaces/local/lib/python3.10/dist-packages/robot_interfaces'...
[3.944s] Listing '/home/rpi-team11/ECE4191G11/ROS/install/robot_interfaces/local/lib/python3.10/dist-packages/robot_interfaces/msg'...
[3.965s] -- Up-to-date: /home/rpi-team11/ECE4191G11/ROS/install/robot_interfaces/local/lib/python3.10/dist-packages/robot_interfaces/robot_interfaces_s__rosidl_typesupport_fastrtps_c.cpython-310-aarch64-linux-gnu.so
[3.967s] -- Up-to-date: /home/rpi-team11/ECE4191G11/ROS/install/robot_interfaces/local/lib/python3.10/dist-packages/robot_interfaces/robot_interfaces_s__rosidl_typesupport_introspection_c.cpython-310-aarch64-linux-gnu.so
[3.969s] -- Up-to-date: /home/rpi-team11/ECE4191G11/ROS/install/robot_interfaces/local/lib/python3.10/dist-packages/robot_interfaces/robot_interfaces_s__rosidl_typesupport_c.cpython-310-aarch64-linux-gnu.so
[3.972s] -- Up-to-date: /home/rpi-team11/ECE4191G11/ROS/install/robot_interfaces/lib/librobot_interfaces__rosidl_generator_py.so
[3.973s] -- Up-to-date: /home/rpi-team11/ECE4191G11/ROS/install/robot_interfaces/share/robot_interfaces/msg/Waypoint.idl
[3.973s] -- Up-to-date: /home/rpi-team11/ECE4191G11/ROS/install/robot_interfaces/share/robot_interfaces/msg/Pose.idl
[3.974s] -- Up-to-date: /home/rpi-team11/ECE4191G11/ROS/install/robot_interfaces/share/robot_interfaces/msg/Distances.idl
[3.975s] -- Up-to-date: /home/rpi-team11/ECE4191G11/ROS/install/robot_interfaces/share/robot_interfaces/msg/EncoderInfo.idl
[3.975s] -- Up-to-date: /home/rpi-team11/ECE4191G11/ROS/install/robot_interfaces/share/robot_interfaces/msg/Waypoint.msg
[3.976s] -- Up-to-date: /home/rpi-team11/ECE4191G11/ROS/install/robot_interfaces/share/robot_interfaces/msg/Pose.msg
[3.976s] -- Up-to-date: /home/rpi-team11/ECE4191G11/ROS/install/robot_interfaces/share/robot_interfaces/msg/Distances.msg
[3.977s] -- Up-to-date: /home/rpi-team11/ECE4191G11/ROS/install/robot_interfaces/share/robot_interfaces/msg/EncoderInfo.msg
[3.977s] -- Up-to-date: /home/rpi-team11/ECE4191G11/ROS/install/robot_interfaces/share/ament_index/resource_index/package_run_dependencies/robot_interfaces
[3.978s] -- Up-to-date: /home/rpi-team11/ECE4191G11/ROS/install/robot_interfaces/share/ament_index/resource_index/parent_prefix_path/robot_interfaces
[3.978s] -- Up-to-date: /home/rpi-team11/ECE4191G11/ROS/install/robot_interfaces/share/robot_interfaces/environment/ament_prefix_path.sh
[3.979s] -- Up-to-date: /home/rpi-team11/ECE4191G11/ROS/install/robot_interfaces/share/robot_interfaces/environment/ament_prefix_path.dsv
[3.979s] -- Up-to-date: /home/rpi-team11/ECE4191G11/ROS/install/robot_interfaces/share/robot_interfaces/environment/path.sh
[3.980s] -- Up-to-date: /home/rpi-team11/ECE4191G11/ROS/install/robot_interfaces/share/robot_interfaces/environment/path.dsv
[3.980s] -- Up-to-date: /home/rpi-team11/ECE4191G11/ROS/install/robot_interfaces/share/robot_interfaces/local_setup.bash
[3.981s] -- Up-to-date: /home/rpi-team11/ECE4191G11/ROS/install/robot_interfaces/share/robot_interfaces/local_setup.sh
[3.981s] -- Up-to-date: /home/rpi-team11/ECE4191G11/ROS/install/robot_interfaces/share/robot_interfaces/local_setup.zsh
[3.981s] -- Up-to-date: /home/rpi-team11/ECE4191G11/ROS/install/robot_interfaces/share/robot_interfaces/local_setup.dsv
[3.982s] -- Installing: /home/rpi-team11/ECE4191G11/ROS/install/robot_interfaces/share/robot_interfaces/package.dsv
[3.982s] -- Up-to-date: /home/rpi-team11/ECE4191G11/ROS/install/robot_interfaces/share/ament_index/resource_index/packages/robot_interfaces
[3.983s] -- Up-to-date: /home/rpi-team11/ECE4191G11/ROS/install/robot_interfaces/share/robot_interfaces/cmake/export_robot_interfaces__rosidl_generator_cExport.cmake
[3.984s] -- Up-to-date: /home/rpi-team11/ECE4191G11/ROS/install/robot_interfaces/share/robot_interfaces/cmake/export_robot_interfaces__rosidl_generator_cExport-noconfig.cmake
[3.984s] -- Up-to-date: /home/rpi-team11/ECE4191G11/ROS/install/robot_interfaces/share/robot_interfaces/cmake/export_robot_interfaces__rosidl_typesupport_fastrtps_cExport.cmake
[3.985s] -- Up-to-date: /home/rpi-team11/ECE4191G11/ROS/install/robot_interfaces/share/robot_interfaces/cmake/export_robot_interfaces__rosidl_typesupport_fastrtps_cExport-noconfig.cmake
[3.986s] -- Up-to-date: /home/rpi-team11/ECE4191G11/ROS/install/robot_interfaces/share/robot_interfaces/cmake/robot_interfaces__rosidl_typesupport_introspection_cExport.cmake
[3.986s] -- Up-to-date: /home/rpi-team11/ECE4191G11/ROS/install/robot_interfaces/share/robot_interfaces/cmake/robot_interfaces__rosidl_typesupport_introspection_cExport-noconfig.cmake
[3.987s] -- Up-to-date: /home/rpi-team11/ECE4191G11/ROS/install/robot_interfaces/share/robot_interfaces/cmake/robot_interfaces__rosidl_typesupport_cExport.cmake
[3.988s] -- Up-to-date: /home/rpi-team11/ECE4191G11/ROS/install/robot_interfaces/share/robot_interfaces/cmake/robot_interfaces__rosidl_typesupport_cExport-noconfig.cmake
[3.989s] -- Up-to-date: /home/rpi-team11/ECE4191G11/ROS/install/robot_interfaces/share/robot_interfaces/cmake/export_robot_interfaces__rosidl_generator_cppExport.cmake
[3.989s] -- Up-to-date: /home/rpi-team11/ECE4191G11/ROS/install/robot_interfaces/share/robot_interfaces/cmake/export_robot_interfaces__rosidl_typesupport_fastrtps_cppExport.cmake
[3.990s] -- Up-to-date: /home/rpi-team11/ECE4191G11/ROS/install/robot_interfaces/share/robot_interfaces/cmake/export_robot_interfaces__rosidl_typesupport_fastrtps_cppExport-noconfig.cmake
[3.991s] -- Up-to-date: /home/rpi-team11/ECE4191G11/ROS/install/robot_interfaces/share/robot_interfaces/cmake/robot_interfaces__rosidl_typesupport_introspection_cppExport.cmake
[3.992s] -- Up-to-date: /home/rpi-team11/ECE4191G11/ROS/install/robot_interfaces/share/robot_interfaces/cmake/robot_interfaces__rosidl_typesupport_introspection_cppExport-noconfig.cmake
[3.992s] -- Up-to-date: /home/rpi-team11/ECE4191G11/ROS/install/robot_interfaces/share/robot_interfaces/cmake/robot_interfaces__rosidl_typesupport_cppExport.cmake
[3.993s] -- Up-to-date: /home/rpi-team11/ECE4191G11/ROS/install/robot_interfaces/share/robot_interfaces/cmake/robot_interfaces__rosidl_typesupport_cppExport-noconfig.cmake
[3.994s] -- Up-to-date: /home/rpi-team11/ECE4191G11/ROS/install/robot_interfaces/share/robot_interfaces/cmake/export_robot_interfaces__rosidl_generator_pyExport.cmake
[3.995s] -- Up-to-date: /home/rpi-team11/ECE4191G11/ROS/install/robot_interfaces/share/robot_interfaces/cmake/export_robot_interfaces__rosidl_generator_pyExport-noconfig.cmake
[3.995s] -- Up-to-date: /home/rpi-team11/ECE4191G11/ROS/install/robot_interfaces/share/robot_interfaces/cmake/rosidl_cmake-extras.cmake
[3.996s] -- Up-to-date: /home/rpi-team11/ECE4191G11/ROS/install/robot_interfaces/share/robot_interfaces/cmake/ament_cmake_export_include_directories-extras.cmake
[3.996s] -- Up-to-date: /home/rpi-team11/ECE4191G11/ROS/install/robot_interfaces/share/robot_interfaces/cmake/ament_cmake_export_libraries-extras.cmake
[3.997s] -- Up-to-date: /home/rpi-team11/ECE4191G11/ROS/install/robot_interfaces/share/robot_interfaces/cmake/ament_cmake_export_targets-extras.cmake
[3.997s] -- Up-to-date: /home/rpi-team11/ECE4191G11/ROS/install/robot_interfaces/share/robot_interfaces/cmake/rosidl_cmake_export_typesupport_targets-extras.cmake
[3.998s] -- Up-to-date: /home/rpi-team11/ECE4191G11/ROS/install/robot_interfaces/share/robot_interfaces/cmake/ament_cmake_export_dependencies-extras.cmake
[3.998s] -- Up-to-date: /home/rpi-team11/ECE4191G11/ROS/install/robot_interfaces/share/robot_interfaces/cmake/rosidl_cmake_export_typesupport_libraries-extras.cmake
[3.999s] -- Up-to-date: /home/rpi-team11/ECE4191G11/ROS/install/robot_interfaces/share/robot_interfaces/cmake/robot_interfacesConfig.cmake
[3.999s] -- Up-to-date: /home/rpi-team11/ECE4191G11/ROS/install/robot_interfaces/share/robot_interfaces/cmake/robot_interfacesConfig-version.cmake
[3.999s] -- Up-to-date: /home/rpi-team11/ECE4191G11/ROS/install/robot_interfaces/share/robot_interfaces/package.xml
[4.007s] Invoked command in '/home/rpi-team11/ECE4191G11/ROS/build/robot_interfaces' returned '0': CMAKE_PREFIX_PATH=${CMAKE_PREFIX_PATH}:/home/rpi-team11/ECE4191G11/ROS/install/robot_controller:/opt/ros/humble /usr/bin/cmake --install /home/rpi-team11/ECE4191G11/ROS/build/robot_interfaces
