[0.031s] Invoking command in '/home/lingc/ECE4191G11/ROS_PC/build/robot_interfaces': CMAKE_PREFIX_PATH=${CMAKE_PREFIX_PATH}:/home/lingc/ECE4191G11/ROS_PC/install/robot_controller:/opt/ros/humble /usr/bin/cmake --build /home/lingc/ECE4191G11/ROS_PC/build/robot_interfaces -- -j4 -l4
[0.127s] [  1%] Built target robot_interfaces__cpp
[0.127s] [ 12%] Built target robot_interfaces__rosidl_generator_c
[0.168s] [ 12%] Built target ament_cmake_python_copy_robot_interfaces
[0.176s] [ 23%] Built target robot_interfaces__rosidl_typesupport_fastrtps_c
[0.194s] [ 34%] Built target robot_interfaces__rosidl_typesupport_c
[0.196s] [ 45%] Built target robot_interfaces__rosidl_typesupport_introspection_c
[0.217s] [ 56%] Built target robot_interfaces__rosidl_typesupport_fastrtps_cpp
[0.222s] [ 67%] Built target robot_interfaces__rosidl_typesupport_introspection_cpp
[0.255s] [ 78%] Built target robot_interfaces__rosidl_typesupport_cpp
[0.327s] [ 78%] Built target robot_interfaces
[0.372s] [ 80%] Built target robot_interfaces__py
[0.416s] [ 89%] Built target robot_interfaces__rosidl_generator_py
[0.482s] [ 92%] Built target robot_interfaces__rosidl_typesupport_fastrtps_c__pyext
[0.499s] [ 96%] Built target robot_interfaces__rosidl_typesupport_c__pyext
[0.502s] [100%] Built target robot_interfaces__rosidl_typesupport_introspection_c__pyext
[0.624s] running egg_info
[0.625s] writing robot_interfaces.egg-info/PKG-INFO
[0.626s] writing dependency_links to robot_interfaces.egg-info/dependency_links.txt
[0.627s] writing top-level names to robot_interfaces.egg-info/top_level.txt
[0.630s] reading manifest file 'robot_interfaces.egg-info/SOURCES.txt'
[0.631s] writing manifest file 'robot_interfaces.egg-info/SOURCES.txt'
[0.675s] [100%] Built target ament_cmake_python_build_robot_interfaces_egg
[0.692s] Invoked command in '/home/lingc/ECE4191G11/ROS_PC/build/robot_interfaces' returned '0': CMAKE_PREFIX_PATH=${CMAKE_PREFIX_PATH}:/home/lingc/ECE4191G11/ROS_PC/install/robot_controller:/opt/ros/humble /usr/bin/cmake --build /home/lingc/ECE4191G11/ROS_PC/build/robot_interfaces -- -j4 -l4
[1.067s] Invoking command in '/home/lingc/ECE4191G11/ROS_PC/build/robot_interfaces': CMAKE_PREFIX_PATH=${CMAKE_PREFIX_PATH}:/home/lingc/ECE4191G11/ROS_PC/install/robot_controller:/opt/ros/humble /usr/bin/cmake --install /home/lingc/ECE4191G11/ROS_PC/build/robot_interfaces
[1.081s] -- Install configuration: ""
[1.082s] -- Up-to-date: /home/lingc/ECE4191G11/ROS_PC/install/robot_interfaces/share/ament_index/resource_index/rosidl_interfaces/robot_interfaces
[1.084s] -- Up-to-date: /home/lingc/ECE4191G11/ROS_PC/install/robot_interfaces/include/robot_interfaces/robot_interfaces
[1.084s] -- Up-to-date: /home/lingc/ECE4191G11/ROS_PC/install/robot_interfaces/include/robot_interfaces/robot_interfaces/msg
[1.086s] -- Up-to-date: /home/lingc/ECE4191G11/ROS_PC/install/robot_interfaces/include/robot_interfaces/robot_interfaces/msg/encoder_info.h
[1.086s] -- Up-to-date: /home/lingc/ECE4191G11/ROS_PC/install/robot_interfaces/include/robot_interfaces/robot_interfaces/msg/waypoint.h
[1.086s] -- Up-to-date: /home/lingc/ECE4191G11/ROS_PC/install/robot_interfaces/include/robot_interfaces/robot_interfaces/msg/detail
[1.086s] -- Up-to-date: /home/lingc/ECE4191G11/ROS_PC/install/robot_interfaces/include/robot_interfaces/robot_interfaces/msg/detail/waypoint__functions.c
[1.086s] -- Up-to-date: /home/lingc/ECE4191G11/ROS_PC/install/robot_interfaces/include/robot_interfaces/robot_interfaces/msg/detail/encoder_info__functions.c
[1.087s] -- Up-to-date: /home/lingc/ECE4191G11/ROS_PC/install/robot_interfaces/include/robot_interfaces/robot_interfaces/msg/detail/pose__functions.h
[1.088s] -- Up-to-date: /home/lingc/ECE4191G11/ROS_PC/install/robot_interfaces/include/robot_interfaces/robot_interfaces/msg/detail/distances__functions.c
[1.088s] -- Up-to-date: /home/lingc/ECE4191G11/ROS_PC/install/robot_interfaces/include/robot_interfaces/robot_interfaces/msg/detail/distances__functions.h
[1.088s] -- Up-to-date: /home/lingc/ECE4191G11/ROS_PC/install/robot_interfaces/include/robot_interfaces/robot_interfaces/msg/detail/waypoint__type_support.h
[1.088s] -- Up-to-date: /home/lingc/ECE4191G11/ROS_PC/install/robot_interfaces/include/robot_interfaces/robot_interfaces/msg/detail/distances__type_support.h
[1.089s] -- Up-to-date: /home/lingc/ECE4191G11/ROS_PC/install/robot_interfaces/include/robot_interfaces/robot_interfaces/msg/detail/encoder_info__type_support.h
[1.089s] -- Up-to-date: /home/lingc/ECE4191G11/ROS_PC/install/robot_interfaces/include/robot_interfaces/robot_interfaces/msg/detail/encoder_info__functions.h
[1.089s] -- Up-to-date: /home/lingc/ECE4191G11/ROS_PC/install/robot_interfaces/include/robot_interfaces/robot_interfaces/msg/detail/pose__functions.c
[1.089s] -- Up-to-date: /home/lingc/ECE4191G11/ROS_PC/install/robot_interfaces/include/robot_interfaces/robot_interfaces/msg/detail/waypoint__functions.h
[1.089s] -- Up-to-date: /home/lingc/ECE4191G11/ROS_PC/install/robot_interfaces/include/robot_interfaces/robot_interfaces/msg/detail/pose__type_support.h
[1.089s] -- Up-to-date: /home/lingc/ECE4191G11/ROS_PC/install/robot_interfaces/include/robot_interfaces/robot_interfaces/msg/detail/pose__struct.h
[1.089s] -- Up-to-date: /home/lingc/ECE4191G11/ROS_PC/install/robot_interfaces/include/robot_interfaces/robot_interfaces/msg/detail/encoder_info__struct.h
[1.090s] -- Up-to-date: /home/lingc/ECE4191G11/ROS_PC/install/robot_interfaces/include/robot_interfaces/robot_interfaces/msg/detail/distances__struct.h
[1.090s] -- Up-to-date: /home/lingc/ECE4191G11/ROS_PC/install/robot_interfaces/include/robot_interfaces/robot_interfaces/msg/detail/waypoint__struct.h
[1.090s] -- Up-to-date: /home/lingc/ECE4191G11/ROS_PC/install/robot_interfaces/include/robot_interfaces/robot_interfaces/msg/rosidl_generator_c__visibility_control.h
[1.090s] -- Up-to-date: /home/lingc/ECE4191G11/ROS_PC/install/robot_interfaces/include/robot_interfaces/robot_interfaces/msg/pose.h
[1.090s] -- Up-to-date: /home/lingc/ECE4191G11/ROS_PC/install/robot_interfaces/include/robot_interfaces/robot_interfaces/msg/distances.h
[1.090s] -- Up-to-date: /home/lingc/ECE4191G11/ROS_PC/install/robot_interfaces/share/robot_interfaces/environment/library_path.sh
[1.090s] -- Up-to-date: /home/lingc/ECE4191G11/ROS_PC/install/robot_interfaces/share/robot_interfaces/environment/library_path.dsv
[1.090s] -- Up-to-date: /home/lingc/ECE4191G11/ROS_PC/install/robot_interfaces/lib/librobot_interfaces__rosidl_generator_c.so
[1.091s] -- Up-to-date: /home/lingc/ECE4191G11/ROS_PC/install/robot_interfaces/include/robot_interfaces/robot_interfaces
[1.091s] -- Up-to-date: /home/lingc/ECE4191G11/ROS_PC/install/robot_interfaces/include/robot_interfaces/robot_interfaces/msg
[1.091s] -- Up-to-date: /home/lingc/ECE4191G11/ROS_PC/install/robot_interfaces/include/robot_interfaces/robot_interfaces/msg/detail
[1.091s] -- Up-to-date: /home/lingc/ECE4191G11/ROS_PC/install/robot_interfaces/include/robot_interfaces/robot_interfaces/msg/detail/waypoint__rosidl_typesupport_fastrtps_c.h
[1.091s] -- Up-to-date: /home/lingc/ECE4191G11/ROS_PC/install/robot_interfaces/include/robot_interfaces/robot_interfaces/msg/detail/distances__rosidl_typesupport_fastrtps_c.h
[1.092s] -- Up-to-date: /home/lingc/ECE4191G11/ROS_PC/install/robot_interfaces/include/robot_interfaces/robot_interfaces/msg/detail/encoder_info__rosidl_typesupport_fastrtps_c.h
[1.092s] -- Up-to-date: /home/lingc/ECE4191G11/ROS_PC/install/robot_interfaces/include/robot_interfaces/robot_interfaces/msg/detail/pose__rosidl_typesupport_fastrtps_c.h
[1.092s] -- Up-to-date: /home/lingc/ECE4191G11/ROS_PC/install/robot_interfaces/include/robot_interfaces/robot_interfaces/msg/rosidl_typesupport_fastrtps_c__visibility_control.h
[1.092s] -- Up-to-date: /home/lingc/ECE4191G11/ROS_PC/install/robot_interfaces/lib/librobot_interfaces__rosidl_typesupport_fastrtps_c.so
[1.092s] -- Up-to-date: /home/lingc/ECE4191G11/ROS_PC/install/robot_interfaces/include/robot_interfaces/robot_interfaces
[1.092s] -- Up-to-date: /home/lingc/ECE4191G11/ROS_PC/install/robot_interfaces/include/robot_interfaces/robot_interfaces/msg
[1.092s] -- Up-to-date: /home/lingc/ECE4191G11/ROS_PC/install/robot_interfaces/include/robot_interfaces/robot_interfaces/msg/rosidl_typesupport_introspection_c__visibility_control.h
[1.093s] -- Up-to-date: /home/lingc/ECE4191G11/ROS_PC/install/robot_interfaces/include/robot_interfaces/robot_interfaces/msg/detail
[1.094s] -- Up-to-date: /home/lingc/ECE4191G11/ROS_PC/install/robot_interfaces/include/robot_interfaces/robot_interfaces/msg/detail/encoder_info__rosidl_typesupport_introspection_c.h
[1.094s] -- Up-to-date: /home/lingc/ECE4191G11/ROS_PC/install/robot_interfaces/include/robot_interfaces/robot_interfaces/msg/detail/distances__rosidl_typesupport_introspection_c.h
[1.094s] -- Up-to-date: /home/lingc/ECE4191G11/ROS_PC/install/robot_interfaces/include/robot_interfaces/robot_interfaces/msg/detail/waypoint__type_support.c
[1.094s] -- Up-to-date: /home/lingc/ECE4191G11/ROS_PC/install/robot_interfaces/include/robot_interfaces/robot_interfaces/msg/detail/pose__type_support.c
[1.094s] -- Up-to-date: /home/lingc/ECE4191G11/ROS_PC/install/robot_interfaces/include/robot_interfaces/robot_interfaces/msg/detail/encoder_info__type_support.c
[1.094s] -- Up-to-date: /home/lingc/ECE4191G11/ROS_PC/install/robot_interfaces/include/robot_interfaces/robot_interfaces/msg/detail/pose__rosidl_typesupport_introspection_c.h
[1.094s] -- Up-to-date: /home/lingc/ECE4191G11/ROS_PC/install/robot_interfaces/include/robot_interfaces/robot_interfaces/msg/detail/distances__type_support.c
[1.095s] -- Up-to-date: /home/lingc/ECE4191G11/ROS_PC/install/robot_interfaces/include/robot_interfaces/robot_interfaces/msg/detail/waypoint__rosidl_typesupport_introspection_c.h
[1.095s] -- Up-to-date: /home/lingc/ECE4191G11/ROS_PC/install/robot_interfaces/lib/librobot_interfaces__rosidl_typesupport_introspection_c.so
[1.095s] -- Up-to-date: /home/lingc/ECE4191G11/ROS_PC/install/robot_interfaces/lib/librobot_interfaces__rosidl_typesupport_c.so
[1.096s] -- Up-to-date: /home/lingc/ECE4191G11/ROS_PC/install/robot_interfaces/include/robot_interfaces/robot_interfaces
[1.096s] -- Up-to-date: /home/lingc/ECE4191G11/ROS_PC/install/robot_interfaces/include/robot_interfaces/robot_interfaces/msg
[1.096s] -- Up-to-date: /home/lingc/ECE4191G11/ROS_PC/install/robot_interfaces/include/robot_interfaces/robot_interfaces/msg/waypoint.hpp
[1.096s] -- Up-to-date: /home/lingc/ECE4191G11/ROS_PC/install/robot_interfaces/include/robot_interfaces/robot_interfaces/msg/encoder_info.hpp
[1.096s] -- Up-to-date: /home/lingc/ECE4191G11/ROS_PC/install/robot_interfaces/include/robot_interfaces/robot_interfaces/msg/pose.hpp
[1.096s] -- Up-to-date: /home/lingc/ECE4191G11/ROS_PC/install/robot_interfaces/include/robot_interfaces/robot_interfaces/msg/detail
[1.097s] -- Up-to-date: /home/lingc/ECE4191G11/ROS_PC/install/robot_interfaces/include/robot_interfaces/robot_interfaces/msg/detail/pose__builder.hpp
[1.098s] -- Up-to-date: /home/lingc/ECE4191G11/ROS_PC/install/robot_interfaces/include/robot_interfaces/robot_interfaces/msg/detail/encoder_info__struct.hpp
[1.098s] -- Up-to-date: /home/lingc/ECE4191G11/ROS_PC/install/robot_interfaces/include/robot_interfaces/robot_interfaces/msg/detail/waypoint__builder.hpp
[1.098s] -- Up-to-date: /home/lingc/ECE4191G11/ROS_PC/install/robot_interfaces/include/robot_interfaces/robot_interfaces/msg/detail/waypoint__struct.hpp
[1.099s] -- Up-to-date: /home/lingc/ECE4191G11/ROS_PC/install/robot_interfaces/include/robot_interfaces/robot_interfaces/msg/detail/encoder_info__builder.hpp
[1.099s] -- Up-to-date: /home/lingc/ECE4191G11/ROS_PC/install/robot_interfaces/include/robot_interfaces/robot_interfaces/msg/detail/waypoint__traits.hpp
[1.099s] -- Up-to-date: /home/lingc/ECE4191G11/ROS_PC/install/robot_interfaces/include/robot_interfaces/robot_interfaces/msg/detail/encoder_info__traits.hpp
[1.099s] -- Up-to-date: /home/lingc/ECE4191G11/ROS_PC/install/robot_interfaces/include/robot_interfaces/robot_interfaces/msg/detail/distances__builder.hpp
[1.099s] -- Up-to-date: /home/lingc/ECE4191G11/ROS_PC/install/robot_interfaces/include/robot_interfaces/robot_interfaces/msg/detail/distances__traits.hpp
[1.099s] -- Up-to-date: /home/lingc/ECE4191G11/ROS_PC/install/robot_interfaces/include/robot_interfaces/robot_interfaces/msg/detail/pose__traits.hpp
[1.100s] -- Up-to-date: /home/lingc/ECE4191G11/ROS_PC/install/robot_interfaces/include/robot_interfaces/robot_interfaces/msg/detail/pose__struct.hpp
[1.100s] -- Up-to-date: /home/lingc/ECE4191G11/ROS_PC/install/robot_interfaces/include/robot_interfaces/robot_interfaces/msg/detail/distances__struct.hpp
[1.110s] -- Up-to-date: /home/lingc/ECE4191G11/ROS_PC/install/robot_interfaces/include/robot_interfaces/robot_interfaces/msg/distances.hpp
[1.110s] -- Up-to-date: /home/lingc/ECE4191G11/ROS_PC/install/robot_interfaces/include/robot_interfaces/robot_interfaces
[1.111s] -- Up-to-date: /home/lingc/ECE4191G11/ROS_PC/install/robot_interfaces/include/robot_interfaces/robot_interfaces/msg
[1.111s] -- Up-to-date: /home/lingc/ECE4191G11/ROS_PC/install/robot_interfaces/include/robot_interfaces/robot_interfaces/msg/detail
[1.111s] -- Up-to-date: /home/lingc/ECE4191G11/ROS_PC/install/robot_interfaces/include/robot_interfaces/robot_interfaces/msg/detail/waypoint__rosidl_typesupport_fastrtps_cpp.hpp
[1.111s] -- Up-to-date: /home/lingc/ECE4191G11/ROS_PC/install/robot_interfaces/include/robot_interfaces/robot_interfaces/msg/detail/dds_fastrtps
[1.111s] -- Up-to-date: /home/lingc/ECE4191G11/ROS_PC/install/robot_interfaces/include/robot_interfaces/robot_interfaces/msg/detail/encoder_info__rosidl_typesupport_fastrtps_cpp.hpp
[1.111s] -- Up-to-date: /home/lingc/ECE4191G11/ROS_PC/install/robot_interfaces/include/robot_interfaces/robot_interfaces/msg/detail/pose__rosidl_typesupport_fastrtps_cpp.hpp
[1.111s] -- Up-to-date: /home/lingc/ECE4191G11/ROS_PC/install/robot_interfaces/include/robot_interfaces/robot_interfaces/msg/detail/distances__rosidl_typesupport_fastrtps_cpp.hpp
[1.111s] -- Up-to-date: /home/lingc/ECE4191G11/ROS_PC/install/robot_interfaces/include/robot_interfaces/robot_interfaces/msg/rosidl_typesupport_fastrtps_cpp__visibility_control.h
[1.111s] -- Up-to-date: /home/lingc/ECE4191G11/ROS_PC/install/robot_interfaces/lib/librobot_interfaces__rosidl_typesupport_fastrtps_cpp.so
[1.111s] -- Up-to-date: /home/lingc/ECE4191G11/ROS_PC/install/robot_interfaces/include/robot_interfaces/robot_interfaces
[1.111s] -- Up-to-date: /home/lingc/ECE4191G11/ROS_PC/install/robot_interfaces/include/robot_interfaces/robot_interfaces/msg
[1.111s] -- Up-to-date: /home/lingc/ECE4191G11/ROS_PC/install/robot_interfaces/include/robot_interfaces/robot_interfaces/msg/detail
[1.111s] -- Up-to-date: /home/lingc/ECE4191G11/ROS_PC/install/robot_interfaces/include/robot_interfaces/robot_interfaces/msg/detail/distances__rosidl_typesupport_introspection_cpp.hpp
[1.112s] -- Up-to-date: /home/lingc/ECE4191G11/ROS_PC/install/robot_interfaces/include/robot_interfaces/robot_interfaces/msg/detail/pose__rosidl_typesupport_introspection_cpp.hpp
[1.112s] -- Up-to-date: /home/lingc/ECE4191G11/ROS_PC/install/robot_interfaces/include/robot_interfaces/robot_interfaces/msg/detail/encoder_info__rosidl_typesupport_introspection_cpp.hpp
[1.112s] -- Up-to-date: /home/lingc/ECE4191G11/ROS_PC/install/robot_interfaces/include/robot_interfaces/robot_interfaces/msg/detail/waypoint__type_support.cpp
[1.112s] -- Up-to-date: /home/lingc/ECE4191G11/ROS_PC/install/robot_interfaces/include/robot_interfaces/robot_interfaces/msg/detail/waypoint__rosidl_typesupport_introspection_cpp.hpp
[1.112s] -- Up-to-date: /home/lingc/ECE4191G11/ROS_PC/install/robot_interfaces/include/robot_interfaces/robot_interfaces/msg/detail/distances__type_support.cpp
[1.112s] -- Up-to-date: /home/lingc/ECE4191G11/ROS_PC/install/robot_interfaces/include/robot_interfaces/robot_interfaces/msg/detail/pose__type_support.cpp
[1.112s] -- Up-to-date: /home/lingc/ECE4191G11/ROS_PC/install/robot_interfaces/include/robot_interfaces/robot_interfaces/msg/detail/encoder_info__type_support.cpp
[1.113s] -- Up-to-date: /home/lingc/ECE4191G11/ROS_PC/install/robot_interfaces/lib/librobot_interfaces__rosidl_typesupport_introspection_cpp.so
[1.113s] -- Up-to-date: /home/lingc/ECE4191G11/ROS_PC/install/robot_interfaces/lib/librobot_interfaces__rosidl_typesupport_cpp.so
[1.113s] -- Up-to-date: /home/lingc/ECE4191G11/ROS_PC/install/robot_interfaces/share/robot_interfaces/environment/pythonpath.sh
[1.113s] -- Up-to-date: /home/lingc/ECE4191G11/ROS_PC/install/robot_interfaces/share/robot_interfaces/environment/pythonpath.dsv
[1.113s] -- Up-to-date: /home/lingc/ECE4191G11/ROS_PC/install/robot_interfaces/local/lib/python3.10/dist-packages/robot_interfaces-0.0.0-py3.10.egg-info
[1.113s] -- Installing: /home/lingc/ECE4191G11/ROS_PC/install/robot_interfaces/local/lib/python3.10/dist-packages/robot_interfaces-0.0.0-py3.10.egg-info/PKG-INFO
[1.113s] -- Installing: /home/lingc/ECE4191G11/ROS_PC/install/robot_interfaces/local/lib/python3.10/dist-packages/robot_interfaces-0.0.0-py3.10.egg-info/dependency_links.txt
[1.113s] -- Installing: /home/lingc/ECE4191G11/ROS_PC/install/robot_interfaces/local/lib/python3.10/dist-packages/robot_interfaces-0.0.0-py3.10.egg-info/top_level.txt
[1.113s] -- Installing: /home/lingc/ECE4191G11/ROS_PC/install/robot_interfaces/local/lib/python3.10/dist-packages/robot_interfaces-0.0.0-py3.10.egg-info/SOURCES.txt
[1.113s] -- Up-to-date: /home/lingc/ECE4191G11/ROS_PC/install/robot_interfaces/local/lib/python3.10/dist-packages/robot_interfaces
[1.113s] -- Up-to-date: /home/lingc/ECE4191G11/ROS_PC/install/robot_interfaces/local/lib/python3.10/dist-packages/robot_interfaces/msg
[1.113s] -- Up-to-date: /home/lingc/ECE4191G11/ROS_PC/install/robot_interfaces/local/lib/python3.10/dist-packages/robot_interfaces/msg/_waypoint_s.c
[1.114s] -- Up-to-date: /home/lingc/ECE4191G11/ROS_PC/install/robot_interfaces/local/lib/python3.10/dist-packages/robot_interfaces/msg/_distances.py
[1.114s] -- Up-to-date: /home/lingc/ECE4191G11/ROS_PC/install/robot_interfaces/local/lib/python3.10/dist-packages/robot_interfaces/msg/__init__.py
[1.114s] -- Up-to-date: /home/lingc/ECE4191G11/ROS_PC/install/robot_interfaces/local/lib/python3.10/dist-packages/robot_interfaces/msg/_waypoint.py
[1.114s] -- Up-to-date: /home/lingc/ECE4191G11/ROS_PC/install/robot_interfaces/local/lib/python3.10/dist-packages/robot_interfaces/msg/_distances_s.c
[1.114s] -- Up-to-date: /home/lingc/ECE4191G11/ROS_PC/install/robot_interfaces/local/lib/python3.10/dist-packages/robot_interfaces/msg/_encoder_info_s.c
[1.114s] -- Up-to-date: /home/lingc/ECE4191G11/ROS_PC/install/robot_interfaces/local/lib/python3.10/dist-packages/robot_interfaces/msg/_pose_s.c
[1.114s] -- Up-to-date: /home/lingc/ECE4191G11/ROS_PC/install/robot_interfaces/local/lib/python3.10/dist-packages/robot_interfaces/msg/_pose.py
[1.114s] -- Up-to-date: /home/lingc/ECE4191G11/ROS_PC/install/robot_interfaces/local/lib/python3.10/dist-packages/robot_interfaces/msg/_encoder_info.py
[1.114s] -- Up-to-date: /home/lingc/ECE4191G11/ROS_PC/install/robot_interfaces/local/lib/python3.10/dist-packages/robot_interfaces/_robot_interfaces_s.ep.rosidl_typesupport_c.c
[1.114s] -- Up-to-date: /home/lingc/ECE4191G11/ROS_PC/install/robot_interfaces/local/lib/python3.10/dist-packages/robot_interfaces/librobot_interfaces__rosidl_generator_py.so
[1.114s] -- Up-to-date: /home/lingc/ECE4191G11/ROS_PC/install/robot_interfaces/local/lib/python3.10/dist-packages/robot_interfaces/__init__.py
[1.114s] -- Up-to-date: /home/lingc/ECE4191G11/ROS_PC/install/robot_interfaces/local/lib/python3.10/dist-packages/robot_interfaces/robot_interfaces_s__rosidl_typesupport_c.cpython-310-x86_64-linux-gnu.so
[1.115s] -- Up-to-date: /home/lingc/ECE4191G11/ROS_PC/install/robot_interfaces/local/lib/python3.10/dist-packages/robot_interfaces/robot_interfaces_s__rosidl_typesupport_fastrtps_c.cpython-310-x86_64-linux-gnu.so
[1.115s] -- Up-to-date: /home/lingc/ECE4191G11/ROS_PC/install/robot_interfaces/local/lib/python3.10/dist-packages/robot_interfaces/_robot_interfaces_s.ep.rosidl_typesupport_fastrtps_c.c
[1.115s] -- Up-to-date: /home/lingc/ECE4191G11/ROS_PC/install/robot_interfaces/local/lib/python3.10/dist-packages/robot_interfaces/_robot_interfaces_s.ep.rosidl_typesupport_introspection_c.c
[1.115s] -- Up-to-date: /home/lingc/ECE4191G11/ROS_PC/install/robot_interfaces/local/lib/python3.10/dist-packages/robot_interfaces/robot_interfaces_s__rosidl_typesupport_introspection_c.cpython-310-x86_64-linux-gnu.so
[1.153s] Listing '/home/lingc/ECE4191G11/ROS_PC/install/robot_interfaces/local/lib/python3.10/dist-packages/robot_interfaces'...
[1.154s] Listing '/home/lingc/ECE4191G11/ROS_PC/install/robot_interfaces/local/lib/python3.10/dist-packages/robot_interfaces/msg'...
[1.161s] -- Up-to-date: /home/lingc/ECE4191G11/ROS_PC/install/robot_interfaces/local/lib/python3.10/dist-packages/robot_interfaces/robot_interfaces_s__rosidl_typesupport_fastrtps_c.cpython-310-x86_64-linux-gnu.so
[1.162s] -- Up-to-date: /home/lingc/ECE4191G11/ROS_PC/install/robot_interfaces/local/lib/python3.10/dist-packages/robot_interfaces/robot_interfaces_s__rosidl_typesupport_introspection_c.cpython-310-x86_64-linux-gnu.so
[1.162s] -- Up-to-date: /home/lingc/ECE4191G11/ROS_PC/install/robot_interfaces/local/lib/python3.10/dist-packages/robot_interfaces/robot_interfaces_s__rosidl_typesupport_c.cpython-310-x86_64-linux-gnu.so
[1.162s] -- Up-to-date: /home/lingc/ECE4191G11/ROS_PC/install/robot_interfaces/lib/librobot_interfaces__rosidl_generator_py.so
[1.162s] -- Up-to-date: /home/lingc/ECE4191G11/ROS_PC/install/robot_interfaces/share/robot_interfaces/msg/Waypoint.idl
[1.165s] -- Up-to-date: /home/lingc/ECE4191G11/ROS_PC/install/robot_interfaces/share/robot_interfaces/msg/Pose.idl
[1.165s] -- Up-to-date: /home/lingc/ECE4191G11/ROS_PC/install/robot_interfaces/share/robot_interfaces/msg/Distances.idl
[1.165s] -- Up-to-date: /home/lingc/ECE4191G11/ROS_PC/install/robot_interfaces/share/robot_interfaces/msg/EncoderInfo.idl
[1.165s] -- Up-to-date: /home/lingc/ECE4191G11/ROS_PC/install/robot_interfaces/share/robot_interfaces/msg/Waypoint.msg
[1.166s] -- Up-to-date: /home/lingc/ECE4191G11/ROS_PC/install/robot_interfaces/share/robot_interfaces/msg/Pose.msg
[1.166s] -- Up-to-date: /home/lingc/ECE4191G11/ROS_PC/install/robot_interfaces/share/robot_interfaces/msg/Distances.msg
[1.166s] -- Up-to-date: /home/lingc/ECE4191G11/ROS_PC/install/robot_interfaces/share/robot_interfaces/msg/EncoderInfo.msg
[1.167s] -- Up-to-date: /home/lingc/ECE4191G11/ROS_PC/install/robot_interfaces/share/ament_index/resource_index/package_run_dependencies/robot_interfaces
[1.167s] -- Up-to-date: /home/lingc/ECE4191G11/ROS_PC/install/robot_interfaces/share/ament_index/resource_index/parent_prefix_path/robot_interfaces
[1.167s] -- Up-to-date: /home/lingc/ECE4191G11/ROS_PC/install/robot_interfaces/share/robot_interfaces/environment/ament_prefix_path.sh
[1.168s] -- Up-to-date: /home/lingc/ECE4191G11/ROS_PC/install/robot_interfaces/share/robot_interfaces/environment/ament_prefix_path.dsv
[1.168s] -- Up-to-date: /home/lingc/ECE4191G11/ROS_PC/install/robot_interfaces/share/robot_interfaces/environment/path.sh
[1.168s] -- Up-to-date: /home/lingc/ECE4191G11/ROS_PC/install/robot_interfaces/share/robot_interfaces/environment/path.dsv
[1.168s] -- Up-to-date: /home/lingc/ECE4191G11/ROS_PC/install/robot_interfaces/share/robot_interfaces/local_setup.bash
[1.168s] -- Up-to-date: /home/lingc/ECE4191G11/ROS_PC/install/robot_interfaces/share/robot_interfaces/local_setup.sh
[1.168s] -- Up-to-date: /home/lingc/ECE4191G11/ROS_PC/install/robot_interfaces/share/robot_interfaces/local_setup.zsh
[1.168s] -- Up-to-date: /home/lingc/ECE4191G11/ROS_PC/install/robot_interfaces/share/robot_interfaces/local_setup.dsv
[1.168s] -- Installing: /home/lingc/ECE4191G11/ROS_PC/install/robot_interfaces/share/robot_interfaces/package.dsv
[1.168s] -- Up-to-date: /home/lingc/ECE4191G11/ROS_PC/install/robot_interfaces/share/ament_index/resource_index/packages/robot_interfaces
[1.170s] -- Up-to-date: /home/lingc/ECE4191G11/ROS_PC/install/robot_interfaces/share/robot_interfaces/cmake/export_robot_interfaces__rosidl_generator_cExport.cmake
[1.170s] -- Up-to-date: /home/lingc/ECE4191G11/ROS_PC/install/robot_interfaces/share/robot_interfaces/cmake/export_robot_interfaces__rosidl_generator_cExport-noconfig.cmake
[1.170s] -- Up-to-date: /home/lingc/ECE4191G11/ROS_PC/install/robot_interfaces/share/robot_interfaces/cmake/export_robot_interfaces__rosidl_typesupport_fastrtps_cExport.cmake
[1.170s] -- Up-to-date: /home/lingc/ECE4191G11/ROS_PC/install/robot_interfaces/share/robot_interfaces/cmake/export_robot_interfaces__rosidl_typesupport_fastrtps_cExport-noconfig.cmake
[1.170s] -- Up-to-date: /home/lingc/ECE4191G11/ROS_PC/install/robot_interfaces/share/robot_interfaces/cmake/robot_interfaces__rosidl_typesupport_introspection_cExport.cmake
[1.170s] -- Up-to-date: /home/lingc/ECE4191G11/ROS_PC/install/robot_interfaces/share/robot_interfaces/cmake/robot_interfaces__rosidl_typesupport_introspection_cExport-noconfig.cmake
[1.170s] -- Up-to-date: /home/lingc/ECE4191G11/ROS_PC/install/robot_interfaces/share/robot_interfaces/cmake/robot_interfaces__rosidl_typesupport_cExport.cmake
[1.170s] -- Up-to-date: /home/lingc/ECE4191G11/ROS_PC/install/robot_interfaces/share/robot_interfaces/cmake/robot_interfaces__rosidl_typesupport_cExport-noconfig.cmake
[1.170s] -- Up-to-date: /home/lingc/ECE4191G11/ROS_PC/install/robot_interfaces/share/robot_interfaces/cmake/export_robot_interfaces__rosidl_generator_cppExport.cmake
[1.171s] -- Up-to-date: /home/lingc/ECE4191G11/ROS_PC/install/robot_interfaces/share/robot_interfaces/cmake/export_robot_interfaces__rosidl_typesupport_fastrtps_cppExport.cmake
[1.171s] -- Up-to-date: /home/lingc/ECE4191G11/ROS_PC/install/robot_interfaces/share/robot_interfaces/cmake/export_robot_interfaces__rosidl_typesupport_fastrtps_cppExport-noconfig.cmake
[1.171s] -- Up-to-date: /home/lingc/ECE4191G11/ROS_PC/install/robot_interfaces/share/robot_interfaces/cmake/robot_interfaces__rosidl_typesupport_introspection_cppExport.cmake
[1.171s] -- Up-to-date: /home/lingc/ECE4191G11/ROS_PC/install/robot_interfaces/share/robot_interfaces/cmake/robot_interfaces__rosidl_typesupport_introspection_cppExport-noconfig.cmake
[1.171s] -- Up-to-date: /home/lingc/ECE4191G11/ROS_PC/install/robot_interfaces/share/robot_interfaces/cmake/robot_interfaces__rosidl_typesupport_cppExport.cmake
[1.171s] -- Up-to-date: /home/lingc/ECE4191G11/ROS_PC/install/robot_interfaces/share/robot_interfaces/cmake/robot_interfaces__rosidl_typesupport_cppExport-noconfig.cmake
[1.171s] -- Up-to-date: /home/lingc/ECE4191G11/ROS_PC/install/robot_interfaces/share/robot_interfaces/cmake/export_robot_interfaces__rosidl_generator_pyExport.cmake
[1.171s] -- Up-to-date: /home/lingc/ECE4191G11/ROS_PC/install/robot_interfaces/share/robot_interfaces/cmake/export_robot_interfaces__rosidl_generator_pyExport-noconfig.cmake
[1.171s] -- Up-to-date: /home/lingc/ECE4191G11/ROS_PC/install/robot_interfaces/share/robot_interfaces/cmake/rosidl_cmake-extras.cmake
[1.171s] -- Up-to-date: /home/lingc/ECE4191G11/ROS_PC/install/robot_interfaces/share/robot_interfaces/cmake/ament_cmake_export_include_directories-extras.cmake
[1.171s] -- Up-to-date: /home/lingc/ECE4191G11/ROS_PC/install/robot_interfaces/share/robot_interfaces/cmake/ament_cmake_export_libraries-extras.cmake
[1.171s] -- Up-to-date: /home/lingc/ECE4191G11/ROS_PC/install/robot_interfaces/share/robot_interfaces/cmake/ament_cmake_export_targets-extras.cmake
[1.172s] -- Up-to-date: /home/lingc/ECE4191G11/ROS_PC/install/robot_interfaces/share/robot_interfaces/cmake/rosidl_cmake_export_typesupport_targets-extras.cmake
[1.173s] -- Up-to-date: /home/lingc/ECE4191G11/ROS_PC/install/robot_interfaces/share/robot_interfaces/cmake/ament_cmake_export_dependencies-extras.cmake
[1.174s] -- Up-to-date: /home/lingc/ECE4191G11/ROS_PC/install/robot_interfaces/share/robot_interfaces/cmake/rosidl_cmake_export_typesupport_libraries-extras.cmake
[1.174s] -- Up-to-date: /home/lingc/ECE4191G11/ROS_PC/install/robot_interfaces/share/robot_interfaces/cmake/robot_interfacesConfig.cmake
[1.174s] -- Up-to-date: /home/lingc/ECE4191G11/ROS_PC/install/robot_interfaces/share/robot_interfaces/cmake/robot_interfacesConfig-version.cmake
[1.175s] -- Up-to-date: /home/lingc/ECE4191G11/ROS_PC/install/robot_interfaces/share/robot_interfaces/package.xml
[1.177s] Invoked command in '/home/lingc/ECE4191G11/ROS_PC/build/robot_interfaces' returned '0': CMAKE_PREFIX_PATH=${CMAKE_PREFIX_PATH}:/home/lingc/ECE4191G11/ROS_PC/install/robot_controller:/opt/ros/humble /usr/bin/cmake --install /home/lingc/ECE4191G11/ROS_PC/build/robot_interfaces
