[0.055s] Invoking command in '/home/lingc/ECE4191G11/ROS/build/robot_interfaces': CMAKE_PREFIX_PATH=${CMAKE_PREFIX_PATH}:/home/lingc/ECE4191G11/ROS/install/robot_controller:/opt/ros/humble /usr/bin/cmake --build /home/lingc/ECE4191G11/ROS/build/robot_interfaces -- -j4 -l4
[0.189s] [  1%] Built target robot_interfaces__cpp
[0.208s] [ 12%] Built target robot_interfaces__rosidl_generator_c
[0.241s] [ 12%] Built target ament_cmake_python_copy_robot_interfaces
[0.267s] [ 23%] Built target robot_interfaces__rosidl_typesupport_cpp
[0.274s] [ 34%] Built target robot_interfaces__rosidl_typesupport_fastrtps_cpp
[0.298s] [ 45%] Built target robot_interfaces__rosidl_typesupport_introspection_cpp
[0.331s] [ 56%] Built target robot_interfaces__rosidl_typesupport_fastrtps_c
[0.331s] [ 67%] Built target robot_interfaces__rosidl_typesupport_introspection_c
[0.351s] [ 78%] Built target robot_interfaces__rosidl_typesupport_c
[0.386s] [ 78%] Built target robot_interfaces
[0.440s] [ 80%] Built target robot_interfaces__py
[0.495s] [ 89%] Built target robot_interfaces__rosidl_generator_py
[0.575s] [ 92%] Built target robot_interfaces__rosidl_typesupport_fastrtps_c__pyext
[0.601s] [ 96%] Built target robot_interfaces__rosidl_typesupport_c__pyext
[0.616s] [100%] Built target robot_interfaces__rosidl_typesupport_introspection_c__pyext
[0.699s] running egg_info
[0.700s] writing robot_interfaces.egg-info/PKG-INFO
[0.701s] writing dependency_links to robot_interfaces.egg-info/dependency_links.txt
[0.707s] writing top-level names to robot_interfaces.egg-info/top_level.txt
[0.709s] reading manifest file 'robot_interfaces.egg-info/SOURCES.txt'
[0.710s] writing manifest file 'robot_interfaces.egg-info/SOURCES.txt'
[0.771s] [100%] Built target ament_cmake_python_build_robot_interfaces_egg
[0.789s] Invoked command in '/home/lingc/ECE4191G11/ROS/build/robot_interfaces' returned '0': CMAKE_PREFIX_PATH=${CMAKE_PREFIX_PATH}:/home/lingc/ECE4191G11/ROS/install/robot_controller:/opt/ros/humble /usr/bin/cmake --build /home/lingc/ECE4191G11/ROS/build/robot_interfaces -- -j4 -l4
[1.160s] Invoking command in '/home/lingc/ECE4191G11/ROS/build/robot_interfaces': CMAKE_PREFIX_PATH=${CMAKE_PREFIX_PATH}:/home/lingc/ECE4191G11/ROS/install/robot_controller:/opt/ros/humble /usr/bin/cmake --install /home/lingc/ECE4191G11/ROS/build/robot_interfaces
[1.170s] -- Install configuration: ""
[1.170s] -- Up-to-date: /home/lingc/ECE4191G11/ROS/install/robot_interfaces/share/ament_index/resource_index/rosidl_interfaces/robot_interfaces
[1.170s] -- Up-to-date: /home/lingc/ECE4191G11/ROS/install/robot_interfaces/include/robot_interfaces/robot_interfaces
[1.170s] -- Up-to-date: /home/lingc/ECE4191G11/ROS/install/robot_interfaces/include/robot_interfaces/robot_interfaces/msg
[1.184s] -- Up-to-date: /home/lingc/ECE4191G11/ROS/install/robot_interfaces/include/robot_interfaces/robot_interfaces/msg/encoder_info.h
[1.185s] -- Up-to-date: /home/lingc/ECE4191G11/ROS/install/robot_interfaces/include/robot_interfaces/robot_interfaces/msg/waypoint.h
[1.185s] -- Up-to-date: /home/lingc/ECE4191G11/ROS/install/robot_interfaces/include/robot_interfaces/robot_interfaces/msg/detail
[1.185s] -- Up-to-date: /home/lingc/ECE4191G11/ROS/install/robot_interfaces/include/robot_interfaces/robot_interfaces/msg/detail/waypoint__functions.c
[1.185s] -- Up-to-date: /home/lingc/ECE4191G11/ROS/install/robot_interfaces/include/robot_interfaces/robot_interfaces/msg/detail/encoder_info__functions.c
[1.185s] -- Up-to-date: /home/lingc/ECE4191G11/ROS/install/robot_interfaces/include/robot_interfaces/robot_interfaces/msg/detail/pose__functions.h
[1.186s] -- Up-to-date: /home/lingc/ECE4191G11/ROS/install/robot_interfaces/include/robot_interfaces/robot_interfaces/msg/detail/distances__functions.c
[1.186s] -- Up-to-date: /home/lingc/ECE4191G11/ROS/install/robot_interfaces/include/robot_interfaces/robot_interfaces/msg/detail/distances__functions.h
[1.187s] -- Up-to-date: /home/lingc/ECE4191G11/ROS/install/robot_interfaces/include/robot_interfaces/robot_interfaces/msg/detail/waypoint__type_support.h
[1.187s] -- Up-to-date: /home/lingc/ECE4191G11/ROS/install/robot_interfaces/include/robot_interfaces/robot_interfaces/msg/detail/distances__type_support.h
[1.187s] -- Up-to-date: /home/lingc/ECE4191G11/ROS/install/robot_interfaces/include/robot_interfaces/robot_interfaces/msg/detail/encoder_info__type_support.h
[1.187s] -- Up-to-date: /home/lingc/ECE4191G11/ROS/install/robot_interfaces/include/robot_interfaces/robot_interfaces/msg/detail/encoder_info__functions.h
[1.187s] -- Up-to-date: /home/lingc/ECE4191G11/ROS/install/robot_interfaces/include/robot_interfaces/robot_interfaces/msg/detail/pose__functions.c
[1.187s] -- Up-to-date: /home/lingc/ECE4191G11/ROS/install/robot_interfaces/include/robot_interfaces/robot_interfaces/msg/detail/waypoint__functions.h
[1.187s] -- Up-to-date: /home/lingc/ECE4191G11/ROS/install/robot_interfaces/include/robot_interfaces/robot_interfaces/msg/detail/pose__type_support.h
[1.187s] -- Up-to-date: /home/lingc/ECE4191G11/ROS/install/robot_interfaces/include/robot_interfaces/robot_interfaces/msg/detail/pose__struct.h
[1.187s] -- Up-to-date: /home/lingc/ECE4191G11/ROS/install/robot_interfaces/include/robot_interfaces/robot_interfaces/msg/detail/encoder_info__struct.h
[1.187s] -- Up-to-date: /home/lingc/ECE4191G11/ROS/install/robot_interfaces/include/robot_interfaces/robot_interfaces/msg/detail/distances__struct.h
[1.187s] -- Up-to-date: /home/lingc/ECE4191G11/ROS/install/robot_interfaces/include/robot_interfaces/robot_interfaces/msg/detail/waypoint__struct.h
[1.187s] -- Up-to-date: /home/lingc/ECE4191G11/ROS/install/robot_interfaces/include/robot_interfaces/robot_interfaces/msg/rosidl_generator_c__visibility_control.h
[1.187s] -- Up-to-date: /home/lingc/ECE4191G11/ROS/install/robot_interfaces/include/robot_interfaces/robot_interfaces/msg/pose.h
[1.187s] -- Up-to-date: /home/lingc/ECE4191G11/ROS/install/robot_interfaces/include/robot_interfaces/robot_interfaces/msg/distances.h
[1.187s] -- Up-to-date: /home/lingc/ECE4191G11/ROS/install/robot_interfaces/share/robot_interfaces/environment/library_path.sh
[1.187s] -- Up-to-date: /home/lingc/ECE4191G11/ROS/install/robot_interfaces/share/robot_interfaces/environment/library_path.dsv
[1.187s] -- Up-to-date: /home/lingc/ECE4191G11/ROS/install/robot_interfaces/lib/librobot_interfaces__rosidl_generator_c.so
[1.188s] -- Up-to-date: /home/lingc/ECE4191G11/ROS/install/robot_interfaces/include/robot_interfaces/robot_interfaces
[1.188s] -- Up-to-date: /home/lingc/ECE4191G11/ROS/install/robot_interfaces/include/robot_interfaces/robot_interfaces/msg
[1.188s] -- Up-to-date: /home/lingc/ECE4191G11/ROS/install/robot_interfaces/include/robot_interfaces/robot_interfaces/msg/detail
[1.188s] -- Up-to-date: /home/lingc/ECE4191G11/ROS/install/robot_interfaces/include/robot_interfaces/robot_interfaces/msg/detail/waypoint__rosidl_typesupport_fastrtps_c.h
[1.188s] -- Up-to-date: /home/lingc/ECE4191G11/ROS/install/robot_interfaces/include/robot_interfaces/robot_interfaces/msg/detail/distances__rosidl_typesupport_fastrtps_c.h
[1.188s] -- Up-to-date: /home/lingc/ECE4191G11/ROS/install/robot_interfaces/include/robot_interfaces/robot_interfaces/msg/detail/encoder_info__rosidl_typesupport_fastrtps_c.h
[1.188s] -- Up-to-date: /home/lingc/ECE4191G11/ROS/install/robot_interfaces/include/robot_interfaces/robot_interfaces/msg/detail/pose__rosidl_typesupport_fastrtps_c.h
[1.188s] -- Up-to-date: /home/lingc/ECE4191G11/ROS/install/robot_interfaces/include/robot_interfaces/robot_interfaces/msg/rosidl_typesupport_fastrtps_c__visibility_control.h
[1.188s] -- Up-to-date: /home/lingc/ECE4191G11/ROS/install/robot_interfaces/lib/librobot_interfaces__rosidl_typesupport_fastrtps_c.so
[1.188s] -- Up-to-date: /home/lingc/ECE4191G11/ROS/install/robot_interfaces/include/robot_interfaces/robot_interfaces
[1.188s] -- Up-to-date: /home/lingc/ECE4191G11/ROS/install/robot_interfaces/include/robot_interfaces/robot_interfaces/msg
[1.188s] -- Up-to-date: /home/lingc/ECE4191G11/ROS/install/robot_interfaces/include/robot_interfaces/robot_interfaces/msg/rosidl_typesupport_introspection_c__visibility_control.h
[1.188s] -- Up-to-date: /home/lingc/ECE4191G11/ROS/install/robot_interfaces/include/robot_interfaces/robot_interfaces/msg/detail
[1.188s] -- Up-to-date: /home/lingc/ECE4191G11/ROS/install/robot_interfaces/include/robot_interfaces/robot_interfaces/msg/detail/encoder_info__rosidl_typesupport_introspection_c.h
[1.188s] -- Up-to-date: /home/lingc/ECE4191G11/ROS/install/robot_interfaces/include/robot_interfaces/robot_interfaces/msg/detail/distances__rosidl_typesupport_introspection_c.h
[1.188s] -- Up-to-date: /home/lingc/ECE4191G11/ROS/install/robot_interfaces/include/robot_interfaces/robot_interfaces/msg/detail/waypoint__type_support.c
[1.188s] -- Up-to-date: /home/lingc/ECE4191G11/ROS/install/robot_interfaces/include/robot_interfaces/robot_interfaces/msg/detail/pose__type_support.c
[1.188s] -- Up-to-date: /home/lingc/ECE4191G11/ROS/install/robot_interfaces/include/robot_interfaces/robot_interfaces/msg/detail/encoder_info__type_support.c
[1.189s] -- Up-to-date: /home/lingc/ECE4191G11/ROS/install/robot_interfaces/include/robot_interfaces/robot_interfaces/msg/detail/pose__rosidl_typesupport_introspection_c.h
[1.189s] -- Up-to-date: /home/lingc/ECE4191G11/ROS/install/robot_interfaces/include/robot_interfaces/robot_interfaces/msg/detail/distances__type_support.c
[1.189s] -- Up-to-date: /home/lingc/ECE4191G11/ROS/install/robot_interfaces/include/robot_interfaces/robot_interfaces/msg/detail/waypoint__rosidl_typesupport_introspection_c.h
[1.189s] -- Up-to-date: /home/lingc/ECE4191G11/ROS/install/robot_interfaces/lib/librobot_interfaces__rosidl_typesupport_introspection_c.so
[1.189s] -- Up-to-date: /home/lingc/ECE4191G11/ROS/install/robot_interfaces/lib/librobot_interfaces__rosidl_typesupport_c.so
[1.189s] -- Up-to-date: /home/lingc/ECE4191G11/ROS/install/robot_interfaces/include/robot_interfaces/robot_interfaces
[1.189s] -- Up-to-date: /home/lingc/ECE4191G11/ROS/install/robot_interfaces/include/robot_interfaces/robot_interfaces/msg
[1.189s] -- Up-to-date: /home/lingc/ECE4191G11/ROS/install/robot_interfaces/include/robot_interfaces/robot_interfaces/msg/waypoint.hpp
[1.189s] -- Up-to-date: /home/lingc/ECE4191G11/ROS/install/robot_interfaces/include/robot_interfaces/robot_interfaces/msg/encoder_info.hpp
[1.189s] -- Up-to-date: /home/lingc/ECE4191G11/ROS/install/robot_interfaces/include/robot_interfaces/robot_interfaces/msg/pose.hpp
[1.189s] -- Up-to-date: /home/lingc/ECE4191G11/ROS/install/robot_interfaces/include/robot_interfaces/robot_interfaces/msg/detail
[1.189s] -- Up-to-date: /home/lingc/ECE4191G11/ROS/install/robot_interfaces/include/robot_interfaces/robot_interfaces/msg/detail/pose__builder.hpp
[1.189s] -- Up-to-date: /home/lingc/ECE4191G11/ROS/install/robot_interfaces/include/robot_interfaces/robot_interfaces/msg/detail/encoder_info__struct.hpp
[1.189s] -- Up-to-date: /home/lingc/ECE4191G11/ROS/install/robot_interfaces/include/robot_interfaces/robot_interfaces/msg/detail/waypoint__builder.hpp
[1.189s] -- Up-to-date: /home/lingc/ECE4191G11/ROS/install/robot_interfaces/include/robot_interfaces/robot_interfaces/msg/detail/waypoint__struct.hpp
[1.189s] -- Up-to-date: /home/lingc/ECE4191G11/ROS/install/robot_interfaces/include/robot_interfaces/robot_interfaces/msg/detail/encoder_info__builder.hpp
[1.189s] -- Up-to-date: /home/lingc/ECE4191G11/ROS/install/robot_interfaces/include/robot_interfaces/robot_interfaces/msg/detail/waypoint__traits.hpp
[1.190s] -- Up-to-date: /home/lingc/ECE4191G11/ROS/install/robot_interfaces/include/robot_interfaces/robot_interfaces/msg/detail/encoder_info__traits.hpp
[1.190s] -- Up-to-date: /home/lingc/ECE4191G11/ROS/install/robot_interfaces/include/robot_interfaces/robot_interfaces/msg/detail/distances__builder.hpp
[1.190s] -- Up-to-date: /home/lingc/ECE4191G11/ROS/install/robot_interfaces/include/robot_interfaces/robot_interfaces/msg/detail/distances__traits.hpp
[1.190s] -- Up-to-date: /home/lingc/ECE4191G11/ROS/install/robot_interfaces/include/robot_interfaces/robot_interfaces/msg/detail/pose__traits.hpp
[1.190s] -- Up-to-date: /home/lingc/ECE4191G11/ROS/install/robot_interfaces/include/robot_interfaces/robot_interfaces/msg/detail/pose__struct.hpp
[1.190s] -- Up-to-date: /home/lingc/ECE4191G11/ROS/install/robot_interfaces/include/robot_interfaces/robot_interfaces/msg/detail/distances__struct.hpp
[1.190s] -- Up-to-date: /home/lingc/ECE4191G11/ROS/install/robot_interfaces/include/robot_interfaces/robot_interfaces/msg/distances.hpp
[1.190s] -- Up-to-date: /home/lingc/ECE4191G11/ROS/install/robot_interfaces/include/robot_interfaces/robot_interfaces
[1.190s] -- Up-to-date: /home/lingc/ECE4191G11/ROS/install/robot_interfaces/include/robot_interfaces/robot_interfaces/msg
[1.190s] -- Up-to-date: /home/lingc/ECE4191G11/ROS/install/robot_interfaces/include/robot_interfaces/robot_interfaces/msg/detail
[1.190s] -- Up-to-date: /home/lingc/ECE4191G11/ROS/install/robot_interfaces/include/robot_interfaces/robot_interfaces/msg/detail/waypoint__rosidl_typesupport_fastrtps_cpp.hpp
[1.190s] -- Up-to-date: /home/lingc/ECE4191G11/ROS/install/robot_interfaces/include/robot_interfaces/robot_interfaces/msg/detail/dds_fastrtps
[1.190s] -- Up-to-date: /home/lingc/ECE4191G11/ROS/install/robot_interfaces/include/robot_interfaces/robot_interfaces/msg/detail/encoder_info__rosidl_typesupport_fastrtps_cpp.hpp
[1.190s] -- Up-to-date: /home/lingc/ECE4191G11/ROS/install/robot_interfaces/include/robot_interfaces/robot_interfaces/msg/detail/pose__rosidl_typesupport_fastrtps_cpp.hpp
[1.190s] -- Up-to-date: /home/lingc/ECE4191G11/ROS/install/robot_interfaces/include/robot_interfaces/robot_interfaces/msg/detail/distances__rosidl_typesupport_fastrtps_cpp.hpp
[1.190s] -- Up-to-date: /home/lingc/ECE4191G11/ROS/install/robot_interfaces/include/robot_interfaces/robot_interfaces/msg/rosidl_typesupport_fastrtps_cpp__visibility_control.h
[1.190s] -- Up-to-date: /home/lingc/ECE4191G11/ROS/install/robot_interfaces/lib/librobot_interfaces__rosidl_typesupport_fastrtps_cpp.so
[1.191s] -- Up-to-date: /home/lingc/ECE4191G11/ROS/install/robot_interfaces/include/robot_interfaces/robot_interfaces
[1.191s] -- Up-to-date: /home/lingc/ECE4191G11/ROS/install/robot_interfaces/include/robot_interfaces/robot_interfaces/msg
[1.191s] -- Up-to-date: /home/lingc/ECE4191G11/ROS/install/robot_interfaces/include/robot_interfaces/robot_interfaces/msg/detail
[1.191s] -- Up-to-date: /home/lingc/ECE4191G11/ROS/install/robot_interfaces/include/robot_interfaces/robot_interfaces/msg/detail/distances__rosidl_typesupport_introspection_cpp.hpp
[1.191s] -- Up-to-date: /home/lingc/ECE4191G11/ROS/install/robot_interfaces/include/robot_interfaces/robot_interfaces/msg/detail/pose__rosidl_typesupport_introspection_cpp.hpp
[1.191s] -- Up-to-date: /home/lingc/ECE4191G11/ROS/install/robot_interfaces/include/robot_interfaces/robot_interfaces/msg/detail/encoder_info__rosidl_typesupport_introspection_cpp.hpp
[1.191s] -- Up-to-date: /home/lingc/ECE4191G11/ROS/install/robot_interfaces/include/robot_interfaces/robot_interfaces/msg/detail/waypoint__type_support.cpp
[1.191s] -- Up-to-date: /home/lingc/ECE4191G11/ROS/install/robot_interfaces/include/robot_interfaces/robot_interfaces/msg/detail/waypoint__rosidl_typesupport_introspection_cpp.hpp
[1.191s] -- Up-to-date: /home/lingc/ECE4191G11/ROS/install/robot_interfaces/include/robot_interfaces/robot_interfaces/msg/detail/distances__type_support.cpp
[1.191s] -- Up-to-date: /home/lingc/ECE4191G11/ROS/install/robot_interfaces/include/robot_interfaces/robot_interfaces/msg/detail/pose__type_support.cpp
[1.191s] -- Up-to-date: /home/lingc/ECE4191G11/ROS/install/robot_interfaces/include/robot_interfaces/robot_interfaces/msg/detail/encoder_info__type_support.cpp
[1.191s] -- Up-to-date: /home/lingc/ECE4191G11/ROS/install/robot_interfaces/lib/librobot_interfaces__rosidl_typesupport_introspection_cpp.so
[1.191s] -- Up-to-date: /home/lingc/ECE4191G11/ROS/install/robot_interfaces/lib/librobot_interfaces__rosidl_typesupport_cpp.so
[1.191s] -- Up-to-date: /home/lingc/ECE4191G11/ROS/install/robot_interfaces/share/robot_interfaces/environment/pythonpath.sh
[1.191s] -- Up-to-date: /home/lingc/ECE4191G11/ROS/install/robot_interfaces/share/robot_interfaces/environment/pythonpath.dsv
[1.191s] -- Up-to-date: /home/lingc/ECE4191G11/ROS/install/robot_interfaces/local/lib/python3.10/dist-packages/robot_interfaces-0.0.0-py3.10.egg-info
[1.191s] -- Installing: /home/lingc/ECE4191G11/ROS/install/robot_interfaces/local/lib/python3.10/dist-packages/robot_interfaces-0.0.0-py3.10.egg-info/PKG-INFO
[1.191s] -- Installing: /home/lingc/ECE4191G11/ROS/install/robot_interfaces/local/lib/python3.10/dist-packages/robot_interfaces-0.0.0-py3.10.egg-info/dependency_links.txt
[1.192s] -- Installing: /home/lingc/ECE4191G11/ROS/install/robot_interfaces/local/lib/python3.10/dist-packages/robot_interfaces-0.0.0-py3.10.egg-info/top_level.txt
[1.192s] -- Installing: /home/lingc/ECE4191G11/ROS/install/robot_interfaces/local/lib/python3.10/dist-packages/robot_interfaces-0.0.0-py3.10.egg-info/SOURCES.txt
[1.192s] -- Up-to-date: /home/lingc/ECE4191G11/ROS/install/robot_interfaces/local/lib/python3.10/dist-packages/robot_interfaces
[1.192s] -- Up-to-date: /home/lingc/ECE4191G11/ROS/install/robot_interfaces/local/lib/python3.10/dist-packages/robot_interfaces/msg
[1.195s] -- Up-to-date: /home/lingc/ECE4191G11/ROS/install/robot_interfaces/local/lib/python3.10/dist-packages/robot_interfaces/msg/_waypoint_s.c
[1.196s] -- Up-to-date: /home/lingc/ECE4191G11/ROS/install/robot_interfaces/local/lib/python3.10/dist-packages/robot_interfaces/msg/_distances.py
[1.196s] -- Up-to-date: /home/lingc/ECE4191G11/ROS/install/robot_interfaces/local/lib/python3.10/dist-packages/robot_interfaces/msg/__init__.py
[1.196s] -- Up-to-date: /home/lingc/ECE4191G11/ROS/install/robot_interfaces/local/lib/python3.10/dist-packages/robot_interfaces/msg/_waypoint.py
[1.196s] -- Up-to-date: /home/lingc/ECE4191G11/ROS/install/robot_interfaces/local/lib/python3.10/dist-packages/robot_interfaces/msg/_distances_s.c
[1.196s] -- Up-to-date: /home/lingc/ECE4191G11/ROS/install/robot_interfaces/local/lib/python3.10/dist-packages/robot_interfaces/msg/_encoder_info_s.c
[1.196s] -- Up-to-date: /home/lingc/ECE4191G11/ROS/install/robot_interfaces/local/lib/python3.10/dist-packages/robot_interfaces/msg/_pose_s.c
[1.196s] -- Up-to-date: /home/lingc/ECE4191G11/ROS/install/robot_interfaces/local/lib/python3.10/dist-packages/robot_interfaces/msg/_pose.py
[1.196s] -- Up-to-date: /home/lingc/ECE4191G11/ROS/install/robot_interfaces/local/lib/python3.10/dist-packages/robot_interfaces/msg/_encoder_info.py
[1.196s] -- Up-to-date: /home/lingc/ECE4191G11/ROS/install/robot_interfaces/local/lib/python3.10/dist-packages/robot_interfaces/_robot_interfaces_s.ep.rosidl_typesupport_c.c
[1.196s] -- Up-to-date: /home/lingc/ECE4191G11/ROS/install/robot_interfaces/local/lib/python3.10/dist-packages/robot_interfaces/librobot_interfaces__rosidl_generator_py.so
[1.196s] -- Up-to-date: /home/lingc/ECE4191G11/ROS/install/robot_interfaces/local/lib/python3.10/dist-packages/robot_interfaces/__init__.py
[1.196s] -- Up-to-date: /home/lingc/ECE4191G11/ROS/install/robot_interfaces/local/lib/python3.10/dist-packages/robot_interfaces/robot_interfaces_s__rosidl_typesupport_c.cpython-310-x86_64-linux-gnu.so
[1.196s] -- Up-to-date: /home/lingc/ECE4191G11/ROS/install/robot_interfaces/local/lib/python3.10/dist-packages/robot_interfaces/robot_interfaces_s__rosidl_typesupport_fastrtps_c.cpython-310-x86_64-linux-gnu.so
[1.197s] -- Up-to-date: /home/lingc/ECE4191G11/ROS/install/robot_interfaces/local/lib/python3.10/dist-packages/robot_interfaces/_robot_interfaces_s.ep.rosidl_typesupport_fastrtps_c.c
[1.197s] -- Up-to-date: /home/lingc/ECE4191G11/ROS/install/robot_interfaces/local/lib/python3.10/dist-packages/robot_interfaces/_robot_interfaces_s.ep.rosidl_typesupport_introspection_c.c
[1.197s] -- Up-to-date: /home/lingc/ECE4191G11/ROS/install/robot_interfaces/local/lib/python3.10/dist-packages/robot_interfaces/robot_interfaces_s__rosidl_typesupport_introspection_c.cpython-310-x86_64-linux-gnu.so
[1.239s] Listing '/home/lingc/ECE4191G11/ROS/install/robot_interfaces/local/lib/python3.10/dist-packages/robot_interfaces'...
[1.239s] Listing '/home/lingc/ECE4191G11/ROS/install/robot_interfaces/local/lib/python3.10/dist-packages/robot_interfaces/msg'...
[1.246s] -- Up-to-date: /home/lingc/ECE4191G11/ROS/install/robot_interfaces/local/lib/python3.10/dist-packages/robot_interfaces/robot_interfaces_s__rosidl_typesupport_fastrtps_c.cpython-310-x86_64-linux-gnu.so
[1.246s] -- Up-to-date: /home/lingc/ECE4191G11/ROS/install/robot_interfaces/local/lib/python3.10/dist-packages/robot_interfaces/robot_interfaces_s__rosidl_typesupport_introspection_c.cpython-310-x86_64-linux-gnu.so
[1.246s] -- Up-to-date: /home/lingc/ECE4191G11/ROS/install/robot_interfaces/local/lib/python3.10/dist-packages/robot_interfaces/robot_interfaces_s__rosidl_typesupport_c.cpython-310-x86_64-linux-gnu.so
[1.247s] -- Up-to-date: /home/lingc/ECE4191G11/ROS/install/robot_interfaces/lib/librobot_interfaces__rosidl_generator_py.so
[1.247s] -- Up-to-date: /home/lingc/ECE4191G11/ROS/install/robot_interfaces/share/robot_interfaces/msg/Waypoint.idl
[1.248s] -- Up-to-date: /home/lingc/ECE4191G11/ROS/install/robot_interfaces/share/robot_interfaces/msg/Pose.idl
[1.248s] -- Up-to-date: /home/lingc/ECE4191G11/ROS/install/robot_interfaces/share/robot_interfaces/msg/Distances.idl
[1.249s] -- Up-to-date: /home/lingc/ECE4191G11/ROS/install/robot_interfaces/share/robot_interfaces/msg/EncoderInfo.idl
[1.249s] -- Up-to-date: /home/lingc/ECE4191G11/ROS/install/robot_interfaces/share/robot_interfaces/msg/Waypoint.msg
[1.249s] -- Up-to-date: /home/lingc/ECE4191G11/ROS/install/robot_interfaces/share/robot_interfaces/msg/Pose.msg
[1.250s] -- Up-to-date: /home/lingc/ECE4191G11/ROS/install/robot_interfaces/share/robot_interfaces/msg/Distances.msg
[1.250s] -- Up-to-date: /home/lingc/ECE4191G11/ROS/install/robot_interfaces/share/robot_interfaces/msg/EncoderInfo.msg
[1.250s] -- Up-to-date: /home/lingc/ECE4191G11/ROS/install/robot_interfaces/share/ament_index/resource_index/package_run_dependencies/robot_interfaces
[1.250s] -- Up-to-date: /home/lingc/ECE4191G11/ROS/install/robot_interfaces/share/ament_index/resource_index/parent_prefix_path/robot_interfaces
[1.250s] -- Up-to-date: /home/lingc/ECE4191G11/ROS/install/robot_interfaces/share/robot_interfaces/environment/ament_prefix_path.sh
[1.250s] -- Up-to-date: /home/lingc/ECE4191G11/ROS/install/robot_interfaces/share/robot_interfaces/environment/ament_prefix_path.dsv
[1.250s] -- Up-to-date: /home/lingc/ECE4191G11/ROS/install/robot_interfaces/share/robot_interfaces/environment/path.sh
[1.251s] -- Up-to-date: /home/lingc/ECE4191G11/ROS/install/robot_interfaces/share/robot_interfaces/environment/path.dsv
[1.251s] -- Up-to-date: /home/lingc/ECE4191G11/ROS/install/robot_interfaces/share/robot_interfaces/local_setup.bash
[1.251s] -- Up-to-date: /home/lingc/ECE4191G11/ROS/install/robot_interfaces/share/robot_interfaces/local_setup.sh
[1.251s] -- Up-to-date: /home/lingc/ECE4191G11/ROS/install/robot_interfaces/share/robot_interfaces/local_setup.zsh
[1.251s] -- Up-to-date: /home/lingc/ECE4191G11/ROS/install/robot_interfaces/share/robot_interfaces/local_setup.dsv
[1.251s] -- Installing: /home/lingc/ECE4191G11/ROS/install/robot_interfaces/share/robot_interfaces/package.dsv
[1.251s] -- Up-to-date: /home/lingc/ECE4191G11/ROS/install/robot_interfaces/share/ament_index/resource_index/packages/robot_interfaces
[1.251s] -- Up-to-date: /home/lingc/ECE4191G11/ROS/install/robot_interfaces/share/robot_interfaces/cmake/export_robot_interfaces__rosidl_generator_cExport.cmake
[1.251s] -- Up-to-date: /home/lingc/ECE4191G11/ROS/install/robot_interfaces/share/robot_interfaces/cmake/export_robot_interfaces__rosidl_generator_cExport-noconfig.cmake
[1.251s] -- Up-to-date: /home/lingc/ECE4191G11/ROS/install/robot_interfaces/share/robot_interfaces/cmake/export_robot_interfaces__rosidl_typesupport_fastrtps_cExport.cmake
[1.252s] -- Up-to-date: /home/lingc/ECE4191G11/ROS/install/robot_interfaces/share/robot_interfaces/cmake/export_robot_interfaces__rosidl_typesupport_fastrtps_cExport-noconfig.cmake
[1.252s] -- Up-to-date: /home/lingc/ECE4191G11/ROS/install/robot_interfaces/share/robot_interfaces/cmake/robot_interfaces__rosidl_typesupport_introspection_cExport.cmake
[1.252s] -- Up-to-date: /home/lingc/ECE4191G11/ROS/install/robot_interfaces/share/robot_interfaces/cmake/robot_interfaces__rosidl_typesupport_introspection_cExport-noconfig.cmake
[1.254s] -- Up-to-date: /home/lingc/ECE4191G11/ROS/install/robot_interfaces/share/robot_interfaces/cmake/robot_interfaces__rosidl_typesupport_cExport.cmake
[1.254s] -- Up-to-date: /home/lingc/ECE4191G11/ROS/install/robot_interfaces/share/robot_interfaces/cmake/robot_interfaces__rosidl_typesupport_cExport-noconfig.cmake
[1.254s] -- Up-to-date: /home/lingc/ECE4191G11/ROS/install/robot_interfaces/share/robot_interfaces/cmake/export_robot_interfaces__rosidl_generator_cppExport.cmake
[1.254s] -- Up-to-date: /home/lingc/ECE4191G11/ROS/install/robot_interfaces/share/robot_interfaces/cmake/export_robot_interfaces__rosidl_typesupport_fastrtps_cppExport.cmake
[1.256s] -- Up-to-date: /home/lingc/ECE4191G11/ROS/install/robot_interfaces/share/robot_interfaces/cmake/export_robot_interfaces__rosidl_typesupport_fastrtps_cppExport-noconfig.cmake
[1.256s] -- Up-to-date: /home/lingc/ECE4191G11/ROS/install/robot_interfaces/share/robot_interfaces/cmake/robot_interfaces__rosidl_typesupport_introspection_cppExport.cmake
[1.256s] -- Up-to-date: /home/lingc/ECE4191G11/ROS/install/robot_interfaces/share/robot_interfaces/cmake/robot_interfaces__rosidl_typesupport_introspection_cppExport-noconfig.cmake
[1.256s] -- Up-to-date: /home/lingc/ECE4191G11/ROS/install/robot_interfaces/share/robot_interfaces/cmake/robot_interfaces__rosidl_typesupport_cppExport.cmake
[1.256s] -- Up-to-date: /home/lingc/ECE4191G11/ROS/install/robot_interfaces/share/robot_interfaces/cmake/robot_interfaces__rosidl_typesupport_cppExport-noconfig.cmake
[1.256s] -- Up-to-date: /home/lingc/ECE4191G11/ROS/install/robot_interfaces/share/robot_interfaces/cmake/export_robot_interfaces__rosidl_generator_pyExport.cmake
[1.256s] -- Up-to-date: /home/lingc/ECE4191G11/ROS/install/robot_interfaces/share/robot_interfaces/cmake/export_robot_interfaces__rosidl_generator_pyExport-noconfig.cmake
[1.256s] -- Up-to-date: /home/lingc/ECE4191G11/ROS/install/robot_interfaces/share/robot_interfaces/cmake/rosidl_cmake-extras.cmake
[1.257s] -- Up-to-date: /home/lingc/ECE4191G11/ROS/install/robot_interfaces/share/robot_interfaces/cmake/ament_cmake_export_include_directories-extras.cmake
[1.257s] -- Up-to-date: /home/lingc/ECE4191G11/ROS/install/robot_interfaces/share/robot_interfaces/cmake/ament_cmake_export_libraries-extras.cmake
[1.257s] -- Up-to-date: /home/lingc/ECE4191G11/ROS/install/robot_interfaces/share/robot_interfaces/cmake/ament_cmake_export_targets-extras.cmake
[1.257s] -- Up-to-date: /home/lingc/ECE4191G11/ROS/install/robot_interfaces/share/robot_interfaces/cmake/rosidl_cmake_export_typesupport_targets-extras.cmake
[1.257s] -- Up-to-date: /home/lingc/ECE4191G11/ROS/install/robot_interfaces/share/robot_interfaces/cmake/ament_cmake_export_dependencies-extras.cmake
[1.257s] -- Up-to-date: /home/lingc/ECE4191G11/ROS/install/robot_interfaces/share/robot_interfaces/cmake/rosidl_cmake_export_typesupport_libraries-extras.cmake
[1.257s] -- Up-to-date: /home/lingc/ECE4191G11/ROS/install/robot_interfaces/share/robot_interfaces/cmake/robot_interfacesConfig.cmake
[1.258s] -- Up-to-date: /home/lingc/ECE4191G11/ROS/install/robot_interfaces/share/robot_interfaces/cmake/robot_interfacesConfig-version.cmake
[1.258s] -- Up-to-date: /home/lingc/ECE4191G11/ROS/install/robot_interfaces/share/robot_interfaces/package.xml
[1.274s] Invoked command in '/home/lingc/ECE4191G11/ROS/build/robot_interfaces' returned '0': CMAKE_PREFIX_PATH=${CMAKE_PREFIX_PATH}:/home/lingc/ECE4191G11/ROS/install/robot_controller:/opt/ros/humble /usr/bin/cmake --install /home/lingc/ECE4191G11/ROS/build/robot_interfaces
