[0.072s] Invoking command in '/home/rpi-team11/ECE4191G11/ROS_Pi/build/robot_interfaces': CMAKE_PREFIX_PATH=${CMAKE_PREFIX_PATH}:/home/rpi-team11/ECE4191G11/ROS_Pi/install/robot_controller:/opt/ros/humble /usr/bin/cmake /home/rpi-team11/ECE4191G11/ROS_Pi/src/robot_interfaces -DCMAKE_INSTALL_PREFIX=/home/rpi-team11/ECE4191G11/ROS_Pi/install/robot_interfaces
[0.450s] -- The C compiler identification is GNU 11.4.0
[0.720s] -- The CXX compiler identification is GNU 11.4.0
[0.750s] -- Detecting C compiler ABI info
[1.096s] -- Detecting C compiler ABI info - done
[1.123s] -- Check for working C compiler: /usr/bin/cc - skipped
[1.124s] -- Detecting C compile features
[1.125s] -- Detecting C compile features - done
[1.138s] -- Detecting CXX compiler ABI info
[1.514s] -- Detecting CXX compiler ABI info - done
[1.542s] -- Check for working CXX compiler: /usr/bin/c++ - skipped
[1.543s] -- Detecting CXX compile features
[1.545s] -- Detecting CXX compile features - done
[1.581s] -- Found ament_cmake: 1.3.5 (/opt/ros/humble/share/ament_cmake/cmake)
[2.606s] -- Found Python3: /usr/bin/python3.10 (found version "3.10.12") found components: Interpreter 
[3.294s] -- Found rosidl_default_generators: 1.2.0 (/opt/ros/humble/share/rosidl_default_generators/cmake)
[3.320s] -- Using all available rosidl_typesupport_c: rosidl_typesupport_fastrtps_c;rosidl_typesupport_introspection_c
[3.382s] -- Found rosidl_adapter: 3.1.5 (/opt/ros/humble/share/rosidl_adapter/cmake)
[3.722s] -- Using all available rosidl_typesupport_cpp: rosidl_typesupport_fastrtps_cpp;rosidl_typesupport_introspection_cpp
[5.589s] -- Found ament_cmake_ros: 0.10.0 (/opt/ros/humble/share/ament_cmake_ros/cmake)
[6.663s] -- Using all available rosidl_typesupport_c: rosidl_typesupport_fastrtps_c;rosidl_typesupport_introspection_c
[7.730s] -- Using all available rosidl_typesupport_cpp: rosidl_typesupport_fastrtps_cpp;rosidl_typesupport_introspection_cpp
[7.834s] -- Found PythonInterp: /usr/bin/python3 (found suitable version "3.10.12", minimum required is "3.6") 
[7.850s] -- Found python_cmake_module: 0.10.0 (/opt/ros/humble/share/python_cmake_module/cmake)
[7.963s] -- Found PythonLibs: /usr/lib/aarch64-linux-gnu/libpython3.10.so (found suitable version "3.10.12", minimum required is "3.5") 
[7.963s] -- Using PYTHON_EXECUTABLE: /usr/bin/python3
[7.963s] -- Using PYTHON_INCLUDE_DIRS: /usr/include/python3.10
[7.964s] -- Using PYTHON_LIBRARIES: /usr/lib/aarch64-linux-gnu/libpython3.10.so
[8.060s] -- Found PythonExtra: .so  
[8.248s] -- Configuring done
[8.457s] -- Generating done
[8.471s] -- Build files have been written to: /home/rpi-team11/ECE4191G11/ROS_Pi/build/robot_interfaces
[8.490s] Invoked command in '/home/rpi-team11/ECE4191G11/ROS_Pi/build/robot_interfaces' returned '0': CMAKE_PREFIX_PATH=${CMAKE_PREFIX_PATH}:/home/rpi-team11/ECE4191G11/ROS_Pi/install/robot_controller:/opt/ros/humble /usr/bin/cmake /home/rpi-team11/ECE4191G11/ROS_Pi/src/robot_interfaces -DCMAKE_INSTALL_PREFIX=/home/rpi-team11/ECE4191G11/ROS_Pi/install/robot_interfaces
[8.500s] Invoking command in '/home/rpi-team11/ECE4191G11/ROS_Pi/build/robot_interfaces': CMAKE_PREFIX_PATH=${CMAKE_PREFIX_PATH}:/home/rpi-team11/ECE4191G11/ROS_Pi/install/robot_controller:/opt/ros/humble /usr/bin/cmake --build /home/rpi-team11/ECE4191G11/ROS_Pi/build/robot_interfaces -- -j4 -l4
[8.666s] [  1%] [34m[1mGenerating C code for ROS interfaces[0m
[8.707s] [  2%] [34m[1mGenerating C++ code for ROS interfaces[0m
[8.746s] [  2%] Built target ament_cmake_python_copy_robot_interfaces
[10.212s] running egg_info
[10.214s] creating robot_interfaces.egg-info
[10.215s] writing robot_interfaces.egg-info/PKG-INFO
[10.216s] writing dependency_links to robot_interfaces.egg-info/dependency_links.txt
[10.217s] writing top-level names to robot_interfaces.egg-info/top_level.txt
[10.218s] writing manifest file 'robot_interfaces.egg-info/SOURCES.txt'
[10.227s] reading manifest file 'robot_interfaces.egg-info/SOURCES.txt'
[10.230s] writing manifest file 'robot_interfaces.egg-info/SOURCES.txt'
[10.365s] [  2%] Built target ament_cmake_python_build_robot_interfaces_egg
[11.679s] [  2%] Built target robot_interfaces__cpp
[11.726s] [  3%] [34m[1mGenerating C++ type support dispatch for ROS interfaces[0m
[11.776s] [  4%] [34m[1mGenerating C++ type support for eProsima Fast-RTPS[0m
[11.798s] [  5%] [34m[1mGenerating C++ introspection for ROS interfaces[0m
[11.844s] [  6%] [32mBuilding C object CMakeFiles/robot_interfaces__rosidl_generator_c.dir/rosidl_generator_c/robot_interfaces/msg/detail/des_state__functions.c.o[0m
[12.132s] [  8%] [32mBuilding C object CMakeFiles/robot_interfaces__rosidl_generator_c.dir/rosidl_generator_c/robot_interfaces/msg/detail/pose__functions.c.o[0m
[12.392s] [  9%] [32mBuilding C object CMakeFiles/robot_interfaces__rosidl_generator_c.dir/rosidl_generator_c/robot_interfaces/msg/detail/distances__functions.c.o[0m
[12.648s] [ 10%] [32mBuilding C object CMakeFiles/robot_interfaces__rosidl_generator_c.dir/rosidl_generator_c/robot_interfaces/msg/detail/encoder_info__functions.c.o[0m
[13.036s] [ 11%] [32mBuilding C object CMakeFiles/robot_interfaces__rosidl_generator_c.dir/rosidl_generator_c/robot_interfaces/msg/detail/obstacles__functions.c.o[0m
[13.279s] [ 12%] [32mBuilding C object CMakeFiles/robot_interfaces__rosidl_generator_c.dir/rosidl_generator_c/robot_interfaces/msg/detail/qr_data__functions.c.o[0m
[13.556s] [ 13%] [32mBuilding C object CMakeFiles/robot_interfaces__rosidl_generator_c.dir/rosidl_generator_c/robot_interfaces/msg/detail/flag__functions.c.o[0m
[13.758s] [ 14%] [32mBuilding CXX object CMakeFiles/robot_interfaces__rosidl_typesupport_cpp.dir/rosidl_typesupport_cpp/robot_interfaces/msg/des_state__type_support.cpp.o[0m
[13.807s] [ 16%] [32mBuilding C object CMakeFiles/robot_interfaces__rosidl_generator_c.dir/rosidl_generator_c/robot_interfaces/msg/detail/json_data__functions.c.o[0m
[14.071s] [ 17%] [32m[1mLinking C shared library librobot_interfaces__rosidl_generator_c.so[0m
[14.328s] [ 17%] Built target robot_interfaces__rosidl_generator_c
[14.394s] [ 18%] [34m[1mGenerating C type support for eProsima Fast-RTPS[0m
[14.528s] [ 19%] [32mBuilding CXX object CMakeFiles/robot_interfaces__rosidl_typesupport_introspection_cpp.dir/rosidl_typesupport_introspection_cpp/robot_interfaces/msg/detail/des_state__type_support.cpp.o[0m
[14.880s] [ 20%] [32mBuilding CXX object CMakeFiles/robot_interfaces__rosidl_typesupport_fastrtps_cpp.dir/rosidl_typesupport_fastrtps_cpp/robot_interfaces/msg/detail/dds_fastrtps/des_state__type_support.cpp.o[0m
[15.487s] [ 21%] [32mBuilding CXX object CMakeFiles/robot_interfaces__rosidl_typesupport_cpp.dir/rosidl_typesupport_cpp/robot_interfaces/msg/pose__type_support.cpp.o[0m
[16.782s] [ 22%] [32mBuilding CXX object CMakeFiles/robot_interfaces__rosidl_typesupport_introspection_cpp.dir/rosidl_typesupport_introspection_cpp/robot_interfaces/msg/detail/pose__type_support.cpp.o[0m
[17.137s] [ 24%] [32mBuilding CXX object CMakeFiles/robot_interfaces__rosidl_typesupport_cpp.dir/rosidl_typesupport_cpp/robot_interfaces/msg/distances__type_support.cpp.o[0m
[17.293s] [ 25%] [32mBuilding CXX object CMakeFiles/robot_interfaces__rosidl_typesupport_fastrtps_cpp.dir/rosidl_typesupport_fastrtps_cpp/robot_interfaces/msg/detail/dds_fastrtps/pose__type_support.cpp.o[0m
[17.597s] [ 26%] [32mBuilding CXX object CMakeFiles/robot_interfaces__rosidl_typesupport_fastrtps_c.dir/rosidl_typesupport_fastrtps_c/robot_interfaces/msg/detail/des_state__type_support_c.cpp.o[0m
[18.730s] [ 27%] [32mBuilding CXX object CMakeFiles/robot_interfaces__rosidl_typesupport_cpp.dir/rosidl_typesupport_cpp/robot_interfaces/msg/encoder_info__type_support.cpp.o[0m
[19.072s] [ 28%] [32mBuilding CXX object CMakeFiles/robot_interfaces__rosidl_typesupport_introspection_cpp.dir/rosidl_typesupport_introspection_cpp/robot_interfaces/msg/detail/distances__type_support.cpp.o[0m
[19.608s] [ 29%] [32mBuilding CXX object CMakeFiles/robot_interfaces__rosidl_typesupport_fastrtps_c.dir/rosidl_typesupport_fastrtps_c/robot_interfaces/msg/detail/pose__type_support_c.cpp.o[0m
[19.631s] [ 31%] [32mBuilding CXX object CMakeFiles/robot_interfaces__rosidl_typesupport_fastrtps_cpp.dir/rosidl_typesupport_fastrtps_cpp/robot_interfaces/msg/detail/dds_fastrtps/distances__type_support.cpp.o[0m
[20.318s] [ 32%] [32mBuilding CXX object CMakeFiles/robot_interfaces__rosidl_typesupport_cpp.dir/rosidl_typesupport_cpp/robot_interfaces/msg/obstacles__type_support.cpp.o[0m
[21.322s] [ 33%] [32mBuilding CXX object CMakeFiles/robot_interfaces__rosidl_typesupport_introspection_cpp.dir/rosidl_typesupport_introspection_cpp/robot_interfaces/msg/detail/encoder_info__type_support.cpp.o[0m
[21.633s] [ 34%] [32mBuilding CXX object CMakeFiles/robot_interfaces__rosidl_typesupport_fastrtps_c.dir/rosidl_typesupport_fastrtps_c/robot_interfaces/msg/detail/distances__type_support_c.cpp.o[0m
[21.969s] [ 35%] [32mBuilding CXX object CMakeFiles/robot_interfaces__rosidl_typesupport_cpp.dir/rosidl_typesupport_cpp/robot_interfaces/msg/qr_data__type_support.cpp.o[0m
[22.000s] [ 36%] [32mBuilding CXX object CMakeFiles/robot_interfaces__rosidl_typesupport_fastrtps_cpp.dir/rosidl_typesupport_fastrtps_cpp/robot_interfaces/msg/detail/dds_fastrtps/encoder_info__type_support.cpp.o[0m
[23.556s] [ 37%] [32mBuilding CXX object CMakeFiles/robot_interfaces__rosidl_typesupport_introspection_cpp.dir/rosidl_typesupport_introspection_cpp/robot_interfaces/msg/detail/obstacles__type_support.cpp.o[0m
[23.583s] [ 39%] [32mBuilding CXX object CMakeFiles/robot_interfaces__rosidl_typesupport_cpp.dir/rosidl_typesupport_cpp/robot_interfaces/msg/flag__type_support.cpp.o[0m
[23.642s] [ 40%] [32mBuilding CXX object CMakeFiles/robot_interfaces__rosidl_typesupport_fastrtps_c.dir/rosidl_typesupport_fastrtps_c/robot_interfaces/msg/detail/encoder_info__type_support_c.cpp.o[0m
[24.365s] [ 41%] [32mBuilding CXX object CMakeFiles/robot_interfaces__rosidl_typesupport_fastrtps_cpp.dir/rosidl_typesupport_fastrtps_cpp/robot_interfaces/msg/detail/dds_fastrtps/obstacles__type_support.cpp.o[0m
[25.160s] [ 42%] [32mBuilding CXX object CMakeFiles/robot_interfaces__rosidl_typesupport_cpp.dir/rosidl_typesupport_cpp/robot_interfaces/msg/json_data__type_support.cpp.o[0m
[25.627s] [ 43%] [32mBuilding CXX object CMakeFiles/robot_interfaces__rosidl_typesupport_fastrtps_c.dir/rosidl_typesupport_fastrtps_c/robot_interfaces/msg/detail/obstacles__type_support_c.cpp.o[0m
[25.756s] [ 44%] [32mBuilding CXX object CMakeFiles/robot_interfaces__rosidl_typesupport_introspection_cpp.dir/rosidl_typesupport_introspection_cpp/robot_interfaces/msg/detail/qr_data__type_support.cpp.o[0m
[26.787s] [ 45%] [32mBuilding CXX object CMakeFiles/robot_interfaces__rosidl_typesupport_fastrtps_cpp.dir/rosidl_typesupport_fastrtps_cpp/robot_interfaces/msg/detail/dds_fastrtps/qr_data__type_support.cpp.o[0m
[26.799s] [ 47%] [32m[1mLinking CXX shared library librobot_interfaces__rosidl_typesupport_cpp.so[0m
[27.032s] [ 47%] Built target robot_interfaces__rosidl_typesupport_cpp
[27.074s] [ 48%] [32mBuilding CXX object CMakeFiles/robot_interfaces__rosidl_typesupport_fastrtps_cpp.dir/rosidl_typesupport_fastrtps_cpp/robot_interfaces/msg/detail/dds_fastrtps/flag__type_support.cpp.o[0m
[27.687s] [ 49%] [32mBuilding CXX object CMakeFiles/robot_interfaces__rosidl_typesupport_fastrtps_c.dir/rosidl_typesupport_fastrtps_c/robot_interfaces/msg/detail/qr_data__type_support_c.cpp.o[0m
[27.974s] [ 50%] [32mBuilding CXX object CMakeFiles/robot_interfaces__rosidl_typesupport_introspection_cpp.dir/rosidl_typesupport_introspection_cpp/robot_interfaces/msg/detail/flag__type_support.cpp.o[0m
[29.210s] [ 51%] [32mBuilding CXX object CMakeFiles/robot_interfaces__rosidl_typesupport_introspection_cpp.dir/rosidl_typesupport_introspection_cpp/robot_interfaces/msg/detail/json_data__type_support.cpp.o[0m
[29.485s] [ 52%] [32mBuilding CXX object CMakeFiles/robot_interfaces__rosidl_typesupport_fastrtps_cpp.dir/rosidl_typesupport_fastrtps_cpp/robot_interfaces/msg/detail/dds_fastrtps/json_data__type_support.cpp.o[0m
[29.750s] [ 54%] [32mBuilding CXX object CMakeFiles/robot_interfaces__rosidl_typesupport_fastrtps_c.dir/rosidl_typesupport_fastrtps_c/robot_interfaces/msg/detail/flag__type_support_c.cpp.o[0m
[30.256s] [ 55%] [34m[1mGenerating C introspection for ROS interfaces[0m
[31.532s] [ 56%] [32m[1mLinking CXX shared library librobot_interfaces__rosidl_typesupport_introspection_cpp.so[0m
[31.840s] [ 57%] [32mBuilding CXX object CMakeFiles/robot_interfaces__rosidl_typesupport_fastrtps_c.dir/rosidl_typesupport_fastrtps_c/robot_interfaces/msg/detail/json_data__type_support_c.cpp.o[0m
[31.905s] [ 57%] Built target robot_interfaces__rosidl_typesupport_introspection_cpp
[31.936s] [ 58%] [32m[1mLinking CXX shared library librobot_interfaces__rosidl_typesupport_fastrtps_cpp.so[0m
[31.950s] [ 59%] [34m[1mGenerating C type support dispatch for ROS interfaces[0m
[32.343s] [ 59%] Built target robot_interfaces__rosidl_typesupport_fastrtps_cpp
[33.067s] [ 60%] [32mBuilding C object CMakeFiles/robot_interfaces__rosidl_typesupport_introspection_c.dir/rosidl_typesupport_introspection_c/robot_interfaces/msg/detail/des_state__type_support.c.o[0m
[33.071s] [ 62%] [32mBuilding C object CMakeFiles/robot_interfaces__rosidl_typesupport_introspection_c.dir/rosidl_typesupport_introspection_c/robot_interfaces/msg/detail/pose__type_support.c.o[0m
[33.254s] [ 63%] [32mBuilding C object CMakeFiles/robot_interfaces__rosidl_typesupport_introspection_c.dir/rosidl_typesupport_introspection_c/robot_interfaces/msg/detail/distances__type_support.c.o[0m
[33.257s] [ 64%] [32mBuilding C object CMakeFiles/robot_interfaces__rosidl_typesupport_introspection_c.dir/rosidl_typesupport_introspection_c/robot_interfaces/msg/detail/encoder_info__type_support.c.o[0m
[33.447s] [ 65%] [32mBuilding C object CMakeFiles/robot_interfaces__rosidl_typesupport_introspection_c.dir/rosidl_typesupport_introspection_c/robot_interfaces/msg/detail/obstacles__type_support.c.o[0m
[33.463s] [ 66%] [32mBuilding C object CMakeFiles/robot_interfaces__rosidl_typesupport_introspection_c.dir/rosidl_typesupport_introspection_c/robot_interfaces/msg/detail/qr_data__type_support.c.o[0m
[33.654s] [ 67%] [32mBuilding C object CMakeFiles/robot_interfaces__rosidl_typesupport_introspection_c.dir/rosidl_typesupport_introspection_c/robot_interfaces/msg/detail/flag__type_support.c.o[0m
[33.663s] [ 68%] [32mBuilding C object CMakeFiles/robot_interfaces__rosidl_typesupport_introspection_c.dir/rosidl_typesupport_introspection_c/robot_interfaces/msg/detail/json_data__type_support.c.o[0m
[33.874s] [ 70%] [32m[1mLinking C shared library librobot_interfaces__rosidl_typesupport_introspection_c.so[0m
[33.928s] [ 71%] [32m[1mLinking CXX shared library librobot_interfaces__rosidl_typesupport_fastrtps_c.so[0m
[34.029s] [ 72%] [32mBuilding CXX object CMakeFiles/robot_interfaces__rosidl_typesupport_c.dir/rosidl_typesupport_c/robot_interfaces/msg/des_state__type_support.cpp.o[0m
[34.033s] [ 73%] [32mBuilding CXX object CMakeFiles/robot_interfaces__rosidl_typesupport_c.dir/rosidl_typesupport_c/robot_interfaces/msg/pose__type_support.cpp.o[0m
[34.035s] [ 73%] Built target robot_interfaces__rosidl_typesupport_introspection_c
[34.085s] [ 74%] [32mBuilding CXX object CMakeFiles/robot_interfaces__rosidl_typesupport_c.dir/rosidl_typesupport_c/robot_interfaces/msg/distances__type_support.cpp.o[0m
[34.203s] [ 75%] [32mBuilding CXX object CMakeFiles/robot_interfaces__rosidl_typesupport_c.dir/rosidl_typesupport_c/robot_interfaces/msg/encoder_info__type_support.cpp.o[0m
[34.213s] [ 77%] [32mBuilding CXX object CMakeFiles/robot_interfaces__rosidl_typesupport_c.dir/rosidl_typesupport_c/robot_interfaces/msg/obstacles__type_support.cpp.o[0m
[34.258s] [ 78%] [32mBuilding CXX object CMakeFiles/robot_interfaces__rosidl_typesupport_c.dir/rosidl_typesupport_c/robot_interfaces/msg/qr_data__type_support.cpp.o[0m
[34.344s] [ 78%] Built target robot_interfaces__rosidl_typesupport_fastrtps_c
[34.368s] [ 79%] [32mBuilding CXX object CMakeFiles/robot_interfaces__rosidl_typesupport_c.dir/rosidl_typesupport_c/robot_interfaces/msg/flag__type_support.cpp.o[0m
[34.371s] [ 80%] [32mBuilding CXX object CMakeFiles/robot_interfaces__rosidl_typesupport_c.dir/rosidl_typesupport_c/robot_interfaces/msg/json_data__type_support.cpp.o[0m
[34.514s] [ 81%] [32m[1mLinking CXX shared library librobot_interfaces__rosidl_typesupport_c.so[0m
[34.678s] [ 81%] Built target robot_interfaces__rosidl_typesupport_c
[34.762s] [ 81%] Built target robot_interfaces
[34.846s] [ 82%] [34m[1mGenerating Python code for ROS interfaces[0m
[38.439s] [ 82%] Built target robot_interfaces__py
[38.532s] [ 83%] [32mBuilding C object CMakeFiles/robot_interfaces__rosidl_generator_py.dir/rosidl_generator_py/robot_interfaces/msg/_pose_s.c.o[0m
[38.536s] [ 86%] [32mBuilding C object CMakeFiles/robot_interfaces__rosidl_generator_py.dir/rosidl_generator_py/robot_interfaces/msg/_distances_s.c.o[0m
[38.538s] [ 86%] [32mBuilding C object CMakeFiles/robot_interfaces__rosidl_generator_py.dir/rosidl_generator_py/robot_interfaces/msg/_des_state_s.c.o[0m
[38.553s] [ 87%] [32mBuilding C object CMakeFiles/robot_interfaces__rosidl_generator_py.dir/rosidl_generator_py/robot_interfaces/msg/_encoder_info_s.c.o[0m
[39.044s] [ 88%] [32mBuilding C object CMakeFiles/robot_interfaces__rosidl_generator_py.dir/rosidl_generator_py/robot_interfaces/msg/_obstacles_s.c.o[0m
[39.057s] [ 89%] [32mBuilding C object CMakeFiles/robot_interfaces__rosidl_generator_py.dir/rosidl_generator_py/robot_interfaces/msg/_qr_data_s.c.o[0m
[39.059s] [ 90%] [32mBuilding C object CMakeFiles/robot_interfaces__rosidl_generator_py.dir/rosidl_generator_py/robot_interfaces/msg/_flag_s.c.o[0m
[39.071s] [ 91%] [32mBuilding C object CMakeFiles/robot_interfaces__rosidl_generator_py.dir/rosidl_generator_py/robot_interfaces/msg/_json_data_s.c.o[0m
[39.573s] [ 93%] [32m[1mLinking C shared library rosidl_generator_py/robot_interfaces/librobot_interfaces__rosidl_generator_py.so[0m
[39.756s] [ 93%] Built target robot_interfaces__rosidl_generator_py
[39.845s] [ 94%] [32mBuilding C object CMakeFiles/robot_interfaces__rosidl_typesupport_fastrtps_c__pyext.dir/rosidl_generator_py/robot_interfaces/_robot_interfaces_s.ep.rosidl_typesupport_fastrtps_c.c.o[0m
[39.847s] [ 95%] [32mBuilding C object CMakeFiles/robot_interfaces__rosidl_typesupport_introspection_c__pyext.dir/rosidl_generator_py/robot_interfaces/_robot_interfaces_s.ep.rosidl_typesupport_introspection_c.c.o[0m
[39.850s] [ 96%] [32mBuilding C object CMakeFiles/robot_interfaces__rosidl_typesupport_c__pyext.dir/rosidl_generator_py/robot_interfaces/_robot_interfaces_s.ep.rosidl_typesupport_c.c.o[0m
[40.389s] [ 97%] [32m[1mLinking C shared library rosidl_generator_py/robot_interfaces/robot_interfaces_s__rosidl_typesupport_c.cpython-310-aarch64-linux-gnu.so[0m
[40.413s] [ 98%] [32m[1mLinking C shared library rosidl_generator_py/robot_interfaces/robot_interfaces_s__rosidl_typesupport_introspection_c.cpython-310-aarch64-linux-gnu.so[0m
[40.452s] [100%] [32m[1mLinking C shared library rosidl_generator_py/robot_interfaces/robot_interfaces_s__rosidl_typesupport_fastrtps_c.cpython-310-aarch64-linux-gnu.so[0m
[40.555s] [100%] Built target robot_interfaces__rosidl_typesupport_c__pyext
[40.588s] [100%] Built target robot_interfaces__rosidl_typesupport_introspection_c__pyext
[40.634s] [100%] Built target robot_interfaces__rosidl_typesupport_fastrtps_c__pyext
[40.682s] Invoked command in '/home/rpi-team11/ECE4191G11/ROS_Pi/build/robot_interfaces' returned '0': CMAKE_PREFIX_PATH=${CMAKE_PREFIX_PATH}:/home/rpi-team11/ECE4191G11/ROS_Pi/install/robot_controller:/opt/ros/humble /usr/bin/cmake --build /home/rpi-team11/ECE4191G11/ROS_Pi/build/robot_interfaces -- -j4 -l4
[42.033s] Invoking command in '/home/rpi-team11/ECE4191G11/ROS_Pi/build/robot_interfaces': CMAKE_PREFIX_PATH=${CMAKE_PREFIX_PATH}:/home/rpi-team11/ECE4191G11/ROS_Pi/install/robot_controller:/opt/ros/humble /usr/bin/cmake --install /home/rpi-team11/ECE4191G11/ROS_Pi/build/robot_interfaces
[42.061s] -- Install configuration: ""
[42.062s] -- Installing: /home/rpi-team11/ECE4191G11/ROS_Pi/install/robot_interfaces/share/ament_index/resource_index/rosidl_interfaces/robot_interfaces
[42.064s] -- Installing: /home/rpi-team11/ECE4191G11/ROS_Pi/install/robot_interfaces/include/robot_interfaces/robot_interfaces
[42.065s] -- Installing: /home/rpi-team11/ECE4191G11/ROS_Pi/install/robot_interfaces/include/robot_interfaces/robot_interfaces/msg
[42.065s] -- Installing: /home/rpi-team11/ECE4191G11/ROS_Pi/install/robot_interfaces/include/robot_interfaces/robot_interfaces/msg/obstacles.h
[42.067s] -- Installing: /home/rpi-team11/ECE4191G11/ROS_Pi/install/robot_interfaces/include/robot_interfaces/robot_interfaces/msg/des_state.h
[42.067s] -- Installing: /home/rpi-team11/ECE4191G11/ROS_Pi/install/robot_interfaces/include/robot_interfaces/robot_interfaces/msg/json_data.h
[42.069s] -- Installing: /home/rpi-team11/ECE4191G11/ROS_Pi/install/robot_interfaces/include/robot_interfaces/robot_interfaces/msg/qr_data.h
[42.070s] -- Installing: /home/rpi-team11/ECE4191G11/ROS_Pi/install/robot_interfaces/include/robot_interfaces/robot_interfaces/msg/detail
[42.071s] -- Installing: /home/rpi-team11/ECE4191G11/ROS_Pi/install/robot_interfaces/include/robot_interfaces/robot_interfaces/msg/detail/qr_data__type_support.h
[42.072s] -- Installing: /home/rpi-team11/ECE4191G11/ROS_Pi/install/robot_interfaces/include/robot_interfaces/robot_interfaces/msg/detail/json_data__functions.h
[42.073s] -- Installing: /home/rpi-team11/ECE4191G11/ROS_Pi/install/robot_interfaces/include/robot_interfaces/robot_interfaces/msg/detail/des_state__functions.h
[42.075s] -- Installing: /home/rpi-team11/ECE4191G11/ROS_Pi/install/robot_interfaces/include/robot_interfaces/robot_interfaces/msg/detail/des_state__type_support.h
[42.076s] -- Installing: /home/rpi-team11/ECE4191G11/ROS_Pi/install/robot_interfaces/include/robot_interfaces/robot_interfaces/msg/detail/pose__struct.h
[42.077s] -- Installing: /home/rpi-team11/ECE4191G11/ROS_Pi/install/robot_interfaces/include/robot_interfaces/robot_interfaces/msg/detail/distances__type_support.h
[42.078s] -- Installing: /home/rpi-team11/ECE4191G11/ROS_Pi/install/robot_interfaces/include/robot_interfaces/robot_interfaces/msg/detail/qr_data__functions.h
[42.079s] -- Installing: /home/rpi-team11/ECE4191G11/ROS_Pi/install/robot_interfaces/include/robot_interfaces/robot_interfaces/msg/detail/json_data__struct.h
[42.080s] -- Installing: /home/rpi-team11/ECE4191G11/ROS_Pi/install/robot_interfaces/include/robot_interfaces/robot_interfaces/msg/detail/distances__functions.h
[42.081s] -- Installing: /home/rpi-team11/ECE4191G11/ROS_Pi/install/robot_interfaces/include/robot_interfaces/robot_interfaces/msg/detail/obstacles__functions.h
[42.083s] -- Installing: /home/rpi-team11/ECE4191G11/ROS_Pi/install/robot_interfaces/include/robot_interfaces/robot_interfaces/msg/detail/flag__functions.c
[42.084s] -- Installing: /home/rpi-team11/ECE4191G11/ROS_Pi/install/robot_interfaces/include/robot_interfaces/robot_interfaces/msg/detail/obstacles__type_support.h
[42.085s] -- Installing: /home/rpi-team11/ECE4191G11/ROS_Pi/install/robot_interfaces/include/robot_interfaces/robot_interfaces/msg/detail/des_state__functions.c
[42.086s] -- Installing: /home/rpi-team11/ECE4191G11/ROS_Pi/install/robot_interfaces/include/robot_interfaces/robot_interfaces/msg/detail/encoder_info__functions.c
[42.087s] -- Installing: /home/rpi-team11/ECE4191G11/ROS_Pi/install/robot_interfaces/include/robot_interfaces/robot_interfaces/msg/detail/obstacles__functions.c
[42.088s] -- Installing: /home/rpi-team11/ECE4191G11/ROS_Pi/install/robot_interfaces/include/robot_interfaces/robot_interfaces/msg/detail/encoder_info__functions.h
[42.090s] -- Installing: /home/rpi-team11/ECE4191G11/ROS_Pi/install/robot_interfaces/include/robot_interfaces/robot_interfaces/msg/detail/flag__struct.h
[42.091s] -- Installing: /home/rpi-team11/ECE4191G11/ROS_Pi/install/robot_interfaces/include/robot_interfaces/robot_interfaces/msg/detail/encoder_info__struct.h
[42.092s] -- Installing: /home/rpi-team11/ECE4191G11/ROS_Pi/install/robot_interfaces/include/robot_interfaces/robot_interfaces/msg/detail/distances__struct.h
[42.093s] -- Installing: /home/rpi-team11/ECE4191G11/ROS_Pi/install/robot_interfaces/include/robot_interfaces/robot_interfaces/msg/detail/des_state__struct.h
[42.094s] -- Installing: /home/rpi-team11/ECE4191G11/ROS_Pi/install/robot_interfaces/include/robot_interfaces/robot_interfaces/msg/detail/json_data__type_support.h
[42.095s] -- Installing: /home/rpi-team11/ECE4191G11/ROS_Pi/install/robot_interfaces/include/robot_interfaces/robot_interfaces/msg/detail/distances__functions.c
[42.097s] -- Installing: /home/rpi-team11/ECE4191G11/ROS_Pi/install/robot_interfaces/include/robot_interfaces/robot_interfaces/msg/detail/qr_data__struct.h
[42.098s] -- Installing: /home/rpi-team11/ECE4191G11/ROS_Pi/install/robot_interfaces/include/robot_interfaces/robot_interfaces/msg/detail/qr_data__functions.c
[42.099s] -- Installing: /home/rpi-team11/ECE4191G11/ROS_Pi/install/robot_interfaces/include/robot_interfaces/robot_interfaces/msg/detail/encoder_info__type_support.h
[42.100s] -- Installing: /home/rpi-team11/ECE4191G11/ROS_Pi/install/robot_interfaces/include/robot_interfaces/robot_interfaces/msg/detail/pose__type_support.h
[42.101s] -- Installing: /home/rpi-team11/ECE4191G11/ROS_Pi/install/robot_interfaces/include/robot_interfaces/robot_interfaces/msg/detail/json_data__functions.c
[42.103s] -- Installing: /home/rpi-team11/ECE4191G11/ROS_Pi/install/robot_interfaces/include/robot_interfaces/robot_interfaces/msg/detail/pose__functions.h
[42.104s] -- Installing: /home/rpi-team11/ECE4191G11/ROS_Pi/install/robot_interfaces/include/robot_interfaces/robot_interfaces/msg/detail/flag__functions.h
[42.105s] -- Installing: /home/rpi-team11/ECE4191G11/ROS_Pi/install/robot_interfaces/include/robot_interfaces/robot_interfaces/msg/detail/obstacles__struct.h
[42.106s] -- Installing: /home/rpi-team11/ECE4191G11/ROS_Pi/install/robot_interfaces/include/robot_interfaces/robot_interfaces/msg/detail/pose__functions.c
[42.107s] -- Installing: /home/rpi-team11/ECE4191G11/ROS_Pi/install/robot_interfaces/include/robot_interfaces/robot_interfaces/msg/detail/flag__type_support.h
[42.108s] -- Installing: /home/rpi-team11/ECE4191G11/ROS_Pi/install/robot_interfaces/include/robot_interfaces/robot_interfaces/msg/pose.h
[42.109s] -- Installing: /home/rpi-team11/ECE4191G11/ROS_Pi/install/robot_interfaces/include/robot_interfaces/robot_interfaces/msg/encoder_info.h
[42.110s] -- Installing: /home/rpi-team11/ECE4191G11/ROS_Pi/install/robot_interfaces/include/robot_interfaces/robot_interfaces/msg/rosidl_generator_c__visibility_control.h
[42.112s] -- Installing: /home/rpi-team11/ECE4191G11/ROS_Pi/install/robot_interfaces/include/robot_interfaces/robot_interfaces/msg/flag.h
[42.113s] -- Installing: /home/rpi-team11/ECE4191G11/ROS_Pi/install/robot_interfaces/include/robot_interfaces/robot_interfaces/msg/distances.h
[42.114s] -- Installing: /home/rpi-team11/ECE4191G11/ROS_Pi/install/robot_interfaces/share/robot_interfaces/environment/library_path.sh
[42.116s] -- Installing: /home/rpi-team11/ECE4191G11/ROS_Pi/install/robot_interfaces/share/robot_interfaces/environment/library_path.dsv
[42.117s] -- Installing: /home/rpi-team11/ECE4191G11/ROS_Pi/install/robot_interfaces/lib/librobot_interfaces__rosidl_generator_c.so
[42.121s] -- Set runtime path of "/home/rpi-team11/ECE4191G11/ROS_Pi/install/robot_interfaces/lib/librobot_interfaces__rosidl_generator_c.so" to ""
[42.121s] -- Up-to-date: /home/rpi-team11/ECE4191G11/ROS_Pi/install/robot_interfaces/include/robot_interfaces/robot_interfaces
[42.122s] -- Up-to-date: /home/rpi-team11/ECE4191G11/ROS_Pi/install/robot_interfaces/include/robot_interfaces/robot_interfaces/msg
[42.122s] -- Installing: /home/rpi-team11/ECE4191G11/ROS_Pi/install/robot_interfaces/include/robot_interfaces/robot_interfaces/msg/rosidl_typesupport_fastrtps_c__visibility_control.h
[42.123s] -- Up-to-date: /home/rpi-team11/ECE4191G11/ROS_Pi/install/robot_interfaces/include/robot_interfaces/robot_interfaces/msg/detail
[42.124s] -- Installing: /home/rpi-team11/ECE4191G11/ROS_Pi/install/robot_interfaces/include/robot_interfaces/robot_interfaces/msg/detail/distances__rosidl_typesupport_fastrtps_c.h
[42.125s] -- Installing: /home/rpi-team11/ECE4191G11/ROS_Pi/install/robot_interfaces/include/robot_interfaces/robot_interfaces/msg/detail/obstacles__rosidl_typesupport_fastrtps_c.h
[42.126s] -- Installing: /home/rpi-team11/ECE4191G11/ROS_Pi/install/robot_interfaces/include/robot_interfaces/robot_interfaces/msg/detail/json_data__rosidl_typesupport_fastrtps_c.h
[42.127s] -- Installing: /home/rpi-team11/ECE4191G11/ROS_Pi/install/robot_interfaces/include/robot_interfaces/robot_interfaces/msg/detail/flag__rosidl_typesupport_fastrtps_c.h
[42.129s] -- Installing: /home/rpi-team11/ECE4191G11/ROS_Pi/install/robot_interfaces/include/robot_interfaces/robot_interfaces/msg/detail/pose__rosidl_typesupport_fastrtps_c.h
[42.130s] -- Installing: /home/rpi-team11/ECE4191G11/ROS_Pi/install/robot_interfaces/include/robot_interfaces/robot_interfaces/msg/detail/des_state__rosidl_typesupport_fastrtps_c.h
[42.131s] -- Installing: /home/rpi-team11/ECE4191G11/ROS_Pi/install/robot_interfaces/include/robot_interfaces/robot_interfaces/msg/detail/qr_data__rosidl_typesupport_fastrtps_c.h
[42.132s] -- Installing: /home/rpi-team11/ECE4191G11/ROS_Pi/install/robot_interfaces/include/robot_interfaces/robot_interfaces/msg/detail/encoder_info__rosidl_typesupport_fastrtps_c.h
[42.134s] -- Installing: /home/rpi-team11/ECE4191G11/ROS_Pi/install/robot_interfaces/lib/librobot_interfaces__rosidl_typesupport_fastrtps_c.so
[42.137s] -- Set runtime path of "/home/rpi-team11/ECE4191G11/ROS_Pi/install/robot_interfaces/lib/librobot_interfaces__rosidl_typesupport_fastrtps_c.so" to ""
[42.138s] -- Up-to-date: /home/rpi-team11/ECE4191G11/ROS_Pi/install/robot_interfaces/include/robot_interfaces/robot_interfaces
[42.138s] -- Up-to-date: /home/rpi-team11/ECE4191G11/ROS_Pi/install/robot_interfaces/include/robot_interfaces/robot_interfaces/msg
[42.139s] -- Up-to-date: /home/rpi-team11/ECE4191G11/ROS_Pi/install/robot_interfaces/include/robot_interfaces/robot_interfaces/msg/detail
[42.139s] -- Installing: /home/rpi-team11/ECE4191G11/ROS_Pi/install/robot_interfaces/include/robot_interfaces/robot_interfaces/msg/detail/qr_data__rosidl_typesupport_introspection_c.h
[42.141s] -- Installing: /home/rpi-team11/ECE4191G11/ROS_Pi/install/robot_interfaces/include/robot_interfaces/robot_interfaces/msg/detail/flag__type_support.c
[42.142s] -- Installing: /home/rpi-team11/ECE4191G11/ROS_Pi/install/robot_interfaces/include/robot_interfaces/robot_interfaces/msg/detail/qr_data__type_support.c
[42.143s] -- Installing: /home/rpi-team11/ECE4191G11/ROS_Pi/install/robot_interfaces/include/robot_interfaces/robot_interfaces/msg/detail/json_data__type_support.c
[42.144s] -- Installing: /home/rpi-team11/ECE4191G11/ROS_Pi/install/robot_interfaces/include/robot_interfaces/robot_interfaces/msg/detail/distances__type_support.c
[42.146s] -- Installing: /home/rpi-team11/ECE4191G11/ROS_Pi/install/robot_interfaces/include/robot_interfaces/robot_interfaces/msg/detail/des_state__rosidl_typesupport_introspection_c.h
[42.147s] -- Installing: /home/rpi-team11/ECE4191G11/ROS_Pi/install/robot_interfaces/include/robot_interfaces/robot_interfaces/msg/detail/json_data__rosidl_typesupport_introspection_c.h
[42.149s] -- Installing: /home/rpi-team11/ECE4191G11/ROS_Pi/install/robot_interfaces/include/robot_interfaces/robot_interfaces/msg/detail/encoder_info__rosidl_typesupport_introspection_c.h
[42.150s] -- Installing: /home/rpi-team11/ECE4191G11/ROS_Pi/install/robot_interfaces/include/robot_interfaces/robot_interfaces/msg/detail/pose__rosidl_typesupport_introspection_c.h
[42.151s] -- Installing: /home/rpi-team11/ECE4191G11/ROS_Pi/install/robot_interfaces/include/robot_interfaces/robot_interfaces/msg/detail/distances__rosidl_typesupport_introspection_c.h
[42.153s] -- Installing: /home/rpi-team11/ECE4191G11/ROS_Pi/install/robot_interfaces/include/robot_interfaces/robot_interfaces/msg/detail/obstacles__rosidl_typesupport_introspection_c.h
[42.154s] -- Installing: /home/rpi-team11/ECE4191G11/ROS_Pi/install/robot_interfaces/include/robot_interfaces/robot_interfaces/msg/detail/obstacles__type_support.c
[42.156s] -- Installing: /home/rpi-team11/ECE4191G11/ROS_Pi/install/robot_interfaces/include/robot_interfaces/robot_interfaces/msg/detail/pose__type_support.c
[42.157s] -- Installing: /home/rpi-team11/ECE4191G11/ROS_Pi/install/robot_interfaces/include/robot_interfaces/robot_interfaces/msg/detail/encoder_info__type_support.c
[42.158s] -- Installing: /home/rpi-team11/ECE4191G11/ROS_Pi/install/robot_interfaces/include/robot_interfaces/robot_interfaces/msg/detail/des_state__type_support.c
[42.159s] -- Installing: /home/rpi-team11/ECE4191G11/ROS_Pi/install/robot_interfaces/include/robot_interfaces/robot_interfaces/msg/detail/flag__rosidl_typesupport_introspection_c.h
[42.161s] -- Installing: /home/rpi-team11/ECE4191G11/ROS_Pi/install/robot_interfaces/include/robot_interfaces/robot_interfaces/msg/rosidl_typesupport_introspection_c__visibility_control.h
[42.162s] -- Installing: /home/rpi-team11/ECE4191G11/ROS_Pi/install/robot_interfaces/lib/librobot_interfaces__rosidl_typesupport_introspection_c.so
[42.165s] -- Set runtime path of "/home/rpi-team11/ECE4191G11/ROS_Pi/install/robot_interfaces/lib/librobot_interfaces__rosidl_typesupport_introspection_c.so" to ""
[42.166s] -- Installing: /home/rpi-team11/ECE4191G11/ROS_Pi/install/robot_interfaces/lib/librobot_interfaces__rosidl_typesupport_c.so
[42.168s] -- Set runtime path of "/home/rpi-team11/ECE4191G11/ROS_Pi/install/robot_interfaces/lib/librobot_interfaces__rosidl_typesupport_c.so" to ""
[42.169s] -- Up-to-date: /home/rpi-team11/ECE4191G11/ROS_Pi/install/robot_interfaces/include/robot_interfaces/robot_interfaces
[42.169s] -- Up-to-date: /home/rpi-team11/ECE4191G11/ROS_Pi/install/robot_interfaces/include/robot_interfaces/robot_interfaces/msg
[42.170s] -- Installing: /home/rpi-team11/ECE4191G11/ROS_Pi/install/robot_interfaces/include/robot_interfaces/robot_interfaces/msg/encoder_info.hpp
[42.171s] -- Installing: /home/rpi-team11/ECE4191G11/ROS_Pi/install/robot_interfaces/include/robot_interfaces/robot_interfaces/msg/flag.hpp
[42.172s] -- Installing: /home/rpi-team11/ECE4191G11/ROS_Pi/install/robot_interfaces/include/robot_interfaces/robot_interfaces/msg/qr_data.hpp
[42.173s] -- Installing: /home/rpi-team11/ECE4191G11/ROS_Pi/install/robot_interfaces/include/robot_interfaces/robot_interfaces/msg/obstacles.hpp
[42.174s] -- Up-to-date: /home/rpi-team11/ECE4191G11/ROS_Pi/install/robot_interfaces/include/robot_interfaces/robot_interfaces/msg/detail
[42.174s] -- Installing: /home/rpi-team11/ECE4191G11/ROS_Pi/install/robot_interfaces/include/robot_interfaces/robot_interfaces/msg/detail/distances__builder.hpp
[42.176s] -- Installing: /home/rpi-team11/ECE4191G11/ROS_Pi/install/robot_interfaces/include/robot_interfaces/robot_interfaces/msg/detail/json_data__struct.hpp
[42.177s] -- Installing: /home/rpi-team11/ECE4191G11/ROS_Pi/install/robot_interfaces/include/robot_interfaces/robot_interfaces/msg/detail/qr_data__traits.hpp
[42.178s] -- Installing: /home/rpi-team11/ECE4191G11/ROS_Pi/install/robot_interfaces/include/robot_interfaces/robot_interfaces/msg/detail/flag__traits.hpp
[42.179s] -- Installing: /home/rpi-team11/ECE4191G11/ROS_Pi/install/robot_interfaces/include/robot_interfaces/robot_interfaces/msg/detail/pose__builder.hpp
[42.180s] -- Installing: /home/rpi-team11/ECE4191G11/ROS_Pi/install/robot_interfaces/include/robot_interfaces/robot_interfaces/msg/detail/obstacles__traits.hpp
[42.181s] -- Installing: /home/rpi-team11/ECE4191G11/ROS_Pi/install/robot_interfaces/include/robot_interfaces/robot_interfaces/msg/detail/flag__builder.hpp
[42.182s] -- Installing: /home/rpi-team11/ECE4191G11/ROS_Pi/install/robot_interfaces/include/robot_interfaces/robot_interfaces/msg/detail/qr_data__struct.hpp
[42.184s] -- Installing: /home/rpi-team11/ECE4191G11/ROS_Pi/install/robot_interfaces/include/robot_interfaces/robot_interfaces/msg/detail/flag__struct.hpp
[42.185s] -- Installing: /home/rpi-team11/ECE4191G11/ROS_Pi/install/robot_interfaces/include/robot_interfaces/robot_interfaces/msg/detail/pose__traits.hpp
[42.186s] -- Installing: /home/rpi-team11/ECE4191G11/ROS_Pi/install/robot_interfaces/include/robot_interfaces/robot_interfaces/msg/detail/obstacles__struct.hpp
[42.187s] -- Installing: /home/rpi-team11/ECE4191G11/ROS_Pi/install/robot_interfaces/include/robot_interfaces/robot_interfaces/msg/detail/encoder_info__struct.hpp
[42.188s] -- Installing: /home/rpi-team11/ECE4191G11/ROS_Pi/install/robot_interfaces/include/robot_interfaces/robot_interfaces/msg/detail/obstacles__builder.hpp
[42.190s] -- Installing: /home/rpi-team11/ECE4191G11/ROS_Pi/install/robot_interfaces/include/robot_interfaces/robot_interfaces/msg/detail/encoder_info__builder.hpp
[42.191s] -- Installing: /home/rpi-team11/ECE4191G11/ROS_Pi/install/robot_interfaces/include/robot_interfaces/robot_interfaces/msg/detail/json_data__traits.hpp
[42.192s] -- Installing: /home/rpi-team11/ECE4191G11/ROS_Pi/install/robot_interfaces/include/robot_interfaces/robot_interfaces/msg/detail/des_state__builder.hpp
[42.193s] -- Installing: /home/rpi-team11/ECE4191G11/ROS_Pi/install/robot_interfaces/include/robot_interfaces/robot_interfaces/msg/detail/json_data__builder.hpp
[42.194s] -- Installing: /home/rpi-team11/ECE4191G11/ROS_Pi/install/robot_interfaces/include/robot_interfaces/robot_interfaces/msg/detail/distances__struct.hpp
[42.195s] -- Installing: /home/rpi-team11/ECE4191G11/ROS_Pi/install/robot_interfaces/include/robot_interfaces/robot_interfaces/msg/detail/des_state__struct.hpp
[42.196s] -- Installing: /home/rpi-team11/ECE4191G11/ROS_Pi/install/robot_interfaces/include/robot_interfaces/robot_interfaces/msg/detail/distances__traits.hpp
[42.198s] -- Installing: /home/rpi-team11/ECE4191G11/ROS_Pi/install/robot_interfaces/include/robot_interfaces/robot_interfaces/msg/detail/qr_data__builder.hpp
[42.199s] -- Installing: /home/rpi-team11/ECE4191G11/ROS_Pi/install/robot_interfaces/include/robot_interfaces/robot_interfaces/msg/detail/encoder_info__traits.hpp
[42.200s] -- Installing: /home/rpi-team11/ECE4191G11/ROS_Pi/install/robot_interfaces/include/robot_interfaces/robot_interfaces/msg/detail/pose__struct.hpp
[42.201s] -- Installing: /home/rpi-team11/ECE4191G11/ROS_Pi/install/robot_interfaces/include/robot_interfaces/robot_interfaces/msg/detail/des_state__traits.hpp
[42.203s] -- Installing: /home/rpi-team11/ECE4191G11/ROS_Pi/install/robot_interfaces/include/robot_interfaces/robot_interfaces/msg/json_data.hpp
[42.204s] -- Installing: /home/rpi-team11/ECE4191G11/ROS_Pi/install/robot_interfaces/include/robot_interfaces/robot_interfaces/msg/pose.hpp
[42.205s] -- Installing: /home/rpi-team11/ECE4191G11/ROS_Pi/install/robot_interfaces/include/robot_interfaces/robot_interfaces/msg/distances.hpp
[42.206s] -- Installing: /home/rpi-team11/ECE4191G11/ROS_Pi/install/robot_interfaces/include/robot_interfaces/robot_interfaces/msg/des_state.hpp
[42.207s] -- Up-to-date: /home/rpi-team11/ECE4191G11/ROS_Pi/install/robot_interfaces/include/robot_interfaces/robot_interfaces
[42.208s] -- Up-to-date: /home/rpi-team11/ECE4191G11/ROS_Pi/install/robot_interfaces/include/robot_interfaces/robot_interfaces/msg
[42.208s] -- Up-to-date: /home/rpi-team11/ECE4191G11/ROS_Pi/install/robot_interfaces/include/robot_interfaces/robot_interfaces/msg/detail
[42.209s] -- Installing: /home/rpi-team11/ECE4191G11/ROS_Pi/install/robot_interfaces/include/robot_interfaces/robot_interfaces/msg/detail/qr_data__rosidl_typesupport_fastrtps_cpp.hpp
[42.210s] -- Installing: /home/rpi-team11/ECE4191G11/ROS_Pi/install/robot_interfaces/include/robot_interfaces/robot_interfaces/msg/detail/distances__rosidl_typesupport_fastrtps_cpp.hpp
[42.211s] -- Installing: /home/rpi-team11/ECE4191G11/ROS_Pi/install/robot_interfaces/include/robot_interfaces/robot_interfaces/msg/detail/dds_fastrtps
[42.212s] -- Installing: /home/rpi-team11/ECE4191G11/ROS_Pi/install/robot_interfaces/include/robot_interfaces/robot_interfaces/msg/detail/flag__rosidl_typesupport_fastrtps_cpp.hpp
[42.214s] -- Installing: /home/rpi-team11/ECE4191G11/ROS_Pi/install/robot_interfaces/include/robot_interfaces/robot_interfaces/msg/detail/obstacles__rosidl_typesupport_fastrtps_cpp.hpp
[42.215s] -- Installing: /home/rpi-team11/ECE4191G11/ROS_Pi/install/robot_interfaces/include/robot_interfaces/robot_interfaces/msg/detail/encoder_info__rosidl_typesupport_fastrtps_cpp.hpp
[42.216s] -- Installing: /home/rpi-team11/ECE4191G11/ROS_Pi/install/robot_interfaces/include/robot_interfaces/robot_interfaces/msg/detail/json_data__rosidl_typesupport_fastrtps_cpp.hpp
[42.218s] -- Installing: /home/rpi-team11/ECE4191G11/ROS_Pi/install/robot_interfaces/include/robot_interfaces/robot_interfaces/msg/detail/des_state__rosidl_typesupport_fastrtps_cpp.hpp
[42.219s] -- Installing: /home/rpi-team11/ECE4191G11/ROS_Pi/install/robot_interfaces/include/robot_interfaces/robot_interfaces/msg/detail/pose__rosidl_typesupport_fastrtps_cpp.hpp
[42.220s] -- Installing: /home/rpi-team11/ECE4191G11/ROS_Pi/install/robot_interfaces/include/robot_interfaces/robot_interfaces/msg/rosidl_typesupport_fastrtps_cpp__visibility_control.h
[42.222s] -- Installing: /home/rpi-team11/ECE4191G11/ROS_Pi/install/robot_interfaces/lib/librobot_interfaces__rosidl_typesupport_fastrtps_cpp.so
[42.225s] -- Set runtime path of "/home/rpi-team11/ECE4191G11/ROS_Pi/install/robot_interfaces/lib/librobot_interfaces__rosidl_typesupport_fastrtps_cpp.so" to ""
[42.226s] -- Up-to-date: /home/rpi-team11/ECE4191G11/ROS_Pi/install/robot_interfaces/include/robot_interfaces/robot_interfaces
[42.226s] -- Up-to-date: /home/rpi-team11/ECE4191G11/ROS_Pi/install/robot_interfaces/include/robot_interfaces/robot_interfaces/msg
[42.227s] -- Up-to-date: /home/rpi-team11/ECE4191G11/ROS_Pi/install/robot_interfaces/include/robot_interfaces/robot_interfaces/msg/detail
[42.227s] -- Installing: /home/rpi-team11/ECE4191G11/ROS_Pi/install/robot_interfaces/include/robot_interfaces/robot_interfaces/msg/detail/obstacles__rosidl_typesupport_introspection_cpp.hpp
[42.228s] -- Installing: /home/rpi-team11/ECE4191G11/ROS_Pi/install/robot_interfaces/include/robot_interfaces/robot_interfaces/msg/detail/des_state__rosidl_typesupport_introspection_cpp.hpp
[42.230s] -- Installing: /home/rpi-team11/ECE4191G11/ROS_Pi/install/robot_interfaces/include/robot_interfaces/robot_interfaces/msg/detail/pose__type_support.cpp
[42.231s] -- Installing: /home/rpi-team11/ECE4191G11/ROS_Pi/install/robot_interfaces/include/robot_interfaces/robot_interfaces/msg/detail/encoder_info__type_support.cpp
[42.232s] -- Installing: /home/rpi-team11/ECE4191G11/ROS_Pi/install/robot_interfaces/include/robot_interfaces/robot_interfaces/msg/detail/distances__type_support.cpp
[42.233s] -- Installing: /home/rpi-team11/ECE4191G11/ROS_Pi/install/robot_interfaces/include/robot_interfaces/robot_interfaces/msg/detail/obstacles__type_support.cpp
[42.235s] -- Installing: /home/rpi-team11/ECE4191G11/ROS_Pi/install/robot_interfaces/include/robot_interfaces/robot_interfaces/msg/detail/pose__rosidl_typesupport_introspection_cpp.hpp
[42.236s] -- Installing: /home/rpi-team11/ECE4191G11/ROS_Pi/install/robot_interfaces/include/robot_interfaces/robot_interfaces/msg/detail/json_data__rosidl_typesupport_introspection_cpp.hpp
[42.237s] -- Installing: /home/rpi-team11/ECE4191G11/ROS_Pi/install/robot_interfaces/include/robot_interfaces/robot_interfaces/msg/detail/flag__rosidl_typesupport_introspection_cpp.hpp
[42.239s] -- Installing: /home/rpi-team11/ECE4191G11/ROS_Pi/install/robot_interfaces/include/robot_interfaces/robot_interfaces/msg/detail/encoder_info__rosidl_typesupport_introspection_cpp.hpp
[42.240s] -- Installing: /home/rpi-team11/ECE4191G11/ROS_Pi/install/robot_interfaces/include/robot_interfaces/robot_interfaces/msg/detail/des_state__type_support.cpp
[42.241s] -- Installing: /home/rpi-team11/ECE4191G11/ROS_Pi/install/robot_interfaces/include/robot_interfaces/robot_interfaces/msg/detail/json_data__type_support.cpp
[42.242s] -- Installing: /home/rpi-team11/ECE4191G11/ROS_Pi/install/robot_interfaces/include/robot_interfaces/robot_interfaces/msg/detail/flag__type_support.cpp
[42.243s] -- Installing: /home/rpi-team11/ECE4191G11/ROS_Pi/install/robot_interfaces/include/robot_interfaces/robot_interfaces/msg/detail/qr_data__type_support.cpp
[42.245s] -- Installing: /home/rpi-team11/ECE4191G11/ROS_Pi/install/robot_interfaces/include/robot_interfaces/robot_interfaces/msg/detail/qr_data__rosidl_typesupport_introspection_cpp.hpp
[42.246s] -- Installing: /home/rpi-team11/ECE4191G11/ROS_Pi/install/robot_interfaces/include/robot_interfaces/robot_interfaces/msg/detail/distances__rosidl_typesupport_introspection_cpp.hpp
[42.248s] -- Installing: /home/rpi-team11/ECE4191G11/ROS_Pi/install/robot_interfaces/lib/librobot_interfaces__rosidl_typesupport_introspection_cpp.so
[42.251s] -- Set runtime path of "/home/rpi-team11/ECE4191G11/ROS_Pi/install/robot_interfaces/lib/librobot_interfaces__rosidl_typesupport_introspection_cpp.so" to ""
[42.252s] -- Installing: /home/rpi-team11/ECE4191G11/ROS_Pi/install/robot_interfaces/lib/librobot_interfaces__rosidl_typesupport_cpp.so
[42.254s] -- Set runtime path of "/home/rpi-team11/ECE4191G11/ROS_Pi/install/robot_interfaces/lib/librobot_interfaces__rosidl_typesupport_cpp.so" to ""
[42.255s] -- Installing: /home/rpi-team11/ECE4191G11/ROS_Pi/install/robot_interfaces/share/robot_interfaces/environment/pythonpath.sh
[42.256s] -- Installing: /home/rpi-team11/ECE4191G11/ROS_Pi/install/robot_interfaces/share/robot_interfaces/environment/pythonpath.dsv
[42.257s] -- Installing: /home/rpi-team11/ECE4191G11/ROS_Pi/install/robot_interfaces/local/lib/python3.10/dist-packages/robot_interfaces-0.0.0-py3.10.egg-info
[42.258s] -- Installing: /home/rpi-team11/ECE4191G11/ROS_Pi/install/robot_interfaces/local/lib/python3.10/dist-packages/robot_interfaces-0.0.0-py3.10.egg-info/dependency_links.txt
[42.260s] -- Installing: /home/rpi-team11/ECE4191G11/ROS_Pi/install/robot_interfaces/local/lib/python3.10/dist-packages/robot_interfaces-0.0.0-py3.10.egg-info/top_level.txt
[42.261s] -- Installing: /home/rpi-team11/ECE4191G11/ROS_Pi/install/robot_interfaces/local/lib/python3.10/dist-packages/robot_interfaces-0.0.0-py3.10.egg-info/SOURCES.txt
[42.262s] -- Installing: /home/rpi-team11/ECE4191G11/ROS_Pi/install/robot_interfaces/local/lib/python3.10/dist-packages/robot_interfaces-0.0.0-py3.10.egg-info/PKG-INFO
[42.263s] -- Installing: /home/rpi-team11/ECE4191G11/ROS_Pi/install/robot_interfaces/local/lib/python3.10/dist-packages/robot_interfaces
[42.264s] -- Installing: /home/rpi-team11/ECE4191G11/ROS_Pi/install/robot_interfaces/local/lib/python3.10/dist-packages/robot_interfaces/msg
[42.265s] -- Installing: /home/rpi-team11/ECE4191G11/ROS_Pi/install/robot_interfaces/local/lib/python3.10/dist-packages/robot_interfaces/msg/_json_data_s.c
[42.266s] -- Installing: /home/rpi-team11/ECE4191G11/ROS_Pi/install/robot_interfaces/local/lib/python3.10/dist-packages/robot_interfaces/msg/_obstacles.py
[42.267s] -- Installing: /home/rpi-team11/ECE4191G11/ROS_Pi/install/robot_interfaces/local/lib/python3.10/dist-packages/robot_interfaces/msg/_distances.py
[42.268s] -- Installing: /home/rpi-team11/ECE4191G11/ROS_Pi/install/robot_interfaces/local/lib/python3.10/dist-packages/robot_interfaces/msg/_flag_s.c
[42.270s] -- Installing: /home/rpi-team11/ECE4191G11/ROS_Pi/install/robot_interfaces/local/lib/python3.10/dist-packages/robot_interfaces/msg/_encoder_info.py
[42.271s] -- Installing: /home/rpi-team11/ECE4191G11/ROS_Pi/install/robot_interfaces/local/lib/python3.10/dist-packages/robot_interfaces/msg/_pose_s.c
[42.272s] -- Installing: /home/rpi-team11/ECE4191G11/ROS_Pi/install/robot_interfaces/local/lib/python3.10/dist-packages/robot_interfaces/msg/__init__.py
[42.273s] -- Installing: /home/rpi-team11/ECE4191G11/ROS_Pi/install/robot_interfaces/local/lib/python3.10/dist-packages/robot_interfaces/msg/_flag.py
[42.274s] -- Installing: /home/rpi-team11/ECE4191G11/ROS_Pi/install/robot_interfaces/local/lib/python3.10/dist-packages/robot_interfaces/msg/_pose.py
[42.275s] -- Installing: /home/rpi-team11/ECE4191G11/ROS_Pi/install/robot_interfaces/local/lib/python3.10/dist-packages/robot_interfaces/msg/_json_data.py
[42.276s] -- Installing: /home/rpi-team11/ECE4191G11/ROS_Pi/install/robot_interfaces/local/lib/python3.10/dist-packages/robot_interfaces/msg/_qr_data_s.c
[42.277s] -- Installing: /home/rpi-team11/ECE4191G11/ROS_Pi/install/robot_interfaces/local/lib/python3.10/dist-packages/robot_interfaces/msg/_qr_data.py
[42.278s] -- Installing: /home/rpi-team11/ECE4191G11/ROS_Pi/install/robot_interfaces/local/lib/python3.10/dist-packages/robot_interfaces/msg/_encoder_info_s.c
[42.280s] -- Installing: /home/rpi-team11/ECE4191G11/ROS_Pi/install/robot_interfaces/local/lib/python3.10/dist-packages/robot_interfaces/msg/_obstacles_s.c
[42.281s] -- Installing: /home/rpi-team11/ECE4191G11/ROS_Pi/install/robot_interfaces/local/lib/python3.10/dist-packages/robot_interfaces/msg/_des_state_s.c
[42.282s] -- Installing: /home/rpi-team11/ECE4191G11/ROS_Pi/install/robot_interfaces/local/lib/python3.10/dist-packages/robot_interfaces/msg/_distances_s.c
[42.283s] -- Installing: /home/rpi-team11/ECE4191G11/ROS_Pi/install/robot_interfaces/local/lib/python3.10/dist-packages/robot_interfaces/msg/_des_state.py
[42.284s] -- Installing: /home/rpi-team11/ECE4191G11/ROS_Pi/install/robot_interfaces/local/lib/python3.10/dist-packages/robot_interfaces/_robot_interfaces_s.ep.rosidl_typesupport_c.c
[42.286s] -- Installing: /home/rpi-team11/ECE4191G11/ROS_Pi/install/robot_interfaces/local/lib/python3.10/dist-packages/robot_interfaces/__init__.py
[42.287s] -- Installing: /home/rpi-team11/ECE4191G11/ROS_Pi/install/robot_interfaces/local/lib/python3.10/dist-packages/robot_interfaces/robot_interfaces_s__rosidl_typesupport_c.cpython-310-aarch64-linux-gnu.so
[42.289s] -- Installing: /home/rpi-team11/ECE4191G11/ROS_Pi/install/robot_interfaces/local/lib/python3.10/dist-packages/robot_interfaces/_robot_interfaces_s.ep.rosidl_typesupport_introspection_c.c
[42.290s] -- Installing: /home/rpi-team11/ECE4191G11/ROS_Pi/install/robot_interfaces/local/lib/python3.10/dist-packages/robot_interfaces/_robot_interfaces_s.ep.rosidl_typesupport_fastrtps_c.c
[42.292s] -- Installing: /home/rpi-team11/ECE4191G11/ROS_Pi/install/robot_interfaces/local/lib/python3.10/dist-packages/robot_interfaces/librobot_interfaces__rosidl_generator_py.so
[42.293s] -- Installing: /home/rpi-team11/ECE4191G11/ROS_Pi/install/robot_interfaces/local/lib/python3.10/dist-packages/robot_interfaces/robot_interfaces_s__rosidl_typesupport_fastrtps_c.cpython-310-aarch64-linux-gnu.so
[42.295s] -- Installing: /home/rpi-team11/ECE4191G11/ROS_Pi/install/robot_interfaces/local/lib/python3.10/dist-packages/robot_interfaces/robot_interfaces_s__rosidl_typesupport_introspection_c.cpython-310-aarch64-linux-gnu.so
[42.474s] Listing '/home/rpi-team11/ECE4191G11/ROS_Pi/install/robot_interfaces/local/lib/python3.10/dist-packages/robot_interfaces'...
[42.475s] Compiling '/home/rpi-team11/ECE4191G11/ROS_Pi/install/robot_interfaces/local/lib/python3.10/dist-packages/robot_interfaces/__init__.py'...
[42.476s] Listing '/home/rpi-team11/ECE4191G11/ROS_Pi/install/robot_interfaces/local/lib/python3.10/dist-packages/robot_interfaces/msg'...
[42.476s] Compiling '/home/rpi-team11/ECE4191G11/ROS_Pi/install/robot_interfaces/local/lib/python3.10/dist-packages/robot_interfaces/msg/__init__.py'...
[42.477s] Compiling '/home/rpi-team11/ECE4191G11/ROS_Pi/install/robot_interfaces/local/lib/python3.10/dist-packages/robot_interfaces/msg/_des_state.py'...
[42.478s] Compiling '/home/rpi-team11/ECE4191G11/ROS_Pi/install/robot_interfaces/local/lib/python3.10/dist-packages/robot_interfaces/msg/_distances.py'...
[42.479s] Compiling '/home/rpi-team11/ECE4191G11/ROS_Pi/install/robot_interfaces/local/lib/python3.10/dist-packages/robot_interfaces/msg/_encoder_info.py'...
[42.480s] Compiling '/home/rpi-team11/ECE4191G11/ROS_Pi/install/robot_interfaces/local/lib/python3.10/dist-packages/robot_interfaces/msg/_flag.py'...
[42.481s] Compiling '/home/rpi-team11/ECE4191G11/ROS_Pi/install/robot_interfaces/local/lib/python3.10/dist-packages/robot_interfaces/msg/_json_data.py'...
[42.482s] Compiling '/home/rpi-team11/ECE4191G11/ROS_Pi/install/robot_interfaces/local/lib/python3.10/dist-packages/robot_interfaces/msg/_obstacles.py'...
[42.483s] Compiling '/home/rpi-team11/ECE4191G11/ROS_Pi/install/robot_interfaces/local/lib/python3.10/dist-packages/robot_interfaces/msg/_pose.py'...
[42.484s] Compiling '/home/rpi-team11/ECE4191G11/ROS_Pi/install/robot_interfaces/local/lib/python3.10/dist-packages/robot_interfaces/msg/_qr_data.py'...
[42.498s] -- Installing: /home/rpi-team11/ECE4191G11/ROS_Pi/install/robot_interfaces/local/lib/python3.10/dist-packages/robot_interfaces/robot_interfaces_s__rosidl_typesupport_fastrtps_c.cpython-310-aarch64-linux-gnu.so
[42.501s] -- Set runtime path of "/home/rpi-team11/ECE4191G11/ROS_Pi/install/robot_interfaces/local/lib/python3.10/dist-packages/robot_interfaces/robot_interfaces_s__rosidl_typesupport_fastrtps_c.cpython-310-aarch64-linux-gnu.so" to ""
[42.503s] -- Installing: /home/rpi-team11/ECE4191G11/ROS_Pi/install/robot_interfaces/local/lib/python3.10/dist-packages/robot_interfaces/robot_interfaces_s__rosidl_typesupport_introspection_c.cpython-310-aarch64-linux-gnu.so
[42.507s] -- Set runtime path of "/home/rpi-team11/ECE4191G11/ROS_Pi/install/robot_interfaces/local/lib/python3.10/dist-packages/robot_interfaces/robot_interfaces_s__rosidl_typesupport_introspection_c.cpython-310-aarch64-linux-gnu.so" to ""
[42.510s] -- Installing: /home/rpi-team11/ECE4191G11/ROS_Pi/install/robot_interfaces/local/lib/python3.10/dist-packages/robot_interfaces/robot_interfaces_s__rosidl_typesupport_c.cpython-310-aarch64-linux-gnu.so
[42.514s] -- Set runtime path of "/home/rpi-team11/ECE4191G11/ROS_Pi/install/robot_interfaces/local/lib/python3.10/dist-packages/robot_interfaces/robot_interfaces_s__rosidl_typesupport_c.cpython-310-aarch64-linux-gnu.so" to ""
[42.515s] -- Installing: /home/rpi-team11/ECE4191G11/ROS_Pi/install/robot_interfaces/lib/librobot_interfaces__rosidl_generator_py.so
[42.518s] -- Set runtime path of "/home/rpi-team11/ECE4191G11/ROS_Pi/install/robot_interfaces/lib/librobot_interfaces__rosidl_generator_py.so" to ""
[42.519s] -- Installing: /home/rpi-team11/ECE4191G11/ROS_Pi/install/robot_interfaces/share/robot_interfaces/msg/DesState.idl
[42.520s] -- Installing: /home/rpi-team11/ECE4191G11/ROS_Pi/install/robot_interfaces/share/robot_interfaces/msg/Pose.idl
[42.521s] -- Installing: /home/rpi-team11/ECE4191G11/ROS_Pi/install/robot_interfaces/share/robot_interfaces/msg/Distances.idl
[42.522s] -- Installing: /home/rpi-team11/ECE4191G11/ROS_Pi/install/robot_interfaces/share/robot_interfaces/msg/EncoderInfo.idl
[42.523s] -- Installing: /home/rpi-team11/ECE4191G11/ROS_Pi/install/robot_interfaces/share/robot_interfaces/msg/Obstacles.idl
[42.525s] -- Installing: /home/rpi-team11/ECE4191G11/ROS_Pi/install/robot_interfaces/share/robot_interfaces/msg/QRData.idl
[42.526s] -- Installing: /home/rpi-team11/ECE4191G11/ROS_Pi/install/robot_interfaces/share/robot_interfaces/msg/Flag.idl
[42.527s] -- Installing: /home/rpi-team11/ECE4191G11/ROS_Pi/install/robot_interfaces/share/robot_interfaces/msg/JSONData.idl
[42.528s] -- Installing: /home/rpi-team11/ECE4191G11/ROS_Pi/install/robot_interfaces/share/robot_interfaces/msg/DesState.msg
[42.529s] -- Installing: /home/rpi-team11/ECE4191G11/ROS_Pi/install/robot_interfaces/share/robot_interfaces/msg/Pose.msg
[42.531s] -- Installing: /home/rpi-team11/ECE4191G11/ROS_Pi/install/robot_interfaces/share/robot_interfaces/msg/Distances.msg
[42.532s] -- Installing: /home/rpi-team11/ECE4191G11/ROS_Pi/install/robot_interfaces/share/robot_interfaces/msg/EncoderInfo.msg
[42.533s] -- Installing: /home/rpi-team11/ECE4191G11/ROS_Pi/install/robot_interfaces/share/robot_interfaces/msg/Obstacles.msg
[42.534s] -- Installing: /home/rpi-team11/ECE4191G11/ROS_Pi/install/robot_interfaces/share/robot_interfaces/msg/QRData.msg
[42.535s] -- Installing: /home/rpi-team11/ECE4191G11/ROS_Pi/install/robot_interfaces/share/robot_interfaces/msg/Flag.msg
[42.536s] -- Installing: /home/rpi-team11/ECE4191G11/ROS_Pi/install/robot_interfaces/share/robot_interfaces/msg/JSONData.msg
[42.538s] -- Installing: /home/rpi-team11/ECE4191G11/ROS_Pi/install/robot_interfaces/share/ament_index/resource_index/package_run_dependencies/robot_interfaces
[42.540s] -- Installing: /home/rpi-team11/ECE4191G11/ROS_Pi/install/robot_interfaces/share/ament_index/resource_index/parent_prefix_path/robot_interfaces
[42.541s] -- Installing: /home/rpi-team11/ECE4191G11/ROS_Pi/install/robot_interfaces/share/robot_interfaces/environment/ament_prefix_path.sh
[42.542s] -- Installing: /home/rpi-team11/ECE4191G11/ROS_Pi/install/robot_interfaces/share/robot_interfaces/environment/ament_prefix_path.dsv
[42.543s] -- Installing: /home/rpi-team11/ECE4191G11/ROS_Pi/install/robot_interfaces/share/robot_interfaces/environment/path.sh
[42.545s] -- Installing: /home/rpi-team11/ECE4191G11/ROS_Pi/install/robot_interfaces/share/robot_interfaces/environment/path.dsv
[42.546s] -- Installing: /home/rpi-team11/ECE4191G11/ROS_Pi/install/robot_interfaces/share/robot_interfaces/local_setup.bash
[42.547s] -- Installing: /home/rpi-team11/ECE4191G11/ROS_Pi/install/robot_interfaces/share/robot_interfaces/local_setup.sh
[42.548s] -- Installing: /home/rpi-team11/ECE4191G11/ROS_Pi/install/robot_interfaces/share/robot_interfaces/local_setup.zsh
[42.550s] -- Installing: /home/rpi-team11/ECE4191G11/ROS_Pi/install/robot_interfaces/share/robot_interfaces/local_setup.dsv
[42.551s] -- Installing: /home/rpi-team11/ECE4191G11/ROS_Pi/install/robot_interfaces/share/robot_interfaces/package.dsv
[42.552s] -- Installing: /home/rpi-team11/ECE4191G11/ROS_Pi/install/robot_interfaces/share/ament_index/resource_index/packages/robot_interfaces
[42.554s] -- Installing: /home/rpi-team11/ECE4191G11/ROS_Pi/install/robot_interfaces/share/robot_interfaces/cmake/export_robot_interfaces__rosidl_generator_cExport.cmake
[42.556s] -- Installing: /home/rpi-team11/ECE4191G11/ROS_Pi/install/robot_interfaces/share/robot_interfaces/cmake/export_robot_interfaces__rosidl_generator_cExport-noconfig.cmake
[42.557s] -- Installing: /home/rpi-team11/ECE4191G11/ROS_Pi/install/robot_interfaces/share/robot_interfaces/cmake/export_robot_interfaces__rosidl_typesupport_fastrtps_cExport.cmake
[42.559s] -- Installing: /home/rpi-team11/ECE4191G11/ROS_Pi/install/robot_interfaces/share/robot_interfaces/cmake/export_robot_interfaces__rosidl_typesupport_fastrtps_cExport-noconfig.cmake
[42.560s] -- Installing: /home/rpi-team11/ECE4191G11/ROS_Pi/install/robot_interfaces/share/robot_interfaces/cmake/robot_interfaces__rosidl_typesupport_introspection_cExport.cmake
[42.562s] -- Installing: /home/rpi-team11/ECE4191G11/ROS_Pi/install/robot_interfaces/share/robot_interfaces/cmake/robot_interfaces__rosidl_typesupport_introspection_cExport-noconfig.cmake
[42.564s] -- Installing: /home/rpi-team11/ECE4191G11/ROS_Pi/install/robot_interfaces/share/robot_interfaces/cmake/robot_interfaces__rosidl_typesupport_cExport.cmake
[42.565s] -- Installing: /home/rpi-team11/ECE4191G11/ROS_Pi/install/robot_interfaces/share/robot_interfaces/cmake/robot_interfaces__rosidl_typesupport_cExport-noconfig.cmake
[42.567s] -- Installing: /home/rpi-team11/ECE4191G11/ROS_Pi/install/robot_interfaces/share/robot_interfaces/cmake/export_robot_interfaces__rosidl_generator_cppExport.cmake
[42.569s] -- Installing: /home/rpi-team11/ECE4191G11/ROS_Pi/install/robot_interfaces/share/robot_interfaces/cmake/export_robot_interfaces__rosidl_typesupport_fastrtps_cppExport.cmake
[42.570s] -- Installing: /home/rpi-team11/ECE4191G11/ROS_Pi/install/robot_interfaces/share/robot_interfaces/cmake/export_robot_interfaces__rosidl_typesupport_fastrtps_cppExport-noconfig.cmake
[42.572s] -- Installing: /home/rpi-team11/ECE4191G11/ROS_Pi/install/robot_interfaces/share/robot_interfaces/cmake/robot_interfaces__rosidl_typesupport_introspection_cppExport.cmake
[42.573s] -- Installing: /home/rpi-team11/ECE4191G11/ROS_Pi/install/robot_interfaces/share/robot_interfaces/cmake/robot_interfaces__rosidl_typesupport_introspection_cppExport-noconfig.cmake
[42.575s] -- Installing: /home/rpi-team11/ECE4191G11/ROS_Pi/install/robot_interfaces/share/robot_interfaces/cmake/robot_interfaces__rosidl_typesupport_cppExport.cmake
[42.577s] -- Installing: /home/rpi-team11/ECE4191G11/ROS_Pi/install/robot_interfaces/share/robot_interfaces/cmake/robot_interfaces__rosidl_typesupport_cppExport-noconfig.cmake
[42.578s] -- Installing: /home/rpi-team11/ECE4191G11/ROS_Pi/install/robot_interfaces/share/robot_interfaces/cmake/export_robot_interfaces__rosidl_generator_pyExport.cmake
[42.580s] -- Installing: /home/rpi-team11/ECE4191G11/ROS_Pi/install/robot_interfaces/share/robot_interfaces/cmake/export_robot_interfaces__rosidl_generator_pyExport-noconfig.cmake
[42.581s] -- Installing: /home/rpi-team11/ECE4191G11/ROS_Pi/install/robot_interfaces/share/robot_interfaces/cmake/rosidl_cmake-extras.cmake
[42.583s] -- Installing: /home/rpi-team11/ECE4191G11/ROS_Pi/install/robot_interfaces/share/robot_interfaces/cmake/ament_cmake_export_include_directories-extras.cmake
[42.584s] -- Installing: /home/rpi-team11/ECE4191G11/ROS_Pi/install/robot_interfaces/share/robot_interfaces/cmake/ament_cmake_export_libraries-extras.cmake
[42.585s] -- Installing: /home/rpi-team11/ECE4191G11/ROS_Pi/install/robot_interfaces/share/robot_interfaces/cmake/ament_cmake_export_targets-extras.cmake
[42.587s] -- Installing: /home/rpi-team11/ECE4191G11/ROS_Pi/install/robot_interfaces/share/robot_interfaces/cmake/rosidl_cmake_export_typesupport_targets-extras.cmake
[42.588s] -- Installing: /home/rpi-team11/ECE4191G11/ROS_Pi/install/robot_interfaces/share/robot_interfaces/cmake/ament_cmake_export_dependencies-extras.cmake
[42.590s] -- Installing: /home/rpi-team11/ECE4191G11/ROS_Pi/install/robot_interfaces/share/robot_interfaces/cmake/rosidl_cmake_export_typesupport_libraries-extras.cmake
[42.591s] -- Installing: /home/rpi-team11/ECE4191G11/ROS_Pi/install/robot_interfaces/share/robot_interfaces/cmake/robot_interfacesConfig.cmake
[42.592s] -- Installing: /home/rpi-team11/ECE4191G11/ROS_Pi/install/robot_interfaces/share/robot_interfaces/cmake/robot_interfacesConfig-version.cmake
[42.593s] -- Installing: /home/rpi-team11/ECE4191G11/ROS_Pi/install/robot_interfaces/share/robot_interfaces/package.xml
[42.602s] Invoked command in '/home/rpi-team11/ECE4191G11/ROS_Pi/build/robot_interfaces' returned '0': CMAKE_PREFIX_PATH=${CMAKE_PREFIX_PATH}:/home/rpi-team11/ECE4191G11/ROS_Pi/install/robot_controller:/opt/ros/humble /usr/bin/cmake --install /home/rpi-team11/ECE4191G11/ROS_Pi/build/robot_interfaces
