[4.398s] DEBUG:colcon:Command line arguments: ['/usr/bin/colcon', 'build']
[4.398s] DEBUG:colcon:Parsed command line arguments: Namespace(log_base=None, log_level=None, verb_name='build', build_base='build', install_base='install', merge_install=False, symlink_install=False, test_result_base=None, continue_on_error=False, executor='parallel', parallel_workers=4, event_handlers=None, ignore_user_meta=False, metas=['./colcon.meta'], base_paths=['.'], packages_ignore=None, packages_ignore_regex=None, paths=None, packages_up_to=None, packages_up_to_regex=None, packages_above=None, packages_above_and_dependencies=None, packages_above_depth=None, packages_select_by_dep=None, packages_skip_by_dep=None, packages_skip_up_to=None, packages_select_build_failed=False, packages_skip_build_finished=False, packages_select_test_failures=False, packages_skip_test_passed=False, packages_select=None, packages_skip=None, packages_select_regex=None, packages_skip_regex=None, packages_start=None, packages_end=None, allow_overriding=[], cmake_args=None, cmake_target=None, cmake_target_skip_unavailable=False, cmake_clean_cache=False, cmake_clean_first=False, cmake_force_configure=False, ament_cmake_args=None, catkin_cmake_args=None, catkin_skip_building_tests=False, verb_parser=<colcon_defaults.argument_parser.defaults.DefaultArgumentsDecorator object at 0x7f8ae78e1fc0>, verb_extension=<colcon_core.verb.build.BuildVerb object at 0x7f8ae78e2740>, main=<bound method BuildVerb.main of <colcon_core.verb.build.BuildVerb object at 0x7f8ae78e2740>>)
[4.768s] Level 1:colcon.colcon_core.package_discovery:discover_packages(colcon_meta) check parameters
[4.768s] Level 1:colcon.colcon_core.package_discovery:discover_packages(recursive) check parameters
[4.768s] Level 1:colcon.colcon_core.package_discovery:discover_packages(ignore) check parameters
[4.768s] Level 1:colcon.colcon_core.package_discovery:discover_packages(path) check parameters
[4.768s] Level 1:colcon.colcon_core.package_discovery:discover_packages(colcon_meta) discover
[4.768s] Level 1:colcon.colcon_core.package_discovery:discover_packages(recursive) discover
[4.768s] INFO:colcon.colcon_core.package_discovery:Crawling recursively for packages in '/home/lingc/ECE4191G11/ROS'
[4.768s] Level 1:colcon.colcon_core.package_identification:_identify(.) by extensions ['ignore', 'ignore_ament_install']
[4.768s] Level 1:colcon.colcon_core.package_identification:_identify(.) by extension 'ignore'
[4.768s] Level 1:colcon.colcon_core.package_identification:_identify(.) by extension 'ignore_ament_install'
[4.768s] Level 1:colcon.colcon_core.package_identification:_identify(.) by extensions ['colcon_pkg']
[4.768s] Level 1:colcon.colcon_core.package_identification:_identify(.) by extension 'colcon_pkg'
[4.768s] Level 1:colcon.colcon_core.package_identification:_identify(.) by extensions ['colcon_meta']
[4.768s] Level 1:colcon.colcon_core.package_identification:_identify(.) by extension 'colcon_meta'
[4.768s] Level 1:colcon.colcon_core.package_identification:_identify(.) by extensions ['ros']
[4.768s] Level 1:colcon.colcon_core.package_identification:_identify(.) by extension 'ros'
[4.857s] Level 1:colcon.colcon_core.package_identification:_identify(.) by extensions ['cmake', 'python']
[4.857s] Level 1:colcon.colcon_core.package_identification:_identify(.) by extension 'cmake'
[4.857s] Level 1:colcon.colcon_core.package_identification:_identify(.) by extension 'python'
[4.857s] Level 1:colcon.colcon_core.package_identification:_identify(.) by extensions ['python_setup_py']
[4.857s] Level 1:colcon.colcon_core.package_identification:_identify(.) by extension 'python_setup_py'
[4.857s] Level 1:colcon.colcon_core.package_identification:_identify(build) by extensions ['ignore', 'ignore_ament_install']
[4.857s] Level 1:colcon.colcon_core.package_identification:_identify(build) by extension 'ignore'
[4.857s] Level 1:colcon.colcon_core.package_identification:_identify(build) ignored
[4.857s] Level 1:colcon.colcon_core.package_identification:_identify(install) by extensions ['ignore', 'ignore_ament_install']
[4.858s] Level 1:colcon.colcon_core.package_identification:_identify(install) by extension 'ignore'
[4.858s] Level 1:colcon.colcon_core.package_identification:_identify(install) ignored
[4.858s] Level 1:colcon.colcon_core.package_identification:_identify(log) by extensions ['ignore', 'ignore_ament_install']
[4.858s] Level 1:colcon.colcon_core.package_identification:_identify(log) by extension 'ignore'
[4.858s] Level 1:colcon.colcon_core.package_identification:_identify(log) ignored
[4.858s] Level 1:colcon.colcon_core.package_identification:_identify(src) by extensions ['ignore', 'ignore_ament_install']
[4.858s] Level 1:colcon.colcon_core.package_identification:_identify(src) by extension 'ignore'
[4.858s] Level 1:colcon.colcon_core.package_identification:_identify(src) by extension 'ignore_ament_install'
[4.858s] Level 1:colcon.colcon_core.package_identification:_identify(src) by extensions ['colcon_pkg']
[4.858s] Level 1:colcon.colcon_core.package_identification:_identify(src) by extension 'colcon_pkg'
[4.858s] Level 1:colcon.colcon_core.package_identification:_identify(src) by extensions ['colcon_meta']
[4.858s] Level 1:colcon.colcon_core.package_identification:_identify(src) by extension 'colcon_meta'
[4.858s] Level 1:colcon.colcon_core.package_identification:_identify(src) by extensions ['ros']
[4.858s] Level 1:colcon.colcon_core.package_identification:_identify(src) by extension 'ros'
[4.862s] Level 1:colcon.colcon_core.package_identification:_identify(src) by extensions ['cmake', 'python']
[4.862s] Level 1:colcon.colcon_core.package_identification:_identify(src) by extension 'cmake'
[4.862s] Level 1:colcon.colcon_core.package_identification:_identify(src) by extension 'python'
[4.862s] Level 1:colcon.colcon_core.package_identification:_identify(src) by extensions ['python_setup_py']
[4.864s] Level 1:colcon.colcon_core.package_identification:_identify(src) by extension 'python_setup_py'
[4.864s] Level 1:colcon.colcon_core.package_identification:_identify(src/robot_controller) by extensions ['ignore', 'ignore_ament_install']
[4.864s] Level 1:colcon.colcon_core.package_identification:_identify(src/robot_controller) by extension 'ignore'
[4.864s] Level 1:colcon.colcon_core.package_identification:_identify(src/robot_controller) by extension 'ignore_ament_install'
[4.865s] Level 1:colcon.colcon_core.package_identification:_identify(src/robot_controller) by extensions ['colcon_pkg']
[4.865s] Level 1:colcon.colcon_core.package_identification:_identify(src/robot_controller) by extension 'colcon_pkg'
[4.865s] Level 1:colcon.colcon_core.package_identification:_identify(src/robot_controller) by extensions ['colcon_meta']
[4.865s] Level 1:colcon.colcon_core.package_identification:_identify(src/robot_controller) by extension 'colcon_meta'
[4.865s] Level 1:colcon.colcon_core.package_identification:_identify(src/robot_controller) by extensions ['ros']
[4.865s] Level 1:colcon.colcon_core.package_identification:_identify(src/robot_controller) by extension 'ros'
[4.944s] DEBUG:colcon.colcon_core.package_identification:Package 'src/robot_controller' with type 'ros.ament_python' and name 'robot_controller'
[4.969s] Level 1:colcon.colcon_core.package_identification:_identify(src/robot_interfaces) by extensions ['ignore', 'ignore_ament_install']
[4.970s] Level 1:colcon.colcon_core.package_identification:_identify(src/robot_interfaces) by extension 'ignore'
[4.970s] Level 1:colcon.colcon_core.package_identification:_identify(src/robot_interfaces) by extension 'ignore_ament_install'
[4.970s] Level 1:colcon.colcon_core.package_identification:_identify(src/robot_interfaces) by extensions ['colcon_pkg']
[4.970s] Level 1:colcon.colcon_core.package_identification:_identify(src/robot_interfaces) by extension 'colcon_pkg'
[4.971s] Level 1:colcon.colcon_core.package_identification:_identify(src/robot_interfaces) by extensions ['colcon_meta']
[4.971s] Level 1:colcon.colcon_core.package_identification:_identify(src/robot_interfaces) by extension 'colcon_meta'
[4.971s] Level 1:colcon.colcon_core.package_identification:_identify(src/robot_interfaces) by extensions ['ros']
[4.971s] Level 1:colcon.colcon_core.package_identification:_identify(src/robot_interfaces) by extension 'ros'
[4.976s] DEBUG:colcon.colcon_core.package_identification:Package 'src/robot_interfaces' with type 'ros.ament_cmake' and name 'robot_interfaces'
[4.977s] Level 1:colcon.colcon_core.package_identification:_identify(src/robot_launch) by extensions ['ignore', 'ignore_ament_install']
[4.978s] Level 1:colcon.colcon_core.package_identification:_identify(src/robot_launch) by extension 'ignore'
[4.986s] Level 1:colcon.colcon_core.package_identification:_identify(src/robot_launch) by extension 'ignore_ament_install'
[4.987s] Level 1:colcon.colcon_core.package_identification:_identify(src/robot_launch) by extensions ['colcon_pkg']
[4.987s] Level 1:colcon.colcon_core.package_identification:_identify(src/robot_launch) by extension 'colcon_pkg'
[4.987s] Level 1:colcon.colcon_core.package_identification:_identify(src/robot_launch) by extensions ['colcon_meta']
[4.987s] Level 1:colcon.colcon_core.package_identification:_identify(src/robot_launch) by extension 'colcon_meta'
[4.987s] Level 1:colcon.colcon_core.package_identification:_identify(src/robot_launch) by extensions ['ros']
[4.987s] Level 1:colcon.colcon_core.package_identification:_identify(src/robot_launch) by extension 'ros'
[4.989s] DEBUG:colcon.colcon_core.package_identification:Package 'src/robot_launch' with type 'ros.ament_cmake' and name 'robot_launch'
[4.989s] Level 1:colcon.colcon_core.package_discovery:discover_packages(recursive) using defaults
[4.989s] Level 1:colcon.colcon_core.package_discovery:discover_packages(ignore) discover
[4.990s] Level 1:colcon.colcon_core.package_discovery:discover_packages(ignore) using defaults
[4.990s] Level 1:colcon.colcon_core.package_discovery:discover_packages(path) discover
[4.990s] Level 1:colcon.colcon_core.package_discovery:discover_packages(path) using defaults
[5.307s] Level 1:colcon.colcon_core.package_discovery:discover_packages(prefix_path) check parameters
[5.307s] Level 1:colcon.colcon_core.package_discovery:discover_packages(prefix_path) discover
[5.317s] DEBUG:colcon.colcon_installed_package_information.package_discovery:Found 3 installed packages in /home/lingc/ECE4191G11/ROS/install
[5.319s] DEBUG:colcon.colcon_installed_package_information.package_discovery:Found 270 installed packages in /opt/ros/humble
[5.321s] Level 1:colcon.colcon_core.package_discovery:discover_packages(prefix_path) using defaults
[5.520s] Level 5:colcon.colcon_core.verb:set package 'robot_interfaces' build argument 'cmake_args' from command line to 'None'
[5.520s] Level 5:colcon.colcon_core.verb:set package 'robot_interfaces' build argument 'cmake_target' from command line to 'None'
[5.520s] Level 5:colcon.colcon_core.verb:set package 'robot_interfaces' build argument 'cmake_target_skip_unavailable' from command line to 'False'
[5.520s] Level 5:colcon.colcon_core.verb:set package 'robot_interfaces' build argument 'cmake_clean_cache' from command line to 'False'
[5.520s] Level 5:colcon.colcon_core.verb:set package 'robot_interfaces' build argument 'cmake_clean_first' from command line to 'False'
[5.520s] Level 5:colcon.colcon_core.verb:set package 'robot_interfaces' build argument 'cmake_force_configure' from command line to 'False'
[5.520s] Level 5:colcon.colcon_core.verb:set package 'robot_interfaces' build argument 'ament_cmake_args' from command line to 'None'
[5.520s] Level 5:colcon.colcon_core.verb:set package 'robot_interfaces' build argument 'catkin_cmake_args' from command line to 'None'
[5.520s] Level 5:colcon.colcon_core.verb:set package 'robot_interfaces' build argument 'catkin_skip_building_tests' from command line to 'False'
[5.520s] DEBUG:colcon.colcon_core.verb:Building package 'robot_interfaces' with the following arguments: {'ament_cmake_args': None, 'build_base': '/home/lingc/ECE4191G11/ROS/build/robot_interfaces', 'catkin_cmake_args': None, 'catkin_skip_building_tests': False, 'cmake_args': None, 'cmake_clean_cache': False, 'cmake_clean_first': False, 'cmake_force_configure': False, 'cmake_target': None, 'cmake_target_skip_unavailable': False, 'install_base': '/home/lingc/ECE4191G11/ROS/install/robot_interfaces', 'merge_install': False, 'path': '/home/lingc/ECE4191G11/ROS/src/robot_interfaces', 'symlink_install': False, 'test_result_base': None}
[5.522s] Level 5:colcon.colcon_core.verb:set package 'robot_controller' build argument 'cmake_args' from command line to 'None'
[5.522s] Level 5:colcon.colcon_core.verb:set package 'robot_controller' build argument 'cmake_target' from command line to 'None'
[5.522s] Level 5:colcon.colcon_core.verb:set package 'robot_controller' build argument 'cmake_target_skip_unavailable' from command line to 'False'
[5.522s] Level 5:colcon.colcon_core.verb:set package 'robot_controller' build argument 'cmake_clean_cache' from command line to 'False'
[5.522s] Level 5:colcon.colcon_core.verb:set package 'robot_controller' build argument 'cmake_clean_first' from command line to 'False'
[5.522s] Level 5:colcon.colcon_core.verb:set package 'robot_controller' build argument 'cmake_force_configure' from command line to 'False'
[5.522s] Level 5:colcon.colcon_core.verb:set package 'robot_controller' build argument 'ament_cmake_args' from command line to 'None'
[5.522s] Level 5:colcon.colcon_core.verb:set package 'robot_controller' build argument 'catkin_cmake_args' from command line to 'None'
[5.522s] Level 5:colcon.colcon_core.verb:set package 'robot_controller' build argument 'catkin_skip_building_tests' from command line to 'False'
[5.522s] DEBUG:colcon.colcon_core.verb:Building package 'robot_controller' with the following arguments: {'ament_cmake_args': None, 'build_base': '/home/lingc/ECE4191G11/ROS/build/robot_controller', 'catkin_cmake_args': None, 'catkin_skip_building_tests': False, 'cmake_args': None, 'cmake_clean_cache': False, 'cmake_clean_first': False, 'cmake_force_configure': False, 'cmake_target': None, 'cmake_target_skip_unavailable': False, 'install_base': '/home/lingc/ECE4191G11/ROS/install/robot_controller', 'merge_install': False, 'path': '/home/lingc/ECE4191G11/ROS/src/robot_controller', 'symlink_install': False, 'test_result_base': None}
[5.523s] Level 5:colcon.colcon_core.verb:set package 'robot_launch' build argument 'cmake_args' from command line to 'None'
[5.523s] Level 5:colcon.colcon_core.verb:set package 'robot_launch' build argument 'cmake_target' from command line to 'None'
[5.523s] Level 5:colcon.colcon_core.verb:set package 'robot_launch' build argument 'cmake_target_skip_unavailable' from command line to 'False'
[5.523s] Level 5:colcon.colcon_core.verb:set package 'robot_launch' build argument 'cmake_clean_cache' from command line to 'False'
[5.523s] Level 5:colcon.colcon_core.verb:set package 'robot_launch' build argument 'cmake_clean_first' from command line to 'False'
[5.524s] Level 5:colcon.colcon_core.verb:set package 'robot_launch' build argument 'cmake_force_configure' from command line to 'False'
[5.524s] Level 5:colcon.colcon_core.verb:set package 'robot_launch' build argument 'ament_cmake_args' from command line to 'None'
[5.524s] Level 5:colcon.colcon_core.verb:set package 'robot_launch' build argument 'catkin_cmake_args' from command line to 'None'
[5.524s] Level 5:colcon.colcon_core.verb:set package 'robot_launch' build argument 'catkin_skip_building_tests' from command line to 'False'
[5.524s] DEBUG:colcon.colcon_core.verb:Building package 'robot_launch' with the following arguments: {'ament_cmake_args': None, 'build_base': '/home/lingc/ECE4191G11/ROS/build/robot_launch', 'catkin_cmake_args': None, 'catkin_skip_building_tests': False, 'cmake_args': None, 'cmake_clean_cache': False, 'cmake_clean_first': False, 'cmake_force_configure': False, 'cmake_target': None, 'cmake_target_skip_unavailable': False, 'install_base': '/home/lingc/ECE4191G11/ROS/install/robot_launch', 'merge_install': False, 'path': '/home/lingc/ECE4191G11/ROS/src/robot_launch', 'symlink_install': False, 'test_result_base': None}
[5.524s] INFO:colcon.colcon_core.executor:Executing jobs using 'parallel' executor
[5.553s] DEBUG:colcon.colcon_parallel_executor.executor.parallel:run_until_complete
[5.555s] INFO:colcon.colcon_ros.task.ament_cmake.build:Building ROS package in '/home/lingc/ECE4191G11/ROS/src/robot_interfaces' with build type 'ament_cmake'
[5.555s] INFO:colcon.colcon_cmake.task.cmake.build:Building CMake package in '/home/lingc/ECE4191G11/ROS/src/robot_interfaces'
[5.626s] INFO:colcon.colcon_core.plugin_system:Skipping extension 'colcon_core.shell.bat': Not used on non-Windows systems
[5.627s] INFO:colcon.colcon_core.shell:Skip shell extension 'powershell' for command environment: Not usable outside of PowerShell
[5.627s] DEBUG:colcon.colcon_core.shell:Skip shell extension 'dsv' for command environment
[5.701s] DEBUG:colcon.colcon_core.event_handler.log_command:Invoking command in '/home/lingc/ECE4191G11/ROS/build/robot_interfaces': CMAKE_PREFIX_PATH=${CMAKE_PREFIX_PATH}:/home/lingc/ECE4191G11/ROS/install/robot_controller:/opt/ros/humble /usr/bin/cmake --build /home/lingc/ECE4191G11/ROS/build/robot_interfaces -- -j4 -l4
[8.141s] DEBUG:colcon.colcon_core.event_handler.log_command:Invoked command in '/home/lingc/ECE4191G11/ROS/build/robot_interfaces' returned '0': CMAKE_PREFIX_PATH=${CMAKE_PREFIX_PATH}:/home/lingc/ECE4191G11/ROS/install/robot_controller:/opt/ros/humble /usr/bin/cmake --build /home/lingc/ECE4191G11/ROS/build/robot_interfaces -- -j4 -l4
[8.591s] DEBUG:colcon.colcon_core.event_handler.log_command:Invoking command in '/home/lingc/ECE4191G11/ROS/build/robot_interfaces': CMAKE_PREFIX_PATH=${CMAKE_PREFIX_PATH}:/home/lingc/ECE4191G11/ROS/install/robot_controller:/opt/ros/humble /usr/bin/cmake --install /home/lingc/ECE4191G11/ROS/build/robot_interfaces
[9.177s] Level 1:colcon.colcon_core.environment:create_environment_scripts_only(robot_interfaces)
[9.178s] DEBUG:colcon.colcon_core.event_handler.log_command:Invoked command in '/home/lingc/ECE4191G11/ROS/build/robot_interfaces' returned '0': CMAKE_PREFIX_PATH=${CMAKE_PREFIX_PATH}:/home/lingc/ECE4191G11/ROS/install/robot_controller:/opt/ros/humble /usr/bin/cmake --install /home/lingc/ECE4191G11/ROS/build/robot_interfaces
[9.243s] Level 1:colcon.colcon_core.environment:checking '/home/lingc/ECE4191G11/ROS/install/robot_interfaces' for CMake module files
[9.244s] Level 1:colcon.colcon_core.environment:checking '/home/lingc/ECE4191G11/ROS/install/robot_interfaces' for CMake config files
[9.244s] Level 1:colcon.colcon_core.shell:create_environment_hook('robot_interfaces', 'cmake_prefix_path')
[9.246s] INFO:colcon.colcon_core.shell:Creating environment hook '/home/lingc/ECE4191G11/ROS/install/robot_interfaces/share/robot_interfaces/hook/cmake_prefix_path.ps1'
[9.248s] INFO:colcon.colcon_core.shell:Creating environment descriptor '/home/lingc/ECE4191G11/ROS/install/robot_interfaces/share/robot_interfaces/hook/cmake_prefix_path.dsv'
[9.254s] INFO:colcon.colcon_core.shell:Creating environment hook '/home/lingc/ECE4191G11/ROS/install/robot_interfaces/share/robot_interfaces/hook/cmake_prefix_path.sh'
[9.258s] Level 1:colcon.colcon_core.environment:checking '/home/lingc/ECE4191G11/ROS/install/robot_interfaces/lib'
[9.258s] Level 1:colcon.colcon_core.shell:create_environment_hook('robot_interfaces', 'ld_library_path_lib')
[9.260s] INFO:colcon.colcon_core.shell:Creating environment hook '/home/lingc/ECE4191G11/ROS/install/robot_interfaces/share/robot_interfaces/hook/ld_library_path_lib.ps1'
[9.261s] INFO:colcon.colcon_core.shell:Creating environment descriptor '/home/lingc/ECE4191G11/ROS/install/robot_interfaces/share/robot_interfaces/hook/ld_library_path_lib.dsv'
[9.262s] INFO:colcon.colcon_core.shell:Creating environment hook '/home/lingc/ECE4191G11/ROS/install/robot_interfaces/share/robot_interfaces/hook/ld_library_path_lib.sh'
[9.264s] Level 1:colcon.colcon_core.environment:checking '/home/lingc/ECE4191G11/ROS/install/robot_interfaces/bin'
[9.264s] Level 1:colcon.colcon_core.environment:checking '/home/lingc/ECE4191G11/ROS/install/robot_interfaces/lib/pkgconfig/robot_interfaces.pc'
[9.264s] Level 1:colcon.colcon_core.environment:checking '/home/lingc/ECE4191G11/ROS/install/robot_interfaces/lib/python3.10/site-packages'
[9.264s] Level 1:colcon.colcon_core.environment:checking '/home/lingc/ECE4191G11/ROS/install/robot_interfaces/bin'
[9.265s] INFO:colcon.colcon_core.shell:Creating package script '/home/lingc/ECE4191G11/ROS/install/robot_interfaces/share/robot_interfaces/package.ps1'
[9.267s] INFO:colcon.colcon_core.shell:Creating package descriptor '/home/lingc/ECE4191G11/ROS/install/robot_interfaces/share/robot_interfaces/package.dsv'
[9.269s] INFO:colcon.colcon_core.shell:Creating package script '/home/lingc/ECE4191G11/ROS/install/robot_interfaces/share/robot_interfaces/package.sh'
[9.272s] INFO:colcon.colcon_core.shell:Creating package script '/home/lingc/ECE4191G11/ROS/install/robot_interfaces/share/robot_interfaces/package.bash'
[9.287s] INFO:colcon.colcon_core.shell:Creating package script '/home/lingc/ECE4191G11/ROS/install/robot_interfaces/share/robot_interfaces/package.zsh'
[9.295s] Level 1:colcon.colcon_core.environment:create_file_with_runtime_dependencies(/home/lingc/ECE4191G11/ROS/install/robot_interfaces/share/colcon-core/packages/robot_interfaces)
[9.801s] Level 1:colcon.colcon_core.environment:create_environment_scripts_only(robot_interfaces)
[9.813s] Level 1:colcon.colcon_core.environment:checking '/home/lingc/ECE4191G11/ROS/install/robot_interfaces' for CMake module files
[9.815s] Level 1:colcon.colcon_core.environment:checking '/home/lingc/ECE4191G11/ROS/install/robot_interfaces' for CMake config files
[9.816s] Level 1:colcon.colcon_core.shell:create_environment_hook('robot_interfaces', 'cmake_prefix_path')
[9.825s] INFO:colcon.colcon_core.shell:Creating environment hook '/home/lingc/ECE4191G11/ROS/install/robot_interfaces/share/robot_interfaces/hook/cmake_prefix_path.ps1'
[9.827s] INFO:colcon.colcon_core.shell:Creating environment descriptor '/home/lingc/ECE4191G11/ROS/install/robot_interfaces/share/robot_interfaces/hook/cmake_prefix_path.dsv'
[9.827s] INFO:colcon.colcon_core.shell:Creating environment hook '/home/lingc/ECE4191G11/ROS/install/robot_interfaces/share/robot_interfaces/hook/cmake_prefix_path.sh'
[9.828s] Level 1:colcon.colcon_core.environment:checking '/home/lingc/ECE4191G11/ROS/install/robot_interfaces/lib'
[9.828s] Level 1:colcon.colcon_core.shell:create_environment_hook('robot_interfaces', 'ld_library_path_lib')
[9.829s] INFO:colcon.colcon_core.shell:Creating environment hook '/home/lingc/ECE4191G11/ROS/install/robot_interfaces/share/robot_interfaces/hook/ld_library_path_lib.ps1'
[9.830s] INFO:colcon.colcon_core.shell:Creating environment descriptor '/home/lingc/ECE4191G11/ROS/install/robot_interfaces/share/robot_interfaces/hook/ld_library_path_lib.dsv'
[9.831s] INFO:colcon.colcon_core.shell:Creating environment hook '/home/lingc/ECE4191G11/ROS/install/robot_interfaces/share/robot_interfaces/hook/ld_library_path_lib.sh'
[9.832s] Level 1:colcon.colcon_core.environment:checking '/home/lingc/ECE4191G11/ROS/install/robot_interfaces/bin'
[9.832s] Level 1:colcon.colcon_core.environment:checking '/home/lingc/ECE4191G11/ROS/install/robot_interfaces/lib/pkgconfig/robot_interfaces.pc'
[9.833s] Level 1:colcon.colcon_core.environment:checking '/home/lingc/ECE4191G11/ROS/install/robot_interfaces/lib/python3.10/site-packages'
[9.833s] Level 1:colcon.colcon_core.environment:checking '/home/lingc/ECE4191G11/ROS/install/robot_interfaces/bin'
[9.835s] INFO:colcon.colcon_core.shell:Creating package script '/home/lingc/ECE4191G11/ROS/install/robot_interfaces/share/robot_interfaces/package.ps1'
[9.836s] INFO:colcon.colcon_core.shell:Creating package descriptor '/home/lingc/ECE4191G11/ROS/install/robot_interfaces/share/robot_interfaces/package.dsv'
[9.839s] INFO:colcon.colcon_core.shell:Creating package script '/home/lingc/ECE4191G11/ROS/install/robot_interfaces/share/robot_interfaces/package.sh'
[9.844s] INFO:colcon.colcon_core.shell:Creating package script '/home/lingc/ECE4191G11/ROS/install/robot_interfaces/share/robot_interfaces/package.bash'
[9.847s] INFO:colcon.colcon_core.shell:Creating package script '/home/lingc/ECE4191G11/ROS/install/robot_interfaces/share/robot_interfaces/package.zsh'
[9.848s] Level 1:colcon.colcon_core.environment:create_file_with_runtime_dependencies(/home/lingc/ECE4191G11/ROS/install/robot_interfaces/share/colcon-core/packages/robot_interfaces)
[9.849s] INFO:colcon.colcon_ros.task.ament_python.build:Building ROS package in '/home/lingc/ECE4191G11/ROS/src/robot_controller' with build type 'ament_python'
[9.849s] Level 1:colcon.colcon_core.shell:create_environment_hook('robot_controller', 'ament_prefix_path')
[9.851s] INFO:colcon.colcon_core.shell:Creating environment hook '/home/lingc/ECE4191G11/ROS/install/robot_controller/share/robot_controller/hook/ament_prefix_path.ps1'
[9.853s] INFO:colcon.colcon_core.shell:Creating environment descriptor '/home/lingc/ECE4191G11/ROS/install/robot_controller/share/robot_controller/hook/ament_prefix_path.dsv'
[9.854s] INFO:colcon.colcon_core.shell:Creating environment hook '/home/lingc/ECE4191G11/ROS/install/robot_controller/share/robot_controller/hook/ament_prefix_path.sh'
[9.860s] INFO:colcon.colcon_core.shell:Skip shell extension 'powershell' for command environment: Not usable outside of PowerShell
[9.861s] DEBUG:colcon.colcon_core.shell:Skip shell extension 'dsv' for command environment
[10.323s] INFO:colcon.colcon_core.task.python.build:Building Python package in '/home/lingc/ECE4191G11/ROS/src/robot_controller'
[10.324s] INFO:colcon.colcon_core.shell:Skip shell extension 'powershell' for command environment: Not usable outside of PowerShell
[10.324s] DEBUG:colcon.colcon_core.shell:Skip shell extension 'dsv' for command environment
[11.093s] DEBUG:colcon.colcon_core.event_handler.log_command:Invoking command in '/home/lingc/ECE4191G11/ROS/src/robot_controller': CMAKE_PREFIX_PATH=/home/lingc/ECE4191G11/ROS/install/robot_interfaces:/home/lingc/ECE4191G11/ROS/install/robot_launch PYTHONPATH=/home/lingc/ECE4191G11/ROS/build/robot_controller/prefix_override:/home/lingc/ECE4191G11/ROS/install/robot_controller/lib/python3.10/site-packages:${PYTHONPATH} /usr/bin/python3 setup.py egg_info --egg-base ../../build/robot_controller build --build-base /home/lingc/ECE4191G11/ROS/build/robot_controller/build install --record /home/lingc/ECE4191G11/ROS/build/robot_controller/install.log --single-version-externally-managed
[11.555s] Level 1:colcon.colcon_core.environment:checking '/home/lingc/ECE4191G11/ROS/install/robot_controller' for CMake module files
[11.559s] DEBUG:colcon.colcon_core.event_handler.log_command:Invoked command in '/home/lingc/ECE4191G11/ROS/src/robot_controller' returned '0': CMAKE_PREFIX_PATH=/home/lingc/ECE4191G11/ROS/install/robot_interfaces:/home/lingc/ECE4191G11/ROS/install/robot_launch PYTHONPATH=/home/lingc/ECE4191G11/ROS/build/robot_controller/prefix_override:/home/lingc/ECE4191G11/ROS/install/robot_controller/lib/python3.10/site-packages:${PYTHONPATH} /usr/bin/python3 setup.py egg_info --egg-base ../../build/robot_controller build --build-base /home/lingc/ECE4191G11/ROS/build/robot_controller/build install --record /home/lingc/ECE4191G11/ROS/build/robot_controller/install.log --single-version-externally-managed
[11.560s] Level 1:colcon.colcon_core.environment:checking '/home/lingc/ECE4191G11/ROS/install/robot_controller' for CMake config files
[11.562s] Level 1:colcon.colcon_core.environment:checking '/home/lingc/ECE4191G11/ROS/install/robot_controller/lib'
[11.562s] Level 1:colcon.colcon_core.environment:checking '/home/lingc/ECE4191G11/ROS/install/robot_controller/bin'
[11.562s] Level 1:colcon.colcon_core.environment:checking '/home/lingc/ECE4191G11/ROS/install/robot_controller/lib/pkgconfig/robot_controller.pc'
[11.563s] Level 1:colcon.colcon_core.environment:checking '/home/lingc/ECE4191G11/ROS/install/robot_controller/lib/python3.10/site-packages'
[11.563s] Level 1:colcon.colcon_core.shell:create_environment_hook('robot_controller', 'pythonpath')
[11.564s] INFO:colcon.colcon_core.shell:Creating environment hook '/home/lingc/ECE4191G11/ROS/install/robot_controller/share/robot_controller/hook/pythonpath.ps1'
[11.564s] INFO:colcon.colcon_core.shell:Creating environment descriptor '/home/lingc/ECE4191G11/ROS/install/robot_controller/share/robot_controller/hook/pythonpath.dsv'
[11.565s] INFO:colcon.colcon_core.shell:Creating environment hook '/home/lingc/ECE4191G11/ROS/install/robot_controller/share/robot_controller/hook/pythonpath.sh'
[11.566s] Level 1:colcon.colcon_core.environment:checking '/home/lingc/ECE4191G11/ROS/install/robot_controller/bin'
[11.566s] Level 1:colcon.colcon_core.environment:create_environment_scripts_only(robot_controller)
[11.568s] INFO:colcon.colcon_core.shell:Creating package script '/home/lingc/ECE4191G11/ROS/install/robot_controller/share/robot_controller/package.ps1'
[11.568s] INFO:colcon.colcon_core.shell:Creating package descriptor '/home/lingc/ECE4191G11/ROS/install/robot_controller/share/robot_controller/package.dsv'
[11.569s] INFO:colcon.colcon_core.shell:Creating package script '/home/lingc/ECE4191G11/ROS/install/robot_controller/share/robot_controller/package.sh'
[11.569s] INFO:colcon.colcon_core.shell:Creating package script '/home/lingc/ECE4191G11/ROS/install/robot_controller/share/robot_controller/package.bash'
[11.570s] INFO:colcon.colcon_core.shell:Creating package script '/home/lingc/ECE4191G11/ROS/install/robot_controller/share/robot_controller/package.zsh'
[11.572s] Level 1:colcon.colcon_core.environment:create_file_with_runtime_dependencies(/home/lingc/ECE4191G11/ROS/install/robot_controller/share/colcon-core/packages/robot_controller)
[11.573s] INFO:colcon.colcon_ros.task.ament_cmake.build:Building ROS package in '/home/lingc/ECE4191G11/ROS/src/robot_launch' with build type 'ament_cmake'
[11.573s] INFO:colcon.colcon_cmake.task.cmake.build:Building CMake package in '/home/lingc/ECE4191G11/ROS/src/robot_launch'
[11.575s] INFO:colcon.colcon_core.shell:Skip shell extension 'powershell' for command environment: Not usable outside of PowerShell
[11.575s] DEBUG:colcon.colcon_core.shell:Skip shell extension 'dsv' for command environment
[11.627s] DEBUG:colcon.colcon_core.event_handler.log_command:Invoking command in '/home/lingc/ECE4191G11/ROS/build/robot_launch': AMENT_PREFIX_PATH=/home/lingc/ECE4191G11/ROS/install/robot_controller:/home/lingc/ECE4191G11/ROS/install/robot_launch:/home/lingc/ECE4191G11/ROS/install/robot_interfaces:/opt/ros/humble CMAKE_PREFIX_PATH=/home/lingc/ECE4191G11/ROS/install/robot_interfaces:/home/lingc/ECE4191G11/ROS/install/robot_launch:/home/lingc/ECE4191G11/ROS/install/robot_controller:/opt/ros/humble /usr/bin/cmake --build /home/lingc/ECE4191G11/ROS/build/robot_launch -- -j4 -l4
[11.823s] DEBUG:colcon.colcon_core.event_handler.log_command:Invoked command in '/home/lingc/ECE4191G11/ROS/build/robot_launch' returned '0': AMENT_PREFIX_PATH=/home/lingc/ECE4191G11/ROS/install/robot_controller:/home/lingc/ECE4191G11/ROS/install/robot_launch:/home/lingc/ECE4191G11/ROS/install/robot_interfaces:/opt/ros/humble CMAKE_PREFIX_PATH=/home/lingc/ECE4191G11/ROS/install/robot_interfaces:/home/lingc/ECE4191G11/ROS/install/robot_launch:/home/lingc/ECE4191G11/ROS/install/robot_controller:/opt/ros/humble /usr/bin/cmake --build /home/lingc/ECE4191G11/ROS/build/robot_launch -- -j4 -l4
[11.880s] DEBUG:colcon.colcon_core.event_handler.log_command:Invoking command in '/home/lingc/ECE4191G11/ROS/build/robot_launch': AMENT_PREFIX_PATH=/home/lingc/ECE4191G11/ROS/install/robot_controller:/home/lingc/ECE4191G11/ROS/install/robot_launch:/home/lingc/ECE4191G11/ROS/install/robot_interfaces:/opt/ros/humble CMAKE_PREFIX_PATH=/home/lingc/ECE4191G11/ROS/install/robot_interfaces:/home/lingc/ECE4191G11/ROS/install/robot_launch:/home/lingc/ECE4191G11/ROS/install/robot_controller:/opt/ros/humble /usr/bin/cmake --install /home/lingc/ECE4191G11/ROS/build/robot_launch
[11.918s] Level 1:colcon.colcon_core.environment:create_environment_scripts_only(robot_launch)
[11.920s] Level 1:colcon.colcon_core.environment:checking '/home/lingc/ECE4191G11/ROS/install/robot_launch' for CMake module files
[11.921s] DEBUG:colcon.colcon_core.event_handler.log_command:Invoked command in '/home/lingc/ECE4191G11/ROS/build/robot_launch' returned '0': AMENT_PREFIX_PATH=/home/lingc/ECE4191G11/ROS/install/robot_controller:/home/lingc/ECE4191G11/ROS/install/robot_launch:/home/lingc/ECE4191G11/ROS/install/robot_interfaces:/opt/ros/humble CMAKE_PREFIX_PATH=/home/lingc/ECE4191G11/ROS/install/robot_interfaces:/home/lingc/ECE4191G11/ROS/install/robot_launch:/home/lingc/ECE4191G11/ROS/install/robot_controller:/opt/ros/humble /usr/bin/cmake --install /home/lingc/ECE4191G11/ROS/build/robot_launch
[11.922s] Level 1:colcon.colcon_core.environment:checking '/home/lingc/ECE4191G11/ROS/install/robot_launch' for CMake config files
[11.922s] Level 1:colcon.colcon_core.shell:create_environment_hook('robot_launch', 'cmake_prefix_path')
[11.924s] INFO:colcon.colcon_core.shell:Creating environment hook '/home/lingc/ECE4191G11/ROS/install/robot_launch/share/robot_launch/hook/cmake_prefix_path.ps1'
[11.924s] INFO:colcon.colcon_core.shell:Creating environment descriptor '/home/lingc/ECE4191G11/ROS/install/robot_launch/share/robot_launch/hook/cmake_prefix_path.dsv'
[11.925s] INFO:colcon.colcon_core.shell:Creating environment hook '/home/lingc/ECE4191G11/ROS/install/robot_launch/share/robot_launch/hook/cmake_prefix_path.sh'
[11.926s] Level 1:colcon.colcon_core.environment:checking '/home/lingc/ECE4191G11/ROS/install/robot_launch/bin'
[11.926s] Level 1:colcon.colcon_core.environment:checking '/home/lingc/ECE4191G11/ROS/install/robot_launch/lib/pkgconfig/robot_launch.pc'
[11.927s] Level 1:colcon.colcon_core.environment:checking '/home/lingc/ECE4191G11/ROS/install/robot_launch/lib/python3.10/site-packages'
[11.927s] Level 1:colcon.colcon_core.environment:checking '/home/lingc/ECE4191G11/ROS/install/robot_launch/bin'
[11.928s] INFO:colcon.colcon_core.shell:Creating package script '/home/lingc/ECE4191G11/ROS/install/robot_launch/share/robot_launch/package.ps1'
[11.929s] INFO:colcon.colcon_core.shell:Creating package descriptor '/home/lingc/ECE4191G11/ROS/install/robot_launch/share/robot_launch/package.dsv'
[11.930s] INFO:colcon.colcon_core.shell:Creating package script '/home/lingc/ECE4191G11/ROS/install/robot_launch/share/robot_launch/package.sh'
[11.932s] INFO:colcon.colcon_core.shell:Creating package script '/home/lingc/ECE4191G11/ROS/install/robot_launch/share/robot_launch/package.bash'
[11.933s] INFO:colcon.colcon_core.shell:Creating package script '/home/lingc/ECE4191G11/ROS/install/robot_launch/share/robot_launch/package.zsh'
[11.934s] Level 1:colcon.colcon_core.environment:create_file_with_runtime_dependencies(/home/lingc/ECE4191G11/ROS/install/robot_launch/share/colcon-core/packages/robot_launch)
[11.991s] Level 1:colcon.colcon_core.environment:create_environment_scripts_only(robot_launch)
[11.992s] Level 1:colcon.colcon_core.environment:checking '/home/lingc/ECE4191G11/ROS/install/robot_launch' for CMake module files
[11.993s] Level 1:colcon.colcon_core.environment:checking '/home/lingc/ECE4191G11/ROS/install/robot_launch' for CMake config files
[11.993s] Level 1:colcon.colcon_core.shell:create_environment_hook('robot_launch', 'cmake_prefix_path')
[11.994s] INFO:colcon.colcon_core.shell:Creating environment hook '/home/lingc/ECE4191G11/ROS/install/robot_launch/share/robot_launch/hook/cmake_prefix_path.ps1'
[11.995s] INFO:colcon.colcon_core.shell:Creating environment descriptor '/home/lingc/ECE4191G11/ROS/install/robot_launch/share/robot_launch/hook/cmake_prefix_path.dsv'
[11.995s] INFO:colcon.colcon_core.shell:Creating environment hook '/home/lingc/ECE4191G11/ROS/install/robot_launch/share/robot_launch/hook/cmake_prefix_path.sh'
[12.003s] Level 1:colcon.colcon_core.environment:checking '/home/lingc/ECE4191G11/ROS/install/robot_launch/bin'
[12.003s] Level 1:colcon.colcon_core.environment:checking '/home/lingc/ECE4191G11/ROS/install/robot_launch/lib/pkgconfig/robot_launch.pc'
[12.004s] Level 1:colcon.colcon_core.environment:checking '/home/lingc/ECE4191G11/ROS/install/robot_launch/lib/python3.10/site-packages'
[12.004s] Level 1:colcon.colcon_core.environment:checking '/home/lingc/ECE4191G11/ROS/install/robot_launch/bin'
[12.005s] INFO:colcon.colcon_core.shell:Creating package script '/home/lingc/ECE4191G11/ROS/install/robot_launch/share/robot_launch/package.ps1'
[12.006s] INFO:colcon.colcon_core.shell:Creating package descriptor '/home/lingc/ECE4191G11/ROS/install/robot_launch/share/robot_launch/package.dsv'
[12.007s] INFO:colcon.colcon_core.shell:Creating package script '/home/lingc/ECE4191G11/ROS/install/robot_launch/share/robot_launch/package.sh'
[12.008s] INFO:colcon.colcon_core.shell:Creating package script '/home/lingc/ECE4191G11/ROS/install/robot_launch/share/robot_launch/package.bash'
[12.008s] INFO:colcon.colcon_core.shell:Creating package script '/home/lingc/ECE4191G11/ROS/install/robot_launch/share/robot_launch/package.zsh'
[12.009s] Level 1:colcon.colcon_core.environment:create_file_with_runtime_dependencies(/home/lingc/ECE4191G11/ROS/install/robot_launch/share/colcon-core/packages/robot_launch)
[12.010s] DEBUG:colcon.colcon_parallel_executor.executor.parallel:closing loop
[12.010s] DEBUG:colcon.colcon_parallel_executor.executor.parallel:loop closed
[12.011s] DEBUG:colcon.colcon_parallel_executor.executor.parallel:run_until_complete finished with '0'
[12.011s] DEBUG:colcon.colcon_core.event_reactor:joining thread
[12.056s] INFO:colcon.colcon_core.plugin_system:Skipping extension 'colcon_notification.desktop_notification.terminal_notifier': Not used on non-Darwin systems
[12.057s] INFO:colcon.colcon_core.plugin_system:Skipping extension 'colcon_notification.desktop_notification.win32': Not used on non-Windows systems
[12.057s] INFO:colcon.colcon_notification.desktop_notification:Sending desktop notification using 'notify2'
[12.113s] DEBUG:colcon.colcon_core.event_reactor:joined thread
[12.114s] INFO:colcon.colcon_core.shell:Creating prefix script '/home/lingc/ECE4191G11/ROS/install/local_setup.ps1'
[12.129s] INFO:colcon.colcon_core.shell:Creating prefix util module '/home/lingc/ECE4191G11/ROS/install/_local_setup_util_ps1.py'
[12.140s] INFO:colcon.colcon_core.shell:Creating prefix chain script '/home/lingc/ECE4191G11/ROS/install/setup.ps1'
[12.144s] INFO:colcon.colcon_core.shell:Creating prefix script '/home/lingc/ECE4191G11/ROS/install/local_setup.sh'
[12.155s] INFO:colcon.colcon_core.shell:Creating prefix util module '/home/lingc/ECE4191G11/ROS/install/_local_setup_util_sh.py'
[12.156s] INFO:colcon.colcon_core.shell:Creating prefix chain script '/home/lingc/ECE4191G11/ROS/install/setup.sh'
[12.165s] INFO:colcon.colcon_core.shell:Creating prefix script '/home/lingc/ECE4191G11/ROS/install/local_setup.bash'
[12.220s] INFO:colcon.colcon_core.shell:Creating prefix chain script '/home/lingc/ECE4191G11/ROS/install/setup.bash'
[12.240s] INFO:colcon.colcon_core.shell:Creating prefix script '/home/lingc/ECE4191G11/ROS/install/local_setup.zsh'
[12.247s] INFO:colcon.colcon_core.shell:Creating prefix chain script '/home/lingc/ECE4191G11/ROS/install/setup.zsh'
