[0.066s] Invoking command in '/home/rpi-team11/ECE4191G11/ROS/build/robot_launch': AMENT_PREFIX_PATH=/home/rpi-team11/ECE4191G11/ROS/install/robot_controller:/home/rpi-team11/ECE4191G11/ROS/install/robot_launch:/home/rpi-team11/ECE4191G11/ROS/install/robot_interfaces:/opt/ros/humble CMAKE_PREFIX_PATH=/home/rpi-team11/ECE4191G11/ROS/install/robot_interfaces:/home/rpi-team11/ECE4191G11/ROS/install/robot_launch:/home/rpi-team11/ECE4191G11/ROS/install/robot_controller:/opt/ros/humble /usr/bin/cmake --build /home/rpi-team11/ECE4191G11/ROS/build/robot_launch -- -j4 -l4
[0.249s] Invoked command in '/home/rpi-team11/ECE4191G11/ROS/build/robot_launch' returned '0': AMENT_PREFIX_PATH=/home/rpi-team11/ECE4191G11/ROS/install/robot_controller:/home/rpi-team11/ECE4191G11/ROS/install/robot_launch:/home/rpi-team11/ECE4191G11/ROS/install/robot_interfaces:/opt/ros/humble CMAKE_PREFIX_PATH=/home/rpi-team11/ECE4191G11/ROS/install/robot_interfaces:/home/rpi-team11/ECE4191G11/ROS/install/robot_launch:/home/rpi-team11/ECE4191G11/ROS/install/robot_controller:/opt/ros/humble /usr/bin/cmake --build /home/rpi-team11/ECE4191G11/ROS/build/robot_launch -- -j4 -l4
[0.386s] Invoking command in '/home/rpi-team11/ECE4191G11/ROS/build/robot_launch': AMENT_PREFIX_PATH=/home/rpi-team11/ECE4191G11/ROS/install/robot_controller:/home/rpi-team11/ECE4191G11/ROS/install/robot_launch:/home/rpi-team11/ECE4191G11/ROS/install/robot_interfaces:/opt/ros/humble CMAKE_PREFIX_PATH=/home/rpi-team11/ECE4191G11/ROS/install/robot_interfaces:/home/rpi-team11/ECE4191G11/ROS/install/robot_launch:/home/rpi-team11/ECE4191G11/ROS/install/robot_controller:/opt/ros/humble /usr/bin/cmake --install /home/rpi-team11/ECE4191G11/ROS/build/robot_launch
[0.434s] -- Install configuration: ""
[0.435s] -- Up-to-date: /home/rpi-team11/ECE4191G11/ROS/install/robot_launch/share/robot_launch/launch
[0.436s] -- Up-to-date: /home/rpi-team11/ECE4191G11/ROS/install/robot_launch/share/robot_launch/launch/robot.launch.py
[0.437s] -- Up-to-date: /home/rpi-team11/ECE4191G11/ROS/install/robot_launch/share/ament_index/resource_index/package_run_dependencies/robot_launch
[0.445s] -- Up-to-date: /home/rpi-team11/ECE4191G11/ROS/install/robot_launch/share/ament_index/resource_index/parent_prefix_path/robot_launch
[0.446s] -- Up-to-date: /home/rpi-team11/ECE4191G11/ROS/install/robot_launch/share/robot_launch/environment/ament_prefix_path.sh
[0.446s] -- Up-to-date: /home/rpi-team11/ECE4191G11/ROS/install/robot_launch/share/robot_launch/environment/ament_prefix_path.dsv
[0.447s] -- Up-to-date: /home/rpi-team11/ECE4191G11/ROS/install/robot_launch/share/robot_launch/environment/path.sh
[0.448s] -- Up-to-date: /home/rpi-team11/ECE4191G11/ROS/install/robot_launch/share/robot_launch/environment/path.dsv
[0.450s] -- Up-to-date: /home/rpi-team11/ECE4191G11/ROS/install/robot_launch/share/robot_launch/local_setup.bash
[0.450s] -- Up-to-date: /home/rpi-team11/ECE4191G11/ROS/install/robot_launch/share/robot_launch/local_setup.sh
[0.451s] -- Up-to-date: /home/rpi-team11/ECE4191G11/ROS/install/robot_launch/share/robot_launch/local_setup.zsh
[0.482s] -- Up-to-date: /home/rpi-team11/ECE4191G11/ROS/install/robot_launch/share/robot_launch/local_setup.dsv
[0.483s] -- Installing: /home/rpi-team11/ECE4191G11/ROS/install/robot_launch/share/robot_launch/package.dsv
[0.484s] -- Up-to-date: /home/rpi-team11/ECE4191G11/ROS/install/robot_launch/share/ament_index/resource_index/packages/robot_launch
[0.485s] -- Up-to-date: /home/rpi-team11/ECE4191G11/ROS/install/robot_launch/share/robot_launch/cmake/robot_launchConfig.cmake
[0.486s] -- Up-to-date: /home/rpi-team11/ECE4191G11/ROS/install/robot_launch/share/robot_launch/cmake/robot_launchConfig-version.cmake
[0.487s] -- Up-to-date: /home/rpi-team11/ECE4191G11/ROS/install/robot_launch/share/robot_launch/package.xml
[0.488s] Invoked command in '/home/rpi-team11/ECE4191G11/ROS/build/robot_launch' returned '0': AMENT_PREFIX_PATH=/home/rpi-team11/ECE4191G11/ROS/install/robot_controller:/home/rpi-team11/ECE4191G11/ROS/install/robot_launch:/home/rpi-team11/ECE4191G11/ROS/install/robot_interfaces:/opt/ros/humble CMAKE_PREFIX_PATH=/home/rpi-team11/ECE4191G11/ROS/install/robot_interfaces:/home/rpi-team11/ECE4191G11/ROS/install/robot_launch:/home/rpi-team11/ECE4191G11/ROS/install/robot_controller:/opt/ros/humble /usr/bin/cmake --install /home/rpi-team11/ECE4191G11/ROS/build/robot_launch
