[0.398s] DEBUG:colcon:Command line arguments: ['/usr/bin/colcon', 'build']
[0.398s] DEBUG:colcon:Parsed command line arguments: Namespace(log_base=None, log_level=None, verb_name='build', build_base='build', install_base='install', merge_install=False, symlink_install=False, test_result_base=None, continue_on_error=False, executor='parallel', parallel_workers=4, event_handlers=None, ignore_user_meta=False, metas=['./colcon.meta'], base_paths=['.'], packages_ignore=None, packages_ignore_regex=None, paths=None, packages_up_to=None, packages_up_to_regex=None, packages_above=None, packages_above_and_dependencies=None, packages_above_depth=None, packages_select_by_dep=None, packages_skip_by_dep=None, packages_skip_up_to=None, packages_select_build_failed=False, packages_skip_build_finished=False, packages_select_test_failures=False, packages_skip_test_passed=False, packages_select=None, packages_skip=None, packages_select_regex=None, packages_skip_regex=None, packages_start=None, packages_end=None, allow_overriding=[], cmake_args=None, cmake_target=None, cmake_target_skip_unavailable=False, cmake_clean_cache=False, cmake_clean_first=False, cmake_force_configure=False, ament_cmake_args=None, catkin_cmake_args=None, catkin_skip_building_tests=False, verb_parser=<colcon_defaults.argument_parser.defaults.DefaultArgumentsDecorator object at 0x7f6a7fe5ac20>, verb_extension=<colcon_core.verb.build.BuildVerb object at 0x7f6a7fe5b3a0>, main=<bound method BuildVerb.main of <colcon_core.verb.build.BuildVerb object at 0x7f6a7fe5b3a0>>)
[0.427s] Level 1:colcon.colcon_core.package_discovery:discover_packages(colcon_meta) check parameters
[0.428s] Level 1:colcon.colcon_core.package_discovery:discover_packages(recursive) check parameters
[0.428s] Level 1:colcon.colcon_core.package_discovery:discover_packages(ignore) check parameters
[0.428s] Level 1:colcon.colcon_core.package_discovery:discover_packages(path) check parameters
[0.428s] Level 1:colcon.colcon_core.package_discovery:discover_packages(colcon_meta) discover
[0.428s] Level 1:colcon.colcon_core.package_discovery:discover_packages(recursive) discover
[0.428s] INFO:colcon.colcon_core.package_discovery:Crawling recursively for packages in '/home/lingc/ECE4191G11/ROS_PC'
[0.428s] Level 1:colcon.colcon_core.package_identification:_identify(.) by extensions ['ignore', 'ignore_ament_install']
[0.429s] Level 1:colcon.colcon_core.package_identification:_identify(.) by extension 'ignore'
[0.429s] Level 1:colcon.colcon_core.package_identification:_identify(.) by extension 'ignore_ament_install'
[0.429s] Level 1:colcon.colcon_core.package_identification:_identify(.) by extensions ['colcon_pkg']
[0.429s] Level 1:colcon.colcon_core.package_identification:_identify(.) by extension 'colcon_pkg'
[0.429s] Level 1:colcon.colcon_core.package_identification:_identify(.) by extensions ['colcon_meta']
[0.429s] Level 1:colcon.colcon_core.package_identification:_identify(.) by extension 'colcon_meta'
[0.429s] Level 1:colcon.colcon_core.package_identification:_identify(.) by extensions ['ros']
[0.429s] Level 1:colcon.colcon_core.package_identification:_identify(.) by extension 'ros'
[0.439s] Level 1:colcon.colcon_core.package_identification:_identify(.) by extensions ['cmake', 'python']
[0.440s] Level 1:colcon.colcon_core.package_identification:_identify(.) by extension 'cmake'
[0.440s] Level 1:colcon.colcon_core.package_identification:_identify(.) by extension 'python'
[0.440s] Level 1:colcon.colcon_core.package_identification:_identify(.) by extensions ['python_setup_py']
[0.441s] Level 1:colcon.colcon_core.package_identification:_identify(.) by extension 'python_setup_py'
[0.441s] Level 1:colcon.colcon_core.package_identification:_identify(build) by extensions ['ignore', 'ignore_ament_install']
[0.441s] Level 1:colcon.colcon_core.package_identification:_identify(build) by extension 'ignore'
[0.441s] Level 1:colcon.colcon_core.package_identification:_identify(build) ignored
[0.441s] Level 1:colcon.colcon_core.package_identification:_identify(install) by extensions ['ignore', 'ignore_ament_install']
[0.442s] Level 1:colcon.colcon_core.package_identification:_identify(install) by extension 'ignore'
[0.442s] Level 1:colcon.colcon_core.package_identification:_identify(install) ignored
[0.442s] Level 1:colcon.colcon_core.package_identification:_identify(log) by extensions ['ignore', 'ignore_ament_install']
[0.442s] Level 1:colcon.colcon_core.package_identification:_identify(log) by extension 'ignore'
[0.442s] Level 1:colcon.colcon_core.package_identification:_identify(log) ignored
[0.442s] Level 1:colcon.colcon_core.package_identification:_identify(src) by extensions ['ignore', 'ignore_ament_install']
[0.442s] Level 1:colcon.colcon_core.package_identification:_identify(src) by extension 'ignore'
[0.442s] Level 1:colcon.colcon_core.package_identification:_identify(src) by extension 'ignore_ament_install'
[0.442s] Level 1:colcon.colcon_core.package_identification:_identify(src) by extensions ['colcon_pkg']
[0.442s] Level 1:colcon.colcon_core.package_identification:_identify(src) by extension 'colcon_pkg'
[0.442s] Level 1:colcon.colcon_core.package_identification:_identify(src) by extensions ['colcon_meta']
[0.442s] Level 1:colcon.colcon_core.package_identification:_identify(src) by extension 'colcon_meta'
[0.442s] Level 1:colcon.colcon_core.package_identification:_identify(src) by extensions ['ros']
[0.442s] Level 1:colcon.colcon_core.package_identification:_identify(src) by extension 'ros'
[0.442s] Level 1:colcon.colcon_core.package_identification:_identify(src) by extensions ['cmake', 'python']
[0.442s] Level 1:colcon.colcon_core.package_identification:_identify(src) by extension 'cmake'
[0.443s] Level 1:colcon.colcon_core.package_identification:_identify(src) by extension 'python'
[0.443s] Level 1:colcon.colcon_core.package_identification:_identify(src) by extensions ['python_setup_py']
[0.443s] Level 1:colcon.colcon_core.package_identification:_identify(src) by extension 'python_setup_py'
[0.443s] Level 1:colcon.colcon_core.package_identification:_identify(src/robot_controller) by extensions ['ignore', 'ignore_ament_install']
[0.443s] Level 1:colcon.colcon_core.package_identification:_identify(src/robot_controller) by extension 'ignore'
[0.443s] Level 1:colcon.colcon_core.package_identification:_identify(src/robot_controller) by extension 'ignore_ament_install'
[0.443s] Level 1:colcon.colcon_core.package_identification:_identify(src/robot_controller) by extensions ['colcon_pkg']
[0.443s] Level 1:colcon.colcon_core.package_identification:_identify(src/robot_controller) by extension 'colcon_pkg'
[0.443s] Level 1:colcon.colcon_core.package_identification:_identify(src/robot_controller) by extensions ['colcon_meta']
[0.443s] Level 1:colcon.colcon_core.package_identification:_identify(src/robot_controller) by extension 'colcon_meta'
[0.443s] Level 1:colcon.colcon_core.package_identification:_identify(src/robot_controller) by extensions ['ros']
[0.443s] Level 1:colcon.colcon_core.package_identification:_identify(src/robot_controller) by extension 'ros'
[0.446s] DEBUG:colcon.colcon_core.package_identification:Package 'src/robot_controller' with type 'ros.ament_python' and name 'robot_controller'
[0.446s] Level 1:colcon.colcon_core.package_identification:_identify(src/robot_interfaces) by extensions ['ignore', 'ignore_ament_install']
[0.447s] Level 1:colcon.colcon_core.package_identification:_identify(src/robot_interfaces) by extension 'ignore'
[0.447s] Level 1:colcon.colcon_core.package_identification:_identify(src/robot_interfaces) by extension 'ignore_ament_install'
[0.447s] Level 1:colcon.colcon_core.package_identification:_identify(src/robot_interfaces) by extensions ['colcon_pkg']
[0.447s] Level 1:colcon.colcon_core.package_identification:_identify(src/robot_interfaces) by extension 'colcon_pkg'
[0.447s] Level 1:colcon.colcon_core.package_identification:_identify(src/robot_interfaces) by extensions ['colcon_meta']
[0.447s] Level 1:colcon.colcon_core.package_identification:_identify(src/robot_interfaces) by extension 'colcon_meta'
[0.447s] Level 1:colcon.colcon_core.package_identification:_identify(src/robot_interfaces) by extensions ['ros']
[0.447s] Level 1:colcon.colcon_core.package_identification:_identify(src/robot_interfaces) by extension 'ros'
[0.447s] DEBUG:colcon.colcon_core.package_identification:Package 'src/robot_interfaces' with type 'ros.ament_cmake' and name 'robot_interfaces'
[0.448s] Level 1:colcon.colcon_core.package_identification:_identify(src/robot_launch) by extensions ['ignore', 'ignore_ament_install']
[0.448s] Level 1:colcon.colcon_core.package_identification:_identify(src/robot_launch) by extension 'ignore'
[0.448s] Level 1:colcon.colcon_core.package_identification:_identify(src/robot_launch) by extension 'ignore_ament_install'
[0.448s] Level 1:colcon.colcon_core.package_identification:_identify(src/robot_launch) by extensions ['colcon_pkg']
[0.448s] Level 1:colcon.colcon_core.package_identification:_identify(src/robot_launch) by extension 'colcon_pkg'
[0.448s] Level 1:colcon.colcon_core.package_identification:_identify(src/robot_launch) by extensions ['colcon_meta']
[0.448s] Level 1:colcon.colcon_core.package_identification:_identify(src/robot_launch) by extension 'colcon_meta'
[0.448s] Level 1:colcon.colcon_core.package_identification:_identify(src/robot_launch) by extensions ['ros']
[0.448s] Level 1:colcon.colcon_core.package_identification:_identify(src/robot_launch) by extension 'ros'
[0.449s] DEBUG:colcon.colcon_core.package_identification:Package 'src/robot_launch' with type 'ros.ament_cmake' and name 'robot_launch'
[0.449s] Level 1:colcon.colcon_core.package_discovery:discover_packages(recursive) using defaults
[0.449s] Level 1:colcon.colcon_core.package_discovery:discover_packages(ignore) discover
[0.449s] Level 1:colcon.colcon_core.package_discovery:discover_packages(ignore) using defaults
[0.449s] Level 1:colcon.colcon_core.package_discovery:discover_packages(path) discover
[0.449s] Level 1:colcon.colcon_core.package_discovery:discover_packages(path) using defaults
[0.489s] Level 1:colcon.colcon_core.package_discovery:discover_packages(prefix_path) check parameters
[0.491s] Level 1:colcon.colcon_core.package_discovery:discover_packages(prefix_path) discover
[0.501s] DEBUG:colcon.colcon_installed_package_information.package_discovery:Found 3 installed packages in /home/lingc/ECE4191G11/ROS_PC/install
[0.503s] DEBUG:colcon.colcon_installed_package_information.package_discovery:Found 270 installed packages in /opt/ros/humble
[0.504s] Level 1:colcon.colcon_core.package_discovery:discover_packages(prefix_path) using defaults
[0.561s] Level 5:colcon.colcon_core.verb:set package 'robot_interfaces' build argument 'cmake_args' from command line to 'None'
[0.564s] Level 5:colcon.colcon_core.verb:set package 'robot_interfaces' build argument 'cmake_target' from command line to 'None'
[0.564s] Level 5:colcon.colcon_core.verb:set package 'robot_interfaces' build argument 'cmake_target_skip_unavailable' from command line to 'False'
[0.564s] Level 5:colcon.colcon_core.verb:set package 'robot_interfaces' build argument 'cmake_clean_cache' from command line to 'False'
[0.564s] Level 5:colcon.colcon_core.verb:set package 'robot_interfaces' build argument 'cmake_clean_first' from command line to 'False'
[0.564s] Level 5:colcon.colcon_core.verb:set package 'robot_interfaces' build argument 'cmake_force_configure' from command line to 'False'
[0.564s] Level 5:colcon.colcon_core.verb:set package 'robot_interfaces' build argument 'ament_cmake_args' from command line to 'None'
[0.564s] Level 5:colcon.colcon_core.verb:set package 'robot_interfaces' build argument 'catkin_cmake_args' from command line to 'None'
[0.564s] Level 5:colcon.colcon_core.verb:set package 'robot_interfaces' build argument 'catkin_skip_building_tests' from command line to 'False'
[0.564s] DEBUG:colcon.colcon_core.verb:Building package 'robot_interfaces' with the following arguments: {'ament_cmake_args': None, 'build_base': '/home/lingc/ECE4191G11/ROS_PC/build/robot_interfaces', 'catkin_cmake_args': None, 'catkin_skip_building_tests': False, 'cmake_args': None, 'cmake_clean_cache': False, 'cmake_clean_first': False, 'cmake_force_configure': False, 'cmake_target': None, 'cmake_target_skip_unavailable': False, 'install_base': '/home/lingc/ECE4191G11/ROS_PC/install/robot_interfaces', 'merge_install': False, 'path': '/home/lingc/ECE4191G11/ROS_PC/src/robot_interfaces', 'symlink_install': False, 'test_result_base': None}
[0.565s] Level 5:colcon.colcon_core.verb:set package 'robot_controller' build argument 'cmake_args' from command line to 'None'
[0.565s] Level 5:colcon.colcon_core.verb:set package 'robot_controller' build argument 'cmake_target' from command line to 'None'
[0.565s] Level 5:colcon.colcon_core.verb:set package 'robot_controller' build argument 'cmake_target_skip_unavailable' from command line to 'False'
[0.565s] Level 5:colcon.colcon_core.verb:set package 'robot_controller' build argument 'cmake_clean_cache' from command line to 'False'
[0.565s] Level 5:colcon.colcon_core.verb:set package 'robot_controller' build argument 'cmake_clean_first' from command line to 'False'
[0.565s] Level 5:colcon.colcon_core.verb:set package 'robot_controller' build argument 'cmake_force_configure' from command line to 'False'
[0.565s] Level 5:colcon.colcon_core.verb:set package 'robot_controller' build argument 'ament_cmake_args' from command line to 'None'
[0.565s] Level 5:colcon.colcon_core.verb:set package 'robot_controller' build argument 'catkin_cmake_args' from command line to 'None'
[0.565s] Level 5:colcon.colcon_core.verb:set package 'robot_controller' build argument 'catkin_skip_building_tests' from command line to 'False'
[0.565s] DEBUG:colcon.colcon_core.verb:Building package 'robot_controller' with the following arguments: {'ament_cmake_args': None, 'build_base': '/home/lingc/ECE4191G11/ROS_PC/build/robot_controller', 'catkin_cmake_args': None, 'catkin_skip_building_tests': False, 'cmake_args': None, 'cmake_clean_cache': False, 'cmake_clean_first': False, 'cmake_force_configure': False, 'cmake_target': None, 'cmake_target_skip_unavailable': False, 'install_base': '/home/lingc/ECE4191G11/ROS_PC/install/robot_controller', 'merge_install': False, 'path': '/home/lingc/ECE4191G11/ROS_PC/src/robot_controller', 'symlink_install': False, 'test_result_base': None}
[0.566s] Level 5:colcon.colcon_core.verb:set package 'robot_launch' build argument 'cmake_args' from command line to 'None'
[0.566s] Level 5:colcon.colcon_core.verb:set package 'robot_launch' build argument 'cmake_target' from command line to 'None'
[0.566s] Level 5:colcon.colcon_core.verb:set package 'robot_launch' build argument 'cmake_target_skip_unavailable' from command line to 'False'
[0.566s] Level 5:colcon.colcon_core.verb:set package 'robot_launch' build argument 'cmake_clean_cache' from command line to 'False'
[0.566s] Level 5:colcon.colcon_core.verb:set package 'robot_launch' build argument 'cmake_clean_first' from command line to 'False'
[0.566s] Level 5:colcon.colcon_core.verb:set package 'robot_launch' build argument 'cmake_force_configure' from command line to 'False'
[0.566s] Level 5:colcon.colcon_core.verb:set package 'robot_launch' build argument 'ament_cmake_args' from command line to 'None'
[0.566s] Level 5:colcon.colcon_core.verb:set package 'robot_launch' build argument 'catkin_cmake_args' from command line to 'None'
[0.566s] Level 5:colcon.colcon_core.verb:set package 'robot_launch' build argument 'catkin_skip_building_tests' from command line to 'False'
[0.566s] DEBUG:colcon.colcon_core.verb:Building package 'robot_launch' with the following arguments: {'ament_cmake_args': None, 'build_base': '/home/lingc/ECE4191G11/ROS_PC/build/robot_launch', 'catkin_cmake_args': None, 'catkin_skip_building_tests': False, 'cmake_args': None, 'cmake_clean_cache': False, 'cmake_clean_first': False, 'cmake_force_configure': False, 'cmake_target': None, 'cmake_target_skip_unavailable': False, 'install_base': '/home/lingc/ECE4191G11/ROS_PC/install/robot_launch', 'merge_install': False, 'path': '/home/lingc/ECE4191G11/ROS_PC/src/robot_launch', 'symlink_install': False, 'test_result_base': None}
[0.567s] INFO:colcon.colcon_core.executor:Executing jobs using 'parallel' executor
[0.570s] DEBUG:colcon.colcon_parallel_executor.executor.parallel:run_until_complete
[0.571s] INFO:colcon.colcon_ros.task.ament_cmake.build:Building ROS package in '/home/lingc/ECE4191G11/ROS_PC/src/robot_interfaces' with build type 'ament_cmake'
[0.571s] INFO:colcon.colcon_cmake.task.cmake.build:Building CMake package in '/home/lingc/ECE4191G11/ROS_PC/src/robot_interfaces'
[0.577s] INFO:colcon.colcon_core.plugin_system:Skipping extension 'colcon_core.shell.bat': Not used on non-Windows systems
[0.577s] INFO:colcon.colcon_core.shell:Skip shell extension 'powershell' for command environment: Not usable outside of PowerShell
[0.578s] DEBUG:colcon.colcon_core.shell:Skip shell extension 'dsv' for command environment
[0.608s] DEBUG:colcon.colcon_core.event_handler.log_command:Invoking command in '/home/lingc/ECE4191G11/ROS_PC/build/robot_interfaces': CMAKE_PREFIX_PATH=${CMAKE_PREFIX_PATH}:/home/lingc/ECE4191G11/ROS_PC/install/robot_controller:/opt/ros/humble /usr/bin/cmake --build /home/lingc/ECE4191G11/ROS_PC/build/robot_interfaces -- -j4 -l4
[1.246s] DEBUG:colcon.colcon_core.event_handler.log_command:Invoked command in '/home/lingc/ECE4191G11/ROS_PC/build/robot_interfaces' returned '0': CMAKE_PREFIX_PATH=${CMAKE_PREFIX_PATH}:/home/lingc/ECE4191G11/ROS_PC/install/robot_controller:/opt/ros/humble /usr/bin/cmake --build /home/lingc/ECE4191G11/ROS_PC/build/robot_interfaces -- -j4 -l4
[1.620s] DEBUG:colcon.colcon_core.event_handler.log_command:Invoking command in '/home/lingc/ECE4191G11/ROS_PC/build/robot_interfaces': CMAKE_PREFIX_PATH=${CMAKE_PREFIX_PATH}:/home/lingc/ECE4191G11/ROS_PC/install/robot_controller:/opt/ros/humble /usr/bin/cmake --install /home/lingc/ECE4191G11/ROS_PC/build/robot_interfaces
[1.698s] Level 1:colcon.colcon_core.environment:create_environment_scripts_only(robot_interfaces)
[1.705s] DEBUG:colcon.colcon_core.event_handler.log_command:Invoked command in '/home/lingc/ECE4191G11/ROS_PC/build/robot_interfaces' returned '0': CMAKE_PREFIX_PATH=${CMAKE_PREFIX_PATH}:/home/lingc/ECE4191G11/ROS_PC/install/robot_controller:/opt/ros/humble /usr/bin/cmake --install /home/lingc/ECE4191G11/ROS_PC/build/robot_interfaces
[1.707s] Level 1:colcon.colcon_core.environment:checking '/home/lingc/ECE4191G11/ROS_PC/install/robot_interfaces' for CMake module files
[1.708s] Level 1:colcon.colcon_core.environment:checking '/home/lingc/ECE4191G11/ROS_PC/install/robot_interfaces' for CMake config files
[1.708s] Level 1:colcon.colcon_core.shell:create_environment_hook('robot_interfaces', 'cmake_prefix_path')
[1.709s] INFO:colcon.colcon_core.shell:Creating environment hook '/home/lingc/ECE4191G11/ROS_PC/install/robot_interfaces/share/robot_interfaces/hook/cmake_prefix_path.ps1'
[1.710s] INFO:colcon.colcon_core.shell:Creating environment descriptor '/home/lingc/ECE4191G11/ROS_PC/install/robot_interfaces/share/robot_interfaces/hook/cmake_prefix_path.dsv'
[1.711s] INFO:colcon.colcon_core.shell:Creating environment hook '/home/lingc/ECE4191G11/ROS_PC/install/robot_interfaces/share/robot_interfaces/hook/cmake_prefix_path.sh'
[1.712s] Level 1:colcon.colcon_core.environment:checking '/home/lingc/ECE4191G11/ROS_PC/install/robot_interfaces/lib'
[1.712s] Level 1:colcon.colcon_core.shell:create_environment_hook('robot_interfaces', 'ld_library_path_lib')
[1.714s] INFO:colcon.colcon_core.shell:Creating environment hook '/home/lingc/ECE4191G11/ROS_PC/install/robot_interfaces/share/robot_interfaces/hook/ld_library_path_lib.ps1'
[1.714s] INFO:colcon.colcon_core.shell:Creating environment descriptor '/home/lingc/ECE4191G11/ROS_PC/install/robot_interfaces/share/robot_interfaces/hook/ld_library_path_lib.dsv'
[1.715s] INFO:colcon.colcon_core.shell:Creating environment hook '/home/lingc/ECE4191G11/ROS_PC/install/robot_interfaces/share/robot_interfaces/hook/ld_library_path_lib.sh'
[1.715s] Level 1:colcon.colcon_core.environment:checking '/home/lingc/ECE4191G11/ROS_PC/install/robot_interfaces/bin'
[1.715s] Level 1:colcon.colcon_core.environment:checking '/home/lingc/ECE4191G11/ROS_PC/install/robot_interfaces/lib/pkgconfig/robot_interfaces.pc'
[1.716s] Level 1:colcon.colcon_core.environment:checking '/home/lingc/ECE4191G11/ROS_PC/install/robot_interfaces/lib/python3.10/site-packages'
[1.717s] Level 1:colcon.colcon_core.environment:checking '/home/lingc/ECE4191G11/ROS_PC/install/robot_interfaces/bin'
[1.718s] INFO:colcon.colcon_core.shell:Creating package script '/home/lingc/ECE4191G11/ROS_PC/install/robot_interfaces/share/robot_interfaces/package.ps1'
[1.719s] INFO:colcon.colcon_core.shell:Creating package descriptor '/home/lingc/ECE4191G11/ROS_PC/install/robot_interfaces/share/robot_interfaces/package.dsv'
[1.720s] INFO:colcon.colcon_core.shell:Creating package script '/home/lingc/ECE4191G11/ROS_PC/install/robot_interfaces/share/robot_interfaces/package.sh'
[1.721s] INFO:colcon.colcon_core.shell:Creating package script '/home/lingc/ECE4191G11/ROS_PC/install/robot_interfaces/share/robot_interfaces/package.bash'
[1.722s] INFO:colcon.colcon_core.shell:Creating package script '/home/lingc/ECE4191G11/ROS_PC/install/robot_interfaces/share/robot_interfaces/package.zsh'
[1.723s] Level 1:colcon.colcon_core.environment:create_file_with_runtime_dependencies(/home/lingc/ECE4191G11/ROS_PC/install/robot_interfaces/share/colcon-core/packages/robot_interfaces)
[2.107s] Level 1:colcon.colcon_core.environment:create_environment_scripts_only(robot_interfaces)
[2.109s] Level 1:colcon.colcon_core.environment:checking '/home/lingc/ECE4191G11/ROS_PC/install/robot_interfaces' for CMake module files
[2.110s] Level 1:colcon.colcon_core.environment:checking '/home/lingc/ECE4191G11/ROS_PC/install/robot_interfaces' for CMake config files
[2.111s] Level 1:colcon.colcon_core.shell:create_environment_hook('robot_interfaces', 'cmake_prefix_path')
[2.112s] INFO:colcon.colcon_core.shell:Creating environment hook '/home/lingc/ECE4191G11/ROS_PC/install/robot_interfaces/share/robot_interfaces/hook/cmake_prefix_path.ps1'
[2.113s] INFO:colcon.colcon_core.shell:Creating environment descriptor '/home/lingc/ECE4191G11/ROS_PC/install/robot_interfaces/share/robot_interfaces/hook/cmake_prefix_path.dsv'
[2.114s] INFO:colcon.colcon_core.shell:Creating environment hook '/home/lingc/ECE4191G11/ROS_PC/install/robot_interfaces/share/robot_interfaces/hook/cmake_prefix_path.sh'
[2.115s] Level 1:colcon.colcon_core.environment:checking '/home/lingc/ECE4191G11/ROS_PC/install/robot_interfaces/lib'
[2.115s] Level 1:colcon.colcon_core.shell:create_environment_hook('robot_interfaces', 'ld_library_path_lib')
[2.117s] INFO:colcon.colcon_core.shell:Creating environment hook '/home/lingc/ECE4191G11/ROS_PC/install/robot_interfaces/share/robot_interfaces/hook/ld_library_path_lib.ps1'
[2.118s] INFO:colcon.colcon_core.shell:Creating environment descriptor '/home/lingc/ECE4191G11/ROS_PC/install/robot_interfaces/share/robot_interfaces/hook/ld_library_path_lib.dsv'
[2.119s] INFO:colcon.colcon_core.shell:Creating environment hook '/home/lingc/ECE4191G11/ROS_PC/install/robot_interfaces/share/robot_interfaces/hook/ld_library_path_lib.sh'
[2.120s] Level 1:colcon.colcon_core.environment:checking '/home/lingc/ECE4191G11/ROS_PC/install/robot_interfaces/bin'
[2.120s] Level 1:colcon.colcon_core.environment:checking '/home/lingc/ECE4191G11/ROS_PC/install/robot_interfaces/lib/pkgconfig/robot_interfaces.pc'
[2.121s] Level 1:colcon.colcon_core.environment:checking '/home/lingc/ECE4191G11/ROS_PC/install/robot_interfaces/lib/python3.10/site-packages'
[2.121s] Level 1:colcon.colcon_core.environment:checking '/home/lingc/ECE4191G11/ROS_PC/install/robot_interfaces/bin'
[2.122s] INFO:colcon.colcon_core.shell:Creating package script '/home/lingc/ECE4191G11/ROS_PC/install/robot_interfaces/share/robot_interfaces/package.ps1'
[2.123s] INFO:colcon.colcon_core.shell:Creating package descriptor '/home/lingc/ECE4191G11/ROS_PC/install/robot_interfaces/share/robot_interfaces/package.dsv'
[2.124s] INFO:colcon.colcon_core.shell:Creating package script '/home/lingc/ECE4191G11/ROS_PC/install/robot_interfaces/share/robot_interfaces/package.sh'
[2.126s] INFO:colcon.colcon_core.shell:Creating package script '/home/lingc/ECE4191G11/ROS_PC/install/robot_interfaces/share/robot_interfaces/package.bash'
[2.127s] INFO:colcon.colcon_core.shell:Creating package script '/home/lingc/ECE4191G11/ROS_PC/install/robot_interfaces/share/robot_interfaces/package.zsh'
[2.128s] Level 1:colcon.colcon_core.environment:create_file_with_runtime_dependencies(/home/lingc/ECE4191G11/ROS_PC/install/robot_interfaces/share/colcon-core/packages/robot_interfaces)
[2.128s] INFO:colcon.colcon_ros.task.ament_python.build:Building ROS package in '/home/lingc/ECE4191G11/ROS_PC/src/robot_controller' with build type 'ament_python'
[2.129s] Level 1:colcon.colcon_core.shell:create_environment_hook('robot_controller', 'ament_prefix_path')
[2.131s] INFO:colcon.colcon_core.shell:Creating environment hook '/home/lingc/ECE4191G11/ROS_PC/install/robot_controller/share/robot_controller/hook/ament_prefix_path.ps1'
[2.133s] INFO:colcon.colcon_core.shell:Creating environment descriptor '/home/lingc/ECE4191G11/ROS_PC/install/robot_controller/share/robot_controller/hook/ament_prefix_path.dsv'
[2.135s] INFO:colcon.colcon_core.shell:Creating environment hook '/home/lingc/ECE4191G11/ROS_PC/install/robot_controller/share/robot_controller/hook/ament_prefix_path.sh'
[2.137s] INFO:colcon.colcon_core.shell:Skip shell extension 'powershell' for command environment: Not usable outside of PowerShell
[2.137s] DEBUG:colcon.colcon_core.shell:Skip shell extension 'dsv' for command environment
[2.465s] INFO:colcon.colcon_core.task.python.build:Building Python package in '/home/lingc/ECE4191G11/ROS_PC/src/robot_controller'
[2.467s] INFO:colcon.colcon_core.shell:Skip shell extension 'powershell' for command environment: Not usable outside of PowerShell
[2.467s] DEBUG:colcon.colcon_core.shell:Skip shell extension 'dsv' for command environment
[2.837s] DEBUG:colcon.colcon_core.event_handler.log_command:Invoking command in '/home/lingc/ECE4191G11/ROS_PC/src/robot_controller': CMAKE_PREFIX_PATH=/home/lingc/ECE4191G11/ROS_PC/install/robot_interfaces:/home/lingc/ECE4191G11/ROS_PC/install/robot_launch PYTHONPATH=/home/lingc/ECE4191G11/ROS_PC/build/robot_controller/prefix_override:/home/lingc/ECE4191G11/ROS_PC/install/robot_controller/lib/python3.10/site-packages:${PYTHONPATH} /usr/bin/python3 setup.py egg_info --egg-base ../../build/robot_controller build --build-base /home/lingc/ECE4191G11/ROS_PC/build/robot_controller/build install --record /home/lingc/ECE4191G11/ROS_PC/build/robot_controller/install.log --single-version-externally-managed
[3.163s] Level 1:colcon.colcon_core.environment:checking '/home/lingc/ECE4191G11/ROS_PC/install/robot_controller' for CMake module files
[3.163s] Level 1:colcon.colcon_core.environment:checking '/home/lingc/ECE4191G11/ROS_PC/install/robot_controller' for CMake config files
[3.164s] DEBUG:colcon.colcon_core.event_handler.log_command:Invoked command in '/home/lingc/ECE4191G11/ROS_PC/src/robot_controller' returned '0': CMAKE_PREFIX_PATH=/home/lingc/ECE4191G11/ROS_PC/install/robot_interfaces:/home/lingc/ECE4191G11/ROS_PC/install/robot_launch PYTHONPATH=/home/lingc/ECE4191G11/ROS_PC/build/robot_controller/prefix_override:/home/lingc/ECE4191G11/ROS_PC/install/robot_controller/lib/python3.10/site-packages:${PYTHONPATH} /usr/bin/python3 setup.py egg_info --egg-base ../../build/robot_controller build --build-base /home/lingc/ECE4191G11/ROS_PC/build/robot_controller/build install --record /home/lingc/ECE4191G11/ROS_PC/build/robot_controller/install.log --single-version-externally-managed
[3.165s] Level 1:colcon.colcon_core.environment:checking '/home/lingc/ECE4191G11/ROS_PC/install/robot_controller/lib'
[3.165s] Level 1:colcon.colcon_core.environment:checking '/home/lingc/ECE4191G11/ROS_PC/install/robot_controller/bin'
[3.165s] Level 1:colcon.colcon_core.environment:checking '/home/lingc/ECE4191G11/ROS_PC/install/robot_controller/lib/pkgconfig/robot_controller.pc'
[3.165s] Level 1:colcon.colcon_core.environment:checking '/home/lingc/ECE4191G11/ROS_PC/install/robot_controller/lib/python3.10/site-packages'
[3.165s] Level 1:colcon.colcon_core.shell:create_environment_hook('robot_controller', 'pythonpath')
[3.170s] INFO:colcon.colcon_core.shell:Creating environment hook '/home/lingc/ECE4191G11/ROS_PC/install/robot_controller/share/robot_controller/hook/pythonpath.ps1'
[3.171s] INFO:colcon.colcon_core.shell:Creating environment descriptor '/home/lingc/ECE4191G11/ROS_PC/install/robot_controller/share/robot_controller/hook/pythonpath.dsv'
[3.172s] INFO:colcon.colcon_core.shell:Creating environment hook '/home/lingc/ECE4191G11/ROS_PC/install/robot_controller/share/robot_controller/hook/pythonpath.sh'
[3.173s] Level 1:colcon.colcon_core.environment:checking '/home/lingc/ECE4191G11/ROS_PC/install/robot_controller/bin'
[3.174s] Level 1:colcon.colcon_core.environment:create_environment_scripts_only(robot_controller)
[3.175s] INFO:colcon.colcon_core.shell:Creating package script '/home/lingc/ECE4191G11/ROS_PC/install/robot_controller/share/robot_controller/package.ps1'
[3.176s] INFO:colcon.colcon_core.shell:Creating package descriptor '/home/lingc/ECE4191G11/ROS_PC/install/robot_controller/share/robot_controller/package.dsv'
[3.177s] INFO:colcon.colcon_core.shell:Creating package script '/home/lingc/ECE4191G11/ROS_PC/install/robot_controller/share/robot_controller/package.sh'
[3.178s] INFO:colcon.colcon_core.shell:Creating package script '/home/lingc/ECE4191G11/ROS_PC/install/robot_controller/share/robot_controller/package.bash'
[3.179s] INFO:colcon.colcon_core.shell:Creating package script '/home/lingc/ECE4191G11/ROS_PC/install/robot_controller/share/robot_controller/package.zsh'
[3.179s] Level 1:colcon.colcon_core.environment:create_file_with_runtime_dependencies(/home/lingc/ECE4191G11/ROS_PC/install/robot_controller/share/colcon-core/packages/robot_controller)
[3.184s] INFO:colcon.colcon_ros.task.ament_cmake.build:Building ROS package in '/home/lingc/ECE4191G11/ROS_PC/src/robot_launch' with build type 'ament_cmake'
[3.185s] INFO:colcon.colcon_cmake.task.cmake.build:Building CMake package in '/home/lingc/ECE4191G11/ROS_PC/src/robot_launch'
[3.186s] INFO:colcon.colcon_core.shell:Skip shell extension 'powershell' for command environment: Not usable outside of PowerShell
[3.186s] DEBUG:colcon.colcon_core.shell:Skip shell extension 'dsv' for command environment
[3.213s] DEBUG:colcon.colcon_core.event_handler.log_command:Invoking command in '/home/lingc/ECE4191G11/ROS_PC/build/robot_launch': AMENT_PREFIX_PATH=/home/lingc/ECE4191G11/ROS_PC/install/robot_controller:/home/lingc/ECE4191G11/ROS_PC/install/robot_launch:/home/lingc/ECE4191G11/ROS_PC/install/robot_interfaces:/opt/ros/humble CMAKE_PREFIX_PATH=/home/lingc/ECE4191G11/ROS_PC/install/robot_interfaces:/home/lingc/ECE4191G11/ROS_PC/install/robot_launch:/home/lingc/ECE4191G11/ROS_PC/install/robot_controller:/opt/ros/humble /usr/bin/cmake --build /home/lingc/ECE4191G11/ROS_PC/build/robot_launch -- -j4 -l4
[3.286s] DEBUG:colcon.colcon_core.event_handler.log_command:Invoked command in '/home/lingc/ECE4191G11/ROS_PC/build/robot_launch' returned '0': AMENT_PREFIX_PATH=/home/lingc/ECE4191G11/ROS_PC/install/robot_controller:/home/lingc/ECE4191G11/ROS_PC/install/robot_launch:/home/lingc/ECE4191G11/ROS_PC/install/robot_interfaces:/opt/ros/humble CMAKE_PREFIX_PATH=/home/lingc/ECE4191G11/ROS_PC/install/robot_interfaces:/home/lingc/ECE4191G11/ROS_PC/install/robot_launch:/home/lingc/ECE4191G11/ROS_PC/install/robot_controller:/opt/ros/humble /usr/bin/cmake --build /home/lingc/ECE4191G11/ROS_PC/build/robot_launch -- -j4 -l4
[3.369s] DEBUG:colcon.colcon_core.event_handler.log_command:Invoking command in '/home/lingc/ECE4191G11/ROS_PC/build/robot_launch': AMENT_PREFIX_PATH=/home/lingc/ECE4191G11/ROS_PC/install/robot_controller:/home/lingc/ECE4191G11/ROS_PC/install/robot_launch:/home/lingc/ECE4191G11/ROS_PC/install/robot_interfaces:/opt/ros/humble CMAKE_PREFIX_PATH=/home/lingc/ECE4191G11/ROS_PC/install/robot_interfaces:/home/lingc/ECE4191G11/ROS_PC/install/robot_launch:/home/lingc/ECE4191G11/ROS_PC/install/robot_controller:/opt/ros/humble /usr/bin/cmake --install /home/lingc/ECE4191G11/ROS_PC/build/robot_launch
[3.393s] Level 1:colcon.colcon_core.environment:create_environment_scripts_only(robot_launch)
[3.395s] Level 1:colcon.colcon_core.environment:checking '/home/lingc/ECE4191G11/ROS_PC/install/robot_launch' for CMake module files
[3.396s] DEBUG:colcon.colcon_core.event_handler.log_command:Invoked command in '/home/lingc/ECE4191G11/ROS_PC/build/robot_launch' returned '0': AMENT_PREFIX_PATH=/home/lingc/ECE4191G11/ROS_PC/install/robot_controller:/home/lingc/ECE4191G11/ROS_PC/install/robot_launch:/home/lingc/ECE4191G11/ROS_PC/install/robot_interfaces:/opt/ros/humble CMAKE_PREFIX_PATH=/home/lingc/ECE4191G11/ROS_PC/install/robot_interfaces:/home/lingc/ECE4191G11/ROS_PC/install/robot_launch:/home/lingc/ECE4191G11/ROS_PC/install/robot_controller:/opt/ros/humble /usr/bin/cmake --install /home/lingc/ECE4191G11/ROS_PC/build/robot_launch
[3.396s] Level 1:colcon.colcon_core.environment:checking '/home/lingc/ECE4191G11/ROS_PC/install/robot_launch' for CMake config files
[3.396s] Level 1:colcon.colcon_core.shell:create_environment_hook('robot_launch', 'cmake_prefix_path')
[3.398s] INFO:colcon.colcon_core.shell:Creating environment hook '/home/lingc/ECE4191G11/ROS_PC/install/robot_launch/share/robot_launch/hook/cmake_prefix_path.ps1'
[3.399s] INFO:colcon.colcon_core.shell:Creating environment descriptor '/home/lingc/ECE4191G11/ROS_PC/install/robot_launch/share/robot_launch/hook/cmake_prefix_path.dsv'
[3.399s] INFO:colcon.colcon_core.shell:Creating environment hook '/home/lingc/ECE4191G11/ROS_PC/install/robot_launch/share/robot_launch/hook/cmake_prefix_path.sh'
[3.400s] Level 1:colcon.colcon_core.environment:checking '/home/lingc/ECE4191G11/ROS_PC/install/robot_launch/bin'
[3.401s] Level 1:colcon.colcon_core.environment:checking '/home/lingc/ECE4191G11/ROS_PC/install/robot_launch/lib/pkgconfig/robot_launch.pc'
[3.401s] Level 1:colcon.colcon_core.environment:checking '/home/lingc/ECE4191G11/ROS_PC/install/robot_launch/lib/python3.10/site-packages'
[3.402s] Level 1:colcon.colcon_core.environment:checking '/home/lingc/ECE4191G11/ROS_PC/install/robot_launch/bin'
[3.403s] INFO:colcon.colcon_core.shell:Creating package script '/home/lingc/ECE4191G11/ROS_PC/install/robot_launch/share/robot_launch/package.ps1'
[3.404s] INFO:colcon.colcon_core.shell:Creating package descriptor '/home/lingc/ECE4191G11/ROS_PC/install/robot_launch/share/robot_launch/package.dsv'
[3.405s] INFO:colcon.colcon_core.shell:Creating package script '/home/lingc/ECE4191G11/ROS_PC/install/robot_launch/share/robot_launch/package.sh'
[3.406s] INFO:colcon.colcon_core.shell:Creating package script '/home/lingc/ECE4191G11/ROS_PC/install/robot_launch/share/robot_launch/package.bash'
[3.407s] INFO:colcon.colcon_core.shell:Creating package script '/home/lingc/ECE4191G11/ROS_PC/install/robot_launch/share/robot_launch/package.zsh'
[3.407s] Level 1:colcon.colcon_core.environment:create_file_with_runtime_dependencies(/home/lingc/ECE4191G11/ROS_PC/install/robot_launch/share/colcon-core/packages/robot_launch)
[3.474s] Level 1:colcon.colcon_core.environment:create_environment_scripts_only(robot_launch)
[3.485s] Level 1:colcon.colcon_core.environment:checking '/home/lingc/ECE4191G11/ROS_PC/install/robot_launch' for CMake module files
[3.486s] Level 1:colcon.colcon_core.environment:checking '/home/lingc/ECE4191G11/ROS_PC/install/robot_launch' for CMake config files
[3.486s] Level 1:colcon.colcon_core.shell:create_environment_hook('robot_launch', 'cmake_prefix_path')
[3.487s] INFO:colcon.colcon_core.shell:Creating environment hook '/home/lingc/ECE4191G11/ROS_PC/install/robot_launch/share/robot_launch/hook/cmake_prefix_path.ps1'
[3.488s] INFO:colcon.colcon_core.shell:Creating environment descriptor '/home/lingc/ECE4191G11/ROS_PC/install/robot_launch/share/robot_launch/hook/cmake_prefix_path.dsv'
[3.488s] INFO:colcon.colcon_core.shell:Creating environment hook '/home/lingc/ECE4191G11/ROS_PC/install/robot_launch/share/robot_launch/hook/cmake_prefix_path.sh'
[3.489s] Level 1:colcon.colcon_core.environment:checking '/home/lingc/ECE4191G11/ROS_PC/install/robot_launch/bin'
[3.489s] Level 1:colcon.colcon_core.environment:checking '/home/lingc/ECE4191G11/ROS_PC/install/robot_launch/lib/pkgconfig/robot_launch.pc'
[3.489s] Level 1:colcon.colcon_core.environment:checking '/home/lingc/ECE4191G11/ROS_PC/install/robot_launch/lib/python3.10/site-packages'
[3.489s] Level 1:colcon.colcon_core.environment:checking '/home/lingc/ECE4191G11/ROS_PC/install/robot_launch/bin'
[3.490s] INFO:colcon.colcon_core.shell:Creating package script '/home/lingc/ECE4191G11/ROS_PC/install/robot_launch/share/robot_launch/package.ps1'
[3.491s] INFO:colcon.colcon_core.shell:Creating package descriptor '/home/lingc/ECE4191G11/ROS_PC/install/robot_launch/share/robot_launch/package.dsv'
[3.492s] INFO:colcon.colcon_core.shell:Creating package script '/home/lingc/ECE4191G11/ROS_PC/install/robot_launch/share/robot_launch/package.sh'
[3.493s] INFO:colcon.colcon_core.shell:Creating package script '/home/lingc/ECE4191G11/ROS_PC/install/robot_launch/share/robot_launch/package.bash'
[3.493s] INFO:colcon.colcon_core.shell:Creating package script '/home/lingc/ECE4191G11/ROS_PC/install/robot_launch/share/robot_launch/package.zsh'
[3.494s] Level 1:colcon.colcon_core.environment:create_file_with_runtime_dependencies(/home/lingc/ECE4191G11/ROS_PC/install/robot_launch/share/colcon-core/packages/robot_launch)
[3.495s] DEBUG:colcon.colcon_parallel_executor.executor.parallel:closing loop
[3.495s] DEBUG:colcon.colcon_parallel_executor.executor.parallel:loop closed
[3.503s] DEBUG:colcon.colcon_parallel_executor.executor.parallel:run_until_complete finished with '0'
[3.503s] DEBUG:colcon.colcon_core.event_reactor:joining thread
[3.517s] INFO:colcon.colcon_core.plugin_system:Skipping extension 'colcon_notification.desktop_notification.terminal_notifier': Not used on non-Darwin systems
[3.522s] INFO:colcon.colcon_core.plugin_system:Skipping extension 'colcon_notification.desktop_notification.win32': Not used on non-Windows systems
[3.522s] INFO:colcon.colcon_notification.desktop_notification:Sending desktop notification using 'notify2'
[3.580s] DEBUG:colcon.colcon_core.event_reactor:joined thread
[3.582s] INFO:colcon.colcon_core.shell:Creating prefix script '/home/lingc/ECE4191G11/ROS_PC/install/local_setup.ps1'
[3.583s] INFO:colcon.colcon_core.shell:Creating prefix util module '/home/lingc/ECE4191G11/ROS_PC/install/_local_setup_util_ps1.py'
[3.585s] INFO:colcon.colcon_core.shell:Creating prefix chain script '/home/lingc/ECE4191G11/ROS_PC/install/setup.ps1'
[3.588s] INFO:colcon.colcon_core.shell:Creating prefix script '/home/lingc/ECE4191G11/ROS_PC/install/local_setup.sh'
[3.589s] INFO:colcon.colcon_core.shell:Creating prefix util module '/home/lingc/ECE4191G11/ROS_PC/install/_local_setup_util_sh.py'
[3.590s] INFO:colcon.colcon_core.shell:Creating prefix chain script '/home/lingc/ECE4191G11/ROS_PC/install/setup.sh'
[3.592s] INFO:colcon.colcon_core.shell:Creating prefix script '/home/lingc/ECE4191G11/ROS_PC/install/local_setup.bash'
[3.593s] INFO:colcon.colcon_core.shell:Creating prefix chain script '/home/lingc/ECE4191G11/ROS_PC/install/setup.bash'
[3.595s] INFO:colcon.colcon_core.shell:Creating prefix script '/home/lingc/ECE4191G11/ROS_PC/install/local_setup.zsh'
[3.596s] INFO:colcon.colcon_core.shell:Creating prefix chain script '/home/lingc/ECE4191G11/ROS_PC/install/setup.zsh'
