[2.975s] Invoking command in '/home/rpi-team11/ECE4191G11/ROS/src/robot_controller': CMAKE_PREFIX_PATH=/home/rpi-team11/ECE4191G11/ROS/install/robot_interfaces:/home/rpi-team11/ECE4191G11/ROS/install/robot_launch PYTHONPATH=/home/rpi-team11/ECE4191G11/ROS/build/robot_controller/prefix_override:/home/rpi-team11/ECE4191G11/ROS/install/robot_controller/lib/python3.10/site-packages:${PYTHONPATH} /usr/bin/python3 setup.py egg_info --egg-base ../../build/robot_controller build --build-base /home/rpi-team11/ECE4191G11/ROS/build/robot_controller/build install --record /home/rpi-team11/ECE4191G11/ROS/build/robot_controller/install.log --single-version-externally-managed
[4.107s] running egg_info
[4.109s] writing ../../build/robot_controller/robot_controller.egg-info/PKG-INFO
[4.110s] writing dependency_links to ../../build/robot_controller/robot_controller.egg-info/dependency_links.txt
[4.111s] writing entry points to ../../build/robot_controller/robot_controller.egg-info/entry_points.txt
[4.112s] writing requirements to ../../build/robot_controller/robot_controller.egg-info/requires.txt
[4.112s] writing top-level names to ../../build/robot_controller/robot_controller.egg-info/top_level.txt
[4.122s] reading manifest file '../../build/robot_controller/robot_controller.egg-info/SOURCES.txt'
[4.126s] writing manifest file '../../build/robot_controller/robot_controller.egg-info/SOURCES.txt'
[4.127s] running build
[4.127s] running build_py
[4.129s] copying robot_controller/path_planner.py -> /home/rpi-team11/ECE4191G11/ROS/build/robot_controller/build/lib/robot_controller
[4.131s] running install
[4.132s] running install_lib
[4.136s] copying /home/rpi-team11/ECE4191G11/ROS/build/robot_controller/build/lib/robot_controller/path_planner.py -> /home/rpi-team11/ECE4191G11/ROS/install/robot_controller/lib/python3.10/site-packages/robot_controller
[4.141s] byte-compiling /home/rpi-team11/ECE4191G11/ROS/install/robot_controller/lib/python3.10/site-packages/robot_controller/path_planner.py to path_planner.cpython-310.pyc
[4.146s] running install_data
[4.148s] running install_egg_info
[4.155s] removing '/home/rpi-team11/ECE4191G11/ROS/install/robot_controller/lib/python3.10/site-packages/robot_controller-0.0.0-py3.10.egg-info' (and everything under it)
[4.157s] Copying ../../build/robot_controller/robot_controller.egg-info to /home/rpi-team11/ECE4191G11/ROS/install/robot_controller/lib/python3.10/site-packages/robot_controller-0.0.0-py3.10.egg-info
[4.163s] running install_scripts
[4.238s] Installing drive_node script to /home/rpi-team11/ECE4191G11/ROS/install/robot_controller/lib/robot_controller
[4.239s] Installing encoder_node script to /home/rpi-team11/ECE4191G11/ROS/install/robot_controller/lib/robot_controller
[4.239s] Installing manual_waypoint_node script to /home/rpi-team11/ECE4191G11/ROS/install/robot_controller/lib/robot_controller
[4.240s] Installing path_planner_node script to /home/rpi-team11/ECE4191G11/ROS/install/robot_controller/lib/robot_controller
[4.241s] Installing ultrasonic_node script to /home/rpi-team11/ECE4191G11/ROS/install/robot_controller/lib/robot_controller
[4.243s] writing list of installed files to '/home/rpi-team11/ECE4191G11/ROS/build/robot_controller/install.log'
[4.374s] Invoked command in '/home/rpi-team11/ECE4191G11/ROS/src/robot_controller' returned '0': CMAKE_PREFIX_PATH=/home/rpi-team11/ECE4191G11/ROS/install/robot_interfaces:/home/rpi-team11/ECE4191G11/ROS/install/robot_launch PYTHONPATH=/home/rpi-team11/ECE4191G11/ROS/build/robot_controller/prefix_override:/home/rpi-team11/ECE4191G11/ROS/install/robot_controller/lib/python3.10/site-packages:${PYTHONPATH} /usr/bin/python3 setup.py egg_info --egg-base ../../build/robot_controller build --build-base /home/rpi-team11/ECE4191G11/ROS/build/robot_controller/build install --record /home/rpi-team11/ECE4191G11/ROS/build/robot_controller/install.log --single-version-externally-managed
