[0.630s] Invoking command in '/home/lingc/ECE4191G11/ROS_PC/src/robot_controller': CMAKE_PREFIX_PATH=/home/lingc/ECE4191G11/ROS_PC/install/robot_interfaces:/home/lingc/ECE4191G11/ROS_PC/install/robot_launch PYTHONPATH=/home/lingc/ECE4191G11/ROS_PC/build/robot_controller/prefix_override:/home/lingc/ECE4191G11/ROS_PC/install/robot_controller/lib/python3.10/site-packages:${PYTHONPATH} /usr/bin/python3 setup.py egg_info --egg-base ../../build/robot_controller build --build-base /home/lingc/ECE4191G11/ROS_PC/build/robot_controller/build install --record /home/lingc/ECE4191G11/ROS_PC/build/robot_controller/install.log --single-version-externally-managed
[0.871s] running egg_info
[0.871s] writing ../../build/robot_controller/robot_controller.egg-info/PKG-INFO
[0.872s] writing dependency_links to ../../build/robot_controller/robot_controller.egg-info/dependency_links.txt
[0.872s] writing entry points to ../../build/robot_controller/robot_controller.egg-info/entry_points.txt
[0.872s] writing requirements to ../../build/robot_controller/robot_controller.egg-info/requires.txt
[0.872s] writing top-level names to ../../build/robot_controller/robot_controller.egg-info/top_level.txt
[0.874s] reading manifest file '../../build/robot_controller/robot_controller.egg-info/SOURCES.txt'
[0.875s] writing manifest file '../../build/robot_controller/robot_controller.egg-info/SOURCES.txt'
[0.875s] running build
[0.875s] running build_py
[0.875s] copying robot_controller/graphics.py -> /home/lingc/ECE4191G11/ROS_PC/build/robot_controller/build/lib/robot_controller
[0.875s] running install
[0.876s] running install_lib
[0.876s] copying /home/lingc/ECE4191G11/ROS_PC/build/robot_controller/build/lib/robot_controller/graphics.py -> /home/lingc/ECE4191G11/ROS_PC/install/robot_controller/lib/python3.10/site-packages/robot_controller
[0.877s] byte-compiling /home/lingc/ECE4191G11/ROS_PC/install/robot_controller/lib/python3.10/site-packages/robot_controller/graphics.py to graphics.cpython-310.pyc
[0.878s] running install_data
[0.878s] running install_egg_info
[0.880s] removing '/home/lingc/ECE4191G11/ROS_PC/install/robot_controller/lib/python3.10/site-packages/robot_controller-0.0.0-py3.10.egg-info' (and everything under it)
[0.881s] Copying ../../build/robot_controller/robot_controller.egg-info to /home/lingc/ECE4191G11/ROS_PC/install/robot_controller/lib/python3.10/site-packages/robot_controller-0.0.0-py3.10.egg-info
[0.881s] running install_scripts
[0.900s] Installing manual_waypoint_node script to /home/lingc/ECE4191G11/ROS_PC/install/robot_controller/lib/robot_controller
[0.900s] Installing path_planner_node script to /home/lingc/ECE4191G11/ROS_PC/install/robot_controller/lib/robot_controller
[0.900s] writing list of installed files to '/home/lingc/ECE4191G11/ROS_PC/build/robot_controller/install.log'
[0.926s] Invoked command in '/home/lingc/ECE4191G11/ROS_PC/src/robot_controller' returned '0': CMAKE_PREFIX_PATH=/home/lingc/ECE4191G11/ROS_PC/install/robot_interfaces:/home/lingc/ECE4191G11/ROS_PC/install/robot_launch PYTHONPATH=/home/lingc/ECE4191G11/ROS_PC/build/robot_controller/prefix_override:/home/lingc/ECE4191G11/ROS_PC/install/robot_controller/lib/python3.10/site-packages:${PYTHONPATH} /usr/bin/python3 setup.py egg_info --egg-base ../../build/robot_controller build --build-base /home/lingc/ECE4191G11/ROS_PC/build/robot_controller/build install --record /home/lingc/ECE4191G11/ROS_PC/build/robot_controller/install.log --single-version-externally-managed
