[1.476s] DEBUG:colcon:Command line arguments: ['/usr/bin/colcon', 'build']
[1.477s] DEBUG:colcon:Parsed command line arguments: Namespace(log_base=None, log_level=None, verb_name='build', build_base='build', install_base='install', merge_install=False, symlink_install=False, test_result_base=None, continue_on_error=False, executor='parallel', parallel_workers=4, event_handlers=None, ignore_user_meta=False, metas=['./colcon.meta'], base_paths=['.'], packages_ignore=None, packages_ignore_regex=None, paths=None, packages_up_to=None, packages_up_to_regex=None, packages_above=None, packages_above_and_dependencies=None, packages_above_depth=None, packages_select_by_dep=None, packages_skip_by_dep=None, packages_skip_up_to=None, packages_select_build_failed=False, packages_skip_build_finished=False, packages_select_test_failures=False, packages_skip_test_passed=False, packages_select=None, packages_skip=None, packages_select_regex=None, packages_skip_regex=None, packages_start=None, packages_end=None, allow_overriding=[], cmake_args=None, cmake_target=None, cmake_target_skip_unavailable=False, cmake_clean_cache=False, cmake_clean_first=False, cmake_force_configure=False, ament_cmake_args=None, catkin_cmake_args=None, catkin_skip_building_tests=False, verb_parser=<colcon_defaults.argument_parser.defaults.DefaultArgumentsDecorator object at 0xffffb36ea470>, verb_extension=<colcon_core.verb.build.BuildVerb object at 0xffffb36e9f00>, main=<bound method BuildVerb.main of <colcon_core.verb.build.BuildVerb object at 0xffffb36e9f00>>)
[1.578s] Level 1:colcon.colcon_core.package_discovery:discover_packages(colcon_meta) check parameters
[1.579s] Level 1:colcon.colcon_core.package_discovery:discover_packages(recursive) check parameters
[1.579s] Level 1:colcon.colcon_core.package_discovery:discover_packages(ignore) check parameters
[1.579s] Level 1:colcon.colcon_core.package_discovery:discover_packages(path) check parameters
[1.579s] Level 1:colcon.colcon_core.package_discovery:discover_packages(colcon_meta) discover
[1.579s] Level 1:colcon.colcon_core.package_discovery:discover_packages(recursive) discover
[1.579s] INFO:colcon.colcon_core.package_discovery:Crawling recursively for packages in '/home/rpi-team11/ECE4191G11/ROS_Pi'
[1.580s] Level 1:colcon.colcon_core.package_identification:_identify(.) by extensions ['ignore', 'ignore_ament_install']
[1.580s] Level 1:colcon.colcon_core.package_identification:_identify(.) by extension 'ignore'
[1.580s] Level 1:colcon.colcon_core.package_identification:_identify(.) by extension 'ignore_ament_install'
[1.581s] Level 1:colcon.colcon_core.package_identification:_identify(.) by extensions ['colcon_pkg']
[1.581s] Level 1:colcon.colcon_core.package_identification:_identify(.) by extension 'colcon_pkg'
[1.581s] Level 1:colcon.colcon_core.package_identification:_identify(.) by extensions ['colcon_meta']
[1.581s] Level 1:colcon.colcon_core.package_identification:_identify(.) by extension 'colcon_meta'
[1.581s] Level 1:colcon.colcon_core.package_identification:_identify(.) by extensions ['ros']
[1.582s] Level 1:colcon.colcon_core.package_identification:_identify(.) by extension 'ros'
[1.625s] Level 1:colcon.colcon_core.package_identification:_identify(.) by extensions ['cmake', 'python']
[1.625s] Level 1:colcon.colcon_core.package_identification:_identify(.) by extension 'cmake'
[1.626s] Level 1:colcon.colcon_core.package_identification:_identify(.) by extension 'python'
[1.626s] Level 1:colcon.colcon_core.package_identification:_identify(.) by extensions ['python_setup_py']
[1.626s] Level 1:colcon.colcon_core.package_identification:_identify(.) by extension 'python_setup_py'
[1.627s] Level 1:colcon.colcon_core.package_identification:_identify(build) by extensions ['ignore', 'ignore_ament_install']
[1.627s] Level 1:colcon.colcon_core.package_identification:_identify(build) by extension 'ignore'
[1.627s] Level 1:colcon.colcon_core.package_identification:_identify(build) ignored
[1.628s] Level 1:colcon.colcon_core.package_identification:_identify(install) by extensions ['ignore', 'ignore_ament_install']
[1.628s] Level 1:colcon.colcon_core.package_identification:_identify(install) by extension 'ignore'
[1.628s] Level 1:colcon.colcon_core.package_identification:_identify(install) ignored
[1.629s] Level 1:colcon.colcon_core.package_identification:_identify(log) by extensions ['ignore', 'ignore_ament_install']
[1.630s] Level 1:colcon.colcon_core.package_identification:_identify(log) by extension 'ignore'
[1.630s] Level 1:colcon.colcon_core.package_identification:_identify(log) ignored
[1.630s] Level 1:colcon.colcon_core.package_identification:_identify(src) by extensions ['ignore', 'ignore_ament_install']
[1.631s] Level 1:colcon.colcon_core.package_identification:_identify(src) by extension 'ignore'
[1.631s] Level 1:colcon.colcon_core.package_identification:_identify(src) by extension 'ignore_ament_install'
[1.631s] Level 1:colcon.colcon_core.package_identification:_identify(src) by extensions ['colcon_pkg']
[1.631s] Level 1:colcon.colcon_core.package_identification:_identify(src) by extension 'colcon_pkg'
[1.631s] Level 1:colcon.colcon_core.package_identification:_identify(src) by extensions ['colcon_meta']
[1.632s] Level 1:colcon.colcon_core.package_identification:_identify(src) by extension 'colcon_meta'
[1.632s] Level 1:colcon.colcon_core.package_identification:_identify(src) by extensions ['ros']
[1.632s] Level 1:colcon.colcon_core.package_identification:_identify(src) by extension 'ros'
[1.632s] Level 1:colcon.colcon_core.package_identification:_identify(src) by extensions ['cmake', 'python']
[1.632s] Level 1:colcon.colcon_core.package_identification:_identify(src) by extension 'cmake'
[1.633s] Level 1:colcon.colcon_core.package_identification:_identify(src) by extension 'python'
[1.633s] Level 1:colcon.colcon_core.package_identification:_identify(src) by extensions ['python_setup_py']
[1.633s] Level 1:colcon.colcon_core.package_identification:_identify(src) by extension 'python_setup_py'
[1.633s] Level 1:colcon.colcon_core.package_identification:_identify(src/robot_controller) by extensions ['ignore', 'ignore_ament_install']
[1.634s] Level 1:colcon.colcon_core.package_identification:_identify(src/robot_controller) by extension 'ignore'
[1.634s] Level 1:colcon.colcon_core.package_identification:_identify(src/robot_controller) by extension 'ignore_ament_install'
[1.634s] Level 1:colcon.colcon_core.package_identification:_identify(src/robot_controller) by extensions ['colcon_pkg']
[1.634s] Level 1:colcon.colcon_core.package_identification:_identify(src/robot_controller) by extension 'colcon_pkg'
[1.635s] Level 1:colcon.colcon_core.package_identification:_identify(src/robot_controller) by extensions ['colcon_meta']
[1.635s] Level 1:colcon.colcon_core.package_identification:_identify(src/robot_controller) by extension 'colcon_meta'
[1.635s] Level 1:colcon.colcon_core.package_identification:_identify(src/robot_controller) by extensions ['ros']
[1.635s] Level 1:colcon.colcon_core.package_identification:_identify(src/robot_controller) by extension 'ros'
[1.647s] DEBUG:colcon.colcon_core.package_identification:Package 'src/robot_controller' with type 'ros.ament_python' and name 'robot_controller'
[1.648s] Level 1:colcon.colcon_core.package_identification:_identify(src/robot_interfaces) by extensions ['ignore', 'ignore_ament_install']
[1.648s] Level 1:colcon.colcon_core.package_identification:_identify(src/robot_interfaces) by extension 'ignore'
[1.649s] Level 1:colcon.colcon_core.package_identification:_identify(src/robot_interfaces) by extension 'ignore_ament_install'
[1.649s] Level 1:colcon.colcon_core.package_identification:_identify(src/robot_interfaces) by extensions ['colcon_pkg']
[1.649s] Level 1:colcon.colcon_core.package_identification:_identify(src/robot_interfaces) by extension 'colcon_pkg'
[1.649s] Level 1:colcon.colcon_core.package_identification:_identify(src/robot_interfaces) by extensions ['colcon_meta']
[1.649s] Level 1:colcon.colcon_core.package_identification:_identify(src/robot_interfaces) by extension 'colcon_meta'
[1.650s] Level 1:colcon.colcon_core.package_identification:_identify(src/robot_interfaces) by extensions ['ros']
[1.650s] Level 1:colcon.colcon_core.package_identification:_identify(src/robot_interfaces) by extension 'ros'
[1.652s] DEBUG:colcon.colcon_core.package_identification:Package 'src/robot_interfaces' with type 'ros.ament_cmake' and name 'robot_interfaces'
[1.652s] Level 1:colcon.colcon_core.package_identification:_identify(src/robot_launch) by extensions ['ignore', 'ignore_ament_install']
[1.653s] Level 1:colcon.colcon_core.package_identification:_identify(src/robot_launch) by extension 'ignore'
[1.653s] Level 1:colcon.colcon_core.package_identification:_identify(src/robot_launch) by extension 'ignore_ament_install'
[1.653s] Level 1:colcon.colcon_core.package_identification:_identify(src/robot_launch) by extensions ['colcon_pkg']
[1.653s] Level 1:colcon.colcon_core.package_identification:_identify(src/robot_launch) by extension 'colcon_pkg'
[1.654s] Level 1:colcon.colcon_core.package_identification:_identify(src/robot_launch) by extensions ['colcon_meta']
[1.654s] Level 1:colcon.colcon_core.package_identification:_identify(src/robot_launch) by extension 'colcon_meta'
[1.654s] Level 1:colcon.colcon_core.package_identification:_identify(src/robot_launch) by extensions ['ros']
[1.654s] Level 1:colcon.colcon_core.package_identification:_identify(src/robot_launch) by extension 'ros'
[1.656s] DEBUG:colcon.colcon_core.package_identification:Package 'src/robot_launch' with type 'ros.ament_cmake' and name 'robot_launch'
[1.656s] Level 1:colcon.colcon_core.package_discovery:discover_packages(recursive) using defaults
[1.656s] Level 1:colcon.colcon_core.package_discovery:discover_packages(ignore) discover
[1.657s] Level 1:colcon.colcon_core.package_discovery:discover_packages(ignore) using defaults
[1.657s] Level 1:colcon.colcon_core.package_discovery:discover_packages(path) discover
[1.657s] Level 1:colcon.colcon_core.package_discovery:discover_packages(path) using defaults
[1.751s] Level 1:colcon.colcon_core.package_discovery:discover_packages(prefix_path) check parameters
[1.751s] Level 1:colcon.colcon_core.package_discovery:discover_packages(prefix_path) discover
[1.764s] DEBUG:colcon.colcon_installed_package_information.package_discovery:Found 3 installed packages in /home/rpi-team11/ECE4191G11/ROS_Pi/install
[1.775s] DEBUG:colcon.colcon_installed_package_information.package_discovery:Found 270 installed packages in /opt/ros/humble
[1.781s] Level 1:colcon.colcon_core.package_discovery:discover_packages(prefix_path) using defaults
[2.040s] Level 5:colcon.colcon_core.verb:set package 'robot_interfaces' build argument 'cmake_args' from command line to 'None'
[2.040s] Level 5:colcon.colcon_core.verb:set package 'robot_interfaces' build argument 'cmake_target' from command line to 'None'
[2.041s] Level 5:colcon.colcon_core.verb:set package 'robot_interfaces' build argument 'cmake_target_skip_unavailable' from command line to 'False'
[2.041s] Level 5:colcon.colcon_core.verb:set package 'robot_interfaces' build argument 'cmake_clean_cache' from command line to 'False'
[2.041s] Level 5:colcon.colcon_core.verb:set package 'robot_interfaces' build argument 'cmake_clean_first' from command line to 'False'
[2.041s] Level 5:colcon.colcon_core.verb:set package 'robot_interfaces' build argument 'cmake_force_configure' from command line to 'False'
[2.041s] Level 5:colcon.colcon_core.verb:set package 'robot_interfaces' build argument 'ament_cmake_args' from command line to 'None'
[2.041s] Level 5:colcon.colcon_core.verb:set package 'robot_interfaces' build argument 'catkin_cmake_args' from command line to 'None'
[2.041s] Level 5:colcon.colcon_core.verb:set package 'robot_interfaces' build argument 'catkin_skip_building_tests' from command line to 'False'
[2.041s] DEBUG:colcon.colcon_core.verb:Building package 'robot_interfaces' with the following arguments: {'ament_cmake_args': None, 'build_base': '/home/rpi-team11/ECE4191G11/ROS_Pi/build/robot_interfaces', 'catkin_cmake_args': None, 'catkin_skip_building_tests': False, 'cmake_args': None, 'cmake_clean_cache': False, 'cmake_clean_first': False, 'cmake_force_configure': False, 'cmake_target': None, 'cmake_target_skip_unavailable': False, 'install_base': '/home/rpi-team11/ECE4191G11/ROS_Pi/install/robot_interfaces', 'merge_install': False, 'path': '/home/rpi-team11/ECE4191G11/ROS_Pi/src/robot_interfaces', 'symlink_install': False, 'test_result_base': None}
[2.046s] Level 5:colcon.colcon_core.verb:set package 'robot_controller' build argument 'cmake_args' from command line to 'None'
[2.046s] Level 5:colcon.colcon_core.verb:set package 'robot_controller' build argument 'cmake_target' from command line to 'None'
[2.046s] Level 5:colcon.colcon_core.verb:set package 'robot_controller' build argument 'cmake_target_skip_unavailable' from command line to 'False'
[2.046s] Level 5:colcon.colcon_core.verb:set package 'robot_controller' build argument 'cmake_clean_cache' from command line to 'False'
[2.046s] Level 5:colcon.colcon_core.verb:set package 'robot_controller' build argument 'cmake_clean_first' from command line to 'False'
[2.046s] Level 5:colcon.colcon_core.verb:set package 'robot_controller' build argument 'cmake_force_configure' from command line to 'False'
[2.046s] Level 5:colcon.colcon_core.verb:set package 'robot_controller' build argument 'ament_cmake_args' from command line to 'None'
[2.047s] Level 5:colcon.colcon_core.verb:set package 'robot_controller' build argument 'catkin_cmake_args' from command line to 'None'
[2.047s] Level 5:colcon.colcon_core.verb:set package 'robot_controller' build argument 'catkin_skip_building_tests' from command line to 'False'
[2.047s] DEBUG:colcon.colcon_core.verb:Building package 'robot_controller' with the following arguments: {'ament_cmake_args': None, 'build_base': '/home/rpi-team11/ECE4191G11/ROS_Pi/build/robot_controller', 'catkin_cmake_args': None, 'catkin_skip_building_tests': False, 'cmake_args': None, 'cmake_clean_cache': False, 'cmake_clean_first': False, 'cmake_force_configure': False, 'cmake_target': None, 'cmake_target_skip_unavailable': False, 'install_base': '/home/rpi-team11/ECE4191G11/ROS_Pi/install/robot_controller', 'merge_install': False, 'path': '/home/rpi-team11/ECE4191G11/ROS_Pi/src/robot_controller', 'symlink_install': False, 'test_result_base': None}
[2.051s] Level 5:colcon.colcon_core.verb:set package 'robot_launch' build argument 'cmake_args' from command line to 'None'
[2.051s] Level 5:colcon.colcon_core.verb:set package 'robot_launch' build argument 'cmake_target' from command line to 'None'
[2.051s] Level 5:colcon.colcon_core.verb:set package 'robot_launch' build argument 'cmake_target_skip_unavailable' from command line to 'False'
[2.051s] Level 5:colcon.colcon_core.verb:set package 'robot_launch' build argument 'cmake_clean_cache' from command line to 'False'
[2.051s] Level 5:colcon.colcon_core.verb:set package 'robot_launch' build argument 'cmake_clean_first' from command line to 'False'
[2.052s] Level 5:colcon.colcon_core.verb:set package 'robot_launch' build argument 'cmake_force_configure' from command line to 'False'
[2.052s] Level 5:colcon.colcon_core.verb:set package 'robot_launch' build argument 'ament_cmake_args' from command line to 'None'
[2.052s] Level 5:colcon.colcon_core.verb:set package 'robot_launch' build argument 'catkin_cmake_args' from command line to 'None'
[2.052s] Level 5:colcon.colcon_core.verb:set package 'robot_launch' build argument 'catkin_skip_building_tests' from command line to 'False'
[2.052s] DEBUG:colcon.colcon_core.verb:Building package 'robot_launch' with the following arguments: {'ament_cmake_args': None, 'build_base': '/home/rpi-team11/ECE4191G11/ROS_Pi/build/robot_launch', 'catkin_cmake_args': None, 'catkin_skip_building_tests': False, 'cmake_args': None, 'cmake_clean_cache': False, 'cmake_clean_first': False, 'cmake_force_configure': False, 'cmake_target': None, 'cmake_target_skip_unavailable': False, 'install_base': '/home/rpi-team11/ECE4191G11/ROS_Pi/install/robot_launch', 'merge_install': False, 'path': '/home/rpi-team11/ECE4191G11/ROS_Pi/src/robot_launch', 'symlink_install': False, 'test_result_base': None}
[2.055s] INFO:colcon.colcon_core.executor:Executing jobs using 'parallel' executor
[2.067s] DEBUG:colcon.colcon_parallel_executor.executor.parallel:run_until_complete
[2.068s] INFO:colcon.colcon_ros.task.ament_cmake.build:Building ROS package in '/home/rpi-team11/ECE4191G11/ROS_Pi/src/robot_interfaces' with build type 'ament_cmake'
[2.069s] INFO:colcon.colcon_cmake.task.cmake.build:Building CMake package in '/home/rpi-team11/ECE4191G11/ROS_Pi/src/robot_interfaces'
[2.087s] INFO:colcon.colcon_core.plugin_system:Skipping extension 'colcon_core.shell.bat': Not used on non-Windows systems
[2.088s] INFO:colcon.colcon_core.shell:Skip shell extension 'powershell' for command environment: Not usable outside of PowerShell
[2.088s] DEBUG:colcon.colcon_core.shell:Skip shell extension 'dsv' for command environment
[2.132s] DEBUG:colcon.colcon_core.event_handler.log_command:Invoking command in '/home/rpi-team11/ECE4191G11/ROS_Pi/build/robot_interfaces': CMAKE_PREFIX_PATH=${CMAKE_PREFIX_PATH}:/home/rpi-team11/ECE4191G11/ROS_Pi/install/robot_controller:/opt/ros/humble /usr/bin/cmake --build /home/rpi-team11/ECE4191G11/ROS_Pi/build/robot_interfaces -- -j4 -l4
[4.111s] DEBUG:colcon.colcon_core.event_handler.log_command:Invoked command in '/home/rpi-team11/ECE4191G11/ROS_Pi/build/robot_interfaces' returned '0': CMAKE_PREFIX_PATH=${CMAKE_PREFIX_PATH}:/home/rpi-team11/ECE4191G11/ROS_Pi/install/robot_controller:/opt/ros/humble /usr/bin/cmake --build /home/rpi-team11/ECE4191G11/ROS_Pi/build/robot_interfaces -- -j4 -l4
[5.328s] DEBUG:colcon.colcon_core.event_handler.log_command:Invoking command in '/home/rpi-team11/ECE4191G11/ROS_Pi/build/robot_interfaces': CMAKE_PREFIX_PATH=${CMAKE_PREFIX_PATH}:/home/rpi-team11/ECE4191G11/ROS_Pi/install/robot_controller:/opt/ros/humble /usr/bin/cmake --install /home/rpi-team11/ECE4191G11/ROS_Pi/build/robot_interfaces
[5.653s] Level 1:colcon.colcon_core.environment:create_environment_scripts_only(robot_interfaces)
[5.655s] DEBUG:colcon.colcon_core.event_handler.log_command:Invoked command in '/home/rpi-team11/ECE4191G11/ROS_Pi/build/robot_interfaces' returned '0': CMAKE_PREFIX_PATH=${CMAKE_PREFIX_PATH}:/home/rpi-team11/ECE4191G11/ROS_Pi/install/robot_controller:/opt/ros/humble /usr/bin/cmake --install /home/rpi-team11/ECE4191G11/ROS_Pi/build/robot_interfaces
[5.675s] Level 1:colcon.colcon_core.environment:checking '/home/rpi-team11/ECE4191G11/ROS_Pi/install/robot_interfaces' for CMake module files
[5.679s] Level 1:colcon.colcon_core.environment:checking '/home/rpi-team11/ECE4191G11/ROS_Pi/install/robot_interfaces' for CMake config files
[5.685s] Level 1:colcon.colcon_core.shell:create_environment_hook('robot_interfaces', 'cmake_prefix_path')
[5.690s] INFO:colcon.colcon_core.shell:Creating environment hook '/home/rpi-team11/ECE4191G11/ROS_Pi/install/robot_interfaces/share/robot_interfaces/hook/cmake_prefix_path.ps1'
[5.693s] INFO:colcon.colcon_core.shell:Creating environment descriptor '/home/rpi-team11/ECE4191G11/ROS_Pi/install/robot_interfaces/share/robot_interfaces/hook/cmake_prefix_path.dsv'
[5.695s] INFO:colcon.colcon_core.shell:Creating environment hook '/home/rpi-team11/ECE4191G11/ROS_Pi/install/robot_interfaces/share/robot_interfaces/hook/cmake_prefix_path.sh'
[5.699s] Level 1:colcon.colcon_core.environment:checking '/home/rpi-team11/ECE4191G11/ROS_Pi/install/robot_interfaces/lib'
[5.700s] Level 1:colcon.colcon_core.shell:create_environment_hook('robot_interfaces', 'ld_library_path_lib')
[5.705s] INFO:colcon.colcon_core.shell:Creating environment hook '/home/rpi-team11/ECE4191G11/ROS_Pi/install/robot_interfaces/share/robot_interfaces/hook/ld_library_path_lib.ps1'
[5.707s] INFO:colcon.colcon_core.shell:Creating environment descriptor '/home/rpi-team11/ECE4191G11/ROS_Pi/install/robot_interfaces/share/robot_interfaces/hook/ld_library_path_lib.dsv'
[5.708s] INFO:colcon.colcon_core.shell:Creating environment hook '/home/rpi-team11/ECE4191G11/ROS_Pi/install/robot_interfaces/share/robot_interfaces/hook/ld_library_path_lib.sh'
[5.710s] Level 1:colcon.colcon_core.environment:checking '/home/rpi-team11/ECE4191G11/ROS_Pi/install/robot_interfaces/bin'
[5.711s] Level 1:colcon.colcon_core.environment:checking '/home/rpi-team11/ECE4191G11/ROS_Pi/install/robot_interfaces/lib/pkgconfig/robot_interfaces.pc'
[5.712s] Level 1:colcon.colcon_core.environment:checking '/home/rpi-team11/ECE4191G11/ROS_Pi/install/robot_interfaces/lib/python3.10/site-packages'
[5.713s] Level 1:colcon.colcon_core.environment:checking '/home/rpi-team11/ECE4191G11/ROS_Pi/install/robot_interfaces/bin'
[5.718s] INFO:colcon.colcon_core.shell:Creating package script '/home/rpi-team11/ECE4191G11/ROS_Pi/install/robot_interfaces/share/robot_interfaces/package.ps1'
[5.722s] INFO:colcon.colcon_core.shell:Creating package descriptor '/home/rpi-team11/ECE4191G11/ROS_Pi/install/robot_interfaces/share/robot_interfaces/package.dsv'
[5.724s] INFO:colcon.colcon_core.shell:Creating package script '/home/rpi-team11/ECE4191G11/ROS_Pi/install/robot_interfaces/share/robot_interfaces/package.sh'
[5.727s] INFO:colcon.colcon_core.shell:Creating package script '/home/rpi-team11/ECE4191G11/ROS_Pi/install/robot_interfaces/share/robot_interfaces/package.bash'
[5.731s] INFO:colcon.colcon_core.shell:Creating package script '/home/rpi-team11/ECE4191G11/ROS_Pi/install/robot_interfaces/share/robot_interfaces/package.zsh'
[5.735s] Level 1:colcon.colcon_core.environment:create_file_with_runtime_dependencies(/home/rpi-team11/ECE4191G11/ROS_Pi/install/robot_interfaces/share/colcon-core/packages/robot_interfaces)
[6.835s] Level 1:colcon.colcon_core.environment:create_environment_scripts_only(robot_interfaces)
[6.843s] Level 1:colcon.colcon_core.environment:checking '/home/rpi-team11/ECE4191G11/ROS_Pi/install/robot_interfaces' for CMake module files
[6.847s] Level 1:colcon.colcon_core.environment:checking '/home/rpi-team11/ECE4191G11/ROS_Pi/install/robot_interfaces' for CMake config files
[6.854s] Level 1:colcon.colcon_core.shell:create_environment_hook('robot_interfaces', 'cmake_prefix_path')
[6.859s] INFO:colcon.colcon_core.shell:Creating environment hook '/home/rpi-team11/ECE4191G11/ROS_Pi/install/robot_interfaces/share/robot_interfaces/hook/cmake_prefix_path.ps1'
[6.861s] INFO:colcon.colcon_core.shell:Creating environment descriptor '/home/rpi-team11/ECE4191G11/ROS_Pi/install/robot_interfaces/share/robot_interfaces/hook/cmake_prefix_path.dsv'
[6.863s] INFO:colcon.colcon_core.shell:Creating environment hook '/home/rpi-team11/ECE4191G11/ROS_Pi/install/robot_interfaces/share/robot_interfaces/hook/cmake_prefix_path.sh'
[6.866s] Level 1:colcon.colcon_core.environment:checking '/home/rpi-team11/ECE4191G11/ROS_Pi/install/robot_interfaces/lib'
[6.866s] Level 1:colcon.colcon_core.shell:create_environment_hook('robot_interfaces', 'ld_library_path_lib')
[6.872s] INFO:colcon.colcon_core.shell:Creating environment hook '/home/rpi-team11/ECE4191G11/ROS_Pi/install/robot_interfaces/share/robot_interfaces/hook/ld_library_path_lib.ps1'
[6.874s] INFO:colcon.colcon_core.shell:Creating environment descriptor '/home/rpi-team11/ECE4191G11/ROS_Pi/install/robot_interfaces/share/robot_interfaces/hook/ld_library_path_lib.dsv'
[6.876s] INFO:colcon.colcon_core.shell:Creating environment hook '/home/rpi-team11/ECE4191G11/ROS_Pi/install/robot_interfaces/share/robot_interfaces/hook/ld_library_path_lib.sh'
[6.878s] Level 1:colcon.colcon_core.environment:checking '/home/rpi-team11/ECE4191G11/ROS_Pi/install/robot_interfaces/bin'
[6.879s] Level 1:colcon.colcon_core.environment:checking '/home/rpi-team11/ECE4191G11/ROS_Pi/install/robot_interfaces/lib/pkgconfig/robot_interfaces.pc'
[6.880s] Level 1:colcon.colcon_core.environment:checking '/home/rpi-team11/ECE4191G11/ROS_Pi/install/robot_interfaces/lib/python3.10/site-packages'
[6.881s] Level 1:colcon.colcon_core.environment:checking '/home/rpi-team11/ECE4191G11/ROS_Pi/install/robot_interfaces/bin'
[6.887s] INFO:colcon.colcon_core.shell:Creating package script '/home/rpi-team11/ECE4191G11/ROS_Pi/install/robot_interfaces/share/robot_interfaces/package.ps1'
[6.890s] INFO:colcon.colcon_core.shell:Creating package descriptor '/home/rpi-team11/ECE4191G11/ROS_Pi/install/robot_interfaces/share/robot_interfaces/package.dsv'
[6.892s] INFO:colcon.colcon_core.shell:Creating package script '/home/rpi-team11/ECE4191G11/ROS_Pi/install/robot_interfaces/share/robot_interfaces/package.sh'
[6.895s] INFO:colcon.colcon_core.shell:Creating package script '/home/rpi-team11/ECE4191G11/ROS_Pi/install/robot_interfaces/share/robot_interfaces/package.bash'
[6.897s] INFO:colcon.colcon_core.shell:Creating package script '/home/rpi-team11/ECE4191G11/ROS_Pi/install/robot_interfaces/share/robot_interfaces/package.zsh'
[6.899s] Level 1:colcon.colcon_core.environment:create_file_with_runtime_dependencies(/home/rpi-team11/ECE4191G11/ROS_Pi/install/robot_interfaces/share/colcon-core/packages/robot_interfaces)
[6.901s] INFO:colcon.colcon_ros.task.ament_python.build:Building ROS package in '/home/rpi-team11/ECE4191G11/ROS_Pi/src/robot_controller' with build type 'ament_python'
[6.902s] Level 1:colcon.colcon_core.shell:create_environment_hook('robot_controller', 'ament_prefix_path')
[6.909s] INFO:colcon.colcon_core.shell:Creating environment hook '/home/rpi-team11/ECE4191G11/ROS_Pi/install/robot_controller/share/robot_controller/hook/ament_prefix_path.ps1'
[6.912s] INFO:colcon.colcon_core.shell:Creating environment descriptor '/home/rpi-team11/ECE4191G11/ROS_Pi/install/robot_controller/share/robot_controller/hook/ament_prefix_path.dsv'
[6.915s] INFO:colcon.colcon_core.shell:Creating environment hook '/home/rpi-team11/ECE4191G11/ROS_Pi/install/robot_controller/share/robot_controller/hook/ament_prefix_path.sh'
[6.923s] INFO:colcon.colcon_core.shell:Skip shell extension 'powershell' for command environment: Not usable outside of PowerShell
[6.923s] DEBUG:colcon.colcon_core.shell:Skip shell extension 'dsv' for command environment
[8.376s] INFO:colcon.colcon_core.task.python.build:Building Python package in '/home/rpi-team11/ECE4191G11/ROS_Pi/src/robot_controller'
[8.382s] INFO:colcon.colcon_core.shell:Skip shell extension 'powershell' for command environment: Not usable outside of PowerShell
[8.382s] DEBUG:colcon.colcon_core.shell:Skip shell extension 'dsv' for command environment
[10.674s] DEBUG:colcon.colcon_core.event_handler.log_command:Invoking command in '/home/rpi-team11/ECE4191G11/ROS_Pi/src/robot_controller': CMAKE_PREFIX_PATH=/home/rpi-team11/ECE4191G11/ROS_Pi/install/robot_interfaces:/home/rpi-team11/ECE4191G11/ROS_Pi/install/robot_launch PYTHONPATH=/home/rpi-team11/ECE4191G11/ROS_Pi/build/robot_controller/prefix_override:/home/rpi-team11/ECE4191G11/ROS_Pi/install/robot_controller/lib/python3.10/site-packages:${PYTHONPATH} /usr/bin/python3 setup.py egg_info --egg-base ../../build/robot_controller build --build-base /home/rpi-team11/ECE4191G11/ROS_Pi/build/robot_controller/build install --record /home/rpi-team11/ECE4191G11/ROS_Pi/build/robot_controller/install.log --single-version-externally-managed
[12.629s] Level 1:colcon.colcon_core.environment:checking '/home/rpi-team11/ECE4191G11/ROS_Pi/install/robot_controller' for CMake module files
[12.631s] DEBUG:colcon.colcon_core.event_handler.log_command:Invoked command in '/home/rpi-team11/ECE4191G11/ROS_Pi/src/robot_controller' returned '0': CMAKE_PREFIX_PATH=/home/rpi-team11/ECE4191G11/ROS_Pi/install/robot_interfaces:/home/rpi-team11/ECE4191G11/ROS_Pi/install/robot_launch PYTHONPATH=/home/rpi-team11/ECE4191G11/ROS_Pi/build/robot_controller/prefix_override:/home/rpi-team11/ECE4191G11/ROS_Pi/install/robot_controller/lib/python3.10/site-packages:${PYTHONPATH} /usr/bin/python3 setup.py egg_info --egg-base ../../build/robot_controller build --build-base /home/rpi-team11/ECE4191G11/ROS_Pi/build/robot_controller/build install --record /home/rpi-team11/ECE4191G11/ROS_Pi/build/robot_controller/install.log --single-version-externally-managed
[12.633s] Level 1:colcon.colcon_core.environment:checking '/home/rpi-team11/ECE4191G11/ROS_Pi/install/robot_controller' for CMake config files
[12.637s] Level 1:colcon.colcon_core.environment:checking '/home/rpi-team11/ECE4191G11/ROS_Pi/install/robot_controller/lib'
[12.638s] Level 1:colcon.colcon_core.environment:checking '/home/rpi-team11/ECE4191G11/ROS_Pi/install/robot_controller/bin'
[12.638s] Level 1:colcon.colcon_core.environment:checking '/home/rpi-team11/ECE4191G11/ROS_Pi/install/robot_controller/lib/pkgconfig/robot_controller.pc'
[12.640s] Level 1:colcon.colcon_core.environment:checking '/home/rpi-team11/ECE4191G11/ROS_Pi/install/robot_controller/lib/python3.10/site-packages'
[12.640s] Level 1:colcon.colcon_core.shell:create_environment_hook('robot_controller', 'pythonpath')
[12.647s] INFO:colcon.colcon_core.shell:Creating environment hook '/home/rpi-team11/ECE4191G11/ROS_Pi/install/robot_controller/share/robot_controller/hook/pythonpath.ps1'
[12.650s] INFO:colcon.colcon_core.shell:Creating environment descriptor '/home/rpi-team11/ECE4191G11/ROS_Pi/install/robot_controller/share/robot_controller/hook/pythonpath.dsv'
[12.652s] INFO:colcon.colcon_core.shell:Creating environment hook '/home/rpi-team11/ECE4191G11/ROS_Pi/install/robot_controller/share/robot_controller/hook/pythonpath.sh'
[12.656s] Level 1:colcon.colcon_core.environment:checking '/home/rpi-team11/ECE4191G11/ROS_Pi/install/robot_controller/bin'
[12.657s] Level 1:colcon.colcon_core.environment:create_environment_scripts_only(robot_controller)
[12.667s] INFO:colcon.colcon_core.shell:Creating package script '/home/rpi-team11/ECE4191G11/ROS_Pi/install/robot_controller/share/robot_controller/package.ps1'
[12.670s] INFO:colcon.colcon_core.shell:Creating package descriptor '/home/rpi-team11/ECE4191G11/ROS_Pi/install/robot_controller/share/robot_controller/package.dsv'
[12.673s] INFO:colcon.colcon_core.shell:Creating package script '/home/rpi-team11/ECE4191G11/ROS_Pi/install/robot_controller/share/robot_controller/package.sh'
[12.676s] INFO:colcon.colcon_core.shell:Creating package script '/home/rpi-team11/ECE4191G11/ROS_Pi/install/robot_controller/share/robot_controller/package.bash'
[12.678s] INFO:colcon.colcon_core.shell:Creating package script '/home/rpi-team11/ECE4191G11/ROS_Pi/install/robot_controller/share/robot_controller/package.zsh'
[12.680s] Level 1:colcon.colcon_core.environment:create_file_with_runtime_dependencies(/home/rpi-team11/ECE4191G11/ROS_Pi/install/robot_controller/share/colcon-core/packages/robot_controller)
[12.682s] INFO:colcon.colcon_ros.task.ament_cmake.build:Building ROS package in '/home/rpi-team11/ECE4191G11/ROS_Pi/src/robot_launch' with build type 'ament_cmake'
[12.683s] INFO:colcon.colcon_cmake.task.cmake.build:Building CMake package in '/home/rpi-team11/ECE4191G11/ROS_Pi/src/robot_launch'
[12.689s] INFO:colcon.colcon_core.shell:Skip shell extension 'powershell' for command environment: Not usable outside of PowerShell
[12.690s] DEBUG:colcon.colcon_core.shell:Skip shell extension 'dsv' for command environment
[12.769s] DEBUG:colcon.colcon_core.event_handler.log_command:Invoking command in '/home/rpi-team11/ECE4191G11/ROS_Pi/build/robot_launch': AMENT_PREFIX_PATH=/home/rpi-team11/ECE4191G11/ROS_Pi/install/robot_controller:/home/rpi-team11/ECE4191G11/ROS_Pi/install/robot_launch:/home/rpi-team11/ECE4191G11/ROS_Pi/install/robot_interfaces:/opt/ros/humble CMAKE_PREFIX_PATH=/home/rpi-team11/ECE4191G11/ROS_Pi/install/robot_interfaces:/home/rpi-team11/ECE4191G11/ROS_Pi/install/robot_launch:/home/rpi-team11/ECE4191G11/ROS_Pi/install/robot_controller:/opt/ros/humble /usr/bin/cmake --build /home/rpi-team11/ECE4191G11/ROS_Pi/build/robot_launch -- -j4 -l4
[12.952s] DEBUG:colcon.colcon_core.event_handler.log_command:Invoked command in '/home/rpi-team11/ECE4191G11/ROS_Pi/build/robot_launch' returned '0': AMENT_PREFIX_PATH=/home/rpi-team11/ECE4191G11/ROS_Pi/install/robot_controller:/home/rpi-team11/ECE4191G11/ROS_Pi/install/robot_launch:/home/rpi-team11/ECE4191G11/ROS_Pi/install/robot_interfaces:/opt/ros/humble CMAKE_PREFIX_PATH=/home/rpi-team11/ECE4191G11/ROS_Pi/install/robot_interfaces:/home/rpi-team11/ECE4191G11/ROS_Pi/install/robot_launch:/home/rpi-team11/ECE4191G11/ROS_Pi/install/robot_controller:/opt/ros/humble /usr/bin/cmake --build /home/rpi-team11/ECE4191G11/ROS_Pi/build/robot_launch -- -j4 -l4
[13.071s] DEBUG:colcon.colcon_core.event_handler.log_command:Invoking command in '/home/rpi-team11/ECE4191G11/ROS_Pi/build/robot_launch': AMENT_PREFIX_PATH=/home/rpi-team11/ECE4191G11/ROS_Pi/install/robot_controller:/home/rpi-team11/ECE4191G11/ROS_Pi/install/robot_launch:/home/rpi-team11/ECE4191G11/ROS_Pi/install/robot_interfaces:/opt/ros/humble CMAKE_PREFIX_PATH=/home/rpi-team11/ECE4191G11/ROS_Pi/install/robot_interfaces:/home/rpi-team11/ECE4191G11/ROS_Pi/install/robot_launch:/home/rpi-team11/ECE4191G11/ROS_Pi/install/robot_controller:/opt/ros/humble /usr/bin/cmake --install /home/rpi-team11/ECE4191G11/ROS_Pi/build/robot_launch
[13.122s] Level 1:colcon.colcon_core.environment:create_environment_scripts_only(robot_launch)
[13.139s] Level 1:colcon.colcon_core.environment:checking '/home/rpi-team11/ECE4191G11/ROS_Pi/install/robot_launch' for CMake module files
[13.146s] Level 1:colcon.colcon_core.environment:checking '/home/rpi-team11/ECE4191G11/ROS_Pi/install/robot_launch' for CMake config files
[13.152s] Level 1:colcon.colcon_core.shell:create_environment_hook('robot_launch', 'cmake_prefix_path')
[13.153s] DEBUG:colcon.colcon_core.event_handler.log_command:Invoked command in '/home/rpi-team11/ECE4191G11/ROS_Pi/build/robot_launch' returned '0': AMENT_PREFIX_PATH=/home/rpi-team11/ECE4191G11/ROS_Pi/install/robot_controller:/home/rpi-team11/ECE4191G11/ROS_Pi/install/robot_launch:/home/rpi-team11/ECE4191G11/ROS_Pi/install/robot_interfaces:/opt/ros/humble CMAKE_PREFIX_PATH=/home/rpi-team11/ECE4191G11/ROS_Pi/install/robot_interfaces:/home/rpi-team11/ECE4191G11/ROS_Pi/install/robot_launch:/home/rpi-team11/ECE4191G11/ROS_Pi/install/robot_controller:/opt/ros/humble /usr/bin/cmake --install /home/rpi-team11/ECE4191G11/ROS_Pi/build/robot_launch
[13.160s] INFO:colcon.colcon_core.shell:Creating environment hook '/home/rpi-team11/ECE4191G11/ROS_Pi/install/robot_launch/share/robot_launch/hook/cmake_prefix_path.ps1'
[13.164s] INFO:colcon.colcon_core.shell:Creating environment descriptor '/home/rpi-team11/ECE4191G11/ROS_Pi/install/robot_launch/share/robot_launch/hook/cmake_prefix_path.dsv'
[13.166s] INFO:colcon.colcon_core.shell:Creating environment hook '/home/rpi-team11/ECE4191G11/ROS_Pi/install/robot_launch/share/robot_launch/hook/cmake_prefix_path.sh'
[13.170s] Level 1:colcon.colcon_core.environment:checking '/home/rpi-team11/ECE4191G11/ROS_Pi/install/robot_launch/bin'
[13.171s] Level 1:colcon.colcon_core.environment:checking '/home/rpi-team11/ECE4191G11/ROS_Pi/install/robot_launch/lib/pkgconfig/robot_launch.pc'
[13.173s] Level 1:colcon.colcon_core.environment:checking '/home/rpi-team11/ECE4191G11/ROS_Pi/install/robot_launch/lib/python3.10/site-packages'
[13.174s] Level 1:colcon.colcon_core.environment:checking '/home/rpi-team11/ECE4191G11/ROS_Pi/install/robot_launch/bin'
[13.183s] INFO:colcon.colcon_core.shell:Creating package script '/home/rpi-team11/ECE4191G11/ROS_Pi/install/robot_launch/share/robot_launch/package.ps1'
[13.186s] INFO:colcon.colcon_core.shell:Creating package descriptor '/home/rpi-team11/ECE4191G11/ROS_Pi/install/robot_launch/share/robot_launch/package.dsv'
[13.189s] INFO:colcon.colcon_core.shell:Creating package script '/home/rpi-team11/ECE4191G11/ROS_Pi/install/robot_launch/share/robot_launch/package.sh'
[13.191s] INFO:colcon.colcon_core.shell:Creating package script '/home/rpi-team11/ECE4191G11/ROS_Pi/install/robot_launch/share/robot_launch/package.bash'
[13.193s] INFO:colcon.colcon_core.shell:Creating package script '/home/rpi-team11/ECE4191G11/ROS_Pi/install/robot_launch/share/robot_launch/package.zsh'
[13.195s] Level 1:colcon.colcon_core.environment:create_file_with_runtime_dependencies(/home/rpi-team11/ECE4191G11/ROS_Pi/install/robot_launch/share/colcon-core/packages/robot_launch)
[13.328s] Level 1:colcon.colcon_core.environment:create_environment_scripts_only(robot_launch)
[13.344s] Level 1:colcon.colcon_core.environment:checking '/home/rpi-team11/ECE4191G11/ROS_Pi/install/robot_launch' for CMake module files
[13.348s] Level 1:colcon.colcon_core.environment:checking '/home/rpi-team11/ECE4191G11/ROS_Pi/install/robot_launch' for CMake config files
[13.351s] Level 1:colcon.colcon_core.shell:create_environment_hook('robot_launch', 'cmake_prefix_path')
[13.358s] INFO:colcon.colcon_core.shell:Creating environment hook '/home/rpi-team11/ECE4191G11/ROS_Pi/install/robot_launch/share/robot_launch/hook/cmake_prefix_path.ps1'
[13.363s] INFO:colcon.colcon_core.shell:Creating environment descriptor '/home/rpi-team11/ECE4191G11/ROS_Pi/install/robot_launch/share/robot_launch/hook/cmake_prefix_path.dsv'
[13.367s] INFO:colcon.colcon_core.shell:Creating environment hook '/home/rpi-team11/ECE4191G11/ROS_Pi/install/robot_launch/share/robot_launch/hook/cmake_prefix_path.sh'
[13.372s] Level 1:colcon.colcon_core.environment:checking '/home/rpi-team11/ECE4191G11/ROS_Pi/install/robot_launch/bin'
[13.373s] Level 1:colcon.colcon_core.environment:checking '/home/rpi-team11/ECE4191G11/ROS_Pi/install/robot_launch/lib/pkgconfig/robot_launch.pc'
[13.375s] Level 1:colcon.colcon_core.environment:checking '/home/rpi-team11/ECE4191G11/ROS_Pi/install/robot_launch/lib/python3.10/site-packages'
[13.377s] Level 1:colcon.colcon_core.environment:checking '/home/rpi-team11/ECE4191G11/ROS_Pi/install/robot_launch/bin'
[13.385s] INFO:colcon.colcon_core.shell:Creating package script '/home/rpi-team11/ECE4191G11/ROS_Pi/install/robot_launch/share/robot_launch/package.ps1'
[13.388s] INFO:colcon.colcon_core.shell:Creating package descriptor '/home/rpi-team11/ECE4191G11/ROS_Pi/install/robot_launch/share/robot_launch/package.dsv'
[13.391s] INFO:colcon.colcon_core.shell:Creating package script '/home/rpi-team11/ECE4191G11/ROS_Pi/install/robot_launch/share/robot_launch/package.sh'
[13.394s] INFO:colcon.colcon_core.shell:Creating package script '/home/rpi-team11/ECE4191G11/ROS_Pi/install/robot_launch/share/robot_launch/package.bash'
[13.397s] INFO:colcon.colcon_core.shell:Creating package script '/home/rpi-team11/ECE4191G11/ROS_Pi/install/robot_launch/share/robot_launch/package.zsh'
[13.400s] Level 1:colcon.colcon_core.environment:create_file_with_runtime_dependencies(/home/rpi-team11/ECE4191G11/ROS_Pi/install/robot_launch/share/colcon-core/packages/robot_launch)
[13.402s] DEBUG:colcon.colcon_parallel_executor.executor.parallel:closing loop
[13.404s] DEBUG:colcon.colcon_parallel_executor.executor.parallel:loop closed
[13.407s] DEBUG:colcon.colcon_parallel_executor.executor.parallel:run_until_complete finished with '0'
[13.408s] DEBUG:colcon.colcon_core.event_reactor:joining thread
[13.437s] INFO:colcon.colcon_core.plugin_system:Skipping extension 'colcon_notification.desktop_notification.notify_send': Could not find 'notify-send'
[13.438s] INFO:colcon.colcon_core.plugin_system:Skipping extension 'colcon_notification.desktop_notification.terminal_notifier': Not used on non-Darwin systems
[13.438s] INFO:colcon.colcon_core.plugin_system:Skipping extension 'colcon_notification.desktop_notification.win32': Not used on non-Windows systems
[13.439s] INFO:colcon.colcon_notification.desktop_notification:Sending desktop notification using 'notify2'
[13.443s] DEBUG:colcon.colcon_notification.desktop_notification.notify2:Failed to initialize notify2: org.freedesktop.DBus.Error.ServiceUnknown: The name org.freedesktop.Notifications was not provided by any .service files
[13.444s] DEBUG:colcon.colcon_core.event_reactor:joined thread
[13.451s] INFO:colcon.colcon_core.shell:Creating prefix script '/home/rpi-team11/ECE4191G11/ROS_Pi/install/local_setup.ps1'
[13.455s] INFO:colcon.colcon_core.shell:Creating prefix util module '/home/rpi-team11/ECE4191G11/ROS_Pi/install/_local_setup_util_ps1.py'
[13.462s] INFO:colcon.colcon_core.shell:Creating prefix chain script '/home/rpi-team11/ECE4191G11/ROS_Pi/install/setup.ps1'
[13.470s] INFO:colcon.colcon_core.shell:Creating prefix script '/home/rpi-team11/ECE4191G11/ROS_Pi/install/local_setup.sh'
[13.473s] INFO:colcon.colcon_core.shell:Creating prefix util module '/home/rpi-team11/ECE4191G11/ROS_Pi/install/_local_setup_util_sh.py'
[13.476s] INFO:colcon.colcon_core.shell:Creating prefix chain script '/home/rpi-team11/ECE4191G11/ROS_Pi/install/setup.sh'
[13.486s] INFO:colcon.colcon_core.shell:Creating prefix script '/home/rpi-team11/ECE4191G11/ROS_Pi/install/local_setup.bash'
[13.489s] INFO:colcon.colcon_core.shell:Creating prefix chain script '/home/rpi-team11/ECE4191G11/ROS_Pi/install/setup.bash'
[13.497s] INFO:colcon.colcon_core.shell:Creating prefix script '/home/rpi-team11/ECE4191G11/ROS_Pi/install/local_setup.zsh'
[13.500s] INFO:colcon.colcon_core.shell:Creating prefix chain script '/home/rpi-team11/ECE4191G11/ROS_Pi/install/setup.zsh'
