[0.375s] DEBUG:colcon:Command line arguments: ['/usr/bin/colcon', 'build']
[0.375s] DEBUG:colcon:Parsed command line arguments: Namespace(log_base=None, log_level=None, verb_name='build', build_base='build', install_base='install', merge_install=False, symlink_install=False, test_result_base=None, continue_on_error=False, executor='parallel', parallel_workers=4, event_handlers=None, ignore_user_meta=False, metas=['./colcon.meta'], base_paths=['.'], packages_ignore=None, packages_ignore_regex=None, paths=None, packages_up_to=None, packages_up_to_regex=None, packages_above=None, packages_above_and_dependencies=None, packages_above_depth=None, packages_select_by_dep=None, packages_skip_by_dep=None, packages_skip_up_to=None, packages_select_build_failed=False, packages_skip_build_finished=False, packages_select_test_failures=False, packages_skip_test_passed=False, packages_select=None, packages_skip=None, packages_select_regex=None, packages_skip_regex=None, packages_start=None, packages_end=None, allow_overriding=[], cmake_args=None, cmake_target=None, cmake_target_skip_unavailable=False, cmake_clean_cache=False, cmake_clean_first=False, cmake_force_configure=False, ament_cmake_args=None, catkin_cmake_args=None, catkin_skip_building_tests=False, verb_parser=<colcon_defaults.argument_parser.defaults.DefaultArgumentsDecorator object at 0x7ffb9e6bb280>, verb_extension=<colcon_core.verb.build.BuildVerb object at 0x7ffb9e7fb040>, main=<bound method BuildVerb.main of <colcon_core.verb.build.BuildVerb object at 0x7ffb9e7fb040>>)
[0.403s] Level 1:colcon.colcon_core.package_discovery:discover_packages(colcon_meta) check parameters
[0.403s] Level 1:colcon.colcon_core.package_discovery:discover_packages(recursive) check parameters
[0.403s] Level 1:colcon.colcon_core.package_discovery:discover_packages(ignore) check parameters
[0.403s] Level 1:colcon.colcon_core.package_discovery:discover_packages(path) check parameters
[0.403s] Level 1:colcon.colcon_core.package_discovery:discover_packages(colcon_meta) discover
[0.403s] Level 1:colcon.colcon_core.package_discovery:discover_packages(recursive) discover
[0.403s] INFO:colcon.colcon_core.package_discovery:Crawling recursively for packages in '/home/lingc/ECE4191G11/ROS_PC'
[0.404s] Level 1:colcon.colcon_core.package_identification:_identify(.) by extensions ['ignore', 'ignore_ament_install']
[0.404s] Level 1:colcon.colcon_core.package_identification:_identify(.) by extension 'ignore'
[0.404s] Level 1:colcon.colcon_core.package_identification:_identify(.) by extension 'ignore_ament_install'
[0.404s] Level 1:colcon.colcon_core.package_identification:_identify(.) by extensions ['colcon_pkg']
[0.404s] Level 1:colcon.colcon_core.package_identification:_identify(.) by extension 'colcon_pkg'
[0.404s] Level 1:colcon.colcon_core.package_identification:_identify(.) by extensions ['colcon_meta']
[0.404s] Level 1:colcon.colcon_core.package_identification:_identify(.) by extension 'colcon_meta'
[0.404s] Level 1:colcon.colcon_core.package_identification:_identify(.) by extensions ['ros']
[0.404s] Level 1:colcon.colcon_core.package_identification:_identify(.) by extension 'ros'
[0.414s] Level 1:colcon.colcon_core.package_identification:_identify(.) by extensions ['cmake', 'python']
[0.415s] Level 1:colcon.colcon_core.package_identification:_identify(.) by extension 'cmake'
[0.416s] Level 1:colcon.colcon_core.package_identification:_identify(.) by extension 'python'
[0.416s] Level 1:colcon.colcon_core.package_identification:_identify(.) by extensions ['python_setup_py']
[0.416s] Level 1:colcon.colcon_core.package_identification:_identify(.) by extension 'python_setup_py'
[0.416s] Level 1:colcon.colcon_core.package_identification:_identify(build) by extensions ['ignore', 'ignore_ament_install']
[0.416s] Level 1:colcon.colcon_core.package_identification:_identify(build) by extension 'ignore'
[0.416s] Level 1:colcon.colcon_core.package_identification:_identify(build) ignored
[0.416s] Level 1:colcon.colcon_core.package_identification:_identify(install) by extensions ['ignore', 'ignore_ament_install']
[0.416s] Level 1:colcon.colcon_core.package_identification:_identify(install) by extension 'ignore'
[0.416s] Level 1:colcon.colcon_core.package_identification:_identify(install) ignored
[0.416s] Level 1:colcon.colcon_core.package_identification:_identify(log) by extensions ['ignore', 'ignore_ament_install']
[0.416s] Level 1:colcon.colcon_core.package_identification:_identify(log) by extension 'ignore'
[0.417s] Level 1:colcon.colcon_core.package_identification:_identify(log) ignored
[0.417s] Level 1:colcon.colcon_core.package_identification:_identify(src) by extensions ['ignore', 'ignore_ament_install']
[0.417s] Level 1:colcon.colcon_core.package_identification:_identify(src) by extension 'ignore'
[0.417s] Level 1:colcon.colcon_core.package_identification:_identify(src) by extension 'ignore_ament_install'
[0.417s] Level 1:colcon.colcon_core.package_identification:_identify(src) by extensions ['colcon_pkg']
[0.417s] Level 1:colcon.colcon_core.package_identification:_identify(src) by extension 'colcon_pkg'
[0.417s] Level 1:colcon.colcon_core.package_identification:_identify(src) by extensions ['colcon_meta']
[0.417s] Level 1:colcon.colcon_core.package_identification:_identify(src) by extension 'colcon_meta'
[0.417s] Level 1:colcon.colcon_core.package_identification:_identify(src) by extensions ['ros']
[0.417s] Level 1:colcon.colcon_core.package_identification:_identify(src) by extension 'ros'
[0.417s] Level 1:colcon.colcon_core.package_identification:_identify(src) by extensions ['cmake', 'python']
[0.417s] Level 1:colcon.colcon_core.package_identification:_identify(src) by extension 'cmake'
[0.417s] Level 1:colcon.colcon_core.package_identification:_identify(src) by extension 'python'
[0.417s] Level 1:colcon.colcon_core.package_identification:_identify(src) by extensions ['python_setup_py']
[0.417s] Level 1:colcon.colcon_core.package_identification:_identify(src) by extension 'python_setup_py'
[0.417s] Level 1:colcon.colcon_core.package_identification:_identify(src/robot_controller) by extensions ['ignore', 'ignore_ament_install']
[0.417s] Level 1:colcon.colcon_core.package_identification:_identify(src/robot_controller) by extension 'ignore'
[0.418s] Level 1:colcon.colcon_core.package_identification:_identify(src/robot_controller) by extension 'ignore_ament_install'
[0.418s] Level 1:colcon.colcon_core.package_identification:_identify(src/robot_controller) by extensions ['colcon_pkg']
[0.418s] Level 1:colcon.colcon_core.package_identification:_identify(src/robot_controller) by extension 'colcon_pkg'
[0.418s] Level 1:colcon.colcon_core.package_identification:_identify(src/robot_controller) by extensions ['colcon_meta']
[0.418s] Level 1:colcon.colcon_core.package_identification:_identify(src/robot_controller) by extension 'colcon_meta'
[0.418s] Level 1:colcon.colcon_core.package_identification:_identify(src/robot_controller) by extensions ['ros']
[0.418s] Level 1:colcon.colcon_core.package_identification:_identify(src/robot_controller) by extension 'ros'
[0.420s] DEBUG:colcon.colcon_core.package_identification:Package 'src/robot_controller' with type 'ros.ament_python' and name 'robot_controller'
[0.421s] Level 1:colcon.colcon_core.package_identification:_identify(src/robot_interfaces) by extensions ['ignore', 'ignore_ament_install']
[0.421s] Level 1:colcon.colcon_core.package_identification:_identify(src/robot_interfaces) by extension 'ignore'
[0.421s] Level 1:colcon.colcon_core.package_identification:_identify(src/robot_interfaces) by extension 'ignore_ament_install'
[0.421s] Level 1:colcon.colcon_core.package_identification:_identify(src/robot_interfaces) by extensions ['colcon_pkg']
[0.421s] Level 1:colcon.colcon_core.package_identification:_identify(src/robot_interfaces) by extension 'colcon_pkg'
[0.421s] Level 1:colcon.colcon_core.package_identification:_identify(src/robot_interfaces) by extensions ['colcon_meta']
[0.422s] Level 1:colcon.colcon_core.package_identification:_identify(src/robot_interfaces) by extension 'colcon_meta'
[0.422s] Level 1:colcon.colcon_core.package_identification:_identify(src/robot_interfaces) by extensions ['ros']
[0.422s] Level 1:colcon.colcon_core.package_identification:_identify(src/robot_interfaces) by extension 'ros'
[0.422s] DEBUG:colcon.colcon_core.package_identification:Package 'src/robot_interfaces' with type 'ros.ament_cmake' and name 'robot_interfaces'
[0.422s] Level 1:colcon.colcon_core.package_identification:_identify(src/robot_launch) by extensions ['ignore', 'ignore_ament_install']
[0.423s] Level 1:colcon.colcon_core.package_identification:_identify(src/robot_launch) by extension 'ignore'
[0.423s] Level 1:colcon.colcon_core.package_identification:_identify(src/robot_launch) by extension 'ignore_ament_install'
[0.423s] Level 1:colcon.colcon_core.package_identification:_identify(src/robot_launch) by extensions ['colcon_pkg']
[0.423s] Level 1:colcon.colcon_core.package_identification:_identify(src/robot_launch) by extension 'colcon_pkg'
[0.423s] Level 1:colcon.colcon_core.package_identification:_identify(src/robot_launch) by extensions ['colcon_meta']
[0.423s] Level 1:colcon.colcon_core.package_identification:_identify(src/robot_launch) by extension 'colcon_meta'
[0.423s] Level 1:colcon.colcon_core.package_identification:_identify(src/robot_launch) by extensions ['ros']
[0.423s] Level 1:colcon.colcon_core.package_identification:_identify(src/robot_launch) by extension 'ros'
[0.423s] DEBUG:colcon.colcon_core.package_identification:Package 'src/robot_launch' with type 'ros.ament_cmake' and name 'robot_launch'
[0.424s] Level 1:colcon.colcon_core.package_discovery:discover_packages(recursive) using defaults
[0.424s] Level 1:colcon.colcon_core.package_discovery:discover_packages(ignore) discover
[0.424s] Level 1:colcon.colcon_core.package_discovery:discover_packages(ignore) using defaults
[0.424s] Level 1:colcon.colcon_core.package_discovery:discover_packages(path) discover
[0.424s] Level 1:colcon.colcon_core.package_discovery:discover_packages(path) using defaults
[0.465s] Level 1:colcon.colcon_core.package_discovery:discover_packages(prefix_path) check parameters
[0.466s] Level 1:colcon.colcon_core.package_discovery:discover_packages(prefix_path) discover
[0.472s] DEBUG:colcon.colcon_installed_package_information.package_discovery:Found 3 installed packages in /home/lingc/ECE4191G11/ROS_PC/install
[0.473s] DEBUG:colcon.colcon_installed_package_information.package_discovery:Found 270 installed packages in /opt/ros/humble
[0.475s] Level 1:colcon.colcon_core.package_discovery:discover_packages(prefix_path) using defaults
[0.532s] Level 5:colcon.colcon_core.verb:set package 'robot_interfaces' build argument 'cmake_args' from command line to 'None'
[0.532s] Level 5:colcon.colcon_core.verb:set package 'robot_interfaces' build argument 'cmake_target' from command line to 'None'
[0.532s] Level 5:colcon.colcon_core.verb:set package 'robot_interfaces' build argument 'cmake_target_skip_unavailable' from command line to 'False'
[0.532s] Level 5:colcon.colcon_core.verb:set package 'robot_interfaces' build argument 'cmake_clean_cache' from command line to 'False'
[0.532s] Level 5:colcon.colcon_core.verb:set package 'robot_interfaces' build argument 'cmake_clean_first' from command line to 'False'
[0.532s] Level 5:colcon.colcon_core.verb:set package 'robot_interfaces' build argument 'cmake_force_configure' from command line to 'False'
[0.532s] Level 5:colcon.colcon_core.verb:set package 'robot_interfaces' build argument 'ament_cmake_args' from command line to 'None'
[0.532s] Level 5:colcon.colcon_core.verb:set package 'robot_interfaces' build argument 'catkin_cmake_args' from command line to 'None'
[0.532s] Level 5:colcon.colcon_core.verb:set package 'robot_interfaces' build argument 'catkin_skip_building_tests' from command line to 'False'
[0.532s] DEBUG:colcon.colcon_core.verb:Building package 'robot_interfaces' with the following arguments: {'ament_cmake_args': None, 'build_base': '/home/lingc/ECE4191G11/ROS_PC/build/robot_interfaces', 'catkin_cmake_args': None, 'catkin_skip_building_tests': False, 'cmake_args': None, 'cmake_clean_cache': False, 'cmake_clean_first': False, 'cmake_force_configure': False, 'cmake_target': None, 'cmake_target_skip_unavailable': False, 'install_base': '/home/lingc/ECE4191G11/ROS_PC/install/robot_interfaces', 'merge_install': False, 'path': '/home/lingc/ECE4191G11/ROS_PC/src/robot_interfaces', 'symlink_install': False, 'test_result_base': None}
[0.533s] Level 5:colcon.colcon_core.verb:set package 'robot_controller' build argument 'cmake_args' from command line to 'None'
[0.533s] Level 5:colcon.colcon_core.verb:set package 'robot_controller' build argument 'cmake_target' from command line to 'None'
[0.533s] Level 5:colcon.colcon_core.verb:set package 'robot_controller' build argument 'cmake_target_skip_unavailable' from command line to 'False'
[0.533s] Level 5:colcon.colcon_core.verb:set package 'robot_controller' build argument 'cmake_clean_cache' from command line to 'False'
[0.533s] Level 5:colcon.colcon_core.verb:set package 'robot_controller' build argument 'cmake_clean_first' from command line to 'False'
[0.533s] Level 5:colcon.colcon_core.verb:set package 'robot_controller' build argument 'cmake_force_configure' from command line to 'False'
[0.533s] Level 5:colcon.colcon_core.verb:set package 'robot_controller' build argument 'ament_cmake_args' from command line to 'None'
[0.533s] Level 5:colcon.colcon_core.verb:set package 'robot_controller' build argument 'catkin_cmake_args' from command line to 'None'
[0.533s] Level 5:colcon.colcon_core.verb:set package 'robot_controller' build argument 'catkin_skip_building_tests' from command line to 'False'
[0.533s] DEBUG:colcon.colcon_core.verb:Building package 'robot_controller' with the following arguments: {'ament_cmake_args': None, 'build_base': '/home/lingc/ECE4191G11/ROS_PC/build/robot_controller', 'catkin_cmake_args': None, 'catkin_skip_building_tests': False, 'cmake_args': None, 'cmake_clean_cache': False, 'cmake_clean_first': False, 'cmake_force_configure': False, 'cmake_target': None, 'cmake_target_skip_unavailable': False, 'install_base': '/home/lingc/ECE4191G11/ROS_PC/install/robot_controller', 'merge_install': False, 'path': '/home/lingc/ECE4191G11/ROS_PC/src/robot_controller', 'symlink_install': False, 'test_result_base': None}
[0.534s] Level 5:colcon.colcon_core.verb:set package 'robot_launch' build argument 'cmake_args' from command line to 'None'
[0.534s] Level 5:colcon.colcon_core.verb:set package 'robot_launch' build argument 'cmake_target' from command line to 'None'
[0.534s] Level 5:colcon.colcon_core.verb:set package 'robot_launch' build argument 'cmake_target_skip_unavailable' from command line to 'False'
[0.535s] Level 5:colcon.colcon_core.verb:set package 'robot_launch' build argument 'cmake_clean_cache' from command line to 'False'
[0.535s] Level 5:colcon.colcon_core.verb:set package 'robot_launch' build argument 'cmake_clean_first' from command line to 'False'
[0.535s] Level 5:colcon.colcon_core.verb:set package 'robot_launch' build argument 'cmake_force_configure' from command line to 'False'
[0.535s] Level 5:colcon.colcon_core.verb:set package 'robot_launch' build argument 'ament_cmake_args' from command line to 'None'
[0.535s] Level 5:colcon.colcon_core.verb:set package 'robot_launch' build argument 'catkin_cmake_args' from command line to 'None'
[0.535s] Level 5:colcon.colcon_core.verb:set package 'robot_launch' build argument 'catkin_skip_building_tests' from command line to 'False'
[0.535s] DEBUG:colcon.colcon_core.verb:Building package 'robot_launch' with the following arguments: {'ament_cmake_args': None, 'build_base': '/home/lingc/ECE4191G11/ROS_PC/build/robot_launch', 'catkin_cmake_args': None, 'catkin_skip_building_tests': False, 'cmake_args': None, 'cmake_clean_cache': False, 'cmake_clean_first': False, 'cmake_force_configure': False, 'cmake_target': None, 'cmake_target_skip_unavailable': False, 'install_base': '/home/lingc/ECE4191G11/ROS_PC/install/robot_launch', 'merge_install': False, 'path': '/home/lingc/ECE4191G11/ROS_PC/src/robot_launch', 'symlink_install': False, 'test_result_base': None}
[0.536s] INFO:colcon.colcon_core.executor:Executing jobs using 'parallel' executor
[0.549s] DEBUG:colcon.colcon_parallel_executor.executor.parallel:run_until_complete
[0.549s] INFO:colcon.colcon_ros.task.ament_cmake.build:Building ROS package in '/home/lingc/ECE4191G11/ROS_PC/src/robot_interfaces' with build type 'ament_cmake'
[0.550s] INFO:colcon.colcon_cmake.task.cmake.build:Building CMake package in '/home/lingc/ECE4191G11/ROS_PC/src/robot_interfaces'
[0.562s] INFO:colcon.colcon_core.plugin_system:Skipping extension 'colcon_core.shell.bat': Not used on non-Windows systems
[0.562s] INFO:colcon.colcon_core.shell:Skip shell extension 'powershell' for command environment: Not usable outside of PowerShell
[0.562s] DEBUG:colcon.colcon_core.shell:Skip shell extension 'dsv' for command environment
[0.588s] DEBUG:colcon.colcon_core.event_handler.log_command:Invoking command in '/home/lingc/ECE4191G11/ROS_PC/build/robot_interfaces': CMAKE_PREFIX_PATH=${CMAKE_PREFIX_PATH}:/home/lingc/ECE4191G11/ROS_PC/install/robot_controller:/opt/ros/humble /usr/bin/cmake --build /home/lingc/ECE4191G11/ROS_PC/build/robot_interfaces -- -j4 -l4
[1.284s] DEBUG:colcon.colcon_core.event_handler.log_command:Invoked command in '/home/lingc/ECE4191G11/ROS_PC/build/robot_interfaces' returned '0': CMAKE_PREFIX_PATH=${CMAKE_PREFIX_PATH}:/home/lingc/ECE4191G11/ROS_PC/install/robot_controller:/opt/ros/humble /usr/bin/cmake --build /home/lingc/ECE4191G11/ROS_PC/build/robot_interfaces -- -j4 -l4
[1.665s] DEBUG:colcon.colcon_core.event_handler.log_command:Invoking command in '/home/lingc/ECE4191G11/ROS_PC/build/robot_interfaces': CMAKE_PREFIX_PATH=${CMAKE_PREFIX_PATH}:/home/lingc/ECE4191G11/ROS_PC/install/robot_controller:/opt/ros/humble /usr/bin/cmake --install /home/lingc/ECE4191G11/ROS_PC/build/robot_interfaces
[1.759s] Level 1:colcon.colcon_core.environment:create_environment_scripts_only(robot_interfaces)
[1.761s] DEBUG:colcon.colcon_core.event_handler.log_command:Invoked command in '/home/lingc/ECE4191G11/ROS_PC/build/robot_interfaces' returned '0': CMAKE_PREFIX_PATH=${CMAKE_PREFIX_PATH}:/home/lingc/ECE4191G11/ROS_PC/install/robot_controller:/opt/ros/humble /usr/bin/cmake --install /home/lingc/ECE4191G11/ROS_PC/build/robot_interfaces
[1.767s] Level 1:colcon.colcon_core.environment:checking '/home/lingc/ECE4191G11/ROS_PC/install/robot_interfaces' for CMake module files
[1.768s] Level 1:colcon.colcon_core.environment:checking '/home/lingc/ECE4191G11/ROS_PC/install/robot_interfaces' for CMake config files
[1.768s] Level 1:colcon.colcon_core.shell:create_environment_hook('robot_interfaces', 'cmake_prefix_path')
[1.769s] INFO:colcon.colcon_core.shell:Creating environment hook '/home/lingc/ECE4191G11/ROS_PC/install/robot_interfaces/share/robot_interfaces/hook/cmake_prefix_path.ps1'
[1.770s] INFO:colcon.colcon_core.shell:Creating environment descriptor '/home/lingc/ECE4191G11/ROS_PC/install/robot_interfaces/share/robot_interfaces/hook/cmake_prefix_path.dsv'
[1.772s] INFO:colcon.colcon_core.shell:Creating environment hook '/home/lingc/ECE4191G11/ROS_PC/install/robot_interfaces/share/robot_interfaces/hook/cmake_prefix_path.sh'
[1.774s] Level 1:colcon.colcon_core.environment:checking '/home/lingc/ECE4191G11/ROS_PC/install/robot_interfaces/lib'
[1.774s] Level 1:colcon.colcon_core.shell:create_environment_hook('robot_interfaces', 'ld_library_path_lib')
[1.776s] INFO:colcon.colcon_core.shell:Creating environment hook '/home/lingc/ECE4191G11/ROS_PC/install/robot_interfaces/share/robot_interfaces/hook/ld_library_path_lib.ps1'
[1.776s] INFO:colcon.colcon_core.shell:Creating environment descriptor '/home/lingc/ECE4191G11/ROS_PC/install/robot_interfaces/share/robot_interfaces/hook/ld_library_path_lib.dsv'
[1.777s] INFO:colcon.colcon_core.shell:Creating environment hook '/home/lingc/ECE4191G11/ROS_PC/install/robot_interfaces/share/robot_interfaces/hook/ld_library_path_lib.sh'
[1.778s] Level 1:colcon.colcon_core.environment:checking '/home/lingc/ECE4191G11/ROS_PC/install/robot_interfaces/bin'
[1.778s] Level 1:colcon.colcon_core.environment:checking '/home/lingc/ECE4191G11/ROS_PC/install/robot_interfaces/lib/pkgconfig/robot_interfaces.pc'
[1.779s] Level 1:colcon.colcon_core.environment:checking '/home/lingc/ECE4191G11/ROS_PC/install/robot_interfaces/lib/python3.10/site-packages'
[1.779s] Level 1:colcon.colcon_core.environment:checking '/home/lingc/ECE4191G11/ROS_PC/install/robot_interfaces/bin'
[1.780s] INFO:colcon.colcon_core.shell:Creating package script '/home/lingc/ECE4191G11/ROS_PC/install/robot_interfaces/share/robot_interfaces/package.ps1'
[1.781s] INFO:colcon.colcon_core.shell:Creating package descriptor '/home/lingc/ECE4191G11/ROS_PC/install/robot_interfaces/share/robot_interfaces/package.dsv'
[1.783s] INFO:colcon.colcon_core.shell:Creating package script '/home/lingc/ECE4191G11/ROS_PC/install/robot_interfaces/share/robot_interfaces/package.sh'
[1.786s] INFO:colcon.colcon_core.shell:Creating package script '/home/lingc/ECE4191G11/ROS_PC/install/robot_interfaces/share/robot_interfaces/package.bash'
[1.787s] INFO:colcon.colcon_core.shell:Creating package script '/home/lingc/ECE4191G11/ROS_PC/install/robot_interfaces/share/robot_interfaces/package.zsh'
[1.788s] Level 1:colcon.colcon_core.environment:create_file_with_runtime_dependencies(/home/lingc/ECE4191G11/ROS_PC/install/robot_interfaces/share/colcon-core/packages/robot_interfaces)
[2.146s] Level 1:colcon.colcon_core.environment:create_environment_scripts_only(robot_interfaces)
[2.149s] Level 1:colcon.colcon_core.environment:checking '/home/lingc/ECE4191G11/ROS_PC/install/robot_interfaces' for CMake module files
[2.150s] Level 1:colcon.colcon_core.environment:checking '/home/lingc/ECE4191G11/ROS_PC/install/robot_interfaces' for CMake config files
[2.150s] Level 1:colcon.colcon_core.shell:create_environment_hook('robot_interfaces', 'cmake_prefix_path')
[2.152s] INFO:colcon.colcon_core.shell:Creating environment hook '/home/lingc/ECE4191G11/ROS_PC/install/robot_interfaces/share/robot_interfaces/hook/cmake_prefix_path.ps1'
[2.152s] INFO:colcon.colcon_core.shell:Creating environment descriptor '/home/lingc/ECE4191G11/ROS_PC/install/robot_interfaces/share/robot_interfaces/hook/cmake_prefix_path.dsv'
[2.154s] INFO:colcon.colcon_core.shell:Creating environment hook '/home/lingc/ECE4191G11/ROS_PC/install/robot_interfaces/share/robot_interfaces/hook/cmake_prefix_path.sh'
[2.156s] Level 1:colcon.colcon_core.environment:checking '/home/lingc/ECE4191G11/ROS_PC/install/robot_interfaces/lib'
[2.156s] Level 1:colcon.colcon_core.shell:create_environment_hook('robot_interfaces', 'ld_library_path_lib')
[2.157s] INFO:colcon.colcon_core.shell:Creating environment hook '/home/lingc/ECE4191G11/ROS_PC/install/robot_interfaces/share/robot_interfaces/hook/ld_library_path_lib.ps1'
[2.159s] INFO:colcon.colcon_core.shell:Creating environment descriptor '/home/lingc/ECE4191G11/ROS_PC/install/robot_interfaces/share/robot_interfaces/hook/ld_library_path_lib.dsv'
[2.160s] INFO:colcon.colcon_core.shell:Creating environment hook '/home/lingc/ECE4191G11/ROS_PC/install/robot_interfaces/share/robot_interfaces/hook/ld_library_path_lib.sh'
[2.161s] Level 1:colcon.colcon_core.environment:checking '/home/lingc/ECE4191G11/ROS_PC/install/robot_interfaces/bin'
[2.161s] Level 1:colcon.colcon_core.environment:checking '/home/lingc/ECE4191G11/ROS_PC/install/robot_interfaces/lib/pkgconfig/robot_interfaces.pc'
[2.162s] Level 1:colcon.colcon_core.environment:checking '/home/lingc/ECE4191G11/ROS_PC/install/robot_interfaces/lib/python3.10/site-packages'
[2.162s] Level 1:colcon.colcon_core.environment:checking '/home/lingc/ECE4191G11/ROS_PC/install/robot_interfaces/bin'
[2.164s] INFO:colcon.colcon_core.shell:Creating package script '/home/lingc/ECE4191G11/ROS_PC/install/robot_interfaces/share/robot_interfaces/package.ps1'
[2.165s] INFO:colcon.colcon_core.shell:Creating package descriptor '/home/lingc/ECE4191G11/ROS_PC/install/robot_interfaces/share/robot_interfaces/package.dsv'
[2.166s] INFO:colcon.colcon_core.shell:Creating package script '/home/lingc/ECE4191G11/ROS_PC/install/robot_interfaces/share/robot_interfaces/package.sh'
[2.168s] INFO:colcon.colcon_core.shell:Creating package script '/home/lingc/ECE4191G11/ROS_PC/install/robot_interfaces/share/robot_interfaces/package.bash'
[2.169s] INFO:colcon.colcon_core.shell:Creating package script '/home/lingc/ECE4191G11/ROS_PC/install/robot_interfaces/share/robot_interfaces/package.zsh'
[2.171s] Level 1:colcon.colcon_core.environment:create_file_with_runtime_dependencies(/home/lingc/ECE4191G11/ROS_PC/install/robot_interfaces/share/colcon-core/packages/robot_interfaces)
[2.174s] INFO:colcon.colcon_ros.task.ament_python.build:Building ROS package in '/home/lingc/ECE4191G11/ROS_PC/src/robot_controller' with build type 'ament_python'
[2.174s] Level 1:colcon.colcon_core.shell:create_environment_hook('robot_controller', 'ament_prefix_path')
[2.176s] INFO:colcon.colcon_core.shell:Creating environment hook '/home/lingc/ECE4191G11/ROS_PC/install/robot_controller/share/robot_controller/hook/ament_prefix_path.ps1'
[2.177s] INFO:colcon.colcon_core.shell:Creating environment descriptor '/home/lingc/ECE4191G11/ROS_PC/install/robot_controller/share/robot_controller/hook/ament_prefix_path.dsv'
[2.179s] INFO:colcon.colcon_core.shell:Creating environment hook '/home/lingc/ECE4191G11/ROS_PC/install/robot_controller/share/robot_controller/hook/ament_prefix_path.sh'
[2.182s] INFO:colcon.colcon_core.shell:Skip shell extension 'powershell' for command environment: Not usable outside of PowerShell
[2.182s] DEBUG:colcon.colcon_core.shell:Skip shell extension 'dsv' for command environment
[2.521s] INFO:colcon.colcon_core.task.python.build:Building Python package in '/home/lingc/ECE4191G11/ROS_PC/src/robot_controller'
[2.523s] INFO:colcon.colcon_core.shell:Skip shell extension 'powershell' for command environment: Not usable outside of PowerShell
[2.523s] DEBUG:colcon.colcon_core.shell:Skip shell extension 'dsv' for command environment
[2.901s] DEBUG:colcon.colcon_core.event_handler.log_command:Invoking command in '/home/lingc/ECE4191G11/ROS_PC/src/robot_controller': CMAKE_PREFIX_PATH=/home/lingc/ECE4191G11/ROS_PC/install/robot_interfaces:/home/lingc/ECE4191G11/ROS_PC/install/robot_launch PYTHONPATH=/home/lingc/ECE4191G11/ROS_PC/build/robot_controller/prefix_override:/home/lingc/ECE4191G11/ROS_PC/install/robot_controller/lib/python3.10/site-packages:${PYTHONPATH} /usr/bin/python3 setup.py egg_info --egg-base ../../build/robot_controller build --build-base /home/lingc/ECE4191G11/ROS_PC/build/robot_controller/build install --record /home/lingc/ECE4191G11/ROS_PC/build/robot_controller/install.log --single-version-externally-managed
[3.248s] Level 1:colcon.colcon_core.environment:checking '/home/lingc/ECE4191G11/ROS_PC/install/robot_controller' for CMake module files
[3.250s] DEBUG:colcon.colcon_core.event_handler.log_command:Invoked command in '/home/lingc/ECE4191G11/ROS_PC/src/robot_controller' returned '0': CMAKE_PREFIX_PATH=/home/lingc/ECE4191G11/ROS_PC/install/robot_interfaces:/home/lingc/ECE4191G11/ROS_PC/install/robot_launch PYTHONPATH=/home/lingc/ECE4191G11/ROS_PC/build/robot_controller/prefix_override:/home/lingc/ECE4191G11/ROS_PC/install/robot_controller/lib/python3.10/site-packages:${PYTHONPATH} /usr/bin/python3 setup.py egg_info --egg-base ../../build/robot_controller build --build-base /home/lingc/ECE4191G11/ROS_PC/build/robot_controller/build install --record /home/lingc/ECE4191G11/ROS_PC/build/robot_controller/install.log --single-version-externally-managed
[3.250s] Level 1:colcon.colcon_core.environment:checking '/home/lingc/ECE4191G11/ROS_PC/install/robot_controller' for CMake config files
[3.251s] Level 1:colcon.colcon_core.environment:checking '/home/lingc/ECE4191G11/ROS_PC/install/robot_controller/lib'
[3.251s] Level 1:colcon.colcon_core.environment:checking '/home/lingc/ECE4191G11/ROS_PC/install/robot_controller/bin'
[3.251s] Level 1:colcon.colcon_core.environment:checking '/home/lingc/ECE4191G11/ROS_PC/install/robot_controller/lib/pkgconfig/robot_controller.pc'
[3.252s] Level 1:colcon.colcon_core.environment:checking '/home/lingc/ECE4191G11/ROS_PC/install/robot_controller/lib/python3.10/site-packages'
[3.252s] Level 1:colcon.colcon_core.shell:create_environment_hook('robot_controller', 'pythonpath')
[3.253s] INFO:colcon.colcon_core.shell:Creating environment hook '/home/lingc/ECE4191G11/ROS_PC/install/robot_controller/share/robot_controller/hook/pythonpath.ps1'
[3.254s] INFO:colcon.colcon_core.shell:Creating environment descriptor '/home/lingc/ECE4191G11/ROS_PC/install/robot_controller/share/robot_controller/hook/pythonpath.dsv'
[3.255s] INFO:colcon.colcon_core.shell:Creating environment hook '/home/lingc/ECE4191G11/ROS_PC/install/robot_controller/share/robot_controller/hook/pythonpath.sh'
[3.257s] Level 1:colcon.colcon_core.environment:checking '/home/lingc/ECE4191G11/ROS_PC/install/robot_controller/bin'
[3.257s] Level 1:colcon.colcon_core.environment:create_environment_scripts_only(robot_controller)
[3.258s] INFO:colcon.colcon_core.shell:Creating package script '/home/lingc/ECE4191G11/ROS_PC/install/robot_controller/share/robot_controller/package.ps1'
[3.259s] INFO:colcon.colcon_core.shell:Creating package descriptor '/home/lingc/ECE4191G11/ROS_PC/install/robot_controller/share/robot_controller/package.dsv'
[3.260s] INFO:colcon.colcon_core.shell:Creating package script '/home/lingc/ECE4191G11/ROS_PC/install/robot_controller/share/robot_controller/package.sh'
[3.261s] INFO:colcon.colcon_core.shell:Creating package script '/home/lingc/ECE4191G11/ROS_PC/install/robot_controller/share/robot_controller/package.bash'
[3.262s] INFO:colcon.colcon_core.shell:Creating package script '/home/lingc/ECE4191G11/ROS_PC/install/robot_controller/share/robot_controller/package.zsh'
[3.263s] Level 1:colcon.colcon_core.environment:create_file_with_runtime_dependencies(/home/lingc/ECE4191G11/ROS_PC/install/robot_controller/share/colcon-core/packages/robot_controller)
[3.264s] INFO:colcon.colcon_ros.task.ament_cmake.build:Building ROS package in '/home/lingc/ECE4191G11/ROS_PC/src/robot_launch' with build type 'ament_cmake'
[3.265s] INFO:colcon.colcon_cmake.task.cmake.build:Building CMake package in '/home/lingc/ECE4191G11/ROS_PC/src/robot_launch'
[3.266s] INFO:colcon.colcon_core.shell:Skip shell extension 'powershell' for command environment: Not usable outside of PowerShell
[3.267s] DEBUG:colcon.colcon_core.shell:Skip shell extension 'dsv' for command environment
[3.303s] DEBUG:colcon.colcon_core.event_handler.log_command:Invoking command in '/home/lingc/ECE4191G11/ROS_PC/build/robot_launch': AMENT_PREFIX_PATH=/home/lingc/ECE4191G11/ROS_PC/install/robot_controller:/home/lingc/ECE4191G11/ROS_PC/install/robot_launch:/home/lingc/ECE4191G11/ROS_PC/install/robot_interfaces:/opt/ros/humble CMAKE_PREFIX_PATH=/home/lingc/ECE4191G11/ROS_PC/install/robot_interfaces:/home/lingc/ECE4191G11/ROS_PC/install/robot_launch:/home/lingc/ECE4191G11/ROS_PC/install/robot_controller:/opt/ros/humble /usr/bin/cmake --build /home/lingc/ECE4191G11/ROS_PC/build/robot_launch -- -j4 -l4
[3.373s] DEBUG:colcon.colcon_core.event_handler.log_command:Invoked command in '/home/lingc/ECE4191G11/ROS_PC/build/robot_launch' returned '0': AMENT_PREFIX_PATH=/home/lingc/ECE4191G11/ROS_PC/install/robot_controller:/home/lingc/ECE4191G11/ROS_PC/install/robot_launch:/home/lingc/ECE4191G11/ROS_PC/install/robot_interfaces:/opt/ros/humble CMAKE_PREFIX_PATH=/home/lingc/ECE4191G11/ROS_PC/install/robot_interfaces:/home/lingc/ECE4191G11/ROS_PC/install/robot_launch:/home/lingc/ECE4191G11/ROS_PC/install/robot_controller:/opt/ros/humble /usr/bin/cmake --build /home/lingc/ECE4191G11/ROS_PC/build/robot_launch -- -j4 -l4
[3.416s] DEBUG:colcon.colcon_core.event_handler.log_command:Invoking command in '/home/lingc/ECE4191G11/ROS_PC/build/robot_launch': AMENT_PREFIX_PATH=/home/lingc/ECE4191G11/ROS_PC/install/robot_controller:/home/lingc/ECE4191G11/ROS_PC/install/robot_launch:/home/lingc/ECE4191G11/ROS_PC/install/robot_interfaces:/opt/ros/humble CMAKE_PREFIX_PATH=/home/lingc/ECE4191G11/ROS_PC/install/robot_interfaces:/home/lingc/ECE4191G11/ROS_PC/install/robot_launch:/home/lingc/ECE4191G11/ROS_PC/install/robot_controller:/opt/ros/humble /usr/bin/cmake --install /home/lingc/ECE4191G11/ROS_PC/build/robot_launch
[3.438s] Level 1:colcon.colcon_core.environment:create_environment_scripts_only(robot_launch)
[3.441s] Level 1:colcon.colcon_core.environment:checking '/home/lingc/ECE4191G11/ROS_PC/install/robot_launch' for CMake module files
[3.442s] Level 1:colcon.colcon_core.environment:checking '/home/lingc/ECE4191G11/ROS_PC/install/robot_launch' for CMake config files
[3.442s] Level 1:colcon.colcon_core.shell:create_environment_hook('robot_launch', 'cmake_prefix_path')
[3.443s] INFO:colcon.colcon_core.shell:Creating environment hook '/home/lingc/ECE4191G11/ROS_PC/install/robot_launch/share/robot_launch/hook/cmake_prefix_path.ps1'
[3.444s] INFO:colcon.colcon_core.shell:Creating environment descriptor '/home/lingc/ECE4191G11/ROS_PC/install/robot_launch/share/robot_launch/hook/cmake_prefix_path.dsv'
[3.446s] INFO:colcon.colcon_core.shell:Creating environment hook '/home/lingc/ECE4191G11/ROS_PC/install/robot_launch/share/robot_launch/hook/cmake_prefix_path.sh'
[3.447s] Level 1:colcon.colcon_core.environment:checking '/home/lingc/ECE4191G11/ROS_PC/install/robot_launch/bin'
[3.448s] Level 1:colcon.colcon_core.environment:checking '/home/lingc/ECE4191G11/ROS_PC/install/robot_launch/lib/pkgconfig/robot_launch.pc'
[3.448s] Level 1:colcon.colcon_core.environment:checking '/home/lingc/ECE4191G11/ROS_PC/install/robot_launch/lib/python3.10/site-packages'
[3.449s] Level 1:colcon.colcon_core.environment:checking '/home/lingc/ECE4191G11/ROS_PC/install/robot_launch/bin'
[3.450s] INFO:colcon.colcon_core.shell:Creating package script '/home/lingc/ECE4191G11/ROS_PC/install/robot_launch/share/robot_launch/package.ps1'
[3.452s] DEBUG:colcon.colcon_core.event_handler.log_command:Invoked command in '/home/lingc/ECE4191G11/ROS_PC/build/robot_launch' returned '0': AMENT_PREFIX_PATH=/home/lingc/ECE4191G11/ROS_PC/install/robot_controller:/home/lingc/ECE4191G11/ROS_PC/install/robot_launch:/home/lingc/ECE4191G11/ROS_PC/install/robot_interfaces:/opt/ros/humble CMAKE_PREFIX_PATH=/home/lingc/ECE4191G11/ROS_PC/install/robot_interfaces:/home/lingc/ECE4191G11/ROS_PC/install/robot_launch:/home/lingc/ECE4191G11/ROS_PC/install/robot_controller:/opt/ros/humble /usr/bin/cmake --install /home/lingc/ECE4191G11/ROS_PC/build/robot_launch
[3.453s] INFO:colcon.colcon_core.shell:Creating package descriptor '/home/lingc/ECE4191G11/ROS_PC/install/robot_launch/share/robot_launch/package.dsv'
[3.454s] INFO:colcon.colcon_core.shell:Creating package script '/home/lingc/ECE4191G11/ROS_PC/install/robot_launch/share/robot_launch/package.sh'
[3.455s] INFO:colcon.colcon_core.shell:Creating package script '/home/lingc/ECE4191G11/ROS_PC/install/robot_launch/share/robot_launch/package.bash'
[3.456s] INFO:colcon.colcon_core.shell:Creating package script '/home/lingc/ECE4191G11/ROS_PC/install/robot_launch/share/robot_launch/package.zsh'
[3.456s] Level 1:colcon.colcon_core.environment:create_file_with_runtime_dependencies(/home/lingc/ECE4191G11/ROS_PC/install/robot_launch/share/colcon-core/packages/robot_launch)
[3.502s] Level 1:colcon.colcon_core.environment:create_environment_scripts_only(robot_launch)
[3.504s] Level 1:colcon.colcon_core.environment:checking '/home/lingc/ECE4191G11/ROS_PC/install/robot_launch' for CMake module files
[3.504s] Level 1:colcon.colcon_core.environment:checking '/home/lingc/ECE4191G11/ROS_PC/install/robot_launch' for CMake config files
[3.505s] Level 1:colcon.colcon_core.shell:create_environment_hook('robot_launch', 'cmake_prefix_path')
[3.506s] INFO:colcon.colcon_core.shell:Creating environment hook '/home/lingc/ECE4191G11/ROS_PC/install/robot_launch/share/robot_launch/hook/cmake_prefix_path.ps1'
[3.507s] INFO:colcon.colcon_core.shell:Creating environment descriptor '/home/lingc/ECE4191G11/ROS_PC/install/robot_launch/share/robot_launch/hook/cmake_prefix_path.dsv'
[3.508s] INFO:colcon.colcon_core.shell:Creating environment hook '/home/lingc/ECE4191G11/ROS_PC/install/robot_launch/share/robot_launch/hook/cmake_prefix_path.sh'
[3.509s] Level 1:colcon.colcon_core.environment:checking '/home/lingc/ECE4191G11/ROS_PC/install/robot_launch/bin'
[3.509s] Level 1:colcon.colcon_core.environment:checking '/home/lingc/ECE4191G11/ROS_PC/install/robot_launch/lib/pkgconfig/robot_launch.pc'
[3.509s] Level 1:colcon.colcon_core.environment:checking '/home/lingc/ECE4191G11/ROS_PC/install/robot_launch/lib/python3.10/site-packages'
[3.510s] Level 1:colcon.colcon_core.environment:checking '/home/lingc/ECE4191G11/ROS_PC/install/robot_launch/bin'
[3.511s] INFO:colcon.colcon_core.shell:Creating package script '/home/lingc/ECE4191G11/ROS_PC/install/robot_launch/share/robot_launch/package.ps1'
[3.512s] INFO:colcon.colcon_core.shell:Creating package descriptor '/home/lingc/ECE4191G11/ROS_PC/install/robot_launch/share/robot_launch/package.dsv'
[3.513s] INFO:colcon.colcon_core.shell:Creating package script '/home/lingc/ECE4191G11/ROS_PC/install/robot_launch/share/robot_launch/package.sh'
[3.513s] INFO:colcon.colcon_core.shell:Creating package script '/home/lingc/ECE4191G11/ROS_PC/install/robot_launch/share/robot_launch/package.bash'
[3.517s] INFO:colcon.colcon_core.shell:Creating package script '/home/lingc/ECE4191G11/ROS_PC/install/robot_launch/share/robot_launch/package.zsh'
[3.518s] Level 1:colcon.colcon_core.environment:create_file_with_runtime_dependencies(/home/lingc/ECE4191G11/ROS_PC/install/robot_launch/share/colcon-core/packages/robot_launch)
[3.520s] DEBUG:colcon.colcon_parallel_executor.executor.parallel:closing loop
[3.520s] DEBUG:colcon.colcon_parallel_executor.executor.parallel:loop closed
[3.522s] DEBUG:colcon.colcon_parallel_executor.executor.parallel:run_until_complete finished with '0'
[3.522s] DEBUG:colcon.colcon_core.event_reactor:joining thread
[3.541s] INFO:colcon.colcon_core.plugin_system:Skipping extension 'colcon_notification.desktop_notification.terminal_notifier': Not used on non-Darwin systems
[3.541s] INFO:colcon.colcon_core.plugin_system:Skipping extension 'colcon_notification.desktop_notification.win32': Not used on non-Windows systems
[3.541s] INFO:colcon.colcon_notification.desktop_notification:Sending desktop notification using 'notify2'
[3.561s] DEBUG:colcon.colcon_core.event_reactor:joined thread
[3.563s] INFO:colcon.colcon_core.shell:Creating prefix script '/home/lingc/ECE4191G11/ROS_PC/install/local_setup.ps1'
[3.564s] INFO:colcon.colcon_core.shell:Creating prefix util module '/home/lingc/ECE4191G11/ROS_PC/install/_local_setup_util_ps1.py'
[3.566s] INFO:colcon.colcon_core.shell:Creating prefix chain script '/home/lingc/ECE4191G11/ROS_PC/install/setup.ps1'
[3.569s] INFO:colcon.colcon_core.shell:Creating prefix script '/home/lingc/ECE4191G11/ROS_PC/install/local_setup.sh'
[3.570s] INFO:colcon.colcon_core.shell:Creating prefix util module '/home/lingc/ECE4191G11/ROS_PC/install/_local_setup_util_sh.py'
[3.572s] INFO:colcon.colcon_core.shell:Creating prefix chain script '/home/lingc/ECE4191G11/ROS_PC/install/setup.sh'
[3.573s] INFO:colcon.colcon_core.shell:Creating prefix script '/home/lingc/ECE4191G11/ROS_PC/install/local_setup.bash'
[3.574s] INFO:colcon.colcon_core.shell:Creating prefix chain script '/home/lingc/ECE4191G11/ROS_PC/install/setup.bash'
[3.576s] INFO:colcon.colcon_core.shell:Creating prefix script '/home/lingc/ECE4191G11/ROS_PC/install/local_setup.zsh'
[3.577s] INFO:colcon.colcon_core.shell:Creating prefix chain script '/home/lingc/ECE4191G11/ROS_PC/install/setup.zsh'
