[0.010s] Invoking command in '/home/lingc/ECE4191G11/ROS_PC/build/robot_launch': AMENT_PREFIX_PATH=/home/lingc/ECE4191G11/ROS_PC/install/robot_controller:/home/lingc/ECE4191G11/ROS_PC/install/robot_launch:/home/lingc/ECE4191G11/ROS_PC/install/robot_interfaces:/opt/ros/humble CMAKE_PREFIX_PATH=/home/lingc/ECE4191G11/ROS_PC/install/robot_interfaces:/home/lingc/ECE4191G11/ROS_PC/install/robot_launch:/home/lingc/ECE4191G11/ROS_PC/install/robot_controller:/opt/ros/humble /usr/bin/cmake /home/lingc/ECE4191G11/ROS_PC/src/robot_launch -DCMAKE_INSTALL_PREFIX=/home/lingc/ECE4191G11/ROS_PC/install/robot_launch
[0.083s] -- The C compiler identification is GNU 11.4.0
[0.145s] -- The CXX compiler identification is GNU 11.4.0
[0.152s] -- Detecting C compiler ABI info
[0.233s] -- Detecting C compiler ABI info - done
[0.242s] -- Check for working C compiler: /usr/bin/cc - skipped
[0.242s] -- Detecting C compile features
[0.242s] -- Detecting C compile features - done
[0.245s] -- Detecting CXX compiler ABI info
[0.343s] -- Detecting CXX compiler ABI info - done
[0.353s] -- Check for working CXX compiler: /usr/bin/c++ - skipped
[0.354s] -- Detecting CXX compile features
[0.354s] -- Detecting CXX compile features - done
[0.357s] -- Found ament_cmake: 1.3.5 (/opt/ros/humble/share/ament_cmake/cmake)
[0.579s] -- Found Python3: /usr/bin/python3.10 (found version "3.10.12") found components: Interpreter 
[0.761s] -- Configuring done
[0.765s] -- Generating done
[0.766s] -- Build files have been written to: /home/lingc/ECE4191G11/ROS_PC/build/robot_launch
[0.772s] Invoked command in '/home/lingc/ECE4191G11/ROS_PC/build/robot_launch' returned '0': AMENT_PREFIX_PATH=/home/lingc/ECE4191G11/ROS_PC/install/robot_controller:/home/lingc/ECE4191G11/ROS_PC/install/robot_launch:/home/lingc/ECE4191G11/ROS_PC/install/robot_interfaces:/opt/ros/humble CMAKE_PREFIX_PATH=/home/lingc/ECE4191G11/ROS_PC/install/robot_interfaces:/home/lingc/ECE4191G11/ROS_PC/install/robot_launch:/home/lingc/ECE4191G11/ROS_PC/install/robot_controller:/opt/ros/humble /usr/bin/cmake /home/lingc/ECE4191G11/ROS_PC/src/robot_launch -DCMAKE_INSTALL_PREFIX=/home/lingc/ECE4191G11/ROS_PC/install/robot_launch
[0.774s] Invoking command in '/home/lingc/ECE4191G11/ROS_PC/build/robot_launch': AMENT_PREFIX_PATH=/home/lingc/ECE4191G11/ROS_PC/install/robot_controller:/home/lingc/ECE4191G11/ROS_PC/install/robot_launch:/home/lingc/ECE4191G11/ROS_PC/install/robot_interfaces:/opt/ros/humble CMAKE_PREFIX_PATH=/home/lingc/ECE4191G11/ROS_PC/install/robot_interfaces:/home/lingc/ECE4191G11/ROS_PC/install/robot_launch:/home/lingc/ECE4191G11/ROS_PC/install/robot_controller:/opt/ros/humble /usr/bin/cmake --build /home/lingc/ECE4191G11/ROS_PC/build/robot_launch -- -j12 -l12
[0.826s] Invoked command in '/home/lingc/ECE4191G11/ROS_PC/build/robot_launch' returned '0': AMENT_PREFIX_PATH=/home/lingc/ECE4191G11/ROS_PC/install/robot_controller:/home/lingc/ECE4191G11/ROS_PC/install/robot_launch:/home/lingc/ECE4191G11/ROS_PC/install/robot_interfaces:/opt/ros/humble CMAKE_PREFIX_PATH=/home/lingc/ECE4191G11/ROS_PC/install/robot_interfaces:/home/lingc/ECE4191G11/ROS_PC/install/robot_launch:/home/lingc/ECE4191G11/ROS_PC/install/robot_controller:/opt/ros/humble /usr/bin/cmake --build /home/lingc/ECE4191G11/ROS_PC/build/robot_launch -- -j12 -l12
[0.854s] Invoking command in '/home/lingc/ECE4191G11/ROS_PC/build/robot_launch': AMENT_PREFIX_PATH=/home/lingc/ECE4191G11/ROS_PC/install/robot_controller:/home/lingc/ECE4191G11/ROS_PC/install/robot_launch:/home/lingc/ECE4191G11/ROS_PC/install/robot_interfaces:/opt/ros/humble CMAKE_PREFIX_PATH=/home/lingc/ECE4191G11/ROS_PC/install/robot_interfaces:/home/lingc/ECE4191G11/ROS_PC/install/robot_launch:/home/lingc/ECE4191G11/ROS_PC/install/robot_controller:/opt/ros/humble /usr/bin/cmake --install /home/lingc/ECE4191G11/ROS_PC/build/robot_launch
[0.864s] -- Install configuration: ""
[0.864s] -- Installing: /home/lingc/ECE4191G11/ROS_PC/install/robot_launch/share/robot_launch/launch
[0.864s] -- Installing: /home/lingc/ECE4191G11/ROS_PC/install/robot_launch/share/robot_launch/launch/robot.launch.py
[0.864s] -- Installing: /home/lingc/ECE4191G11/ROS_PC/install/robot_launch/share/ament_index/resource_index/package_run_dependencies/robot_launch
[0.864s] -- Installing: /home/lingc/ECE4191G11/ROS_PC/install/robot_launch/share/ament_index/resource_index/parent_prefix_path/robot_launch
[0.864s] -- Installing: /home/lingc/ECE4191G11/ROS_PC/install/robot_launch/share/robot_launch/environment/ament_prefix_path.sh
[0.864s] -- Installing: /home/lingc/ECE4191G11/ROS_PC/install/robot_launch/share/robot_launch/environment/ament_prefix_path.dsv
[0.865s] -- Installing: /home/lingc/ECE4191G11/ROS_PC/install/robot_launch/share/robot_launch/environment/path.sh
[0.865s] -- Installing: /home/lingc/ECE4191G11/ROS_PC/install/robot_launch/share/robot_launch/environment/path.dsv
[0.865s] -- Installing: /home/lingc/ECE4191G11/ROS_PC/install/robot_launch/share/robot_launch/local_setup.bash
[0.865s] -- Installing: /home/lingc/ECE4191G11/ROS_PC/install/robot_launch/share/robot_launch/local_setup.sh
[0.865s] -- Installing: /home/lingc/ECE4191G11/ROS_PC/install/robot_launch/share/robot_launch/local_setup.zsh
[0.865s] -- Installing: /home/lingc/ECE4191G11/ROS_PC/install/robot_launch/share/robot_launch/local_setup.dsv
[0.865s] -- Installing: /home/lingc/ECE4191G11/ROS_PC/install/robot_launch/share/robot_launch/package.dsv
[0.866s] -- Installing: /home/lingc/ECE4191G11/ROS_PC/install/robot_launch/share/ament_index/resource_index/packages/robot_launch
[0.866s] -- Installing: /home/lingc/ECE4191G11/ROS_PC/install/robot_launch/share/robot_launch/cmake/robot_launchConfig.cmake
[0.866s] -- Installing: /home/lingc/ECE4191G11/ROS_PC/install/robot_launch/share/robot_launch/cmake/robot_launchConfig-version.cmake
[0.866s] -- Installing: /home/lingc/ECE4191G11/ROS_PC/install/robot_launch/share/robot_launch/package.xml
[0.871s] Invoked command in '/home/lingc/ECE4191G11/ROS_PC/build/robot_launch' returned '0': AMENT_PREFIX_PATH=/home/lingc/ECE4191G11/ROS_PC/install/robot_controller:/home/lingc/ECE4191G11/ROS_PC/install/robot_launch:/home/lingc/ECE4191G11/ROS_PC/install/robot_interfaces:/opt/ros/humble CMAKE_PREFIX_PATH=/home/lingc/ECE4191G11/ROS_PC/install/robot_interfaces:/home/lingc/ECE4191G11/ROS_PC/install/robot_launch:/home/lingc/ECE4191G11/ROS_PC/install/robot_controller:/opt/ros/humble /usr/bin/cmake --install /home/lingc/ECE4191G11/ROS_PC/build/robot_launch
