[0.893s] Invoking command in '/home/lingc/ECE4191G11/ROS_PC/src/robot_controller': CMAKE_PREFIX_PATH=/home/lingc/ECE4191G11/ROS_PC/install/robot_interfaces:/home/lingc/ECE4191G11/ROS_PC/install/robot_launch PYTHONPATH=/home/lingc/ECE4191G11/ROS_PC/build/robot_controller/prefix_override:/home/lingc/ECE4191G11/ROS_PC/install/robot_controller/lib/python3.10/site-packages:${PYTHONPATH} /usr/bin/python3 setup.py egg_info --egg-base ../../build/robot_controller build --build-base /home/lingc/ECE4191G11/ROS_PC/build/robot_controller/build install --record /home/lingc/ECE4191G11/ROS_PC/build/robot_controller/install.log --single-version-externally-managed
[1.110s] running egg_info
[1.110s] writing ../../build/robot_controller/robot_controller.egg-info/PKG-INFO
[1.124s] writing dependency_links to ../../build/robot_controller/robot_controller.egg-info/dependency_links.txt
[1.124s] writing entry points to ../../build/robot_controller/robot_controller.egg-info/entry_points.txt
[1.124s] writing requirements to ../../build/robot_controller/robot_controller.egg-info/requires.txt
[1.125s] writing top-level names to ../../build/robot_controller/robot_controller.egg-info/top_level.txt
[1.126s] reading manifest file '../../build/robot_controller/robot_controller.egg-info/SOURCES.txt'
[1.131s] writing manifest file '../../build/robot_controller/robot_controller.egg-info/SOURCES.txt'
[1.131s] running build
[1.131s] running build_py
[1.132s] running install
[1.132s] running install_lib
[1.133s] running install_data
[1.134s] running install_egg_info
[1.135s] removing '/home/lingc/ECE4191G11/ROS_PC/install/robot_controller/lib/python3.10/site-packages/robot_controller-0.0.0-py3.10.egg-info' (and everything under it)
[1.135s] Copying ../../build/robot_controller/robot_controller.egg-info to /home/lingc/ECE4191G11/ROS_PC/install/robot_controller/lib/python3.10/site-packages/robot_controller-0.0.0-py3.10.egg-info
[1.136s] running install_scripts
[1.153s] Installing manual_waypoint_node script to /home/lingc/ECE4191G11/ROS_PC/install/robot_controller/lib/robot_controller
[1.153s] Installing path_planner_node script to /home/lingc/ECE4191G11/ROS_PC/install/robot_controller/lib/robot_controller
[1.153s] writing list of installed files to '/home/lingc/ECE4191G11/ROS_PC/build/robot_controller/install.log'
[1.174s] Invoked command in '/home/lingc/ECE4191G11/ROS_PC/src/robot_controller' returned '0': CMAKE_PREFIX_PATH=/home/lingc/ECE4191G11/ROS_PC/install/robot_interfaces:/home/lingc/ECE4191G11/ROS_PC/install/robot_launch PYTHONPATH=/home/lingc/ECE4191G11/ROS_PC/build/robot_controller/prefix_override:/home/lingc/ECE4191G11/ROS_PC/install/robot_controller/lib/python3.10/site-packages:${PYTHONPATH} /usr/bin/python3 setup.py egg_info --egg-base ../../build/robot_controller build --build-base /home/lingc/ECE4191G11/ROS_PC/build/robot_controller/build install --record /home/lingc/ECE4191G11/ROS_PC/build/robot_controller/install.log --single-version-externally-managed
