[0.061s] Invoking command in '/home/rpi-team11/ECE4191G11/ROS/build/robot_launch': AMENT_PREFIX_PATH=/home/rpi-team11/ECE4191G11/ROS/install/robot_controller:/home/rpi-team11/ECE4191G11/ROS/install/robot_launch:/home/rpi-team11/ECE4191G11/ROS/install/robot_interfaces:/opt/ros/humble CMAKE_PREFIX_PATH=/home/rpi-team11/ECE4191G11/ROS/install/robot_interfaces:/home/rpi-team11/ECE4191G11/ROS/install/robot_launch:/home/rpi-team11/ECE4191G11/ROS/install/robot_controller:/opt/ros/humble /usr/bin/cmake --build /home/rpi-team11/ECE4191G11/ROS/build/robot_launch -- -j4 -l4
[0.215s] Invoked command in '/home/rpi-team11/ECE4191G11/ROS/build/robot_launch' returned '0': AMENT_PREFIX_PATH=/home/rpi-team11/ECE4191G11/ROS/install/robot_controller:/home/rpi-team11/ECE4191G11/ROS/install/robot_launch:/home/rpi-team11/ECE4191G11/ROS/install/robot_interfaces:/opt/ros/humble CMAKE_PREFIX_PATH=/home/rpi-team11/ECE4191G11/ROS/install/robot_interfaces:/home/rpi-team11/ECE4191G11/ROS/install/robot_launch:/home/rpi-team11/ECE4191G11/ROS/install/robot_controller:/opt/ros/humble /usr/bin/cmake --build /home/rpi-team11/ECE4191G11/ROS/build/robot_launch -- -j4 -l4
[0.332s] Invoking command in '/home/rpi-team11/ECE4191G11/ROS/build/robot_launch': AMENT_PREFIX_PATH=/home/rpi-team11/ECE4191G11/ROS/install/robot_controller:/home/rpi-team11/ECE4191G11/ROS/install/robot_launch:/home/rpi-team11/ECE4191G11/ROS/install/robot_interfaces:/opt/ros/humble CMAKE_PREFIX_PATH=/home/rpi-team11/ECE4191G11/ROS/install/robot_interfaces:/home/rpi-team11/ECE4191G11/ROS/install/robot_launch:/home/rpi-team11/ECE4191G11/ROS/install/robot_controller:/opt/ros/humble /usr/bin/cmake --install /home/rpi-team11/ECE4191G11/ROS/build/robot_launch
[0.360s] -- Install configuration: ""
[0.360s] -- Up-to-date: /home/rpi-team11/ECE4191G11/ROS/install/robot_launch/share/robot_launch/launch
[0.361s] -- Installing: /home/rpi-team11/ECE4191G11/ROS/install/robot_launch/share/robot_launch/launch/robot.launch.py
[0.362s] -- Up-to-date: /home/rpi-team11/ECE4191G11/ROS/install/robot_launch/share/ament_index/resource_index/package_run_dependencies/robot_launch
[0.362s] -- Up-to-date: /home/rpi-team11/ECE4191G11/ROS/install/robot_launch/share/ament_index/resource_index/parent_prefix_path/robot_launch
[0.363s] -- Up-to-date: /home/rpi-team11/ECE4191G11/ROS/install/robot_launch/share/robot_launch/environment/ament_prefix_path.sh
[0.363s] -- Up-to-date: /home/rpi-team11/ECE4191G11/ROS/install/robot_launch/share/robot_launch/environment/ament_prefix_path.dsv
[0.364s] -- Up-to-date: /home/rpi-team11/ECE4191G11/ROS/install/robot_launch/share/robot_launch/environment/path.sh
[0.364s] -- Up-to-date: /home/rpi-team11/ECE4191G11/ROS/install/robot_launch/share/robot_launch/environment/path.dsv
[0.365s] -- Up-to-date: /home/rpi-team11/ECE4191G11/ROS/install/robot_launch/share/robot_launch/local_setup.bash
[0.365s] -- Up-to-date: /home/rpi-team11/ECE4191G11/ROS/install/robot_launch/share/robot_launch/local_setup.sh
[0.366s] -- Up-to-date: /home/rpi-team11/ECE4191G11/ROS/install/robot_launch/share/robot_launch/local_setup.zsh
[0.366s] -- Up-to-date: /home/rpi-team11/ECE4191G11/ROS/install/robot_launch/share/robot_launch/local_setup.dsv
[0.366s] -- Installing: /home/rpi-team11/ECE4191G11/ROS/install/robot_launch/share/robot_launch/package.dsv
[0.367s] -- Up-to-date: /home/rpi-team11/ECE4191G11/ROS/install/robot_launch/share/ament_index/resource_index/packages/robot_launch
[0.368s] -- Up-to-date: /home/rpi-team11/ECE4191G11/ROS/install/robot_launch/share/robot_launch/cmake/robot_launchConfig.cmake
[0.368s] -- Up-to-date: /home/rpi-team11/ECE4191G11/ROS/install/robot_launch/share/robot_launch/cmake/robot_launchConfig-version.cmake
[0.370s] -- Up-to-date: /home/rpi-team11/ECE4191G11/ROS/install/robot_launch/share/robot_launch/package.xml
[0.381s] Invoked command in '/home/rpi-team11/ECE4191G11/ROS/build/robot_launch' returned '0': AMENT_PREFIX_PATH=/home/rpi-team11/ECE4191G11/ROS/install/robot_controller:/home/rpi-team11/ECE4191G11/ROS/install/robot_launch:/home/rpi-team11/ECE4191G11/ROS/install/robot_interfaces:/opt/ros/humble CMAKE_PREFIX_PATH=/home/rpi-team11/ECE4191G11/ROS/install/robot_interfaces:/home/rpi-team11/ECE4191G11/ROS/install/robot_launch:/home/rpi-team11/ECE4191G11/ROS/install/robot_controller:/opt/ros/humble /usr/bin/cmake --install /home/rpi-team11/ECE4191G11/ROS/build/robot_launch
