[0.881s] Invoking command in '/home/lingc/ECE4191G11/ROS_PC/src/robot_controller': AMENT_PREFIX_PATH=/home/lingc/ECE4191G11/ROS_PC/install/robot_interfaces:${AMENT_PREFIX_PATH} CMAKE_PREFIX_PATH=/home/lingc/ECE4191G11/ROS_PC/install/robot_interfaces LD_LIBRARY_PATH=/home/lingc/ECE4191G11/ROS_PC/install/robot_interfaces/lib:${LD_LIBRARY_PATH} PYTHONPATH=/home/lingc/ECE4191G11/ROS_PC/build/robot_controller/prefix_override:/home/lingc/ECE4191G11/ROS_PC/install/robot_controller/lib/python3.10/site-packages:/home/lingc/ECE4191G11/ROS_PC/install/robot_interfaces/local/lib/python3.10/dist-packages:${PYTHONPATH} /usr/bin/python3 setup.py egg_info --egg-base ../../build/robot_controller build --build-base /home/lingc/ECE4191G11/ROS_PC/build/robot_controller/build install --record /home/lingc/ECE4191G11/ROS_PC/build/robot_controller/install.log --single-version-externally-managed
[1.090s] running egg_info
[1.091s] creating ../../build/robot_controller/robot_controller.egg-info
[1.091s] writing ../../build/robot_controller/robot_controller.egg-info/PKG-INFO
[1.091s] writing dependency_links to ../../build/robot_controller/robot_controller.egg-info/dependency_links.txt
[1.092s] writing entry points to ../../build/robot_controller/robot_controller.egg-info/entry_points.txt
[1.092s] writing requirements to ../../build/robot_controller/robot_controller.egg-info/requires.txt
[1.092s] writing top-level names to ../../build/robot_controller/robot_controller.egg-info/top_level.txt
[1.092s] writing manifest file '../../build/robot_controller/robot_controller.egg-info/SOURCES.txt'
[1.093s] reading manifest file '../../build/robot_controller/robot_controller.egg-info/SOURCES.txt'
[1.094s] writing manifest file '../../build/robot_controller/robot_controller.egg-info/SOURCES.txt'
[1.094s] running build
[1.095s] running build_py
[1.095s] creating /home/lingc/ECE4191G11/ROS_PC/build/robot_controller/build
[1.095s] creating /home/lingc/ECE4191G11/ROS_PC/build/robot_controller/build/lib
[1.095s] creating /home/lingc/ECE4191G11/ROS_PC/build/robot_controller/build/lib/robot_controller
[1.095s] copying robot_controller/__init__.py -> /home/lingc/ECE4191G11/ROS_PC/build/robot_controller/build/lib/robot_controller
[1.095s] copying robot_controller/manual_waypoint.py -> /home/lingc/ECE4191G11/ROS_PC/build/robot_controller/build/lib/robot_controller
[1.111s] copying robot_controller/graphics.py -> /home/lingc/ECE4191G11/ROS_PC/build/robot_controller/build/lib/robot_controller
[1.111s] copying robot_controller/path_planner.py -> /home/lingc/ECE4191G11/ROS_PC/build/robot_controller/build/lib/robot_controller
[1.125s] running install
[1.126s] running install_lib
[1.126s] creating /home/lingc/ECE4191G11/ROS_PC/install/robot_controller/lib/python3.10/site-packages/robot_controller
[1.126s] copying /home/lingc/ECE4191G11/ROS_PC/build/robot_controller/build/lib/robot_controller/__init__.py -> /home/lingc/ECE4191G11/ROS_PC/install/robot_controller/lib/python3.10/site-packages/robot_controller
[1.127s] copying /home/lingc/ECE4191G11/ROS_PC/build/robot_controller/build/lib/robot_controller/manual_waypoint.py -> /home/lingc/ECE4191G11/ROS_PC/install/robot_controller/lib/python3.10/site-packages/robot_controller
[1.127s] copying /home/lingc/ECE4191G11/ROS_PC/build/robot_controller/build/lib/robot_controller/graphics.py -> /home/lingc/ECE4191G11/ROS_PC/install/robot_controller/lib/python3.10/site-packages/robot_controller
[1.127s] copying /home/lingc/ECE4191G11/ROS_PC/build/robot_controller/build/lib/robot_controller/path_planner.py -> /home/lingc/ECE4191G11/ROS_PC/install/robot_controller/lib/python3.10/site-packages/robot_controller
[1.127s] byte-compiling /home/lingc/ECE4191G11/ROS_PC/install/robot_controller/lib/python3.10/site-packages/robot_controller/__init__.py to __init__.cpython-310.pyc
[1.127s] byte-compiling /home/lingc/ECE4191G11/ROS_PC/install/robot_controller/lib/python3.10/site-packages/robot_controller/manual_waypoint.py to manual_waypoint.cpython-310.pyc
[1.128s] byte-compiling /home/lingc/ECE4191G11/ROS_PC/install/robot_controller/lib/python3.10/site-packages/robot_controller/graphics.py to graphics.cpython-310.pyc
[1.128s] byte-compiling /home/lingc/ECE4191G11/ROS_PC/install/robot_controller/lib/python3.10/site-packages/robot_controller/path_planner.py to path_planner.cpython-310.pyc
[1.130s] running install_data
[1.130s] creating /home/lingc/ECE4191G11/ROS_PC/install/robot_controller/share/ament_index
[1.130s] creating /home/lingc/ECE4191G11/ROS_PC/install/robot_controller/share/ament_index/resource_index
[1.131s] creating /home/lingc/ECE4191G11/ROS_PC/install/robot_controller/share/ament_index/resource_index/packages
[1.131s] copying resource/robot_controller -> /home/lingc/ECE4191G11/ROS_PC/install/robot_controller/share/ament_index/resource_index/packages
[1.131s] copying package.xml -> /home/lingc/ECE4191G11/ROS_PC/install/robot_controller/share/robot_controller
[1.131s] running install_egg_info
[1.132s] Copying ../../build/robot_controller/robot_controller.egg-info to /home/lingc/ECE4191G11/ROS_PC/install/robot_controller/lib/python3.10/site-packages/robot_controller-0.0.0-py3.10.egg-info
[1.133s] running install_scripts
[1.149s] Installing manual_waypoint_node script to /home/lingc/ECE4191G11/ROS_PC/install/robot_controller/lib/robot_controller
[1.149s] Installing path_planner_node script to /home/lingc/ECE4191G11/ROS_PC/install/robot_controller/lib/robot_controller
[1.150s] writing list of installed files to '/home/lingc/ECE4191G11/ROS_PC/build/robot_controller/install.log'
[1.171s] Invoked command in '/home/lingc/ECE4191G11/ROS_PC/src/robot_controller' returned '0': AMENT_PREFIX_PATH=/home/lingc/ECE4191G11/ROS_PC/install/robot_interfaces:${AMENT_PREFIX_PATH} CMAKE_PREFIX_PATH=/home/lingc/ECE4191G11/ROS_PC/install/robot_interfaces LD_LIBRARY_PATH=/home/lingc/ECE4191G11/ROS_PC/install/robot_interfaces/lib:${LD_LIBRARY_PATH} PYTHONPATH=/home/lingc/ECE4191G11/ROS_PC/build/robot_controller/prefix_override:/home/lingc/ECE4191G11/ROS_PC/install/robot_controller/lib/python3.10/site-packages:/home/lingc/ECE4191G11/ROS_PC/install/robot_interfaces/local/lib/python3.10/dist-packages:${PYTHONPATH} /usr/bin/python3 setup.py egg_info --egg-base ../../build/robot_controller build --build-base /home/lingc/ECE4191G11/ROS_PC/build/robot_controller/build install --record /home/lingc/ECE4191G11/ROS_PC/build/robot_controller/install.log --single-version-externally-managed
