[0.070s] Invoking command in '/home/rpi-team11/ECE4191G11/ROS/build/robot_interfaces': CMAKE_PREFIX_PATH=${CMAKE_PREFIX_PATH}:/home/rpi-team11/ECE4191G11/ROS/install/robot_controller:/opt/ros/humble /usr/bin/cmake --build /home/rpi-team11/ECE4191G11/ROS/build/robot_interfaces -- -j4 -l4
[0.577s] [35m[1mConsolidate compiler generated dependencies of target robot_interfaces__rosidl_generator_c[0m
[0.613s] [  2%] Built target robot_interfaces__cpp
[0.655s] [ 12%] Built target robot_interfaces__rosidl_generator_c
[0.677s] [35m[1mConsolidate compiler generated dependencies of target robot_interfaces__rosidl_typesupport_cpp[0m
[0.680s] [ 12%] Built target ament_cmake_python_copy_robot_interfaces
[0.695s] [35m[1mConsolidate compiler generated dependencies of target robot_interfaces__rosidl_typesupport_fastrtps_cpp[0m
[0.718s] [35m[1mConsolidate compiler generated dependencies of target robot_interfaces__rosidl_typesupport_introspection_cpp[0m
[0.757s] [35m[1mConsolidate compiler generated dependencies of target robot_interfaces__rosidl_typesupport_fastrtps_c[0m
[0.804s] [ 34%] Built target robot_interfaces__rosidl_typesupport_cpp
[0.805s] [ 34%] Built target robot_interfaces__rosidl_typesupport_fastrtps_cpp
[0.819s] [ 44%] Built target robot_interfaces__rosidl_typesupport_introspection_cpp
[0.843s] [ 55%] Built target robot_interfaces__rosidl_typesupport_fastrtps_c
[0.873s] [35m[1mConsolidate compiler generated dependencies of target robot_interfaces__rosidl_typesupport_introspection_c[0m
[0.874s] [35m[1mConsolidate compiler generated dependencies of target robot_interfaces__rosidl_typesupport_c[0m
[0.939s] [ 65%] Built target robot_interfaces__rosidl_typesupport_c
[0.955s] [ 76%] Built target robot_interfaces__rosidl_typesupport_introspection_c
[1.041s] [ 76%] Built target robot_interfaces
[1.132s] [ 78%] Built target robot_interfaces__py
[1.195s] [35m[1mConsolidate compiler generated dependencies of target robot_interfaces__rosidl_generator_py[0m
[1.286s] [ 87%] Built target robot_interfaces__rosidl_generator_py
[1.342s] [35m[1mConsolidate compiler generated dependencies of target robot_interfaces__rosidl_typesupport_fastrtps_c__pyext[0m
[1.357s] [35m[1mConsolidate compiler generated dependencies of target robot_interfaces__rosidl_typesupport_introspection_c__pyext[0m
[1.385s] [35m[1mConsolidate compiler generated dependencies of target robot_interfaces__rosidl_typesupport_c__pyext[0m
[1.516s] [ 91%] Built target robot_interfaces__rosidl_typesupport_introspection_c__pyext
[1.535s] [ 95%] Built target robot_interfaces__rosidl_typesupport_c__pyext
[1.556s] [100%] Built target robot_interfaces__rosidl_typesupport_fastrtps_c__pyext
[2.693s] running egg_info
[2.696s] writing robot_interfaces.egg-info/PKG-INFO
[2.698s] writing dependency_links to robot_interfaces.egg-info/dependency_links.txt
[2.700s] writing top-level names to robot_interfaces.egg-info/top_level.txt
[2.714s] reading manifest file 'robot_interfaces.egg-info/SOURCES.txt'
[2.717s] writing manifest file 'robot_interfaces.egg-info/SOURCES.txt'
[2.853s] [100%] Built target ament_cmake_python_build_robot_interfaces_egg
[2.912s] Invoked command in '/home/rpi-team11/ECE4191G11/ROS/build/robot_interfaces' returned '0': CMAKE_PREFIX_PATH=${CMAKE_PREFIX_PATH}:/home/rpi-team11/ECE4191G11/ROS/install/robot_controller:/opt/ros/humble /usr/bin/cmake --build /home/rpi-team11/ECE4191G11/ROS/build/robot_interfaces -- -j4 -l4
[3.700s] Invoking command in '/home/rpi-team11/ECE4191G11/ROS/build/robot_interfaces': CMAKE_PREFIX_PATH=${CMAKE_PREFIX_PATH}:/home/rpi-team11/ECE4191G11/ROS/install/robot_controller:/opt/ros/humble /usr/bin/cmake --install /home/rpi-team11/ECE4191G11/ROS/build/robot_interfaces
[3.732s] -- Install configuration: ""
[3.733s] -- Up-to-date: /home/rpi-team11/ECE4191G11/ROS/install/robot_interfaces/share/ament_index/resource_index/rosidl_interfaces/robot_interfaces
[3.733s] -- Up-to-date: /home/rpi-team11/ECE4191G11/ROS/install/robot_interfaces/include/robot_interfaces/robot_interfaces
[3.734s] -- Up-to-date: /home/rpi-team11/ECE4191G11/ROS/install/robot_interfaces/include/robot_interfaces/robot_interfaces/msg
[3.735s] -- Up-to-date: /home/rpi-team11/ECE4191G11/ROS/install/robot_interfaces/include/robot_interfaces/robot_interfaces/msg/waypoint.h
[3.736s] -- Up-to-date: /home/rpi-team11/ECE4191G11/ROS/install/robot_interfaces/include/robot_interfaces/robot_interfaces/msg/detail
[3.737s] -- Up-to-date: /home/rpi-team11/ECE4191G11/ROS/install/robot_interfaces/include/robot_interfaces/robot_interfaces/msg/detail/waypoint__struct.h
[3.737s] -- Up-to-date: /home/rpi-team11/ECE4191G11/ROS/install/robot_interfaces/include/robot_interfaces/robot_interfaces/msg/detail/waypoint__functions.c
[3.739s] -- Up-to-date: /home/rpi-team11/ECE4191G11/ROS/install/robot_interfaces/include/robot_interfaces/robot_interfaces/msg/detail/pose__struct.h
[3.739s] -- Up-to-date: /home/rpi-team11/ECE4191G11/ROS/install/robot_interfaces/include/robot_interfaces/robot_interfaces/msg/detail/distances__type_support.h
[3.740s] -- Up-to-date: /home/rpi-team11/ECE4191G11/ROS/install/robot_interfaces/include/robot_interfaces/robot_interfaces/msg/detail/distances__functions.h
[3.740s] -- Up-to-date: /home/rpi-team11/ECE4191G11/ROS/install/robot_interfaces/include/robot_interfaces/robot_interfaces/msg/detail/waypoint__functions.h
[3.741s] -- Up-to-date: /home/rpi-team11/ECE4191G11/ROS/install/robot_interfaces/include/robot_interfaces/robot_interfaces/msg/detail/waypoint__type_support.h
[3.741s] -- Up-to-date: /home/rpi-team11/ECE4191G11/ROS/install/robot_interfaces/include/robot_interfaces/robot_interfaces/msg/detail/distances__struct.h
[3.742s] -- Up-to-date: /home/rpi-team11/ECE4191G11/ROS/install/robot_interfaces/include/robot_interfaces/robot_interfaces/msg/detail/distances__functions.c
[3.742s] -- Up-to-date: /home/rpi-team11/ECE4191G11/ROS/install/robot_interfaces/include/robot_interfaces/robot_interfaces/msg/detail/pose__type_support.h
[3.743s] -- Up-to-date: /home/rpi-team11/ECE4191G11/ROS/install/robot_interfaces/include/robot_interfaces/robot_interfaces/msg/detail/pose__functions.h
[3.743s] -- Up-to-date: /home/rpi-team11/ECE4191G11/ROS/install/robot_interfaces/include/robot_interfaces/robot_interfaces/msg/detail/pose__functions.c
[3.744s] -- Up-to-date: /home/rpi-team11/ECE4191G11/ROS/install/robot_interfaces/include/robot_interfaces/robot_interfaces/msg/pose.h
[3.744s] -- Up-to-date: /home/rpi-team11/ECE4191G11/ROS/install/robot_interfaces/include/robot_interfaces/robot_interfaces/msg/rosidl_generator_c__visibility_control.h
[3.744s] -- Up-to-date: /home/rpi-team11/ECE4191G11/ROS/install/robot_interfaces/include/robot_interfaces/robot_interfaces/msg/distances.h
[3.745s] -- Up-to-date: /home/rpi-team11/ECE4191G11/ROS/install/robot_interfaces/share/robot_interfaces/environment/library_path.sh
[3.745s] -- Up-to-date: /home/rpi-team11/ECE4191G11/ROS/install/robot_interfaces/share/robot_interfaces/environment/library_path.dsv
[3.746s] -- Up-to-date: /home/rpi-team11/ECE4191G11/ROS/install/robot_interfaces/lib/librobot_interfaces__rosidl_generator_c.so
[3.747s] -- Up-to-date: /home/rpi-team11/ECE4191G11/ROS/install/robot_interfaces/include/robot_interfaces/robot_interfaces
[3.747s] -- Up-to-date: /home/rpi-team11/ECE4191G11/ROS/install/robot_interfaces/include/robot_interfaces/robot_interfaces/msg
[3.748s] -- Up-to-date: /home/rpi-team11/ECE4191G11/ROS/install/robot_interfaces/include/robot_interfaces/robot_interfaces/msg/rosidl_typesupport_fastrtps_c__visibility_control.h
[3.748s] -- Up-to-date: /home/rpi-team11/ECE4191G11/ROS/install/robot_interfaces/include/robot_interfaces/robot_interfaces/msg/detail
[3.748s] -- Up-to-date: /home/rpi-team11/ECE4191G11/ROS/install/robot_interfaces/include/robot_interfaces/robot_interfaces/msg/detail/distances__rosidl_typesupport_fastrtps_c.h
[3.749s] -- Up-to-date: /home/rpi-team11/ECE4191G11/ROS/install/robot_interfaces/include/robot_interfaces/robot_interfaces/msg/detail/waypoint__rosidl_typesupport_fastrtps_c.h
[3.749s] -- Up-to-date: /home/rpi-team11/ECE4191G11/ROS/install/robot_interfaces/include/robot_interfaces/robot_interfaces/msg/detail/pose__rosidl_typesupport_fastrtps_c.h
[3.750s] -- Up-to-date: /home/rpi-team11/ECE4191G11/ROS/install/robot_interfaces/lib/librobot_interfaces__rosidl_typesupport_fastrtps_c.so
[3.752s] -- Up-to-date: /home/rpi-team11/ECE4191G11/ROS/install/robot_interfaces/include/robot_interfaces/robot_interfaces
[3.752s] -- Up-to-date: /home/rpi-team11/ECE4191G11/ROS/install/robot_interfaces/include/robot_interfaces/robot_interfaces/msg
[3.753s] -- Up-to-date: /home/rpi-team11/ECE4191G11/ROS/install/robot_interfaces/include/robot_interfaces/robot_interfaces/msg/detail
[3.754s] -- Up-to-date: /home/rpi-team11/ECE4191G11/ROS/install/robot_interfaces/include/robot_interfaces/robot_interfaces/msg/detail/distances__type_support.c
[3.754s] -- Up-to-date: /home/rpi-team11/ECE4191G11/ROS/install/robot_interfaces/include/robot_interfaces/robot_interfaces/msg/detail/pose__rosidl_typesupport_introspection_c.h
[3.754s] -- Up-to-date: /home/rpi-team11/ECE4191G11/ROS/install/robot_interfaces/include/robot_interfaces/robot_interfaces/msg/detail/distances__rosidl_typesupport_introspection_c.h
[3.755s] -- Up-to-date: /home/rpi-team11/ECE4191G11/ROS/install/robot_interfaces/include/robot_interfaces/robot_interfaces/msg/detail/pose__type_support.c
[3.755s] -- Up-to-date: /home/rpi-team11/ECE4191G11/ROS/install/robot_interfaces/include/robot_interfaces/robot_interfaces/msg/detail/waypoint__type_support.c
[3.756s] -- Up-to-date: /home/rpi-team11/ECE4191G11/ROS/install/robot_interfaces/include/robot_interfaces/robot_interfaces/msg/detail/waypoint__rosidl_typesupport_introspection_c.h
[3.756s] -- Up-to-date: /home/rpi-team11/ECE4191G11/ROS/install/robot_interfaces/include/robot_interfaces/robot_interfaces/msg/rosidl_typesupport_introspection_c__visibility_control.h
[3.757s] -- Up-to-date: /home/rpi-team11/ECE4191G11/ROS/install/robot_interfaces/lib/librobot_interfaces__rosidl_typesupport_introspection_c.so
[3.760s] -- Up-to-date: /home/rpi-team11/ECE4191G11/ROS/install/robot_interfaces/lib/librobot_interfaces__rosidl_typesupport_c.so
[3.761s] -- Up-to-date: /home/rpi-team11/ECE4191G11/ROS/install/robot_interfaces/include/robot_interfaces/robot_interfaces
[3.761s] -- Up-to-date: /home/rpi-team11/ECE4191G11/ROS/install/robot_interfaces/include/robot_interfaces/robot_interfaces/msg
[3.762s] -- Up-to-date: /home/rpi-team11/ECE4191G11/ROS/install/robot_interfaces/include/robot_interfaces/robot_interfaces/msg/detail
[3.762s] -- Up-to-date: /home/rpi-team11/ECE4191G11/ROS/install/robot_interfaces/include/robot_interfaces/robot_interfaces/msg/detail/distances__builder.hpp
[3.763s] -- Up-to-date: /home/rpi-team11/ECE4191G11/ROS/install/robot_interfaces/include/robot_interfaces/robot_interfaces/msg/detail/pose__builder.hpp
[3.763s] -- Up-to-date: /home/rpi-team11/ECE4191G11/ROS/install/robot_interfaces/include/robot_interfaces/robot_interfaces/msg/detail/pose__traits.hpp
[3.763s] -- Up-to-date: /home/rpi-team11/ECE4191G11/ROS/install/robot_interfaces/include/robot_interfaces/robot_interfaces/msg/detail/waypoint__struct.hpp
[3.764s] -- Up-to-date: /home/rpi-team11/ECE4191G11/ROS/install/robot_interfaces/include/robot_interfaces/robot_interfaces/msg/detail/distances__struct.hpp
[3.764s] -- Up-to-date: /home/rpi-team11/ECE4191G11/ROS/install/robot_interfaces/include/robot_interfaces/robot_interfaces/msg/detail/waypoint__traits.hpp
[3.765s] -- Up-to-date: /home/rpi-team11/ECE4191G11/ROS/install/robot_interfaces/include/robot_interfaces/robot_interfaces/msg/detail/distances__traits.hpp
[3.765s] -- Up-to-date: /home/rpi-team11/ECE4191G11/ROS/install/robot_interfaces/include/robot_interfaces/robot_interfaces/msg/detail/pose__struct.hpp
[3.766s] -- Up-to-date: /home/rpi-team11/ECE4191G11/ROS/install/robot_interfaces/include/robot_interfaces/robot_interfaces/msg/detail/waypoint__builder.hpp
[3.766s] -- Up-to-date: /home/rpi-team11/ECE4191G11/ROS/install/robot_interfaces/include/robot_interfaces/robot_interfaces/msg/pose.hpp
[3.766s] -- Up-to-date: /home/rpi-team11/ECE4191G11/ROS/install/robot_interfaces/include/robot_interfaces/robot_interfaces/msg/distances.hpp
[3.767s] -- Up-to-date: /home/rpi-team11/ECE4191G11/ROS/install/robot_interfaces/include/robot_interfaces/robot_interfaces/msg/waypoint.hpp
[3.767s] -- Up-to-date: /home/rpi-team11/ECE4191G11/ROS/install/robot_interfaces/include/robot_interfaces/robot_interfaces
[3.768s] -- Up-to-date: /home/rpi-team11/ECE4191G11/ROS/install/robot_interfaces/include/robot_interfaces/robot_interfaces/msg
[3.768s] -- Up-to-date: /home/rpi-team11/ECE4191G11/ROS/install/robot_interfaces/include/robot_interfaces/robot_interfaces/msg/detail
[3.769s] -- Up-to-date: /home/rpi-team11/ECE4191G11/ROS/install/robot_interfaces/include/robot_interfaces/robot_interfaces/msg/detail/distances__rosidl_typesupport_fastrtps_cpp.hpp
[3.769s] -- Up-to-date: /home/rpi-team11/ECE4191G11/ROS/install/robot_interfaces/include/robot_interfaces/robot_interfaces/msg/detail/dds_fastrtps
[3.769s] -- Up-to-date: /home/rpi-team11/ECE4191G11/ROS/install/robot_interfaces/include/robot_interfaces/robot_interfaces/msg/detail/waypoint__rosidl_typesupport_fastrtps_cpp.hpp
[3.770s] -- Up-to-date: /home/rpi-team11/ECE4191G11/ROS/install/robot_interfaces/include/robot_interfaces/robot_interfaces/msg/detail/pose__rosidl_typesupport_fastrtps_cpp.hpp
[3.770s] -- Up-to-date: /home/rpi-team11/ECE4191G11/ROS/install/robot_interfaces/include/robot_interfaces/robot_interfaces/msg/rosidl_typesupport_fastrtps_cpp__visibility_control.h
[3.771s] -- Up-to-date: /home/rpi-team11/ECE4191G11/ROS/install/robot_interfaces/lib/librobot_interfaces__rosidl_typesupport_fastrtps_cpp.so
[3.773s] -- Up-to-date: /home/rpi-team11/ECE4191G11/ROS/install/robot_interfaces/include/robot_interfaces/robot_interfaces
[3.773s] -- Up-to-date: /home/rpi-team11/ECE4191G11/ROS/install/robot_interfaces/include/robot_interfaces/robot_interfaces/msg
[3.774s] -- Up-to-date: /home/rpi-team11/ECE4191G11/ROS/install/robot_interfaces/include/robot_interfaces/robot_interfaces/msg/detail
[3.774s] -- Up-to-date: /home/rpi-team11/ECE4191G11/ROS/install/robot_interfaces/include/robot_interfaces/robot_interfaces/msg/detail/pose__type_support.cpp
[3.775s] -- Up-to-date: /home/rpi-team11/ECE4191G11/ROS/install/robot_interfaces/include/robot_interfaces/robot_interfaces/msg/detail/distances__type_support.cpp
[3.775s] -- Up-to-date: /home/rpi-team11/ECE4191G11/ROS/install/robot_interfaces/include/robot_interfaces/robot_interfaces/msg/detail/pose__rosidl_typesupport_introspection_cpp.hpp
[3.775s] -- Up-to-date: /home/rpi-team11/ECE4191G11/ROS/install/robot_interfaces/include/robot_interfaces/robot_interfaces/msg/detail/waypoint__type_support.cpp
[3.776s] -- Up-to-date: /home/rpi-team11/ECE4191G11/ROS/install/robot_interfaces/include/robot_interfaces/robot_interfaces/msg/detail/distances__rosidl_typesupport_introspection_cpp.hpp
[3.776s] -- Up-to-date: /home/rpi-team11/ECE4191G11/ROS/install/robot_interfaces/include/robot_interfaces/robot_interfaces/msg/detail/waypoint__rosidl_typesupport_introspection_cpp.hpp
[3.778s] -- Up-to-date: /home/rpi-team11/ECE4191G11/ROS/install/robot_interfaces/lib/librobot_interfaces__rosidl_typesupport_introspection_cpp.so
[3.781s] -- Up-to-date: /home/rpi-team11/ECE4191G11/ROS/install/robot_interfaces/lib/librobot_interfaces__rosidl_typesupport_cpp.so
[3.782s] -- Up-to-date: /home/rpi-team11/ECE4191G11/ROS/install/robot_interfaces/share/robot_interfaces/environment/pythonpath.sh
[3.783s] -- Up-to-date: /home/rpi-team11/ECE4191G11/ROS/install/robot_interfaces/share/robot_interfaces/environment/pythonpath.dsv
[3.783s] -- Up-to-date: /home/rpi-team11/ECE4191G11/ROS/install/robot_interfaces/local/lib/python3.10/dist-packages/robot_interfaces-0.0.0-py3.10.egg-info
[3.784s] -- Installing: /home/rpi-team11/ECE4191G11/ROS/install/robot_interfaces/local/lib/python3.10/dist-packages/robot_interfaces-0.0.0-py3.10.egg-info/dependency_links.txt
[3.785s] -- Installing: /home/rpi-team11/ECE4191G11/ROS/install/robot_interfaces/local/lib/python3.10/dist-packages/robot_interfaces-0.0.0-py3.10.egg-info/top_level.txt
[3.786s] -- Installing: /home/rpi-team11/ECE4191G11/ROS/install/robot_interfaces/local/lib/python3.10/dist-packages/robot_interfaces-0.0.0-py3.10.egg-info/SOURCES.txt
[3.788s] -- Installing: /home/rpi-team11/ECE4191G11/ROS/install/robot_interfaces/local/lib/python3.10/dist-packages/robot_interfaces-0.0.0-py3.10.egg-info/PKG-INFO
[3.789s] -- Up-to-date: /home/rpi-team11/ECE4191G11/ROS/install/robot_interfaces/local/lib/python3.10/dist-packages/robot_interfaces
[3.790s] -- Up-to-date: /home/rpi-team11/ECE4191G11/ROS/install/robot_interfaces/local/lib/python3.10/dist-packages/robot_interfaces/msg
[3.790s] -- Up-to-date: /home/rpi-team11/ECE4191G11/ROS/install/robot_interfaces/local/lib/python3.10/dist-packages/robot_interfaces/msg/_distances.py
[3.790s] -- Up-to-date: /home/rpi-team11/ECE4191G11/ROS/install/robot_interfaces/local/lib/python3.10/dist-packages/robot_interfaces/msg/_waypoint.py
[3.791s] -- Up-to-date: /home/rpi-team11/ECE4191G11/ROS/install/robot_interfaces/local/lib/python3.10/dist-packages/robot_interfaces/msg/_pose_s.c
[3.791s] -- Up-to-date: /home/rpi-team11/ECE4191G11/ROS/install/robot_interfaces/local/lib/python3.10/dist-packages/robot_interfaces/msg/__init__.py
[3.792s] -- Up-to-date: /home/rpi-team11/ECE4191G11/ROS/install/robot_interfaces/local/lib/python3.10/dist-packages/robot_interfaces/msg/_waypoint_s.c
[3.792s] -- Up-to-date: /home/rpi-team11/ECE4191G11/ROS/install/robot_interfaces/local/lib/python3.10/dist-packages/robot_interfaces/msg/_pose.py
[3.793s] -- Up-to-date: /home/rpi-team11/ECE4191G11/ROS/install/robot_interfaces/local/lib/python3.10/dist-packages/robot_interfaces/msg/_distances_s.c
[3.793s] -- Up-to-date: /home/rpi-team11/ECE4191G11/ROS/install/robot_interfaces/local/lib/python3.10/dist-packages/robot_interfaces/_robot_interfaces_s.ep.rosidl_typesupport_c.c
[3.793s] -- Up-to-date: /home/rpi-team11/ECE4191G11/ROS/install/robot_interfaces/local/lib/python3.10/dist-packages/robot_interfaces/__init__.py
[3.794s] -- Up-to-date: /home/rpi-team11/ECE4191G11/ROS/install/robot_interfaces/local/lib/python3.10/dist-packages/robot_interfaces/robot_interfaces_s__rosidl_typesupport_c.cpython-310-aarch64-linux-gnu.so
[3.794s] -- Up-to-date: /home/rpi-team11/ECE4191G11/ROS/install/robot_interfaces/local/lib/python3.10/dist-packages/robot_interfaces/_robot_interfaces_s.ep.rosidl_typesupport_introspection_c.c
[3.795s] -- Up-to-date: /home/rpi-team11/ECE4191G11/ROS/install/robot_interfaces/local/lib/python3.10/dist-packages/robot_interfaces/_robot_interfaces_s.ep.rosidl_typesupport_fastrtps_c.c
[3.795s] -- Up-to-date: /home/rpi-team11/ECE4191G11/ROS/install/robot_interfaces/local/lib/python3.10/dist-packages/robot_interfaces/librobot_interfaces__rosidl_generator_py.so
[3.795s] -- Up-to-date: /home/rpi-team11/ECE4191G11/ROS/install/robot_interfaces/local/lib/python3.10/dist-packages/robot_interfaces/robot_interfaces_s__rosidl_typesupport_fastrtps_c.cpython-310-aarch64-linux-gnu.so
[3.796s] -- Up-to-date: /home/rpi-team11/ECE4191G11/ROS/install/robot_interfaces/local/lib/python3.10/dist-packages/robot_interfaces/robot_interfaces_s__rosidl_typesupport_introspection_c.cpython-310-aarch64-linux-gnu.so
[3.943s] Listing '/home/rpi-team11/ECE4191G11/ROS/install/robot_interfaces/local/lib/python3.10/dist-packages/robot_interfaces'...
[3.944s] Listing '/home/rpi-team11/ECE4191G11/ROS/install/robot_interfaces/local/lib/python3.10/dist-packages/robot_interfaces/msg'...
[3.967s] -- Up-to-date: /home/rpi-team11/ECE4191G11/ROS/install/robot_interfaces/local/lib/python3.10/dist-packages/robot_interfaces/robot_interfaces_s__rosidl_typesupport_fastrtps_c.cpython-310-aarch64-linux-gnu.so
[3.970s] -- Up-to-date: /home/rpi-team11/ECE4191G11/ROS/install/robot_interfaces/local/lib/python3.10/dist-packages/robot_interfaces/robot_interfaces_s__rosidl_typesupport_introspection_c.cpython-310-aarch64-linux-gnu.so
[3.973s] -- Up-to-date: /home/rpi-team11/ECE4191G11/ROS/install/robot_interfaces/local/lib/python3.10/dist-packages/robot_interfaces/robot_interfaces_s__rosidl_typesupport_c.cpython-310-aarch64-linux-gnu.so
[3.977s] -- Up-to-date: /home/rpi-team11/ECE4191G11/ROS/install/robot_interfaces/lib/librobot_interfaces__rosidl_generator_py.so
[3.978s] -- Up-to-date: /home/rpi-team11/ECE4191G11/ROS/install/robot_interfaces/share/robot_interfaces/msg/Waypoint.idl
[3.979s] -- Up-to-date: /home/rpi-team11/ECE4191G11/ROS/install/robot_interfaces/share/robot_interfaces/msg/Pose.idl
[3.979s] -- Up-to-date: /home/rpi-team11/ECE4191G11/ROS/install/robot_interfaces/share/robot_interfaces/msg/Distances.idl
[3.980s] -- Up-to-date: /home/rpi-team11/ECE4191G11/ROS/install/robot_interfaces/share/robot_interfaces/msg/Waypoint.msg
[3.981s] -- Up-to-date: /home/rpi-team11/ECE4191G11/ROS/install/robot_interfaces/share/robot_interfaces/msg/Pose.msg
[3.981s] -- Up-to-date: /home/rpi-team11/ECE4191G11/ROS/install/robot_interfaces/share/robot_interfaces/msg/Distances.msg
[3.982s] -- Up-to-date: /home/rpi-team11/ECE4191G11/ROS/install/robot_interfaces/share/ament_index/resource_index/package_run_dependencies/robot_interfaces
[3.982s] -- Up-to-date: /home/rpi-team11/ECE4191G11/ROS/install/robot_interfaces/share/ament_index/resource_index/parent_prefix_path/robot_interfaces
[3.983s] -- Up-to-date: /home/rpi-team11/ECE4191G11/ROS/install/robot_interfaces/share/robot_interfaces/environment/ament_prefix_path.sh
[3.983s] -- Up-to-date: /home/rpi-team11/ECE4191G11/ROS/install/robot_interfaces/share/robot_interfaces/environment/ament_prefix_path.dsv
[3.984s] -- Up-to-date: /home/rpi-team11/ECE4191G11/ROS/install/robot_interfaces/share/robot_interfaces/environment/path.sh
[3.984s] -- Up-to-date: /home/rpi-team11/ECE4191G11/ROS/install/robot_interfaces/share/robot_interfaces/environment/path.dsv
[3.985s] -- Up-to-date: /home/rpi-team11/ECE4191G11/ROS/install/robot_interfaces/share/robot_interfaces/local_setup.bash
[3.993s] -- Up-to-date: /home/rpi-team11/ECE4191G11/ROS/install/robot_interfaces/share/robot_interfaces/local_setup.sh
[3.993s] -- Up-to-date: /home/rpi-team11/ECE4191G11/ROS/install/robot_interfaces/share/robot_interfaces/local_setup.zsh
[3.994s] -- Up-to-date: /home/rpi-team11/ECE4191G11/ROS/install/robot_interfaces/share/robot_interfaces/local_setup.dsv
[3.994s] -- Installing: /home/rpi-team11/ECE4191G11/ROS/install/robot_interfaces/share/robot_interfaces/package.dsv
[3.995s] -- Up-to-date: /home/rpi-team11/ECE4191G11/ROS/install/robot_interfaces/share/ament_index/resource_index/packages/robot_interfaces
[3.996s] -- Up-to-date: /home/rpi-team11/ECE4191G11/ROS/install/robot_interfaces/share/robot_interfaces/cmake/export_robot_interfaces__rosidl_generator_cExport.cmake
[3.997s] -- Up-to-date: /home/rpi-team11/ECE4191G11/ROS/install/robot_interfaces/share/robot_interfaces/cmake/export_robot_interfaces__rosidl_generator_cExport-noconfig.cmake
[3.997s] -- Up-to-date: /home/rpi-team11/ECE4191G11/ROS/install/robot_interfaces/share/robot_interfaces/cmake/export_robot_interfaces__rosidl_typesupport_fastrtps_cExport.cmake
[3.997s] -- Up-to-date: /home/rpi-team11/ECE4191G11/ROS/install/robot_interfaces/share/robot_interfaces/cmake/export_robot_interfaces__rosidl_typesupport_fastrtps_cExport-noconfig.cmake
[3.998s] -- Up-to-date: /home/rpi-team11/ECE4191G11/ROS/install/robot_interfaces/share/robot_interfaces/cmake/robot_interfaces__rosidl_typesupport_introspection_cExport.cmake
[3.999s] -- Up-to-date: /home/rpi-team11/ECE4191G11/ROS/install/robot_interfaces/share/robot_interfaces/cmake/robot_interfaces__rosidl_typesupport_introspection_cExport-noconfig.cmake
[4.001s] -- Up-to-date: /home/rpi-team11/ECE4191G11/ROS/install/robot_interfaces/share/robot_interfaces/cmake/robot_interfaces__rosidl_typesupport_cExport.cmake
[4.001s] -- Up-to-date: /home/rpi-team11/ECE4191G11/ROS/install/robot_interfaces/share/robot_interfaces/cmake/robot_interfaces__rosidl_typesupport_cExport-noconfig.cmake
[4.003s] -- Up-to-date: /home/rpi-team11/ECE4191G11/ROS/install/robot_interfaces/share/robot_interfaces/cmake/export_robot_interfaces__rosidl_generator_cppExport.cmake
[4.005s] -- Up-to-date: /home/rpi-team11/ECE4191G11/ROS/install/robot_interfaces/share/robot_interfaces/cmake/export_robot_interfaces__rosidl_typesupport_fastrtps_cppExport.cmake
[4.006s] -- Up-to-date: /home/rpi-team11/ECE4191G11/ROS/install/robot_interfaces/share/robot_interfaces/cmake/export_robot_interfaces__rosidl_typesupport_fastrtps_cppExport-noconfig.cmake
[4.009s] -- Up-to-date: /home/rpi-team11/ECE4191G11/ROS/install/robot_interfaces/share/robot_interfaces/cmake/robot_interfaces__rosidl_typesupport_introspection_cppExport.cmake
[4.009s] -- Up-to-date: /home/rpi-team11/ECE4191G11/ROS/install/robot_interfaces/share/robot_interfaces/cmake/robot_interfaces__rosidl_typesupport_introspection_cppExport-noconfig.cmake
[4.011s] -- Up-to-date: /home/rpi-team11/ECE4191G11/ROS/install/robot_interfaces/share/robot_interfaces/cmake/robot_interfaces__rosidl_typesupport_cppExport.cmake
[4.012s] -- Up-to-date: /home/rpi-team11/ECE4191G11/ROS/install/robot_interfaces/share/robot_interfaces/cmake/robot_interfaces__rosidl_typesupport_cppExport-noconfig.cmake
[4.014s] -- Up-to-date: /home/rpi-team11/ECE4191G11/ROS/install/robot_interfaces/share/robot_interfaces/cmake/export_robot_interfaces__rosidl_generator_pyExport.cmake
[4.016s] -- Up-to-date: /home/rpi-team11/ECE4191G11/ROS/install/robot_interfaces/share/robot_interfaces/cmake/export_robot_interfaces__rosidl_generator_pyExport-noconfig.cmake
[4.017s] -- Up-to-date: /home/rpi-team11/ECE4191G11/ROS/install/robot_interfaces/share/robot_interfaces/cmake/rosidl_cmake-extras.cmake
[4.018s] -- Up-to-date: /home/rpi-team11/ECE4191G11/ROS/install/robot_interfaces/share/robot_interfaces/cmake/ament_cmake_export_include_directories-extras.cmake
[4.019s] -- Up-to-date: /home/rpi-team11/ECE4191G11/ROS/install/robot_interfaces/share/robot_interfaces/cmake/ament_cmake_export_libraries-extras.cmake
[4.020s] -- Up-to-date: /home/rpi-team11/ECE4191G11/ROS/install/robot_interfaces/share/robot_interfaces/cmake/ament_cmake_export_targets-extras.cmake
[4.021s] -- Up-to-date: /home/rpi-team11/ECE4191G11/ROS/install/robot_interfaces/share/robot_interfaces/cmake/rosidl_cmake_export_typesupport_targets-extras.cmake
[4.022s] -- Up-to-date: /home/rpi-team11/ECE4191G11/ROS/install/robot_interfaces/share/robot_interfaces/cmake/ament_cmake_export_dependencies-extras.cmake
[4.022s] -- Up-to-date: /home/rpi-team11/ECE4191G11/ROS/install/robot_interfaces/share/robot_interfaces/cmake/rosidl_cmake_export_typesupport_libraries-extras.cmake
[4.023s] -- Up-to-date: /home/rpi-team11/ECE4191G11/ROS/install/robot_interfaces/share/robot_interfaces/cmake/robot_interfacesConfig.cmake
[4.024s] -- Up-to-date: /home/rpi-team11/ECE4191G11/ROS/install/robot_interfaces/share/robot_interfaces/cmake/robot_interfacesConfig-version.cmake
[4.025s] -- Up-to-date: /home/rpi-team11/ECE4191G11/ROS/install/robot_interfaces/share/robot_interfaces/package.xml
[4.033s] Invoked command in '/home/rpi-team11/ECE4191G11/ROS/build/robot_interfaces' returned '0': CMAKE_PREFIX_PATH=${CMAKE_PREFIX_PATH}:/home/rpi-team11/ECE4191G11/ROS/install/robot_controller:/opt/ros/humble /usr/bin/cmake --install /home/rpi-team11/ECE4191G11/ROS/build/robot_interfaces
