[0.672s] Invoking command in '/home/lingc/ECE4191G11/ROS_PC/src/robot_controller': CMAKE_PREFIX_PATH=/home/lingc/ECE4191G11/ROS_PC/install/robot_interfaces:/home/lingc/ECE4191G11/ROS_PC/install/robot_launch PYTHONPATH=/home/lingc/ECE4191G11/ROS_PC/build/robot_controller/prefix_override:/home/lingc/ECE4191G11/ROS_PC/install/robot_controller/lib/python3.10/site-packages:${PYTHONPATH} /usr/bin/python3 setup.py egg_info --egg-base ../../build/robot_controller build --build-base /home/lingc/ECE4191G11/ROS_PC/build/robot_controller/build install --record /home/lingc/ECE4191G11/ROS_PC/build/robot_controller/install.log --single-version-externally-managed
[0.930s] running egg_info
[0.930s] writing ../../build/robot_controller/robot_controller.egg-info/PKG-INFO
[0.931s] writing dependency_links to ../../build/robot_controller/robot_controller.egg-info/dependency_links.txt
[0.932s] writing entry points to ../../build/robot_controller/robot_controller.egg-info/entry_points.txt
[0.932s] writing requirements to ../../build/robot_controller/robot_controller.egg-info/requires.txt
[0.933s] writing top-level names to ../../build/robot_controller/robot_controller.egg-info/top_level.txt
[0.937s] reading manifest file '../../build/robot_controller/robot_controller.egg-info/SOURCES.txt'
[0.938s] writing manifest file '../../build/robot_controller/robot_controller.egg-info/SOURCES.txt'
[0.938s] running build
[0.938s] running build_py
[0.939s] copying robot_controller/path_planner.py -> /home/lingc/ECE4191G11/ROS_PC/build/robot_controller/build/lib/robot_controller
[0.940s] running install
[0.940s] running install_lib
[0.941s] copying /home/lingc/ECE4191G11/ROS_PC/build/robot_controller/build/lib/robot_controller/path_planner.py -> /home/lingc/ECE4191G11/ROS_PC/install/robot_controller/lib/python3.10/site-packages/robot_controller
[0.942s] byte-compiling /home/lingc/ECE4191G11/ROS_PC/install/robot_controller/lib/python3.10/site-packages/robot_controller/path_planner.py to path_planner.cpython-310.pyc
[0.943s] running install_data
[0.944s] running install_egg_info
[0.945s] removing '/home/lingc/ECE4191G11/ROS_PC/install/robot_controller/lib/python3.10/site-packages/robot_controller-0.0.0-py3.10.egg-info' (and everything under it)
[0.946s] Copying ../../build/robot_controller/robot_controller.egg-info to /home/lingc/ECE4191G11/ROS_PC/install/robot_controller/lib/python3.10/site-packages/robot_controller-0.0.0-py3.10.egg-info
[0.947s] running install_scripts
[0.965s] Installing manual_waypoint_node script to /home/lingc/ECE4191G11/ROS_PC/install/robot_controller/lib/robot_controller
[0.966s] Installing path_planner_node script to /home/lingc/ECE4191G11/ROS_PC/install/robot_controller/lib/robot_controller
[0.967s] writing list of installed files to '/home/lingc/ECE4191G11/ROS_PC/build/robot_controller/install.log'
[0.995s] Invoked command in '/home/lingc/ECE4191G11/ROS_PC/src/robot_controller' returned '0': CMAKE_PREFIX_PATH=/home/lingc/ECE4191G11/ROS_PC/install/robot_interfaces:/home/lingc/ECE4191G11/ROS_PC/install/robot_launch PYTHONPATH=/home/lingc/ECE4191G11/ROS_PC/build/robot_controller/prefix_override:/home/lingc/ECE4191G11/ROS_PC/install/robot_controller/lib/python3.10/site-packages:${PYTHONPATH} /usr/bin/python3 setup.py egg_info --egg-base ../../build/robot_controller build --build-base /home/lingc/ECE4191G11/ROS_PC/build/robot_controller/build install --record /home/lingc/ECE4191G11/ROS_PC/build/robot_controller/install.log --single-version-externally-managed
