[3.231s] Invoking command in '/home/rpi-team11/ECE4191G11/ROS/src/robot_controller': CMAKE_PREFIX_PATH=/home/rpi-team11/ECE4191G11/ROS/install/robot_interfaces:/home/rpi-team11/ECE4191G11/ROS/install/robot_launch PYTHONPATH=/home/rpi-team11/ECE4191G11/ROS/build/robot_controller/prefix_override:/home/rpi-team11/ECE4191G11/ROS/install/robot_controller/lib/python3.10/site-packages:${PYTHONPATH} /usr/bin/python3 setup.py egg_info --egg-base ../../build/robot_controller build --build-base /home/rpi-team11/ECE4191G11/ROS/build/robot_controller/build install --record /home/rpi-team11/ECE4191G11/ROS/build/robot_controller/install.log --single-version-externally-managed
[4.322s] running egg_info
[4.324s] writing ../../build/robot_controller/robot_controller.egg-info/PKG-INFO
[4.325s] writing dependency_links to ../../build/robot_controller/robot_controller.egg-info/dependency_links.txt
[4.326s] writing entry points to ../../build/robot_controller/robot_controller.egg-info/entry_points.txt
[4.327s] writing requirements to ../../build/robot_controller/robot_controller.egg-info/requires.txt
[4.328s] writing top-level names to ../../build/robot_controller/robot_controller.egg-info/top_level.txt
[4.336s] reading manifest file '../../build/robot_controller/robot_controller.egg-info/SOURCES.txt'
[4.340s] writing manifest file '../../build/robot_controller/robot_controller.egg-info/SOURCES.txt'
[4.341s] running build
[4.341s] running build_py
[4.343s] copying robot_controller/drive.py -> /home/rpi-team11/ECE4191G11/ROS/build/robot_controller/build/lib/robot_controller
[4.344s] running install
[4.346s] running install_lib
[4.350s] copying /home/rpi-team11/ECE4191G11/ROS/build/robot_controller/build/lib/robot_controller/drive.py -> /home/rpi-team11/ECE4191G11/ROS/install/robot_controller/lib/python3.10/site-packages/robot_controller
[4.353s] byte-compiling /home/rpi-team11/ECE4191G11/ROS/install/robot_controller/lib/python3.10/site-packages/robot_controller/drive.py to drive.cpython-310.pyc
[4.363s] running install_data
[4.366s] running install_egg_info
[4.372s] removing '/home/rpi-team11/ECE4191G11/ROS/install/robot_controller/lib/python3.10/site-packages/robot_controller-0.0.0-py3.10.egg-info' (and everything under it)
[4.374s] Copying ../../build/robot_controller/robot_controller.egg-info to /home/rpi-team11/ECE4191G11/ROS/install/robot_controller/lib/python3.10/site-packages/robot_controller-0.0.0-py3.10.egg-info
[4.381s] running install_scripts
[4.454s] Installing drive_node script to /home/rpi-team11/ECE4191G11/ROS/install/robot_controller/lib/robot_controller
[4.455s] Installing encoder_node script to /home/rpi-team11/ECE4191G11/ROS/install/robot_controller/lib/robot_controller
[4.455s] Installing manual_waypoint_node script to /home/rpi-team11/ECE4191G11/ROS/install/robot_controller/lib/robot_controller
[4.456s] Installing path_planner_node script to /home/rpi-team11/ECE4191G11/ROS/install/robot_controller/lib/robot_controller
[4.457s] Installing ultrasonic_node script to /home/rpi-team11/ECE4191G11/ROS/install/robot_controller/lib/robot_controller
[4.459s] writing list of installed files to '/home/rpi-team11/ECE4191G11/ROS/build/robot_controller/install.log'
[4.592s] Invoked command in '/home/rpi-team11/ECE4191G11/ROS/src/robot_controller' returned '0': CMAKE_PREFIX_PATH=/home/rpi-team11/ECE4191G11/ROS/install/robot_interfaces:/home/rpi-team11/ECE4191G11/ROS/install/robot_launch PYTHONPATH=/home/rpi-team11/ECE4191G11/ROS/build/robot_controller/prefix_override:/home/rpi-team11/ECE4191G11/ROS/install/robot_controller/lib/python3.10/site-packages:${PYTHONPATH} /usr/bin/python3 setup.py egg_info --egg-base ../../build/robot_controller build --build-base /home/rpi-team11/ECE4191G11/ROS/build/robot_controller/build install --record /home/rpi-team11/ECE4191G11/ROS/build/robot_controller/install.log --single-version-externally-managed
