[0.052s] Invoking command in '/home/rpi-team11/ECE4191G11/ROS/build/robot_launch': AMENT_PREFIX_PATH=/home/rpi-team11/ECE4191G11/ROS/install/robot_controller:/home/rpi-team11/ECE4191G11/ROS/install/robot_launch:/home/rpi-team11/ECE4191G11/ROS/install/robot_interfaces:/opt/ros/humble CMAKE_PREFIX_PATH=/home/rpi-team11/ECE4191G11/ROS/install/robot_interfaces:/home/rpi-team11/ECE4191G11/ROS/install/robot_launch:/home/rpi-team11/ECE4191G11/ROS/install/robot_controller:/opt/ros/humble /usr/bin/cmake /home/rpi-team11/ECE4191G11/ROS/src/robot_launch -DCMAKE_INSTALL_PREFIX=/home/rpi-team11/ECE4191G11/ROS/install/robot_launch
[0.303s] -- The C compiler identification is GNU 11.4.0
[0.552s] -- The CXX compiler identification is GNU 11.4.0
[0.581s] -- Detecting C compiler ABI info
[0.888s] -- Detecting C compiler ABI info - done
[0.915s] -- Check for working C compiler: /usr/bin/cc - skipped
[0.916s] -- Detecting C compile features
[0.917s] -- Detecting C compile features - done
[0.928s] -- Detecting CXX compiler ABI info
[1.265s] -- Detecting CXX compiler ABI info - done
[1.291s] -- Check for working CXX compiler: /usr/bin/c++ - skipped
[1.292s] -- Detecting CXX compile features
[1.294s] -- Detecting CXX compile features - done
[1.319s] -- Found ament_cmake: 1.3.5 (/opt/ros/humble/share/ament_cmake/cmake)
[2.145s] -- Found Python3: /usr/bin/python3.10 (found version "3.10.12") found components: Interpreter 
[2.966s] -- Configuring done
[2.983s] -- Generating done
[2.987s] -- Build files have been written to: /home/rpi-team11/ECE4191G11/ROS/build/robot_launch
[3.001s] Invoked command in '/home/rpi-team11/ECE4191G11/ROS/build/robot_launch' returned '0': AMENT_PREFIX_PATH=/home/rpi-team11/ECE4191G11/ROS/install/robot_controller:/home/rpi-team11/ECE4191G11/ROS/install/robot_launch:/home/rpi-team11/ECE4191G11/ROS/install/robot_interfaces:/opt/ros/humble CMAKE_PREFIX_PATH=/home/rpi-team11/ECE4191G11/ROS/install/robot_interfaces:/home/rpi-team11/ECE4191G11/ROS/install/robot_launch:/home/rpi-team11/ECE4191G11/ROS/install/robot_controller:/opt/ros/humble /usr/bin/cmake /home/rpi-team11/ECE4191G11/ROS/src/robot_launch -DCMAKE_INSTALL_PREFIX=/home/rpi-team11/ECE4191G11/ROS/install/robot_launch
[3.009s] Invoking command in '/home/rpi-team11/ECE4191G11/ROS/build/robot_launch': AMENT_PREFIX_PATH=/home/rpi-team11/ECE4191G11/ROS/install/robot_controller:/home/rpi-team11/ECE4191G11/ROS/install/robot_launch:/home/rpi-team11/ECE4191G11/ROS/install/robot_interfaces:/opt/ros/humble CMAKE_PREFIX_PATH=/home/rpi-team11/ECE4191G11/ROS/install/robot_interfaces:/home/rpi-team11/ECE4191G11/ROS/install/robot_launch:/home/rpi-team11/ECE4191G11/ROS/install/robot_controller:/opt/ros/humble /usr/bin/cmake --build /home/rpi-team11/ECE4191G11/ROS/build/robot_launch -- -j4 -l4
[3.154s] Invoked command in '/home/rpi-team11/ECE4191G11/ROS/build/robot_launch' returned '0': AMENT_PREFIX_PATH=/home/rpi-team11/ECE4191G11/ROS/install/robot_controller:/home/rpi-team11/ECE4191G11/ROS/install/robot_launch:/home/rpi-team11/ECE4191G11/ROS/install/robot_interfaces:/opt/ros/humble CMAKE_PREFIX_PATH=/home/rpi-team11/ECE4191G11/ROS/install/robot_interfaces:/home/rpi-team11/ECE4191G11/ROS/install/robot_launch:/home/rpi-team11/ECE4191G11/ROS/install/robot_controller:/opt/ros/humble /usr/bin/cmake --build /home/rpi-team11/ECE4191G11/ROS/build/robot_launch -- -j4 -l4
[3.273s] Invoking command in '/home/rpi-team11/ECE4191G11/ROS/build/robot_launch': AMENT_PREFIX_PATH=/home/rpi-team11/ECE4191G11/ROS/install/robot_controller:/home/rpi-team11/ECE4191G11/ROS/install/robot_launch:/home/rpi-team11/ECE4191G11/ROS/install/robot_interfaces:/opt/ros/humble CMAKE_PREFIX_PATH=/home/rpi-team11/ECE4191G11/ROS/install/robot_interfaces:/home/rpi-team11/ECE4191G11/ROS/install/robot_launch:/home/rpi-team11/ECE4191G11/ROS/install/robot_controller:/opt/ros/humble /usr/bin/cmake --install /home/rpi-team11/ECE4191G11/ROS/build/robot_launch
[3.301s] -- Install configuration: ""
[3.302s] -- Installing: /home/rpi-team11/ECE4191G11/ROS/install/robot_launch/share/robot_launch/launch
[3.302s] -- Installing: /home/rpi-team11/ECE4191G11/ROS/install/robot_launch/share/robot_launch/launch/robot.launch.py
[3.304s] -- Installing: /home/rpi-team11/ECE4191G11/ROS/install/robot_launch/share/ament_index/resource_index/package_run_dependencies/robot_launch
[3.306s] -- Installing: /home/rpi-team11/ECE4191G11/ROS/install/robot_launch/share/ament_index/resource_index/parent_prefix_path/robot_launch
[3.308s] -- Installing: /home/rpi-team11/ECE4191G11/ROS/install/robot_launch/share/robot_launch/environment/ament_prefix_path.sh
[3.309s] -- Installing: /home/rpi-team11/ECE4191G11/ROS/install/robot_launch/share/robot_launch/environment/ament_prefix_path.dsv
[3.310s] -- Installing: /home/rpi-team11/ECE4191G11/ROS/install/robot_launch/share/robot_launch/environment/path.sh
[3.311s] -- Installing: /home/rpi-team11/ECE4191G11/ROS/install/robot_launch/share/robot_launch/environment/path.dsv
[3.312s] -- Installing: /home/rpi-team11/ECE4191G11/ROS/install/robot_launch/share/robot_launch/local_setup.bash
[3.313s] -- Installing: /home/rpi-team11/ECE4191G11/ROS/install/robot_launch/share/robot_launch/local_setup.sh
[3.314s] -- Installing: /home/rpi-team11/ECE4191G11/ROS/install/robot_launch/share/robot_launch/local_setup.zsh
[3.315s] -- Installing: /home/rpi-team11/ECE4191G11/ROS/install/robot_launch/share/robot_launch/local_setup.dsv
[3.316s] -- Installing: /home/rpi-team11/ECE4191G11/ROS/install/robot_launch/share/robot_launch/package.dsv
[3.318s] -- Installing: /home/rpi-team11/ECE4191G11/ROS/install/robot_launch/share/ament_index/resource_index/packages/robot_launch
[3.319s] -- Installing: /home/rpi-team11/ECE4191G11/ROS/install/robot_launch/share/robot_launch/cmake/robot_launchConfig.cmake
[3.320s] -- Installing: /home/rpi-team11/ECE4191G11/ROS/install/robot_launch/share/robot_launch/cmake/robot_launchConfig-version.cmake
[3.322s] -- Installing: /home/rpi-team11/ECE4191G11/ROS/install/robot_launch/share/robot_launch/package.xml
[3.335s] Invoked command in '/home/rpi-team11/ECE4191G11/ROS/build/robot_launch' returned '0': AMENT_PREFIX_PATH=/home/rpi-team11/ECE4191G11/ROS/install/robot_controller:/home/rpi-team11/ECE4191G11/ROS/install/robot_launch:/home/rpi-team11/ECE4191G11/ROS/install/robot_interfaces:/opt/ros/humble CMAKE_PREFIX_PATH=/home/rpi-team11/ECE4191G11/ROS/install/robot_interfaces:/home/rpi-team11/ECE4191G11/ROS/install/robot_launch:/home/rpi-team11/ECE4191G11/ROS/install/robot_controller:/opt/ros/humble /usr/bin/cmake --install /home/rpi-team11/ECE4191G11/ROS/build/robot_launch
