[1.474s] DEBUG:colcon:Command line arguments: ['/usr/bin/colcon', 'build']
[1.474s] DEBUG:colcon:Parsed command line arguments: Namespace(log_base=None, log_level=None, verb_name='build', build_base='build', install_base='install', merge_install=False, symlink_install=False, test_result_base=None, continue_on_error=False, executor='parallel', parallel_workers=4, event_handlers=None, ignore_user_meta=False, metas=['./colcon.meta'], base_paths=['.'], packages_ignore=None, packages_ignore_regex=None, paths=None, packages_up_to=None, packages_up_to_regex=None, packages_above=None, packages_above_and_dependencies=None, packages_above_depth=None, packages_select_by_dep=None, packages_skip_by_dep=None, packages_skip_up_to=None, packages_select_build_failed=False, packages_skip_build_finished=False, packages_select_test_failures=False, packages_skip_test_passed=False, packages_select=None, packages_skip=None, packages_select_regex=None, packages_skip_regex=None, packages_start=None, packages_end=None, allow_overriding=[], cmake_args=None, cmake_target=None, cmake_target_skip_unavailable=False, cmake_clean_cache=False, cmake_clean_first=False, cmake_force_configure=False, ament_cmake_args=None, catkin_cmake_args=None, catkin_skip_building_tests=False, verb_parser=<colcon_defaults.argument_parser.defaults.DefaultArgumentsDecorator object at 0xffff96cca170>, verb_extension=<colcon_core.verb.build.BuildVerb object at 0xffff96cc9c00>, main=<bound method BuildVerb.main of <colcon_core.verb.build.BuildVerb object at 0xffff96cc9c00>>)
[1.577s] Level 1:colcon.colcon_core.package_discovery:discover_packages(colcon_meta) check parameters
[1.577s] Level 1:colcon.colcon_core.package_discovery:discover_packages(recursive) check parameters
[1.578s] Level 1:colcon.colcon_core.package_discovery:discover_packages(ignore) check parameters
[1.578s] Level 1:colcon.colcon_core.package_discovery:discover_packages(path) check parameters
[1.578s] Level 1:colcon.colcon_core.package_discovery:discover_packages(colcon_meta) discover
[1.578s] Level 1:colcon.colcon_core.package_discovery:discover_packages(recursive) discover
[1.578s] INFO:colcon.colcon_core.package_discovery:Crawling recursively for packages in '/home/rpi-team11/ECE4191G11/ROS'
[1.579s] Level 1:colcon.colcon_core.package_identification:_identify(.) by extensions ['ignore', 'ignore_ament_install']
[1.579s] Level 1:colcon.colcon_core.package_identification:_identify(.) by extension 'ignore'
[1.579s] Level 1:colcon.colcon_core.package_identification:_identify(.) by extension 'ignore_ament_install'
[1.580s] Level 1:colcon.colcon_core.package_identification:_identify(.) by extensions ['colcon_pkg']
[1.580s] Level 1:colcon.colcon_core.package_identification:_identify(.) by extension 'colcon_pkg'
[1.580s] Level 1:colcon.colcon_core.package_identification:_identify(.) by extensions ['colcon_meta']
[1.580s] Level 1:colcon.colcon_core.package_identification:_identify(.) by extension 'colcon_meta'
[1.580s] Level 1:colcon.colcon_core.package_identification:_identify(.) by extensions ['ros']
[1.580s] Level 1:colcon.colcon_core.package_identification:_identify(.) by extension 'ros'
[1.625s] Level 1:colcon.colcon_core.package_identification:_identify(.) by extensions ['cmake', 'python']
[1.625s] Level 1:colcon.colcon_core.package_identification:_identify(.) by extension 'cmake'
[1.625s] Level 1:colcon.colcon_core.package_identification:_identify(.) by extension 'python'
[1.625s] Level 1:colcon.colcon_core.package_identification:_identify(.) by extensions ['python_setup_py']
[1.625s] Level 1:colcon.colcon_core.package_identification:_identify(.) by extension 'python_setup_py'
[1.626s] Level 1:colcon.colcon_core.package_identification:_identify(build) by extensions ['ignore', 'ignore_ament_install']
[1.626s] Level 1:colcon.colcon_core.package_identification:_identify(build) by extension 'ignore'
[1.627s] Level 1:colcon.colcon_core.package_identification:_identify(build) ignored
[1.627s] Level 1:colcon.colcon_core.package_identification:_identify(install) by extensions ['ignore', 'ignore_ament_install']
[1.628s] Level 1:colcon.colcon_core.package_identification:_identify(install) by extension 'ignore'
[1.628s] Level 1:colcon.colcon_core.package_identification:_identify(install) ignored
[1.629s] Level 1:colcon.colcon_core.package_identification:_identify(log) by extensions ['ignore', 'ignore_ament_install']
[1.629s] Level 1:colcon.colcon_core.package_identification:_identify(log) by extension 'ignore'
[1.629s] Level 1:colcon.colcon_core.package_identification:_identify(log) ignored
[1.630s] Level 1:colcon.colcon_core.package_identification:_identify(src) by extensions ['ignore', 'ignore_ament_install']
[1.630s] Level 1:colcon.colcon_core.package_identification:_identify(src) by extension 'ignore'
[1.630s] Level 1:colcon.colcon_core.package_identification:_identify(src) by extension 'ignore_ament_install'
[1.631s] Level 1:colcon.colcon_core.package_identification:_identify(src) by extensions ['colcon_pkg']
[1.631s] Level 1:colcon.colcon_core.package_identification:_identify(src) by extension 'colcon_pkg'
[1.631s] Level 1:colcon.colcon_core.package_identification:_identify(src) by extensions ['colcon_meta']
[1.631s] Level 1:colcon.colcon_core.package_identification:_identify(src) by extension 'colcon_meta'
[1.631s] Level 1:colcon.colcon_core.package_identification:_identify(src) by extensions ['ros']
[1.631s] Level 1:colcon.colcon_core.package_identification:_identify(src) by extension 'ros'
[1.632s] Level 1:colcon.colcon_core.package_identification:_identify(src) by extensions ['cmake', 'python']
[1.632s] Level 1:colcon.colcon_core.package_identification:_identify(src) by extension 'cmake'
[1.632s] Level 1:colcon.colcon_core.package_identification:_identify(src) by extension 'python'
[1.632s] Level 1:colcon.colcon_core.package_identification:_identify(src) by extensions ['python_setup_py']
[1.632s] Level 1:colcon.colcon_core.package_identification:_identify(src) by extension 'python_setup_py'
[1.633s] Level 1:colcon.colcon_core.package_identification:_identify(src/robot_controller) by extensions ['ignore', 'ignore_ament_install']
[1.633s] Level 1:colcon.colcon_core.package_identification:_identify(src/robot_controller) by extension 'ignore'
[1.633s] Level 1:colcon.colcon_core.package_identification:_identify(src/robot_controller) by extension 'ignore_ament_install'
[1.634s] Level 1:colcon.colcon_core.package_identification:_identify(src/robot_controller) by extensions ['colcon_pkg']
[1.634s] Level 1:colcon.colcon_core.package_identification:_identify(src/robot_controller) by extension 'colcon_pkg'
[1.634s] Level 1:colcon.colcon_core.package_identification:_identify(src/robot_controller) by extensions ['colcon_meta']
[1.634s] Level 1:colcon.colcon_core.package_identification:_identify(src/robot_controller) by extension 'colcon_meta'
[1.634s] Level 1:colcon.colcon_core.package_identification:_identify(src/robot_controller) by extensions ['ros']
[1.634s] Level 1:colcon.colcon_core.package_identification:_identify(src/robot_controller) by extension 'ros'
[1.646s] DEBUG:colcon.colcon_core.package_identification:Package 'src/robot_controller' with type 'ros.ament_python' and name 'robot_controller'
[1.647s] Level 1:colcon.colcon_core.package_identification:_identify(src/robot_interfaces) by extensions ['ignore', 'ignore_ament_install']
[1.647s] Level 1:colcon.colcon_core.package_identification:_identify(src/robot_interfaces) by extension 'ignore'
[1.648s] Level 1:colcon.colcon_core.package_identification:_identify(src/robot_interfaces) by extension 'ignore_ament_install'
[1.648s] Level 1:colcon.colcon_core.package_identification:_identify(src/robot_interfaces) by extensions ['colcon_pkg']
[1.648s] Level 1:colcon.colcon_core.package_identification:_identify(src/robot_interfaces) by extension 'colcon_pkg'
[1.648s] Level 1:colcon.colcon_core.package_identification:_identify(src/robot_interfaces) by extensions ['colcon_meta']
[1.648s] Level 1:colcon.colcon_core.package_identification:_identify(src/robot_interfaces) by extension 'colcon_meta'
[1.649s] Level 1:colcon.colcon_core.package_identification:_identify(src/robot_interfaces) by extensions ['ros']
[1.649s] Level 1:colcon.colcon_core.package_identification:_identify(src/robot_interfaces) by extension 'ros'
[1.651s] DEBUG:colcon.colcon_core.package_identification:Package 'src/robot_interfaces' with type 'ros.ament_cmake' and name 'robot_interfaces'
[1.652s] Level 1:colcon.colcon_core.package_identification:_identify(src/robot_launch) by extensions ['ignore', 'ignore_ament_install']
[1.652s] Level 1:colcon.colcon_core.package_identification:_identify(src/robot_launch) by extension 'ignore'
[1.652s] Level 1:colcon.colcon_core.package_identification:_identify(src/robot_launch) by extension 'ignore_ament_install'
[1.652s] Level 1:colcon.colcon_core.package_identification:_identify(src/robot_launch) by extensions ['colcon_pkg']
[1.653s] Level 1:colcon.colcon_core.package_identification:_identify(src/robot_launch) by extension 'colcon_pkg'
[1.653s] Level 1:colcon.colcon_core.package_identification:_identify(src/robot_launch) by extensions ['colcon_meta']
[1.653s] Level 1:colcon.colcon_core.package_identification:_identify(src/robot_launch) by extension 'colcon_meta'
[1.653s] Level 1:colcon.colcon_core.package_identification:_identify(src/robot_launch) by extensions ['ros']
[1.653s] Level 1:colcon.colcon_core.package_identification:_identify(src/robot_launch) by extension 'ros'
[1.655s] DEBUG:colcon.colcon_core.package_identification:Package 'src/robot_launch' with type 'ros.ament_cmake' and name 'robot_launch'
[1.655s] Level 1:colcon.colcon_core.package_discovery:discover_packages(recursive) using defaults
[1.656s] Level 1:colcon.colcon_core.package_discovery:discover_packages(ignore) discover
[1.656s] Level 1:colcon.colcon_core.package_discovery:discover_packages(ignore) using defaults
[1.656s] Level 1:colcon.colcon_core.package_discovery:discover_packages(path) discover
[1.656s] Level 1:colcon.colcon_core.package_discovery:discover_packages(path) using defaults
[1.750s] Level 1:colcon.colcon_core.package_discovery:discover_packages(prefix_path) check parameters
[1.750s] Level 1:colcon.colcon_core.package_discovery:discover_packages(prefix_path) discover
[1.763s] DEBUG:colcon.colcon_installed_package_information.package_discovery:Found 3 installed packages in /home/rpi-team11/ECE4191G11/ROS/install
[1.774s] DEBUG:colcon.colcon_installed_package_information.package_discovery:Found 270 installed packages in /opt/ros/humble
[1.780s] Level 1:colcon.colcon_core.package_discovery:discover_packages(prefix_path) using defaults
[2.043s] Level 5:colcon.colcon_core.verb:set package 'robot_interfaces' build argument 'cmake_args' from command line to 'None'
[2.043s] Level 5:colcon.colcon_core.verb:set package 'robot_interfaces' build argument 'cmake_target' from command line to 'None'
[2.043s] Level 5:colcon.colcon_core.verb:set package 'robot_interfaces' build argument 'cmake_target_skip_unavailable' from command line to 'False'
[2.043s] Level 5:colcon.colcon_core.verb:set package 'robot_interfaces' build argument 'cmake_clean_cache' from command line to 'False'
[2.044s] Level 5:colcon.colcon_core.verb:set package 'robot_interfaces' build argument 'cmake_clean_first' from command line to 'False'
[2.044s] Level 5:colcon.colcon_core.verb:set package 'robot_interfaces' build argument 'cmake_force_configure' from command line to 'False'
[2.044s] Level 5:colcon.colcon_core.verb:set package 'robot_interfaces' build argument 'ament_cmake_args' from command line to 'None'
[2.044s] Level 5:colcon.colcon_core.verb:set package 'robot_interfaces' build argument 'catkin_cmake_args' from command line to 'None'
[2.044s] Level 5:colcon.colcon_core.verb:set package 'robot_interfaces' build argument 'catkin_skip_building_tests' from command line to 'False'
[2.044s] DEBUG:colcon.colcon_core.verb:Building package 'robot_interfaces' with the following arguments: {'ament_cmake_args': None, 'build_base': '/home/rpi-team11/ECE4191G11/ROS/build/robot_interfaces', 'catkin_cmake_args': None, 'catkin_skip_building_tests': False, 'cmake_args': None, 'cmake_clean_cache': False, 'cmake_clean_first': False, 'cmake_force_configure': False, 'cmake_target': None, 'cmake_target_skip_unavailable': False, 'install_base': '/home/rpi-team11/ECE4191G11/ROS/install/robot_interfaces', 'merge_install': False, 'path': '/home/rpi-team11/ECE4191G11/ROS/src/robot_interfaces', 'symlink_install': False, 'test_result_base': None}
[2.048s] Level 5:colcon.colcon_core.verb:set package 'robot_controller' build argument 'cmake_args' from command line to 'None'
[2.049s] Level 5:colcon.colcon_core.verb:set package 'robot_controller' build argument 'cmake_target' from command line to 'None'
[2.049s] Level 5:colcon.colcon_core.verb:set package 'robot_controller' build argument 'cmake_target_skip_unavailable' from command line to 'False'
[2.049s] Level 5:colcon.colcon_core.verb:set package 'robot_controller' build argument 'cmake_clean_cache' from command line to 'False'
[2.049s] Level 5:colcon.colcon_core.verb:set package 'robot_controller' build argument 'cmake_clean_first' from command line to 'False'
[2.049s] Level 5:colcon.colcon_core.verb:set package 'robot_controller' build argument 'cmake_force_configure' from command line to 'False'
[2.049s] Level 5:colcon.colcon_core.verb:set package 'robot_controller' build argument 'ament_cmake_args' from command line to 'None'
[2.049s] Level 5:colcon.colcon_core.verb:set package 'robot_controller' build argument 'catkin_cmake_args' from command line to 'None'
[2.049s] Level 5:colcon.colcon_core.verb:set package 'robot_controller' build argument 'catkin_skip_building_tests' from command line to 'False'
[2.050s] DEBUG:colcon.colcon_core.verb:Building package 'robot_controller' with the following arguments: {'ament_cmake_args': None, 'build_base': '/home/rpi-team11/ECE4191G11/ROS/build/robot_controller', 'catkin_cmake_args': None, 'catkin_skip_building_tests': False, 'cmake_args': None, 'cmake_clean_cache': False, 'cmake_clean_first': False, 'cmake_force_configure': False, 'cmake_target': None, 'cmake_target_skip_unavailable': False, 'install_base': '/home/rpi-team11/ECE4191G11/ROS/install/robot_controller', 'merge_install': False, 'path': '/home/rpi-team11/ECE4191G11/ROS/src/robot_controller', 'symlink_install': False, 'test_result_base': None}
[2.054s] Level 5:colcon.colcon_core.verb:set package 'robot_launch' build argument 'cmake_args' from command line to 'None'
[2.054s] Level 5:colcon.colcon_core.verb:set package 'robot_launch' build argument 'cmake_target' from command line to 'None'
[2.054s] Level 5:colcon.colcon_core.verb:set package 'robot_launch' build argument 'cmake_target_skip_unavailable' from command line to 'False'
[2.054s] Level 5:colcon.colcon_core.verb:set package 'robot_launch' build argument 'cmake_clean_cache' from command line to 'False'
[2.054s] Level 5:colcon.colcon_core.verb:set package 'robot_launch' build argument 'cmake_clean_first' from command line to 'False'
[2.054s] Level 5:colcon.colcon_core.verb:set package 'robot_launch' build argument 'cmake_force_configure' from command line to 'False'
[2.054s] Level 5:colcon.colcon_core.verb:set package 'robot_launch' build argument 'ament_cmake_args' from command line to 'None'
[2.054s] Level 5:colcon.colcon_core.verb:set package 'robot_launch' build argument 'catkin_cmake_args' from command line to 'None'
[2.055s] Level 5:colcon.colcon_core.verb:set package 'robot_launch' build argument 'catkin_skip_building_tests' from command line to 'False'
[2.055s] DEBUG:colcon.colcon_core.verb:Building package 'robot_launch' with the following arguments: {'ament_cmake_args': None, 'build_base': '/home/rpi-team11/ECE4191G11/ROS/build/robot_launch', 'catkin_cmake_args': None, 'catkin_skip_building_tests': False, 'cmake_args': None, 'cmake_clean_cache': False, 'cmake_clean_first': False, 'cmake_force_configure': False, 'cmake_target': None, 'cmake_target_skip_unavailable': False, 'install_base': '/home/rpi-team11/ECE4191G11/ROS/install/robot_launch', 'merge_install': False, 'path': '/home/rpi-team11/ECE4191G11/ROS/src/robot_launch', 'symlink_install': False, 'test_result_base': None}
[2.057s] INFO:colcon.colcon_core.executor:Executing jobs using 'parallel' executor
[2.070s] DEBUG:colcon.colcon_parallel_executor.executor.parallel:run_until_complete
[2.071s] INFO:colcon.colcon_ros.task.ament_cmake.build:Building ROS package in '/home/rpi-team11/ECE4191G11/ROS/src/robot_interfaces' with build type 'ament_cmake'
[2.072s] INFO:colcon.colcon_cmake.task.cmake.build:Building CMake package in '/home/rpi-team11/ECE4191G11/ROS/src/robot_interfaces'
[2.094s] INFO:colcon.colcon_core.plugin_system:Skipping extension 'colcon_core.shell.bat': Not used on non-Windows systems
[2.095s] INFO:colcon.colcon_core.shell:Skip shell extension 'powershell' for command environment: Not usable outside of PowerShell
[2.095s] DEBUG:colcon.colcon_core.shell:Skip shell extension 'dsv' for command environment
[2.140s] DEBUG:colcon.colcon_core.event_handler.log_command:Invoking command in '/home/rpi-team11/ECE4191G11/ROS/build/robot_interfaces': CMAKE_PREFIX_PATH=${CMAKE_PREFIX_PATH}:/home/rpi-team11/ECE4191G11/ROS/install/robot_controller:/opt/ros/humble /usr/bin/cmake --build /home/rpi-team11/ECE4191G11/ROS/build/robot_interfaces -- -j4 -l4
[3.940s] DEBUG:colcon.colcon_core.event_handler.log_command:Invoked command in '/home/rpi-team11/ECE4191G11/ROS/build/robot_interfaces' returned '0': CMAKE_PREFIX_PATH=${CMAKE_PREFIX_PATH}:/home/rpi-team11/ECE4191G11/ROS/install/robot_controller:/opt/ros/humble /usr/bin/cmake --build /home/rpi-team11/ECE4191G11/ROS/build/robot_interfaces -- -j4 -l4
[4.754s] DEBUG:colcon.colcon_core.event_handler.log_command:Invoking command in '/home/rpi-team11/ECE4191G11/ROS/build/robot_interfaces': CMAKE_PREFIX_PATH=${CMAKE_PREFIX_PATH}:/home/rpi-team11/ECE4191G11/ROS/install/robot_controller:/opt/ros/humble /usr/bin/cmake --install /home/rpi-team11/ECE4191G11/ROS/build/robot_interfaces
[5.058s] Level 1:colcon.colcon_core.environment:create_environment_scripts_only(robot_interfaces)
[5.065s] DEBUG:colcon.colcon_core.event_handler.log_command:Invoked command in '/home/rpi-team11/ECE4191G11/ROS/build/robot_interfaces' returned '0': CMAKE_PREFIX_PATH=${CMAKE_PREFIX_PATH}:/home/rpi-team11/ECE4191G11/ROS/install/robot_controller:/opt/ros/humble /usr/bin/cmake --install /home/rpi-team11/ECE4191G11/ROS/build/robot_interfaces
[5.083s] Level 1:colcon.colcon_core.environment:checking '/home/rpi-team11/ECE4191G11/ROS/install/robot_interfaces' for CMake module files
[5.088s] Level 1:colcon.colcon_core.environment:checking '/home/rpi-team11/ECE4191G11/ROS/install/robot_interfaces' for CMake config files
[5.093s] Level 1:colcon.colcon_core.shell:create_environment_hook('robot_interfaces', 'cmake_prefix_path')
[5.099s] INFO:colcon.colcon_core.shell:Creating environment hook '/home/rpi-team11/ECE4191G11/ROS/install/robot_interfaces/share/robot_interfaces/hook/cmake_prefix_path.ps1'
[5.102s] INFO:colcon.colcon_core.shell:Creating environment descriptor '/home/rpi-team11/ECE4191G11/ROS/install/robot_interfaces/share/robot_interfaces/hook/cmake_prefix_path.dsv'
[5.104s] INFO:colcon.colcon_core.shell:Creating environment hook '/home/rpi-team11/ECE4191G11/ROS/install/robot_interfaces/share/robot_interfaces/hook/cmake_prefix_path.sh'
[5.109s] Level 1:colcon.colcon_core.environment:checking '/home/rpi-team11/ECE4191G11/ROS/install/robot_interfaces/lib'
[5.110s] Level 1:colcon.colcon_core.shell:create_environment_hook('robot_interfaces', 'ld_library_path_lib')
[5.116s] INFO:colcon.colcon_core.shell:Creating environment hook '/home/rpi-team11/ECE4191G11/ROS/install/robot_interfaces/share/robot_interfaces/hook/ld_library_path_lib.ps1'
[5.118s] INFO:colcon.colcon_core.shell:Creating environment descriptor '/home/rpi-team11/ECE4191G11/ROS/install/robot_interfaces/share/robot_interfaces/hook/ld_library_path_lib.dsv'
[5.121s] INFO:colcon.colcon_core.shell:Creating environment hook '/home/rpi-team11/ECE4191G11/ROS/install/robot_interfaces/share/robot_interfaces/hook/ld_library_path_lib.sh'
[5.123s] Level 1:colcon.colcon_core.environment:checking '/home/rpi-team11/ECE4191G11/ROS/install/robot_interfaces/bin'
[5.123s] Level 1:colcon.colcon_core.environment:checking '/home/rpi-team11/ECE4191G11/ROS/install/robot_interfaces/lib/pkgconfig/robot_interfaces.pc'
[5.125s] Level 1:colcon.colcon_core.environment:checking '/home/rpi-team11/ECE4191G11/ROS/install/robot_interfaces/lib/python3.10/site-packages'
[5.126s] Level 1:colcon.colcon_core.environment:checking '/home/rpi-team11/ECE4191G11/ROS/install/robot_interfaces/bin'
[5.132s] INFO:colcon.colcon_core.shell:Creating package script '/home/rpi-team11/ECE4191G11/ROS/install/robot_interfaces/share/robot_interfaces/package.ps1'
[5.135s] INFO:colcon.colcon_core.shell:Creating package descriptor '/home/rpi-team11/ECE4191G11/ROS/install/robot_interfaces/share/robot_interfaces/package.dsv'
[5.138s] INFO:colcon.colcon_core.shell:Creating package script '/home/rpi-team11/ECE4191G11/ROS/install/robot_interfaces/share/robot_interfaces/package.sh'
[5.141s] INFO:colcon.colcon_core.shell:Creating package script '/home/rpi-team11/ECE4191G11/ROS/install/robot_interfaces/share/robot_interfaces/package.bash'
[5.144s] INFO:colcon.colcon_core.shell:Creating package script '/home/rpi-team11/ECE4191G11/ROS/install/robot_interfaces/share/robot_interfaces/package.zsh'
[5.148s] Level 1:colcon.colcon_core.environment:create_file_with_runtime_dependencies(/home/rpi-team11/ECE4191G11/ROS/install/robot_interfaces/share/colcon-core/packages/robot_interfaces)
[5.940s] Level 1:colcon.colcon_core.environment:create_environment_scripts_only(robot_interfaces)
[5.951s] Level 1:colcon.colcon_core.environment:checking '/home/rpi-team11/ECE4191G11/ROS/install/robot_interfaces' for CMake module files
[5.955s] Level 1:colcon.colcon_core.environment:checking '/home/rpi-team11/ECE4191G11/ROS/install/robot_interfaces' for CMake config files
[5.960s] Level 1:colcon.colcon_core.shell:create_environment_hook('robot_interfaces', 'cmake_prefix_path')
[5.965s] INFO:colcon.colcon_core.shell:Creating environment hook '/home/rpi-team11/ECE4191G11/ROS/install/robot_interfaces/share/robot_interfaces/hook/cmake_prefix_path.ps1'
[5.967s] INFO:colcon.colcon_core.shell:Creating environment descriptor '/home/rpi-team11/ECE4191G11/ROS/install/robot_interfaces/share/robot_interfaces/hook/cmake_prefix_path.dsv'
[5.969s] INFO:colcon.colcon_core.shell:Creating environment hook '/home/rpi-team11/ECE4191G11/ROS/install/robot_interfaces/share/robot_interfaces/hook/cmake_prefix_path.sh'
[5.972s] Level 1:colcon.colcon_core.environment:checking '/home/rpi-team11/ECE4191G11/ROS/install/robot_interfaces/lib'
[5.972s] Level 1:colcon.colcon_core.shell:create_environment_hook('robot_interfaces', 'ld_library_path_lib')
[5.977s] INFO:colcon.colcon_core.shell:Creating environment hook '/home/rpi-team11/ECE4191G11/ROS/install/robot_interfaces/share/robot_interfaces/hook/ld_library_path_lib.ps1'
[5.980s] INFO:colcon.colcon_core.shell:Creating environment descriptor '/home/rpi-team11/ECE4191G11/ROS/install/robot_interfaces/share/robot_interfaces/hook/ld_library_path_lib.dsv'
[5.981s] INFO:colcon.colcon_core.shell:Creating environment hook '/home/rpi-team11/ECE4191G11/ROS/install/robot_interfaces/share/robot_interfaces/hook/ld_library_path_lib.sh'
[5.983s] Level 1:colcon.colcon_core.environment:checking '/home/rpi-team11/ECE4191G11/ROS/install/robot_interfaces/bin'
[5.984s] Level 1:colcon.colcon_core.environment:checking '/home/rpi-team11/ECE4191G11/ROS/install/robot_interfaces/lib/pkgconfig/robot_interfaces.pc'
[5.985s] Level 1:colcon.colcon_core.environment:checking '/home/rpi-team11/ECE4191G11/ROS/install/robot_interfaces/lib/python3.10/site-packages'
[5.986s] Level 1:colcon.colcon_core.environment:checking '/home/rpi-team11/ECE4191G11/ROS/install/robot_interfaces/bin'
[5.991s] INFO:colcon.colcon_core.shell:Creating package script '/home/rpi-team11/ECE4191G11/ROS/install/robot_interfaces/share/robot_interfaces/package.ps1'
[5.994s] INFO:colcon.colcon_core.shell:Creating package descriptor '/home/rpi-team11/ECE4191G11/ROS/install/robot_interfaces/share/robot_interfaces/package.dsv'
[5.997s] INFO:colcon.colcon_core.shell:Creating package script '/home/rpi-team11/ECE4191G11/ROS/install/robot_interfaces/share/robot_interfaces/package.sh'
[5.999s] INFO:colcon.colcon_core.shell:Creating package script '/home/rpi-team11/ECE4191G11/ROS/install/robot_interfaces/share/robot_interfaces/package.bash'
[6.001s] INFO:colcon.colcon_core.shell:Creating package script '/home/rpi-team11/ECE4191G11/ROS/install/robot_interfaces/share/robot_interfaces/package.zsh'
[6.004s] Level 1:colcon.colcon_core.environment:create_file_with_runtime_dependencies(/home/rpi-team11/ECE4191G11/ROS/install/robot_interfaces/share/colcon-core/packages/robot_interfaces)
[6.005s] INFO:colcon.colcon_ros.task.ament_python.build:Building ROS package in '/home/rpi-team11/ECE4191G11/ROS/src/robot_controller' with build type 'ament_python'
[6.006s] Level 1:colcon.colcon_core.shell:create_environment_hook('robot_controller', 'ament_prefix_path')
[6.014s] INFO:colcon.colcon_core.shell:Creating environment hook '/home/rpi-team11/ECE4191G11/ROS/install/robot_controller/share/robot_controller/hook/ament_prefix_path.ps1'
[6.017s] INFO:colcon.colcon_core.shell:Creating environment descriptor '/home/rpi-team11/ECE4191G11/ROS/install/robot_controller/share/robot_controller/hook/ament_prefix_path.dsv'
[6.018s] INFO:colcon.colcon_core.shell:Creating environment hook '/home/rpi-team11/ECE4191G11/ROS/install/robot_controller/share/robot_controller/hook/ament_prefix_path.sh'
[6.025s] INFO:colcon.colcon_core.shell:Skip shell extension 'powershell' for command environment: Not usable outside of PowerShell
[6.026s] DEBUG:colcon.colcon_core.shell:Skip shell extension 'dsv' for command environment
[7.608s] INFO:colcon.colcon_core.task.python.build:Building Python package in '/home/rpi-team11/ECE4191G11/ROS/src/robot_controller'
[7.615s] INFO:colcon.colcon_core.shell:Skip shell extension 'powershell' for command environment: Not usable outside of PowerShell
[7.616s] DEBUG:colcon.colcon_core.shell:Skip shell extension 'dsv' for command environment
[9.871s] DEBUG:colcon.colcon_core.event_handler.log_command:Invoking command in '/home/rpi-team11/ECE4191G11/ROS/src/robot_controller': CMAKE_PREFIX_PATH=/home/rpi-team11/ECE4191G11/ROS/install/robot_interfaces:/home/rpi-team11/ECE4191G11/ROS/install/robot_launch PYTHONPATH=/home/rpi-team11/ECE4191G11/ROS/build/robot_controller/prefix_override:/home/rpi-team11/ECE4191G11/ROS/install/robot_controller/lib/python3.10/site-packages:${PYTHONPATH} /usr/bin/python3 setup.py egg_info --egg-base ../../build/robot_controller build --build-base /home/rpi-team11/ECE4191G11/ROS/build/robot_controller/build install --record /home/rpi-team11/ECE4191G11/ROS/build/robot_controller/install.log --single-version-externally-managed
[11.929s] DEBUG:colcon.colcon_core.event_handler.log_command:Invoked command in '/home/rpi-team11/ECE4191G11/ROS/src/robot_controller' returned '0': CMAKE_PREFIX_PATH=/home/rpi-team11/ECE4191G11/ROS/install/robot_interfaces:/home/rpi-team11/ECE4191G11/ROS/install/robot_launch PYTHONPATH=/home/rpi-team11/ECE4191G11/ROS/build/robot_controller/prefix_override:/home/rpi-team11/ECE4191G11/ROS/install/robot_controller/lib/python3.10/site-packages:${PYTHONPATH} /usr/bin/python3 setup.py egg_info --egg-base ../../build/robot_controller build --build-base /home/rpi-team11/ECE4191G11/ROS/build/robot_controller/build install --record /home/rpi-team11/ECE4191G11/ROS/build/robot_controller/install.log --single-version-externally-managed
[11.934s] Level 1:colcon.colcon_core.environment:checking '/home/rpi-team11/ECE4191G11/ROS/install/robot_controller' for CMake module files
[11.937s] Level 1:colcon.colcon_core.environment:checking '/home/rpi-team11/ECE4191G11/ROS/install/robot_controller' for CMake config files
[11.942s] Level 1:colcon.colcon_core.environment:checking '/home/rpi-team11/ECE4191G11/ROS/install/robot_controller/lib'
[11.943s] Level 1:colcon.colcon_core.environment:checking '/home/rpi-team11/ECE4191G11/ROS/install/robot_controller/bin'
[11.944s] Level 1:colcon.colcon_core.environment:checking '/home/rpi-team11/ECE4191G11/ROS/install/robot_controller/lib/pkgconfig/robot_controller.pc'
[11.945s] Level 1:colcon.colcon_core.environment:checking '/home/rpi-team11/ECE4191G11/ROS/install/robot_controller/lib/python3.10/site-packages'
[11.946s] Level 1:colcon.colcon_core.shell:create_environment_hook('robot_controller', 'pythonpath')
[11.953s] INFO:colcon.colcon_core.shell:Creating environment hook '/home/rpi-team11/ECE4191G11/ROS/install/robot_controller/share/robot_controller/hook/pythonpath.ps1'
[11.957s] INFO:colcon.colcon_core.shell:Creating environment descriptor '/home/rpi-team11/ECE4191G11/ROS/install/robot_controller/share/robot_controller/hook/pythonpath.dsv'
[11.959s] INFO:colcon.colcon_core.shell:Creating environment hook '/home/rpi-team11/ECE4191G11/ROS/install/robot_controller/share/robot_controller/hook/pythonpath.sh'
[11.963s] Level 1:colcon.colcon_core.environment:checking '/home/rpi-team11/ECE4191G11/ROS/install/robot_controller/bin'
[11.963s] Level 1:colcon.colcon_core.environment:create_environment_scripts_only(robot_controller)
[11.971s] INFO:colcon.colcon_core.shell:Creating package script '/home/rpi-team11/ECE4191G11/ROS/install/robot_controller/share/robot_controller/package.ps1'
[11.975s] INFO:colcon.colcon_core.shell:Creating package descriptor '/home/rpi-team11/ECE4191G11/ROS/install/robot_controller/share/robot_controller/package.dsv'
[11.978s] INFO:colcon.colcon_core.shell:Creating package script '/home/rpi-team11/ECE4191G11/ROS/install/robot_controller/share/robot_controller/package.sh'
[11.982s] INFO:colcon.colcon_core.shell:Creating package script '/home/rpi-team11/ECE4191G11/ROS/install/robot_controller/share/robot_controller/package.bash'
[11.985s] INFO:colcon.colcon_core.shell:Creating package script '/home/rpi-team11/ECE4191G11/ROS/install/robot_controller/share/robot_controller/package.zsh'
[11.987s] Level 1:colcon.colcon_core.environment:create_file_with_runtime_dependencies(/home/rpi-team11/ECE4191G11/ROS/install/robot_controller/share/colcon-core/packages/robot_controller)
[11.989s] INFO:colcon.colcon_ros.task.ament_cmake.build:Building ROS package in '/home/rpi-team11/ECE4191G11/ROS/src/robot_launch' with build type 'ament_cmake'
[11.990s] INFO:colcon.colcon_cmake.task.cmake.build:Building CMake package in '/home/rpi-team11/ECE4191G11/ROS/src/robot_launch'
[11.998s] INFO:colcon.colcon_core.shell:Skip shell extension 'powershell' for command environment: Not usable outside of PowerShell
[11.998s] DEBUG:colcon.colcon_core.shell:Skip shell extension 'dsv' for command environment
[12.070s] DEBUG:colcon.colcon_core.event_handler.log_command:Invoking command in '/home/rpi-team11/ECE4191G11/ROS/build/robot_launch': AMENT_PREFIX_PATH=/home/rpi-team11/ECE4191G11/ROS/install/robot_controller:/home/rpi-team11/ECE4191G11/ROS/install/robot_launch:/home/rpi-team11/ECE4191G11/ROS/install/robot_interfaces:/opt/ros/humble CMAKE_PREFIX_PATH=/home/rpi-team11/ECE4191G11/ROS/install/robot_interfaces:/home/rpi-team11/ECE4191G11/ROS/install/robot_launch:/home/rpi-team11/ECE4191G11/ROS/install/robot_controller:/opt/ros/humble /usr/bin/cmake --build /home/rpi-team11/ECE4191G11/ROS/build/robot_launch -- -j4 -l4
[12.243s] DEBUG:colcon.colcon_core.event_handler.log_command:Invoked command in '/home/rpi-team11/ECE4191G11/ROS/build/robot_launch' returned '0': AMENT_PREFIX_PATH=/home/rpi-team11/ECE4191G11/ROS/install/robot_controller:/home/rpi-team11/ECE4191G11/ROS/install/robot_launch:/home/rpi-team11/ECE4191G11/ROS/install/robot_interfaces:/opt/ros/humble CMAKE_PREFIX_PATH=/home/rpi-team11/ECE4191G11/ROS/install/robot_interfaces:/home/rpi-team11/ECE4191G11/ROS/install/robot_launch:/home/rpi-team11/ECE4191G11/ROS/install/robot_controller:/opt/ros/humble /usr/bin/cmake --build /home/rpi-team11/ECE4191G11/ROS/build/robot_launch -- -j4 -l4
[12.357s] DEBUG:colcon.colcon_core.event_handler.log_command:Invoking command in '/home/rpi-team11/ECE4191G11/ROS/build/robot_launch': AMENT_PREFIX_PATH=/home/rpi-team11/ECE4191G11/ROS/install/robot_controller:/home/rpi-team11/ECE4191G11/ROS/install/robot_launch:/home/rpi-team11/ECE4191G11/ROS/install/robot_interfaces:/opt/ros/humble CMAKE_PREFIX_PATH=/home/rpi-team11/ECE4191G11/ROS/install/robot_interfaces:/home/rpi-team11/ECE4191G11/ROS/install/robot_launch:/home/rpi-team11/ECE4191G11/ROS/install/robot_controller:/opt/ros/humble /usr/bin/cmake --install /home/rpi-team11/ECE4191G11/ROS/build/robot_launch
[12.415s] Level 1:colcon.colcon_core.environment:create_environment_scripts_only(robot_launch)
[12.425s] DEBUG:colcon.colcon_core.event_handler.log_command:Invoked command in '/home/rpi-team11/ECE4191G11/ROS/build/robot_launch' returned '0': AMENT_PREFIX_PATH=/home/rpi-team11/ECE4191G11/ROS/install/robot_controller:/home/rpi-team11/ECE4191G11/ROS/install/robot_launch:/home/rpi-team11/ECE4191G11/ROS/install/robot_interfaces:/opt/ros/humble CMAKE_PREFIX_PATH=/home/rpi-team11/ECE4191G11/ROS/install/robot_interfaces:/home/rpi-team11/ECE4191G11/ROS/install/robot_launch:/home/rpi-team11/ECE4191G11/ROS/install/robot_controller:/opt/ros/humble /usr/bin/cmake --install /home/rpi-team11/ECE4191G11/ROS/build/robot_launch
[12.430s] Level 1:colcon.colcon_core.environment:checking '/home/rpi-team11/ECE4191G11/ROS/install/robot_launch' for CMake module files
[12.433s] Level 1:colcon.colcon_core.environment:checking '/home/rpi-team11/ECE4191G11/ROS/install/robot_launch' for CMake config files
[12.436s] Level 1:colcon.colcon_core.shell:create_environment_hook('robot_launch', 'cmake_prefix_path')
[12.442s] INFO:colcon.colcon_core.shell:Creating environment hook '/home/rpi-team11/ECE4191G11/ROS/install/robot_launch/share/robot_launch/hook/cmake_prefix_path.ps1'
[12.445s] INFO:colcon.colcon_core.shell:Creating environment descriptor '/home/rpi-team11/ECE4191G11/ROS/install/robot_launch/share/robot_launch/hook/cmake_prefix_path.dsv'
[12.447s] INFO:colcon.colcon_core.shell:Creating environment hook '/home/rpi-team11/ECE4191G11/ROS/install/robot_launch/share/robot_launch/hook/cmake_prefix_path.sh'
[12.450s] Level 1:colcon.colcon_core.environment:checking '/home/rpi-team11/ECE4191G11/ROS/install/robot_launch/bin'
[12.451s] Level 1:colcon.colcon_core.environment:checking '/home/rpi-team11/ECE4191G11/ROS/install/robot_launch/lib/pkgconfig/robot_launch.pc'
[12.452s] Level 1:colcon.colcon_core.environment:checking '/home/rpi-team11/ECE4191G11/ROS/install/robot_launch/lib/python3.10/site-packages'
[12.453s] Level 1:colcon.colcon_core.environment:checking '/home/rpi-team11/ECE4191G11/ROS/install/robot_launch/bin'
[12.460s] INFO:colcon.colcon_core.shell:Creating package script '/home/rpi-team11/ECE4191G11/ROS/install/robot_launch/share/robot_launch/package.ps1'
[12.462s] INFO:colcon.colcon_core.shell:Creating package descriptor '/home/rpi-team11/ECE4191G11/ROS/install/robot_launch/share/robot_launch/package.dsv'
[12.465s] INFO:colcon.colcon_core.shell:Creating package script '/home/rpi-team11/ECE4191G11/ROS/install/robot_launch/share/robot_launch/package.sh'
[12.468s] INFO:colcon.colcon_core.shell:Creating package script '/home/rpi-team11/ECE4191G11/ROS/install/robot_launch/share/robot_launch/package.bash'
[12.470s] INFO:colcon.colcon_core.shell:Creating package script '/home/rpi-team11/ECE4191G11/ROS/install/robot_launch/share/robot_launch/package.zsh'
[12.472s] Level 1:colcon.colcon_core.environment:create_file_with_runtime_dependencies(/home/rpi-team11/ECE4191G11/ROS/install/robot_launch/share/colcon-core/packages/robot_launch)
[12.593s] Level 1:colcon.colcon_core.environment:create_environment_scripts_only(robot_launch)
[12.602s] Level 1:colcon.colcon_core.environment:checking '/home/rpi-team11/ECE4191G11/ROS/install/robot_launch' for CMake module files
[12.606s] Level 1:colcon.colcon_core.environment:checking '/home/rpi-team11/ECE4191G11/ROS/install/robot_launch' for CMake config files
[12.608s] Level 1:colcon.colcon_core.shell:create_environment_hook('robot_launch', 'cmake_prefix_path')
[12.615s] INFO:colcon.colcon_core.shell:Creating environment hook '/home/rpi-team11/ECE4191G11/ROS/install/robot_launch/share/robot_launch/hook/cmake_prefix_path.ps1'
[12.618s] INFO:colcon.colcon_core.shell:Creating environment descriptor '/home/rpi-team11/ECE4191G11/ROS/install/robot_launch/share/robot_launch/hook/cmake_prefix_path.dsv'
[12.620s] INFO:colcon.colcon_core.shell:Creating environment hook '/home/rpi-team11/ECE4191G11/ROS/install/robot_launch/share/robot_launch/hook/cmake_prefix_path.sh'
[12.624s] Level 1:colcon.colcon_core.environment:checking '/home/rpi-team11/ECE4191G11/ROS/install/robot_launch/bin'
[12.624s] Level 1:colcon.colcon_core.environment:checking '/home/rpi-team11/ECE4191G11/ROS/install/robot_launch/lib/pkgconfig/robot_launch.pc'
[12.625s] Level 1:colcon.colcon_core.environment:checking '/home/rpi-team11/ECE4191G11/ROS/install/robot_launch/lib/python3.10/site-packages'
[12.627s] Level 1:colcon.colcon_core.environment:checking '/home/rpi-team11/ECE4191G11/ROS/install/robot_launch/bin'
[12.633s] INFO:colcon.colcon_core.shell:Creating package script '/home/rpi-team11/ECE4191G11/ROS/install/robot_launch/share/robot_launch/package.ps1'
[12.636s] INFO:colcon.colcon_core.shell:Creating package descriptor '/home/rpi-team11/ECE4191G11/ROS/install/robot_launch/share/robot_launch/package.dsv'
[12.639s] INFO:colcon.colcon_core.shell:Creating package script '/home/rpi-team11/ECE4191G11/ROS/install/robot_launch/share/robot_launch/package.sh'
[12.642s] INFO:colcon.colcon_core.shell:Creating package script '/home/rpi-team11/ECE4191G11/ROS/install/robot_launch/share/robot_launch/package.bash'
[12.644s] INFO:colcon.colcon_core.shell:Creating package script '/home/rpi-team11/ECE4191G11/ROS/install/robot_launch/share/robot_launch/package.zsh'
[12.647s] Level 1:colcon.colcon_core.environment:create_file_with_runtime_dependencies(/home/rpi-team11/ECE4191G11/ROS/install/robot_launch/share/colcon-core/packages/robot_launch)
[12.649s] DEBUG:colcon.colcon_parallel_executor.executor.parallel:closing loop
[12.650s] DEBUG:colcon.colcon_parallel_executor.executor.parallel:loop closed
[12.651s] DEBUG:colcon.colcon_parallel_executor.executor.parallel:run_until_complete finished with '0'
[12.651s] DEBUG:colcon.colcon_core.event_reactor:joining thread
[12.695s] INFO:colcon.colcon_core.plugin_system:Skipping extension 'colcon_notification.desktop_notification.notify_send': Could not find 'notify-send'
[12.696s] INFO:colcon.colcon_core.plugin_system:Skipping extension 'colcon_notification.desktop_notification.terminal_notifier': Not used on non-Darwin systems
[12.697s] INFO:colcon.colcon_core.plugin_system:Skipping extension 'colcon_notification.desktop_notification.win32': Not used on non-Windows systems
[12.697s] INFO:colcon.colcon_notification.desktop_notification:Sending desktop notification using 'notify2'
[12.701s] DEBUG:colcon.colcon_notification.desktop_notification.notify2:Failed to initialize notify2: org.freedesktop.DBus.Error.ServiceUnknown: The name org.freedesktop.Notifications was not provided by any .service files
[12.701s] DEBUG:colcon.colcon_core.event_reactor:joined thread
[12.707s] INFO:colcon.colcon_core.shell:Creating prefix script '/home/rpi-team11/ECE4191G11/ROS/install/local_setup.ps1'
[12.712s] INFO:colcon.colcon_core.shell:Creating prefix util module '/home/rpi-team11/ECE4191G11/ROS/install/_local_setup_util_ps1.py'
[12.718s] INFO:colcon.colcon_core.shell:Creating prefix chain script '/home/rpi-team11/ECE4191G11/ROS/install/setup.ps1'
[12.727s] INFO:colcon.colcon_core.shell:Creating prefix script '/home/rpi-team11/ECE4191G11/ROS/install/local_setup.sh'
[12.730s] INFO:colcon.colcon_core.shell:Creating prefix util module '/home/rpi-team11/ECE4191G11/ROS/install/_local_setup_util_sh.py'
[12.733s] INFO:colcon.colcon_core.shell:Creating prefix chain script '/home/rpi-team11/ECE4191G11/ROS/install/setup.sh'
[12.744s] INFO:colcon.colcon_core.shell:Creating prefix script '/home/rpi-team11/ECE4191G11/ROS/install/local_setup.bash'
[12.748s] INFO:colcon.colcon_core.shell:Creating prefix chain script '/home/rpi-team11/ECE4191G11/ROS/install/setup.bash'
[12.757s] INFO:colcon.colcon_core.shell:Creating prefix script '/home/rpi-team11/ECE4191G11/ROS/install/local_setup.zsh'
[12.761s] INFO:colcon.colcon_core.shell:Creating prefix chain script '/home/rpi-team11/ECE4191G11/ROS/install/setup.zsh'
