[0.283s] DEBUG:colcon:Command line arguments: ['/usr/bin/colcon', 'build']
[0.283s] DEBUG:colcon:Parsed command line arguments: Namespace(log_base=None, log_level=None, verb_name='build', build_base='build', install_base='install', merge_install=False, symlink_install=False, test_result_base=None, continue_on_error=False, executor='parallel', parallel_workers=12, event_handlers=None, ignore_user_meta=False, metas=['./colcon.meta'], base_paths=['.'], packages_ignore=None, packages_ignore_regex=None, paths=None, packages_up_to=None, packages_up_to_regex=None, packages_above=None, packages_above_and_dependencies=None, packages_above_depth=None, packages_select_by_dep=None, packages_skip_by_dep=None, packages_skip_up_to=None, packages_select_build_failed=False, packages_skip_build_finished=False, packages_select_test_failures=False, packages_skip_test_passed=False, packages_select=None, packages_skip=None, packages_select_regex=None, packages_skip_regex=None, packages_start=None, packages_end=None, allow_overriding=[], cmake_args=None, cmake_target=None, cmake_target_skip_unavailable=False, cmake_clean_cache=False, cmake_clean_first=False, cmake_force_configure=False, ament_cmake_args=None, catkin_cmake_args=None, catkin_skip_building_tests=False, verb_parser=<colcon_defaults.argument_parser.defaults.DefaultArgumentsDecorator object at 0x7f566b33df60>, verb_extension=<colcon_core.verb.build.BuildVerb object at 0x7f566b33d9f0>, main=<bound method BuildVerb.main of <colcon_core.verb.build.BuildVerb object at 0x7f566b33d9f0>>)
[0.303s] Level 1:colcon.colcon_core.package_discovery:discover_packages(colcon_meta) check parameters
[0.303s] Level 1:colcon.colcon_core.package_discovery:discover_packages(recursive) check parameters
[0.303s] Level 1:colcon.colcon_core.package_discovery:discover_packages(ignore) check parameters
[0.303s] Level 1:colcon.colcon_core.package_discovery:discover_packages(path) check parameters
[0.303s] Level 1:colcon.colcon_core.package_discovery:discover_packages(colcon_meta) discover
[0.303s] Level 1:colcon.colcon_core.package_discovery:discover_packages(recursive) discover
[0.303s] INFO:colcon.colcon_core.package_discovery:Crawling recursively for packages in '/home/lingc/ECE4191G11/ROS_PC'
[0.303s] Level 1:colcon.colcon_core.package_identification:_identify(.) by extensions ['ignore', 'ignore_ament_install']
[0.304s] Level 1:colcon.colcon_core.package_identification:_identify(.) by extension 'ignore'
[0.304s] Level 1:colcon.colcon_core.package_identification:_identify(.) by extension 'ignore_ament_install'
[0.304s] Level 1:colcon.colcon_core.package_identification:_identify(.) by extensions ['colcon_pkg']
[0.304s] Level 1:colcon.colcon_core.package_identification:_identify(.) by extension 'colcon_pkg'
[0.304s] Level 1:colcon.colcon_core.package_identification:_identify(.) by extensions ['colcon_meta']
[0.304s] Level 1:colcon.colcon_core.package_identification:_identify(.) by extension 'colcon_meta'
[0.304s] Level 1:colcon.colcon_core.package_identification:_identify(.) by extensions ['ros']
[0.304s] Level 1:colcon.colcon_core.package_identification:_identify(.) by extension 'ros'
[0.313s] Level 1:colcon.colcon_core.package_identification:_identify(.) by extensions ['cmake', 'python']
[0.313s] Level 1:colcon.colcon_core.package_identification:_identify(.) by extension 'cmake'
[0.313s] Level 1:colcon.colcon_core.package_identification:_identify(.) by extension 'python'
[0.313s] Level 1:colcon.colcon_core.package_identification:_identify(.) by extensions ['python_setup_py']
[0.313s] Level 1:colcon.colcon_core.package_identification:_identify(.) by extension 'python_setup_py'
[0.313s] Level 1:colcon.colcon_core.package_identification:_identify(build) by extensions ['ignore', 'ignore_ament_install']
[0.313s] Level 1:colcon.colcon_core.package_identification:_identify(build) by extension 'ignore'
[0.313s] Level 1:colcon.colcon_core.package_identification:_identify(build) ignored
[0.313s] Level 1:colcon.colcon_core.package_identification:_identify(install) by extensions ['ignore', 'ignore_ament_install']
[0.313s] Level 1:colcon.colcon_core.package_identification:_identify(install) by extension 'ignore'
[0.314s] Level 1:colcon.colcon_core.package_identification:_identify(install) ignored
[0.314s] Level 1:colcon.colcon_core.package_identification:_identify(log) by extensions ['ignore', 'ignore_ament_install']
[0.314s] Level 1:colcon.colcon_core.package_identification:_identify(log) by extension 'ignore'
[0.314s] Level 1:colcon.colcon_core.package_identification:_identify(log) ignored
[0.314s] Level 1:colcon.colcon_core.package_identification:_identify(src) by extensions ['ignore', 'ignore_ament_install']
[0.314s] Level 1:colcon.colcon_core.package_identification:_identify(src) by extension 'ignore'
[0.314s] Level 1:colcon.colcon_core.package_identification:_identify(src) by extension 'ignore_ament_install'
[0.314s] Level 1:colcon.colcon_core.package_identification:_identify(src) by extensions ['colcon_pkg']
[0.314s] Level 1:colcon.colcon_core.package_identification:_identify(src) by extension 'colcon_pkg'
[0.314s] Level 1:colcon.colcon_core.package_identification:_identify(src) by extensions ['colcon_meta']
[0.314s] Level 1:colcon.colcon_core.package_identification:_identify(src) by extension 'colcon_meta'
[0.314s] Level 1:colcon.colcon_core.package_identification:_identify(src) by extensions ['ros']
[0.314s] Level 1:colcon.colcon_core.package_identification:_identify(src) by extension 'ros'
[0.314s] Level 1:colcon.colcon_core.package_identification:_identify(src) by extensions ['cmake', 'python']
[0.314s] Level 1:colcon.colcon_core.package_identification:_identify(src) by extension 'cmake'
[0.314s] Level 1:colcon.colcon_core.package_identification:_identify(src) by extension 'python'
[0.314s] Level 1:colcon.colcon_core.package_identification:_identify(src) by extensions ['python_setup_py']
[0.314s] Level 1:colcon.colcon_core.package_identification:_identify(src) by extension 'python_setup_py'
[0.314s] Level 1:colcon.colcon_core.package_identification:_identify(src/robot_controller) by extensions ['ignore', 'ignore_ament_install']
[0.315s] Level 1:colcon.colcon_core.package_identification:_identify(src/robot_controller) by extension 'ignore'
[0.315s] Level 1:colcon.colcon_core.package_identification:_identify(src/robot_controller) by extension 'ignore_ament_install'
[0.315s] Level 1:colcon.colcon_core.package_identification:_identify(src/robot_controller) by extensions ['colcon_pkg']
[0.315s] Level 1:colcon.colcon_core.package_identification:_identify(src/robot_controller) by extension 'colcon_pkg'
[0.315s] Level 1:colcon.colcon_core.package_identification:_identify(src/robot_controller) by extensions ['colcon_meta']
[0.315s] Level 1:colcon.colcon_core.package_identification:_identify(src/robot_controller) by extension 'colcon_meta'
[0.315s] Level 1:colcon.colcon_core.package_identification:_identify(src/robot_controller) by extensions ['ros']
[0.315s] Level 1:colcon.colcon_core.package_identification:_identify(src/robot_controller) by extension 'ros'
[0.317s] DEBUG:colcon.colcon_core.package_identification:Package 'src/robot_controller' with type 'ros.ament_python' and name 'robot_controller'
[0.317s] Level 1:colcon.colcon_core.package_identification:_identify(src/robot_interfaces) by extensions ['ignore', 'ignore_ament_install']
[0.318s] Level 1:colcon.colcon_core.package_identification:_identify(src/robot_interfaces) by extension 'ignore'
[0.318s] Level 1:colcon.colcon_core.package_identification:_identify(src/robot_interfaces) by extension 'ignore_ament_install'
[0.318s] Level 1:colcon.colcon_core.package_identification:_identify(src/robot_interfaces) by extensions ['colcon_pkg']
[0.318s] Level 1:colcon.colcon_core.package_identification:_identify(src/robot_interfaces) by extension 'colcon_pkg'
[0.318s] Level 1:colcon.colcon_core.package_identification:_identify(src/robot_interfaces) by extensions ['colcon_meta']
[0.318s] Level 1:colcon.colcon_core.package_identification:_identify(src/robot_interfaces) by extension 'colcon_meta'
[0.318s] Level 1:colcon.colcon_core.package_identification:_identify(src/robot_interfaces) by extensions ['ros']
[0.318s] Level 1:colcon.colcon_core.package_identification:_identify(src/robot_interfaces) by extension 'ros'
[0.318s] DEBUG:colcon.colcon_core.package_identification:Package 'src/robot_interfaces' with type 'ros.ament_cmake' and name 'robot_interfaces'
[0.318s] Level 1:colcon.colcon_core.package_identification:_identify(src/robot_launch) by extensions ['ignore', 'ignore_ament_install']
[0.318s] Level 1:colcon.colcon_core.package_identification:_identify(src/robot_launch) by extension 'ignore'
[0.318s] Level 1:colcon.colcon_core.package_identification:_identify(src/robot_launch) by extension 'ignore_ament_install'
[0.318s] Level 1:colcon.colcon_core.package_identification:_identify(src/robot_launch) by extensions ['colcon_pkg']
[0.319s] Level 1:colcon.colcon_core.package_identification:_identify(src/robot_launch) by extension 'colcon_pkg'
[0.319s] Level 1:colcon.colcon_core.package_identification:_identify(src/robot_launch) by extensions ['colcon_meta']
[0.319s] Level 1:colcon.colcon_core.package_identification:_identify(src/robot_launch) by extension 'colcon_meta'
[0.319s] Level 1:colcon.colcon_core.package_identification:_identify(src/robot_launch) by extensions ['ros']
[0.319s] Level 1:colcon.colcon_core.package_identification:_identify(src/robot_launch) by extension 'ros'
[0.319s] DEBUG:colcon.colcon_core.package_identification:Package 'src/robot_launch' with type 'ros.ament_cmake' and name 'robot_launch'
[0.319s] Level 1:colcon.colcon_core.package_discovery:discover_packages(recursive) using defaults
[0.319s] Level 1:colcon.colcon_core.package_discovery:discover_packages(ignore) discover
[0.319s] Level 1:colcon.colcon_core.package_discovery:discover_packages(ignore) using defaults
[0.319s] Level 1:colcon.colcon_core.package_discovery:discover_packages(path) discover
[0.319s] Level 1:colcon.colcon_core.package_discovery:discover_packages(path) using defaults
[0.339s] Level 1:colcon.colcon_core.package_discovery:discover_packages(prefix_path) check parameters
[0.339s] Level 1:colcon.colcon_core.package_discovery:discover_packages(prefix_path) discover
[0.341s] DEBUG:colcon.colcon_installed_package_information.package_discovery:Found 3 installed packages in /home/lingc/ECE4191G11/ROS_PC/install
[0.342s] DEBUG:colcon.colcon_installed_package_information.package_discovery:Found 270 installed packages in /opt/ros/humble
[0.343s] Level 1:colcon.colcon_core.package_discovery:discover_packages(prefix_path) using defaults
[0.395s] Level 5:colcon.colcon_core.verb:set package 'robot_interfaces' build argument 'cmake_args' from command line to 'None'
[0.395s] Level 5:colcon.colcon_core.verb:set package 'robot_interfaces' build argument 'cmake_target' from command line to 'None'
[0.395s] Level 5:colcon.colcon_core.verb:set package 'robot_interfaces' build argument 'cmake_target_skip_unavailable' from command line to 'False'
[0.395s] Level 5:colcon.colcon_core.verb:set package 'robot_interfaces' build argument 'cmake_clean_cache' from command line to 'False'
[0.395s] Level 5:colcon.colcon_core.verb:set package 'robot_interfaces' build argument 'cmake_clean_first' from command line to 'False'
[0.395s] Level 5:colcon.colcon_core.verb:set package 'robot_interfaces' build argument 'cmake_force_configure' from command line to 'False'
[0.395s] Level 5:colcon.colcon_core.verb:set package 'robot_interfaces' build argument 'ament_cmake_args' from command line to 'None'
[0.395s] Level 5:colcon.colcon_core.verb:set package 'robot_interfaces' build argument 'catkin_cmake_args' from command line to 'None'
[0.395s] Level 5:colcon.colcon_core.verb:set package 'robot_interfaces' build argument 'catkin_skip_building_tests' from command line to 'False'
[0.396s] DEBUG:colcon.colcon_core.verb:Building package 'robot_interfaces' with the following arguments: {'ament_cmake_args': None, 'build_base': '/home/lingc/ECE4191G11/ROS_PC/build/robot_interfaces', 'catkin_cmake_args': None, 'catkin_skip_building_tests': False, 'cmake_args': None, 'cmake_clean_cache': False, 'cmake_clean_first': False, 'cmake_force_configure': False, 'cmake_target': None, 'cmake_target_skip_unavailable': False, 'install_base': '/home/lingc/ECE4191G11/ROS_PC/install/robot_interfaces', 'merge_install': False, 'path': '/home/lingc/ECE4191G11/ROS_PC/src/robot_interfaces', 'symlink_install': False, 'test_result_base': None}
[0.396s] Level 5:colcon.colcon_core.verb:set package 'robot_controller' build argument 'cmake_args' from command line to 'None'
[0.396s] Level 5:colcon.colcon_core.verb:set package 'robot_controller' build argument 'cmake_target' from command line to 'None'
[0.396s] Level 5:colcon.colcon_core.verb:set package 'robot_controller' build argument 'cmake_target_skip_unavailable' from command line to 'False'
[0.397s] Level 5:colcon.colcon_core.verb:set package 'robot_controller' build argument 'cmake_clean_cache' from command line to 'False'
[0.397s] Level 5:colcon.colcon_core.verb:set package 'robot_controller' build argument 'cmake_clean_first' from command line to 'False'
[0.397s] Level 5:colcon.colcon_core.verb:set package 'robot_controller' build argument 'cmake_force_configure' from command line to 'False'
[0.397s] Level 5:colcon.colcon_core.verb:set package 'robot_controller' build argument 'ament_cmake_args' from command line to 'None'
[0.397s] Level 5:colcon.colcon_core.verb:set package 'robot_controller' build argument 'catkin_cmake_args' from command line to 'None'
[0.397s] Level 5:colcon.colcon_core.verb:set package 'robot_controller' build argument 'catkin_skip_building_tests' from command line to 'False'
[0.397s] DEBUG:colcon.colcon_core.verb:Building package 'robot_controller' with the following arguments: {'ament_cmake_args': None, 'build_base': '/home/lingc/ECE4191G11/ROS_PC/build/robot_controller', 'catkin_cmake_args': None, 'catkin_skip_building_tests': False, 'cmake_args': None, 'cmake_clean_cache': False, 'cmake_clean_first': False, 'cmake_force_configure': False, 'cmake_target': None, 'cmake_target_skip_unavailable': False, 'install_base': '/home/lingc/ECE4191G11/ROS_PC/install/robot_controller', 'merge_install': False, 'path': '/home/lingc/ECE4191G11/ROS_PC/src/robot_controller', 'symlink_install': False, 'test_result_base': None}
[0.397s] Level 5:colcon.colcon_core.verb:set package 'robot_launch' build argument 'cmake_args' from command line to 'None'
[0.397s] Level 5:colcon.colcon_core.verb:set package 'robot_launch' build argument 'cmake_target' from command line to 'None'
[0.397s] Level 5:colcon.colcon_core.verb:set package 'robot_launch' build argument 'cmake_target_skip_unavailable' from command line to 'False'
[0.397s] Level 5:colcon.colcon_core.verb:set package 'robot_launch' build argument 'cmake_clean_cache' from command line to 'False'
[0.398s] Level 5:colcon.colcon_core.verb:set package 'robot_launch' build argument 'cmake_clean_first' from command line to 'False'
[0.398s] Level 5:colcon.colcon_core.verb:set package 'robot_launch' build argument 'cmake_force_configure' from command line to 'False'
[0.398s] Level 5:colcon.colcon_core.verb:set package 'robot_launch' build argument 'ament_cmake_args' from command line to 'None'
[0.398s] Level 5:colcon.colcon_core.verb:set package 'robot_launch' build argument 'catkin_cmake_args' from command line to 'None'
[0.398s] Level 5:colcon.colcon_core.verb:set package 'robot_launch' build argument 'catkin_skip_building_tests' from command line to 'False'
[0.398s] DEBUG:colcon.colcon_core.verb:Building package 'robot_launch' with the following arguments: {'ament_cmake_args': None, 'build_base': '/home/lingc/ECE4191G11/ROS_PC/build/robot_launch', 'catkin_cmake_args': None, 'catkin_skip_building_tests': False, 'cmake_args': None, 'cmake_clean_cache': False, 'cmake_clean_first': False, 'cmake_force_configure': False, 'cmake_target': None, 'cmake_target_skip_unavailable': False, 'install_base': '/home/lingc/ECE4191G11/ROS_PC/install/robot_launch', 'merge_install': False, 'path': '/home/lingc/ECE4191G11/ROS_PC/src/robot_launch', 'symlink_install': False, 'test_result_base': None}
[0.398s] INFO:colcon.colcon_core.executor:Executing jobs using 'parallel' executor
[0.401s] DEBUG:colcon.colcon_parallel_executor.executor.parallel:run_until_complete
[0.401s] INFO:colcon.colcon_ros.task.ament_cmake.build:Building ROS package in '/home/lingc/ECE4191G11/ROS_PC/src/robot_interfaces' with build type 'ament_cmake'
[0.401s] INFO:colcon.colcon_cmake.task.cmake.build:Building CMake package in '/home/lingc/ECE4191G11/ROS_PC/src/robot_interfaces'
[0.405s] INFO:colcon.colcon_core.plugin_system:Skipping extension 'colcon_core.shell.bat': Not used on non-Windows systems
[0.405s] INFO:colcon.colcon_core.shell:Skip shell extension 'powershell' for command environment: Not usable outside of PowerShell
[0.405s] DEBUG:colcon.colcon_core.shell:Skip shell extension 'dsv' for command environment
[0.415s] DEBUG:colcon.colcon_core.event_handler.log_command:Invoking command in '/home/lingc/ECE4191G11/ROS_PC/build/robot_interfaces': CMAKE_PREFIX_PATH=${CMAKE_PREFIX_PATH}:/home/lingc/ECE4191G11/ROS_PC/install/robot_controller:/opt/ros/humble /usr/bin/cmake --build /home/lingc/ECE4191G11/ROS_PC/build/robot_interfaces -- -j12 -l12
[0.743s] DEBUG:colcon.colcon_core.event_handler.log_command:Invoked command in '/home/lingc/ECE4191G11/ROS_PC/build/robot_interfaces' returned '0': CMAKE_PREFIX_PATH=${CMAKE_PREFIX_PATH}:/home/lingc/ECE4191G11/ROS_PC/install/robot_controller:/opt/ros/humble /usr/bin/cmake --build /home/lingc/ECE4191G11/ROS_PC/build/robot_interfaces -- -j12 -l12
[0.857s] DEBUG:colcon.colcon_core.event_handler.log_command:Invoking command in '/home/lingc/ECE4191G11/ROS_PC/build/robot_interfaces': CMAKE_PREFIX_PATH=${CMAKE_PREFIX_PATH}:/home/lingc/ECE4191G11/ROS_PC/install/robot_controller:/opt/ros/humble /usr/bin/cmake --install /home/lingc/ECE4191G11/ROS_PC/build/robot_interfaces
[0.918s] Level 1:colcon.colcon_core.environment:create_environment_scripts_only(robot_interfaces)
[0.919s] DEBUG:colcon.colcon_core.event_handler.log_command:Invoked command in '/home/lingc/ECE4191G11/ROS_PC/build/robot_interfaces' returned '0': CMAKE_PREFIX_PATH=${CMAKE_PREFIX_PATH}:/home/lingc/ECE4191G11/ROS_PC/install/robot_controller:/opt/ros/humble /usr/bin/cmake --install /home/lingc/ECE4191G11/ROS_PC/build/robot_interfaces
[0.922s] Level 1:colcon.colcon_core.environment:checking '/home/lingc/ECE4191G11/ROS_PC/install/robot_interfaces' for CMake module files
[0.923s] Level 1:colcon.colcon_core.environment:checking '/home/lingc/ECE4191G11/ROS_PC/install/robot_interfaces' for CMake config files
[0.924s] Level 1:colcon.colcon_core.shell:create_environment_hook('robot_interfaces', 'cmake_prefix_path')
[0.925s] INFO:colcon.colcon_core.shell:Creating environment hook '/home/lingc/ECE4191G11/ROS_PC/install/robot_interfaces/share/robot_interfaces/hook/cmake_prefix_path.ps1'
[0.926s] INFO:colcon.colcon_core.shell:Creating environment descriptor '/home/lingc/ECE4191G11/ROS_PC/install/robot_interfaces/share/robot_interfaces/hook/cmake_prefix_path.dsv'
[0.926s] INFO:colcon.colcon_core.shell:Creating environment hook '/home/lingc/ECE4191G11/ROS_PC/install/robot_interfaces/share/robot_interfaces/hook/cmake_prefix_path.sh'
[0.928s] Level 1:colcon.colcon_core.environment:checking '/home/lingc/ECE4191G11/ROS_PC/install/robot_interfaces/lib'
[0.928s] Level 1:colcon.colcon_core.shell:create_environment_hook('robot_interfaces', 'ld_library_path_lib')
[0.929s] INFO:colcon.colcon_core.shell:Creating environment hook '/home/lingc/ECE4191G11/ROS_PC/install/robot_interfaces/share/robot_interfaces/hook/ld_library_path_lib.ps1'
[0.930s] INFO:colcon.colcon_core.shell:Creating environment descriptor '/home/lingc/ECE4191G11/ROS_PC/install/robot_interfaces/share/robot_interfaces/hook/ld_library_path_lib.dsv'
[0.930s] INFO:colcon.colcon_core.shell:Creating environment hook '/home/lingc/ECE4191G11/ROS_PC/install/robot_interfaces/share/robot_interfaces/hook/ld_library_path_lib.sh'
[0.930s] Level 1:colcon.colcon_core.environment:checking '/home/lingc/ECE4191G11/ROS_PC/install/robot_interfaces/bin'
[0.930s] Level 1:colcon.colcon_core.environment:checking '/home/lingc/ECE4191G11/ROS_PC/install/robot_interfaces/lib/pkgconfig/robot_interfaces.pc'
[0.930s] Level 1:colcon.colcon_core.environment:checking '/home/lingc/ECE4191G11/ROS_PC/install/robot_interfaces/lib/python3.10/site-packages'
[0.931s] Level 1:colcon.colcon_core.environment:checking '/home/lingc/ECE4191G11/ROS_PC/install/robot_interfaces/bin'
[0.932s] INFO:colcon.colcon_core.shell:Creating package script '/home/lingc/ECE4191G11/ROS_PC/install/robot_interfaces/share/robot_interfaces/package.ps1'
[0.933s] INFO:colcon.colcon_core.shell:Creating package descriptor '/home/lingc/ECE4191G11/ROS_PC/install/robot_interfaces/share/robot_interfaces/package.dsv'
[0.934s] INFO:colcon.colcon_core.shell:Creating package script '/home/lingc/ECE4191G11/ROS_PC/install/robot_interfaces/share/robot_interfaces/package.sh'
[0.935s] INFO:colcon.colcon_core.shell:Creating package script '/home/lingc/ECE4191G11/ROS_PC/install/robot_interfaces/share/robot_interfaces/package.bash'
[0.935s] INFO:colcon.colcon_core.shell:Creating package script '/home/lingc/ECE4191G11/ROS_PC/install/robot_interfaces/share/robot_interfaces/package.zsh'
[0.936s] Level 1:colcon.colcon_core.environment:create_file_with_runtime_dependencies(/home/lingc/ECE4191G11/ROS_PC/install/robot_interfaces/share/colcon-core/packages/robot_interfaces)
[1.048s] Level 1:colcon.colcon_core.environment:create_environment_scripts_only(robot_interfaces)
[1.050s] Level 1:colcon.colcon_core.environment:checking '/home/lingc/ECE4191G11/ROS_PC/install/robot_interfaces' for CMake module files
[1.051s] Level 1:colcon.colcon_core.environment:checking '/home/lingc/ECE4191G11/ROS_PC/install/robot_interfaces' for CMake config files
[1.051s] Level 1:colcon.colcon_core.shell:create_environment_hook('robot_interfaces', 'cmake_prefix_path')
[1.052s] INFO:colcon.colcon_core.shell:Creating environment hook '/home/lingc/ECE4191G11/ROS_PC/install/robot_interfaces/share/robot_interfaces/hook/cmake_prefix_path.ps1'
[1.052s] INFO:colcon.colcon_core.shell:Creating environment descriptor '/home/lingc/ECE4191G11/ROS_PC/install/robot_interfaces/share/robot_interfaces/hook/cmake_prefix_path.dsv'
[1.052s] INFO:colcon.colcon_core.shell:Creating environment hook '/home/lingc/ECE4191G11/ROS_PC/install/robot_interfaces/share/robot_interfaces/hook/cmake_prefix_path.sh'
[1.053s] Level 1:colcon.colcon_core.environment:checking '/home/lingc/ECE4191G11/ROS_PC/install/robot_interfaces/lib'
[1.053s] Level 1:colcon.colcon_core.shell:create_environment_hook('robot_interfaces', 'ld_library_path_lib')
[1.054s] INFO:colcon.colcon_core.shell:Creating environment hook '/home/lingc/ECE4191G11/ROS_PC/install/robot_interfaces/share/robot_interfaces/hook/ld_library_path_lib.ps1'
[1.054s] INFO:colcon.colcon_core.shell:Creating environment descriptor '/home/lingc/ECE4191G11/ROS_PC/install/robot_interfaces/share/robot_interfaces/hook/ld_library_path_lib.dsv'
[1.054s] INFO:colcon.colcon_core.shell:Creating environment hook '/home/lingc/ECE4191G11/ROS_PC/install/robot_interfaces/share/robot_interfaces/hook/ld_library_path_lib.sh'
[1.055s] Level 1:colcon.colcon_core.environment:checking '/home/lingc/ECE4191G11/ROS_PC/install/robot_interfaces/bin'
[1.055s] Level 1:colcon.colcon_core.environment:checking '/home/lingc/ECE4191G11/ROS_PC/install/robot_interfaces/lib/pkgconfig/robot_interfaces.pc'
[1.055s] Level 1:colcon.colcon_core.environment:checking '/home/lingc/ECE4191G11/ROS_PC/install/robot_interfaces/lib/python3.10/site-packages'
[1.055s] Level 1:colcon.colcon_core.environment:checking '/home/lingc/ECE4191G11/ROS_PC/install/robot_interfaces/bin'
[1.056s] INFO:colcon.colcon_core.shell:Creating package script '/home/lingc/ECE4191G11/ROS_PC/install/robot_interfaces/share/robot_interfaces/package.ps1'
[1.057s] INFO:colcon.colcon_core.shell:Creating package descriptor '/home/lingc/ECE4191G11/ROS_PC/install/robot_interfaces/share/robot_interfaces/package.dsv'
[1.057s] INFO:colcon.colcon_core.shell:Creating package script '/home/lingc/ECE4191G11/ROS_PC/install/robot_interfaces/share/robot_interfaces/package.sh'
[1.058s] INFO:colcon.colcon_core.shell:Creating package script '/home/lingc/ECE4191G11/ROS_PC/install/robot_interfaces/share/robot_interfaces/package.bash'
[1.058s] INFO:colcon.colcon_core.shell:Creating package script '/home/lingc/ECE4191G11/ROS_PC/install/robot_interfaces/share/robot_interfaces/package.zsh'
[1.058s] Level 1:colcon.colcon_core.environment:create_file_with_runtime_dependencies(/home/lingc/ECE4191G11/ROS_PC/install/robot_interfaces/share/colcon-core/packages/robot_interfaces)
[1.058s] INFO:colcon.colcon_ros.task.ament_python.build:Building ROS package in '/home/lingc/ECE4191G11/ROS_PC/src/robot_controller' with build type 'ament_python'
[1.059s] Level 1:colcon.colcon_core.shell:create_environment_hook('robot_controller', 'ament_prefix_path')
[1.060s] INFO:colcon.colcon_core.shell:Creating environment hook '/home/lingc/ECE4191G11/ROS_PC/install/robot_controller/share/robot_controller/hook/ament_prefix_path.ps1'
[1.060s] INFO:colcon.colcon_core.shell:Creating environment descriptor '/home/lingc/ECE4191G11/ROS_PC/install/robot_controller/share/robot_controller/hook/ament_prefix_path.dsv'
[1.061s] INFO:colcon.colcon_core.shell:Creating environment hook '/home/lingc/ECE4191G11/ROS_PC/install/robot_controller/share/robot_controller/hook/ament_prefix_path.sh'
[1.062s] INFO:colcon.colcon_core.shell:Skip shell extension 'powershell' for command environment: Not usable outside of PowerShell
[1.062s] DEBUG:colcon.colcon_core.shell:Skip shell extension 'dsv' for command environment
[1.300s] INFO:colcon.colcon_core.task.python.build:Building Python package in '/home/lingc/ECE4191G11/ROS_PC/src/robot_controller'
[1.301s] INFO:colcon.colcon_core.shell:Skip shell extension 'powershell' for command environment: Not usable outside of PowerShell
[1.301s] DEBUG:colcon.colcon_core.shell:Skip shell extension 'dsv' for command environment
[1.592s] DEBUG:colcon.colcon_core.event_handler.log_command:Invoking command in '/home/lingc/ECE4191G11/ROS_PC/src/robot_controller': CMAKE_PREFIX_PATH=/home/lingc/ECE4191G11/ROS_PC/install/robot_interfaces:/home/lingc/ECE4191G11/ROS_PC/install/robot_launch PYTHONPATH=/home/lingc/ECE4191G11/ROS_PC/build/robot_controller/prefix_override:/home/lingc/ECE4191G11/ROS_PC/install/robot_controller/lib/python3.10/site-packages:${PYTHONPATH} /usr/bin/python3 setup.py egg_info --egg-base ../../build/robot_controller build --build-base /home/lingc/ECE4191G11/ROS_PC/build/robot_controller/build install --record /home/lingc/ECE4191G11/ROS_PC/build/robot_controller/install.log --single-version-externally-managed
[1.855s] Level 1:colcon.colcon_core.environment:checking '/home/lingc/ECE4191G11/ROS_PC/install/robot_controller' for CMake module files
[1.855s] DEBUG:colcon.colcon_core.event_handler.log_command:Invoked command in '/home/lingc/ECE4191G11/ROS_PC/src/robot_controller' returned '0': CMAKE_PREFIX_PATH=/home/lingc/ECE4191G11/ROS_PC/install/robot_interfaces:/home/lingc/ECE4191G11/ROS_PC/install/robot_launch PYTHONPATH=/home/lingc/ECE4191G11/ROS_PC/build/robot_controller/prefix_override:/home/lingc/ECE4191G11/ROS_PC/install/robot_controller/lib/python3.10/site-packages:${PYTHONPATH} /usr/bin/python3 setup.py egg_info --egg-base ../../build/robot_controller build --build-base /home/lingc/ECE4191G11/ROS_PC/build/robot_controller/build install --record /home/lingc/ECE4191G11/ROS_PC/build/robot_controller/install.log --single-version-externally-managed
[1.856s] Level 1:colcon.colcon_core.environment:checking '/home/lingc/ECE4191G11/ROS_PC/install/robot_controller' for CMake config files
[1.856s] Level 1:colcon.colcon_core.environment:checking '/home/lingc/ECE4191G11/ROS_PC/install/robot_controller/lib'
[1.856s] Level 1:colcon.colcon_core.environment:checking '/home/lingc/ECE4191G11/ROS_PC/install/robot_controller/bin'
[1.856s] Level 1:colcon.colcon_core.environment:checking '/home/lingc/ECE4191G11/ROS_PC/install/robot_controller/lib/pkgconfig/robot_controller.pc'
[1.857s] Level 1:colcon.colcon_core.environment:checking '/home/lingc/ECE4191G11/ROS_PC/install/robot_controller/lib/python3.10/site-packages'
[1.857s] Level 1:colcon.colcon_core.shell:create_environment_hook('robot_controller', 'pythonpath')
[1.858s] INFO:colcon.colcon_core.shell:Creating environment hook '/home/lingc/ECE4191G11/ROS_PC/install/robot_controller/share/robot_controller/hook/pythonpath.ps1'
[1.858s] INFO:colcon.colcon_core.shell:Creating environment descriptor '/home/lingc/ECE4191G11/ROS_PC/install/robot_controller/share/robot_controller/hook/pythonpath.dsv'
[1.858s] INFO:colcon.colcon_core.shell:Creating environment hook '/home/lingc/ECE4191G11/ROS_PC/install/robot_controller/share/robot_controller/hook/pythonpath.sh'
[1.859s] Level 1:colcon.colcon_core.environment:checking '/home/lingc/ECE4191G11/ROS_PC/install/robot_controller/bin'
[1.859s] Level 1:colcon.colcon_core.environment:create_environment_scripts_only(robot_controller)
[1.860s] INFO:colcon.colcon_core.shell:Creating package script '/home/lingc/ECE4191G11/ROS_PC/install/robot_controller/share/robot_controller/package.ps1'
[1.860s] INFO:colcon.colcon_core.shell:Creating package descriptor '/home/lingc/ECE4191G11/ROS_PC/install/robot_controller/share/robot_controller/package.dsv'
[1.861s] INFO:colcon.colcon_core.shell:Creating package script '/home/lingc/ECE4191G11/ROS_PC/install/robot_controller/share/robot_controller/package.sh'
[1.861s] INFO:colcon.colcon_core.shell:Creating package script '/home/lingc/ECE4191G11/ROS_PC/install/robot_controller/share/robot_controller/package.bash'
[1.861s] INFO:colcon.colcon_core.shell:Creating package script '/home/lingc/ECE4191G11/ROS_PC/install/robot_controller/share/robot_controller/package.zsh'
[1.862s] Level 1:colcon.colcon_core.environment:create_file_with_runtime_dependencies(/home/lingc/ECE4191G11/ROS_PC/install/robot_controller/share/colcon-core/packages/robot_controller)
[1.862s] INFO:colcon.colcon_ros.task.ament_cmake.build:Building ROS package in '/home/lingc/ECE4191G11/ROS_PC/src/robot_launch' with build type 'ament_cmake'
[1.862s] INFO:colcon.colcon_cmake.task.cmake.build:Building CMake package in '/home/lingc/ECE4191G11/ROS_PC/src/robot_launch'
[1.863s] INFO:colcon.colcon_core.shell:Skip shell extension 'powershell' for command environment: Not usable outside of PowerShell
[1.863s] DEBUG:colcon.colcon_core.shell:Skip shell extension 'dsv' for command environment
[1.874s] DEBUG:colcon.colcon_core.event_handler.log_command:Invoking command in '/home/lingc/ECE4191G11/ROS_PC/build/robot_launch': AMENT_PREFIX_PATH=/home/lingc/ECE4191G11/ROS_PC/install/robot_controller:/home/lingc/ECE4191G11/ROS_PC/install/robot_launch:/home/lingc/ECE4191G11/ROS_PC/install/robot_interfaces:/opt/ros/humble CMAKE_PREFIX_PATH=/home/lingc/ECE4191G11/ROS_PC/install/robot_interfaces:/home/lingc/ECE4191G11/ROS_PC/install/robot_launch:/home/lingc/ECE4191G11/ROS_PC/install/robot_controller:/opt/ros/humble /usr/bin/cmake --build /home/lingc/ECE4191G11/ROS_PC/build/robot_launch -- -j12 -l12
[1.908s] DEBUG:colcon.colcon_core.event_handler.log_command:Invoked command in '/home/lingc/ECE4191G11/ROS_PC/build/robot_launch' returned '0': AMENT_PREFIX_PATH=/home/lingc/ECE4191G11/ROS_PC/install/robot_controller:/home/lingc/ECE4191G11/ROS_PC/install/robot_launch:/home/lingc/ECE4191G11/ROS_PC/install/robot_interfaces:/opt/ros/humble CMAKE_PREFIX_PATH=/home/lingc/ECE4191G11/ROS_PC/install/robot_interfaces:/home/lingc/ECE4191G11/ROS_PC/install/robot_launch:/home/lingc/ECE4191G11/ROS_PC/install/robot_controller:/opt/ros/humble /usr/bin/cmake --build /home/lingc/ECE4191G11/ROS_PC/build/robot_launch -- -j12 -l12
[1.929s] DEBUG:colcon.colcon_core.event_handler.log_command:Invoking command in '/home/lingc/ECE4191G11/ROS_PC/build/robot_launch': AMENT_PREFIX_PATH=/home/lingc/ECE4191G11/ROS_PC/install/robot_controller:/home/lingc/ECE4191G11/ROS_PC/install/robot_launch:/home/lingc/ECE4191G11/ROS_PC/install/robot_interfaces:/opt/ros/humble CMAKE_PREFIX_PATH=/home/lingc/ECE4191G11/ROS_PC/install/robot_interfaces:/home/lingc/ECE4191G11/ROS_PC/install/robot_launch:/home/lingc/ECE4191G11/ROS_PC/install/robot_controller:/opt/ros/humble /usr/bin/cmake --install /home/lingc/ECE4191G11/ROS_PC/build/robot_launch
[1.938s] Level 1:colcon.colcon_core.environment:create_environment_scripts_only(robot_launch)
[1.940s] Level 1:colcon.colcon_core.environment:checking '/home/lingc/ECE4191G11/ROS_PC/install/robot_launch' for CMake module files
[1.941s] DEBUG:colcon.colcon_core.event_handler.log_command:Invoked command in '/home/lingc/ECE4191G11/ROS_PC/build/robot_launch' returned '0': AMENT_PREFIX_PATH=/home/lingc/ECE4191G11/ROS_PC/install/robot_controller:/home/lingc/ECE4191G11/ROS_PC/install/robot_launch:/home/lingc/ECE4191G11/ROS_PC/install/robot_interfaces:/opt/ros/humble CMAKE_PREFIX_PATH=/home/lingc/ECE4191G11/ROS_PC/install/robot_interfaces:/home/lingc/ECE4191G11/ROS_PC/install/robot_launch:/home/lingc/ECE4191G11/ROS_PC/install/robot_controller:/opt/ros/humble /usr/bin/cmake --install /home/lingc/ECE4191G11/ROS_PC/build/robot_launch
[1.941s] Level 1:colcon.colcon_core.environment:checking '/home/lingc/ECE4191G11/ROS_PC/install/robot_launch' for CMake config files
[1.942s] Level 1:colcon.colcon_core.shell:create_environment_hook('robot_launch', 'cmake_prefix_path')
[1.943s] INFO:colcon.colcon_core.shell:Creating environment hook '/home/lingc/ECE4191G11/ROS_PC/install/robot_launch/share/robot_launch/hook/cmake_prefix_path.ps1'
[1.944s] INFO:colcon.colcon_core.shell:Creating environment descriptor '/home/lingc/ECE4191G11/ROS_PC/install/robot_launch/share/robot_launch/hook/cmake_prefix_path.dsv'
[1.944s] INFO:colcon.colcon_core.shell:Creating environment hook '/home/lingc/ECE4191G11/ROS_PC/install/robot_launch/share/robot_launch/hook/cmake_prefix_path.sh'
[1.945s] Level 1:colcon.colcon_core.environment:checking '/home/lingc/ECE4191G11/ROS_PC/install/robot_launch/bin'
[1.945s] Level 1:colcon.colcon_core.environment:checking '/home/lingc/ECE4191G11/ROS_PC/install/robot_launch/lib/pkgconfig/robot_launch.pc'
[1.945s] Level 1:colcon.colcon_core.environment:checking '/home/lingc/ECE4191G11/ROS_PC/install/robot_launch/lib/python3.10/site-packages'
[1.946s] Level 1:colcon.colcon_core.environment:checking '/home/lingc/ECE4191G11/ROS_PC/install/robot_launch/bin'
[1.947s] INFO:colcon.colcon_core.shell:Creating package script '/home/lingc/ECE4191G11/ROS_PC/install/robot_launch/share/robot_launch/package.ps1'
[1.947s] INFO:colcon.colcon_core.shell:Creating package descriptor '/home/lingc/ECE4191G11/ROS_PC/install/robot_launch/share/robot_launch/package.dsv'
[1.948s] INFO:colcon.colcon_core.shell:Creating package script '/home/lingc/ECE4191G11/ROS_PC/install/robot_launch/share/robot_launch/package.sh'
[1.948s] INFO:colcon.colcon_core.shell:Creating package script '/home/lingc/ECE4191G11/ROS_PC/install/robot_launch/share/robot_launch/package.bash'
[1.949s] INFO:colcon.colcon_core.shell:Creating package script '/home/lingc/ECE4191G11/ROS_PC/install/robot_launch/share/robot_launch/package.zsh'
[1.949s] Level 1:colcon.colcon_core.environment:create_file_with_runtime_dependencies(/home/lingc/ECE4191G11/ROS_PC/install/robot_launch/share/colcon-core/packages/robot_launch)
[1.970s] Level 1:colcon.colcon_core.environment:create_environment_scripts_only(robot_launch)
[1.971s] Level 1:colcon.colcon_core.environment:checking '/home/lingc/ECE4191G11/ROS_PC/install/robot_launch' for CMake module files
[1.972s] Level 1:colcon.colcon_core.environment:checking '/home/lingc/ECE4191G11/ROS_PC/install/robot_launch' for CMake config files
[1.972s] Level 1:colcon.colcon_core.shell:create_environment_hook('robot_launch', 'cmake_prefix_path')
[1.973s] INFO:colcon.colcon_core.shell:Creating environment hook '/home/lingc/ECE4191G11/ROS_PC/install/robot_launch/share/robot_launch/hook/cmake_prefix_path.ps1'
[1.974s] INFO:colcon.colcon_core.shell:Creating environment descriptor '/home/lingc/ECE4191G11/ROS_PC/install/robot_launch/share/robot_launch/hook/cmake_prefix_path.dsv'
[1.974s] INFO:colcon.colcon_core.shell:Creating environment hook '/home/lingc/ECE4191G11/ROS_PC/install/robot_launch/share/robot_launch/hook/cmake_prefix_path.sh'
[1.974s] Level 1:colcon.colcon_core.environment:checking '/home/lingc/ECE4191G11/ROS_PC/install/robot_launch/bin'
[1.975s] Level 1:colcon.colcon_core.environment:checking '/home/lingc/ECE4191G11/ROS_PC/install/robot_launch/lib/pkgconfig/robot_launch.pc'
[1.975s] Level 1:colcon.colcon_core.environment:checking '/home/lingc/ECE4191G11/ROS_PC/install/robot_launch/lib/python3.10/site-packages'
[1.975s] Level 1:colcon.colcon_core.environment:checking '/home/lingc/ECE4191G11/ROS_PC/install/robot_launch/bin'
[1.976s] INFO:colcon.colcon_core.shell:Creating package script '/home/lingc/ECE4191G11/ROS_PC/install/robot_launch/share/robot_launch/package.ps1'
[1.977s] INFO:colcon.colcon_core.shell:Creating package descriptor '/home/lingc/ECE4191G11/ROS_PC/install/robot_launch/share/robot_launch/package.dsv'
[1.977s] INFO:colcon.colcon_core.shell:Creating package script '/home/lingc/ECE4191G11/ROS_PC/install/robot_launch/share/robot_launch/package.sh'
[1.978s] INFO:colcon.colcon_core.shell:Creating package script '/home/lingc/ECE4191G11/ROS_PC/install/robot_launch/share/robot_launch/package.bash'
[1.978s] INFO:colcon.colcon_core.shell:Creating package script '/home/lingc/ECE4191G11/ROS_PC/install/robot_launch/share/robot_launch/package.zsh'
[1.978s] Level 1:colcon.colcon_core.environment:create_file_with_runtime_dependencies(/home/lingc/ECE4191G11/ROS_PC/install/robot_launch/share/colcon-core/packages/robot_launch)
[1.979s] DEBUG:colcon.colcon_parallel_executor.executor.parallel:closing loop
[1.979s] DEBUG:colcon.colcon_parallel_executor.executor.parallel:loop closed
[1.979s] DEBUG:colcon.colcon_parallel_executor.executor.parallel:run_until_complete finished with '0'
[1.979s] DEBUG:colcon.colcon_core.event_reactor:joining thread
[1.984s] INFO:colcon.colcon_core.plugin_system:Skipping extension 'colcon_notification.desktop_notification.terminal_notifier': Not used on non-Darwin systems
[1.984s] INFO:colcon.colcon_core.plugin_system:Skipping extension 'colcon_notification.desktop_notification.win32': Not used on non-Windows systems
[1.984s] INFO:colcon.colcon_notification.desktop_notification:Sending desktop notification using 'notify2'
[1.994s] DEBUG:colcon.colcon_core.event_reactor:joined thread
[1.996s] INFO:colcon.colcon_core.shell:Creating prefix script '/home/lingc/ECE4191G11/ROS_PC/install/local_setup.ps1'
[1.996s] INFO:colcon.colcon_core.shell:Creating prefix util module '/home/lingc/ECE4191G11/ROS_PC/install/_local_setup_util_ps1.py'
[1.997s] INFO:colcon.colcon_core.shell:Creating prefix chain script '/home/lingc/ECE4191G11/ROS_PC/install/setup.ps1'
[1.999s] INFO:colcon.colcon_core.shell:Creating prefix script '/home/lingc/ECE4191G11/ROS_PC/install/local_setup.sh'
[2.000s] INFO:colcon.colcon_core.shell:Creating prefix util module '/home/lingc/ECE4191G11/ROS_PC/install/_local_setup_util_sh.py'
[2.000s] INFO:colcon.colcon_core.shell:Creating prefix chain script '/home/lingc/ECE4191G11/ROS_PC/install/setup.sh'
[2.001s] INFO:colcon.colcon_core.shell:Creating prefix script '/home/lingc/ECE4191G11/ROS_PC/install/local_setup.bash'
[2.002s] INFO:colcon.colcon_core.shell:Creating prefix chain script '/home/lingc/ECE4191G11/ROS_PC/install/setup.bash'
[2.003s] INFO:colcon.colcon_core.shell:Creating prefix script '/home/lingc/ECE4191G11/ROS_PC/install/local_setup.zsh'
[2.004s] INFO:colcon.colcon_core.shell:Creating prefix chain script '/home/lingc/ECE4191G11/ROS_PC/install/setup.zsh'
