[0.062s] Invoking command in '/home/rpi-team11/ECE4191G11/ROS/build/robot_interfaces': CMAKE_PREFIX_PATH=${CMAKE_PREFIX_PATH}:/home/rpi-team11/ECE4191G11/ROS/install/robot_controller:/opt/ros/humble /usr/bin/cmake --build /home/rpi-team11/ECE4191G11/ROS/build/robot_interfaces -- -j4 -l4
[0.280s] [  1%] Built target robot_interfaces__cpp
[0.294s] [ 12%] Built target robot_interfaces__rosidl_generator_c
[0.346s] [ 12%] Built target ament_cmake_python_copy_robot_interfaces
[0.403s] [ 23%] Built target robot_interfaces__rosidl_typesupport_fastrtps_cpp
[0.405s] [ 34%] Built target robot_interfaces__rosidl_typesupport_introspection_cpp
[0.427s] [ 45%] Built target robot_interfaces__rosidl_typesupport_cpp
[0.454s] [ 56%] Built target robot_interfaces__rosidl_typesupport_fastrtps_c
[0.509s] [ 67%] Built target robot_interfaces__rosidl_typesupport_c
[0.511s] [ 78%] Built target robot_interfaces__rosidl_typesupport_introspection_c
[0.595s] [ 78%] Built target robot_interfaces
[0.688s] [ 80%] Built target robot_interfaces__py
[0.786s] [ 89%] Built target robot_interfaces__rosidl_generator_py
[0.892s] [ 92%] Built target robot_interfaces__rosidl_typesupport_fastrtps_c__pyext
[0.903s] [ 98%] Built target robot_interfaces__rosidl_typesupport_introspection_c__pyext
[0.904s] [100%] Built target robot_interfaces__rosidl_typesupport_c__pyext
[1.669s] running egg_info
[1.672s] writing robot_interfaces.egg-info/PKG-INFO
[1.673s] writing dependency_links to robot_interfaces.egg-info/dependency_links.txt
[1.674s] writing top-level names to robot_interfaces.egg-info/top_level.txt
[1.684s] reading manifest file 'robot_interfaces.egg-info/SOURCES.txt'
[1.687s] writing manifest file 'robot_interfaces.egg-info/SOURCES.txt'
[1.810s] [100%] Built target ament_cmake_python_build_robot_interfaces_egg
[1.854s] Invoked command in '/home/rpi-team11/ECE4191G11/ROS/build/robot_interfaces' returned '0': CMAKE_PREFIX_PATH=${CMAKE_PREFIX_PATH}:/home/rpi-team11/ECE4191G11/ROS/install/robot_controller:/opt/ros/humble /usr/bin/cmake --build /home/rpi-team11/ECE4191G11/ROS/build/robot_interfaces -- -j4 -l4
[2.655s] Invoking command in '/home/rpi-team11/ECE4191G11/ROS/build/robot_interfaces': CMAKE_PREFIX_PATH=${CMAKE_PREFIX_PATH}:/home/rpi-team11/ECE4191G11/ROS/install/robot_controller:/opt/ros/humble /usr/bin/cmake --install /home/rpi-team11/ECE4191G11/ROS/build/robot_interfaces
[2.686s] -- Install configuration: ""
[2.686s] -- Up-to-date: /home/rpi-team11/ECE4191G11/ROS/install/robot_interfaces/share/ament_index/resource_index/rosidl_interfaces/robot_interfaces
[2.687s] -- Up-to-date: /home/rpi-team11/ECE4191G11/ROS/install/robot_interfaces/include/robot_interfaces/robot_interfaces
[2.687s] -- Up-to-date: /home/rpi-team11/ECE4191G11/ROS/install/robot_interfaces/include/robot_interfaces/robot_interfaces/msg
[2.688s] -- Up-to-date: /home/rpi-team11/ECE4191G11/ROS/install/robot_interfaces/include/robot_interfaces/robot_interfaces/msg/waypoint.h
[2.688s] -- Up-to-date: /home/rpi-team11/ECE4191G11/ROS/install/robot_interfaces/include/robot_interfaces/robot_interfaces/msg/detail
[2.689s] -- Up-to-date: /home/rpi-team11/ECE4191G11/ROS/install/robot_interfaces/include/robot_interfaces/robot_interfaces/msg/detail/waypoint__struct.h
[2.689s] -- Up-to-date: /home/rpi-team11/ECE4191G11/ROS/install/robot_interfaces/include/robot_interfaces/robot_interfaces/msg/detail/waypoint__functions.c
[2.690s] -- Up-to-date: /home/rpi-team11/ECE4191G11/ROS/install/robot_interfaces/include/robot_interfaces/robot_interfaces/msg/detail/pose__struct.h
[2.690s] -- Up-to-date: /home/rpi-team11/ECE4191G11/ROS/install/robot_interfaces/include/robot_interfaces/robot_interfaces/msg/detail/distances__type_support.h
[2.690s] -- Up-to-date: /home/rpi-team11/ECE4191G11/ROS/install/robot_interfaces/include/robot_interfaces/robot_interfaces/msg/detail/distances__functions.h
[2.691s] -- Up-to-date: /home/rpi-team11/ECE4191G11/ROS/install/robot_interfaces/include/robot_interfaces/robot_interfaces/msg/detail/waypoint__functions.h
[2.691s] -- Up-to-date: /home/rpi-team11/ECE4191G11/ROS/install/robot_interfaces/include/robot_interfaces/robot_interfaces/msg/detail/waypoint__type_support.h
[2.692s] -- Up-to-date: /home/rpi-team11/ECE4191G11/ROS/install/robot_interfaces/include/robot_interfaces/robot_interfaces/msg/detail/encoder_info__functions.c
[2.692s] -- Up-to-date: /home/rpi-team11/ECE4191G11/ROS/install/robot_interfaces/include/robot_interfaces/robot_interfaces/msg/detail/encoder_info__functions.h
[2.693s] -- Up-to-date: /home/rpi-team11/ECE4191G11/ROS/install/robot_interfaces/include/robot_interfaces/robot_interfaces/msg/detail/encoder_info__struct.h
[2.693s] -- Up-to-date: /home/rpi-team11/ECE4191G11/ROS/install/robot_interfaces/include/robot_interfaces/robot_interfaces/msg/detail/distances__struct.h
[2.693s] -- Up-to-date: /home/rpi-team11/ECE4191G11/ROS/install/robot_interfaces/include/robot_interfaces/robot_interfaces/msg/detail/distances__functions.c
[2.694s] -- Up-to-date: /home/rpi-team11/ECE4191G11/ROS/install/robot_interfaces/include/robot_interfaces/robot_interfaces/msg/detail/encoder_info__type_support.h
[2.694s] -- Up-to-date: /home/rpi-team11/ECE4191G11/ROS/install/robot_interfaces/include/robot_interfaces/robot_interfaces/msg/detail/pose__type_support.h
[2.695s] -- Up-to-date: /home/rpi-team11/ECE4191G11/ROS/install/robot_interfaces/include/robot_interfaces/robot_interfaces/msg/detail/pose__functions.h
[2.695s] -- Up-to-date: /home/rpi-team11/ECE4191G11/ROS/install/robot_interfaces/include/robot_interfaces/robot_interfaces/msg/detail/pose__functions.c
[2.696s] -- Up-to-date: /home/rpi-team11/ECE4191G11/ROS/install/robot_interfaces/include/robot_interfaces/robot_interfaces/msg/pose.h
[2.696s] -- Up-to-date: /home/rpi-team11/ECE4191G11/ROS/install/robot_interfaces/include/robot_interfaces/robot_interfaces/msg/encoder_info.h
[2.697s] -- Up-to-date: /home/rpi-team11/ECE4191G11/ROS/install/robot_interfaces/include/robot_interfaces/robot_interfaces/msg/rosidl_generator_c__visibility_control.h
[2.697s] -- Up-to-date: /home/rpi-team11/ECE4191G11/ROS/install/robot_interfaces/include/robot_interfaces/robot_interfaces/msg/distances.h
[2.697s] -- Up-to-date: /home/rpi-team11/ECE4191G11/ROS/install/robot_interfaces/share/robot_interfaces/environment/library_path.sh
[2.698s] -- Up-to-date: /home/rpi-team11/ECE4191G11/ROS/install/robot_interfaces/share/robot_interfaces/environment/library_path.dsv
[2.698s] -- Up-to-date: /home/rpi-team11/ECE4191G11/ROS/install/robot_interfaces/lib/librobot_interfaces__rosidl_generator_c.so
[2.698s] -- Up-to-date: /home/rpi-team11/ECE4191G11/ROS/install/robot_interfaces/include/robot_interfaces/robot_interfaces
[2.699s] -- Up-to-date: /home/rpi-team11/ECE4191G11/ROS/install/robot_interfaces/include/robot_interfaces/robot_interfaces/msg
[2.699s] -- Up-to-date: /home/rpi-team11/ECE4191G11/ROS/install/robot_interfaces/include/robot_interfaces/robot_interfaces/msg/rosidl_typesupport_fastrtps_c__visibility_control.h
[2.700s] -- Up-to-date: /home/rpi-team11/ECE4191G11/ROS/install/robot_interfaces/include/robot_interfaces/robot_interfaces/msg/detail
[2.700s] -- Up-to-date: /home/rpi-team11/ECE4191G11/ROS/install/robot_interfaces/include/robot_interfaces/robot_interfaces/msg/detail/distances__rosidl_typesupport_fastrtps_c.h
[2.701s] -- Up-to-date: /home/rpi-team11/ECE4191G11/ROS/install/robot_interfaces/include/robot_interfaces/robot_interfaces/msg/detail/waypoint__rosidl_typesupport_fastrtps_c.h
[2.701s] -- Up-to-date: /home/rpi-team11/ECE4191G11/ROS/install/robot_interfaces/include/robot_interfaces/robot_interfaces/msg/detail/pose__rosidl_typesupport_fastrtps_c.h
[2.701s] -- Up-to-date: /home/rpi-team11/ECE4191G11/ROS/install/robot_interfaces/include/robot_interfaces/robot_interfaces/msg/detail/encoder_info__rosidl_typesupport_fastrtps_c.h
[2.702s] -- Up-to-date: /home/rpi-team11/ECE4191G11/ROS/install/robot_interfaces/lib/librobot_interfaces__rosidl_typesupport_fastrtps_c.so
[2.704s] -- Up-to-date: /home/rpi-team11/ECE4191G11/ROS/install/robot_interfaces/include/robot_interfaces/robot_interfaces
[2.704s] -- Up-to-date: /home/rpi-team11/ECE4191G11/ROS/install/robot_interfaces/include/robot_interfaces/robot_interfaces/msg
[2.705s] -- Up-to-date: /home/rpi-team11/ECE4191G11/ROS/install/robot_interfaces/include/robot_interfaces/robot_interfaces/msg/detail
[2.705s] -- Up-to-date: /home/rpi-team11/ECE4191G11/ROS/install/robot_interfaces/include/robot_interfaces/robot_interfaces/msg/detail/distances__type_support.c
[2.706s] -- Up-to-date: /home/rpi-team11/ECE4191G11/ROS/install/robot_interfaces/include/robot_interfaces/robot_interfaces/msg/detail/encoder_info__rosidl_typesupport_introspection_c.h
[2.706s] -- Up-to-date: /home/rpi-team11/ECE4191G11/ROS/install/robot_interfaces/include/robot_interfaces/robot_interfaces/msg/detail/pose__rosidl_typesupport_introspection_c.h
[2.706s] -- Up-to-date: /home/rpi-team11/ECE4191G11/ROS/install/robot_interfaces/include/robot_interfaces/robot_interfaces/msg/detail/distances__rosidl_typesupport_introspection_c.h
[2.707s] -- Up-to-date: /home/rpi-team11/ECE4191G11/ROS/install/robot_interfaces/include/robot_interfaces/robot_interfaces/msg/detail/pose__type_support.c
[2.707s] -- Up-to-date: /home/rpi-team11/ECE4191G11/ROS/install/robot_interfaces/include/robot_interfaces/robot_interfaces/msg/detail/waypoint__type_support.c
[2.708s] -- Up-to-date: /home/rpi-team11/ECE4191G11/ROS/install/robot_interfaces/include/robot_interfaces/robot_interfaces/msg/detail/encoder_info__type_support.c
[2.708s] -- Up-to-date: /home/rpi-team11/ECE4191G11/ROS/install/robot_interfaces/include/robot_interfaces/robot_interfaces/msg/detail/waypoint__rosidl_typesupport_introspection_c.h
[2.709s] -- Up-to-date: /home/rpi-team11/ECE4191G11/ROS/install/robot_interfaces/include/robot_interfaces/robot_interfaces/msg/rosidl_typesupport_introspection_c__visibility_control.h
[2.709s] -- Up-to-date: /home/rpi-team11/ECE4191G11/ROS/install/robot_interfaces/lib/librobot_interfaces__rosidl_typesupport_introspection_c.so
[2.712s] -- Up-to-date: /home/rpi-team11/ECE4191G11/ROS/install/robot_interfaces/lib/librobot_interfaces__rosidl_typesupport_c.so
[2.712s] -- Up-to-date: /home/rpi-team11/ECE4191G11/ROS/install/robot_interfaces/include/robot_interfaces/robot_interfaces
[2.713s] -- Up-to-date: /home/rpi-team11/ECE4191G11/ROS/install/robot_interfaces/include/robot_interfaces/robot_interfaces/msg
[2.713s] -- Up-to-date: /home/rpi-team11/ECE4191G11/ROS/install/robot_interfaces/include/robot_interfaces/robot_interfaces/msg/encoder_info.hpp
[2.714s] -- Up-to-date: /home/rpi-team11/ECE4191G11/ROS/install/robot_interfaces/include/robot_interfaces/robot_interfaces/msg/detail
[2.714s] -- Up-to-date: /home/rpi-team11/ECE4191G11/ROS/install/robot_interfaces/include/robot_interfaces/robot_interfaces/msg/detail/distances__builder.hpp
[2.715s] -- Up-to-date: /home/rpi-team11/ECE4191G11/ROS/install/robot_interfaces/include/robot_interfaces/robot_interfaces/msg/detail/pose__builder.hpp
[2.715s] -- Up-to-date: /home/rpi-team11/ECE4191G11/ROS/install/robot_interfaces/include/robot_interfaces/robot_interfaces/msg/detail/pose__traits.hpp
[2.715s] -- Up-to-date: /home/rpi-team11/ECE4191G11/ROS/install/robot_interfaces/include/robot_interfaces/robot_interfaces/msg/detail/encoder_info__struct.hpp
[2.716s] -- Up-to-date: /home/rpi-team11/ECE4191G11/ROS/install/robot_interfaces/include/robot_interfaces/robot_interfaces/msg/detail/encoder_info__builder.hpp
[2.716s] -- Up-to-date: /home/rpi-team11/ECE4191G11/ROS/install/robot_interfaces/include/robot_interfaces/robot_interfaces/msg/detail/waypoint__struct.hpp
[2.717s] -- Up-to-date: /home/rpi-team11/ECE4191G11/ROS/install/robot_interfaces/include/robot_interfaces/robot_interfaces/msg/detail/distances__struct.hpp
[2.717s] -- Up-to-date: /home/rpi-team11/ECE4191G11/ROS/install/robot_interfaces/include/robot_interfaces/robot_interfaces/msg/detail/waypoint__traits.hpp
[2.718s] -- Up-to-date: /home/rpi-team11/ECE4191G11/ROS/install/robot_interfaces/include/robot_interfaces/robot_interfaces/msg/detail/distances__traits.hpp
[2.718s] -- Up-to-date: /home/rpi-team11/ECE4191G11/ROS/install/robot_interfaces/include/robot_interfaces/robot_interfaces/msg/detail/encoder_info__traits.hpp
[2.718s] -- Up-to-date: /home/rpi-team11/ECE4191G11/ROS/install/robot_interfaces/include/robot_interfaces/robot_interfaces/msg/detail/pose__struct.hpp
[2.719s] -- Up-to-date: /home/rpi-team11/ECE4191G11/ROS/install/robot_interfaces/include/robot_interfaces/robot_interfaces/msg/detail/waypoint__builder.hpp
[2.719s] -- Up-to-date: /home/rpi-team11/ECE4191G11/ROS/install/robot_interfaces/include/robot_interfaces/robot_interfaces/msg/pose.hpp
[2.720s] -- Up-to-date: /home/rpi-team11/ECE4191G11/ROS/install/robot_interfaces/include/robot_interfaces/robot_interfaces/msg/distances.hpp
[2.720s] -- Up-to-date: /home/rpi-team11/ECE4191G11/ROS/install/robot_interfaces/include/robot_interfaces/robot_interfaces/msg/waypoint.hpp
[2.721s] -- Up-to-date: /home/rpi-team11/ECE4191G11/ROS/install/robot_interfaces/include/robot_interfaces/robot_interfaces
[2.721s] -- Up-to-date: /home/rpi-team11/ECE4191G11/ROS/install/robot_interfaces/include/robot_interfaces/robot_interfaces/msg
[2.721s] -- Up-to-date: /home/rpi-team11/ECE4191G11/ROS/install/robot_interfaces/include/robot_interfaces/robot_interfaces/msg/detail
[2.722s] -- Up-to-date: /home/rpi-team11/ECE4191G11/ROS/install/robot_interfaces/include/robot_interfaces/robot_interfaces/msg/detail/distances__rosidl_typesupport_fastrtps_cpp.hpp
[2.722s] -- Up-to-date: /home/rpi-team11/ECE4191G11/ROS/install/robot_interfaces/include/robot_interfaces/robot_interfaces/msg/detail/dds_fastrtps
[2.722s] -- Up-to-date: /home/rpi-team11/ECE4191G11/ROS/install/robot_interfaces/include/robot_interfaces/robot_interfaces/msg/detail/waypoint__rosidl_typesupport_fastrtps_cpp.hpp
[2.723s] -- Up-to-date: /home/rpi-team11/ECE4191G11/ROS/install/robot_interfaces/include/robot_interfaces/robot_interfaces/msg/detail/encoder_info__rosidl_typesupport_fastrtps_cpp.hpp
[2.723s] -- Up-to-date: /home/rpi-team11/ECE4191G11/ROS/install/robot_interfaces/include/robot_interfaces/robot_interfaces/msg/detail/pose__rosidl_typesupport_fastrtps_cpp.hpp
[2.724s] -- Up-to-date: /home/rpi-team11/ECE4191G11/ROS/install/robot_interfaces/include/robot_interfaces/robot_interfaces/msg/rosidl_typesupport_fastrtps_cpp__visibility_control.h
[2.724s] -- Up-to-date: /home/rpi-team11/ECE4191G11/ROS/install/robot_interfaces/lib/librobot_interfaces__rosidl_typesupport_fastrtps_cpp.so
[2.724s] -- Up-to-date: /home/rpi-team11/ECE4191G11/ROS/install/robot_interfaces/include/robot_interfaces/robot_interfaces
[2.725s] -- Up-to-date: /home/rpi-team11/ECE4191G11/ROS/install/robot_interfaces/include/robot_interfaces/robot_interfaces/msg
[2.725s] -- Up-to-date: /home/rpi-team11/ECE4191G11/ROS/install/robot_interfaces/include/robot_interfaces/robot_interfaces/msg/detail
[2.726s] -- Up-to-date: /home/rpi-team11/ECE4191G11/ROS/install/robot_interfaces/include/robot_interfaces/robot_interfaces/msg/detail/pose__type_support.cpp
[2.726s] -- Up-to-date: /home/rpi-team11/ECE4191G11/ROS/install/robot_interfaces/include/robot_interfaces/robot_interfaces/msg/detail/encoder_info__type_support.cpp
[2.727s] -- Up-to-date: /home/rpi-team11/ECE4191G11/ROS/install/robot_interfaces/include/robot_interfaces/robot_interfaces/msg/detail/distances__type_support.cpp
[2.727s] -- Up-to-date: /home/rpi-team11/ECE4191G11/ROS/install/robot_interfaces/include/robot_interfaces/robot_interfaces/msg/detail/pose__rosidl_typesupport_introspection_cpp.hpp
[2.727s] -- Up-to-date: /home/rpi-team11/ECE4191G11/ROS/install/robot_interfaces/include/robot_interfaces/robot_interfaces/msg/detail/encoder_info__rosidl_typesupport_introspection_cpp.hpp
[2.728s] -- Up-to-date: /home/rpi-team11/ECE4191G11/ROS/install/robot_interfaces/include/robot_interfaces/robot_interfaces/msg/detail/waypoint__type_support.cpp
[2.728s] -- Up-to-date: /home/rpi-team11/ECE4191G11/ROS/install/robot_interfaces/include/robot_interfaces/robot_interfaces/msg/detail/distances__rosidl_typesupport_introspection_cpp.hpp
[2.729s] -- Up-to-date: /home/rpi-team11/ECE4191G11/ROS/install/robot_interfaces/include/robot_interfaces/robot_interfaces/msg/detail/waypoint__rosidl_typesupport_introspection_cpp.hpp
[2.730s] -- Up-to-date: /home/rpi-team11/ECE4191G11/ROS/install/robot_interfaces/lib/librobot_interfaces__rosidl_typesupport_introspection_cpp.so
[2.732s] -- Up-to-date: /home/rpi-team11/ECE4191G11/ROS/install/robot_interfaces/lib/librobot_interfaces__rosidl_typesupport_cpp.so
[2.733s] -- Up-to-date: /home/rpi-team11/ECE4191G11/ROS/install/robot_interfaces/share/robot_interfaces/environment/pythonpath.sh
[2.733s] -- Up-to-date: /home/rpi-team11/ECE4191G11/ROS/install/robot_interfaces/share/robot_interfaces/environment/pythonpath.dsv
[2.734s] -- Up-to-date: /home/rpi-team11/ECE4191G11/ROS/install/robot_interfaces/local/lib/python3.10/dist-packages/robot_interfaces-0.0.0-py3.10.egg-info
[2.734s] -- Installing: /home/rpi-team11/ECE4191G11/ROS/install/robot_interfaces/local/lib/python3.10/dist-packages/robot_interfaces-0.0.0-py3.10.egg-info/dependency_links.txt
[2.736s] -- Installing: /home/rpi-team11/ECE4191G11/ROS/install/robot_interfaces/local/lib/python3.10/dist-packages/robot_interfaces-0.0.0-py3.10.egg-info/top_level.txt
[2.737s] -- Installing: /home/rpi-team11/ECE4191G11/ROS/install/robot_interfaces/local/lib/python3.10/dist-packages/robot_interfaces-0.0.0-py3.10.egg-info/SOURCES.txt
[2.738s] -- Installing: /home/rpi-team11/ECE4191G11/ROS/install/robot_interfaces/local/lib/python3.10/dist-packages/robot_interfaces-0.0.0-py3.10.egg-info/PKG-INFO
[2.740s] -- Up-to-date: /home/rpi-team11/ECE4191G11/ROS/install/robot_interfaces/local/lib/python3.10/dist-packages/robot_interfaces
[2.740s] -- Up-to-date: /home/rpi-team11/ECE4191G11/ROS/install/robot_interfaces/local/lib/python3.10/dist-packages/robot_interfaces/msg
[2.741s] -- Up-to-date: /home/rpi-team11/ECE4191G11/ROS/install/robot_interfaces/local/lib/python3.10/dist-packages/robot_interfaces/msg/_distances.py
[2.741s] -- Up-to-date: /home/rpi-team11/ECE4191G11/ROS/install/robot_interfaces/local/lib/python3.10/dist-packages/robot_interfaces/msg/_waypoint.py
[2.742s] -- Up-to-date: /home/rpi-team11/ECE4191G11/ROS/install/robot_interfaces/local/lib/python3.10/dist-packages/robot_interfaces/msg/_encoder_info.py
[2.742s] -- Up-to-date: /home/rpi-team11/ECE4191G11/ROS/install/robot_interfaces/local/lib/python3.10/dist-packages/robot_interfaces/msg/_pose_s.c
[2.743s] -- Up-to-date: /home/rpi-team11/ECE4191G11/ROS/install/robot_interfaces/local/lib/python3.10/dist-packages/robot_interfaces/msg/__init__.py
[2.743s] -- Up-to-date: /home/rpi-team11/ECE4191G11/ROS/install/robot_interfaces/local/lib/python3.10/dist-packages/robot_interfaces/msg/_waypoint_s.c
[2.744s] -- Up-to-date: /home/rpi-team11/ECE4191G11/ROS/install/robot_interfaces/local/lib/python3.10/dist-packages/robot_interfaces/msg/_pose.py
[2.744s] -- Up-to-date: /home/rpi-team11/ECE4191G11/ROS/install/robot_interfaces/local/lib/python3.10/dist-packages/robot_interfaces/msg/_encoder_info_s.c
[2.744s] -- Up-to-date: /home/rpi-team11/ECE4191G11/ROS/install/robot_interfaces/local/lib/python3.10/dist-packages/robot_interfaces/msg/_distances_s.c
[2.745s] -- Up-to-date: /home/rpi-team11/ECE4191G11/ROS/install/robot_interfaces/local/lib/python3.10/dist-packages/robot_interfaces/_robot_interfaces_s.ep.rosidl_typesupport_c.c
[2.745s] -- Up-to-date: /home/rpi-team11/ECE4191G11/ROS/install/robot_interfaces/local/lib/python3.10/dist-packages/robot_interfaces/__init__.py
[2.745s] -- Up-to-date: /home/rpi-team11/ECE4191G11/ROS/install/robot_interfaces/local/lib/python3.10/dist-packages/robot_interfaces/robot_interfaces_s__rosidl_typesupport_c.cpython-310-aarch64-linux-gnu.so
[2.746s] -- Up-to-date: /home/rpi-team11/ECE4191G11/ROS/install/robot_interfaces/local/lib/python3.10/dist-packages/robot_interfaces/_robot_interfaces_s.ep.rosidl_typesupport_introspection_c.c
[2.746s] -- Up-to-date: /home/rpi-team11/ECE4191G11/ROS/install/robot_interfaces/local/lib/python3.10/dist-packages/robot_interfaces/_robot_interfaces_s.ep.rosidl_typesupport_fastrtps_c.c
[2.747s] -- Up-to-date: /home/rpi-team11/ECE4191G11/ROS/install/robot_interfaces/local/lib/python3.10/dist-packages/robot_interfaces/librobot_interfaces__rosidl_generator_py.so
[2.747s] -- Up-to-date: /home/rpi-team11/ECE4191G11/ROS/install/robot_interfaces/local/lib/python3.10/dist-packages/robot_interfaces/robot_interfaces_s__rosidl_typesupport_fastrtps_c.cpython-310-aarch64-linux-gnu.so
[2.748s] -- Up-to-date: /home/rpi-team11/ECE4191G11/ROS/install/robot_interfaces/local/lib/python3.10/dist-packages/robot_interfaces/robot_interfaces_s__rosidl_typesupport_introspection_c.cpython-310-aarch64-linux-gnu.so
[2.889s] Listing '/home/rpi-team11/ECE4191G11/ROS/install/robot_interfaces/local/lib/python3.10/dist-packages/robot_interfaces'...
[2.890s] Listing '/home/rpi-team11/ECE4191G11/ROS/install/robot_interfaces/local/lib/python3.10/dist-packages/robot_interfaces/msg'...
[2.913s] -- Up-to-date: /home/rpi-team11/ECE4191G11/ROS/install/robot_interfaces/local/lib/python3.10/dist-packages/robot_interfaces/robot_interfaces_s__rosidl_typesupport_fastrtps_c.cpython-310-aarch64-linux-gnu.so
[2.914s] -- Up-to-date: /home/rpi-team11/ECE4191G11/ROS/install/robot_interfaces/local/lib/python3.10/dist-packages/robot_interfaces/robot_interfaces_s__rosidl_typesupport_introspection_c.cpython-310-aarch64-linux-gnu.so
[2.917s] -- Up-to-date: /home/rpi-team11/ECE4191G11/ROS/install/robot_interfaces/local/lib/python3.10/dist-packages/robot_interfaces/robot_interfaces_s__rosidl_typesupport_c.cpython-310-aarch64-linux-gnu.so
[2.919s] -- Up-to-date: /home/rpi-team11/ECE4191G11/ROS/install/robot_interfaces/lib/librobot_interfaces__rosidl_generator_py.so
[2.921s] -- Up-to-date: /home/rpi-team11/ECE4191G11/ROS/install/robot_interfaces/share/robot_interfaces/msg/Waypoint.idl
[2.922s] -- Up-to-date: /home/rpi-team11/ECE4191G11/ROS/install/robot_interfaces/share/robot_interfaces/msg/Pose.idl
[2.922s] -- Up-to-date: /home/rpi-team11/ECE4191G11/ROS/install/robot_interfaces/share/robot_interfaces/msg/Distances.idl
[2.923s] -- Up-to-date: /home/rpi-team11/ECE4191G11/ROS/install/robot_interfaces/share/robot_interfaces/msg/EncoderInfo.idl
[2.923s] -- Up-to-date: /home/rpi-team11/ECE4191G11/ROS/install/robot_interfaces/share/robot_interfaces/msg/Waypoint.msg
[2.924s] -- Up-to-date: /home/rpi-team11/ECE4191G11/ROS/install/robot_interfaces/share/robot_interfaces/msg/Pose.msg
[2.924s] -- Up-to-date: /home/rpi-team11/ECE4191G11/ROS/install/robot_interfaces/share/robot_interfaces/msg/Distances.msg
[2.925s] -- Up-to-date: /home/rpi-team11/ECE4191G11/ROS/install/robot_interfaces/share/robot_interfaces/msg/EncoderInfo.msg
[2.925s] -- Up-to-date: /home/rpi-team11/ECE4191G11/ROS/install/robot_interfaces/share/ament_index/resource_index/package_run_dependencies/robot_interfaces
[2.926s] -- Up-to-date: /home/rpi-team11/ECE4191G11/ROS/install/robot_interfaces/share/ament_index/resource_index/parent_prefix_path/robot_interfaces
[2.926s] -- Up-to-date: /home/rpi-team11/ECE4191G11/ROS/install/robot_interfaces/share/robot_interfaces/environment/ament_prefix_path.sh
[2.927s] -- Up-to-date: /home/rpi-team11/ECE4191G11/ROS/install/robot_interfaces/share/robot_interfaces/environment/ament_prefix_path.dsv
[2.927s] -- Up-to-date: /home/rpi-team11/ECE4191G11/ROS/install/robot_interfaces/share/robot_interfaces/environment/path.sh
[2.928s] -- Up-to-date: /home/rpi-team11/ECE4191G11/ROS/install/robot_interfaces/share/robot_interfaces/environment/path.dsv
[2.928s] -- Up-to-date: /home/rpi-team11/ECE4191G11/ROS/install/robot_interfaces/share/robot_interfaces/local_setup.bash
[2.929s] -- Up-to-date: /home/rpi-team11/ECE4191G11/ROS/install/robot_interfaces/share/robot_interfaces/local_setup.sh
[2.929s] -- Up-to-date: /home/rpi-team11/ECE4191G11/ROS/install/robot_interfaces/share/robot_interfaces/local_setup.zsh
[2.930s] -- Up-to-date: /home/rpi-team11/ECE4191G11/ROS/install/robot_interfaces/share/robot_interfaces/local_setup.dsv
[2.930s] -- Installing: /home/rpi-team11/ECE4191G11/ROS/install/robot_interfaces/share/robot_interfaces/package.dsv
[2.931s] -- Up-to-date: /home/rpi-team11/ECE4191G11/ROS/install/robot_interfaces/share/ament_index/resource_index/packages/robot_interfaces
[2.931s] -- Up-to-date: /home/rpi-team11/ECE4191G11/ROS/install/robot_interfaces/share/robot_interfaces/cmake/export_robot_interfaces__rosidl_generator_cExport.cmake
[2.932s] -- Up-to-date: /home/rpi-team11/ECE4191G11/ROS/install/robot_interfaces/share/robot_interfaces/cmake/export_robot_interfaces__rosidl_generator_cExport-noconfig.cmake
[2.933s] -- Up-to-date: /home/rpi-team11/ECE4191G11/ROS/install/robot_interfaces/share/robot_interfaces/cmake/export_robot_interfaces__rosidl_typesupport_fastrtps_cExport.cmake
[2.933s] -- Up-to-date: /home/rpi-team11/ECE4191G11/ROS/install/robot_interfaces/share/robot_interfaces/cmake/export_robot_interfaces__rosidl_typesupport_fastrtps_cExport-noconfig.cmake
[2.934s] -- Up-to-date: /home/rpi-team11/ECE4191G11/ROS/install/robot_interfaces/share/robot_interfaces/cmake/robot_interfaces__rosidl_typesupport_introspection_cExport.cmake
[2.935s] -- Up-to-date: /home/rpi-team11/ECE4191G11/ROS/install/robot_interfaces/share/robot_interfaces/cmake/robot_interfaces__rosidl_typesupport_introspection_cExport-noconfig.cmake
[2.936s] -- Up-to-date: /home/rpi-team11/ECE4191G11/ROS/install/robot_interfaces/share/robot_interfaces/cmake/robot_interfaces__rosidl_typesupport_cExport.cmake
[2.936s] -- Up-to-date: /home/rpi-team11/ECE4191G11/ROS/install/robot_interfaces/share/robot_interfaces/cmake/robot_interfaces__rosidl_typesupport_cExport-noconfig.cmake
[2.937s] -- Up-to-date: /home/rpi-team11/ECE4191G11/ROS/install/robot_interfaces/share/robot_interfaces/cmake/export_robot_interfaces__rosidl_generator_cppExport.cmake
[2.952s] -- Up-to-date: /home/rpi-team11/ECE4191G11/ROS/install/robot_interfaces/share/robot_interfaces/cmake/export_robot_interfaces__rosidl_typesupport_fastrtps_cppExport.cmake
[2.953s] -- Up-to-date: /home/rpi-team11/ECE4191G11/ROS/install/robot_interfaces/share/robot_interfaces/cmake/export_robot_interfaces__rosidl_typesupport_fastrtps_cppExport-noconfig.cmake
[2.954s] -- Up-to-date: /home/rpi-team11/ECE4191G11/ROS/install/robot_interfaces/share/robot_interfaces/cmake/robot_interfaces__rosidl_typesupport_introspection_cppExport.cmake
[2.961s] -- Up-to-date: /home/rpi-team11/ECE4191G11/ROS/install/robot_interfaces/share/robot_interfaces/cmake/robot_interfaces__rosidl_typesupport_introspection_cppExport-noconfig.cmake
[2.962s] -- Up-to-date: /home/rpi-team11/ECE4191G11/ROS/install/robot_interfaces/share/robot_interfaces/cmake/robot_interfaces__rosidl_typesupport_cppExport.cmake
[2.966s] -- Up-to-date: /home/rpi-team11/ECE4191G11/ROS/install/robot_interfaces/share/robot_interfaces/cmake/robot_interfaces__rosidl_typesupport_cppExport-noconfig.cmake
[2.969s] -- Up-to-date: /home/rpi-team11/ECE4191G11/ROS/install/robot_interfaces/share/robot_interfaces/cmake/export_robot_interfaces__rosidl_generator_pyExport.cmake
[2.971s] -- Up-to-date: /home/rpi-team11/ECE4191G11/ROS/install/robot_interfaces/share/robot_interfaces/cmake/export_robot_interfaces__rosidl_generator_pyExport-noconfig.cmake
[2.972s] -- Up-to-date: /home/rpi-team11/ECE4191G11/ROS/install/robot_interfaces/share/robot_interfaces/cmake/rosidl_cmake-extras.cmake
[2.973s] -- Up-to-date: /home/rpi-team11/ECE4191G11/ROS/install/robot_interfaces/share/robot_interfaces/cmake/ament_cmake_export_include_directories-extras.cmake
[2.973s] -- Up-to-date: /home/rpi-team11/ECE4191G11/ROS/install/robot_interfaces/share/robot_interfaces/cmake/ament_cmake_export_libraries-extras.cmake
[2.974s] -- Up-to-date: /home/rpi-team11/ECE4191G11/ROS/install/robot_interfaces/share/robot_interfaces/cmake/ament_cmake_export_targets-extras.cmake
[2.975s] -- Up-to-date: /home/rpi-team11/ECE4191G11/ROS/install/robot_interfaces/share/robot_interfaces/cmake/rosidl_cmake_export_typesupport_targets-extras.cmake
[2.975s] -- Up-to-date: /home/rpi-team11/ECE4191G11/ROS/install/robot_interfaces/share/robot_interfaces/cmake/ament_cmake_export_dependencies-extras.cmake
[2.977s] -- Up-to-date: /home/rpi-team11/ECE4191G11/ROS/install/robot_interfaces/share/robot_interfaces/cmake/rosidl_cmake_export_typesupport_libraries-extras.cmake
[2.978s] -- Up-to-date: /home/rpi-team11/ECE4191G11/ROS/install/robot_interfaces/share/robot_interfaces/cmake/robot_interfacesConfig.cmake
[2.978s] -- Up-to-date: /home/rpi-team11/ECE4191G11/ROS/install/robot_interfaces/share/robot_interfaces/cmake/robot_interfacesConfig-version.cmake
[2.980s] -- Up-to-date: /home/rpi-team11/ECE4191G11/ROS/install/robot_interfaces/share/robot_interfaces/package.xml
[2.981s] Invoked command in '/home/rpi-team11/ECE4191G11/ROS/build/robot_interfaces' returned '0': CMAKE_PREFIX_PATH=${CMAKE_PREFIX_PATH}:/home/rpi-team11/ECE4191G11/ROS/install/robot_controller:/opt/ros/humble /usr/bin/cmake --install /home/rpi-team11/ECE4191G11/ROS/build/robot_interfaces
