[3.358s] DEBUG:colcon:Command line arguments: ['/usr/bin/colcon', 'build']
[3.359s] DEBUG:colcon:Parsed command line arguments: Namespace(log_base=None, log_level=None, verb_name='build', build_base='build', install_base='install', merge_install=False, symlink_install=False, test_result_base=None, continue_on_error=False, executor='parallel', parallel_workers=4, event_handlers=None, ignore_user_meta=False, metas=['./colcon.meta'], base_paths=['.'], packages_ignore=None, packages_ignore_regex=None, paths=None, packages_up_to=None, packages_up_to_regex=None, packages_above=None, packages_above_and_dependencies=None, packages_above_depth=None, packages_select_by_dep=None, packages_skip_by_dep=None, packages_skip_up_to=None, packages_select_build_failed=False, packages_skip_build_finished=False, packages_select_test_failures=False, packages_skip_test_passed=False, packages_select=None, packages_skip=None, packages_select_regex=None, packages_skip_regex=None, packages_start=None, packages_end=None, allow_overriding=[], cmake_args=None, cmake_target=None, cmake_target_skip_unavailable=False, cmake_clean_cache=False, cmake_clean_first=False, cmake_force_configure=False, ament_cmake_args=None, catkin_cmake_args=None, catkin_skip_building_tests=False, verb_parser=<colcon_defaults.argument_parser.defaults.DefaultArgumentsDecorator object at 0x7f162ec57b20>, verb_extension=<colcon_core.verb.build.BuildVerb object at 0x7f162ec573a0>, main=<bound method BuildVerb.main of <colcon_core.verb.build.BuildVerb object at 0x7f162ec573a0>>)
[3.400s] Level 1:colcon.colcon_core.package_discovery:discover_packages(colcon_meta) check parameters
[3.400s] Level 1:colcon.colcon_core.package_discovery:discover_packages(recursive) check parameters
[3.400s] Level 1:colcon.colcon_core.package_discovery:discover_packages(ignore) check parameters
[3.400s] Level 1:colcon.colcon_core.package_discovery:discover_packages(path) check parameters
[3.400s] Level 1:colcon.colcon_core.package_discovery:discover_packages(colcon_meta) discover
[3.400s] Level 1:colcon.colcon_core.package_discovery:discover_packages(recursive) discover
[3.400s] INFO:colcon.colcon_core.package_discovery:Crawling recursively for packages in '/home/lingc/ECE4191G11/ROS'
[3.400s] Level 1:colcon.colcon_core.package_identification:_identify(.) by extensions ['ignore', 'ignore_ament_install']
[3.401s] Level 1:colcon.colcon_core.package_identification:_identify(.) by extension 'ignore'
[3.401s] Level 1:colcon.colcon_core.package_identification:_identify(.) by extension 'ignore_ament_install'
[3.401s] Level 1:colcon.colcon_core.package_identification:_identify(.) by extensions ['colcon_pkg']
[3.401s] Level 1:colcon.colcon_core.package_identification:_identify(.) by extension 'colcon_pkg'
[3.401s] Level 1:colcon.colcon_core.package_identification:_identify(.) by extensions ['colcon_meta']
[3.401s] Level 1:colcon.colcon_core.package_identification:_identify(.) by extension 'colcon_meta'
[3.401s] Level 1:colcon.colcon_core.package_identification:_identify(.) by extensions ['ros']
[3.401s] Level 1:colcon.colcon_core.package_identification:_identify(.) by extension 'ros'
[3.430s] Level 1:colcon.colcon_core.package_identification:_identify(.) by extensions ['cmake', 'python']
[3.430s] Level 1:colcon.colcon_core.package_identification:_identify(.) by extension 'cmake'
[3.430s] Level 1:colcon.colcon_core.package_identification:_identify(.) by extension 'python'
[3.430s] Level 1:colcon.colcon_core.package_identification:_identify(.) by extensions ['python_setup_py']
[3.430s] Level 1:colcon.colcon_core.package_identification:_identify(.) by extension 'python_setup_py'
[3.431s] Level 1:colcon.colcon_core.package_identification:_identify(build) by extensions ['ignore', 'ignore_ament_install']
[3.431s] Level 1:colcon.colcon_core.package_identification:_identify(build) by extension 'ignore'
[3.431s] Level 1:colcon.colcon_core.package_identification:_identify(build) ignored
[3.431s] Level 1:colcon.colcon_core.package_identification:_identify(install) by extensions ['ignore', 'ignore_ament_install']
[3.431s] Level 1:colcon.colcon_core.package_identification:_identify(install) by extension 'ignore'
[3.431s] Level 1:colcon.colcon_core.package_identification:_identify(install) ignored
[3.431s] Level 1:colcon.colcon_core.package_identification:_identify(log) by extensions ['ignore', 'ignore_ament_install']
[3.431s] Level 1:colcon.colcon_core.package_identification:_identify(log) by extension 'ignore'
[3.431s] Level 1:colcon.colcon_core.package_identification:_identify(log) ignored
[3.432s] Level 1:colcon.colcon_core.package_identification:_identify(src) by extensions ['ignore', 'ignore_ament_install']
[3.432s] Level 1:colcon.colcon_core.package_identification:_identify(src) by extension 'ignore'
[3.432s] Level 1:colcon.colcon_core.package_identification:_identify(src) by extension 'ignore_ament_install'
[3.432s] Level 1:colcon.colcon_core.package_identification:_identify(src) by extensions ['colcon_pkg']
[3.432s] Level 1:colcon.colcon_core.package_identification:_identify(src) by extension 'colcon_pkg'
[3.432s] Level 1:colcon.colcon_core.package_identification:_identify(src) by extensions ['colcon_meta']
[3.432s] Level 1:colcon.colcon_core.package_identification:_identify(src) by extension 'colcon_meta'
[3.432s] Level 1:colcon.colcon_core.package_identification:_identify(src) by extensions ['ros']
[3.432s] Level 1:colcon.colcon_core.package_identification:_identify(src) by extension 'ros'
[3.432s] Level 1:colcon.colcon_core.package_identification:_identify(src) by extensions ['cmake', 'python']
[3.432s] Level 1:colcon.colcon_core.package_identification:_identify(src) by extension 'cmake'
[3.432s] Level 1:colcon.colcon_core.package_identification:_identify(src) by extension 'python'
[3.432s] Level 1:colcon.colcon_core.package_identification:_identify(src) by extensions ['python_setup_py']
[3.432s] Level 1:colcon.colcon_core.package_identification:_identify(src) by extension 'python_setup_py'
[3.432s] Level 1:colcon.colcon_core.package_identification:_identify(src/robot_controller) by extensions ['ignore', 'ignore_ament_install']
[3.432s] Level 1:colcon.colcon_core.package_identification:_identify(src/robot_controller) by extension 'ignore'
[3.432s] Level 1:colcon.colcon_core.package_identification:_identify(src/robot_controller) by extension 'ignore_ament_install'
[3.433s] Level 1:colcon.colcon_core.package_identification:_identify(src/robot_controller) by extensions ['colcon_pkg']
[3.433s] Level 1:colcon.colcon_core.package_identification:_identify(src/robot_controller) by extension 'colcon_pkg'
[3.433s] Level 1:colcon.colcon_core.package_identification:_identify(src/robot_controller) by extensions ['colcon_meta']
[3.433s] Level 1:colcon.colcon_core.package_identification:_identify(src/robot_controller) by extension 'colcon_meta'
[3.433s] Level 1:colcon.colcon_core.package_identification:_identify(src/robot_controller) by extensions ['ros']
[3.433s] Level 1:colcon.colcon_core.package_identification:_identify(src/robot_controller) by extension 'ros'
[3.438s] DEBUG:colcon.colcon_core.package_identification:Package 'src/robot_controller' with type 'ros.ament_python' and name 'robot_controller'
[3.438s] Level 1:colcon.colcon_core.package_identification:_identify(src/robot_interfaces) by extensions ['ignore', 'ignore_ament_install']
[3.438s] Level 1:colcon.colcon_core.package_identification:_identify(src/robot_interfaces) by extension 'ignore'
[3.438s] Level 1:colcon.colcon_core.package_identification:_identify(src/robot_interfaces) by extension 'ignore_ament_install'
[3.438s] Level 1:colcon.colcon_core.package_identification:_identify(src/robot_interfaces) by extensions ['colcon_pkg']
[3.438s] Level 1:colcon.colcon_core.package_identification:_identify(src/robot_interfaces) by extension 'colcon_pkg'
[3.438s] Level 1:colcon.colcon_core.package_identification:_identify(src/robot_interfaces) by extensions ['colcon_meta']
[3.438s] Level 1:colcon.colcon_core.package_identification:_identify(src/robot_interfaces) by extension 'colcon_meta'
[3.438s] Level 1:colcon.colcon_core.package_identification:_identify(src/robot_interfaces) by extensions ['ros']
[3.439s] Level 1:colcon.colcon_core.package_identification:_identify(src/robot_interfaces) by extension 'ros'
[3.439s] DEBUG:colcon.colcon_core.package_identification:Package 'src/robot_interfaces' with type 'ros.ament_cmake' and name 'robot_interfaces'
[3.439s] Level 1:colcon.colcon_core.package_identification:_identify(src/robot_launch) by extensions ['ignore', 'ignore_ament_install']
[3.439s] Level 1:colcon.colcon_core.package_identification:_identify(src/robot_launch) by extension 'ignore'
[3.439s] Level 1:colcon.colcon_core.package_identification:_identify(src/robot_launch) by extension 'ignore_ament_install'
[3.439s] Level 1:colcon.colcon_core.package_identification:_identify(src/robot_launch) by extensions ['colcon_pkg']
[3.440s] Level 1:colcon.colcon_core.package_identification:_identify(src/robot_launch) by extension 'colcon_pkg'
[3.440s] Level 1:colcon.colcon_core.package_identification:_identify(src/robot_launch) by extensions ['colcon_meta']
[3.440s] Level 1:colcon.colcon_core.package_identification:_identify(src/robot_launch) by extension 'colcon_meta'
[3.440s] Level 1:colcon.colcon_core.package_identification:_identify(src/robot_launch) by extensions ['ros']
[3.440s] Level 1:colcon.colcon_core.package_identification:_identify(src/robot_launch) by extension 'ros'
[3.440s] DEBUG:colcon.colcon_core.package_identification:Package 'src/robot_launch' with type 'ros.ament_cmake' and name 'robot_launch'
[3.440s] Level 1:colcon.colcon_core.package_discovery:discover_packages(recursive) using defaults
[3.440s] Level 1:colcon.colcon_core.package_discovery:discover_packages(ignore) discover
[3.440s] Level 1:colcon.colcon_core.package_discovery:discover_packages(ignore) using defaults
[3.440s] Level 1:colcon.colcon_core.package_discovery:discover_packages(path) discover
[3.440s] Level 1:colcon.colcon_core.package_discovery:discover_packages(path) using defaults
[3.524s] Level 1:colcon.colcon_core.package_discovery:discover_packages(prefix_path) check parameters
[3.524s] Level 1:colcon.colcon_core.package_discovery:discover_packages(prefix_path) discover
[3.590s] DEBUG:colcon.colcon_installed_package_information.package_discovery:Found 1 installed packages in /home/lingc/ECE4191G11/ROS/install
[3.592s] DEBUG:colcon.colcon_installed_package_information.package_discovery:Found 270 installed packages in /opt/ros/humble
[3.593s] Level 1:colcon.colcon_core.package_discovery:discover_packages(prefix_path) using defaults
[3.667s] Level 5:colcon.colcon_core.verb:set package 'robot_interfaces' build argument 'cmake_args' from command line to 'None'
[3.667s] Level 5:colcon.colcon_core.verb:set package 'robot_interfaces' build argument 'cmake_target' from command line to 'None'
[3.667s] Level 5:colcon.colcon_core.verb:set package 'robot_interfaces' build argument 'cmake_target_skip_unavailable' from command line to 'False'
[3.667s] Level 5:colcon.colcon_core.verb:set package 'robot_interfaces' build argument 'cmake_clean_cache' from command line to 'False'
[3.667s] Level 5:colcon.colcon_core.verb:set package 'robot_interfaces' build argument 'cmake_clean_first' from command line to 'False'
[3.667s] Level 5:colcon.colcon_core.verb:set package 'robot_interfaces' build argument 'cmake_force_configure' from command line to 'False'
[3.667s] Level 5:colcon.colcon_core.verb:set package 'robot_interfaces' build argument 'ament_cmake_args' from command line to 'None'
[3.667s] Level 5:colcon.colcon_core.verb:set package 'robot_interfaces' build argument 'catkin_cmake_args' from command line to 'None'
[3.667s] Level 5:colcon.colcon_core.verb:set package 'robot_interfaces' build argument 'catkin_skip_building_tests' from command line to 'False'
[3.667s] DEBUG:colcon.colcon_core.verb:Building package 'robot_interfaces' with the following arguments: {'ament_cmake_args': None, 'build_base': '/home/lingc/ECE4191G11/ROS/build/robot_interfaces', 'catkin_cmake_args': None, 'catkin_skip_building_tests': False, 'cmake_args': None, 'cmake_clean_cache': False, 'cmake_clean_first': False, 'cmake_force_configure': False, 'cmake_target': None, 'cmake_target_skip_unavailable': False, 'install_base': '/home/lingc/ECE4191G11/ROS/install/robot_interfaces', 'merge_install': False, 'path': '/home/lingc/ECE4191G11/ROS/src/robot_interfaces', 'symlink_install': False, 'test_result_base': None}
[3.668s] Level 5:colcon.colcon_core.verb:set package 'robot_controller' build argument 'cmake_args' from command line to 'None'
[3.668s] Level 5:colcon.colcon_core.verb:set package 'robot_controller' build argument 'cmake_target' from command line to 'None'
[3.668s] Level 5:colcon.colcon_core.verb:set package 'robot_controller' build argument 'cmake_target_skip_unavailable' from command line to 'False'
[3.668s] Level 5:colcon.colcon_core.verb:set package 'robot_controller' build argument 'cmake_clean_cache' from command line to 'False'
[3.668s] Level 5:colcon.colcon_core.verb:set package 'robot_controller' build argument 'cmake_clean_first' from command line to 'False'
[3.668s] Level 5:colcon.colcon_core.verb:set package 'robot_controller' build argument 'cmake_force_configure' from command line to 'False'
[3.668s] Level 5:colcon.colcon_core.verb:set package 'robot_controller' build argument 'ament_cmake_args' from command line to 'None'
[3.668s] Level 5:colcon.colcon_core.verb:set package 'robot_controller' build argument 'catkin_cmake_args' from command line to 'None'
[3.668s] Level 5:colcon.colcon_core.verb:set package 'robot_controller' build argument 'catkin_skip_building_tests' from command line to 'False'
[3.668s] DEBUG:colcon.colcon_core.verb:Building package 'robot_controller' with the following arguments: {'ament_cmake_args': None, 'build_base': '/home/lingc/ECE4191G11/ROS/build/robot_controller', 'catkin_cmake_args': None, 'catkin_skip_building_tests': False, 'cmake_args': None, 'cmake_clean_cache': False, 'cmake_clean_first': False, 'cmake_force_configure': False, 'cmake_target': None, 'cmake_target_skip_unavailable': False, 'install_base': '/home/lingc/ECE4191G11/ROS/install/robot_controller', 'merge_install': False, 'path': '/home/lingc/ECE4191G11/ROS/src/robot_controller', 'symlink_install': False, 'test_result_base': None}
[3.669s] Level 5:colcon.colcon_core.verb:set package 'robot_launch' build argument 'cmake_args' from command line to 'None'
[3.669s] Level 5:colcon.colcon_core.verb:set package 'robot_launch' build argument 'cmake_target' from command line to 'None'
[3.669s] Level 5:colcon.colcon_core.verb:set package 'robot_launch' build argument 'cmake_target_skip_unavailable' from command line to 'False'
[3.669s] Level 5:colcon.colcon_core.verb:set package 'robot_launch' build argument 'cmake_clean_cache' from command line to 'False'
[3.669s] Level 5:colcon.colcon_core.verb:set package 'robot_launch' build argument 'cmake_clean_first' from command line to 'False'
[3.669s] Level 5:colcon.colcon_core.verb:set package 'robot_launch' build argument 'cmake_force_configure' from command line to 'False'
[3.669s] Level 5:colcon.colcon_core.verb:set package 'robot_launch' build argument 'ament_cmake_args' from command line to 'None'
[3.669s] Level 5:colcon.colcon_core.verb:set package 'robot_launch' build argument 'catkin_cmake_args' from command line to 'None'
[3.669s] Level 5:colcon.colcon_core.verb:set package 'robot_launch' build argument 'catkin_skip_building_tests' from command line to 'False'
[3.669s] DEBUG:colcon.colcon_core.verb:Building package 'robot_launch' with the following arguments: {'ament_cmake_args': None, 'build_base': '/home/lingc/ECE4191G11/ROS/build/robot_launch', 'catkin_cmake_args': None, 'catkin_skip_building_tests': False, 'cmake_args': None, 'cmake_clean_cache': False, 'cmake_clean_first': False, 'cmake_force_configure': False, 'cmake_target': None, 'cmake_target_skip_unavailable': False, 'install_base': '/home/lingc/ECE4191G11/ROS/install/robot_launch', 'merge_install': False, 'path': '/home/lingc/ECE4191G11/ROS/src/robot_launch', 'symlink_install': False, 'test_result_base': None}
[3.670s] INFO:colcon.colcon_core.executor:Executing jobs using 'parallel' executor
[3.673s] DEBUG:colcon.colcon_parallel_executor.executor.parallel:run_until_complete
[3.673s] INFO:colcon.colcon_ros.task.ament_cmake.build:Building ROS package in '/home/lingc/ECE4191G11/ROS/src/robot_interfaces' with build type 'ament_cmake'
[3.674s] INFO:colcon.colcon_cmake.task.cmake.build:Building CMake package in '/home/lingc/ECE4191G11/ROS/src/robot_interfaces'
[3.680s] INFO:colcon.colcon_core.plugin_system:Skipping extension 'colcon_core.shell.bat': Not used on non-Windows systems
[3.680s] INFO:colcon.colcon_core.shell:Skip shell extension 'powershell' for command environment: Not usable outside of PowerShell
[3.680s] DEBUG:colcon.colcon_core.shell:Skip shell extension 'dsv' for command environment
[3.694s] DEBUG:colcon.colcon_core.event_handler.log_command:Invoking command in '/home/lingc/ECE4191G11/ROS/build/robot_interfaces': CMAKE_PREFIX_PATH=/opt/ros/humble /usr/bin/cmake /home/lingc/ECE4191G11/ROS/src/robot_interfaces -DCMAKE_INSTALL_PREFIX=/home/lingc/ECE4191G11/ROS/install/robot_interfaces
[6.985s] DEBUG:colcon.colcon_core.event_handler.log_command:Invoked command in '/home/lingc/ECE4191G11/ROS/build/robot_interfaces' returned '0': CMAKE_PREFIX_PATH=/opt/ros/humble /usr/bin/cmake /home/lingc/ECE4191G11/ROS/src/robot_interfaces -DCMAKE_INSTALL_PREFIX=/home/lingc/ECE4191G11/ROS/install/robot_interfaces
[6.986s] DEBUG:colcon.colcon_core.event_handler.log_command:Invoking command in '/home/lingc/ECE4191G11/ROS/build/robot_interfaces': CMAKE_PREFIX_PATH=/opt/ros/humble /usr/bin/cmake --build /home/lingc/ECE4191G11/ROS/build/robot_interfaces -- -j4 -l4
[14.763s] DEBUG:colcon.colcon_core.event_handler.log_command:Invoked command in '/home/lingc/ECE4191G11/ROS/build/robot_interfaces' returned '0': CMAKE_PREFIX_PATH=/opt/ros/humble /usr/bin/cmake --build /home/lingc/ECE4191G11/ROS/build/robot_interfaces -- -j4 -l4
[15.173s] DEBUG:colcon.colcon_core.event_handler.log_command:Invoking command in '/home/lingc/ECE4191G11/ROS/build/robot_interfaces': CMAKE_PREFIX_PATH=/opt/ros/humble /usr/bin/cmake --install /home/lingc/ECE4191G11/ROS/build/robot_interfaces
[15.315s] Level 1:colcon.colcon_core.environment:create_environment_scripts_only(robot_interfaces)
[15.317s] DEBUG:colcon.colcon_core.event_handler.log_command:Invoked command in '/home/lingc/ECE4191G11/ROS/build/robot_interfaces' returned '0': CMAKE_PREFIX_PATH=/opt/ros/humble /usr/bin/cmake --install /home/lingc/ECE4191G11/ROS/build/robot_interfaces
[15.323s] Level 1:colcon.colcon_core.environment:checking '/home/lingc/ECE4191G11/ROS/install/robot_interfaces' for CMake module files
[15.324s] Level 1:colcon.colcon_core.environment:checking '/home/lingc/ECE4191G11/ROS/install/robot_interfaces' for CMake config files
[15.324s] Level 1:colcon.colcon_core.shell:create_environment_hook('robot_interfaces', 'cmake_prefix_path')
[15.325s] INFO:colcon.colcon_core.shell:Creating environment hook '/home/lingc/ECE4191G11/ROS/install/robot_interfaces/share/robot_interfaces/hook/cmake_prefix_path.ps1'
[15.326s] INFO:colcon.colcon_core.shell:Creating environment descriptor '/home/lingc/ECE4191G11/ROS/install/robot_interfaces/share/robot_interfaces/hook/cmake_prefix_path.dsv'
[15.326s] INFO:colcon.colcon_core.shell:Creating environment hook '/home/lingc/ECE4191G11/ROS/install/robot_interfaces/share/robot_interfaces/hook/cmake_prefix_path.sh'
[15.327s] Level 1:colcon.colcon_core.environment:checking '/home/lingc/ECE4191G11/ROS/install/robot_interfaces/lib'
[15.327s] Level 1:colcon.colcon_core.shell:create_environment_hook('robot_interfaces', 'ld_library_path_lib')
[15.328s] INFO:colcon.colcon_core.shell:Creating environment hook '/home/lingc/ECE4191G11/ROS/install/robot_interfaces/share/robot_interfaces/hook/ld_library_path_lib.ps1'
[15.329s] INFO:colcon.colcon_core.shell:Creating environment descriptor '/home/lingc/ECE4191G11/ROS/install/robot_interfaces/share/robot_interfaces/hook/ld_library_path_lib.dsv'
[15.329s] INFO:colcon.colcon_core.shell:Creating environment hook '/home/lingc/ECE4191G11/ROS/install/robot_interfaces/share/robot_interfaces/hook/ld_library_path_lib.sh'
[15.330s] Level 1:colcon.colcon_core.environment:checking '/home/lingc/ECE4191G11/ROS/install/robot_interfaces/bin'
[15.330s] Level 1:colcon.colcon_core.environment:checking '/home/lingc/ECE4191G11/ROS/install/robot_interfaces/lib/pkgconfig/robot_interfaces.pc'
[15.330s] Level 1:colcon.colcon_core.environment:checking '/home/lingc/ECE4191G11/ROS/install/robot_interfaces/lib/python3.10/site-packages'
[15.330s] Level 1:colcon.colcon_core.environment:checking '/home/lingc/ECE4191G11/ROS/install/robot_interfaces/bin'
[15.331s] INFO:colcon.colcon_core.shell:Creating package script '/home/lingc/ECE4191G11/ROS/install/robot_interfaces/share/robot_interfaces/package.ps1'
[15.332s] INFO:colcon.colcon_core.shell:Creating package descriptor '/home/lingc/ECE4191G11/ROS/install/robot_interfaces/share/robot_interfaces/package.dsv'
[15.333s] INFO:colcon.colcon_core.shell:Creating package script '/home/lingc/ECE4191G11/ROS/install/robot_interfaces/share/robot_interfaces/package.sh'
[15.334s] INFO:colcon.colcon_core.shell:Creating package script '/home/lingc/ECE4191G11/ROS/install/robot_interfaces/share/robot_interfaces/package.bash'
[15.335s] INFO:colcon.colcon_core.shell:Creating package script '/home/lingc/ECE4191G11/ROS/install/robot_interfaces/share/robot_interfaces/package.zsh'
[15.336s] Level 1:colcon.colcon_core.environment:create_file_with_runtime_dependencies(/home/lingc/ECE4191G11/ROS/install/robot_interfaces/share/colcon-core/packages/robot_interfaces)
[15.702s] Level 1:colcon.colcon_core.environment:create_environment_scripts_only(robot_interfaces)
[15.704s] Level 1:colcon.colcon_core.environment:checking '/home/lingc/ECE4191G11/ROS/install/robot_interfaces' for CMake module files
[15.704s] Level 1:colcon.colcon_core.environment:checking '/home/lingc/ECE4191G11/ROS/install/robot_interfaces' for CMake config files
[15.705s] Level 1:colcon.colcon_core.shell:create_environment_hook('robot_interfaces', 'cmake_prefix_path')
[15.706s] INFO:colcon.colcon_core.shell:Creating environment hook '/home/lingc/ECE4191G11/ROS/install/robot_interfaces/share/robot_interfaces/hook/cmake_prefix_path.ps1'
[15.707s] INFO:colcon.colcon_core.shell:Creating environment descriptor '/home/lingc/ECE4191G11/ROS/install/robot_interfaces/share/robot_interfaces/hook/cmake_prefix_path.dsv'
[15.708s] INFO:colcon.colcon_core.shell:Creating environment hook '/home/lingc/ECE4191G11/ROS/install/robot_interfaces/share/robot_interfaces/hook/cmake_prefix_path.sh'
[15.708s] Level 1:colcon.colcon_core.environment:checking '/home/lingc/ECE4191G11/ROS/install/robot_interfaces/lib'
[15.708s] Level 1:colcon.colcon_core.shell:create_environment_hook('robot_interfaces', 'ld_library_path_lib')
[15.710s] INFO:colcon.colcon_core.shell:Creating environment hook '/home/lingc/ECE4191G11/ROS/install/robot_interfaces/share/robot_interfaces/hook/ld_library_path_lib.ps1'
[15.710s] INFO:colcon.colcon_core.shell:Creating environment descriptor '/home/lingc/ECE4191G11/ROS/install/robot_interfaces/share/robot_interfaces/hook/ld_library_path_lib.dsv'
[15.711s] INFO:colcon.colcon_core.shell:Creating environment hook '/home/lingc/ECE4191G11/ROS/install/robot_interfaces/share/robot_interfaces/hook/ld_library_path_lib.sh'
[15.711s] Level 1:colcon.colcon_core.environment:checking '/home/lingc/ECE4191G11/ROS/install/robot_interfaces/bin'
[15.711s] Level 1:colcon.colcon_core.environment:checking '/home/lingc/ECE4191G11/ROS/install/robot_interfaces/lib/pkgconfig/robot_interfaces.pc'
[15.712s] Level 1:colcon.colcon_core.environment:checking '/home/lingc/ECE4191G11/ROS/install/robot_interfaces/lib/python3.10/site-packages'
[15.712s] Level 1:colcon.colcon_core.environment:checking '/home/lingc/ECE4191G11/ROS/install/robot_interfaces/bin'
[15.713s] INFO:colcon.colcon_core.shell:Creating package script '/home/lingc/ECE4191G11/ROS/install/robot_interfaces/share/robot_interfaces/package.ps1'
[15.714s] INFO:colcon.colcon_core.shell:Creating package descriptor '/home/lingc/ECE4191G11/ROS/install/robot_interfaces/share/robot_interfaces/package.dsv'
[15.715s] INFO:colcon.colcon_core.shell:Creating package script '/home/lingc/ECE4191G11/ROS/install/robot_interfaces/share/robot_interfaces/package.sh'
[15.715s] INFO:colcon.colcon_core.shell:Creating package script '/home/lingc/ECE4191G11/ROS/install/robot_interfaces/share/robot_interfaces/package.bash'
[15.721s] INFO:colcon.colcon_core.shell:Creating package script '/home/lingc/ECE4191G11/ROS/install/robot_interfaces/share/robot_interfaces/package.zsh'
[15.722s] Level 1:colcon.colcon_core.environment:create_file_with_runtime_dependencies(/home/lingc/ECE4191G11/ROS/install/robot_interfaces/share/colcon-core/packages/robot_interfaces)
[15.726s] INFO:colcon.colcon_ros.task.ament_python.build:Building ROS package in '/home/lingc/ECE4191G11/ROS/src/robot_controller' with build type 'ament_python'
[15.726s] Level 1:colcon.colcon_core.shell:create_environment_hook('robot_controller', 'ament_prefix_path')
[15.728s] INFO:colcon.colcon_core.shell:Creating environment hook '/home/lingc/ECE4191G11/ROS/install/robot_controller/share/robot_controller/hook/ament_prefix_path.ps1'
[15.729s] INFO:colcon.colcon_core.shell:Creating environment descriptor '/home/lingc/ECE4191G11/ROS/install/robot_controller/share/robot_controller/hook/ament_prefix_path.dsv'
[15.730s] INFO:colcon.colcon_core.shell:Creating environment hook '/home/lingc/ECE4191G11/ROS/install/robot_controller/share/robot_controller/hook/ament_prefix_path.sh'
[15.732s] INFO:colcon.colcon_core.shell:Skip shell extension 'powershell' for command environment: Not usable outside of PowerShell
[15.732s] DEBUG:colcon.colcon_core.shell:Skip shell extension 'dsv' for command environment
[16.115s] INFO:colcon.colcon_core.task.python.build:Building Python package in '/home/lingc/ECE4191G11/ROS/src/robot_controller'
[16.116s] INFO:colcon.colcon_core.shell:Skip shell extension 'powershell' for command environment: Not usable outside of PowerShell
[16.116s] DEBUG:colcon.colcon_core.shell:Skip shell extension 'dsv' for command environment
[16.913s] DEBUG:colcon.colcon_core.event_handler.log_command:Invoking command in '/home/lingc/ECE4191G11/ROS/src/robot_controller': AMENT_PREFIX_PATH=/home/lingc/ECE4191G11/ROS/install/robot_interfaces:${AMENT_PREFIX_PATH} CMAKE_PREFIX_PATH=/home/lingc/ECE4191G11/ROS/install/robot_interfaces LD_LIBRARY_PATH=/home/lingc/ECE4191G11/ROS/install/robot_interfaces/lib:${LD_LIBRARY_PATH} PYTHONPATH=/home/lingc/ECE4191G11/ROS/build/robot_controller/prefix_override:/home/lingc/ECE4191G11/ROS/install/robot_controller/lib/python3.10/site-packages:/home/lingc/ECE4191G11/ROS/install/robot_interfaces/local/lib/python3.10/dist-packages:${PYTHONPATH} /usr/bin/python3 setup.py egg_info --egg-base ../../build/robot_controller build --build-base /home/lingc/ECE4191G11/ROS/build/robot_controller/build install --record /home/lingc/ECE4191G11/ROS/build/robot_controller/install.log --single-version-externally-managed
[17.242s] Level 1:colcon.colcon_core.environment:checking '/home/lingc/ECE4191G11/ROS/install/robot_controller' for CMake module files
[17.243s] DEBUG:colcon.colcon_core.event_handler.log_command:Invoked command in '/home/lingc/ECE4191G11/ROS/src/robot_controller' returned '0': AMENT_PREFIX_PATH=/home/lingc/ECE4191G11/ROS/install/robot_interfaces:${AMENT_PREFIX_PATH} CMAKE_PREFIX_PATH=/home/lingc/ECE4191G11/ROS/install/robot_interfaces LD_LIBRARY_PATH=/home/lingc/ECE4191G11/ROS/install/robot_interfaces/lib:${LD_LIBRARY_PATH} PYTHONPATH=/home/lingc/ECE4191G11/ROS/build/robot_controller/prefix_override:/home/lingc/ECE4191G11/ROS/install/robot_controller/lib/python3.10/site-packages:/home/lingc/ECE4191G11/ROS/install/robot_interfaces/local/lib/python3.10/dist-packages:${PYTHONPATH} /usr/bin/python3 setup.py egg_info --egg-base ../../build/robot_controller build --build-base /home/lingc/ECE4191G11/ROS/build/robot_controller/build install --record /home/lingc/ECE4191G11/ROS/build/robot_controller/install.log --single-version-externally-managed
[17.243s] Level 1:colcon.colcon_core.environment:checking '/home/lingc/ECE4191G11/ROS/install/robot_controller' for CMake config files
[17.243s] Level 1:colcon.colcon_core.environment:checking '/home/lingc/ECE4191G11/ROS/install/robot_controller/lib'
[17.244s] Level 1:colcon.colcon_core.environment:checking '/home/lingc/ECE4191G11/ROS/install/robot_controller/bin'
[17.244s] Level 1:colcon.colcon_core.environment:checking '/home/lingc/ECE4191G11/ROS/install/robot_controller/lib/pkgconfig/robot_controller.pc'
[17.244s] Level 1:colcon.colcon_core.environment:checking '/home/lingc/ECE4191G11/ROS/install/robot_controller/lib/python3.10/site-packages'
[17.244s] Level 1:colcon.colcon_core.shell:create_environment_hook('robot_controller', 'pythonpath')
[17.245s] INFO:colcon.colcon_core.shell:Creating environment hook '/home/lingc/ECE4191G11/ROS/install/robot_controller/share/robot_controller/hook/pythonpath.ps1'
[17.246s] INFO:colcon.colcon_core.shell:Creating environment descriptor '/home/lingc/ECE4191G11/ROS/install/robot_controller/share/robot_controller/hook/pythonpath.dsv'
[17.246s] INFO:colcon.colcon_core.shell:Creating environment hook '/home/lingc/ECE4191G11/ROS/install/robot_controller/share/robot_controller/hook/pythonpath.sh'
[17.246s] Level 1:colcon.colcon_core.environment:checking '/home/lingc/ECE4191G11/ROS/install/robot_controller/bin'
[17.247s] Level 1:colcon.colcon_core.environment:create_environment_scripts_only(robot_controller)
[17.248s] INFO:colcon.colcon_core.shell:Creating package script '/home/lingc/ECE4191G11/ROS/install/robot_controller/share/robot_controller/package.ps1'
[17.248s] INFO:colcon.colcon_core.shell:Creating package descriptor '/home/lingc/ECE4191G11/ROS/install/robot_controller/share/robot_controller/package.dsv'
[17.248s] INFO:colcon.colcon_core.shell:Creating package script '/home/lingc/ECE4191G11/ROS/install/robot_controller/share/robot_controller/package.sh'
[17.249s] INFO:colcon.colcon_core.shell:Creating package script '/home/lingc/ECE4191G11/ROS/install/robot_controller/share/robot_controller/package.bash'
[17.249s] INFO:colcon.colcon_core.shell:Creating package script '/home/lingc/ECE4191G11/ROS/install/robot_controller/share/robot_controller/package.zsh'
[17.250s] Level 1:colcon.colcon_core.environment:create_file_with_runtime_dependencies(/home/lingc/ECE4191G11/ROS/install/robot_controller/share/colcon-core/packages/robot_controller)
[17.250s] INFO:colcon.colcon_ros.task.ament_cmake.build:Building ROS package in '/home/lingc/ECE4191G11/ROS/src/robot_launch' with build type 'ament_cmake'
[17.251s] INFO:colcon.colcon_cmake.task.cmake.build:Building CMake package in '/home/lingc/ECE4191G11/ROS/src/robot_launch'
[17.252s] INFO:colcon.colcon_core.shell:Skip shell extension 'powershell' for command environment: Not usable outside of PowerShell
[17.252s] DEBUG:colcon.colcon_core.shell:Skip shell extension 'dsv' for command environment
[17.278s] DEBUG:colcon.colcon_core.event_handler.log_command:Invoking command in '/home/lingc/ECE4191G11/ROS/build/robot_launch': AMENT_PREFIX_PATH=/home/lingc/ECE4191G11/ROS/install/robot_controller:/home/lingc/ECE4191G11/ROS/install/robot_interfaces:${AMENT_PREFIX_PATH} CMAKE_PREFIX_PATH=/home/lingc/ECE4191G11/ROS/install/robot_interfaces:/opt/ros/humble LD_LIBRARY_PATH=/home/lingc/ECE4191G11/ROS/install/robot_interfaces/lib:${LD_LIBRARY_PATH} PYTHONPATH=/home/lingc/ECE4191G11/ROS/install/robot_controller/lib/python3.10/site-packages:/home/lingc/ECE4191G11/ROS/install/robot_interfaces/local/lib/python3.10/dist-packages:${PYTHONPATH} /usr/bin/cmake /home/lingc/ECE4191G11/ROS/src/robot_launch -DCMAKE_INSTALL_PREFIX=/home/lingc/ECE4191G11/ROS/install/robot_launch
[18.019s] DEBUG:colcon.colcon_core.event_handler.log_command:Invoked command in '/home/lingc/ECE4191G11/ROS/build/robot_launch' returned '0': AMENT_PREFIX_PATH=/home/lingc/ECE4191G11/ROS/install/robot_controller:/home/lingc/ECE4191G11/ROS/install/robot_interfaces:${AMENT_PREFIX_PATH} CMAKE_PREFIX_PATH=/home/lingc/ECE4191G11/ROS/install/robot_interfaces:/opt/ros/humble LD_LIBRARY_PATH=/home/lingc/ECE4191G11/ROS/install/robot_interfaces/lib:${LD_LIBRARY_PATH} PYTHONPATH=/home/lingc/ECE4191G11/ROS/install/robot_controller/lib/python3.10/site-packages:/home/lingc/ECE4191G11/ROS/install/robot_interfaces/local/lib/python3.10/dist-packages:${PYTHONPATH} /usr/bin/cmake /home/lingc/ECE4191G11/ROS/src/robot_launch -DCMAKE_INSTALL_PREFIX=/home/lingc/ECE4191G11/ROS/install/robot_launch
[18.020s] DEBUG:colcon.colcon_core.event_handler.log_command:Invoking command in '/home/lingc/ECE4191G11/ROS/build/robot_launch': AMENT_PREFIX_PATH=/home/lingc/ECE4191G11/ROS/install/robot_controller:/home/lingc/ECE4191G11/ROS/install/robot_interfaces:${AMENT_PREFIX_PATH} CMAKE_PREFIX_PATH=/home/lingc/ECE4191G11/ROS/install/robot_interfaces:/opt/ros/humble LD_LIBRARY_PATH=/home/lingc/ECE4191G11/ROS/install/robot_interfaces/lib:${LD_LIBRARY_PATH} PYTHONPATH=/home/lingc/ECE4191G11/ROS/install/robot_controller/lib/python3.10/site-packages:/home/lingc/ECE4191G11/ROS/install/robot_interfaces/local/lib/python3.10/dist-packages:${PYTHONPATH} /usr/bin/cmake --build /home/lingc/ECE4191G11/ROS/build/robot_launch -- -j4 -l4
[18.081s] DEBUG:colcon.colcon_core.event_handler.log_command:Invoked command in '/home/lingc/ECE4191G11/ROS/build/robot_launch' returned '0': AMENT_PREFIX_PATH=/home/lingc/ECE4191G11/ROS/install/robot_controller:/home/lingc/ECE4191G11/ROS/install/robot_interfaces:${AMENT_PREFIX_PATH} CMAKE_PREFIX_PATH=/home/lingc/ECE4191G11/ROS/install/robot_interfaces:/opt/ros/humble LD_LIBRARY_PATH=/home/lingc/ECE4191G11/ROS/install/robot_interfaces/lib:${LD_LIBRARY_PATH} PYTHONPATH=/home/lingc/ECE4191G11/ROS/install/robot_controller/lib/python3.10/site-packages:/home/lingc/ECE4191G11/ROS/install/robot_interfaces/local/lib/python3.10/dist-packages:${PYTHONPATH} /usr/bin/cmake --build /home/lingc/ECE4191G11/ROS/build/robot_launch -- -j4 -l4
[18.133s] DEBUG:colcon.colcon_core.event_handler.log_command:Invoking command in '/home/lingc/ECE4191G11/ROS/build/robot_launch': AMENT_PREFIX_PATH=/home/lingc/ECE4191G11/ROS/install/robot_controller:/home/lingc/ECE4191G11/ROS/install/robot_interfaces:${AMENT_PREFIX_PATH} CMAKE_PREFIX_PATH=/home/lingc/ECE4191G11/ROS/install/robot_interfaces:/opt/ros/humble LD_LIBRARY_PATH=/home/lingc/ECE4191G11/ROS/install/robot_interfaces/lib:${LD_LIBRARY_PATH} PYTHONPATH=/home/lingc/ECE4191G11/ROS/install/robot_controller/lib/python3.10/site-packages:/home/lingc/ECE4191G11/ROS/install/robot_interfaces/local/lib/python3.10/dist-packages:${PYTHONPATH} /usr/bin/cmake --install /home/lingc/ECE4191G11/ROS/build/robot_launch
[18.151s] Level 1:colcon.colcon_core.environment:create_environment_scripts_only(robot_launch)
[18.153s] Level 1:colcon.colcon_core.environment:checking '/home/lingc/ECE4191G11/ROS/install/robot_launch' for CMake module files
[18.154s] DEBUG:colcon.colcon_core.event_handler.log_command:Invoked command in '/home/lingc/ECE4191G11/ROS/build/robot_launch' returned '0': AMENT_PREFIX_PATH=/home/lingc/ECE4191G11/ROS/install/robot_controller:/home/lingc/ECE4191G11/ROS/install/robot_interfaces:${AMENT_PREFIX_PATH} CMAKE_PREFIX_PATH=/home/lingc/ECE4191G11/ROS/install/robot_interfaces:/opt/ros/humble LD_LIBRARY_PATH=/home/lingc/ECE4191G11/ROS/install/robot_interfaces/lib:${LD_LIBRARY_PATH} PYTHONPATH=/home/lingc/ECE4191G11/ROS/install/robot_controller/lib/python3.10/site-packages:/home/lingc/ECE4191G11/ROS/install/robot_interfaces/local/lib/python3.10/dist-packages:${PYTHONPATH} /usr/bin/cmake --install /home/lingc/ECE4191G11/ROS/build/robot_launch
[18.154s] Level 1:colcon.colcon_core.environment:checking '/home/lingc/ECE4191G11/ROS/install/robot_launch' for CMake config files
[18.154s] Level 1:colcon.colcon_core.shell:create_environment_hook('robot_launch', 'cmake_prefix_path')
[18.155s] INFO:colcon.colcon_core.shell:Creating environment hook '/home/lingc/ECE4191G11/ROS/install/robot_launch/share/robot_launch/hook/cmake_prefix_path.ps1'
[18.156s] INFO:colcon.colcon_core.shell:Creating environment descriptor '/home/lingc/ECE4191G11/ROS/install/robot_launch/share/robot_launch/hook/cmake_prefix_path.dsv'
[18.156s] INFO:colcon.colcon_core.shell:Creating environment hook '/home/lingc/ECE4191G11/ROS/install/robot_launch/share/robot_launch/hook/cmake_prefix_path.sh'
[18.156s] Level 1:colcon.colcon_core.environment:checking '/home/lingc/ECE4191G11/ROS/install/robot_launch/bin'
[18.157s] Level 1:colcon.colcon_core.environment:checking '/home/lingc/ECE4191G11/ROS/install/robot_launch/lib/pkgconfig/robot_launch.pc'
[18.157s] Level 1:colcon.colcon_core.environment:checking '/home/lingc/ECE4191G11/ROS/install/robot_launch/lib/python3.10/site-packages'
[18.157s] Level 1:colcon.colcon_core.environment:checking '/home/lingc/ECE4191G11/ROS/install/robot_launch/bin'
[18.158s] INFO:colcon.colcon_core.shell:Creating package script '/home/lingc/ECE4191G11/ROS/install/robot_launch/share/robot_launch/package.ps1'
[18.159s] INFO:colcon.colcon_core.shell:Creating package descriptor '/home/lingc/ECE4191G11/ROS/install/robot_launch/share/robot_launch/package.dsv'
[18.159s] INFO:colcon.colcon_core.shell:Creating package script '/home/lingc/ECE4191G11/ROS/install/robot_launch/share/robot_launch/package.sh'
[18.160s] INFO:colcon.colcon_core.shell:Creating package script '/home/lingc/ECE4191G11/ROS/install/robot_launch/share/robot_launch/package.bash'
[18.160s] INFO:colcon.colcon_core.shell:Creating package script '/home/lingc/ECE4191G11/ROS/install/robot_launch/share/robot_launch/package.zsh'
[18.161s] Level 1:colcon.colcon_core.environment:create_file_with_runtime_dependencies(/home/lingc/ECE4191G11/ROS/install/robot_launch/share/colcon-core/packages/robot_launch)
[18.207s] Level 1:colcon.colcon_core.environment:create_environment_scripts_only(robot_launch)
[18.208s] Level 1:colcon.colcon_core.environment:checking '/home/lingc/ECE4191G11/ROS/install/robot_launch' for CMake module files
[18.209s] Level 1:colcon.colcon_core.environment:checking '/home/lingc/ECE4191G11/ROS/install/robot_launch' for CMake config files
[18.209s] Level 1:colcon.colcon_core.shell:create_environment_hook('robot_launch', 'cmake_prefix_path')
[18.210s] INFO:colcon.colcon_core.shell:Creating environment hook '/home/lingc/ECE4191G11/ROS/install/robot_launch/share/robot_launch/hook/cmake_prefix_path.ps1'
[18.211s] INFO:colcon.colcon_core.shell:Creating environment descriptor '/home/lingc/ECE4191G11/ROS/install/robot_launch/share/robot_launch/hook/cmake_prefix_path.dsv'
[18.211s] INFO:colcon.colcon_core.shell:Creating environment hook '/home/lingc/ECE4191G11/ROS/install/robot_launch/share/robot_launch/hook/cmake_prefix_path.sh'
[18.213s] Level 1:colcon.colcon_core.environment:checking '/home/lingc/ECE4191G11/ROS/install/robot_launch/bin'
[18.213s] Level 1:colcon.colcon_core.environment:checking '/home/lingc/ECE4191G11/ROS/install/robot_launch/lib/pkgconfig/robot_launch.pc'
[18.213s] Level 1:colcon.colcon_core.environment:checking '/home/lingc/ECE4191G11/ROS/install/robot_launch/lib/python3.10/site-packages'
[18.213s] Level 1:colcon.colcon_core.environment:checking '/home/lingc/ECE4191G11/ROS/install/robot_launch/bin'
[18.214s] INFO:colcon.colcon_core.shell:Creating package script '/home/lingc/ECE4191G11/ROS/install/robot_launch/share/robot_launch/package.ps1'
[18.215s] INFO:colcon.colcon_core.shell:Creating package descriptor '/home/lingc/ECE4191G11/ROS/install/robot_launch/share/robot_launch/package.dsv'
[18.216s] INFO:colcon.colcon_core.shell:Creating package script '/home/lingc/ECE4191G11/ROS/install/robot_launch/share/robot_launch/package.sh'
[18.217s] INFO:colcon.colcon_core.shell:Creating package script '/home/lingc/ECE4191G11/ROS/install/robot_launch/share/robot_launch/package.bash'
[18.218s] INFO:colcon.colcon_core.shell:Creating package script '/home/lingc/ECE4191G11/ROS/install/robot_launch/share/robot_launch/package.zsh'
[18.219s] Level 1:colcon.colcon_core.environment:create_file_with_runtime_dependencies(/home/lingc/ECE4191G11/ROS/install/robot_launch/share/colcon-core/packages/robot_launch)
[18.220s] DEBUG:colcon.colcon_parallel_executor.executor.parallel:closing loop
[18.222s] DEBUG:colcon.colcon_parallel_executor.executor.parallel:loop closed
[18.223s] DEBUG:colcon.colcon_parallel_executor.executor.parallel:run_until_complete finished with '0'
[18.223s] DEBUG:colcon.colcon_core.event_reactor:joining thread
[18.236s] INFO:colcon.colcon_core.plugin_system:Skipping extension 'colcon_notification.desktop_notification.terminal_notifier': Not used on non-Darwin systems
[18.237s] INFO:colcon.colcon_core.plugin_system:Skipping extension 'colcon_notification.desktop_notification.win32': Not used on non-Windows systems
[18.237s] INFO:colcon.colcon_notification.desktop_notification:Sending desktop notification using 'notify2'
[18.258s] DEBUG:colcon.colcon_core.event_reactor:joined thread
[18.260s] INFO:colcon.colcon_core.shell:Creating prefix script '/home/lingc/ECE4191G11/ROS/install/local_setup.ps1'
[18.262s] INFO:colcon.colcon_core.shell:Creating prefix util module '/home/lingc/ECE4191G11/ROS/install/_local_setup_util_ps1.py'
[18.263s] INFO:colcon.colcon_core.shell:Creating prefix chain script '/home/lingc/ECE4191G11/ROS/install/setup.ps1'
[18.264s] INFO:colcon.colcon_core.shell:Creating prefix script '/home/lingc/ECE4191G11/ROS/install/local_setup.sh'
[18.265s] INFO:colcon.colcon_core.shell:Creating prefix util module '/home/lingc/ECE4191G11/ROS/install/_local_setup_util_sh.py'
[18.266s] INFO:colcon.colcon_core.shell:Creating prefix chain script '/home/lingc/ECE4191G11/ROS/install/setup.sh'
[18.268s] INFO:colcon.colcon_core.shell:Creating prefix script '/home/lingc/ECE4191G11/ROS/install/local_setup.bash'
[18.268s] INFO:colcon.colcon_core.shell:Creating prefix chain script '/home/lingc/ECE4191G11/ROS/install/setup.bash'
[18.270s] INFO:colcon.colcon_core.shell:Creating prefix script '/home/lingc/ECE4191G11/ROS/install/local_setup.zsh'
[18.270s] INFO:colcon.colcon_core.shell:Creating prefix chain script '/home/lingc/ECE4191G11/ROS/install/setup.zsh'
