[0.368s] DEBUG:colcon:Command line arguments: ['/usr/bin/colcon', 'build']
[0.368s] DEBUG:colcon:Parsed command line arguments: Namespace(log_base=None, log_level=None, verb_name='build', build_base='build', install_base='install', merge_install=False, symlink_install=False, test_result_base=None, continue_on_error=False, executor='parallel', parallel_workers=4, event_handlers=None, ignore_user_meta=False, metas=['./colcon.meta'], base_paths=['.'], packages_ignore=None, packages_ignore_regex=None, paths=None, packages_up_to=None, packages_up_to_regex=None, packages_above=None, packages_above_and_dependencies=None, packages_above_depth=None, packages_select_by_dep=None, packages_skip_by_dep=None, packages_skip_up_to=None, packages_select_build_failed=False, packages_skip_build_finished=False, packages_select_test_failures=False, packages_skip_test_passed=False, packages_select=None, packages_skip=None, packages_select_regex=None, packages_skip_regex=None, packages_start=None, packages_end=None, allow_overriding=[], cmake_args=None, cmake_target=None, cmake_target_skip_unavailable=False, cmake_clean_cache=False, cmake_clean_first=False, cmake_force_configure=False, ament_cmake_args=None, catkin_cmake_args=None, catkin_skip_building_tests=False, verb_parser=<colcon_defaults.argument_parser.defaults.DefaultArgumentsDecorator object at 0x7f5a2ed69fc0>, verb_extension=<colcon_core.verb.build.BuildVerb object at 0x7f5a2ed6a6e0>, main=<bound method BuildVerb.main of <colcon_core.verb.build.BuildVerb object at 0x7f5a2ed6a6e0>>)
[0.396s] Level 1:colcon.colcon_core.package_discovery:discover_packages(colcon_meta) check parameters
[0.396s] Level 1:colcon.colcon_core.package_discovery:discover_packages(recursive) check parameters
[0.396s] Level 1:colcon.colcon_core.package_discovery:discover_packages(ignore) check parameters
[0.396s] Level 1:colcon.colcon_core.package_discovery:discover_packages(path) check parameters
[0.396s] Level 1:colcon.colcon_core.package_discovery:discover_packages(colcon_meta) discover
[0.396s] Level 1:colcon.colcon_core.package_discovery:discover_packages(recursive) discover
[0.397s] INFO:colcon.colcon_core.package_discovery:Crawling recursively for packages in '/home/lingc/ECE4191G11/ROS_PC'
[0.397s] Level 1:colcon.colcon_core.package_identification:_identify(.) by extensions ['ignore', 'ignore_ament_install']
[0.397s] Level 1:colcon.colcon_core.package_identification:_identify(.) by extension 'ignore'
[0.397s] Level 1:colcon.colcon_core.package_identification:_identify(.) by extension 'ignore_ament_install'
[0.397s] Level 1:colcon.colcon_core.package_identification:_identify(.) by extensions ['colcon_pkg']
[0.397s] Level 1:colcon.colcon_core.package_identification:_identify(.) by extension 'colcon_pkg'
[0.397s] Level 1:colcon.colcon_core.package_identification:_identify(.) by extensions ['colcon_meta']
[0.397s] Level 1:colcon.colcon_core.package_identification:_identify(.) by extension 'colcon_meta'
[0.397s] Level 1:colcon.colcon_core.package_identification:_identify(.) by extensions ['ros']
[0.397s] Level 1:colcon.colcon_core.package_identification:_identify(.) by extension 'ros'
[0.408s] Level 1:colcon.colcon_core.package_identification:_identify(.) by extensions ['cmake', 'python']
[0.408s] Level 1:colcon.colcon_core.package_identification:_identify(.) by extension 'cmake'
[0.408s] Level 1:colcon.colcon_core.package_identification:_identify(.) by extension 'python'
[0.408s] Level 1:colcon.colcon_core.package_identification:_identify(.) by extensions ['python_setup_py']
[0.408s] Level 1:colcon.colcon_core.package_identification:_identify(.) by extension 'python_setup_py'
[0.408s] Level 1:colcon.colcon_core.package_identification:_identify(build) by extensions ['ignore', 'ignore_ament_install']
[0.408s] Level 1:colcon.colcon_core.package_identification:_identify(build) by extension 'ignore'
[0.408s] Level 1:colcon.colcon_core.package_identification:_identify(build) ignored
[0.408s] Level 1:colcon.colcon_core.package_identification:_identify(install) by extensions ['ignore', 'ignore_ament_install']
[0.408s] Level 1:colcon.colcon_core.package_identification:_identify(install) by extension 'ignore'
[0.408s] Level 1:colcon.colcon_core.package_identification:_identify(install) ignored
[0.409s] Level 1:colcon.colcon_core.package_identification:_identify(log) by extensions ['ignore', 'ignore_ament_install']
[0.409s] Level 1:colcon.colcon_core.package_identification:_identify(log) by extension 'ignore'
[0.409s] Level 1:colcon.colcon_core.package_identification:_identify(log) ignored
[0.409s] Level 1:colcon.colcon_core.package_identification:_identify(src) by extensions ['ignore', 'ignore_ament_install']
[0.409s] Level 1:colcon.colcon_core.package_identification:_identify(src) by extension 'ignore'
[0.409s] Level 1:colcon.colcon_core.package_identification:_identify(src) by extension 'ignore_ament_install'
[0.409s] Level 1:colcon.colcon_core.package_identification:_identify(src) by extensions ['colcon_pkg']
[0.409s] Level 1:colcon.colcon_core.package_identification:_identify(src) by extension 'colcon_pkg'
[0.409s] Level 1:colcon.colcon_core.package_identification:_identify(src) by extensions ['colcon_meta']
[0.409s] Level 1:colcon.colcon_core.package_identification:_identify(src) by extension 'colcon_meta'
[0.409s] Level 1:colcon.colcon_core.package_identification:_identify(src) by extensions ['ros']
[0.409s] Level 1:colcon.colcon_core.package_identification:_identify(src) by extension 'ros'
[0.409s] Level 1:colcon.colcon_core.package_identification:_identify(src) by extensions ['cmake', 'python']
[0.409s] Level 1:colcon.colcon_core.package_identification:_identify(src) by extension 'cmake'
[0.410s] Level 1:colcon.colcon_core.package_identification:_identify(src) by extension 'python'
[0.410s] Level 1:colcon.colcon_core.package_identification:_identify(src) by extensions ['python_setup_py']
[0.410s] Level 1:colcon.colcon_core.package_identification:_identify(src) by extension 'python_setup_py'
[0.410s] Level 1:colcon.colcon_core.package_identification:_identify(src/robot_controller) by extensions ['ignore', 'ignore_ament_install']
[0.410s] Level 1:colcon.colcon_core.package_identification:_identify(src/robot_controller) by extension 'ignore'
[0.410s] Level 1:colcon.colcon_core.package_identification:_identify(src/robot_controller) by extension 'ignore_ament_install'
[0.410s] Level 1:colcon.colcon_core.package_identification:_identify(src/robot_controller) by extensions ['colcon_pkg']
[0.410s] Level 1:colcon.colcon_core.package_identification:_identify(src/robot_controller) by extension 'colcon_pkg'
[0.410s] Level 1:colcon.colcon_core.package_identification:_identify(src/robot_controller) by extensions ['colcon_meta']
[0.410s] Level 1:colcon.colcon_core.package_identification:_identify(src/robot_controller) by extension 'colcon_meta'
[0.410s] Level 1:colcon.colcon_core.package_identification:_identify(src/robot_controller) by extensions ['ros']
[0.410s] Level 1:colcon.colcon_core.package_identification:_identify(src/robot_controller) by extension 'ros'
[0.413s] DEBUG:colcon.colcon_core.package_identification:Package 'src/robot_controller' with type 'ros.ament_python' and name 'robot_controller'
[0.413s] Level 1:colcon.colcon_core.package_identification:_identify(src/robot_interfaces) by extensions ['ignore', 'ignore_ament_install']
[0.414s] Level 1:colcon.colcon_core.package_identification:_identify(src/robot_interfaces) by extension 'ignore'
[0.414s] Level 1:colcon.colcon_core.package_identification:_identify(src/robot_interfaces) by extension 'ignore_ament_install'
[0.414s] Level 1:colcon.colcon_core.package_identification:_identify(src/robot_interfaces) by extensions ['colcon_pkg']
[0.414s] Level 1:colcon.colcon_core.package_identification:_identify(src/robot_interfaces) by extension 'colcon_pkg'
[0.414s] Level 1:colcon.colcon_core.package_identification:_identify(src/robot_interfaces) by extensions ['colcon_meta']
[0.414s] Level 1:colcon.colcon_core.package_identification:_identify(src/robot_interfaces) by extension 'colcon_meta'
[0.414s] Level 1:colcon.colcon_core.package_identification:_identify(src/robot_interfaces) by extensions ['ros']
[0.414s] Level 1:colcon.colcon_core.package_identification:_identify(src/robot_interfaces) by extension 'ros'
[0.414s] DEBUG:colcon.colcon_core.package_identification:Package 'src/robot_interfaces' with type 'ros.ament_cmake' and name 'robot_interfaces'
[0.415s] Level 1:colcon.colcon_core.package_identification:_identify(src/robot_launch) by extensions ['ignore', 'ignore_ament_install']
[0.415s] Level 1:colcon.colcon_core.package_identification:_identify(src/robot_launch) by extension 'ignore'
[0.415s] Level 1:colcon.colcon_core.package_identification:_identify(src/robot_launch) by extension 'ignore_ament_install'
[0.415s] Level 1:colcon.colcon_core.package_identification:_identify(src/robot_launch) by extensions ['colcon_pkg']
[0.415s] Level 1:colcon.colcon_core.package_identification:_identify(src/robot_launch) by extension 'colcon_pkg'
[0.415s] Level 1:colcon.colcon_core.package_identification:_identify(src/robot_launch) by extensions ['colcon_meta']
[0.415s] Level 1:colcon.colcon_core.package_identification:_identify(src/robot_launch) by extension 'colcon_meta'
[0.415s] Level 1:colcon.colcon_core.package_identification:_identify(src/robot_launch) by extensions ['ros']
[0.415s] Level 1:colcon.colcon_core.package_identification:_identify(src/robot_launch) by extension 'ros'
[0.416s] DEBUG:colcon.colcon_core.package_identification:Package 'src/robot_launch' with type 'ros.ament_cmake' and name 'robot_launch'
[0.416s] Level 1:colcon.colcon_core.package_discovery:discover_packages(recursive) using defaults
[0.416s] Level 1:colcon.colcon_core.package_discovery:discover_packages(ignore) discover
[0.416s] Level 1:colcon.colcon_core.package_discovery:discover_packages(ignore) using defaults
[0.416s] Level 1:colcon.colcon_core.package_discovery:discover_packages(path) discover
[0.416s] Level 1:colcon.colcon_core.package_discovery:discover_packages(path) using defaults
[0.458s] Level 1:colcon.colcon_core.package_discovery:discover_packages(prefix_path) check parameters
[0.458s] Level 1:colcon.colcon_core.package_discovery:discover_packages(prefix_path) discover
[0.462s] DEBUG:colcon.colcon_installed_package_information.package_discovery:Found 3 installed packages in /home/lingc/ECE4191G11/ROS_PC/install
[0.464s] DEBUG:colcon.colcon_installed_package_information.package_discovery:Found 270 installed packages in /opt/ros/humble
[0.465s] Level 1:colcon.colcon_core.package_discovery:discover_packages(prefix_path) using defaults
[0.525s] Level 5:colcon.colcon_core.verb:set package 'robot_interfaces' build argument 'cmake_args' from command line to 'None'
[0.525s] Level 5:colcon.colcon_core.verb:set package 'robot_interfaces' build argument 'cmake_target' from command line to 'None'
[0.525s] Level 5:colcon.colcon_core.verb:set package 'robot_interfaces' build argument 'cmake_target_skip_unavailable' from command line to 'False'
[0.525s] Level 5:colcon.colcon_core.verb:set package 'robot_interfaces' build argument 'cmake_clean_cache' from command line to 'False'
[0.525s] Level 5:colcon.colcon_core.verb:set package 'robot_interfaces' build argument 'cmake_clean_first' from command line to 'False'
[0.525s] Level 5:colcon.colcon_core.verb:set package 'robot_interfaces' build argument 'cmake_force_configure' from command line to 'False'
[0.525s] Level 5:colcon.colcon_core.verb:set package 'robot_interfaces' build argument 'ament_cmake_args' from command line to 'None'
[0.525s] Level 5:colcon.colcon_core.verb:set package 'robot_interfaces' build argument 'catkin_cmake_args' from command line to 'None'
[0.525s] Level 5:colcon.colcon_core.verb:set package 'robot_interfaces' build argument 'catkin_skip_building_tests' from command line to 'False'
[0.525s] DEBUG:colcon.colcon_core.verb:Building package 'robot_interfaces' with the following arguments: {'ament_cmake_args': None, 'build_base': '/home/lingc/ECE4191G11/ROS_PC/build/robot_interfaces', 'catkin_cmake_args': None, 'catkin_skip_building_tests': False, 'cmake_args': None, 'cmake_clean_cache': False, 'cmake_clean_first': False, 'cmake_force_configure': False, 'cmake_target': None, 'cmake_target_skip_unavailable': False, 'install_base': '/home/lingc/ECE4191G11/ROS_PC/install/robot_interfaces', 'merge_install': False, 'path': '/home/lingc/ECE4191G11/ROS_PC/src/robot_interfaces', 'symlink_install': False, 'test_result_base': None}
[0.526s] Level 5:colcon.colcon_core.verb:set package 'robot_controller' build argument 'cmake_args' from command line to 'None'
[0.527s] Level 5:colcon.colcon_core.verb:set package 'robot_controller' build argument 'cmake_target' from command line to 'None'
[0.527s] Level 5:colcon.colcon_core.verb:set package 'robot_controller' build argument 'cmake_target_skip_unavailable' from command line to 'False'
[0.527s] Level 5:colcon.colcon_core.verb:set package 'robot_controller' build argument 'cmake_clean_cache' from command line to 'False'
[0.527s] Level 5:colcon.colcon_core.verb:set package 'robot_controller' build argument 'cmake_clean_first' from command line to 'False'
[0.527s] Level 5:colcon.colcon_core.verb:set package 'robot_controller' build argument 'cmake_force_configure' from command line to 'False'
[0.527s] Level 5:colcon.colcon_core.verb:set package 'robot_controller' build argument 'ament_cmake_args' from command line to 'None'
[0.527s] Level 5:colcon.colcon_core.verb:set package 'robot_controller' build argument 'catkin_cmake_args' from command line to 'None'
[0.527s] Level 5:colcon.colcon_core.verb:set package 'robot_controller' build argument 'catkin_skip_building_tests' from command line to 'False'
[0.527s] DEBUG:colcon.colcon_core.verb:Building package 'robot_controller' with the following arguments: {'ament_cmake_args': None, 'build_base': '/home/lingc/ECE4191G11/ROS_PC/build/robot_controller', 'catkin_cmake_args': None, 'catkin_skip_building_tests': False, 'cmake_args': None, 'cmake_clean_cache': False, 'cmake_clean_first': False, 'cmake_force_configure': False, 'cmake_target': None, 'cmake_target_skip_unavailable': False, 'install_base': '/home/lingc/ECE4191G11/ROS_PC/install/robot_controller', 'merge_install': False, 'path': '/home/lingc/ECE4191G11/ROS_PC/src/robot_controller', 'symlink_install': False, 'test_result_base': None}
[0.528s] Level 5:colcon.colcon_core.verb:set package 'robot_launch' build argument 'cmake_args' from command line to 'None'
[0.528s] Level 5:colcon.colcon_core.verb:set package 'robot_launch' build argument 'cmake_target' from command line to 'None'
[0.528s] Level 5:colcon.colcon_core.verb:set package 'robot_launch' build argument 'cmake_target_skip_unavailable' from command line to 'False'
[0.528s] Level 5:colcon.colcon_core.verb:set package 'robot_launch' build argument 'cmake_clean_cache' from command line to 'False'
[0.528s] Level 5:colcon.colcon_core.verb:set package 'robot_launch' build argument 'cmake_clean_first' from command line to 'False'
[0.528s] Level 5:colcon.colcon_core.verb:set package 'robot_launch' build argument 'cmake_force_configure' from command line to 'False'
[0.528s] Level 5:colcon.colcon_core.verb:set package 'robot_launch' build argument 'ament_cmake_args' from command line to 'None'
[0.528s] Level 5:colcon.colcon_core.verb:set package 'robot_launch' build argument 'catkin_cmake_args' from command line to 'None'
[0.528s] Level 5:colcon.colcon_core.verb:set package 'robot_launch' build argument 'catkin_skip_building_tests' from command line to 'False'
[0.528s] DEBUG:colcon.colcon_core.verb:Building package 'robot_launch' with the following arguments: {'ament_cmake_args': None, 'build_base': '/home/lingc/ECE4191G11/ROS_PC/build/robot_launch', 'catkin_cmake_args': None, 'catkin_skip_building_tests': False, 'cmake_args': None, 'cmake_clean_cache': False, 'cmake_clean_first': False, 'cmake_force_configure': False, 'cmake_target': None, 'cmake_target_skip_unavailable': False, 'install_base': '/home/lingc/ECE4191G11/ROS_PC/install/robot_launch', 'merge_install': False, 'path': '/home/lingc/ECE4191G11/ROS_PC/src/robot_launch', 'symlink_install': False, 'test_result_base': None}
[0.529s] INFO:colcon.colcon_core.executor:Executing jobs using 'parallel' executor
[0.533s] DEBUG:colcon.colcon_parallel_executor.executor.parallel:run_until_complete
[0.534s] INFO:colcon.colcon_ros.task.ament_cmake.build:Building ROS package in '/home/lingc/ECE4191G11/ROS_PC/src/robot_interfaces' with build type 'ament_cmake'
[0.534s] INFO:colcon.colcon_cmake.task.cmake.build:Building CMake package in '/home/lingc/ECE4191G11/ROS_PC/src/robot_interfaces'
[0.543s] INFO:colcon.colcon_core.plugin_system:Skipping extension 'colcon_core.shell.bat': Not used on non-Windows systems
[0.544s] INFO:colcon.colcon_core.shell:Skip shell extension 'powershell' for command environment: Not usable outside of PowerShell
[0.544s] DEBUG:colcon.colcon_core.shell:Skip shell extension 'dsv' for command environment
[0.594s] DEBUG:colcon.colcon_core.event_handler.log_command:Invoking command in '/home/lingc/ECE4191G11/ROS_PC/build/robot_interfaces': CMAKE_PREFIX_PATH=${CMAKE_PREFIX_PATH}:/home/lingc/ECE4191G11/ROS_PC/install/robot_controller:/opt/ros/humble /usr/bin/cmake --build /home/lingc/ECE4191G11/ROS_PC/build/robot_interfaces -- -j4 -l4
[1.198s] DEBUG:colcon.colcon_core.event_handler.log_command:Invoked command in '/home/lingc/ECE4191G11/ROS_PC/build/robot_interfaces' returned '0': CMAKE_PREFIX_PATH=${CMAKE_PREFIX_PATH}:/home/lingc/ECE4191G11/ROS_PC/install/robot_controller:/opt/ros/humble /usr/bin/cmake --build /home/lingc/ECE4191G11/ROS_PC/build/robot_interfaces -- -j4 -l4
[1.591s] DEBUG:colcon.colcon_core.event_handler.log_command:Invoking command in '/home/lingc/ECE4191G11/ROS_PC/build/robot_interfaces': CMAKE_PREFIX_PATH=${CMAKE_PREFIX_PATH}:/home/lingc/ECE4191G11/ROS_PC/install/robot_controller:/opt/ros/humble /usr/bin/cmake --install /home/lingc/ECE4191G11/ROS_PC/build/robot_interfaces
[1.672s] Level 1:colcon.colcon_core.environment:create_environment_scripts_only(robot_interfaces)
[1.679s] Level 1:colcon.colcon_core.environment:checking '/home/lingc/ECE4191G11/ROS_PC/install/robot_interfaces' for CMake module files
[1.679s] Level 1:colcon.colcon_core.environment:checking '/home/lingc/ECE4191G11/ROS_PC/install/robot_interfaces' for CMake config files
[1.680s] Level 1:colcon.colcon_core.shell:create_environment_hook('robot_interfaces', 'cmake_prefix_path')
[1.681s] INFO:colcon.colcon_core.shell:Creating environment hook '/home/lingc/ECE4191G11/ROS_PC/install/robot_interfaces/share/robot_interfaces/hook/cmake_prefix_path.ps1'
[1.682s] INFO:colcon.colcon_core.shell:Creating environment descriptor '/home/lingc/ECE4191G11/ROS_PC/install/robot_interfaces/share/robot_interfaces/hook/cmake_prefix_path.dsv'
[1.684s] INFO:colcon.colcon_core.shell:Creating environment hook '/home/lingc/ECE4191G11/ROS_PC/install/robot_interfaces/share/robot_interfaces/hook/cmake_prefix_path.sh'
[1.685s] DEBUG:colcon.colcon_core.event_handler.log_command:Invoked command in '/home/lingc/ECE4191G11/ROS_PC/build/robot_interfaces' returned '0': CMAKE_PREFIX_PATH=${CMAKE_PREFIX_PATH}:/home/lingc/ECE4191G11/ROS_PC/install/robot_controller:/opt/ros/humble /usr/bin/cmake --install /home/lingc/ECE4191G11/ROS_PC/build/robot_interfaces
[1.686s] Level 1:colcon.colcon_core.environment:checking '/home/lingc/ECE4191G11/ROS_PC/install/robot_interfaces/lib'
[1.686s] Level 1:colcon.colcon_core.shell:create_environment_hook('robot_interfaces', 'ld_library_path_lib')
[1.687s] INFO:colcon.colcon_core.shell:Creating environment hook '/home/lingc/ECE4191G11/ROS_PC/install/robot_interfaces/share/robot_interfaces/hook/ld_library_path_lib.ps1'
[1.688s] INFO:colcon.colcon_core.shell:Creating environment descriptor '/home/lingc/ECE4191G11/ROS_PC/install/robot_interfaces/share/robot_interfaces/hook/ld_library_path_lib.dsv'
[1.689s] INFO:colcon.colcon_core.shell:Creating environment hook '/home/lingc/ECE4191G11/ROS_PC/install/robot_interfaces/share/robot_interfaces/hook/ld_library_path_lib.sh'
[1.689s] Level 1:colcon.colcon_core.environment:checking '/home/lingc/ECE4191G11/ROS_PC/install/robot_interfaces/bin'
[1.690s] Level 1:colcon.colcon_core.environment:checking '/home/lingc/ECE4191G11/ROS_PC/install/robot_interfaces/lib/pkgconfig/robot_interfaces.pc'
[1.690s] Level 1:colcon.colcon_core.environment:checking '/home/lingc/ECE4191G11/ROS_PC/install/robot_interfaces/lib/python3.10/site-packages'
[1.690s] Level 1:colcon.colcon_core.environment:checking '/home/lingc/ECE4191G11/ROS_PC/install/robot_interfaces/bin'
[1.691s] INFO:colcon.colcon_core.shell:Creating package script '/home/lingc/ECE4191G11/ROS_PC/install/robot_interfaces/share/robot_interfaces/package.ps1'
[1.693s] INFO:colcon.colcon_core.shell:Creating package descriptor '/home/lingc/ECE4191G11/ROS_PC/install/robot_interfaces/share/robot_interfaces/package.dsv'
[1.693s] INFO:colcon.colcon_core.shell:Creating package script '/home/lingc/ECE4191G11/ROS_PC/install/robot_interfaces/share/robot_interfaces/package.sh'
[1.695s] INFO:colcon.colcon_core.shell:Creating package script '/home/lingc/ECE4191G11/ROS_PC/install/robot_interfaces/share/robot_interfaces/package.bash'
[1.696s] INFO:colcon.colcon_core.shell:Creating package script '/home/lingc/ECE4191G11/ROS_PC/install/robot_interfaces/share/robot_interfaces/package.zsh'
[1.697s] Level 1:colcon.colcon_core.environment:create_file_with_runtime_dependencies(/home/lingc/ECE4191G11/ROS_PC/install/robot_interfaces/share/colcon-core/packages/robot_interfaces)
[2.089s] Level 1:colcon.colcon_core.environment:create_environment_scripts_only(robot_interfaces)
[2.091s] Level 1:colcon.colcon_core.environment:checking '/home/lingc/ECE4191G11/ROS_PC/install/robot_interfaces' for CMake module files
[2.092s] Level 1:colcon.colcon_core.environment:checking '/home/lingc/ECE4191G11/ROS_PC/install/robot_interfaces' for CMake config files
[2.092s] Level 1:colcon.colcon_core.shell:create_environment_hook('robot_interfaces', 'cmake_prefix_path')
[2.094s] INFO:colcon.colcon_core.shell:Creating environment hook '/home/lingc/ECE4191G11/ROS_PC/install/robot_interfaces/share/robot_interfaces/hook/cmake_prefix_path.ps1'
[2.094s] INFO:colcon.colcon_core.shell:Creating environment descriptor '/home/lingc/ECE4191G11/ROS_PC/install/robot_interfaces/share/robot_interfaces/hook/cmake_prefix_path.dsv'
[2.095s] INFO:colcon.colcon_core.shell:Creating environment hook '/home/lingc/ECE4191G11/ROS_PC/install/robot_interfaces/share/robot_interfaces/hook/cmake_prefix_path.sh'
[2.096s] Level 1:colcon.colcon_core.environment:checking '/home/lingc/ECE4191G11/ROS_PC/install/robot_interfaces/lib'
[2.096s] Level 1:colcon.colcon_core.shell:create_environment_hook('robot_interfaces', 'ld_library_path_lib')
[2.097s] INFO:colcon.colcon_core.shell:Creating environment hook '/home/lingc/ECE4191G11/ROS_PC/install/robot_interfaces/share/robot_interfaces/hook/ld_library_path_lib.ps1'
[2.098s] INFO:colcon.colcon_core.shell:Creating environment descriptor '/home/lingc/ECE4191G11/ROS_PC/install/robot_interfaces/share/robot_interfaces/hook/ld_library_path_lib.dsv'
[2.099s] INFO:colcon.colcon_core.shell:Creating environment hook '/home/lingc/ECE4191G11/ROS_PC/install/robot_interfaces/share/robot_interfaces/hook/ld_library_path_lib.sh'
[2.099s] Level 1:colcon.colcon_core.environment:checking '/home/lingc/ECE4191G11/ROS_PC/install/robot_interfaces/bin'
[2.100s] Level 1:colcon.colcon_core.environment:checking '/home/lingc/ECE4191G11/ROS_PC/install/robot_interfaces/lib/pkgconfig/robot_interfaces.pc'
[2.100s] Level 1:colcon.colcon_core.environment:checking '/home/lingc/ECE4191G11/ROS_PC/install/robot_interfaces/lib/python3.10/site-packages'
[2.100s] Level 1:colcon.colcon_core.environment:checking '/home/lingc/ECE4191G11/ROS_PC/install/robot_interfaces/bin'
[2.102s] INFO:colcon.colcon_core.shell:Creating package script '/home/lingc/ECE4191G11/ROS_PC/install/robot_interfaces/share/robot_interfaces/package.ps1'
[2.102s] INFO:colcon.colcon_core.shell:Creating package descriptor '/home/lingc/ECE4191G11/ROS_PC/install/robot_interfaces/share/robot_interfaces/package.dsv'
[2.103s] INFO:colcon.colcon_core.shell:Creating package script '/home/lingc/ECE4191G11/ROS_PC/install/robot_interfaces/share/robot_interfaces/package.sh'
[2.104s] INFO:colcon.colcon_core.shell:Creating package script '/home/lingc/ECE4191G11/ROS_PC/install/robot_interfaces/share/robot_interfaces/package.bash'
[2.105s] INFO:colcon.colcon_core.shell:Creating package script '/home/lingc/ECE4191G11/ROS_PC/install/robot_interfaces/share/robot_interfaces/package.zsh'
[2.110s] Level 1:colcon.colcon_core.environment:create_file_with_runtime_dependencies(/home/lingc/ECE4191G11/ROS_PC/install/robot_interfaces/share/colcon-core/packages/robot_interfaces)
[2.112s] INFO:colcon.colcon_ros.task.ament_python.build:Building ROS package in '/home/lingc/ECE4191G11/ROS_PC/src/robot_controller' with build type 'ament_python'
[2.112s] Level 1:colcon.colcon_core.shell:create_environment_hook('robot_controller', 'ament_prefix_path')
[2.113s] INFO:colcon.colcon_core.shell:Creating environment hook '/home/lingc/ECE4191G11/ROS_PC/install/robot_controller/share/robot_controller/hook/ament_prefix_path.ps1'
[2.114s] INFO:colcon.colcon_core.shell:Creating environment descriptor '/home/lingc/ECE4191G11/ROS_PC/install/robot_controller/share/robot_controller/hook/ament_prefix_path.dsv'
[2.115s] INFO:colcon.colcon_core.shell:Creating environment hook '/home/lingc/ECE4191G11/ROS_PC/install/robot_controller/share/robot_controller/hook/ament_prefix_path.sh'
[2.118s] INFO:colcon.colcon_core.shell:Skip shell extension 'powershell' for command environment: Not usable outside of PowerShell
[2.118s] DEBUG:colcon.colcon_core.shell:Skip shell extension 'dsv' for command environment
[2.436s] INFO:colcon.colcon_core.task.python.build:Building Python package in '/home/lingc/ECE4191G11/ROS_PC/src/robot_controller'
[2.437s] INFO:colcon.colcon_core.shell:Skip shell extension 'powershell' for command environment: Not usable outside of PowerShell
[2.438s] DEBUG:colcon.colcon_core.shell:Skip shell extension 'dsv' for command environment
[2.835s] DEBUG:colcon.colcon_core.event_handler.log_command:Invoking command in '/home/lingc/ECE4191G11/ROS_PC/src/robot_controller': CMAKE_PREFIX_PATH=/home/lingc/ECE4191G11/ROS_PC/install/robot_interfaces:/home/lingc/ECE4191G11/ROS_PC/install/robot_launch PYTHONPATH=/home/lingc/ECE4191G11/ROS_PC/build/robot_controller/prefix_override:/home/lingc/ECE4191G11/ROS_PC/install/robot_controller/lib/python3.10/site-packages:${PYTHONPATH} /usr/bin/python3 setup.py egg_info --egg-base ../../build/robot_controller build --build-base /home/lingc/ECE4191G11/ROS_PC/build/robot_controller/build install --record /home/lingc/ECE4191G11/ROS_PC/build/robot_controller/install.log --single-version-externally-managed
[3.206s] Level 1:colcon.colcon_core.environment:checking '/home/lingc/ECE4191G11/ROS_PC/install/robot_controller' for CMake module files
[3.208s] DEBUG:colcon.colcon_core.event_handler.log_command:Invoked command in '/home/lingc/ECE4191G11/ROS_PC/src/robot_controller' returned '0': CMAKE_PREFIX_PATH=/home/lingc/ECE4191G11/ROS_PC/install/robot_interfaces:/home/lingc/ECE4191G11/ROS_PC/install/robot_launch PYTHONPATH=/home/lingc/ECE4191G11/ROS_PC/build/robot_controller/prefix_override:/home/lingc/ECE4191G11/ROS_PC/install/robot_controller/lib/python3.10/site-packages:${PYTHONPATH} /usr/bin/python3 setup.py egg_info --egg-base ../../build/robot_controller build --build-base /home/lingc/ECE4191G11/ROS_PC/build/robot_controller/build install --record /home/lingc/ECE4191G11/ROS_PC/build/robot_controller/install.log --single-version-externally-managed
[3.210s] Level 1:colcon.colcon_core.environment:checking '/home/lingc/ECE4191G11/ROS_PC/install/robot_controller' for CMake config files
[3.211s] Level 1:colcon.colcon_core.environment:checking '/home/lingc/ECE4191G11/ROS_PC/install/robot_controller/lib'
[3.211s] Level 1:colcon.colcon_core.environment:checking '/home/lingc/ECE4191G11/ROS_PC/install/robot_controller/bin'
[3.211s] Level 1:colcon.colcon_core.environment:checking '/home/lingc/ECE4191G11/ROS_PC/install/robot_controller/lib/pkgconfig/robot_controller.pc'
[3.212s] Level 1:colcon.colcon_core.environment:checking '/home/lingc/ECE4191G11/ROS_PC/install/robot_controller/lib/python3.10/site-packages'
[3.212s] Level 1:colcon.colcon_core.shell:create_environment_hook('robot_controller', 'pythonpath')
[3.213s] INFO:colcon.colcon_core.shell:Creating environment hook '/home/lingc/ECE4191G11/ROS_PC/install/robot_controller/share/robot_controller/hook/pythonpath.ps1'
[3.214s] INFO:colcon.colcon_core.shell:Creating environment descriptor '/home/lingc/ECE4191G11/ROS_PC/install/robot_controller/share/robot_controller/hook/pythonpath.dsv'
[3.215s] INFO:colcon.colcon_core.shell:Creating environment hook '/home/lingc/ECE4191G11/ROS_PC/install/robot_controller/share/robot_controller/hook/pythonpath.sh'
[3.217s] Level 1:colcon.colcon_core.environment:checking '/home/lingc/ECE4191G11/ROS_PC/install/robot_controller/bin'
[3.217s] Level 1:colcon.colcon_core.environment:create_environment_scripts_only(robot_controller)
[3.218s] INFO:colcon.colcon_core.shell:Creating package script '/home/lingc/ECE4191G11/ROS_PC/install/robot_controller/share/robot_controller/package.ps1'
[3.220s] INFO:colcon.colcon_core.shell:Creating package descriptor '/home/lingc/ECE4191G11/ROS_PC/install/robot_controller/share/robot_controller/package.dsv'
[3.221s] INFO:colcon.colcon_core.shell:Creating package script '/home/lingc/ECE4191G11/ROS_PC/install/robot_controller/share/robot_controller/package.sh'
[3.222s] INFO:colcon.colcon_core.shell:Creating package script '/home/lingc/ECE4191G11/ROS_PC/install/robot_controller/share/robot_controller/package.bash'
[3.223s] INFO:colcon.colcon_core.shell:Creating package script '/home/lingc/ECE4191G11/ROS_PC/install/robot_controller/share/robot_controller/package.zsh'
[3.224s] Level 1:colcon.colcon_core.environment:create_file_with_runtime_dependencies(/home/lingc/ECE4191G11/ROS_PC/install/robot_controller/share/colcon-core/packages/robot_controller)
[3.225s] INFO:colcon.colcon_ros.task.ament_cmake.build:Building ROS package in '/home/lingc/ECE4191G11/ROS_PC/src/robot_launch' with build type 'ament_cmake'
[3.226s] INFO:colcon.colcon_cmake.task.cmake.build:Building CMake package in '/home/lingc/ECE4191G11/ROS_PC/src/robot_launch'
[3.228s] INFO:colcon.colcon_core.shell:Skip shell extension 'powershell' for command environment: Not usable outside of PowerShell
[3.228s] DEBUG:colcon.colcon_core.shell:Skip shell extension 'dsv' for command environment
[3.258s] DEBUG:colcon.colcon_core.event_handler.log_command:Invoking command in '/home/lingc/ECE4191G11/ROS_PC/build/robot_launch': AMENT_PREFIX_PATH=/home/lingc/ECE4191G11/ROS_PC/install/robot_controller:/home/lingc/ECE4191G11/ROS_PC/install/robot_launch:/home/lingc/ECE4191G11/ROS_PC/install/robot_interfaces:/opt/ros/humble CMAKE_PREFIX_PATH=/home/lingc/ECE4191G11/ROS_PC/install/robot_interfaces:/home/lingc/ECE4191G11/ROS_PC/install/robot_launch:/home/lingc/ECE4191G11/ROS_PC/install/robot_controller:/opt/ros/humble /usr/bin/cmake --build /home/lingc/ECE4191G11/ROS_PC/build/robot_launch -- -j4 -l4
[3.310s] DEBUG:colcon.colcon_core.event_handler.log_command:Invoked command in '/home/lingc/ECE4191G11/ROS_PC/build/robot_launch' returned '0': AMENT_PREFIX_PATH=/home/lingc/ECE4191G11/ROS_PC/install/robot_controller:/home/lingc/ECE4191G11/ROS_PC/install/robot_launch:/home/lingc/ECE4191G11/ROS_PC/install/robot_interfaces:/opt/ros/humble CMAKE_PREFIX_PATH=/home/lingc/ECE4191G11/ROS_PC/install/robot_interfaces:/home/lingc/ECE4191G11/ROS_PC/install/robot_launch:/home/lingc/ECE4191G11/ROS_PC/install/robot_controller:/opt/ros/humble /usr/bin/cmake --build /home/lingc/ECE4191G11/ROS_PC/build/robot_launch -- -j4 -l4
[3.388s] DEBUG:colcon.colcon_core.event_handler.log_command:Invoking command in '/home/lingc/ECE4191G11/ROS_PC/build/robot_launch': AMENT_PREFIX_PATH=/home/lingc/ECE4191G11/ROS_PC/install/robot_controller:/home/lingc/ECE4191G11/ROS_PC/install/robot_launch:/home/lingc/ECE4191G11/ROS_PC/install/robot_interfaces:/opt/ros/humble CMAKE_PREFIX_PATH=/home/lingc/ECE4191G11/ROS_PC/install/robot_interfaces:/home/lingc/ECE4191G11/ROS_PC/install/robot_launch:/home/lingc/ECE4191G11/ROS_PC/install/robot_controller:/opt/ros/humble /usr/bin/cmake --install /home/lingc/ECE4191G11/ROS_PC/build/robot_launch
[3.406s] Level 1:colcon.colcon_core.environment:create_environment_scripts_only(robot_launch)
[3.409s] Level 1:colcon.colcon_core.environment:checking '/home/lingc/ECE4191G11/ROS_PC/install/robot_launch' for CMake module files
[3.410s] DEBUG:colcon.colcon_core.event_handler.log_command:Invoked command in '/home/lingc/ECE4191G11/ROS_PC/build/robot_launch' returned '0': AMENT_PREFIX_PATH=/home/lingc/ECE4191G11/ROS_PC/install/robot_controller:/home/lingc/ECE4191G11/ROS_PC/install/robot_launch:/home/lingc/ECE4191G11/ROS_PC/install/robot_interfaces:/opt/ros/humble CMAKE_PREFIX_PATH=/home/lingc/ECE4191G11/ROS_PC/install/robot_interfaces:/home/lingc/ECE4191G11/ROS_PC/install/robot_launch:/home/lingc/ECE4191G11/ROS_PC/install/robot_controller:/opt/ros/humble /usr/bin/cmake --install /home/lingc/ECE4191G11/ROS_PC/build/robot_launch
[3.411s] Level 1:colcon.colcon_core.environment:checking '/home/lingc/ECE4191G11/ROS_PC/install/robot_launch' for CMake config files
[3.411s] Level 1:colcon.colcon_core.shell:create_environment_hook('robot_launch', 'cmake_prefix_path')
[3.413s] INFO:colcon.colcon_core.shell:Creating environment hook '/home/lingc/ECE4191G11/ROS_PC/install/robot_launch/share/robot_launch/hook/cmake_prefix_path.ps1'
[3.413s] INFO:colcon.colcon_core.shell:Creating environment descriptor '/home/lingc/ECE4191G11/ROS_PC/install/robot_launch/share/robot_launch/hook/cmake_prefix_path.dsv'
[3.414s] INFO:colcon.colcon_core.shell:Creating environment hook '/home/lingc/ECE4191G11/ROS_PC/install/robot_launch/share/robot_launch/hook/cmake_prefix_path.sh'
[3.415s] Level 1:colcon.colcon_core.environment:checking '/home/lingc/ECE4191G11/ROS_PC/install/robot_launch/bin'
[3.415s] Level 1:colcon.colcon_core.environment:checking '/home/lingc/ECE4191G11/ROS_PC/install/robot_launch/lib/pkgconfig/robot_launch.pc'
[3.416s] Level 1:colcon.colcon_core.environment:checking '/home/lingc/ECE4191G11/ROS_PC/install/robot_launch/lib/python3.10/site-packages'
[3.416s] Level 1:colcon.colcon_core.environment:checking '/home/lingc/ECE4191G11/ROS_PC/install/robot_launch/bin'
[3.417s] INFO:colcon.colcon_core.shell:Creating package script '/home/lingc/ECE4191G11/ROS_PC/install/robot_launch/share/robot_launch/package.ps1'
[3.418s] INFO:colcon.colcon_core.shell:Creating package descriptor '/home/lingc/ECE4191G11/ROS_PC/install/robot_launch/share/robot_launch/package.dsv'
[3.420s] INFO:colcon.colcon_core.shell:Creating package script '/home/lingc/ECE4191G11/ROS_PC/install/robot_launch/share/robot_launch/package.sh'
[3.420s] INFO:colcon.colcon_core.shell:Creating package script '/home/lingc/ECE4191G11/ROS_PC/install/robot_launch/share/robot_launch/package.bash'
[3.421s] INFO:colcon.colcon_core.shell:Creating package script '/home/lingc/ECE4191G11/ROS_PC/install/robot_launch/share/robot_launch/package.zsh'
[3.422s] Level 1:colcon.colcon_core.environment:create_file_with_runtime_dependencies(/home/lingc/ECE4191G11/ROS_PC/install/robot_launch/share/colcon-core/packages/robot_launch)
[3.478s] Level 1:colcon.colcon_core.environment:create_environment_scripts_only(robot_launch)
[3.481s] Level 1:colcon.colcon_core.environment:checking '/home/lingc/ECE4191G11/ROS_PC/install/robot_launch' for CMake module files
[3.482s] Level 1:colcon.colcon_core.environment:checking '/home/lingc/ECE4191G11/ROS_PC/install/robot_launch' for CMake config files
[3.482s] Level 1:colcon.colcon_core.shell:create_environment_hook('robot_launch', 'cmake_prefix_path')
[3.484s] INFO:colcon.colcon_core.shell:Creating environment hook '/home/lingc/ECE4191G11/ROS_PC/install/robot_launch/share/robot_launch/hook/cmake_prefix_path.ps1'
[3.485s] INFO:colcon.colcon_core.shell:Creating environment descriptor '/home/lingc/ECE4191G11/ROS_PC/install/robot_launch/share/robot_launch/hook/cmake_prefix_path.dsv'
[3.486s] INFO:colcon.colcon_core.shell:Creating environment hook '/home/lingc/ECE4191G11/ROS_PC/install/robot_launch/share/robot_launch/hook/cmake_prefix_path.sh'
[3.487s] Level 1:colcon.colcon_core.environment:checking '/home/lingc/ECE4191G11/ROS_PC/install/robot_launch/bin'
[3.488s] Level 1:colcon.colcon_core.environment:checking '/home/lingc/ECE4191G11/ROS_PC/install/robot_launch/lib/pkgconfig/robot_launch.pc'
[3.488s] Level 1:colcon.colcon_core.environment:checking '/home/lingc/ECE4191G11/ROS_PC/install/robot_launch/lib/python3.10/site-packages'
[3.489s] Level 1:colcon.colcon_core.environment:checking '/home/lingc/ECE4191G11/ROS_PC/install/robot_launch/bin'
[3.490s] INFO:colcon.colcon_core.shell:Creating package script '/home/lingc/ECE4191G11/ROS_PC/install/robot_launch/share/robot_launch/package.ps1'
[3.491s] INFO:colcon.colcon_core.shell:Creating package descriptor '/home/lingc/ECE4191G11/ROS_PC/install/robot_launch/share/robot_launch/package.dsv'
[3.492s] INFO:colcon.colcon_core.shell:Creating package script '/home/lingc/ECE4191G11/ROS_PC/install/robot_launch/share/robot_launch/package.sh'
[3.494s] INFO:colcon.colcon_core.shell:Creating package script '/home/lingc/ECE4191G11/ROS_PC/install/robot_launch/share/robot_launch/package.bash'
[3.496s] INFO:colcon.colcon_core.shell:Creating package script '/home/lingc/ECE4191G11/ROS_PC/install/robot_launch/share/robot_launch/package.zsh'
[3.497s] Level 1:colcon.colcon_core.environment:create_file_with_runtime_dependencies(/home/lingc/ECE4191G11/ROS_PC/install/robot_launch/share/colcon-core/packages/robot_launch)
[3.498s] DEBUG:colcon.colcon_parallel_executor.executor.parallel:closing loop
[3.498s] DEBUG:colcon.colcon_parallel_executor.executor.parallel:loop closed
[3.499s] DEBUG:colcon.colcon_parallel_executor.executor.parallel:run_until_complete finished with '0'
[3.499s] DEBUG:colcon.colcon_core.event_reactor:joining thread
[3.508s] INFO:colcon.colcon_core.plugin_system:Skipping extension 'colcon_notification.desktop_notification.terminal_notifier': Not used on non-Darwin systems
[3.509s] INFO:colcon.colcon_core.plugin_system:Skipping extension 'colcon_notification.desktop_notification.win32': Not used on non-Windows systems
[3.509s] INFO:colcon.colcon_notification.desktop_notification:Sending desktop notification using 'notify2'
[3.543s] DEBUG:colcon.colcon_core.event_reactor:joined thread
[3.545s] INFO:colcon.colcon_core.shell:Creating prefix script '/home/lingc/ECE4191G11/ROS_PC/install/local_setup.ps1'
[3.546s] INFO:colcon.colcon_core.shell:Creating prefix util module '/home/lingc/ECE4191G11/ROS_PC/install/_local_setup_util_ps1.py'
[3.553s] INFO:colcon.colcon_core.shell:Creating prefix chain script '/home/lingc/ECE4191G11/ROS_PC/install/setup.ps1'
[3.555s] INFO:colcon.colcon_core.shell:Creating prefix script '/home/lingc/ECE4191G11/ROS_PC/install/local_setup.sh'
[3.563s] INFO:colcon.colcon_core.shell:Creating prefix util module '/home/lingc/ECE4191G11/ROS_PC/install/_local_setup_util_sh.py'
[3.564s] INFO:colcon.colcon_core.shell:Creating prefix chain script '/home/lingc/ECE4191G11/ROS_PC/install/setup.sh'
[3.566s] INFO:colcon.colcon_core.shell:Creating prefix script '/home/lingc/ECE4191G11/ROS_PC/install/local_setup.bash'
[3.567s] INFO:colcon.colcon_core.shell:Creating prefix chain script '/home/lingc/ECE4191G11/ROS_PC/install/setup.bash'
[3.569s] INFO:colcon.colcon_core.shell:Creating prefix script '/home/lingc/ECE4191G11/ROS_PC/install/local_setup.zsh'
[3.570s] INFO:colcon.colcon_core.shell:Creating prefix chain script '/home/lingc/ECE4191G11/ROS_PC/install/setup.zsh'
