[3.626s] Invoking command in '/home/rpi-team11/ECE4191G11/ROS_Pi/src/robot_controller': CMAKE_PREFIX_PATH=/home/rpi-team11/ECE4191G11/ROS_Pi/install/robot_interfaces:/home/rpi-team11/ECE4191G11/ROS_Pi/install/robot_launch PYTHONPATH=/home/rpi-team11/ECE4191G11/ROS_Pi/build/robot_controller/prefix_override:/home/rpi-team11/ECE4191G11/ROS_Pi/install/robot_controller/lib/python3.10/site-packages:${PYTHONPATH} /usr/bin/python3 setup.py egg_info --egg-base ../../build/robot_controller build --build-base /home/rpi-team11/ECE4191G11/ROS_Pi/build/robot_controller/build install --record /home/rpi-team11/ECE4191G11/ROS_Pi/build/robot_controller/install.log --single-version-externally-managed
[4.756s] running egg_info
[4.758s] writing ../../build/robot_controller/robot_controller.egg-info/PKG-INFO
[4.760s] writing dependency_links to ../../build/robot_controller/robot_controller.egg-info/dependency_links.txt
[4.762s] writing entry points to ../../build/robot_controller/robot_controller.egg-info/entry_points.txt
[4.763s] writing requirements to ../../build/robot_controller/robot_controller.egg-info/requires.txt
[4.764s] writing top-level names to ../../build/robot_controller/robot_controller.egg-info/top_level.txt
[4.772s] reading manifest file '../../build/robot_controller/robot_controller.egg-info/SOURCES.txt'
[4.776s] writing manifest file '../../build/robot_controller/robot_controller.egg-info/SOURCES.txt'
[4.777s] running build
[4.778s] running build_py
[4.780s] running install
[4.781s] running install_lib
[4.789s] running install_data
[4.791s] running install_egg_info
[4.798s] removing '/home/rpi-team11/ECE4191G11/ROS_Pi/install/robot_controller/lib/python3.10/site-packages/robot_controller-0.0.0-py3.10.egg-info' (and everything under it)
[4.799s] Copying ../../build/robot_controller/robot_controller.egg-info to /home/rpi-team11/ECE4191G11/ROS_Pi/install/robot_controller/lib/python3.10/site-packages/robot_controller-0.0.0-py3.10.egg-info
[4.806s] running install_scripts
[4.880s] Installing drive_node script to /home/rpi-team11/ECE4191G11/ROS_Pi/install/robot_controller/lib/robot_controller
[4.881s] Installing encoder_node script to /home/rpi-team11/ECE4191G11/ROS_Pi/install/robot_controller/lib/robot_controller
[4.882s] Installing manual_waypoint_node script to /home/rpi-team11/ECE4191G11/ROS_Pi/install/robot_controller/lib/robot_controller
[4.883s] Installing path_planner_node script to /home/rpi-team11/ECE4191G11/ROS_Pi/install/robot_controller/lib/robot_controller
[4.884s] Installing ultrasonic_node script to /home/rpi-team11/ECE4191G11/ROS_Pi/install/robot_controller/lib/robot_controller
[4.887s] writing list of installed files to '/home/rpi-team11/ECE4191G11/ROS_Pi/build/robot_controller/install.log'
[5.013s] Invoked command in '/home/rpi-team11/ECE4191G11/ROS_Pi/src/robot_controller' returned '0': CMAKE_PREFIX_PATH=/home/rpi-team11/ECE4191G11/ROS_Pi/install/robot_interfaces:/home/rpi-team11/ECE4191G11/ROS_Pi/install/robot_launch PYTHONPATH=/home/rpi-team11/ECE4191G11/ROS_Pi/build/robot_controller/prefix_override:/home/rpi-team11/ECE4191G11/ROS_Pi/install/robot_controller/lib/python3.10/site-packages:${PYTHONPATH} /usr/bin/python3 setup.py egg_info --egg-base ../../build/robot_controller build --build-base /home/rpi-team11/ECE4191G11/ROS_Pi/build/robot_controller/build install --record /home/rpi-team11/ECE4191G11/ROS_Pi/build/robot_controller/install.log --single-version-externally-managed
