[1.476s] DEBUG:colcon:Command line arguments: ['/usr/bin/colcon', 'build']
[1.476s] DEBUG:colcon:Parsed command line arguments: Namespace(log_base=None, log_level=None, verb_name='build', build_base='build', install_base='install', merge_install=False, symlink_install=False, test_result_base=None, continue_on_error=False, executor='parallel', parallel_workers=4, event_handlers=None, ignore_user_meta=False, metas=['./colcon.meta'], base_paths=['.'], packages_ignore=None, packages_ignore_regex=None, paths=None, packages_up_to=None, packages_up_to_regex=None, packages_above=None, packages_above_and_dependencies=None, packages_above_depth=None, packages_select_by_dep=None, packages_skip_by_dep=None, packages_skip_up_to=None, packages_select_build_failed=False, packages_skip_build_finished=False, packages_select_test_failures=False, packages_skip_test_passed=False, packages_select=None, packages_skip=None, packages_select_regex=None, packages_skip_regex=None, packages_start=None, packages_end=None, allow_overriding=[], cmake_args=None, cmake_target=None, cmake_target_skip_unavailable=False, cmake_clean_cache=False, cmake_clean_first=False, cmake_force_configure=False, ament_cmake_args=None, catkin_cmake_args=None, catkin_skip_building_tests=False, verb_parser=<colcon_defaults.argument_parser.defaults.DefaultArgumentsDecorator object at 0xffff84dca320>, verb_extension=<colcon_core.verb.build.BuildVerb object at 0xffff84dc9db0>, main=<bound method BuildVerb.main of <colcon_core.verb.build.BuildVerb object at 0xffff84dc9db0>>)
[1.577s] Level 1:colcon.colcon_core.package_discovery:discover_packages(colcon_meta) check parameters
[1.578s] Level 1:colcon.colcon_core.package_discovery:discover_packages(recursive) check parameters
[1.578s] Level 1:colcon.colcon_core.package_discovery:discover_packages(ignore) check parameters
[1.578s] Level 1:colcon.colcon_core.package_discovery:discover_packages(path) check parameters
[1.578s] Level 1:colcon.colcon_core.package_discovery:discover_packages(colcon_meta) discover
[1.578s] Level 1:colcon.colcon_core.package_discovery:discover_packages(recursive) discover
[1.578s] INFO:colcon.colcon_core.package_discovery:Crawling recursively for packages in '/home/rpi-team11/ECE4191G11/ROS_Pi'
[1.579s] Level 1:colcon.colcon_core.package_identification:_identify(.) by extensions ['ignore', 'ignore_ament_install']
[1.579s] Level 1:colcon.colcon_core.package_identification:_identify(.) by extension 'ignore'
[1.580s] Level 1:colcon.colcon_core.package_identification:_identify(.) by extension 'ignore_ament_install'
[1.580s] Level 1:colcon.colcon_core.package_identification:_identify(.) by extensions ['colcon_pkg']
[1.580s] Level 1:colcon.colcon_core.package_identification:_identify(.) by extension 'colcon_pkg'
[1.580s] Level 1:colcon.colcon_core.package_identification:_identify(.) by extensions ['colcon_meta']
[1.580s] Level 1:colcon.colcon_core.package_identification:_identify(.) by extension 'colcon_meta'
[1.581s] Level 1:colcon.colcon_core.package_identification:_identify(.) by extensions ['ros']
[1.581s] Level 1:colcon.colcon_core.package_identification:_identify(.) by extension 'ros'
[1.625s] Level 1:colcon.colcon_core.package_identification:_identify(.) by extensions ['cmake', 'python']
[1.625s] Level 1:colcon.colcon_core.package_identification:_identify(.) by extension 'cmake'
[1.625s] Level 1:colcon.colcon_core.package_identification:_identify(.) by extension 'python'
[1.625s] Level 1:colcon.colcon_core.package_identification:_identify(.) by extensions ['python_setup_py']
[1.626s] Level 1:colcon.colcon_core.package_identification:_identify(.) by extension 'python_setup_py'
[1.626s] Level 1:colcon.colcon_core.package_identification:_identify(build) by extensions ['ignore', 'ignore_ament_install']
[1.627s] Level 1:colcon.colcon_core.package_identification:_identify(build) by extension 'ignore'
[1.627s] Level 1:colcon.colcon_core.package_identification:_identify(build) ignored
[1.627s] Level 1:colcon.colcon_core.package_identification:_identify(install) by extensions ['ignore', 'ignore_ament_install']
[1.628s] Level 1:colcon.colcon_core.package_identification:_identify(install) by extension 'ignore'
[1.628s] Level 1:colcon.colcon_core.package_identification:_identify(install) ignored
[1.629s] Level 1:colcon.colcon_core.package_identification:_identify(log) by extensions ['ignore', 'ignore_ament_install']
[1.629s] Level 1:colcon.colcon_core.package_identification:_identify(log) by extension 'ignore'
[1.629s] Level 1:colcon.colcon_core.package_identification:_identify(log) ignored
[1.630s] Level 1:colcon.colcon_core.package_identification:_identify(src) by extensions ['ignore', 'ignore_ament_install']
[1.630s] Level 1:colcon.colcon_core.package_identification:_identify(src) by extension 'ignore'
[1.630s] Level 1:colcon.colcon_core.package_identification:_identify(src) by extension 'ignore_ament_install'
[1.631s] Level 1:colcon.colcon_core.package_identification:_identify(src) by extensions ['colcon_pkg']
[1.631s] Level 1:colcon.colcon_core.package_identification:_identify(src) by extension 'colcon_pkg'
[1.631s] Level 1:colcon.colcon_core.package_identification:_identify(src) by extensions ['colcon_meta']
[1.631s] Level 1:colcon.colcon_core.package_identification:_identify(src) by extension 'colcon_meta'
[1.631s] Level 1:colcon.colcon_core.package_identification:_identify(src) by extensions ['ros']
[1.631s] Level 1:colcon.colcon_core.package_identification:_identify(src) by extension 'ros'
[1.632s] Level 1:colcon.colcon_core.package_identification:_identify(src) by extensions ['cmake', 'python']
[1.632s] Level 1:colcon.colcon_core.package_identification:_identify(src) by extension 'cmake'
[1.632s] Level 1:colcon.colcon_core.package_identification:_identify(src) by extension 'python'
[1.632s] Level 1:colcon.colcon_core.package_identification:_identify(src) by extensions ['python_setup_py']
[1.632s] Level 1:colcon.colcon_core.package_identification:_identify(src) by extension 'python_setup_py'
[1.633s] Level 1:colcon.colcon_core.package_identification:_identify(src/robot_controller) by extensions ['ignore', 'ignore_ament_install']
[1.633s] Level 1:colcon.colcon_core.package_identification:_identify(src/robot_controller) by extension 'ignore'
[1.633s] Level 1:colcon.colcon_core.package_identification:_identify(src/robot_controller) by extension 'ignore_ament_install'
[1.634s] Level 1:colcon.colcon_core.package_identification:_identify(src/robot_controller) by extensions ['colcon_pkg']
[1.634s] Level 1:colcon.colcon_core.package_identification:_identify(src/robot_controller) by extension 'colcon_pkg'
[1.634s] Level 1:colcon.colcon_core.package_identification:_identify(src/robot_controller) by extensions ['colcon_meta']
[1.634s] Level 1:colcon.colcon_core.package_identification:_identify(src/robot_controller) by extension 'colcon_meta'
[1.634s] Level 1:colcon.colcon_core.package_identification:_identify(src/robot_controller) by extensions ['ros']
[1.634s] Level 1:colcon.colcon_core.package_identification:_identify(src/robot_controller) by extension 'ros'
[1.647s] DEBUG:colcon.colcon_core.package_identification:Package 'src/robot_controller' with type 'ros.ament_python' and name 'robot_controller'
[1.648s] Level 1:colcon.colcon_core.package_identification:_identify(src/robot_interfaces) by extensions ['ignore', 'ignore_ament_install']
[1.648s] Level 1:colcon.colcon_core.package_identification:_identify(src/robot_interfaces) by extension 'ignore'
[1.649s] Level 1:colcon.colcon_core.package_identification:_identify(src/robot_interfaces) by extension 'ignore_ament_install'
[1.649s] Level 1:colcon.colcon_core.package_identification:_identify(src/robot_interfaces) by extensions ['colcon_pkg']
[1.649s] Level 1:colcon.colcon_core.package_identification:_identify(src/robot_interfaces) by extension 'colcon_pkg'
[1.649s] Level 1:colcon.colcon_core.package_identification:_identify(src/robot_interfaces) by extensions ['colcon_meta']
[1.649s] Level 1:colcon.colcon_core.package_identification:_identify(src/robot_interfaces) by extension 'colcon_meta'
[1.650s] Level 1:colcon.colcon_core.package_identification:_identify(src/robot_interfaces) by extensions ['ros']
[1.650s] Level 1:colcon.colcon_core.package_identification:_identify(src/robot_interfaces) by extension 'ros'
[1.652s] DEBUG:colcon.colcon_core.package_identification:Package 'src/robot_interfaces' with type 'ros.ament_cmake' and name 'robot_interfaces'
[1.652s] Level 1:colcon.colcon_core.package_identification:_identify(src/robot_launch) by extensions ['ignore', 'ignore_ament_install']
[1.653s] Level 1:colcon.colcon_core.package_identification:_identify(src/robot_launch) by extension 'ignore'
[1.653s] Level 1:colcon.colcon_core.package_identification:_identify(src/robot_launch) by extension 'ignore_ament_install'
[1.653s] Level 1:colcon.colcon_core.package_identification:_identify(src/robot_launch) by extensions ['colcon_pkg']
[1.654s] Level 1:colcon.colcon_core.package_identification:_identify(src/robot_launch) by extension 'colcon_pkg'
[1.654s] Level 1:colcon.colcon_core.package_identification:_identify(src/robot_launch) by extensions ['colcon_meta']
[1.654s] Level 1:colcon.colcon_core.package_identification:_identify(src/robot_launch) by extension 'colcon_meta'
[1.654s] Level 1:colcon.colcon_core.package_identification:_identify(src/robot_launch) by extensions ['ros']
[1.654s] Level 1:colcon.colcon_core.package_identification:_identify(src/robot_launch) by extension 'ros'
[1.656s] DEBUG:colcon.colcon_core.package_identification:Package 'src/robot_launch' with type 'ros.ament_cmake' and name 'robot_launch'
[1.656s] Level 1:colcon.colcon_core.package_discovery:discover_packages(recursive) using defaults
[1.657s] Level 1:colcon.colcon_core.package_discovery:discover_packages(ignore) discover
[1.657s] Level 1:colcon.colcon_core.package_discovery:discover_packages(ignore) using defaults
[1.657s] Level 1:colcon.colcon_core.package_discovery:discover_packages(path) discover
[1.657s] Level 1:colcon.colcon_core.package_discovery:discover_packages(path) using defaults
[1.753s] Level 1:colcon.colcon_core.package_discovery:discover_packages(prefix_path) check parameters
[1.753s] Level 1:colcon.colcon_core.package_discovery:discover_packages(prefix_path) discover
[1.765s] DEBUG:colcon.colcon_installed_package_information.package_discovery:Found 3 installed packages in /home/rpi-team11/ECE4191G11/ROS_Pi/install
[1.776s] DEBUG:colcon.colcon_installed_package_information.package_discovery:Found 270 installed packages in /opt/ros/humble
[1.783s] Level 1:colcon.colcon_core.package_discovery:discover_packages(prefix_path) using defaults
[2.042s] Level 5:colcon.colcon_core.verb:set package 'robot_interfaces' build argument 'cmake_args' from command line to 'None'
[2.042s] Level 5:colcon.colcon_core.verb:set package 'robot_interfaces' build argument 'cmake_target' from command line to 'None'
[2.042s] Level 5:colcon.colcon_core.verb:set package 'robot_interfaces' build argument 'cmake_target_skip_unavailable' from command line to 'False'
[2.043s] Level 5:colcon.colcon_core.verb:set package 'robot_interfaces' build argument 'cmake_clean_cache' from command line to 'False'
[2.043s] Level 5:colcon.colcon_core.verb:set package 'robot_interfaces' build argument 'cmake_clean_first' from command line to 'False'
[2.043s] Level 5:colcon.colcon_core.verb:set package 'robot_interfaces' build argument 'cmake_force_configure' from command line to 'False'
[2.043s] Level 5:colcon.colcon_core.verb:set package 'robot_interfaces' build argument 'ament_cmake_args' from command line to 'None'
[2.043s] Level 5:colcon.colcon_core.verb:set package 'robot_interfaces' build argument 'catkin_cmake_args' from command line to 'None'
[2.043s] Level 5:colcon.colcon_core.verb:set package 'robot_interfaces' build argument 'catkin_skip_building_tests' from command line to 'False'
[2.043s] DEBUG:colcon.colcon_core.verb:Building package 'robot_interfaces' with the following arguments: {'ament_cmake_args': None, 'build_base': '/home/rpi-team11/ECE4191G11/ROS_Pi/build/robot_interfaces', 'catkin_cmake_args': None, 'catkin_skip_building_tests': False, 'cmake_args': None, 'cmake_clean_cache': False, 'cmake_clean_first': False, 'cmake_force_configure': False, 'cmake_target': None, 'cmake_target_skip_unavailable': False, 'install_base': '/home/rpi-team11/ECE4191G11/ROS_Pi/install/robot_interfaces', 'merge_install': False, 'path': '/home/rpi-team11/ECE4191G11/ROS_Pi/src/robot_interfaces', 'symlink_install': False, 'test_result_base': None}
[2.047s] Level 5:colcon.colcon_core.verb:set package 'robot_controller' build argument 'cmake_args' from command line to 'None'
[2.048s] Level 5:colcon.colcon_core.verb:set package 'robot_controller' build argument 'cmake_target' from command line to 'None'
[2.048s] Level 5:colcon.colcon_core.verb:set package 'robot_controller' build argument 'cmake_target_skip_unavailable' from command line to 'False'
[2.048s] Level 5:colcon.colcon_core.verb:set package 'robot_controller' build argument 'cmake_clean_cache' from command line to 'False'
[2.048s] Level 5:colcon.colcon_core.verb:set package 'robot_controller' build argument 'cmake_clean_first' from command line to 'False'
[2.048s] Level 5:colcon.colcon_core.verb:set package 'robot_controller' build argument 'cmake_force_configure' from command line to 'False'
[2.048s] Level 5:colcon.colcon_core.verb:set package 'robot_controller' build argument 'ament_cmake_args' from command line to 'None'
[2.048s] Level 5:colcon.colcon_core.verb:set package 'robot_controller' build argument 'catkin_cmake_args' from command line to 'None'
[2.049s] Level 5:colcon.colcon_core.verb:set package 'robot_controller' build argument 'catkin_skip_building_tests' from command line to 'False'
[2.049s] DEBUG:colcon.colcon_core.verb:Building package 'robot_controller' with the following arguments: {'ament_cmake_args': None, 'build_base': '/home/rpi-team11/ECE4191G11/ROS_Pi/build/robot_controller', 'catkin_cmake_args': None, 'catkin_skip_building_tests': False, 'cmake_args': None, 'cmake_clean_cache': False, 'cmake_clean_first': False, 'cmake_force_configure': False, 'cmake_target': None, 'cmake_target_skip_unavailable': False, 'install_base': '/home/rpi-team11/ECE4191G11/ROS_Pi/install/robot_controller', 'merge_install': False, 'path': '/home/rpi-team11/ECE4191G11/ROS_Pi/src/robot_controller', 'symlink_install': False, 'test_result_base': None}
[2.053s] Level 5:colcon.colcon_core.verb:set package 'robot_launch' build argument 'cmake_args' from command line to 'None'
[2.053s] Level 5:colcon.colcon_core.verb:set package 'robot_launch' build argument 'cmake_target' from command line to 'None'
[2.053s] Level 5:colcon.colcon_core.verb:set package 'robot_launch' build argument 'cmake_target_skip_unavailable' from command line to 'False'
[2.053s] Level 5:colcon.colcon_core.verb:set package 'robot_launch' build argument 'cmake_clean_cache' from command line to 'False'
[2.053s] Level 5:colcon.colcon_core.verb:set package 'robot_launch' build argument 'cmake_clean_first' from command line to 'False'
[2.053s] Level 5:colcon.colcon_core.verb:set package 'robot_launch' build argument 'cmake_force_configure' from command line to 'False'
[2.054s] Level 5:colcon.colcon_core.verb:set package 'robot_launch' build argument 'ament_cmake_args' from command line to 'None'
[2.054s] Level 5:colcon.colcon_core.verb:set package 'robot_launch' build argument 'catkin_cmake_args' from command line to 'None'
[2.054s] Level 5:colcon.colcon_core.verb:set package 'robot_launch' build argument 'catkin_skip_building_tests' from command line to 'False'
[2.054s] DEBUG:colcon.colcon_core.verb:Building package 'robot_launch' with the following arguments: {'ament_cmake_args': None, 'build_base': '/home/rpi-team11/ECE4191G11/ROS_Pi/build/robot_launch', 'catkin_cmake_args': None, 'catkin_skip_building_tests': False, 'cmake_args': None, 'cmake_clean_cache': False, 'cmake_clean_first': False, 'cmake_force_configure': False, 'cmake_target': None, 'cmake_target_skip_unavailable': False, 'install_base': '/home/rpi-team11/ECE4191G11/ROS_Pi/install/robot_launch', 'merge_install': False, 'path': '/home/rpi-team11/ECE4191G11/ROS_Pi/src/robot_launch', 'symlink_install': False, 'test_result_base': None}
[2.057s] INFO:colcon.colcon_core.executor:Executing jobs using 'parallel' executor
[2.069s] DEBUG:colcon.colcon_parallel_executor.executor.parallel:run_until_complete
[2.070s] INFO:colcon.colcon_ros.task.ament_cmake.build:Building ROS package in '/home/rpi-team11/ECE4191G11/ROS_Pi/src/robot_interfaces' with build type 'ament_cmake'
[2.071s] INFO:colcon.colcon_cmake.task.cmake.build:Building CMake package in '/home/rpi-team11/ECE4191G11/ROS_Pi/src/robot_interfaces'
[2.088s] INFO:colcon.colcon_core.plugin_system:Skipping extension 'colcon_core.shell.bat': Not used on non-Windows systems
[2.089s] INFO:colcon.colcon_core.shell:Skip shell extension 'powershell' for command environment: Not usable outside of PowerShell
[2.090s] DEBUG:colcon.colcon_core.shell:Skip shell extension 'dsv' for command environment
[2.133s] DEBUG:colcon.colcon_core.event_handler.log_command:Invoking command in '/home/rpi-team11/ECE4191G11/ROS_Pi/build/robot_interfaces': CMAKE_PREFIX_PATH=${CMAKE_PREFIX_PATH}:/home/rpi-team11/ECE4191G11/ROS_Pi/install/robot_controller:/opt/ros/humble /usr/bin/cmake --build /home/rpi-team11/ECE4191G11/ROS_Pi/build/robot_interfaces -- -j4 -l4
[3.971s] DEBUG:colcon.colcon_core.event_handler.log_command:Invoked command in '/home/rpi-team11/ECE4191G11/ROS_Pi/build/robot_interfaces' returned '0': CMAKE_PREFIX_PATH=${CMAKE_PREFIX_PATH}:/home/rpi-team11/ECE4191G11/ROS_Pi/install/robot_controller:/opt/ros/humble /usr/bin/cmake --build /home/rpi-team11/ECE4191G11/ROS_Pi/build/robot_interfaces -- -j4 -l4
[5.323s] DEBUG:colcon.colcon_core.event_handler.log_command:Invoking command in '/home/rpi-team11/ECE4191G11/ROS_Pi/build/robot_interfaces': CMAKE_PREFIX_PATH=${CMAKE_PREFIX_PATH}:/home/rpi-team11/ECE4191G11/ROS_Pi/install/robot_controller:/opt/ros/humble /usr/bin/cmake --install /home/rpi-team11/ECE4191G11/ROS_Pi/build/robot_interfaces
[5.644s] Level 1:colcon.colcon_core.environment:create_environment_scripts_only(robot_interfaces)
[5.647s] DEBUG:colcon.colcon_core.event_handler.log_command:Invoked command in '/home/rpi-team11/ECE4191G11/ROS_Pi/build/robot_interfaces' returned '0': CMAKE_PREFIX_PATH=${CMAKE_PREFIX_PATH}:/home/rpi-team11/ECE4191G11/ROS_Pi/install/robot_controller:/opt/ros/humble /usr/bin/cmake --install /home/rpi-team11/ECE4191G11/ROS_Pi/build/robot_interfaces
[5.665s] Level 1:colcon.colcon_core.environment:checking '/home/rpi-team11/ECE4191G11/ROS_Pi/install/robot_interfaces' for CMake module files
[5.670s] Level 1:colcon.colcon_core.environment:checking '/home/rpi-team11/ECE4191G11/ROS_Pi/install/robot_interfaces' for CMake config files
[5.676s] Level 1:colcon.colcon_core.shell:create_environment_hook('robot_interfaces', 'cmake_prefix_path')
[5.681s] INFO:colcon.colcon_core.shell:Creating environment hook '/home/rpi-team11/ECE4191G11/ROS_Pi/install/robot_interfaces/share/robot_interfaces/hook/cmake_prefix_path.ps1'
[5.683s] INFO:colcon.colcon_core.shell:Creating environment descriptor '/home/rpi-team11/ECE4191G11/ROS_Pi/install/robot_interfaces/share/robot_interfaces/hook/cmake_prefix_path.dsv'
[5.685s] INFO:colcon.colcon_core.shell:Creating environment hook '/home/rpi-team11/ECE4191G11/ROS_Pi/install/robot_interfaces/share/robot_interfaces/hook/cmake_prefix_path.sh'
[5.689s] Level 1:colcon.colcon_core.environment:checking '/home/rpi-team11/ECE4191G11/ROS_Pi/install/robot_interfaces/lib'
[5.690s] Level 1:colcon.colcon_core.shell:create_environment_hook('robot_interfaces', 'ld_library_path_lib')
[5.695s] INFO:colcon.colcon_core.shell:Creating environment hook '/home/rpi-team11/ECE4191G11/ROS_Pi/install/robot_interfaces/share/robot_interfaces/hook/ld_library_path_lib.ps1'
[5.697s] INFO:colcon.colcon_core.shell:Creating environment descriptor '/home/rpi-team11/ECE4191G11/ROS_Pi/install/robot_interfaces/share/robot_interfaces/hook/ld_library_path_lib.dsv'
[5.699s] INFO:colcon.colcon_core.shell:Creating environment hook '/home/rpi-team11/ECE4191G11/ROS_Pi/install/robot_interfaces/share/robot_interfaces/hook/ld_library_path_lib.sh'
[5.701s] Level 1:colcon.colcon_core.environment:checking '/home/rpi-team11/ECE4191G11/ROS_Pi/install/robot_interfaces/bin'
[5.701s] Level 1:colcon.colcon_core.environment:checking '/home/rpi-team11/ECE4191G11/ROS_Pi/install/robot_interfaces/lib/pkgconfig/robot_interfaces.pc'
[5.702s] Level 1:colcon.colcon_core.environment:checking '/home/rpi-team11/ECE4191G11/ROS_Pi/install/robot_interfaces/lib/python3.10/site-packages'
[5.703s] Level 1:colcon.colcon_core.environment:checking '/home/rpi-team11/ECE4191G11/ROS_Pi/install/robot_interfaces/bin'
[5.709s] INFO:colcon.colcon_core.shell:Creating package script '/home/rpi-team11/ECE4191G11/ROS_Pi/install/robot_interfaces/share/robot_interfaces/package.ps1'
[5.712s] INFO:colcon.colcon_core.shell:Creating package descriptor '/home/rpi-team11/ECE4191G11/ROS_Pi/install/robot_interfaces/share/robot_interfaces/package.dsv'
[5.715s] INFO:colcon.colcon_core.shell:Creating package script '/home/rpi-team11/ECE4191G11/ROS_Pi/install/robot_interfaces/share/robot_interfaces/package.sh'
[5.718s] INFO:colcon.colcon_core.shell:Creating package script '/home/rpi-team11/ECE4191G11/ROS_Pi/install/robot_interfaces/share/robot_interfaces/package.bash'
[5.721s] INFO:colcon.colcon_core.shell:Creating package script '/home/rpi-team11/ECE4191G11/ROS_Pi/install/robot_interfaces/share/robot_interfaces/package.zsh'
[5.725s] Level 1:colcon.colcon_core.environment:create_file_with_runtime_dependencies(/home/rpi-team11/ECE4191G11/ROS_Pi/install/robot_interfaces/share/colcon-core/packages/robot_interfaces)
[7.003s] Level 1:colcon.colcon_core.environment:create_environment_scripts_only(robot_interfaces)
[7.012s] Level 1:colcon.colcon_core.environment:checking '/home/rpi-team11/ECE4191G11/ROS_Pi/install/robot_interfaces' for CMake module files
[7.016s] Level 1:colcon.colcon_core.environment:checking '/home/rpi-team11/ECE4191G11/ROS_Pi/install/robot_interfaces' for CMake config files
[7.022s] Level 1:colcon.colcon_core.shell:create_environment_hook('robot_interfaces', 'cmake_prefix_path')
[7.027s] INFO:colcon.colcon_core.shell:Creating environment hook '/home/rpi-team11/ECE4191G11/ROS_Pi/install/robot_interfaces/share/robot_interfaces/hook/cmake_prefix_path.ps1'
[7.029s] INFO:colcon.colcon_core.shell:Creating environment descriptor '/home/rpi-team11/ECE4191G11/ROS_Pi/install/robot_interfaces/share/robot_interfaces/hook/cmake_prefix_path.dsv'
[7.031s] INFO:colcon.colcon_core.shell:Creating environment hook '/home/rpi-team11/ECE4191G11/ROS_Pi/install/robot_interfaces/share/robot_interfaces/hook/cmake_prefix_path.sh'
[7.034s] Level 1:colcon.colcon_core.environment:checking '/home/rpi-team11/ECE4191G11/ROS_Pi/install/robot_interfaces/lib'
[7.034s] Level 1:colcon.colcon_core.shell:create_environment_hook('robot_interfaces', 'ld_library_path_lib')
[7.039s] INFO:colcon.colcon_core.shell:Creating environment hook '/home/rpi-team11/ECE4191G11/ROS_Pi/install/robot_interfaces/share/robot_interfaces/hook/ld_library_path_lib.ps1'
[7.041s] INFO:colcon.colcon_core.shell:Creating environment descriptor '/home/rpi-team11/ECE4191G11/ROS_Pi/install/robot_interfaces/share/robot_interfaces/hook/ld_library_path_lib.dsv'
[7.043s] INFO:colcon.colcon_core.shell:Creating environment hook '/home/rpi-team11/ECE4191G11/ROS_Pi/install/robot_interfaces/share/robot_interfaces/hook/ld_library_path_lib.sh'
[7.045s] Level 1:colcon.colcon_core.environment:checking '/home/rpi-team11/ECE4191G11/ROS_Pi/install/robot_interfaces/bin'
[7.046s] Level 1:colcon.colcon_core.environment:checking '/home/rpi-team11/ECE4191G11/ROS_Pi/install/robot_interfaces/lib/pkgconfig/robot_interfaces.pc'
[7.047s] Level 1:colcon.colcon_core.environment:checking '/home/rpi-team11/ECE4191G11/ROS_Pi/install/robot_interfaces/lib/python3.10/site-packages'
[7.047s] Level 1:colcon.colcon_core.environment:checking '/home/rpi-team11/ECE4191G11/ROS_Pi/install/robot_interfaces/bin'
[7.053s] INFO:colcon.colcon_core.shell:Creating package script '/home/rpi-team11/ECE4191G11/ROS_Pi/install/robot_interfaces/share/robot_interfaces/package.ps1'
[7.056s] INFO:colcon.colcon_core.shell:Creating package descriptor '/home/rpi-team11/ECE4191G11/ROS_Pi/install/robot_interfaces/share/robot_interfaces/package.dsv'
[7.059s] INFO:colcon.colcon_core.shell:Creating package script '/home/rpi-team11/ECE4191G11/ROS_Pi/install/robot_interfaces/share/robot_interfaces/package.sh'
[7.061s] INFO:colcon.colcon_core.shell:Creating package script '/home/rpi-team11/ECE4191G11/ROS_Pi/install/robot_interfaces/share/robot_interfaces/package.bash'
[7.063s] INFO:colcon.colcon_core.shell:Creating package script '/home/rpi-team11/ECE4191G11/ROS_Pi/install/robot_interfaces/share/robot_interfaces/package.zsh'
[7.065s] Level 1:colcon.colcon_core.environment:create_file_with_runtime_dependencies(/home/rpi-team11/ECE4191G11/ROS_Pi/install/robot_interfaces/share/colcon-core/packages/robot_interfaces)
[7.067s] INFO:colcon.colcon_ros.task.ament_python.build:Building ROS package in '/home/rpi-team11/ECE4191G11/ROS_Pi/src/robot_controller' with build type 'ament_python'
[7.068s] Level 1:colcon.colcon_core.shell:create_environment_hook('robot_controller', 'ament_prefix_path')
[7.075s] INFO:colcon.colcon_core.shell:Creating environment hook '/home/rpi-team11/ECE4191G11/ROS_Pi/install/robot_controller/share/robot_controller/hook/ament_prefix_path.ps1'
[7.078s] INFO:colcon.colcon_core.shell:Creating environment descriptor '/home/rpi-team11/ECE4191G11/ROS_Pi/install/robot_controller/share/robot_controller/hook/ament_prefix_path.dsv'
[7.081s] INFO:colcon.colcon_core.shell:Creating environment hook '/home/rpi-team11/ECE4191G11/ROS_Pi/install/robot_controller/share/robot_controller/hook/ament_prefix_path.sh'
[7.090s] INFO:colcon.colcon_core.shell:Skip shell extension 'powershell' for command environment: Not usable outside of PowerShell
[7.090s] DEBUG:colcon.colcon_core.shell:Skip shell extension 'dsv' for command environment
[8.351s] INFO:colcon.colcon_core.task.python.build:Building Python package in '/home/rpi-team11/ECE4191G11/ROS_Pi/src/robot_controller'
[8.356s] INFO:colcon.colcon_core.shell:Skip shell extension 'powershell' for command environment: Not usable outside of PowerShell
[8.356s] DEBUG:colcon.colcon_core.shell:Skip shell extension 'dsv' for command environment
[10.099s] DEBUG:colcon.colcon_core.event_handler.log_command:Invoking command in '/home/rpi-team11/ECE4191G11/ROS_Pi/src/robot_controller': CMAKE_PREFIX_PATH=/home/rpi-team11/ECE4191G11/ROS_Pi/install/robot_interfaces:/home/rpi-team11/ECE4191G11/ROS_Pi/install/robot_launch PYTHONPATH=/home/rpi-team11/ECE4191G11/ROS_Pi/build/robot_controller/prefix_override:/home/rpi-team11/ECE4191G11/ROS_Pi/install/robot_controller/lib/python3.10/site-packages:${PYTHONPATH} /usr/bin/python3 setup.py egg_info --egg-base ../../build/robot_controller build --build-base /home/rpi-team11/ECE4191G11/ROS_Pi/build/robot_controller/build install --record /home/rpi-team11/ECE4191G11/ROS_Pi/build/robot_controller/install.log --single-version-externally-managed
[11.492s] Level 1:colcon.colcon_core.environment:checking '/home/rpi-team11/ECE4191G11/ROS_Pi/install/robot_controller' for CMake module files
[11.494s] DEBUG:colcon.colcon_core.event_handler.log_command:Invoked command in '/home/rpi-team11/ECE4191G11/ROS_Pi/src/robot_controller' returned '0': CMAKE_PREFIX_PATH=/home/rpi-team11/ECE4191G11/ROS_Pi/install/robot_interfaces:/home/rpi-team11/ECE4191G11/ROS_Pi/install/robot_launch PYTHONPATH=/home/rpi-team11/ECE4191G11/ROS_Pi/build/robot_controller/prefix_override:/home/rpi-team11/ECE4191G11/ROS_Pi/install/robot_controller/lib/python3.10/site-packages:${PYTHONPATH} /usr/bin/python3 setup.py egg_info --egg-base ../../build/robot_controller build --build-base /home/rpi-team11/ECE4191G11/ROS_Pi/build/robot_controller/build install --record /home/rpi-team11/ECE4191G11/ROS_Pi/build/robot_controller/install.log --single-version-externally-managed
[11.497s] Level 1:colcon.colcon_core.environment:checking '/home/rpi-team11/ECE4191G11/ROS_Pi/install/robot_controller' for CMake config files
[11.501s] Level 1:colcon.colcon_core.environment:checking '/home/rpi-team11/ECE4191G11/ROS_Pi/install/robot_controller/lib'
[11.502s] Level 1:colcon.colcon_core.environment:checking '/home/rpi-team11/ECE4191G11/ROS_Pi/install/robot_controller/bin'
[11.502s] Level 1:colcon.colcon_core.environment:checking '/home/rpi-team11/ECE4191G11/ROS_Pi/install/robot_controller/lib/pkgconfig/robot_controller.pc'
[11.503s] Level 1:colcon.colcon_core.environment:checking '/home/rpi-team11/ECE4191G11/ROS_Pi/install/robot_controller/lib/python3.10/site-packages'
[11.504s] Level 1:colcon.colcon_core.shell:create_environment_hook('robot_controller', 'pythonpath')
[11.509s] INFO:colcon.colcon_core.shell:Creating environment hook '/home/rpi-team11/ECE4191G11/ROS_Pi/install/robot_controller/share/robot_controller/hook/pythonpath.ps1'
[11.512s] INFO:colcon.colcon_core.shell:Creating environment descriptor '/home/rpi-team11/ECE4191G11/ROS_Pi/install/robot_controller/share/robot_controller/hook/pythonpath.dsv'
[11.514s] INFO:colcon.colcon_core.shell:Creating environment hook '/home/rpi-team11/ECE4191G11/ROS_Pi/install/robot_controller/share/robot_controller/hook/pythonpath.sh'
[11.517s] Level 1:colcon.colcon_core.environment:checking '/home/rpi-team11/ECE4191G11/ROS_Pi/install/robot_controller/bin'
[11.518s] Level 1:colcon.colcon_core.environment:create_environment_scripts_only(robot_controller)
[11.524s] INFO:colcon.colcon_core.shell:Creating package script '/home/rpi-team11/ECE4191G11/ROS_Pi/install/robot_controller/share/robot_controller/package.ps1'
[11.527s] INFO:colcon.colcon_core.shell:Creating package descriptor '/home/rpi-team11/ECE4191G11/ROS_Pi/install/robot_controller/share/robot_controller/package.dsv'
[11.530s] INFO:colcon.colcon_core.shell:Creating package script '/home/rpi-team11/ECE4191G11/ROS_Pi/install/robot_controller/share/robot_controller/package.sh'
[11.533s] INFO:colcon.colcon_core.shell:Creating package script '/home/rpi-team11/ECE4191G11/ROS_Pi/install/robot_controller/share/robot_controller/package.bash'
[11.535s] INFO:colcon.colcon_core.shell:Creating package script '/home/rpi-team11/ECE4191G11/ROS_Pi/install/robot_controller/share/robot_controller/package.zsh'
[11.538s] Level 1:colcon.colcon_core.environment:create_file_with_runtime_dependencies(/home/rpi-team11/ECE4191G11/ROS_Pi/install/robot_controller/share/colcon-core/packages/robot_controller)
[11.539s] INFO:colcon.colcon_ros.task.ament_cmake.build:Building ROS package in '/home/rpi-team11/ECE4191G11/ROS_Pi/src/robot_launch' with build type 'ament_cmake'
[11.540s] INFO:colcon.colcon_cmake.task.cmake.build:Building CMake package in '/home/rpi-team11/ECE4191G11/ROS_Pi/src/robot_launch'
[11.545s] INFO:colcon.colcon_core.shell:Skip shell extension 'powershell' for command environment: Not usable outside of PowerShell
[11.546s] DEBUG:colcon.colcon_core.shell:Skip shell extension 'dsv' for command environment
[11.608s] DEBUG:colcon.colcon_core.event_handler.log_command:Invoking command in '/home/rpi-team11/ECE4191G11/ROS_Pi/build/robot_launch': AMENT_PREFIX_PATH=/home/rpi-team11/ECE4191G11/ROS_Pi/install/robot_controller:/home/rpi-team11/ECE4191G11/ROS_Pi/install/robot_launch:/home/rpi-team11/ECE4191G11/ROS_Pi/install/robot_interfaces:/opt/ros/humble CMAKE_PREFIX_PATH=/home/rpi-team11/ECE4191G11/ROS_Pi/install/robot_interfaces:/home/rpi-team11/ECE4191G11/ROS_Pi/install/robot_launch:/home/rpi-team11/ECE4191G11/ROS_Pi/install/robot_controller:/opt/ros/humble /usr/bin/cmake --build /home/rpi-team11/ECE4191G11/ROS_Pi/build/robot_launch -- -j4 -l4
[11.749s] DEBUG:colcon.colcon_core.event_handler.log_command:Invoked command in '/home/rpi-team11/ECE4191G11/ROS_Pi/build/robot_launch' returned '0': AMENT_PREFIX_PATH=/home/rpi-team11/ECE4191G11/ROS_Pi/install/robot_controller:/home/rpi-team11/ECE4191G11/ROS_Pi/install/robot_launch:/home/rpi-team11/ECE4191G11/ROS_Pi/install/robot_interfaces:/opt/ros/humble CMAKE_PREFIX_PATH=/home/rpi-team11/ECE4191G11/ROS_Pi/install/robot_interfaces:/home/rpi-team11/ECE4191G11/ROS_Pi/install/robot_launch:/home/rpi-team11/ECE4191G11/ROS_Pi/install/robot_controller:/opt/ros/humble /usr/bin/cmake --build /home/rpi-team11/ECE4191G11/ROS_Pi/build/robot_launch -- -j4 -l4
[11.868s] DEBUG:colcon.colcon_core.event_handler.log_command:Invoking command in '/home/rpi-team11/ECE4191G11/ROS_Pi/build/robot_launch': AMENT_PREFIX_PATH=/home/rpi-team11/ECE4191G11/ROS_Pi/install/robot_controller:/home/rpi-team11/ECE4191G11/ROS_Pi/install/robot_launch:/home/rpi-team11/ECE4191G11/ROS_Pi/install/robot_interfaces:/opt/ros/humble CMAKE_PREFIX_PATH=/home/rpi-team11/ECE4191G11/ROS_Pi/install/robot_interfaces:/home/rpi-team11/ECE4191G11/ROS_Pi/install/robot_launch:/home/rpi-team11/ECE4191G11/ROS_Pi/install/robot_controller:/opt/ros/humble /usr/bin/cmake --install /home/rpi-team11/ECE4191G11/ROS_Pi/build/robot_launch
[11.906s] Level 1:colcon.colcon_core.environment:create_environment_scripts_only(robot_launch)
[11.914s] Level 1:colcon.colcon_core.environment:checking '/home/rpi-team11/ECE4191G11/ROS_Pi/install/robot_launch' for CMake module files
[11.915s] DEBUG:colcon.colcon_core.event_handler.log_command:Invoked command in '/home/rpi-team11/ECE4191G11/ROS_Pi/build/robot_launch' returned '0': AMENT_PREFIX_PATH=/home/rpi-team11/ECE4191G11/ROS_Pi/install/robot_controller:/home/rpi-team11/ECE4191G11/ROS_Pi/install/robot_launch:/home/rpi-team11/ECE4191G11/ROS_Pi/install/robot_interfaces:/opt/ros/humble CMAKE_PREFIX_PATH=/home/rpi-team11/ECE4191G11/ROS_Pi/install/robot_interfaces:/home/rpi-team11/ECE4191G11/ROS_Pi/install/robot_launch:/home/rpi-team11/ECE4191G11/ROS_Pi/install/robot_controller:/opt/ros/humble /usr/bin/cmake --install /home/rpi-team11/ECE4191G11/ROS_Pi/build/robot_launch
[11.918s] Level 1:colcon.colcon_core.environment:checking '/home/rpi-team11/ECE4191G11/ROS_Pi/install/robot_launch' for CMake config files
[11.920s] Level 1:colcon.colcon_core.shell:create_environment_hook('robot_launch', 'cmake_prefix_path')
[11.925s] INFO:colcon.colcon_core.shell:Creating environment hook '/home/rpi-team11/ECE4191G11/ROS_Pi/install/robot_launch/share/robot_launch/hook/cmake_prefix_path.ps1'
[11.927s] INFO:colcon.colcon_core.shell:Creating environment descriptor '/home/rpi-team11/ECE4191G11/ROS_Pi/install/robot_launch/share/robot_launch/hook/cmake_prefix_path.dsv'
[11.929s] INFO:colcon.colcon_core.shell:Creating environment hook '/home/rpi-team11/ECE4191G11/ROS_Pi/install/robot_launch/share/robot_launch/hook/cmake_prefix_path.sh'
[11.931s] Level 1:colcon.colcon_core.environment:checking '/home/rpi-team11/ECE4191G11/ROS_Pi/install/robot_launch/bin'
[11.932s] Level 1:colcon.colcon_core.environment:checking '/home/rpi-team11/ECE4191G11/ROS_Pi/install/robot_launch/lib/pkgconfig/robot_launch.pc'
[11.933s] Level 1:colcon.colcon_core.environment:checking '/home/rpi-team11/ECE4191G11/ROS_Pi/install/robot_launch/lib/python3.10/site-packages'
[11.934s] Level 1:colcon.colcon_core.environment:checking '/home/rpi-team11/ECE4191G11/ROS_Pi/install/robot_launch/bin'
[11.939s] INFO:colcon.colcon_core.shell:Creating package script '/home/rpi-team11/ECE4191G11/ROS_Pi/install/robot_launch/share/robot_launch/package.ps1'
[11.942s] INFO:colcon.colcon_core.shell:Creating package descriptor '/home/rpi-team11/ECE4191G11/ROS_Pi/install/robot_launch/share/robot_launch/package.dsv'
[11.944s] INFO:colcon.colcon_core.shell:Creating package script '/home/rpi-team11/ECE4191G11/ROS_Pi/install/robot_launch/share/robot_launch/package.sh'
[11.946s] INFO:colcon.colcon_core.shell:Creating package script '/home/rpi-team11/ECE4191G11/ROS_Pi/install/robot_launch/share/robot_launch/package.bash'
[11.947s] INFO:colcon.colcon_core.shell:Creating package script '/home/rpi-team11/ECE4191G11/ROS_Pi/install/robot_launch/share/robot_launch/package.zsh'
[11.950s] Level 1:colcon.colcon_core.environment:create_file_with_runtime_dependencies(/home/rpi-team11/ECE4191G11/ROS_Pi/install/robot_launch/share/colcon-core/packages/robot_launch)
[12.066s] Level 1:colcon.colcon_core.environment:create_environment_scripts_only(robot_launch)
[12.076s] Level 1:colcon.colcon_core.environment:checking '/home/rpi-team11/ECE4191G11/ROS_Pi/install/robot_launch' for CMake module files
[12.079s] Level 1:colcon.colcon_core.environment:checking '/home/rpi-team11/ECE4191G11/ROS_Pi/install/robot_launch' for CMake config files
[12.081s] Level 1:colcon.colcon_core.shell:create_environment_hook('robot_launch', 'cmake_prefix_path')
[12.086s] INFO:colcon.colcon_core.shell:Creating environment hook '/home/rpi-team11/ECE4191G11/ROS_Pi/install/robot_launch/share/robot_launch/hook/cmake_prefix_path.ps1'
[12.088s] INFO:colcon.colcon_core.shell:Creating environment descriptor '/home/rpi-team11/ECE4191G11/ROS_Pi/install/robot_launch/share/robot_launch/hook/cmake_prefix_path.dsv'
[12.089s] INFO:colcon.colcon_core.shell:Creating environment hook '/home/rpi-team11/ECE4191G11/ROS_Pi/install/robot_launch/share/robot_launch/hook/cmake_prefix_path.sh'
[12.092s] Level 1:colcon.colcon_core.environment:checking '/home/rpi-team11/ECE4191G11/ROS_Pi/install/robot_launch/bin'
[12.092s] Level 1:colcon.colcon_core.environment:checking '/home/rpi-team11/ECE4191G11/ROS_Pi/install/robot_launch/lib/pkgconfig/robot_launch.pc'
[12.093s] Level 1:colcon.colcon_core.environment:checking '/home/rpi-team11/ECE4191G11/ROS_Pi/install/robot_launch/lib/python3.10/site-packages'
[12.094s] Level 1:colcon.colcon_core.environment:checking '/home/rpi-team11/ECE4191G11/ROS_Pi/install/robot_launch/bin'
[12.099s] INFO:colcon.colcon_core.shell:Creating package script '/home/rpi-team11/ECE4191G11/ROS_Pi/install/robot_launch/share/robot_launch/package.ps1'
[12.102s] INFO:colcon.colcon_core.shell:Creating package descriptor '/home/rpi-team11/ECE4191G11/ROS_Pi/install/robot_launch/share/robot_launch/package.dsv'
[12.104s] INFO:colcon.colcon_core.shell:Creating package script '/home/rpi-team11/ECE4191G11/ROS_Pi/install/robot_launch/share/robot_launch/package.sh'
[12.107s] INFO:colcon.colcon_core.shell:Creating package script '/home/rpi-team11/ECE4191G11/ROS_Pi/install/robot_launch/share/robot_launch/package.bash'
[12.108s] INFO:colcon.colcon_core.shell:Creating package script '/home/rpi-team11/ECE4191G11/ROS_Pi/install/robot_launch/share/robot_launch/package.zsh'
[12.111s] Level 1:colcon.colcon_core.environment:create_file_with_runtime_dependencies(/home/rpi-team11/ECE4191G11/ROS_Pi/install/robot_launch/share/colcon-core/packages/robot_launch)
[12.112s] DEBUG:colcon.colcon_parallel_executor.executor.parallel:closing loop
[12.113s] DEBUG:colcon.colcon_parallel_executor.executor.parallel:loop closed
[12.113s] DEBUG:colcon.colcon_parallel_executor.executor.parallel:run_until_complete finished with '0'
[12.114s] DEBUG:colcon.colcon_core.event_reactor:joining thread
[12.138s] INFO:colcon.colcon_core.plugin_system:Skipping extension 'colcon_notification.desktop_notification.notify_send': Could not find 'notify-send'
[12.138s] INFO:colcon.colcon_core.plugin_system:Skipping extension 'colcon_notification.desktop_notification.terminal_notifier': Not used on non-Darwin systems
[12.138s] INFO:colcon.colcon_core.plugin_system:Skipping extension 'colcon_notification.desktop_notification.win32': Not used on non-Windows systems
[12.139s] INFO:colcon.colcon_notification.desktop_notification:Sending desktop notification using 'notify2'
[12.141s] DEBUG:colcon.colcon_notification.desktop_notification.notify2:Failed to initialize notify2: org.freedesktop.DBus.Error.ServiceUnknown: The name org.freedesktop.Notifications was not provided by any .service files
[12.142s] DEBUG:colcon.colcon_core.event_reactor:joined thread
[12.147s] INFO:colcon.colcon_core.shell:Creating prefix script '/home/rpi-team11/ECE4191G11/ROS_Pi/install/local_setup.ps1'
[12.151s] INFO:colcon.colcon_core.shell:Creating prefix util module '/home/rpi-team11/ECE4191G11/ROS_Pi/install/_local_setup_util_ps1.py'
[12.157s] INFO:colcon.colcon_core.shell:Creating prefix chain script '/home/rpi-team11/ECE4191G11/ROS_Pi/install/setup.ps1'
[12.163s] INFO:colcon.colcon_core.shell:Creating prefix script '/home/rpi-team11/ECE4191G11/ROS_Pi/install/local_setup.sh'
[12.166s] INFO:colcon.colcon_core.shell:Creating prefix util module '/home/rpi-team11/ECE4191G11/ROS_Pi/install/_local_setup_util_sh.py'
[12.168s] INFO:colcon.colcon_core.shell:Creating prefix chain script '/home/rpi-team11/ECE4191G11/ROS_Pi/install/setup.sh'
[12.175s] INFO:colcon.colcon_core.shell:Creating prefix script '/home/rpi-team11/ECE4191G11/ROS_Pi/install/local_setup.bash'
[12.177s] INFO:colcon.colcon_core.shell:Creating prefix chain script '/home/rpi-team11/ECE4191G11/ROS_Pi/install/setup.bash'
[12.184s] INFO:colcon.colcon_core.shell:Creating prefix script '/home/rpi-team11/ECE4191G11/ROS_Pi/install/local_setup.zsh'
[12.186s] INFO:colcon.colcon_core.shell:Creating prefix chain script '/home/rpi-team11/ECE4191G11/ROS_Pi/install/setup.zsh'
