[1.459s] DEBUG:colcon:Command line arguments: ['/usr/bin/colcon', 'build', '--symlink-install']
[1.459s] DEBUG:colcon:Parsed command line arguments: Namespace(log_base=None, log_level=None, verb_name='build', build_base='build', install_base='install', merge_install=False, symlink_install=True, test_result_base=None, continue_on_error=False, executor='parallel', parallel_workers=4, event_handlers=None, ignore_user_meta=False, metas=['./colcon.meta'], base_paths=['.'], packages_ignore=None, packages_ignore_regex=None, paths=None, packages_up_to=None, packages_up_to_regex=None, packages_above=None, packages_above_and_dependencies=None, packages_above_depth=None, packages_select_by_dep=None, packages_skip_by_dep=None, packages_skip_up_to=None, packages_select_build_failed=False, packages_skip_build_finished=False, packages_select_test_failures=False, packages_skip_test_passed=False, packages_select=None, packages_skip=None, packages_select_regex=None, packages_skip_regex=None, packages_start=None, packages_end=None, allow_overriding=[], cmake_args=None, cmake_target=None, cmake_target_skip_unavailable=False, cmake_clean_cache=False, cmake_clean_first=False, cmake_force_configure=False, ament_cmake_args=None, catkin_cmake_args=None, catkin_skip_building_tests=False, verb_parser=<colcon_defaults.argument_parser.defaults.DefaultArgumentsDecorator object at 0xffff84111f00>, verb_extension=<colcon_core.verb.build.BuildVerb object at 0xffff84111990>, main=<bound method BuildVerb.main of <colcon_core.verb.build.BuildVerb object at 0xffff84111990>>)
[1.557s] Level 1:colcon.colcon_core.package_discovery:discover_packages(colcon_meta) check parameters
[1.558s] Level 1:colcon.colcon_core.package_discovery:discover_packages(recursive) check parameters
[1.558s] Level 1:colcon.colcon_core.package_discovery:discover_packages(ignore) check parameters
[1.558s] Level 1:colcon.colcon_core.package_discovery:discover_packages(path) check parameters
[1.558s] Level 1:colcon.colcon_core.package_discovery:discover_packages(colcon_meta) discover
[1.558s] Level 1:colcon.colcon_core.package_discovery:discover_packages(recursive) discover
[1.559s] INFO:colcon.colcon_core.package_discovery:Crawling recursively for packages in '/home/rpi-team11/ECE4191G11/ros2_ws'
[1.559s] Level 1:colcon.colcon_core.package_identification:_identify(.) by extensions ['ignore', 'ignore_ament_install']
[1.559s] Level 1:colcon.colcon_core.package_identification:_identify(.) by extension 'ignore'
[1.560s] Level 1:colcon.colcon_core.package_identification:_identify(.) by extension 'ignore_ament_install'
[1.560s] Level 1:colcon.colcon_core.package_identification:_identify(.) by extensions ['colcon_pkg']
[1.560s] Level 1:colcon.colcon_core.package_identification:_identify(.) by extension 'colcon_pkg'
[1.560s] Level 1:colcon.colcon_core.package_identification:_identify(.) by extensions ['colcon_meta']
[1.560s] Level 1:colcon.colcon_core.package_identification:_identify(.) by extension 'colcon_meta'
[1.560s] Level 1:colcon.colcon_core.package_identification:_identify(.) by extensions ['ros']
[1.560s] Level 1:colcon.colcon_core.package_identification:_identify(.) by extension 'ros'
[1.604s] Level 1:colcon.colcon_core.package_identification:_identify(.) by extensions ['cmake', 'python']
[1.605s] Level 1:colcon.colcon_core.package_identification:_identify(.) by extension 'cmake'
[1.605s] Level 1:colcon.colcon_core.package_identification:_identify(.) by extension 'python'
[1.605s] Level 1:colcon.colcon_core.package_identification:_identify(.) by extensions ['python_setup_py']
[1.605s] Level 1:colcon.colcon_core.package_identification:_identify(.) by extension 'python_setup_py'
[1.606s] Level 1:colcon.colcon_core.package_identification:_identify(build) by extensions ['ignore', 'ignore_ament_install']
[1.606s] Level 1:colcon.colcon_core.package_identification:_identify(build) by extension 'ignore'
[1.606s] Level 1:colcon.colcon_core.package_identification:_identify(build) ignored
[1.607s] Level 1:colcon.colcon_core.package_identification:_identify(install) by extensions ['ignore', 'ignore_ament_install']
[1.607s] Level 1:colcon.colcon_core.package_identification:_identify(install) by extension 'ignore'
[1.607s] Level 1:colcon.colcon_core.package_identification:_identify(install) ignored
[1.608s] Level 1:colcon.colcon_core.package_identification:_identify(log) by extensions ['ignore', 'ignore_ament_install']
[1.608s] Level 1:colcon.colcon_core.package_identification:_identify(log) by extension 'ignore'
[1.608s] Level 1:colcon.colcon_core.package_identification:_identify(log) ignored
[1.609s] Level 1:colcon.colcon_core.package_identification:_identify(src) by extensions ['ignore', 'ignore_ament_install']
[1.609s] Level 1:colcon.colcon_core.package_identification:_identify(src) by extension 'ignore'
[1.609s] Level 1:colcon.colcon_core.package_identification:_identify(src) by extension 'ignore_ament_install'
[1.609s] Level 1:colcon.colcon_core.package_identification:_identify(src) by extensions ['colcon_pkg']
[1.609s] Level 1:colcon.colcon_core.package_identification:_identify(src) by extension 'colcon_pkg'
[1.610s] Level 1:colcon.colcon_core.package_identification:_identify(src) by extensions ['colcon_meta']
[1.610s] Level 1:colcon.colcon_core.package_identification:_identify(src) by extension 'colcon_meta'
[1.610s] Level 1:colcon.colcon_core.package_identification:_identify(src) by extensions ['ros']
[1.610s] Level 1:colcon.colcon_core.package_identification:_identify(src) by extension 'ros'
[1.610s] Level 1:colcon.colcon_core.package_identification:_identify(src) by extensions ['cmake', 'python']
[1.610s] Level 1:colcon.colcon_core.package_identification:_identify(src) by extension 'cmake'
[1.611s] Level 1:colcon.colcon_core.package_identification:_identify(src) by extension 'python'
[1.611s] Level 1:colcon.colcon_core.package_identification:_identify(src) by extensions ['python_setup_py']
[1.611s] Level 1:colcon.colcon_core.package_identification:_identify(src) by extension 'python_setup_py'
[1.611s] Level 1:colcon.colcon_core.package_identification:_identify(src/test_robot_controller) by extensions ['ignore', 'ignore_ament_install']
[1.612s] Level 1:colcon.colcon_core.package_identification:_identify(src/test_robot_controller) by extension 'ignore'
[1.612s] Level 1:colcon.colcon_core.package_identification:_identify(src/test_robot_controller) by extension 'ignore_ament_install'
[1.612s] Level 1:colcon.colcon_core.package_identification:_identify(src/test_robot_controller) by extensions ['colcon_pkg']
[1.612s] Level 1:colcon.colcon_core.package_identification:_identify(src/test_robot_controller) by extension 'colcon_pkg'
[1.612s] Level 1:colcon.colcon_core.package_identification:_identify(src/test_robot_controller) by extensions ['colcon_meta']
[1.612s] Level 1:colcon.colcon_core.package_identification:_identify(src/test_robot_controller) by extension 'colcon_meta'
[1.613s] Level 1:colcon.colcon_core.package_identification:_identify(src/test_robot_controller) by extensions ['ros']
[1.613s] Level 1:colcon.colcon_core.package_identification:_identify(src/test_robot_controller) by extension 'ros'
[1.622s] DEBUG:colcon.colcon_core.package_identification:Package 'src/test_robot_controller' with type 'ros.ament_python' and name 'test_robot_controller'
[1.622s] Level 1:colcon.colcon_core.package_discovery:discover_packages(recursive) using defaults
[1.622s] Level 1:colcon.colcon_core.package_discovery:discover_packages(ignore) discover
[1.622s] Level 1:colcon.colcon_core.package_discovery:discover_packages(ignore) using defaults
[1.623s] Level 1:colcon.colcon_core.package_discovery:discover_packages(path) discover
[1.623s] Level 1:colcon.colcon_core.package_discovery:discover_packages(path) using defaults
[1.715s] Level 1:colcon.colcon_core.package_discovery:discover_packages(prefix_path) check parameters
[1.715s] Level 1:colcon.colcon_core.package_discovery:discover_packages(prefix_path) discover
[1.727s] DEBUG:colcon.colcon_installed_package_information.package_discovery:Found 1 installed packages in /home/rpi-team11/ECE4191G11/ros2_ws/install
[1.737s] DEBUG:colcon.colcon_installed_package_information.package_discovery:Found 270 installed packages in /opt/ros/humble
[1.743s] Level 1:colcon.colcon_core.package_discovery:discover_packages(prefix_path) using defaults
[1.998s] Level 5:colcon.colcon_core.verb:set package 'test_robot_controller' build argument 'cmake_args' from command line to 'None'
[1.999s] Level 5:colcon.colcon_core.verb:set package 'test_robot_controller' build argument 'cmake_target' from command line to 'None'
[1.999s] Level 5:colcon.colcon_core.verb:set package 'test_robot_controller' build argument 'cmake_target_skip_unavailable' from command line to 'False'
[1.999s] Level 5:colcon.colcon_core.verb:set package 'test_robot_controller' build argument 'cmake_clean_cache' from command line to 'False'
[1.999s] Level 5:colcon.colcon_core.verb:set package 'test_robot_controller' build argument 'cmake_clean_first' from command line to 'False'
[1.999s] Level 5:colcon.colcon_core.verb:set package 'test_robot_controller' build argument 'cmake_force_configure' from command line to 'False'
[1.999s] Level 5:colcon.colcon_core.verb:set package 'test_robot_controller' build argument 'ament_cmake_args' from command line to 'None'
[1.999s] Level 5:colcon.colcon_core.verb:set package 'test_robot_controller' build argument 'catkin_cmake_args' from command line to 'None'
[2.000s] Level 5:colcon.colcon_core.verb:set package 'test_robot_controller' build argument 'catkin_skip_building_tests' from command line to 'False'
[2.000s] DEBUG:colcon.colcon_core.verb:Building package 'test_robot_controller' with the following arguments: {'ament_cmake_args': None, 'build_base': '/home/rpi-team11/ECE4191G11/ros2_ws/build/test_robot_controller', 'catkin_cmake_args': None, 'catkin_skip_building_tests': False, 'cmake_args': None, 'cmake_clean_cache': False, 'cmake_clean_first': False, 'cmake_force_configure': False, 'cmake_target': None, 'cmake_target_skip_unavailable': False, 'install_base': '/home/rpi-team11/ECE4191G11/ros2_ws/install/test_robot_controller', 'merge_install': False, 'path': '/home/rpi-team11/ECE4191G11/ros2_ws/src/test_robot_controller', 'symlink_install': True, 'test_result_base': None}
[2.003s] INFO:colcon.colcon_core.executor:Executing jobs using 'parallel' executor
[2.015s] DEBUG:colcon.colcon_parallel_executor.executor.parallel:run_until_complete
[2.016s] INFO:colcon.colcon_ros.task.ament_python.build:Building ROS package in '/home/rpi-team11/ECE4191G11/ros2_ws/src/test_robot_controller' with build type 'ament_python'
[2.017s] Level 1:colcon.colcon_core.shell:create_environment_hook('test_robot_controller', 'ament_prefix_path')
[2.035s] INFO:colcon.colcon_core.plugin_system:Skipping extension 'colcon_core.shell.bat': Not used on non-Windows systems
[2.035s] INFO:colcon.colcon_core.shell:Creating environment hook '/home/rpi-team11/ECE4191G11/ros2_ws/install/test_robot_controller/share/test_robot_controller/hook/ament_prefix_path.ps1'
[2.038s] INFO:colcon.colcon_core.shell:Creating environment descriptor '/home/rpi-team11/ECE4191G11/ros2_ws/install/test_robot_controller/share/test_robot_controller/hook/ament_prefix_path.dsv'
[2.040s] INFO:colcon.colcon_core.shell:Creating environment hook '/home/rpi-team11/ECE4191G11/ros2_ws/install/test_robot_controller/share/test_robot_controller/hook/ament_prefix_path.sh'
[2.047s] INFO:colcon.colcon_core.shell:Skip shell extension 'powershell' for command environment: Not usable outside of PowerShell
[2.047s] DEBUG:colcon.colcon_core.shell:Skip shell extension 'dsv' for command environment
[3.268s] INFO:colcon.colcon_core.task.python.build:Building Python package in '/home/rpi-team11/ECE4191G11/ros2_ws/src/test_robot_controller'
[3.274s] INFO:colcon.colcon_core.shell:Skip shell extension 'powershell' for command environment: Not usable outside of PowerShell
[3.274s] DEBUG:colcon.colcon_core.shell:Skip shell extension 'dsv' for command environment
[4.900s] DEBUG:colcon.colcon_core.event_handler.log_command:Invoking command in '/home/rpi-team11/ECE4191G11/ros2_ws/build/test_robot_controller': PYTHONPATH=/home/rpi-team11/ECE4191G11/ros2_ws/build/test_robot_controller/prefix_override:/home/rpi-team11/ECE4191G11/ros2_ws/install/test_robot_controller/lib/python3.10/site-packages:${PYTHONPATH} /usr/bin/python3 setup.py develop --editable --build-directory /home/rpi-team11/ECE4191G11/ros2_ws/build/test_robot_controller/build --no-deps install_data
[6.946s] Level 1:colcon.colcon_core.shell:create_environment_hook('test_robot_controller', 'pythonpath_develop')
[6.951s] INFO:colcon.colcon_core.shell:Creating environment hook '/home/rpi-team11/ECE4191G11/ros2_ws/build/test_robot_controller/share/test_robot_controller/hook/pythonpath_develop.ps1'
[6.952s] DEBUG:colcon.colcon_core.event_handler.log_command:Invoked command in '/home/rpi-team11/ECE4191G11/ros2_ws/build/test_robot_controller' returned '0': PYTHONPATH=/home/rpi-team11/ECE4191G11/ros2_ws/build/test_robot_controller/prefix_override:/home/rpi-team11/ECE4191G11/ros2_ws/install/test_robot_controller/lib/python3.10/site-packages:${PYTHONPATH} /usr/bin/python3 setup.py develop --editable --build-directory /home/rpi-team11/ECE4191G11/ros2_ws/build/test_robot_controller/build --no-deps install_data
[6.954s] INFO:colcon.colcon_core.shell:Creating environment descriptor '/home/rpi-team11/ECE4191G11/ros2_ws/build/test_robot_controller/share/test_robot_controller/hook/pythonpath_develop.dsv'
[6.956s] INFO:colcon.colcon_core.shell:Creating environment hook '/home/rpi-team11/ECE4191G11/ros2_ws/build/test_robot_controller/share/test_robot_controller/hook/pythonpath_develop.sh'
[6.979s] Level 1:colcon.colcon_core.environment:checking '/home/rpi-team11/ECE4191G11/ros2_ws/install/test_robot_controller' for CMake module files
[6.982s] Level 1:colcon.colcon_core.environment:checking '/home/rpi-team11/ECE4191G11/ros2_ws/install/test_robot_controller' for CMake config files
[6.985s] Level 1:colcon.colcon_core.environment:checking '/home/rpi-team11/ECE4191G11/ros2_ws/install/test_robot_controller/lib'
[6.985s] Level 1:colcon.colcon_core.environment:checking '/home/rpi-team11/ECE4191G11/ros2_ws/install/test_robot_controller/bin'
[6.986s] Level 1:colcon.colcon_core.environment:checking '/home/rpi-team11/ECE4191G11/ros2_ws/install/test_robot_controller/lib/pkgconfig/test_robot_controller.pc'
[6.987s] Level 1:colcon.colcon_core.environment:checking '/home/rpi-team11/ECE4191G11/ros2_ws/install/test_robot_controller/lib/python3.10/site-packages'
[6.987s] Level 1:colcon.colcon_core.shell:create_environment_hook('test_robot_controller', 'pythonpath')
[6.992s] INFO:colcon.colcon_core.shell:Creating environment hook '/home/rpi-team11/ECE4191G11/ros2_ws/install/test_robot_controller/share/test_robot_controller/hook/pythonpath.ps1'
[6.994s] INFO:colcon.colcon_core.shell:Creating environment descriptor '/home/rpi-team11/ECE4191G11/ros2_ws/install/test_robot_controller/share/test_robot_controller/hook/pythonpath.dsv'
[6.995s] INFO:colcon.colcon_core.shell:Creating environment hook '/home/rpi-team11/ECE4191G11/ros2_ws/install/test_robot_controller/share/test_robot_controller/hook/pythonpath.sh'
[6.998s] Level 1:colcon.colcon_core.environment:checking '/home/rpi-team11/ECE4191G11/ros2_ws/install/test_robot_controller/bin'
[6.998s] Level 1:colcon.colcon_core.environment:create_environment_scripts_only(test_robot_controller)
[7.003s] INFO:colcon.colcon_core.shell:Creating package script '/home/rpi-team11/ECE4191G11/ros2_ws/install/test_robot_controller/share/test_robot_controller/package.ps1'
[7.007s] INFO:colcon.colcon_core.shell:Creating package descriptor '/home/rpi-team11/ECE4191G11/ros2_ws/install/test_robot_controller/share/test_robot_controller/package.dsv'
[7.009s] INFO:colcon.colcon_core.shell:Creating package script '/home/rpi-team11/ECE4191G11/ros2_ws/install/test_robot_controller/share/test_robot_controller/package.sh'
[7.013s] INFO:colcon.colcon_core.shell:Creating package script '/home/rpi-team11/ECE4191G11/ros2_ws/install/test_robot_controller/share/test_robot_controller/package.bash'
[7.016s] INFO:colcon.colcon_core.shell:Creating package script '/home/rpi-team11/ECE4191G11/ros2_ws/install/test_robot_controller/share/test_robot_controller/package.zsh'
[7.019s] Level 1:colcon.colcon_core.environment:create_file_with_runtime_dependencies(/home/rpi-team11/ECE4191G11/ros2_ws/install/test_robot_controller/share/colcon-core/packages/test_robot_controller)
[7.020s] DEBUG:colcon.colcon_parallel_executor.executor.parallel:closing loop
[7.021s] DEBUG:colcon.colcon_parallel_executor.executor.parallel:loop closed
[7.022s] DEBUG:colcon.colcon_parallel_executor.executor.parallel:run_until_complete finished with '0'
[7.022s] DEBUG:colcon.colcon_core.event_reactor:joining thread
[7.043s] INFO:colcon.colcon_core.plugin_system:Skipping extension 'colcon_notification.desktop_notification.notify_send': Could not find 'notify-send'
[7.043s] INFO:colcon.colcon_core.plugin_system:Skipping extension 'colcon_notification.desktop_notification.terminal_notifier': Not used on non-Darwin systems
[7.044s] INFO:colcon.colcon_core.plugin_system:Skipping extension 'colcon_notification.desktop_notification.win32': Not used on non-Windows systems
[7.044s] INFO:colcon.colcon_notification.desktop_notification:Sending desktop notification using 'notify2'
[7.047s] DEBUG:colcon.colcon_notification.desktop_notification.notify2:Failed to initialize notify2: org.freedesktop.DBus.Error.ServiceUnknown: The name org.freedesktop.Notifications was not provided by any .service files
[7.048s] DEBUG:colcon.colcon_core.event_reactor:joined thread
[7.053s] INFO:colcon.colcon_core.shell:Creating prefix script '/home/rpi-team11/ECE4191G11/ros2_ws/install/local_setup.ps1'
[7.057s] INFO:colcon.colcon_core.shell:Creating prefix util module '/home/rpi-team11/ECE4191G11/ros2_ws/install/_local_setup_util_ps1.py'
[7.062s] INFO:colcon.colcon_core.shell:Creating prefix chain script '/home/rpi-team11/ECE4191G11/ros2_ws/install/setup.ps1'
[7.068s] INFO:colcon.colcon_core.shell:Creating prefix script '/home/rpi-team11/ECE4191G11/ros2_ws/install/local_setup.sh'
[7.070s] INFO:colcon.colcon_core.shell:Creating prefix util module '/home/rpi-team11/ECE4191G11/ros2_ws/install/_local_setup_util_sh.py'
[7.073s] INFO:colcon.colcon_core.shell:Creating prefix chain script '/home/rpi-team11/ECE4191G11/ros2_ws/install/setup.sh'
[7.078s] INFO:colcon.colcon_core.shell:Creating prefix script '/home/rpi-team11/ECE4191G11/ros2_ws/install/local_setup.bash'
[7.080s] INFO:colcon.colcon_core.shell:Creating prefix chain script '/home/rpi-team11/ECE4191G11/ros2_ws/install/setup.bash'
[7.086s] INFO:colcon.colcon_core.shell:Creating prefix script '/home/rpi-team11/ECE4191G11/ros2_ws/install/local_setup.zsh'
[7.088s] INFO:colcon.colcon_core.shell:Creating prefix chain script '/home/rpi-team11/ECE4191G11/ros2_ws/install/setup.zsh'
