[0.060s] Invoking command in '/home/rpi-team11/ECE4191G11/ROS_Pi/build/robot_interfaces': CMAKE_PREFIX_PATH=${CMAKE_PREFIX_PATH}:/home/rpi-team11/ECE4191G11/ROS_Pi/install/robot_controller:/opt/ros/humble /usr/bin/cmake --build /home/rpi-team11/ECE4191G11/ROS_Pi/build/robot_interfaces -- -j4 -l4
[0.249s] [35m[1mConsolidate compiler generated dependencies of target robot_interfaces__rosidl_generator_c[0m
[0.293s] [  1%] Built target robot_interfaces__cpp
[0.317s] [ 12%] Built target robot_interfaces__rosidl_generator_c
[0.348s] [35m[1mConsolidate compiler generated dependencies of target robot_interfaces__rosidl_typesupport_cpp[0m
[0.359s] [ 12%] Built target ament_cmake_python_copy_robot_interfaces
[0.367s] [35m[1mConsolidate compiler generated dependencies of target robot_interfaces__rosidl_typesupport_fastrtps_cpp[0m
[0.421s] [35m[1mConsolidate compiler generated dependencies of target robot_interfaces__rosidl_typesupport_fastrtps_c[0m
[0.427s] [35m[1mConsolidate compiler generated dependencies of target robot_interfaces__rosidl_typesupport_introspection_cpp[0m
[0.475s] [ 24%] Built target robot_interfaces__rosidl_typesupport_cpp
[0.513s] [ 35%] Built target robot_interfaces__rosidl_typesupport_fastrtps_cpp
[0.530s] [35m[1mConsolidate compiler generated dependencies of target robot_interfaces__rosidl_typesupport_introspection_c[0m
[0.541s] [ 46%] Built target robot_interfaces__rosidl_typesupport_fastrtps_c
[0.567s] [ 58%] Built target robot_interfaces__rosidl_typesupport_introspection_cpp
[0.575s] [35m[1mConsolidate compiler generated dependencies of target robot_interfaces__rosidl_typesupport_c[0m
[0.618s] [ 69%] Built target robot_interfaces__rosidl_typesupport_introspection_c
[0.633s] [ 81%] Built target robot_interfaces__rosidl_typesupport_c
[0.719s] [ 81%] Built target robot_interfaces
[0.836s] [ 82%] Built target robot_interfaces__py
[0.931s] [35m[1mConsolidate compiler generated dependencies of target robot_interfaces__rosidl_generator_py[0m
[1.030s] [ 92%] Built target robot_interfaces__rosidl_generator_py
[1.109s] [35m[1mConsolidate compiler generated dependencies of target robot_interfaces__rosidl_typesupport_fastrtps_c__pyext[0m
[1.132s] [35m[1mConsolidate compiler generated dependencies of target robot_interfaces__rosidl_typesupport_introspection_c__pyext[0m
[1.149s] [35m[1mConsolidate compiler generated dependencies of target robot_interfaces__rosidl_typesupport_c__pyext[0m
[1.271s] [ 94%] Built target robot_interfaces__rosidl_typesupport_fastrtps_c__pyext
[1.285s] [ 97%] Built target robot_interfaces__rosidl_typesupport_introspection_c__pyext
[1.295s] [100%] Built target robot_interfaces__rosidl_typesupport_c__pyext
[2.036s] running egg_info
[2.040s] writing robot_interfaces.egg-info/PKG-INFO
[2.044s] writing dependency_links to robot_interfaces.egg-info/dependency_links.txt
[2.044s] writing top-level names to robot_interfaces.egg-info/top_level.txt
[2.055s] reading manifest file 'robot_interfaces.egg-info/SOURCES.txt'
[2.059s] writing manifest file 'robot_interfaces.egg-info/SOURCES.txt'
[2.193s] [100%] Built target ament_cmake_python_build_robot_interfaces_egg
[2.245s] Invoked command in '/home/rpi-team11/ECE4191G11/ROS_Pi/build/robot_interfaces' returned '0': CMAKE_PREFIX_PATH=${CMAKE_PREFIX_PATH}:/home/rpi-team11/ECE4191G11/ROS_Pi/install/robot_controller:/opt/ros/humble /usr/bin/cmake --build /home/rpi-team11/ECE4191G11/ROS_Pi/build/robot_interfaces -- -j4 -l4
[3.395s] Invoking command in '/home/rpi-team11/ECE4191G11/ROS_Pi/build/robot_interfaces': CMAKE_PREFIX_PATH=${CMAKE_PREFIX_PATH}:/home/rpi-team11/ECE4191G11/ROS_Pi/install/robot_controller:/opt/ros/humble /usr/bin/cmake --install /home/rpi-team11/ECE4191G11/ROS_Pi/build/robot_interfaces
[3.427s] -- Install configuration: ""
[3.438s] -- Up-to-date: /home/rpi-team11/ECE4191G11/ROS_Pi/install/robot_interfaces/share/ament_index/resource_index/rosidl_interfaces/robot_interfaces
[3.439s] -- Up-to-date: /home/rpi-team11/ECE4191G11/ROS_Pi/install/robot_interfaces/include/robot_interfaces/robot_interfaces
[3.440s] -- Up-to-date: /home/rpi-team11/ECE4191G11/ROS_Pi/install/robot_interfaces/include/robot_interfaces/robot_interfaces/msg
[3.441s] -- Up-to-date: /home/rpi-team11/ECE4191G11/ROS_Pi/install/robot_interfaces/include/robot_interfaces/robot_interfaces/msg/obstacles.h
[3.441s] -- Up-to-date: /home/rpi-team11/ECE4191G11/ROS_Pi/install/robot_interfaces/include/robot_interfaces/robot_interfaces/msg/des_state.h
[3.449s] -- Up-to-date: /home/rpi-team11/ECE4191G11/ROS_Pi/install/robot_interfaces/include/robot_interfaces/robot_interfaces/msg/qr_data.h
[3.450s] -- Up-to-date: /home/rpi-team11/ECE4191G11/ROS_Pi/install/robot_interfaces/include/robot_interfaces/robot_interfaces/msg/detail
[3.451s] -- Up-to-date: /home/rpi-team11/ECE4191G11/ROS_Pi/install/robot_interfaces/include/robot_interfaces/robot_interfaces/msg/detail/qr_data__type_support.h
[3.454s] -- Up-to-date: /home/rpi-team11/ECE4191G11/ROS_Pi/install/robot_interfaces/include/robot_interfaces/robot_interfaces/msg/detail/des_state__functions.h
[3.454s] -- Up-to-date: /home/rpi-team11/ECE4191G11/ROS_Pi/install/robot_interfaces/include/robot_interfaces/robot_interfaces/msg/detail/des_state__type_support.h
[3.455s] -- Up-to-date: /home/rpi-team11/ECE4191G11/ROS_Pi/install/robot_interfaces/include/robot_interfaces/robot_interfaces/msg/detail/pose__struct.h
[3.456s] -- Up-to-date: /home/rpi-team11/ECE4191G11/ROS_Pi/install/robot_interfaces/include/robot_interfaces/robot_interfaces/msg/detail/distances__type_support.h
[3.457s] -- Up-to-date: /home/rpi-team11/ECE4191G11/ROS_Pi/install/robot_interfaces/include/robot_interfaces/robot_interfaces/msg/detail/qr_data__functions.h
[3.457s] -- Up-to-date: /home/rpi-team11/ECE4191G11/ROS_Pi/install/robot_interfaces/include/robot_interfaces/robot_interfaces/msg/detail/distances__functions.h
[3.458s] -- Up-to-date: /home/rpi-team11/ECE4191G11/ROS_Pi/install/robot_interfaces/include/robot_interfaces/robot_interfaces/msg/detail/obstacles__functions.h
[3.458s] -- Up-to-date: /home/rpi-team11/ECE4191G11/ROS_Pi/install/robot_interfaces/include/robot_interfaces/robot_interfaces/msg/detail/flag__functions.c
[3.459s] -- Up-to-date: /home/rpi-team11/ECE4191G11/ROS_Pi/install/robot_interfaces/include/robot_interfaces/robot_interfaces/msg/detail/obstacles__type_support.h
[3.459s] -- Up-to-date: /home/rpi-team11/ECE4191G11/ROS_Pi/install/robot_interfaces/include/robot_interfaces/robot_interfaces/msg/detail/des_state__functions.c
[3.460s] -- Up-to-date: /home/rpi-team11/ECE4191G11/ROS_Pi/install/robot_interfaces/include/robot_interfaces/robot_interfaces/msg/detail/encoder_info__functions.c
[3.460s] -- Up-to-date: /home/rpi-team11/ECE4191G11/ROS_Pi/install/robot_interfaces/include/robot_interfaces/robot_interfaces/msg/detail/obstacles__functions.c
[3.461s] -- Up-to-date: /home/rpi-team11/ECE4191G11/ROS_Pi/install/robot_interfaces/include/robot_interfaces/robot_interfaces/msg/detail/encoder_info__functions.h
[3.466s] -- Up-to-date: /home/rpi-team11/ECE4191G11/ROS_Pi/install/robot_interfaces/include/robot_interfaces/robot_interfaces/msg/detail/flag__struct.h
[3.466s] -- Up-to-date: /home/rpi-team11/ECE4191G11/ROS_Pi/install/robot_interfaces/include/robot_interfaces/robot_interfaces/msg/detail/encoder_info__struct.h
[3.467s] -- Up-to-date: /home/rpi-team11/ECE4191G11/ROS_Pi/install/robot_interfaces/include/robot_interfaces/robot_interfaces/msg/detail/distances__struct.h
[3.467s] -- Up-to-date: /home/rpi-team11/ECE4191G11/ROS_Pi/install/robot_interfaces/include/robot_interfaces/robot_interfaces/msg/detail/des_state__struct.h
[3.468s] -- Up-to-date: /home/rpi-team11/ECE4191G11/ROS_Pi/install/robot_interfaces/include/robot_interfaces/robot_interfaces/msg/detail/distances__functions.c
[3.469s] -- Up-to-date: /home/rpi-team11/ECE4191G11/ROS_Pi/install/robot_interfaces/include/robot_interfaces/robot_interfaces/msg/detail/qr_data__struct.h
[3.470s] -- Up-to-date: /home/rpi-team11/ECE4191G11/ROS_Pi/install/robot_interfaces/include/robot_interfaces/robot_interfaces/msg/detail/qr_data__functions.c
[3.471s] -- Up-to-date: /home/rpi-team11/ECE4191G11/ROS_Pi/install/robot_interfaces/include/robot_interfaces/robot_interfaces/msg/detail/encoder_info__type_support.h
[3.472s] -- Up-to-date: /home/rpi-team11/ECE4191G11/ROS_Pi/install/robot_interfaces/include/robot_interfaces/robot_interfaces/msg/detail/pose__type_support.h
[3.473s] -- Up-to-date: /home/rpi-team11/ECE4191G11/ROS_Pi/install/robot_interfaces/include/robot_interfaces/robot_interfaces/msg/detail/pose__functions.h
[3.474s] -- Up-to-date: /home/rpi-team11/ECE4191G11/ROS_Pi/install/robot_interfaces/include/robot_interfaces/robot_interfaces/msg/detail/flag__functions.h
[3.475s] -- Up-to-date: /home/rpi-team11/ECE4191G11/ROS_Pi/install/robot_interfaces/include/robot_interfaces/robot_interfaces/msg/detail/obstacles__struct.h
[3.476s] -- Up-to-date: /home/rpi-team11/ECE4191G11/ROS_Pi/install/robot_interfaces/include/robot_interfaces/robot_interfaces/msg/detail/pose__functions.c
[3.478s] -- Up-to-date: /home/rpi-team11/ECE4191G11/ROS_Pi/install/robot_interfaces/include/robot_interfaces/robot_interfaces/msg/detail/flag__type_support.h
[3.478s] -- Up-to-date: /home/rpi-team11/ECE4191G11/ROS_Pi/install/robot_interfaces/include/robot_interfaces/robot_interfaces/msg/pose.h
[3.479s] -- Up-to-date: /home/rpi-team11/ECE4191G11/ROS_Pi/install/robot_interfaces/include/robot_interfaces/robot_interfaces/msg/encoder_info.h
[3.480s] -- Up-to-date: /home/rpi-team11/ECE4191G11/ROS_Pi/install/robot_interfaces/include/robot_interfaces/robot_interfaces/msg/rosidl_generator_c__visibility_control.h
[3.482s] -- Up-to-date: /home/rpi-team11/ECE4191G11/ROS_Pi/install/robot_interfaces/include/robot_interfaces/robot_interfaces/msg/flag.h
[3.483s] -- Up-to-date: /home/rpi-team11/ECE4191G11/ROS_Pi/install/robot_interfaces/include/robot_interfaces/robot_interfaces/msg/distances.h
[3.484s] -- Up-to-date: /home/rpi-team11/ECE4191G11/ROS_Pi/install/robot_interfaces/share/robot_interfaces/environment/library_path.sh
[3.484s] -- Up-to-date: /home/rpi-team11/ECE4191G11/ROS_Pi/install/robot_interfaces/share/robot_interfaces/environment/library_path.dsv
[3.485s] -- Up-to-date: /home/rpi-team11/ECE4191G11/ROS_Pi/install/robot_interfaces/lib/librobot_interfaces__rosidl_generator_c.so
[3.486s] -- Up-to-date: /home/rpi-team11/ECE4191G11/ROS_Pi/install/robot_interfaces/include/robot_interfaces/robot_interfaces
[3.487s] -- Up-to-date: /home/rpi-team11/ECE4191G11/ROS_Pi/install/robot_interfaces/include/robot_interfaces/robot_interfaces/msg
[3.487s] -- Up-to-date: /home/rpi-team11/ECE4191G11/ROS_Pi/install/robot_interfaces/include/robot_interfaces/robot_interfaces/msg/rosidl_typesupport_fastrtps_c__visibility_control.h
[3.489s] -- Up-to-date: /home/rpi-team11/ECE4191G11/ROS_Pi/install/robot_interfaces/include/robot_interfaces/robot_interfaces/msg/detail
[3.489s] -- Up-to-date: /home/rpi-team11/ECE4191G11/ROS_Pi/install/robot_interfaces/include/robot_interfaces/robot_interfaces/msg/detail/distances__rosidl_typesupport_fastrtps_c.h
[3.490s] -- Up-to-date: /home/rpi-team11/ECE4191G11/ROS_Pi/install/robot_interfaces/include/robot_interfaces/robot_interfaces/msg/detail/obstacles__rosidl_typesupport_fastrtps_c.h
[3.490s] -- Up-to-date: /home/rpi-team11/ECE4191G11/ROS_Pi/install/robot_interfaces/include/robot_interfaces/robot_interfaces/msg/detail/flag__rosidl_typesupport_fastrtps_c.h
[3.491s] -- Up-to-date: /home/rpi-team11/ECE4191G11/ROS_Pi/install/robot_interfaces/include/robot_interfaces/robot_interfaces/msg/detail/pose__rosidl_typesupport_fastrtps_c.h
[3.491s] -- Up-to-date: /home/rpi-team11/ECE4191G11/ROS_Pi/install/robot_interfaces/include/robot_interfaces/robot_interfaces/msg/detail/des_state__rosidl_typesupport_fastrtps_c.h
[3.492s] -- Up-to-date: /home/rpi-team11/ECE4191G11/ROS_Pi/install/robot_interfaces/include/robot_interfaces/robot_interfaces/msg/detail/qr_data__rosidl_typesupport_fastrtps_c.h
[3.493s] -- Up-to-date: /home/rpi-team11/ECE4191G11/ROS_Pi/install/robot_interfaces/include/robot_interfaces/robot_interfaces/msg/detail/encoder_info__rosidl_typesupport_fastrtps_c.h
[3.494s] -- Up-to-date: /home/rpi-team11/ECE4191G11/ROS_Pi/install/robot_interfaces/lib/librobot_interfaces__rosidl_typesupport_fastrtps_c.so
[3.495s] -- Up-to-date: /home/rpi-team11/ECE4191G11/ROS_Pi/install/robot_interfaces/include/robot_interfaces/robot_interfaces
[3.495s] -- Up-to-date: /home/rpi-team11/ECE4191G11/ROS_Pi/install/robot_interfaces/include/robot_interfaces/robot_interfaces/msg
[3.496s] -- Up-to-date: /home/rpi-team11/ECE4191G11/ROS_Pi/install/robot_interfaces/include/robot_interfaces/robot_interfaces/msg/detail
[3.496s] -- Up-to-date: /home/rpi-team11/ECE4191G11/ROS_Pi/install/robot_interfaces/include/robot_interfaces/robot_interfaces/msg/detail/qr_data__rosidl_typesupport_introspection_c.h
[3.497s] -- Up-to-date: /home/rpi-team11/ECE4191G11/ROS_Pi/install/robot_interfaces/include/robot_interfaces/robot_interfaces/msg/detail/flag__type_support.c
[3.498s] -- Up-to-date: /home/rpi-team11/ECE4191G11/ROS_Pi/install/robot_interfaces/include/robot_interfaces/robot_interfaces/msg/detail/qr_data__type_support.c
[3.499s] -- Up-to-date: /home/rpi-team11/ECE4191G11/ROS_Pi/install/robot_interfaces/include/robot_interfaces/robot_interfaces/msg/detail/distances__type_support.c
[3.499s] -- Up-to-date: /home/rpi-team11/ECE4191G11/ROS_Pi/install/robot_interfaces/include/robot_interfaces/robot_interfaces/msg/detail/des_state__rosidl_typesupport_introspection_c.h
[3.500s] -- Up-to-date: /home/rpi-team11/ECE4191G11/ROS_Pi/install/robot_interfaces/include/robot_interfaces/robot_interfaces/msg/detail/encoder_info__rosidl_typesupport_introspection_c.h
[3.500s] -- Up-to-date: /home/rpi-team11/ECE4191G11/ROS_Pi/install/robot_interfaces/include/robot_interfaces/robot_interfaces/msg/detail/pose__rosidl_typesupport_introspection_c.h
[3.501s] -- Up-to-date: /home/rpi-team11/ECE4191G11/ROS_Pi/install/robot_interfaces/include/robot_interfaces/robot_interfaces/msg/detail/distances__rosidl_typesupport_introspection_c.h
[3.501s] -- Up-to-date: /home/rpi-team11/ECE4191G11/ROS_Pi/install/robot_interfaces/include/robot_interfaces/robot_interfaces/msg/detail/obstacles__rosidl_typesupport_introspection_c.h
[3.502s] -- Up-to-date: /home/rpi-team11/ECE4191G11/ROS_Pi/install/robot_interfaces/include/robot_interfaces/robot_interfaces/msg/detail/obstacles__type_support.c
[3.502s] -- Up-to-date: /home/rpi-team11/ECE4191G11/ROS_Pi/install/robot_interfaces/include/robot_interfaces/robot_interfaces/msg/detail/pose__type_support.c
[3.503s] -- Up-to-date: /home/rpi-team11/ECE4191G11/ROS_Pi/install/robot_interfaces/include/robot_interfaces/robot_interfaces/msg/detail/encoder_info__type_support.c
[3.504s] -- Up-to-date: /home/rpi-team11/ECE4191G11/ROS_Pi/install/robot_interfaces/include/robot_interfaces/robot_interfaces/msg/detail/des_state__type_support.c
[3.504s] -- Up-to-date: /home/rpi-team11/ECE4191G11/ROS_Pi/install/robot_interfaces/include/robot_interfaces/robot_interfaces/msg/detail/flag__rosidl_typesupport_introspection_c.h
[3.506s] -- Up-to-date: /home/rpi-team11/ECE4191G11/ROS_Pi/install/robot_interfaces/include/robot_interfaces/robot_interfaces/msg/rosidl_typesupport_introspection_c__visibility_control.h
[3.506s] -- Up-to-date: /home/rpi-team11/ECE4191G11/ROS_Pi/install/robot_interfaces/lib/librobot_interfaces__rosidl_typesupport_introspection_c.so
[3.507s] -- Up-to-date: /home/rpi-team11/ECE4191G11/ROS_Pi/install/robot_interfaces/lib/librobot_interfaces__rosidl_typesupport_c.so
[3.507s] -- Up-to-date: /home/rpi-team11/ECE4191G11/ROS_Pi/install/robot_interfaces/include/robot_interfaces/robot_interfaces
[3.508s] -- Up-to-date: /home/rpi-team11/ECE4191G11/ROS_Pi/install/robot_interfaces/include/robot_interfaces/robot_interfaces/msg
[3.509s] -- Up-to-date: /home/rpi-team11/ECE4191G11/ROS_Pi/install/robot_interfaces/include/robot_interfaces/robot_interfaces/msg/encoder_info.hpp
[3.509s] -- Up-to-date: /home/rpi-team11/ECE4191G11/ROS_Pi/install/robot_interfaces/include/robot_interfaces/robot_interfaces/msg/flag.hpp
[3.510s] -- Up-to-date: /home/rpi-team11/ECE4191G11/ROS_Pi/install/robot_interfaces/include/robot_interfaces/robot_interfaces/msg/qr_data.hpp
[3.510s] -- Up-to-date: /home/rpi-team11/ECE4191G11/ROS_Pi/install/robot_interfaces/include/robot_interfaces/robot_interfaces/msg/obstacles.hpp
[3.511s] -- Up-to-date: /home/rpi-team11/ECE4191G11/ROS_Pi/install/robot_interfaces/include/robot_interfaces/robot_interfaces/msg/detail
[3.512s] -- Up-to-date: /home/rpi-team11/ECE4191G11/ROS_Pi/install/robot_interfaces/include/robot_interfaces/robot_interfaces/msg/detail/distances__builder.hpp
[3.512s] -- Up-to-date: /home/rpi-team11/ECE4191G11/ROS_Pi/install/robot_interfaces/include/robot_interfaces/robot_interfaces/msg/detail/qr_data__traits.hpp
[3.513s] -- Up-to-date: /home/rpi-team11/ECE4191G11/ROS_Pi/install/robot_interfaces/include/robot_interfaces/robot_interfaces/msg/detail/flag__traits.hpp
[3.513s] -- Up-to-date: /home/rpi-team11/ECE4191G11/ROS_Pi/install/robot_interfaces/include/robot_interfaces/robot_interfaces/msg/detail/pose__builder.hpp
[3.514s] -- Up-to-date: /home/rpi-team11/ECE4191G11/ROS_Pi/install/robot_interfaces/include/robot_interfaces/robot_interfaces/msg/detail/obstacles__traits.hpp
[3.515s] -- Up-to-date: /home/rpi-team11/ECE4191G11/ROS_Pi/install/robot_interfaces/include/robot_interfaces/robot_interfaces/msg/detail/flag__builder.hpp
[3.516s] -- Up-to-date: /home/rpi-team11/ECE4191G11/ROS_Pi/install/robot_interfaces/include/robot_interfaces/robot_interfaces/msg/detail/qr_data__struct.hpp
[3.517s] -- Up-to-date: /home/rpi-team11/ECE4191G11/ROS_Pi/install/robot_interfaces/include/robot_interfaces/robot_interfaces/msg/detail/flag__struct.hpp
[3.518s] -- Up-to-date: /home/rpi-team11/ECE4191G11/ROS_Pi/install/robot_interfaces/include/robot_interfaces/robot_interfaces/msg/detail/pose__traits.hpp
[3.519s] -- Up-to-date: /home/rpi-team11/ECE4191G11/ROS_Pi/install/robot_interfaces/include/robot_interfaces/robot_interfaces/msg/detail/obstacles__struct.hpp
[3.520s] -- Up-to-date: /home/rpi-team11/ECE4191G11/ROS_Pi/install/robot_interfaces/include/robot_interfaces/robot_interfaces/msg/detail/encoder_info__struct.hpp
[3.521s] -- Up-to-date: /home/rpi-team11/ECE4191G11/ROS_Pi/install/robot_interfaces/include/robot_interfaces/robot_interfaces/msg/detail/obstacles__builder.hpp
[3.521s] -- Up-to-date: /home/rpi-team11/ECE4191G11/ROS_Pi/install/robot_interfaces/include/robot_interfaces/robot_interfaces/msg/detail/encoder_info__builder.hpp
[3.522s] -- Up-to-date: /home/rpi-team11/ECE4191G11/ROS_Pi/install/robot_interfaces/include/robot_interfaces/robot_interfaces/msg/detail/des_state__builder.hpp
[3.523s] -- Up-to-date: /home/rpi-team11/ECE4191G11/ROS_Pi/install/robot_interfaces/include/robot_interfaces/robot_interfaces/msg/detail/distances__struct.hpp
[3.524s] -- Up-to-date: /home/rpi-team11/ECE4191G11/ROS_Pi/install/robot_interfaces/include/robot_interfaces/robot_interfaces/msg/detail/des_state__struct.hpp
[3.524s] -- Up-to-date: /home/rpi-team11/ECE4191G11/ROS_Pi/install/robot_interfaces/include/robot_interfaces/robot_interfaces/msg/detail/distances__traits.hpp
[3.525s] -- Up-to-date: /home/rpi-team11/ECE4191G11/ROS_Pi/install/robot_interfaces/include/robot_interfaces/robot_interfaces/msg/detail/qr_data__builder.hpp
[3.526s] -- Up-to-date: /home/rpi-team11/ECE4191G11/ROS_Pi/install/robot_interfaces/include/robot_interfaces/robot_interfaces/msg/detail/encoder_info__traits.hpp
[3.526s] -- Up-to-date: /home/rpi-team11/ECE4191G11/ROS_Pi/install/robot_interfaces/include/robot_interfaces/robot_interfaces/msg/detail/pose__struct.hpp
[3.527s] -- Up-to-date: /home/rpi-team11/ECE4191G11/ROS_Pi/install/robot_interfaces/include/robot_interfaces/robot_interfaces/msg/detail/des_state__traits.hpp
[3.527s] -- Up-to-date: /home/rpi-team11/ECE4191G11/ROS_Pi/install/robot_interfaces/include/robot_interfaces/robot_interfaces/msg/pose.hpp
[3.528s] -- Up-to-date: /home/rpi-team11/ECE4191G11/ROS_Pi/install/robot_interfaces/include/robot_interfaces/robot_interfaces/msg/distances.hpp
[3.528s] -- Up-to-date: /home/rpi-team11/ECE4191G11/ROS_Pi/install/robot_interfaces/include/robot_interfaces/robot_interfaces/msg/des_state.hpp
[3.529s] -- Up-to-date: /home/rpi-team11/ECE4191G11/ROS_Pi/install/robot_interfaces/include/robot_interfaces/robot_interfaces
[3.530s] -- Up-to-date: /home/rpi-team11/ECE4191G11/ROS_Pi/install/robot_interfaces/include/robot_interfaces/robot_interfaces/msg
[3.531s] -- Up-to-date: /home/rpi-team11/ECE4191G11/ROS_Pi/install/robot_interfaces/include/robot_interfaces/robot_interfaces/msg/detail
[3.531s] -- Up-to-date: /home/rpi-team11/ECE4191G11/ROS_Pi/install/robot_interfaces/include/robot_interfaces/robot_interfaces/msg/detail/qr_data__rosidl_typesupport_fastrtps_cpp.hpp
[3.532s] -- Up-to-date: /home/rpi-team11/ECE4191G11/ROS_Pi/install/robot_interfaces/include/robot_interfaces/robot_interfaces/msg/detail/distances__rosidl_typesupport_fastrtps_cpp.hpp
[3.533s] -- Up-to-date: /home/rpi-team11/ECE4191G11/ROS_Pi/install/robot_interfaces/include/robot_interfaces/robot_interfaces/msg/detail/dds_fastrtps
[3.534s] -- Up-to-date: /home/rpi-team11/ECE4191G11/ROS_Pi/install/robot_interfaces/include/robot_interfaces/robot_interfaces/msg/detail/flag__rosidl_typesupport_fastrtps_cpp.hpp
[3.534s] -- Up-to-date: /home/rpi-team11/ECE4191G11/ROS_Pi/install/robot_interfaces/include/robot_interfaces/robot_interfaces/msg/detail/obstacles__rosidl_typesupport_fastrtps_cpp.hpp
[3.535s] -- Up-to-date: /home/rpi-team11/ECE4191G11/ROS_Pi/install/robot_interfaces/include/robot_interfaces/robot_interfaces/msg/detail/encoder_info__rosidl_typesupport_fastrtps_cpp.hpp
[3.536s] -- Up-to-date: /home/rpi-team11/ECE4191G11/ROS_Pi/install/robot_interfaces/include/robot_interfaces/robot_interfaces/msg/detail/des_state__rosidl_typesupport_fastrtps_cpp.hpp
[3.536s] -- Up-to-date: /home/rpi-team11/ECE4191G11/ROS_Pi/install/robot_interfaces/include/robot_interfaces/robot_interfaces/msg/detail/pose__rosidl_typesupport_fastrtps_cpp.hpp
[3.537s] -- Up-to-date: /home/rpi-team11/ECE4191G11/ROS_Pi/install/robot_interfaces/include/robot_interfaces/robot_interfaces/msg/rosidl_typesupport_fastrtps_cpp__visibility_control.h
[3.538s] -- Up-to-date: /home/rpi-team11/ECE4191G11/ROS_Pi/install/robot_interfaces/lib/librobot_interfaces__rosidl_typesupport_fastrtps_cpp.so
[3.538s] -- Up-to-date: /home/rpi-team11/ECE4191G11/ROS_Pi/install/robot_interfaces/include/robot_interfaces/robot_interfaces
[3.539s] -- Up-to-date: /home/rpi-team11/ECE4191G11/ROS_Pi/install/robot_interfaces/include/robot_interfaces/robot_interfaces/msg
[3.540s] -- Up-to-date: /home/rpi-team11/ECE4191G11/ROS_Pi/install/robot_interfaces/include/robot_interfaces/robot_interfaces/msg/detail
[3.540s] -- Up-to-date: /home/rpi-team11/ECE4191G11/ROS_Pi/install/robot_interfaces/include/robot_interfaces/robot_interfaces/msg/detail/obstacles__rosidl_typesupport_introspection_cpp.hpp
[3.541s] -- Up-to-date: /home/rpi-team11/ECE4191G11/ROS_Pi/install/robot_interfaces/include/robot_interfaces/robot_interfaces/msg/detail/des_state__rosidl_typesupport_introspection_cpp.hpp
[3.542s] -- Up-to-date: /home/rpi-team11/ECE4191G11/ROS_Pi/install/robot_interfaces/include/robot_interfaces/robot_interfaces/msg/detail/pose__type_support.cpp
[3.543s] -- Up-to-date: /home/rpi-team11/ECE4191G11/ROS_Pi/install/robot_interfaces/include/robot_interfaces/robot_interfaces/msg/detail/encoder_info__type_support.cpp
[3.543s] -- Up-to-date: /home/rpi-team11/ECE4191G11/ROS_Pi/install/robot_interfaces/include/robot_interfaces/robot_interfaces/msg/detail/distances__type_support.cpp
[3.544s] -- Up-to-date: /home/rpi-team11/ECE4191G11/ROS_Pi/install/robot_interfaces/include/robot_interfaces/robot_interfaces/msg/detail/obstacles__type_support.cpp
[3.545s] -- Up-to-date: /home/rpi-team11/ECE4191G11/ROS_Pi/install/robot_interfaces/include/robot_interfaces/robot_interfaces/msg/detail/pose__rosidl_typesupport_introspection_cpp.hpp
[3.545s] -- Up-to-date: /home/rpi-team11/ECE4191G11/ROS_Pi/install/robot_interfaces/include/robot_interfaces/robot_interfaces/msg/detail/flag__rosidl_typesupport_introspection_cpp.hpp
[3.546s] -- Up-to-date: /home/rpi-team11/ECE4191G11/ROS_Pi/install/robot_interfaces/include/robot_interfaces/robot_interfaces/msg/detail/encoder_info__rosidl_typesupport_introspection_cpp.hpp
[3.547s] -- Up-to-date: /home/rpi-team11/ECE4191G11/ROS_Pi/install/robot_interfaces/include/robot_interfaces/robot_interfaces/msg/detail/des_state__type_support.cpp
[3.547s] -- Up-to-date: /home/rpi-team11/ECE4191G11/ROS_Pi/install/robot_interfaces/include/robot_interfaces/robot_interfaces/msg/detail/flag__type_support.cpp
[3.548s] -- Up-to-date: /home/rpi-team11/ECE4191G11/ROS_Pi/install/robot_interfaces/include/robot_interfaces/robot_interfaces/msg/detail/qr_data__type_support.cpp
[3.548s] -- Up-to-date: /home/rpi-team11/ECE4191G11/ROS_Pi/install/robot_interfaces/include/robot_interfaces/robot_interfaces/msg/detail/qr_data__rosidl_typesupport_introspection_cpp.hpp
[3.549s] -- Up-to-date: /home/rpi-team11/ECE4191G11/ROS_Pi/install/robot_interfaces/include/robot_interfaces/robot_interfaces/msg/detail/distances__rosidl_typesupport_introspection_cpp.hpp
[3.549s] -- Up-to-date: /home/rpi-team11/ECE4191G11/ROS_Pi/install/robot_interfaces/lib/librobot_interfaces__rosidl_typesupport_introspection_cpp.so
[3.549s] -- Up-to-date: /home/rpi-team11/ECE4191G11/ROS_Pi/install/robot_interfaces/lib/librobot_interfaces__rosidl_typesupport_cpp.so
[3.550s] -- Up-to-date: /home/rpi-team11/ECE4191G11/ROS_Pi/install/robot_interfaces/share/robot_interfaces/environment/pythonpath.sh
[3.550s] -- Up-to-date: /home/rpi-team11/ECE4191G11/ROS_Pi/install/robot_interfaces/share/robot_interfaces/environment/pythonpath.dsv
[3.551s] -- Up-to-date: /home/rpi-team11/ECE4191G11/ROS_Pi/install/robot_interfaces/local/lib/python3.10/dist-packages/robot_interfaces-0.0.0-py3.10.egg-info
[3.551s] -- Installing: /home/rpi-team11/ECE4191G11/ROS_Pi/install/robot_interfaces/local/lib/python3.10/dist-packages/robot_interfaces-0.0.0-py3.10.egg-info/dependency_links.txt
[3.551s] -- Installing: /home/rpi-team11/ECE4191G11/ROS_Pi/install/robot_interfaces/local/lib/python3.10/dist-packages/robot_interfaces-0.0.0-py3.10.egg-info/top_level.txt
[3.552s] -- Installing: /home/rpi-team11/ECE4191G11/ROS_Pi/install/robot_interfaces/local/lib/python3.10/dist-packages/robot_interfaces-0.0.0-py3.10.egg-info/SOURCES.txt
[3.552s] -- Installing: /home/rpi-team11/ECE4191G11/ROS_Pi/install/robot_interfaces/local/lib/python3.10/dist-packages/robot_interfaces-0.0.0-py3.10.egg-info/PKG-INFO
[3.553s] -- Up-to-date: /home/rpi-team11/ECE4191G11/ROS_Pi/install/robot_interfaces/local/lib/python3.10/dist-packages/robot_interfaces
[3.553s] -- Up-to-date: /home/rpi-team11/ECE4191G11/ROS_Pi/install/robot_interfaces/local/lib/python3.10/dist-packages/robot_interfaces/msg
[3.554s] -- Up-to-date: /home/rpi-team11/ECE4191G11/ROS_Pi/install/robot_interfaces/local/lib/python3.10/dist-packages/robot_interfaces/msg/_obstacles.py
[3.555s] -- Up-to-date: /home/rpi-team11/ECE4191G11/ROS_Pi/install/robot_interfaces/local/lib/python3.10/dist-packages/robot_interfaces/msg/_distances.py
[3.555s] -- Up-to-date: /home/rpi-team11/ECE4191G11/ROS_Pi/install/robot_interfaces/local/lib/python3.10/dist-packages/robot_interfaces/msg/_flag_s.c
[3.556s] -- Up-to-date: /home/rpi-team11/ECE4191G11/ROS_Pi/install/robot_interfaces/local/lib/python3.10/dist-packages/robot_interfaces/msg/_encoder_info.py
[3.557s] -- Up-to-date: /home/rpi-team11/ECE4191G11/ROS_Pi/install/robot_interfaces/local/lib/python3.10/dist-packages/robot_interfaces/msg/_pose_s.c
[3.558s] -- Up-to-date: /home/rpi-team11/ECE4191G11/ROS_Pi/install/robot_interfaces/local/lib/python3.10/dist-packages/robot_interfaces/msg/__init__.py
[3.559s] -- Up-to-date: /home/rpi-team11/ECE4191G11/ROS_Pi/install/robot_interfaces/local/lib/python3.10/dist-packages/robot_interfaces/msg/_flag.py
[3.559s] -- Up-to-date: /home/rpi-team11/ECE4191G11/ROS_Pi/install/robot_interfaces/local/lib/python3.10/dist-packages/robot_interfaces/msg/_pose.py
[3.560s] -- Up-to-date: /home/rpi-team11/ECE4191G11/ROS_Pi/install/robot_interfaces/local/lib/python3.10/dist-packages/robot_interfaces/msg/_qr_data_s.c
[3.560s] -- Up-to-date: /home/rpi-team11/ECE4191G11/ROS_Pi/install/robot_interfaces/local/lib/python3.10/dist-packages/robot_interfaces/msg/_qr_data.py
[3.561s] -- Up-to-date: /home/rpi-team11/ECE4191G11/ROS_Pi/install/robot_interfaces/local/lib/python3.10/dist-packages/robot_interfaces/msg/_encoder_info_s.c
[3.562s] -- Up-to-date: /home/rpi-team11/ECE4191G11/ROS_Pi/install/robot_interfaces/local/lib/python3.10/dist-packages/robot_interfaces/msg/_obstacles_s.c
[3.562s] -- Up-to-date: /home/rpi-team11/ECE4191G11/ROS_Pi/install/robot_interfaces/local/lib/python3.10/dist-packages/robot_interfaces/msg/_des_state_s.c
[3.563s] -- Up-to-date: /home/rpi-team11/ECE4191G11/ROS_Pi/install/robot_interfaces/local/lib/python3.10/dist-packages/robot_interfaces/msg/_distances_s.c
[3.563s] -- Up-to-date: /home/rpi-team11/ECE4191G11/ROS_Pi/install/robot_interfaces/local/lib/python3.10/dist-packages/robot_interfaces/msg/_des_state.py
[3.563s] -- Up-to-date: /home/rpi-team11/ECE4191G11/ROS_Pi/install/robot_interfaces/local/lib/python3.10/dist-packages/robot_interfaces/_robot_interfaces_s.ep.rosidl_typesupport_c.c
[3.564s] -- Up-to-date: /home/rpi-team11/ECE4191G11/ROS_Pi/install/robot_interfaces/local/lib/python3.10/dist-packages/robot_interfaces/__init__.py
[3.564s] -- Up-to-date: /home/rpi-team11/ECE4191G11/ROS_Pi/install/robot_interfaces/local/lib/python3.10/dist-packages/robot_interfaces/robot_interfaces_s__rosidl_typesupport_c.cpython-310-aarch64-linux-gnu.so
[3.564s] -- Up-to-date: /home/rpi-team11/ECE4191G11/ROS_Pi/install/robot_interfaces/local/lib/python3.10/dist-packages/robot_interfaces/_robot_interfaces_s.ep.rosidl_typesupport_introspection_c.c
[3.565s] -- Up-to-date: /home/rpi-team11/ECE4191G11/ROS_Pi/install/robot_interfaces/local/lib/python3.10/dist-packages/robot_interfaces/_robot_interfaces_s.ep.rosidl_typesupport_fastrtps_c.c
[3.565s] -- Up-to-date: /home/rpi-team11/ECE4191G11/ROS_Pi/install/robot_interfaces/local/lib/python3.10/dist-packages/robot_interfaces/librobot_interfaces__rosidl_generator_py.so
[3.566s] -- Up-to-date: /home/rpi-team11/ECE4191G11/ROS_Pi/install/robot_interfaces/local/lib/python3.10/dist-packages/robot_interfaces/robot_interfaces_s__rosidl_typesupport_fastrtps_c.cpython-310-aarch64-linux-gnu.so
[3.567s] -- Up-to-date: /home/rpi-team11/ECE4191G11/ROS_Pi/install/robot_interfaces/local/lib/python3.10/dist-packages/robot_interfaces/robot_interfaces_s__rosidl_typesupport_introspection_c.cpython-310-aarch64-linux-gnu.so
[3.697s] Listing '/home/rpi-team11/ECE4191G11/ROS_Pi/install/robot_interfaces/local/lib/python3.10/dist-packages/robot_interfaces'...
[3.698s] Listing '/home/rpi-team11/ECE4191G11/ROS_Pi/install/robot_interfaces/local/lib/python3.10/dist-packages/robot_interfaces/msg'...
[3.722s] -- Up-to-date: /home/rpi-team11/ECE4191G11/ROS_Pi/install/robot_interfaces/local/lib/python3.10/dist-packages/robot_interfaces/robot_interfaces_s__rosidl_typesupport_fastrtps_c.cpython-310-aarch64-linux-gnu.so
[3.724s] -- Up-to-date: /home/rpi-team11/ECE4191G11/ROS_Pi/install/robot_interfaces/local/lib/python3.10/dist-packages/robot_interfaces/robot_interfaces_s__rosidl_typesupport_introspection_c.cpython-310-aarch64-linux-gnu.so
[3.727s] -- Up-to-date: /home/rpi-team11/ECE4191G11/ROS_Pi/install/robot_interfaces/local/lib/python3.10/dist-packages/robot_interfaces/robot_interfaces_s__rosidl_typesupport_c.cpython-310-aarch64-linux-gnu.so
[3.729s] -- Up-to-date: /home/rpi-team11/ECE4191G11/ROS_Pi/install/robot_interfaces/lib/librobot_interfaces__rosidl_generator_py.so
[3.731s] -- Up-to-date: /home/rpi-team11/ECE4191G11/ROS_Pi/install/robot_interfaces/share/robot_interfaces/msg/DesState.idl
[3.733s] -- Up-to-date: /home/rpi-team11/ECE4191G11/ROS_Pi/install/robot_interfaces/share/robot_interfaces/msg/Pose.idl
[3.734s] -- Up-to-date: /home/rpi-team11/ECE4191G11/ROS_Pi/install/robot_interfaces/share/robot_interfaces/msg/Distances.idl
[3.735s] -- Up-to-date: /home/rpi-team11/ECE4191G11/ROS_Pi/install/robot_interfaces/share/robot_interfaces/msg/EncoderInfo.idl
[3.737s] -- Up-to-date: /home/rpi-team11/ECE4191G11/ROS_Pi/install/robot_interfaces/share/robot_interfaces/msg/Obstacles.idl
[3.738s] -- Up-to-date: /home/rpi-team11/ECE4191G11/ROS_Pi/install/robot_interfaces/share/robot_interfaces/msg/QRData.idl
[3.739s] -- Up-to-date: /home/rpi-team11/ECE4191G11/ROS_Pi/install/robot_interfaces/share/robot_interfaces/msg/Flag.idl
[3.740s] -- Up-to-date: /home/rpi-team11/ECE4191G11/ROS_Pi/install/robot_interfaces/share/robot_interfaces/msg/DesState.msg
[3.741s] -- Up-to-date: /home/rpi-team11/ECE4191G11/ROS_Pi/install/robot_interfaces/share/robot_interfaces/msg/Pose.msg
[3.742s] -- Up-to-date: /home/rpi-team11/ECE4191G11/ROS_Pi/install/robot_interfaces/share/robot_interfaces/msg/Distances.msg
[3.743s] -- Up-to-date: /home/rpi-team11/ECE4191G11/ROS_Pi/install/robot_interfaces/share/robot_interfaces/msg/EncoderInfo.msg
[3.743s] -- Up-to-date: /home/rpi-team11/ECE4191G11/ROS_Pi/install/robot_interfaces/share/robot_interfaces/msg/Obstacles.msg
[3.744s] -- Up-to-date: /home/rpi-team11/ECE4191G11/ROS_Pi/install/robot_interfaces/share/robot_interfaces/msg/QRData.msg
[3.745s] -- Up-to-date: /home/rpi-team11/ECE4191G11/ROS_Pi/install/robot_interfaces/share/robot_interfaces/msg/Flag.msg
[3.746s] -- Up-to-date: /home/rpi-team11/ECE4191G11/ROS_Pi/install/robot_interfaces/share/ament_index/resource_index/package_run_dependencies/robot_interfaces
[3.746s] -- Up-to-date: /home/rpi-team11/ECE4191G11/ROS_Pi/install/robot_interfaces/share/ament_index/resource_index/parent_prefix_path/robot_interfaces
[3.747s] -- Up-to-date: /home/rpi-team11/ECE4191G11/ROS_Pi/install/robot_interfaces/share/robot_interfaces/environment/ament_prefix_path.sh
[3.748s] -- Up-to-date: /home/rpi-team11/ECE4191G11/ROS_Pi/install/robot_interfaces/share/robot_interfaces/environment/ament_prefix_path.dsv
[3.749s] -- Up-to-date: /home/rpi-team11/ECE4191G11/ROS_Pi/install/robot_interfaces/share/robot_interfaces/environment/path.sh
[3.750s] -- Up-to-date: /home/rpi-team11/ECE4191G11/ROS_Pi/install/robot_interfaces/share/robot_interfaces/environment/path.dsv
[3.751s] -- Up-to-date: /home/rpi-team11/ECE4191G11/ROS_Pi/install/robot_interfaces/share/robot_interfaces/local_setup.bash
[3.752s] -- Up-to-date: /home/rpi-team11/ECE4191G11/ROS_Pi/install/robot_interfaces/share/robot_interfaces/local_setup.sh
[3.752s] -- Up-to-date: /home/rpi-team11/ECE4191G11/ROS_Pi/install/robot_interfaces/share/robot_interfaces/local_setup.zsh
[3.753s] -- Up-to-date: /home/rpi-team11/ECE4191G11/ROS_Pi/install/robot_interfaces/share/robot_interfaces/local_setup.dsv
[3.754s] -- Installing: /home/rpi-team11/ECE4191G11/ROS_Pi/install/robot_interfaces/share/robot_interfaces/package.dsv
[3.755s] -- Up-to-date: /home/rpi-team11/ECE4191G11/ROS_Pi/install/robot_interfaces/share/ament_index/resource_index/packages/robot_interfaces
[3.756s] -- Up-to-date: /home/rpi-team11/ECE4191G11/ROS_Pi/install/robot_interfaces/share/robot_interfaces/cmake/export_robot_interfaces__rosidl_generator_cExport.cmake
[3.756s] -- Up-to-date: /home/rpi-team11/ECE4191G11/ROS_Pi/install/robot_interfaces/share/robot_interfaces/cmake/export_robot_interfaces__rosidl_generator_cExport-noconfig.cmake
[3.757s] -- Up-to-date: /home/rpi-team11/ECE4191G11/ROS_Pi/install/robot_interfaces/share/robot_interfaces/cmake/export_robot_interfaces__rosidl_typesupport_fastrtps_cExport.cmake
[3.758s] -- Up-to-date: /home/rpi-team11/ECE4191G11/ROS_Pi/install/robot_interfaces/share/robot_interfaces/cmake/export_robot_interfaces__rosidl_typesupport_fastrtps_cExport-noconfig.cmake
[3.759s] -- Up-to-date: /home/rpi-team11/ECE4191G11/ROS_Pi/install/robot_interfaces/share/robot_interfaces/cmake/robot_interfaces__rosidl_typesupport_introspection_cExport.cmake
[3.760s] -- Up-to-date: /home/rpi-team11/ECE4191G11/ROS_Pi/install/robot_interfaces/share/robot_interfaces/cmake/robot_interfaces__rosidl_typesupport_introspection_cExport-noconfig.cmake
[3.761s] -- Up-to-date: /home/rpi-team11/ECE4191G11/ROS_Pi/install/robot_interfaces/share/robot_interfaces/cmake/robot_interfaces__rosidl_typesupport_cExport.cmake
[3.762s] -- Up-to-date: /home/rpi-team11/ECE4191G11/ROS_Pi/install/robot_interfaces/share/robot_interfaces/cmake/robot_interfaces__rosidl_typesupport_cExport-noconfig.cmake
[3.763s] -- Up-to-date: /home/rpi-team11/ECE4191G11/ROS_Pi/install/robot_interfaces/share/robot_interfaces/cmake/export_robot_interfaces__rosidl_generator_cppExport.cmake
[3.765s] -- Up-to-date: /home/rpi-team11/ECE4191G11/ROS_Pi/install/robot_interfaces/share/robot_interfaces/cmake/export_robot_interfaces__rosidl_typesupport_fastrtps_cppExport.cmake
[3.765s] -- Up-to-date: /home/rpi-team11/ECE4191G11/ROS_Pi/install/robot_interfaces/share/robot_interfaces/cmake/export_robot_interfaces__rosidl_typesupport_fastrtps_cppExport-noconfig.cmake
[3.766s] -- Up-to-date: /home/rpi-team11/ECE4191G11/ROS_Pi/install/robot_interfaces/share/robot_interfaces/cmake/robot_interfaces__rosidl_typesupport_introspection_cppExport.cmake
[3.766s] -- Up-to-date: /home/rpi-team11/ECE4191G11/ROS_Pi/install/robot_interfaces/share/robot_interfaces/cmake/robot_interfaces__rosidl_typesupport_introspection_cppExport-noconfig.cmake
[3.767s] -- Up-to-date: /home/rpi-team11/ECE4191G11/ROS_Pi/install/robot_interfaces/share/robot_interfaces/cmake/robot_interfaces__rosidl_typesupport_cppExport.cmake
[3.768s] -- Up-to-date: /home/rpi-team11/ECE4191G11/ROS_Pi/install/robot_interfaces/share/robot_interfaces/cmake/robot_interfaces__rosidl_typesupport_cppExport-noconfig.cmake
[3.768s] -- Up-to-date: /home/rpi-team11/ECE4191G11/ROS_Pi/install/robot_interfaces/share/robot_interfaces/cmake/export_robot_interfaces__rosidl_generator_pyExport.cmake
[3.769s] -- Up-to-date: /home/rpi-team11/ECE4191G11/ROS_Pi/install/robot_interfaces/share/robot_interfaces/cmake/export_robot_interfaces__rosidl_generator_pyExport-noconfig.cmake
[3.770s] -- Up-to-date: /home/rpi-team11/ECE4191G11/ROS_Pi/install/robot_interfaces/share/robot_interfaces/cmake/rosidl_cmake-extras.cmake
[3.771s] -- Up-to-date: /home/rpi-team11/ECE4191G11/ROS_Pi/install/robot_interfaces/share/robot_interfaces/cmake/ament_cmake_export_include_directories-extras.cmake
[3.772s] -- Up-to-date: /home/rpi-team11/ECE4191G11/ROS_Pi/install/robot_interfaces/share/robot_interfaces/cmake/ament_cmake_export_libraries-extras.cmake
[3.774s] -- Up-to-date: /home/rpi-team11/ECE4191G11/ROS_Pi/install/robot_interfaces/share/robot_interfaces/cmake/ament_cmake_export_targets-extras.cmake
[3.776s] -- Up-to-date: /home/rpi-team11/ECE4191G11/ROS_Pi/install/robot_interfaces/share/robot_interfaces/cmake/rosidl_cmake_export_typesupport_targets-extras.cmake
[3.780s] -- Up-to-date: /home/rpi-team11/ECE4191G11/ROS_Pi/install/robot_interfaces/share/robot_interfaces/cmake/ament_cmake_export_dependencies-extras.cmake
[3.780s] -- Up-to-date: /home/rpi-team11/ECE4191G11/ROS_Pi/install/robot_interfaces/share/robot_interfaces/cmake/rosidl_cmake_export_typesupport_libraries-extras.cmake
[3.781s] -- Up-to-date: /home/rpi-team11/ECE4191G11/ROS_Pi/install/robot_interfaces/share/robot_interfaces/cmake/robot_interfacesConfig.cmake
[3.782s] -- Up-to-date: /home/rpi-team11/ECE4191G11/ROS_Pi/install/robot_interfaces/share/robot_interfaces/cmake/robot_interfacesConfig-version.cmake
[3.782s] -- Up-to-date: /home/rpi-team11/ECE4191G11/ROS_Pi/install/robot_interfaces/share/robot_interfaces/package.xml
[3.783s] Invoked command in '/home/rpi-team11/ECE4191G11/ROS_Pi/build/robot_interfaces' returned '0': CMAKE_PREFIX_PATH=${CMAKE_PREFIX_PATH}:/home/rpi-team11/ECE4191G11/ROS_Pi/install/robot_controller:/opt/ros/humble /usr/bin/cmake --install /home/rpi-team11/ECE4191G11/ROS_Pi/build/robot_interfaces
