[0.021s] Invoking command in '/home/lingc/ECE4191G11/ROS/build/robot_interfaces': CMAKE_PREFIX_PATH=${CMAKE_PREFIX_PATH}:/home/lingc/ECE4191G11/ROS/install/robot_controller:/opt/ros/humble /usr/bin/cmake --build /home/lingc/ECE4191G11/ROS/build/robot_interfaces -- -j4 -l4
[0.099s] [35m[1mConsolidate compiler generated dependencies of target robot_interfaces__rosidl_generator_c[0m
[0.116s] [  1%] Built target robot_interfaces__cpp
[0.126s] [ 12%] Built target robot_interfaces__rosidl_generator_c
[0.146s] [35m[1mConsolidate compiler generated dependencies of target robot_interfaces__rosidl_typesupport_introspection_cpp[0m
[0.151s] [35m[1mConsolidate compiler generated dependencies of target robot_interfaces__rosidl_typesupport_cpp[0m
[0.156s] [ 12%] Built target ament_cmake_python_copy_robot_interfaces
[0.156s] [35m[1mConsolidate compiler generated dependencies of target robot_interfaces__rosidl_typesupport_fastrtps_cpp[0m
[0.175s] [ 23%] Built target robot_interfaces__rosidl_typesupport_introspection_cpp
[0.177s] [ 34%] Built target robot_interfaces__rosidl_typesupport_cpp
[0.178s] [35m[1mConsolidate compiler generated dependencies of target robot_interfaces__rosidl_typesupport_fastrtps_c[0m
[0.181s] [ 45%] Built target robot_interfaces__rosidl_typesupport_fastrtps_cpp
[0.192s] [35m[1mConsolidate compiler generated dependencies of target robot_interfaces__rosidl_typesupport_introspection_c[0m
[0.194s] [35m[1mConsolidate compiler generated dependencies of target robot_interfaces__rosidl_typesupport_c[0m
[0.203s] [ 56%] Built target robot_interfaces__rosidl_typesupport_fastrtps_c
[0.211s] [ 67%] Built target robot_interfaces__rosidl_typesupport_introspection_c
[0.214s] [ 78%] Built target robot_interfaces__rosidl_typesupport_c
[0.241s] [ 78%] Built target robot_interfaces
[0.268s] [ 80%] Built target robot_interfaces__py
[0.282s] [35m[1mConsolidate compiler generated dependencies of target robot_interfaces__rosidl_generator_py[0m
[0.303s] [ 89%] Built target robot_interfaces__rosidl_generator_py
[0.325s] [35m[1mConsolidate compiler generated dependencies of target robot_interfaces__rosidl_typesupport_fastrtps_c__pyext[0m
[0.335s] [35m[1mConsolidate compiler generated dependencies of target robot_interfaces__rosidl_typesupport_c__pyext[0m
[0.336s] [35m[1mConsolidate compiler generated dependencies of target robot_interfaces__rosidl_typesupport_introspection_c__pyext[0m
[0.346s] [ 92%] Built target robot_interfaces__rosidl_typesupport_fastrtps_c__pyext
[0.354s] [ 96%] Built target robot_interfaces__rosidl_typesupport_introspection_c__pyext
[0.357s] [100%] Built target robot_interfaces__rosidl_typesupport_c__pyext
[0.458s] running egg_info
[0.460s] writing robot_interfaces.egg-info/PKG-INFO
[0.463s] writing dependency_links to robot_interfaces.egg-info/dependency_links.txt
[0.463s] writing top-level names to robot_interfaces.egg-info/top_level.txt
[0.465s] reading manifest file 'robot_interfaces.egg-info/SOURCES.txt'
[0.466s] writing manifest file 'robot_interfaces.egg-info/SOURCES.txt'
[0.495s] [100%] Built target ament_cmake_python_build_robot_interfaces_egg
[0.511s] Invoked command in '/home/lingc/ECE4191G11/ROS/build/robot_interfaces' returned '0': CMAKE_PREFIX_PATH=${CMAKE_PREFIX_PATH}:/home/lingc/ECE4191G11/ROS/install/robot_controller:/opt/ros/humble /usr/bin/cmake --build /home/lingc/ECE4191G11/ROS/build/robot_interfaces -- -j4 -l4
[0.869s] Invoking command in '/home/lingc/ECE4191G11/ROS/build/robot_interfaces': CMAKE_PREFIX_PATH=${CMAKE_PREFIX_PATH}:/home/lingc/ECE4191G11/ROS/install/robot_controller:/opt/ros/humble /usr/bin/cmake --install /home/lingc/ECE4191G11/ROS/build/robot_interfaces
[0.883s] -- Install configuration: ""
[0.883s] -- Up-to-date: /home/lingc/ECE4191G11/ROS/install/robot_interfaces/share/ament_index/resource_index/rosidl_interfaces/robot_interfaces
[0.883s] -- Up-to-date: /home/lingc/ECE4191G11/ROS/install/robot_interfaces/include/robot_interfaces/robot_interfaces
[0.884s] -- Up-to-date: /home/lingc/ECE4191G11/ROS/install/robot_interfaces/include/robot_interfaces/robot_interfaces/msg
[0.884s] -- Up-to-date: /home/lingc/ECE4191G11/ROS/install/robot_interfaces/include/robot_interfaces/robot_interfaces/msg/encoder_info.h
[0.884s] -- Up-to-date: /home/lingc/ECE4191G11/ROS/install/robot_interfaces/include/robot_interfaces/robot_interfaces/msg/waypoint.h
[0.884s] -- Up-to-date: /home/lingc/ECE4191G11/ROS/install/robot_interfaces/include/robot_interfaces/robot_interfaces/msg/detail
[0.884s] -- Up-to-date: /home/lingc/ECE4191G11/ROS/install/robot_interfaces/include/robot_interfaces/robot_interfaces/msg/detail/waypoint__functions.c
[0.884s] -- Up-to-date: /home/lingc/ECE4191G11/ROS/install/robot_interfaces/include/robot_interfaces/robot_interfaces/msg/detail/encoder_info__functions.c
[0.885s] -- Up-to-date: /home/lingc/ECE4191G11/ROS/install/robot_interfaces/include/robot_interfaces/robot_interfaces/msg/detail/pose__functions.h
[0.885s] -- Up-to-date: /home/lingc/ECE4191G11/ROS/install/robot_interfaces/include/robot_interfaces/robot_interfaces/msg/detail/distances__functions.c
[0.885s] -- Up-to-date: /home/lingc/ECE4191G11/ROS/install/robot_interfaces/include/robot_interfaces/robot_interfaces/msg/detail/distances__functions.h
[0.885s] -- Up-to-date: /home/lingc/ECE4191G11/ROS/install/robot_interfaces/include/robot_interfaces/robot_interfaces/msg/detail/waypoint__type_support.h
[0.886s] -- Up-to-date: /home/lingc/ECE4191G11/ROS/install/robot_interfaces/include/robot_interfaces/robot_interfaces/msg/detail/distances__type_support.h
[0.886s] -- Up-to-date: /home/lingc/ECE4191G11/ROS/install/robot_interfaces/include/robot_interfaces/robot_interfaces/msg/detail/encoder_info__type_support.h
[0.886s] -- Up-to-date: /home/lingc/ECE4191G11/ROS/install/robot_interfaces/include/robot_interfaces/robot_interfaces/msg/detail/encoder_info__functions.h
[0.886s] -- Up-to-date: /home/lingc/ECE4191G11/ROS/install/robot_interfaces/include/robot_interfaces/robot_interfaces/msg/detail/pose__functions.c
[0.887s] -- Up-to-date: /home/lingc/ECE4191G11/ROS/install/robot_interfaces/include/robot_interfaces/robot_interfaces/msg/detail/waypoint__functions.h
[0.887s] -- Up-to-date: /home/lingc/ECE4191G11/ROS/install/robot_interfaces/include/robot_interfaces/robot_interfaces/msg/detail/pose__type_support.h
[0.887s] -- Up-to-date: /home/lingc/ECE4191G11/ROS/install/robot_interfaces/include/robot_interfaces/robot_interfaces/msg/detail/pose__struct.h
[0.887s] -- Up-to-date: /home/lingc/ECE4191G11/ROS/install/robot_interfaces/include/robot_interfaces/robot_interfaces/msg/detail/encoder_info__struct.h
[0.887s] -- Up-to-date: /home/lingc/ECE4191G11/ROS/install/robot_interfaces/include/robot_interfaces/robot_interfaces/msg/detail/distances__struct.h
[0.887s] -- Up-to-date: /home/lingc/ECE4191G11/ROS/install/robot_interfaces/include/robot_interfaces/robot_interfaces/msg/detail/waypoint__struct.h
[0.888s] -- Up-to-date: /home/lingc/ECE4191G11/ROS/install/robot_interfaces/include/robot_interfaces/robot_interfaces/msg/rosidl_generator_c__visibility_control.h
[0.888s] -- Up-to-date: /home/lingc/ECE4191G11/ROS/install/robot_interfaces/include/robot_interfaces/robot_interfaces/msg/pose.h
[0.888s] -- Up-to-date: /home/lingc/ECE4191G11/ROS/install/robot_interfaces/include/robot_interfaces/robot_interfaces/msg/distances.h
[0.888s] -- Up-to-date: /home/lingc/ECE4191G11/ROS/install/robot_interfaces/share/robot_interfaces/environment/library_path.sh
[0.888s] -- Up-to-date: /home/lingc/ECE4191G11/ROS/install/robot_interfaces/share/robot_interfaces/environment/library_path.dsv
[0.888s] -- Up-to-date: /home/lingc/ECE4191G11/ROS/install/robot_interfaces/lib/librobot_interfaces__rosidl_generator_c.so
[0.888s] -- Up-to-date: /home/lingc/ECE4191G11/ROS/install/robot_interfaces/include/robot_interfaces/robot_interfaces
[0.888s] -- Up-to-date: /home/lingc/ECE4191G11/ROS/install/robot_interfaces/include/robot_interfaces/robot_interfaces/msg
[0.888s] -- Up-to-date: /home/lingc/ECE4191G11/ROS/install/robot_interfaces/include/robot_interfaces/robot_interfaces/msg/detail
[0.893s] -- Up-to-date: /home/lingc/ECE4191G11/ROS/install/robot_interfaces/include/robot_interfaces/robot_interfaces/msg/detail/waypoint__rosidl_typesupport_fastrtps_c.h
[0.893s] -- Up-to-date: /home/lingc/ECE4191G11/ROS/install/robot_interfaces/include/robot_interfaces/robot_interfaces/msg/detail/distances__rosidl_typesupport_fastrtps_c.h
[0.893s] -- Up-to-date: /home/lingc/ECE4191G11/ROS/install/robot_interfaces/include/robot_interfaces/robot_interfaces/msg/detail/encoder_info__rosidl_typesupport_fastrtps_c.h
[0.894s] -- Up-to-date: /home/lingc/ECE4191G11/ROS/install/robot_interfaces/include/robot_interfaces/robot_interfaces/msg/detail/pose__rosidl_typesupport_fastrtps_c.h
[0.894s] -- Up-to-date: /home/lingc/ECE4191G11/ROS/install/robot_interfaces/include/robot_interfaces/robot_interfaces/msg/rosidl_typesupport_fastrtps_c__visibility_control.h
[0.894s] -- Up-to-date: /home/lingc/ECE4191G11/ROS/install/robot_interfaces/lib/librobot_interfaces__rosidl_typesupport_fastrtps_c.so
[0.894s] -- Up-to-date: /home/lingc/ECE4191G11/ROS/install/robot_interfaces/include/robot_interfaces/robot_interfaces
[0.894s] -- Up-to-date: /home/lingc/ECE4191G11/ROS/install/robot_interfaces/include/robot_interfaces/robot_interfaces/msg
[0.895s] -- Up-to-date: /home/lingc/ECE4191G11/ROS/install/robot_interfaces/include/robot_interfaces/robot_interfaces/msg/rosidl_typesupport_introspection_c__visibility_control.h
[0.895s] -- Up-to-date: /home/lingc/ECE4191G11/ROS/install/robot_interfaces/include/robot_interfaces/robot_interfaces/msg/detail
[0.895s] -- Up-to-date: /home/lingc/ECE4191G11/ROS/install/robot_interfaces/include/robot_interfaces/robot_interfaces/msg/detail/encoder_info__rosidl_typesupport_introspection_c.h
[0.895s] -- Up-to-date: /home/lingc/ECE4191G11/ROS/install/robot_interfaces/include/robot_interfaces/robot_interfaces/msg/detail/distances__rosidl_typesupport_introspection_c.h
[0.896s] -- Up-to-date: /home/lingc/ECE4191G11/ROS/install/robot_interfaces/include/robot_interfaces/robot_interfaces/msg/detail/waypoint__type_support.c
[0.896s] -- Up-to-date: /home/lingc/ECE4191G11/ROS/install/robot_interfaces/include/robot_interfaces/robot_interfaces/msg/detail/pose__type_support.c
[0.896s] -- Up-to-date: /home/lingc/ECE4191G11/ROS/install/robot_interfaces/include/robot_interfaces/robot_interfaces/msg/detail/encoder_info__type_support.c
[0.897s] -- Up-to-date: /home/lingc/ECE4191G11/ROS/install/robot_interfaces/include/robot_interfaces/robot_interfaces/msg/detail/pose__rosidl_typesupport_introspection_c.h
[0.897s] -- Up-to-date: /home/lingc/ECE4191G11/ROS/install/robot_interfaces/include/robot_interfaces/robot_interfaces/msg/detail/distances__type_support.c
[0.897s] -- Up-to-date: /home/lingc/ECE4191G11/ROS/install/robot_interfaces/include/robot_interfaces/robot_interfaces/msg/detail/waypoint__rosidl_typesupport_introspection_c.h
[0.898s] -- Up-to-date: /home/lingc/ECE4191G11/ROS/install/robot_interfaces/lib/librobot_interfaces__rosidl_typesupport_introspection_c.so
[0.898s] -- Up-to-date: /home/lingc/ECE4191G11/ROS/install/robot_interfaces/lib/librobot_interfaces__rosidl_typesupport_c.so
[0.899s] -- Up-to-date: /home/lingc/ECE4191G11/ROS/install/robot_interfaces/include/robot_interfaces/robot_interfaces
[0.899s] -- Up-to-date: /home/lingc/ECE4191G11/ROS/install/robot_interfaces/include/robot_interfaces/robot_interfaces/msg
[0.899s] -- Up-to-date: /home/lingc/ECE4191G11/ROS/install/robot_interfaces/include/robot_interfaces/robot_interfaces/msg/waypoint.hpp
[0.899s] -- Up-to-date: /home/lingc/ECE4191G11/ROS/install/robot_interfaces/include/robot_interfaces/robot_interfaces/msg/encoder_info.hpp
[0.900s] -- Up-to-date: /home/lingc/ECE4191G11/ROS/install/robot_interfaces/include/robot_interfaces/robot_interfaces/msg/pose.hpp
[0.900s] -- Up-to-date: /home/lingc/ECE4191G11/ROS/install/robot_interfaces/include/robot_interfaces/robot_interfaces/msg/detail
[0.900s] -- Up-to-date: /home/lingc/ECE4191G11/ROS/install/robot_interfaces/include/robot_interfaces/robot_interfaces/msg/detail/pose__builder.hpp
[0.900s] -- Up-to-date: /home/lingc/ECE4191G11/ROS/install/robot_interfaces/include/robot_interfaces/robot_interfaces/msg/detail/encoder_info__struct.hpp
[0.901s] -- Up-to-date: /home/lingc/ECE4191G11/ROS/install/robot_interfaces/include/robot_interfaces/robot_interfaces/msg/detail/waypoint__builder.hpp
[0.901s] -- Up-to-date: /home/lingc/ECE4191G11/ROS/install/robot_interfaces/include/robot_interfaces/robot_interfaces/msg/detail/waypoint__struct.hpp
[0.901s] -- Up-to-date: /home/lingc/ECE4191G11/ROS/install/robot_interfaces/include/robot_interfaces/robot_interfaces/msg/detail/encoder_info__builder.hpp
[0.901s] -- Up-to-date: /home/lingc/ECE4191G11/ROS/install/robot_interfaces/include/robot_interfaces/robot_interfaces/msg/detail/waypoint__traits.hpp
[0.902s] -- Up-to-date: /home/lingc/ECE4191G11/ROS/install/robot_interfaces/include/robot_interfaces/robot_interfaces/msg/detail/encoder_info__traits.hpp
[0.902s] -- Up-to-date: /home/lingc/ECE4191G11/ROS/install/robot_interfaces/include/robot_interfaces/robot_interfaces/msg/detail/distances__builder.hpp
[0.902s] -- Up-to-date: /home/lingc/ECE4191G11/ROS/install/robot_interfaces/include/robot_interfaces/robot_interfaces/msg/detail/distances__traits.hpp
[0.902s] -- Up-to-date: /home/lingc/ECE4191G11/ROS/install/robot_interfaces/include/robot_interfaces/robot_interfaces/msg/detail/pose__traits.hpp
[0.902s] -- Up-to-date: /home/lingc/ECE4191G11/ROS/install/robot_interfaces/include/robot_interfaces/robot_interfaces/msg/detail/pose__struct.hpp
[0.902s] -- Up-to-date: /home/lingc/ECE4191G11/ROS/install/robot_interfaces/include/robot_interfaces/robot_interfaces/msg/detail/distances__struct.hpp
[0.903s] -- Up-to-date: /home/lingc/ECE4191G11/ROS/install/robot_interfaces/include/robot_interfaces/robot_interfaces/msg/distances.hpp
[0.903s] -- Up-to-date: /home/lingc/ECE4191G11/ROS/install/robot_interfaces/include/robot_interfaces/robot_interfaces
[0.903s] -- Up-to-date: /home/lingc/ECE4191G11/ROS/install/robot_interfaces/include/robot_interfaces/robot_interfaces/msg
[0.903s] -- Up-to-date: /home/lingc/ECE4191G11/ROS/install/robot_interfaces/include/robot_interfaces/robot_interfaces/msg/detail
[0.903s] -- Up-to-date: /home/lingc/ECE4191G11/ROS/install/robot_interfaces/include/robot_interfaces/robot_interfaces/msg/detail/waypoint__rosidl_typesupport_fastrtps_cpp.hpp
[0.903s] -- Up-to-date: /home/lingc/ECE4191G11/ROS/install/robot_interfaces/include/robot_interfaces/robot_interfaces/msg/detail/dds_fastrtps
[0.903s] -- Up-to-date: /home/lingc/ECE4191G11/ROS/install/robot_interfaces/include/robot_interfaces/robot_interfaces/msg/detail/encoder_info__rosidl_typesupport_fastrtps_cpp.hpp
[0.904s] -- Up-to-date: /home/lingc/ECE4191G11/ROS/install/robot_interfaces/include/robot_interfaces/robot_interfaces/msg/detail/pose__rosidl_typesupport_fastrtps_cpp.hpp
[0.904s] -- Up-to-date: /home/lingc/ECE4191G11/ROS/install/robot_interfaces/include/robot_interfaces/robot_interfaces/msg/detail/distances__rosidl_typesupport_fastrtps_cpp.hpp
[0.904s] -- Up-to-date: /home/lingc/ECE4191G11/ROS/install/robot_interfaces/include/robot_interfaces/robot_interfaces/msg/rosidl_typesupport_fastrtps_cpp__visibility_control.h
[0.904s] -- Up-to-date: /home/lingc/ECE4191G11/ROS/install/robot_interfaces/lib/librobot_interfaces__rosidl_typesupport_fastrtps_cpp.so
[0.905s] -- Up-to-date: /home/lingc/ECE4191G11/ROS/install/robot_interfaces/include/robot_interfaces/robot_interfaces
[0.905s] -- Up-to-date: /home/lingc/ECE4191G11/ROS/install/robot_interfaces/include/robot_interfaces/robot_interfaces/msg
[0.905s] -- Up-to-date: /home/lingc/ECE4191G11/ROS/install/robot_interfaces/include/robot_interfaces/robot_interfaces/msg/detail
[0.905s] -- Up-to-date: /home/lingc/ECE4191G11/ROS/install/robot_interfaces/include/robot_interfaces/robot_interfaces/msg/detail/distances__rosidl_typesupport_introspection_cpp.hpp
[0.905s] -- Up-to-date: /home/lingc/ECE4191G11/ROS/install/robot_interfaces/include/robot_interfaces/robot_interfaces/msg/detail/pose__rosidl_typesupport_introspection_cpp.hpp
[0.906s] -- Up-to-date: /home/lingc/ECE4191G11/ROS/install/robot_interfaces/include/robot_interfaces/robot_interfaces/msg/detail/encoder_info__rosidl_typesupport_introspection_cpp.hpp
[0.906s] -- Up-to-date: /home/lingc/ECE4191G11/ROS/install/robot_interfaces/include/robot_interfaces/robot_interfaces/msg/detail/waypoint__type_support.cpp
[0.906s] -- Up-to-date: /home/lingc/ECE4191G11/ROS/install/robot_interfaces/include/robot_interfaces/robot_interfaces/msg/detail/waypoint__rosidl_typesupport_introspection_cpp.hpp
[0.906s] -- Up-to-date: /home/lingc/ECE4191G11/ROS/install/robot_interfaces/include/robot_interfaces/robot_interfaces/msg/detail/distances__type_support.cpp
[0.906s] -- Up-to-date: /home/lingc/ECE4191G11/ROS/install/robot_interfaces/include/robot_interfaces/robot_interfaces/msg/detail/pose__type_support.cpp
[0.906s] -- Up-to-date: /home/lingc/ECE4191G11/ROS/install/robot_interfaces/include/robot_interfaces/robot_interfaces/msg/detail/encoder_info__type_support.cpp
[0.906s] -- Up-to-date: /home/lingc/ECE4191G11/ROS/install/robot_interfaces/lib/librobot_interfaces__rosidl_typesupport_introspection_cpp.so
[0.906s] -- Up-to-date: /home/lingc/ECE4191G11/ROS/install/robot_interfaces/lib/librobot_interfaces__rosidl_typesupport_cpp.so
[0.907s] -- Up-to-date: /home/lingc/ECE4191G11/ROS/install/robot_interfaces/share/robot_interfaces/environment/pythonpath.sh
[0.907s] -- Up-to-date: /home/lingc/ECE4191G11/ROS/install/robot_interfaces/share/robot_interfaces/environment/pythonpath.dsv
[0.907s] -- Up-to-date: /home/lingc/ECE4191G11/ROS/install/robot_interfaces/local/lib/python3.10/dist-packages/robot_interfaces-0.0.0-py3.10.egg-info
[0.907s] -- Installing: /home/lingc/ECE4191G11/ROS/install/robot_interfaces/local/lib/python3.10/dist-packages/robot_interfaces-0.0.0-py3.10.egg-info/PKG-INFO
[0.908s] -- Installing: /home/lingc/ECE4191G11/ROS/install/robot_interfaces/local/lib/python3.10/dist-packages/robot_interfaces-0.0.0-py3.10.egg-info/dependency_links.txt
[0.908s] -- Installing: /home/lingc/ECE4191G11/ROS/install/robot_interfaces/local/lib/python3.10/dist-packages/robot_interfaces-0.0.0-py3.10.egg-info/top_level.txt
[0.908s] -- Installing: /home/lingc/ECE4191G11/ROS/install/robot_interfaces/local/lib/python3.10/dist-packages/robot_interfaces-0.0.0-py3.10.egg-info/SOURCES.txt
[0.909s] -- Up-to-date: /home/lingc/ECE4191G11/ROS/install/robot_interfaces/local/lib/python3.10/dist-packages/robot_interfaces
[0.909s] -- Up-to-date: /home/lingc/ECE4191G11/ROS/install/robot_interfaces/local/lib/python3.10/dist-packages/robot_interfaces/msg
[0.909s] -- Up-to-date: /home/lingc/ECE4191G11/ROS/install/robot_interfaces/local/lib/python3.10/dist-packages/robot_interfaces/msg/_waypoint_s.c
[0.910s] -- Up-to-date: /home/lingc/ECE4191G11/ROS/install/robot_interfaces/local/lib/python3.10/dist-packages/robot_interfaces/msg/_distances.py
[0.911s] -- Up-to-date: /home/lingc/ECE4191G11/ROS/install/robot_interfaces/local/lib/python3.10/dist-packages/robot_interfaces/msg/__init__.py
[0.911s] -- Up-to-date: /home/lingc/ECE4191G11/ROS/install/robot_interfaces/local/lib/python3.10/dist-packages/robot_interfaces/msg/_waypoint.py
[0.911s] -- Up-to-date: /home/lingc/ECE4191G11/ROS/install/robot_interfaces/local/lib/python3.10/dist-packages/robot_interfaces/msg/_distances_s.c
[0.911s] -- Up-to-date: /home/lingc/ECE4191G11/ROS/install/robot_interfaces/local/lib/python3.10/dist-packages/robot_interfaces/msg/_encoder_info_s.c
[0.911s] -- Up-to-date: /home/lingc/ECE4191G11/ROS/install/robot_interfaces/local/lib/python3.10/dist-packages/robot_interfaces/msg/_pose_s.c
[0.911s] -- Up-to-date: /home/lingc/ECE4191G11/ROS/install/robot_interfaces/local/lib/python3.10/dist-packages/robot_interfaces/msg/_pose.py
[0.911s] -- Up-to-date: /home/lingc/ECE4191G11/ROS/install/robot_interfaces/local/lib/python3.10/dist-packages/robot_interfaces/msg/_encoder_info.py
[0.911s] -- Up-to-date: /home/lingc/ECE4191G11/ROS/install/robot_interfaces/local/lib/python3.10/dist-packages/robot_interfaces/_robot_interfaces_s.ep.rosidl_typesupport_c.c
[0.912s] -- Up-to-date: /home/lingc/ECE4191G11/ROS/install/robot_interfaces/local/lib/python3.10/dist-packages/robot_interfaces/librobot_interfaces__rosidl_generator_py.so
[0.912s] -- Up-to-date: /home/lingc/ECE4191G11/ROS/install/robot_interfaces/local/lib/python3.10/dist-packages/robot_interfaces/__init__.py
[0.912s] -- Up-to-date: /home/lingc/ECE4191G11/ROS/install/robot_interfaces/local/lib/python3.10/dist-packages/robot_interfaces/robot_interfaces_s__rosidl_typesupport_c.cpython-310-x86_64-linux-gnu.so
[0.912s] -- Up-to-date: /home/lingc/ECE4191G11/ROS/install/robot_interfaces/local/lib/python3.10/dist-packages/robot_interfaces/robot_interfaces_s__rosidl_typesupport_fastrtps_c.cpython-310-x86_64-linux-gnu.so
[0.912s] -- Up-to-date: /home/lingc/ECE4191G11/ROS/install/robot_interfaces/local/lib/python3.10/dist-packages/robot_interfaces/_robot_interfaces_s.ep.rosidl_typesupport_fastrtps_c.c
[0.912s] -- Up-to-date: /home/lingc/ECE4191G11/ROS/install/robot_interfaces/local/lib/python3.10/dist-packages/robot_interfaces/_robot_interfaces_s.ep.rosidl_typesupport_introspection_c.c
[0.912s] -- Up-to-date: /home/lingc/ECE4191G11/ROS/install/robot_interfaces/local/lib/python3.10/dist-packages/robot_interfaces/robot_interfaces_s__rosidl_typesupport_introspection_c.cpython-310-x86_64-linux-gnu.so
[0.948s] Listing '/home/lingc/ECE4191G11/ROS/install/robot_interfaces/local/lib/python3.10/dist-packages/robot_interfaces'...
[0.948s] Listing '/home/lingc/ECE4191G11/ROS/install/robot_interfaces/local/lib/python3.10/dist-packages/robot_interfaces/msg'...
[0.952s] -- Up-to-date: /home/lingc/ECE4191G11/ROS/install/robot_interfaces/local/lib/python3.10/dist-packages/robot_interfaces/robot_interfaces_s__rosidl_typesupport_fastrtps_c.cpython-310-x86_64-linux-gnu.so
[0.953s] -- Up-to-date: /home/lingc/ECE4191G11/ROS/install/robot_interfaces/local/lib/python3.10/dist-packages/robot_interfaces/robot_interfaces_s__rosidl_typesupport_introspection_c.cpython-310-x86_64-linux-gnu.so
[0.955s] -- Up-to-date: /home/lingc/ECE4191G11/ROS/install/robot_interfaces/local/lib/python3.10/dist-packages/robot_interfaces/robot_interfaces_s__rosidl_typesupport_c.cpython-310-x86_64-linux-gnu.so
[0.955s] -- Up-to-date: /home/lingc/ECE4191G11/ROS/install/robot_interfaces/lib/librobot_interfaces__rosidl_generator_py.so
[0.955s] -- Up-to-date: /home/lingc/ECE4191G11/ROS/install/robot_interfaces/share/robot_interfaces/msg/Waypoint.idl
[0.955s] -- Up-to-date: /home/lingc/ECE4191G11/ROS/install/robot_interfaces/share/robot_interfaces/msg/Pose.idl
[0.955s] -- Up-to-date: /home/lingc/ECE4191G11/ROS/install/robot_interfaces/share/robot_interfaces/msg/Distances.idl
[0.955s] -- Up-to-date: /home/lingc/ECE4191G11/ROS/install/robot_interfaces/share/robot_interfaces/msg/EncoderInfo.idl
[0.955s] -- Up-to-date: /home/lingc/ECE4191G11/ROS/install/robot_interfaces/share/robot_interfaces/msg/Waypoint.msg
[0.956s] -- Up-to-date: /home/lingc/ECE4191G11/ROS/install/robot_interfaces/share/robot_interfaces/msg/Pose.msg
[0.956s] -- Up-to-date: /home/lingc/ECE4191G11/ROS/install/robot_interfaces/share/robot_interfaces/msg/Distances.msg
[0.956s] -- Up-to-date: /home/lingc/ECE4191G11/ROS/install/robot_interfaces/share/robot_interfaces/msg/EncoderInfo.msg
[0.956s] -- Up-to-date: /home/lingc/ECE4191G11/ROS/install/robot_interfaces/share/ament_index/resource_index/package_run_dependencies/robot_interfaces
[0.957s] -- Up-to-date: /home/lingc/ECE4191G11/ROS/install/robot_interfaces/share/ament_index/resource_index/parent_prefix_path/robot_interfaces
[0.957s] -- Up-to-date: /home/lingc/ECE4191G11/ROS/install/robot_interfaces/share/robot_interfaces/environment/ament_prefix_path.sh
[0.957s] -- Up-to-date: /home/lingc/ECE4191G11/ROS/install/robot_interfaces/share/robot_interfaces/environment/ament_prefix_path.dsv
[0.957s] -- Up-to-date: /home/lingc/ECE4191G11/ROS/install/robot_interfaces/share/robot_interfaces/environment/path.sh
[0.957s] -- Up-to-date: /home/lingc/ECE4191G11/ROS/install/robot_interfaces/share/robot_interfaces/environment/path.dsv
[0.958s] -- Up-to-date: /home/lingc/ECE4191G11/ROS/install/robot_interfaces/share/robot_interfaces/local_setup.bash
[0.958s] -- Up-to-date: /home/lingc/ECE4191G11/ROS/install/robot_interfaces/share/robot_interfaces/local_setup.sh
[0.958s] -- Up-to-date: /home/lingc/ECE4191G11/ROS/install/robot_interfaces/share/robot_interfaces/local_setup.zsh
[0.958s] -- Up-to-date: /home/lingc/ECE4191G11/ROS/install/robot_interfaces/share/robot_interfaces/local_setup.dsv
[0.958s] -- Installing: /home/lingc/ECE4191G11/ROS/install/robot_interfaces/share/robot_interfaces/package.dsv
[0.958s] -- Up-to-date: /home/lingc/ECE4191G11/ROS/install/robot_interfaces/share/ament_index/resource_index/packages/robot_interfaces
[0.959s] -- Up-to-date: /home/lingc/ECE4191G11/ROS/install/robot_interfaces/share/robot_interfaces/cmake/export_robot_interfaces__rosidl_generator_cExport.cmake
[0.959s] -- Up-to-date: /home/lingc/ECE4191G11/ROS/install/robot_interfaces/share/robot_interfaces/cmake/export_robot_interfaces__rosidl_generator_cExport-noconfig.cmake
[0.959s] -- Up-to-date: /home/lingc/ECE4191G11/ROS/install/robot_interfaces/share/robot_interfaces/cmake/export_robot_interfaces__rosidl_typesupport_fastrtps_cExport.cmake
[0.959s] -- Up-to-date: /home/lingc/ECE4191G11/ROS/install/robot_interfaces/share/robot_interfaces/cmake/export_robot_interfaces__rosidl_typesupport_fastrtps_cExport-noconfig.cmake
[0.960s] -- Up-to-date: /home/lingc/ECE4191G11/ROS/install/robot_interfaces/share/robot_interfaces/cmake/robot_interfaces__rosidl_typesupport_introspection_cExport.cmake
[0.960s] -- Up-to-date: /home/lingc/ECE4191G11/ROS/install/robot_interfaces/share/robot_interfaces/cmake/robot_interfaces__rosidl_typesupport_introspection_cExport-noconfig.cmake
[0.960s] -- Up-to-date: /home/lingc/ECE4191G11/ROS/install/robot_interfaces/share/robot_interfaces/cmake/robot_interfaces__rosidl_typesupport_cExport.cmake
[0.960s] -- Up-to-date: /home/lingc/ECE4191G11/ROS/install/robot_interfaces/share/robot_interfaces/cmake/robot_interfaces__rosidl_typesupport_cExport-noconfig.cmake
[0.961s] -- Up-to-date: /home/lingc/ECE4191G11/ROS/install/robot_interfaces/share/robot_interfaces/cmake/export_robot_interfaces__rosidl_generator_cppExport.cmake
[0.961s] -- Up-to-date: /home/lingc/ECE4191G11/ROS/install/robot_interfaces/share/robot_interfaces/cmake/export_robot_interfaces__rosidl_typesupport_fastrtps_cppExport.cmake
[0.962s] -- Up-to-date: /home/lingc/ECE4191G11/ROS/install/robot_interfaces/share/robot_interfaces/cmake/export_robot_interfaces__rosidl_typesupport_fastrtps_cppExport-noconfig.cmake
[0.962s] -- Up-to-date: /home/lingc/ECE4191G11/ROS/install/robot_interfaces/share/robot_interfaces/cmake/robot_interfaces__rosidl_typesupport_introspection_cppExport.cmake
[0.962s] -- Up-to-date: /home/lingc/ECE4191G11/ROS/install/robot_interfaces/share/robot_interfaces/cmake/robot_interfaces__rosidl_typesupport_introspection_cppExport-noconfig.cmake
[0.962s] -- Up-to-date: /home/lingc/ECE4191G11/ROS/install/robot_interfaces/share/robot_interfaces/cmake/robot_interfaces__rosidl_typesupport_cppExport.cmake
[0.963s] -- Up-to-date: /home/lingc/ECE4191G11/ROS/install/robot_interfaces/share/robot_interfaces/cmake/robot_interfaces__rosidl_typesupport_cppExport-noconfig.cmake
[0.963s] -- Up-to-date: /home/lingc/ECE4191G11/ROS/install/robot_interfaces/share/robot_interfaces/cmake/export_robot_interfaces__rosidl_generator_pyExport.cmake
[0.963s] -- Up-to-date: /home/lingc/ECE4191G11/ROS/install/robot_interfaces/share/robot_interfaces/cmake/export_robot_interfaces__rosidl_generator_pyExport-noconfig.cmake
[0.963s] -- Up-to-date: /home/lingc/ECE4191G11/ROS/install/robot_interfaces/share/robot_interfaces/cmake/rosidl_cmake-extras.cmake
[0.964s] -- Up-to-date: /home/lingc/ECE4191G11/ROS/install/robot_interfaces/share/robot_interfaces/cmake/ament_cmake_export_include_directories-extras.cmake
[0.964s] -- Up-to-date: /home/lingc/ECE4191G11/ROS/install/robot_interfaces/share/robot_interfaces/cmake/ament_cmake_export_libraries-extras.cmake
[0.964s] -- Up-to-date: /home/lingc/ECE4191G11/ROS/install/robot_interfaces/share/robot_interfaces/cmake/ament_cmake_export_targets-extras.cmake
[0.964s] -- Up-to-date: /home/lingc/ECE4191G11/ROS/install/robot_interfaces/share/robot_interfaces/cmake/rosidl_cmake_export_typesupport_targets-extras.cmake
[0.964s] -- Up-to-date: /home/lingc/ECE4191G11/ROS/install/robot_interfaces/share/robot_interfaces/cmake/ament_cmake_export_dependencies-extras.cmake
[0.966s] -- Up-to-date: /home/lingc/ECE4191G11/ROS/install/robot_interfaces/share/robot_interfaces/cmake/rosidl_cmake_export_typesupport_libraries-extras.cmake
[0.966s] -- Up-to-date: /home/lingc/ECE4191G11/ROS/install/robot_interfaces/share/robot_interfaces/cmake/robot_interfacesConfig.cmake
[0.966s] -- Up-to-date: /home/lingc/ECE4191G11/ROS/install/robot_interfaces/share/robot_interfaces/cmake/robot_interfacesConfig-version.cmake
[0.966s] -- Up-to-date: /home/lingc/ECE4191G11/ROS/install/robot_interfaces/share/robot_interfaces/package.xml
[0.974s] Invoked command in '/home/lingc/ECE4191G11/ROS/build/robot_interfaces' returned '0': CMAKE_PREFIX_PATH=${CMAKE_PREFIX_PATH}:/home/lingc/ECE4191G11/ROS/install/robot_controller:/opt/ros/humble /usr/bin/cmake --install /home/lingc/ECE4191G11/ROS/build/robot_interfaces
