[0.008s] Invoking command in '/home/lingc/ECE4191G11/ROS_PC/build/robot_launch': AMENT_PREFIX_PATH=/home/lingc/ECE4191G11/ROS_PC/install/robot_controller:/home/lingc/ECE4191G11/ROS_PC/install/robot_interfaces:${AMENT_PREFIX_PATH} CMAKE_PREFIX_PATH=/home/lingc/ECE4191G11/ROS_PC/install/robot_interfaces:/opt/ros/humble LD_LIBRARY_PATH=/home/lingc/ECE4191G11/ROS_PC/install/robot_interfaces/lib:${LD_LIBRARY_PATH} PYTHONPATH=/home/lingc/ECE4191G11/ROS_PC/install/robot_controller/lib/python3.10/site-packages:/home/lingc/ECE4191G11/ROS_PC/install/robot_interfaces/local/lib/python3.10/dist-packages:${PYTHONPATH} /usr/bin/cmake /home/lingc/ECE4191G11/ROS_PC/src/robot_launch -DCMAKE_INSTALL_PREFIX=/home/lingc/ECE4191G11/ROS_PC/install/robot_launch
[0.055s] -- The C compiler identification is GNU 11.4.0
[0.104s] -- The CXX compiler identification is GNU 11.4.0
[0.110s] -- Detecting C compiler ABI info
[0.168s] -- Detecting C compiler ABI info - done
[0.175s] -- Check for working C compiler: /usr/bin/cc - skipped
[0.175s] -- Detecting C compile features
[0.175s] -- Detecting C compile features - done
[0.178s] -- Detecting CXX compiler ABI info
[0.245s] -- Detecting CXX compiler ABI info - done
[0.252s] -- Check for working CXX compiler: /usr/bin/c++ - skipped
[0.252s] -- Detecting CXX compile features
[0.253s] -- Detecting CXX compile features - done
[0.254s] -- Found ament_cmake: 1.3.5 (/opt/ros/humble/share/ament_cmake/cmake)
[0.399s] -- Found Python3: /usr/bin/python3.10 (found version "3.10.12") found components: Interpreter 
[0.524s] -- Configuring done
[0.527s] -- Generating done
[0.527s] -- Build files have been written to: /home/lingc/ECE4191G11/ROS_PC/build/robot_launch
[0.531s] Invoked command in '/home/lingc/ECE4191G11/ROS_PC/build/robot_launch' returned '0': AMENT_PREFIX_PATH=/home/lingc/ECE4191G11/ROS_PC/install/robot_controller:/home/lingc/ECE4191G11/ROS_PC/install/robot_interfaces:${AMENT_PREFIX_PATH} CMAKE_PREFIX_PATH=/home/lingc/ECE4191G11/ROS_PC/install/robot_interfaces:/opt/ros/humble LD_LIBRARY_PATH=/home/lingc/ECE4191G11/ROS_PC/install/robot_interfaces/lib:${LD_LIBRARY_PATH} PYTHONPATH=/home/lingc/ECE4191G11/ROS_PC/install/robot_controller/lib/python3.10/site-packages:/home/lingc/ECE4191G11/ROS_PC/install/robot_interfaces/local/lib/python3.10/dist-packages:${PYTHONPATH} /usr/bin/cmake /home/lingc/ECE4191G11/ROS_PC/src/robot_launch -DCMAKE_INSTALL_PREFIX=/home/lingc/ECE4191G11/ROS_PC/install/robot_launch
[0.533s] Invoking command in '/home/lingc/ECE4191G11/ROS_PC/build/robot_launch': AMENT_PREFIX_PATH=/home/lingc/ECE4191G11/ROS_PC/install/robot_controller:/home/lingc/ECE4191G11/ROS_PC/install/robot_interfaces:${AMENT_PREFIX_PATH} CMAKE_PREFIX_PATH=/home/lingc/ECE4191G11/ROS_PC/install/robot_interfaces:/opt/ros/humble LD_LIBRARY_PATH=/home/lingc/ECE4191G11/ROS_PC/install/robot_interfaces/lib:${LD_LIBRARY_PATH} PYTHONPATH=/home/lingc/ECE4191G11/ROS_PC/install/robot_controller/lib/python3.10/site-packages:/home/lingc/ECE4191G11/ROS_PC/install/robot_interfaces/local/lib/python3.10/dist-packages:${PYTHONPATH} /usr/bin/cmake --build /home/lingc/ECE4191G11/ROS_PC/build/robot_launch -- -j12 -l12
[0.566s] Invoked command in '/home/lingc/ECE4191G11/ROS_PC/build/robot_launch' returned '0': AMENT_PREFIX_PATH=/home/lingc/ECE4191G11/ROS_PC/install/robot_controller:/home/lingc/ECE4191G11/ROS_PC/install/robot_interfaces:${AMENT_PREFIX_PATH} CMAKE_PREFIX_PATH=/home/lingc/ECE4191G11/ROS_PC/install/robot_interfaces:/opt/ros/humble LD_LIBRARY_PATH=/home/lingc/ECE4191G11/ROS_PC/install/robot_interfaces/lib:${LD_LIBRARY_PATH} PYTHONPATH=/home/lingc/ECE4191G11/ROS_PC/install/robot_controller/lib/python3.10/site-packages:/home/lingc/ECE4191G11/ROS_PC/install/robot_interfaces/local/lib/python3.10/dist-packages:${PYTHONPATH} /usr/bin/cmake --build /home/lingc/ECE4191G11/ROS_PC/build/robot_launch -- -j12 -l12
[0.584s] Invoking command in '/home/lingc/ECE4191G11/ROS_PC/build/robot_launch': AMENT_PREFIX_PATH=/home/lingc/ECE4191G11/ROS_PC/install/robot_controller:/home/lingc/ECE4191G11/ROS_PC/install/robot_interfaces:${AMENT_PREFIX_PATH} CMAKE_PREFIX_PATH=/home/lingc/ECE4191G11/ROS_PC/install/robot_interfaces:/opt/ros/humble LD_LIBRARY_PATH=/home/lingc/ECE4191G11/ROS_PC/install/robot_interfaces/lib:${LD_LIBRARY_PATH} PYTHONPATH=/home/lingc/ECE4191G11/ROS_PC/install/robot_controller/lib/python3.10/site-packages:/home/lingc/ECE4191G11/ROS_PC/install/robot_interfaces/local/lib/python3.10/dist-packages:${PYTHONPATH} /usr/bin/cmake --install /home/lingc/ECE4191G11/ROS_PC/build/robot_launch
[0.592s] -- Install configuration: ""
[0.592s] -- Installing: /home/lingc/ECE4191G11/ROS_PC/install/robot_launch/share/robot_launch/launch
[0.592s] -- Installing: /home/lingc/ECE4191G11/ROS_PC/install/robot_launch/share/robot_launch/launch/robot.launch.py
[0.592s] -- Installing: /home/lingc/ECE4191G11/ROS_PC/install/robot_launch/share/ament_index/resource_index/package_run_dependencies/robot_launch
[0.593s] -- Installing: /home/lingc/ECE4191G11/ROS_PC/install/robot_launch/share/ament_index/resource_index/parent_prefix_path/robot_launch
[0.593s] -- Installing: /home/lingc/ECE4191G11/ROS_PC/install/robot_launch/share/robot_launch/environment/ament_prefix_path.sh
[0.593s] -- Installing: /home/lingc/ECE4191G11/ROS_PC/install/robot_launch/share/robot_launch/environment/ament_prefix_path.dsv
[0.593s] -- Installing: /home/lingc/ECE4191G11/ROS_PC/install/robot_launch/share/robot_launch/environment/path.sh
[0.593s] -- Installing: /home/lingc/ECE4191G11/ROS_PC/install/robot_launch/share/robot_launch/environment/path.dsv
[0.593s] -- Installing: /home/lingc/ECE4191G11/ROS_PC/install/robot_launch/share/robot_launch/local_setup.bash
[0.594s] -- Installing: /home/lingc/ECE4191G11/ROS_PC/install/robot_launch/share/robot_launch/local_setup.sh
[0.594s] -- Installing: /home/lingc/ECE4191G11/ROS_PC/install/robot_launch/share/robot_launch/local_setup.zsh
[0.594s] -- Installing: /home/lingc/ECE4191G11/ROS_PC/install/robot_launch/share/robot_launch/local_setup.dsv
[0.594s] -- Installing: /home/lingc/ECE4191G11/ROS_PC/install/robot_launch/share/robot_launch/package.dsv
[0.594s] -- Installing: /home/lingc/ECE4191G11/ROS_PC/install/robot_launch/share/ament_index/resource_index/packages/robot_launch
[0.594s] -- Installing: /home/lingc/ECE4191G11/ROS_PC/install/robot_launch/share/robot_launch/cmake/robot_launchConfig.cmake
[0.594s] -- Installing: /home/lingc/ECE4191G11/ROS_PC/install/robot_launch/share/robot_launch/cmake/robot_launchConfig-version.cmake
[0.594s] -- Installing: /home/lingc/ECE4191G11/ROS_PC/install/robot_launch/share/robot_launch/package.xml
[0.598s] Invoked command in '/home/lingc/ECE4191G11/ROS_PC/build/robot_launch' returned '0': AMENT_PREFIX_PATH=/home/lingc/ECE4191G11/ROS_PC/install/robot_controller:/home/lingc/ECE4191G11/ROS_PC/install/robot_interfaces:${AMENT_PREFIX_PATH} CMAKE_PREFIX_PATH=/home/lingc/ECE4191G11/ROS_PC/install/robot_interfaces:/opt/ros/humble LD_LIBRARY_PATH=/home/lingc/ECE4191G11/ROS_PC/install/robot_interfaces/lib:${LD_LIBRARY_PATH} PYTHONPATH=/home/lingc/ECE4191G11/ROS_PC/install/robot_controller/lib/python3.10/site-packages:/home/lingc/ECE4191G11/ROS_PC/install/robot_interfaces/local/lib/python3.10/dist-packages:${PYTHONPATH} /usr/bin/cmake --install /home/lingc/ECE4191G11/ROS_PC/build/robot_launch
