[2.891s] Invoking command in '/home/rpi-team11/ECE4191G11/ROS/src/robot_controller': CMAKE_PREFIX_PATH=/home/rpi-team11/ECE4191G11/ROS/install/robot_interfaces:/home/rpi-team11/ECE4191G11/ROS/install/robot_launch PYTHONPATH=/home/rpi-team11/ECE4191G11/ROS/build/robot_controller/prefix_override:/home/rpi-team11/ECE4191G11/ROS/install/robot_controller/lib/python3.10/site-packages:${PYTHONPATH} /usr/bin/python3 setup.py egg_info --egg-base ../../build/robot_controller build --build-base /home/rpi-team11/ECE4191G11/ROS/build/robot_controller/build install --record /home/rpi-team11/ECE4191G11/ROS/build/robot_controller/install.log --single-version-externally-managed
[3.994s] running egg_info
[3.997s] writing ../../build/robot_controller/robot_controller.egg-info/PKG-INFO
[3.998s] writing dependency_links to ../../build/robot_controller/robot_controller.egg-info/dependency_links.txt
[3.999s] writing entry points to ../../build/robot_controller/robot_controller.egg-info/entry_points.txt
[4.000s] writing requirements to ../../build/robot_controller/robot_controller.egg-info/requires.txt
[4.000s] writing top-level names to ../../build/robot_controller/robot_controller.egg-info/top_level.txt
[4.009s] reading manifest file '../../build/robot_controller/robot_controller.egg-info/SOURCES.txt'
[4.013s] writing manifest file '../../build/robot_controller/robot_controller.egg-info/SOURCES.txt'
[4.014s] running build
[4.014s] running build_py
[4.015s] copying robot_controller/encoder.py -> /home/rpi-team11/ECE4191G11/ROS/build/robot_controller/build/lib/robot_controller
[4.018s] running install
[4.019s] running install_lib
[4.022s] copying /home/rpi-team11/ECE4191G11/ROS/build/robot_controller/build/lib/robot_controller/encoder.py -> /home/rpi-team11/ECE4191G11/ROS/install/robot_controller/lib/python3.10/site-packages/robot_controller
[4.026s] byte-compiling /home/rpi-team11/ECE4191G11/ROS/install/robot_controller/lib/python3.10/site-packages/robot_controller/encoder.py to encoder.cpython-310.pyc
[4.031s] running install_data
[4.033s] running install_egg_info
[4.040s] removing '/home/rpi-team11/ECE4191G11/ROS/install/robot_controller/lib/python3.10/site-packages/robot_controller-0.0.0-py3.10.egg-info' (and everything under it)
[4.041s] Copying ../../build/robot_controller/robot_controller.egg-info to /home/rpi-team11/ECE4191G11/ROS/install/robot_controller/lib/python3.10/site-packages/robot_controller-0.0.0-py3.10.egg-info
[4.048s] running install_scripts
[4.121s] Installing drive_node script to /home/rpi-team11/ECE4191G11/ROS/install/robot_controller/lib/robot_controller
[4.122s] Installing encoder_node script to /home/rpi-team11/ECE4191G11/ROS/install/robot_controller/lib/robot_controller
[4.122s] Installing manual_waypoint_node script to /home/rpi-team11/ECE4191G11/ROS/install/robot_controller/lib/robot_controller
[4.123s] Installing path_planner_node script to /home/rpi-team11/ECE4191G11/ROS/install/robot_controller/lib/robot_controller
[4.124s] Installing ultrasonic_node script to /home/rpi-team11/ECE4191G11/ROS/install/robot_controller/lib/robot_controller
[4.126s] writing list of installed files to '/home/rpi-team11/ECE4191G11/ROS/build/robot_controller/install.log'
[4.253s] Invoked command in '/home/rpi-team11/ECE4191G11/ROS/src/robot_controller' returned '0': CMAKE_PREFIX_PATH=/home/rpi-team11/ECE4191G11/ROS/install/robot_interfaces:/home/rpi-team11/ECE4191G11/ROS/install/robot_launch PYTHONPATH=/home/rpi-team11/ECE4191G11/ROS/build/robot_controller/prefix_override:/home/rpi-team11/ECE4191G11/ROS/install/robot_controller/lib/python3.10/site-packages:${PYTHONPATH} /usr/bin/python3 setup.py egg_info --egg-base ../../build/robot_controller build --build-base /home/rpi-team11/ECE4191G11/ROS/build/robot_controller/build install --record /home/rpi-team11/ECE4191G11/ROS/build/robot_controller/install.log --single-version-externally-managed
