[0.060s] Invoking command in '/home/rpi-team11/ECE4191G11/ROS_Pi/build/robot_interfaces': CMAKE_PREFIX_PATH=${CMAKE_PREFIX_PATH}:/home/rpi-team11/ECE4191G11/ROS_Pi/install/robot_controller:/opt/ros/humble /usr/bin/cmake --build /home/rpi-team11/ECE4191G11/ROS_Pi/build/robot_interfaces -- -j4 -l4
[0.276s] [  1%] Built target robot_interfaces__cpp
[0.292s] [ 12%] Built target robot_interfaces__rosidl_generator_c
[0.346s] [ 12%] Built target ament_cmake_python_copy_robot_interfaces
[0.390s] [ 23%] Built target robot_interfaces__rosidl_typesupport_fastrtps_cpp
[0.395s] [ 34%] Built target robot_interfaces__rosidl_typesupport_introspection_cpp
[0.414s] [ 46%] Built target robot_interfaces__rosidl_typesupport_cpp
[0.461s] [ 57%] Built target robot_interfaces__rosidl_typesupport_fastrtps_c
[0.494s] [ 68%] Built target robot_interfaces__rosidl_typesupport_c
[0.506s] [ 79%] Built target robot_interfaces__rosidl_typesupport_introspection_c
[0.588s] [ 79%] Built target robot_interfaces
[0.676s] [ 80%] Built target robot_interfaces__py
[0.775s] [ 90%] Built target robot_interfaces__rosidl_generator_py
[0.883s] [ 96%] Built target robot_interfaces__rosidl_typesupport_fastrtps_c__pyext
[0.885s] [ 96%] Built target robot_interfaces__rosidl_typesupport_c__pyext
[0.890s] [100%] Built target robot_interfaces__rosidl_typesupport_introspection_c__pyext
[1.646s] running egg_info
[1.649s] writing robot_interfaces.egg-info/PKG-INFO
[1.650s] writing dependency_links to robot_interfaces.egg-info/dependency_links.txt
[1.651s] writing top-level names to robot_interfaces.egg-info/top_level.txt
[1.661s] reading manifest file 'robot_interfaces.egg-info/SOURCES.txt'
[1.664s] writing manifest file 'robot_interfaces.egg-info/SOURCES.txt'
[1.782s] [100%] Built target ament_cmake_python_build_robot_interfaces_egg
[1.826s] Invoked command in '/home/rpi-team11/ECE4191G11/ROS_Pi/build/robot_interfaces' returned '0': CMAKE_PREFIX_PATH=${CMAKE_PREFIX_PATH}:/home/rpi-team11/ECE4191G11/ROS_Pi/install/robot_controller:/opt/ros/humble /usr/bin/cmake --build /home/rpi-team11/ECE4191G11/ROS_Pi/build/robot_interfaces -- -j4 -l4
[2.757s] Invoking command in '/home/rpi-team11/ECE4191G11/ROS_Pi/build/robot_interfaces': CMAKE_PREFIX_PATH=${CMAKE_PREFIX_PATH}:/home/rpi-team11/ECE4191G11/ROS_Pi/install/robot_controller:/opt/ros/humble /usr/bin/cmake --install /home/rpi-team11/ECE4191G11/ROS_Pi/build/robot_interfaces
[2.787s] -- Install configuration: ""
[2.788s] -- Up-to-date: /home/rpi-team11/ECE4191G11/ROS_Pi/install/robot_interfaces/share/ament_index/resource_index/rosidl_interfaces/robot_interfaces
[2.788s] -- Up-to-date: /home/rpi-team11/ECE4191G11/ROS_Pi/install/robot_interfaces/include/robot_interfaces/robot_interfaces
[2.789s] -- Up-to-date: /home/rpi-team11/ECE4191G11/ROS_Pi/install/robot_interfaces/include/robot_interfaces/robot_interfaces/msg
[2.789s] -- Up-to-date: /home/rpi-team11/ECE4191G11/ROS_Pi/install/robot_interfaces/include/robot_interfaces/robot_interfaces/msg/obstacles.h
[2.789s] -- Up-to-date: /home/rpi-team11/ECE4191G11/ROS_Pi/install/robot_interfaces/include/robot_interfaces/robot_interfaces/msg/waypoint.h
[2.790s] -- Up-to-date: /home/rpi-team11/ECE4191G11/ROS_Pi/install/robot_interfaces/include/robot_interfaces/robot_interfaces/msg/detail
[2.790s] -- Up-to-date: /home/rpi-team11/ECE4191G11/ROS_Pi/install/robot_interfaces/include/robot_interfaces/robot_interfaces/msg/detail/waypoint__struct.h
[2.791s] -- Up-to-date: /home/rpi-team11/ECE4191G11/ROS_Pi/install/robot_interfaces/include/robot_interfaces/robot_interfaces/msg/detail/waypoint__functions.c
[2.791s] -- Up-to-date: /home/rpi-team11/ECE4191G11/ROS_Pi/install/robot_interfaces/include/robot_interfaces/robot_interfaces/msg/detail/pose__struct.h
[2.792s] -- Up-to-date: /home/rpi-team11/ECE4191G11/ROS_Pi/install/robot_interfaces/include/robot_interfaces/robot_interfaces/msg/detail/distances__type_support.h
[2.792s] -- Up-to-date: /home/rpi-team11/ECE4191G11/ROS_Pi/install/robot_interfaces/include/robot_interfaces/robot_interfaces/msg/detail/distances__functions.h
[2.792s] -- Up-to-date: /home/rpi-team11/ECE4191G11/ROS_Pi/install/robot_interfaces/include/robot_interfaces/robot_interfaces/msg/detail/obstacles__functions.h
[2.793s] -- Up-to-date: /home/rpi-team11/ECE4191G11/ROS_Pi/install/robot_interfaces/include/robot_interfaces/robot_interfaces/msg/detail/waypoint__functions.h
[2.793s] -- Up-to-date: /home/rpi-team11/ECE4191G11/ROS_Pi/install/robot_interfaces/include/robot_interfaces/robot_interfaces/msg/detail/waypoint__type_support.h
[2.794s] -- Up-to-date: /home/rpi-team11/ECE4191G11/ROS_Pi/install/robot_interfaces/include/robot_interfaces/robot_interfaces/msg/detail/obstacles__type_support.h
[2.794s] -- Up-to-date: /home/rpi-team11/ECE4191G11/ROS_Pi/install/robot_interfaces/include/robot_interfaces/robot_interfaces/msg/detail/encoder_info__functions.c
[2.795s] -- Up-to-date: /home/rpi-team11/ECE4191G11/ROS_Pi/install/robot_interfaces/include/robot_interfaces/robot_interfaces/msg/detail/obstacles__functions.c
[2.795s] -- Up-to-date: /home/rpi-team11/ECE4191G11/ROS_Pi/install/robot_interfaces/include/robot_interfaces/robot_interfaces/msg/detail/encoder_info__functions.h
[2.796s] -- Up-to-date: /home/rpi-team11/ECE4191G11/ROS_Pi/install/robot_interfaces/include/robot_interfaces/robot_interfaces/msg/detail/encoder_info__struct.h
[2.796s] -- Up-to-date: /home/rpi-team11/ECE4191G11/ROS_Pi/install/robot_interfaces/include/robot_interfaces/robot_interfaces/msg/detail/distances__struct.h
[2.797s] -- Up-to-date: /home/rpi-team11/ECE4191G11/ROS_Pi/install/robot_interfaces/include/robot_interfaces/robot_interfaces/msg/detail/distances__functions.c
[2.797s] -- Up-to-date: /home/rpi-team11/ECE4191G11/ROS_Pi/install/robot_interfaces/include/robot_interfaces/robot_interfaces/msg/detail/encoder_info__type_support.h
[2.798s] -- Up-to-date: /home/rpi-team11/ECE4191G11/ROS_Pi/install/robot_interfaces/include/robot_interfaces/robot_interfaces/msg/detail/pose__type_support.h
[2.798s] -- Up-to-date: /home/rpi-team11/ECE4191G11/ROS_Pi/install/robot_interfaces/include/robot_interfaces/robot_interfaces/msg/detail/pose__functions.h
[2.798s] -- Up-to-date: /home/rpi-team11/ECE4191G11/ROS_Pi/install/robot_interfaces/include/robot_interfaces/robot_interfaces/msg/detail/obstacles__struct.h
[2.799s] -- Up-to-date: /home/rpi-team11/ECE4191G11/ROS_Pi/install/robot_interfaces/include/robot_interfaces/robot_interfaces/msg/detail/pose__functions.c
[2.799s] -- Up-to-date: /home/rpi-team11/ECE4191G11/ROS_Pi/install/robot_interfaces/include/robot_interfaces/robot_interfaces/msg/pose.h
[2.800s] -- Up-to-date: /home/rpi-team11/ECE4191G11/ROS_Pi/install/robot_interfaces/include/robot_interfaces/robot_interfaces/msg/encoder_info.h
[2.800s] -- Up-to-date: /home/rpi-team11/ECE4191G11/ROS_Pi/install/robot_interfaces/include/robot_interfaces/robot_interfaces/msg/rosidl_generator_c__visibility_control.h
[2.800s] -- Up-to-date: /home/rpi-team11/ECE4191G11/ROS_Pi/install/robot_interfaces/include/robot_interfaces/robot_interfaces/msg/distances.h
[2.801s] -- Up-to-date: /home/rpi-team11/ECE4191G11/ROS_Pi/install/robot_interfaces/share/robot_interfaces/environment/library_path.sh
[2.801s] -- Up-to-date: /home/rpi-team11/ECE4191G11/ROS_Pi/install/robot_interfaces/share/robot_interfaces/environment/library_path.dsv
[2.802s] -- Up-to-date: /home/rpi-team11/ECE4191G11/ROS_Pi/install/robot_interfaces/lib/librobot_interfaces__rosidl_generator_c.so
[2.802s] -- Up-to-date: /home/rpi-team11/ECE4191G11/ROS_Pi/install/robot_interfaces/include/robot_interfaces/robot_interfaces
[2.802s] -- Up-to-date: /home/rpi-team11/ECE4191G11/ROS_Pi/install/robot_interfaces/include/robot_interfaces/robot_interfaces/msg
[2.803s] -- Up-to-date: /home/rpi-team11/ECE4191G11/ROS_Pi/install/robot_interfaces/include/robot_interfaces/robot_interfaces/msg/rosidl_typesupport_fastrtps_c__visibility_control.h
[2.803s] -- Up-to-date: /home/rpi-team11/ECE4191G11/ROS_Pi/install/robot_interfaces/include/robot_interfaces/robot_interfaces/msg/detail
[2.804s] -- Up-to-date: /home/rpi-team11/ECE4191G11/ROS_Pi/install/robot_interfaces/include/robot_interfaces/robot_interfaces/msg/detail/distances__rosidl_typesupport_fastrtps_c.h
[2.804s] -- Up-to-date: /home/rpi-team11/ECE4191G11/ROS_Pi/install/robot_interfaces/include/robot_interfaces/robot_interfaces/msg/detail/obstacles__rosidl_typesupport_fastrtps_c.h
[2.804s] -- Up-to-date: /home/rpi-team11/ECE4191G11/ROS_Pi/install/robot_interfaces/include/robot_interfaces/robot_interfaces/msg/detail/waypoint__rosidl_typesupport_fastrtps_c.h
[2.805s] -- Up-to-date: /home/rpi-team11/ECE4191G11/ROS_Pi/install/robot_interfaces/include/robot_interfaces/robot_interfaces/msg/detail/pose__rosidl_typesupport_fastrtps_c.h
[2.805s] -- Up-to-date: /home/rpi-team11/ECE4191G11/ROS_Pi/install/robot_interfaces/include/robot_interfaces/robot_interfaces/msg/detail/encoder_info__rosidl_typesupport_fastrtps_c.h
[2.806s] -- Up-to-date: /home/rpi-team11/ECE4191G11/ROS_Pi/install/robot_interfaces/lib/librobot_interfaces__rosidl_typesupport_fastrtps_c.so
[2.806s] -- Up-to-date: /home/rpi-team11/ECE4191G11/ROS_Pi/install/robot_interfaces/include/robot_interfaces/robot_interfaces
[2.807s] -- Up-to-date: /home/rpi-team11/ECE4191G11/ROS_Pi/install/robot_interfaces/include/robot_interfaces/robot_interfaces/msg
[2.807s] -- Up-to-date: /home/rpi-team11/ECE4191G11/ROS_Pi/install/robot_interfaces/include/robot_interfaces/robot_interfaces/msg/detail
[2.807s] -- Up-to-date: /home/rpi-team11/ECE4191G11/ROS_Pi/install/robot_interfaces/include/robot_interfaces/robot_interfaces/msg/detail/distances__type_support.c
[2.808s] -- Up-to-date: /home/rpi-team11/ECE4191G11/ROS_Pi/install/robot_interfaces/include/robot_interfaces/robot_interfaces/msg/detail/encoder_info__rosidl_typesupport_introspection_c.h
[2.809s] -- Up-to-date: /home/rpi-team11/ECE4191G11/ROS_Pi/install/robot_interfaces/include/robot_interfaces/robot_interfaces/msg/detail/pose__rosidl_typesupport_introspection_c.h
[2.809s] -- Up-to-date: /home/rpi-team11/ECE4191G11/ROS_Pi/install/robot_interfaces/include/robot_interfaces/robot_interfaces/msg/detail/distances__rosidl_typesupport_introspection_c.h
[2.810s] -- Up-to-date: /home/rpi-team11/ECE4191G11/ROS_Pi/install/robot_interfaces/include/robot_interfaces/robot_interfaces/msg/detail/obstacles__rosidl_typesupport_introspection_c.h
[2.810s] -- Up-to-date: /home/rpi-team11/ECE4191G11/ROS_Pi/install/robot_interfaces/include/robot_interfaces/robot_interfaces/msg/detail/obstacles__type_support.c
[2.810s] -- Up-to-date: /home/rpi-team11/ECE4191G11/ROS_Pi/install/robot_interfaces/include/robot_interfaces/robot_interfaces/msg/detail/pose__type_support.c
[2.811s] -- Up-to-date: /home/rpi-team11/ECE4191G11/ROS_Pi/install/robot_interfaces/include/robot_interfaces/robot_interfaces/msg/detail/waypoint__type_support.c
[2.812s] -- Up-to-date: /home/rpi-team11/ECE4191G11/ROS_Pi/install/robot_interfaces/include/robot_interfaces/robot_interfaces/msg/detail/encoder_info__type_support.c
[2.812s] -- Up-to-date: /home/rpi-team11/ECE4191G11/ROS_Pi/install/robot_interfaces/include/robot_interfaces/robot_interfaces/msg/detail/waypoint__rosidl_typesupport_introspection_c.h
[2.813s] -- Up-to-date: /home/rpi-team11/ECE4191G11/ROS_Pi/install/robot_interfaces/include/robot_interfaces/robot_interfaces/msg/rosidl_typesupport_introspection_c__visibility_control.h
[2.813s] -- Up-to-date: /home/rpi-team11/ECE4191G11/ROS_Pi/install/robot_interfaces/lib/librobot_interfaces__rosidl_typesupport_introspection_c.so
[2.815s] -- Up-to-date: /home/rpi-team11/ECE4191G11/ROS_Pi/install/robot_interfaces/lib/librobot_interfaces__rosidl_typesupport_c.so
[2.816s] -- Up-to-date: /home/rpi-team11/ECE4191G11/ROS_Pi/install/robot_interfaces/include/robot_interfaces/robot_interfaces
[2.816s] -- Up-to-date: /home/rpi-team11/ECE4191G11/ROS_Pi/install/robot_interfaces/include/robot_interfaces/robot_interfaces/msg
[2.817s] -- Up-to-date: /home/rpi-team11/ECE4191G11/ROS_Pi/install/robot_interfaces/include/robot_interfaces/robot_interfaces/msg/encoder_info.hpp
[2.817s] -- Up-to-date: /home/rpi-team11/ECE4191G11/ROS_Pi/install/robot_interfaces/include/robot_interfaces/robot_interfaces/msg/obstacles.hpp
[2.818s] -- Up-to-date: /home/rpi-team11/ECE4191G11/ROS_Pi/install/robot_interfaces/include/robot_interfaces/robot_interfaces/msg/detail
[2.818s] -- Up-to-date: /home/rpi-team11/ECE4191G11/ROS_Pi/install/robot_interfaces/include/robot_interfaces/robot_interfaces/msg/detail/distances__builder.hpp
[2.819s] -- Up-to-date: /home/rpi-team11/ECE4191G11/ROS_Pi/install/robot_interfaces/include/robot_interfaces/robot_interfaces/msg/detail/pose__builder.hpp
[2.819s] -- Up-to-date: /home/rpi-team11/ECE4191G11/ROS_Pi/install/robot_interfaces/include/robot_interfaces/robot_interfaces/msg/detail/obstacles__traits.hpp
[2.819s] -- Up-to-date: /home/rpi-team11/ECE4191G11/ROS_Pi/install/robot_interfaces/include/robot_interfaces/robot_interfaces/msg/detail/pose__traits.hpp
[2.820s] -- Up-to-date: /home/rpi-team11/ECE4191G11/ROS_Pi/install/robot_interfaces/include/robot_interfaces/robot_interfaces/msg/detail/obstacles__struct.hpp
[2.820s] -- Up-to-date: /home/rpi-team11/ECE4191G11/ROS_Pi/install/robot_interfaces/include/robot_interfaces/robot_interfaces/msg/detail/encoder_info__struct.hpp
[2.821s] -- Up-to-date: /home/rpi-team11/ECE4191G11/ROS_Pi/install/robot_interfaces/include/robot_interfaces/robot_interfaces/msg/detail/obstacles__builder.hpp
[2.821s] -- Up-to-date: /home/rpi-team11/ECE4191G11/ROS_Pi/install/robot_interfaces/include/robot_interfaces/robot_interfaces/msg/detail/encoder_info__builder.hpp
[2.822s] -- Up-to-date: /home/rpi-team11/ECE4191G11/ROS_Pi/install/robot_interfaces/include/robot_interfaces/robot_interfaces/msg/detail/waypoint__struct.hpp
[2.822s] -- Up-to-date: /home/rpi-team11/ECE4191G11/ROS_Pi/install/robot_interfaces/include/robot_interfaces/robot_interfaces/msg/detail/distances__struct.hpp
[2.823s] -- Up-to-date: /home/rpi-team11/ECE4191G11/ROS_Pi/install/robot_interfaces/include/robot_interfaces/robot_interfaces/msg/detail/waypoint__traits.hpp
[2.823s] -- Up-to-date: /home/rpi-team11/ECE4191G11/ROS_Pi/install/robot_interfaces/include/robot_interfaces/robot_interfaces/msg/detail/distances__traits.hpp
[2.823s] -- Up-to-date: /home/rpi-team11/ECE4191G11/ROS_Pi/install/robot_interfaces/include/robot_interfaces/robot_interfaces/msg/detail/encoder_info__traits.hpp
[2.824s] -- Up-to-date: /home/rpi-team11/ECE4191G11/ROS_Pi/install/robot_interfaces/include/robot_interfaces/robot_interfaces/msg/detail/pose__struct.hpp
[2.824s] -- Up-to-date: /home/rpi-team11/ECE4191G11/ROS_Pi/install/robot_interfaces/include/robot_interfaces/robot_interfaces/msg/detail/waypoint__builder.hpp
[2.825s] -- Up-to-date: /home/rpi-team11/ECE4191G11/ROS_Pi/install/robot_interfaces/include/robot_interfaces/robot_interfaces/msg/pose.hpp
[2.825s] -- Up-to-date: /home/rpi-team11/ECE4191G11/ROS_Pi/install/robot_interfaces/include/robot_interfaces/robot_interfaces/msg/distances.hpp
[2.826s] -- Up-to-date: /home/rpi-team11/ECE4191G11/ROS_Pi/install/robot_interfaces/include/robot_interfaces/robot_interfaces/msg/waypoint.hpp
[2.826s] -- Up-to-date: /home/rpi-team11/ECE4191G11/ROS_Pi/install/robot_interfaces/include/robot_interfaces/robot_interfaces
[2.826s] -- Up-to-date: /home/rpi-team11/ECE4191G11/ROS_Pi/install/robot_interfaces/include/robot_interfaces/robot_interfaces/msg
[2.827s] -- Up-to-date: /home/rpi-team11/ECE4191G11/ROS_Pi/install/robot_interfaces/include/robot_interfaces/robot_interfaces/msg/detail
[2.827s] -- Up-to-date: /home/rpi-team11/ECE4191G11/ROS_Pi/install/robot_interfaces/include/robot_interfaces/robot_interfaces/msg/detail/distances__rosidl_typesupport_fastrtps_cpp.hpp
[2.827s] -- Up-to-date: /home/rpi-team11/ECE4191G11/ROS_Pi/install/robot_interfaces/include/robot_interfaces/robot_interfaces/msg/detail/dds_fastrtps
[2.828s] -- Up-to-date: /home/rpi-team11/ECE4191G11/ROS_Pi/install/robot_interfaces/include/robot_interfaces/robot_interfaces/msg/detail/obstacles__rosidl_typesupport_fastrtps_cpp.hpp
[2.828s] -- Up-to-date: /home/rpi-team11/ECE4191G11/ROS_Pi/install/robot_interfaces/include/robot_interfaces/robot_interfaces/msg/detail/waypoint__rosidl_typesupport_fastrtps_cpp.hpp
[2.829s] -- Up-to-date: /home/rpi-team11/ECE4191G11/ROS_Pi/install/robot_interfaces/include/robot_interfaces/robot_interfaces/msg/detail/encoder_info__rosidl_typesupport_fastrtps_cpp.hpp
[2.829s] -- Up-to-date: /home/rpi-team11/ECE4191G11/ROS_Pi/install/robot_interfaces/include/robot_interfaces/robot_interfaces/msg/detail/pose__rosidl_typesupport_fastrtps_cpp.hpp
[2.829s] -- Up-to-date: /home/rpi-team11/ECE4191G11/ROS_Pi/install/robot_interfaces/include/robot_interfaces/robot_interfaces/msg/rosidl_typesupport_fastrtps_cpp__visibility_control.h
[2.830s] -- Up-to-date: /home/rpi-team11/ECE4191G11/ROS_Pi/install/robot_interfaces/lib/librobot_interfaces__rosidl_typesupport_fastrtps_cpp.so
[2.830s] -- Up-to-date: /home/rpi-team11/ECE4191G11/ROS_Pi/install/robot_interfaces/include/robot_interfaces/robot_interfaces
[2.831s] -- Up-to-date: /home/rpi-team11/ECE4191G11/ROS_Pi/install/robot_interfaces/include/robot_interfaces/robot_interfaces/msg
[2.831s] -- Up-to-date: /home/rpi-team11/ECE4191G11/ROS_Pi/install/robot_interfaces/include/robot_interfaces/robot_interfaces/msg/detail
[2.832s] -- Up-to-date: /home/rpi-team11/ECE4191G11/ROS_Pi/install/robot_interfaces/include/robot_interfaces/robot_interfaces/msg/detail/obstacles__rosidl_typesupport_introspection_cpp.hpp
[2.832s] -- Up-to-date: /home/rpi-team11/ECE4191G11/ROS_Pi/install/robot_interfaces/include/robot_interfaces/robot_interfaces/msg/detail/pose__type_support.cpp
[2.832s] -- Up-to-date: /home/rpi-team11/ECE4191G11/ROS_Pi/install/robot_interfaces/include/robot_interfaces/robot_interfaces/msg/detail/encoder_info__type_support.cpp
[2.833s] -- Up-to-date: /home/rpi-team11/ECE4191G11/ROS_Pi/install/robot_interfaces/include/robot_interfaces/robot_interfaces/msg/detail/distances__type_support.cpp
[2.833s] -- Up-to-date: /home/rpi-team11/ECE4191G11/ROS_Pi/install/robot_interfaces/include/robot_interfaces/robot_interfaces/msg/detail/obstacles__type_support.cpp
[2.834s] -- Up-to-date: /home/rpi-team11/ECE4191G11/ROS_Pi/install/robot_interfaces/include/robot_interfaces/robot_interfaces/msg/detail/pose__rosidl_typesupport_introspection_cpp.hpp
[2.834s] -- Up-to-date: /home/rpi-team11/ECE4191G11/ROS_Pi/install/robot_interfaces/include/robot_interfaces/robot_interfaces/msg/detail/encoder_info__rosidl_typesupport_introspection_cpp.hpp
[2.835s] -- Up-to-date: /home/rpi-team11/ECE4191G11/ROS_Pi/install/robot_interfaces/include/robot_interfaces/robot_interfaces/msg/detail/waypoint__type_support.cpp
[2.835s] -- Up-to-date: /home/rpi-team11/ECE4191G11/ROS_Pi/install/robot_interfaces/include/robot_interfaces/robot_interfaces/msg/detail/distances__rosidl_typesupport_introspection_cpp.hpp
[2.835s] -- Up-to-date: /home/rpi-team11/ECE4191G11/ROS_Pi/install/robot_interfaces/include/robot_interfaces/robot_interfaces/msg/detail/waypoint__rosidl_typesupport_introspection_cpp.hpp
[2.836s] -- Up-to-date: /home/rpi-team11/ECE4191G11/ROS_Pi/install/robot_interfaces/lib/librobot_interfaces__rosidl_typesupport_introspection_cpp.so
[2.838s] -- Up-to-date: /home/rpi-team11/ECE4191G11/ROS_Pi/install/robot_interfaces/lib/librobot_interfaces__rosidl_typesupport_cpp.so
[2.839s] -- Up-to-date: /home/rpi-team11/ECE4191G11/ROS_Pi/install/robot_interfaces/share/robot_interfaces/environment/pythonpath.sh
[2.839s] -- Up-to-date: /home/rpi-team11/ECE4191G11/ROS_Pi/install/robot_interfaces/share/robot_interfaces/environment/pythonpath.dsv
[2.840s] -- Up-to-date: /home/rpi-team11/ECE4191G11/ROS_Pi/install/robot_interfaces/local/lib/python3.10/dist-packages/robot_interfaces-0.0.0-py3.10.egg-info
[2.840s] -- Installing: /home/rpi-team11/ECE4191G11/ROS_Pi/install/robot_interfaces/local/lib/python3.10/dist-packages/robot_interfaces-0.0.0-py3.10.egg-info/dependency_links.txt
[2.842s] -- Installing: /home/rpi-team11/ECE4191G11/ROS_Pi/install/robot_interfaces/local/lib/python3.10/dist-packages/robot_interfaces-0.0.0-py3.10.egg-info/top_level.txt
[2.843s] -- Installing: /home/rpi-team11/ECE4191G11/ROS_Pi/install/robot_interfaces/local/lib/python3.10/dist-packages/robot_interfaces-0.0.0-py3.10.egg-info/SOURCES.txt
[2.844s] -- Installing: /home/rpi-team11/ECE4191G11/ROS_Pi/install/robot_interfaces/local/lib/python3.10/dist-packages/robot_interfaces-0.0.0-py3.10.egg-info/PKG-INFO
[2.846s] -- Up-to-date: /home/rpi-team11/ECE4191G11/ROS_Pi/install/robot_interfaces/local/lib/python3.10/dist-packages/robot_interfaces
[2.846s] -- Up-to-date: /home/rpi-team11/ECE4191G11/ROS_Pi/install/robot_interfaces/local/lib/python3.10/dist-packages/robot_interfaces/msg
[2.847s] -- Up-to-date: /home/rpi-team11/ECE4191G11/ROS_Pi/install/robot_interfaces/local/lib/python3.10/dist-packages/robot_interfaces/msg/_obstacles.py
[2.847s] -- Up-to-date: /home/rpi-team11/ECE4191G11/ROS_Pi/install/robot_interfaces/local/lib/python3.10/dist-packages/robot_interfaces/msg/_distances.py
[2.848s] -- Up-to-date: /home/rpi-team11/ECE4191G11/ROS_Pi/install/robot_interfaces/local/lib/python3.10/dist-packages/robot_interfaces/msg/_waypoint.py
[2.848s] -- Up-to-date: /home/rpi-team11/ECE4191G11/ROS_Pi/install/robot_interfaces/local/lib/python3.10/dist-packages/robot_interfaces/msg/_encoder_info.py
[2.849s] -- Up-to-date: /home/rpi-team11/ECE4191G11/ROS_Pi/install/robot_interfaces/local/lib/python3.10/dist-packages/robot_interfaces/msg/_pose_s.c
[2.849s] -- Up-to-date: /home/rpi-team11/ECE4191G11/ROS_Pi/install/robot_interfaces/local/lib/python3.10/dist-packages/robot_interfaces/msg/__init__.py
[2.849s] -- Up-to-date: /home/rpi-team11/ECE4191G11/ROS_Pi/install/robot_interfaces/local/lib/python3.10/dist-packages/robot_interfaces/msg/_waypoint_s.c
[2.850s] -- Up-to-date: /home/rpi-team11/ECE4191G11/ROS_Pi/install/robot_interfaces/local/lib/python3.10/dist-packages/robot_interfaces/msg/_pose.py
[2.850s] -- Up-to-date: /home/rpi-team11/ECE4191G11/ROS_Pi/install/robot_interfaces/local/lib/python3.10/dist-packages/robot_interfaces/msg/_encoder_info_s.c
[2.851s] -- Up-to-date: /home/rpi-team11/ECE4191G11/ROS_Pi/install/robot_interfaces/local/lib/python3.10/dist-packages/robot_interfaces/msg/_obstacles_s.c
[2.851s] -- Up-to-date: /home/rpi-team11/ECE4191G11/ROS_Pi/install/robot_interfaces/local/lib/python3.10/dist-packages/robot_interfaces/msg/_distances_s.c
[2.851s] -- Up-to-date: /home/rpi-team11/ECE4191G11/ROS_Pi/install/robot_interfaces/local/lib/python3.10/dist-packages/robot_interfaces/_robot_interfaces_s.ep.rosidl_typesupport_c.c
[2.852s] -- Up-to-date: /home/rpi-team11/ECE4191G11/ROS_Pi/install/robot_interfaces/local/lib/python3.10/dist-packages/robot_interfaces/__init__.py
[2.852s] -- Up-to-date: /home/rpi-team11/ECE4191G11/ROS_Pi/install/robot_interfaces/local/lib/python3.10/dist-packages/robot_interfaces/robot_interfaces_s__rosidl_typesupport_c.cpython-310-aarch64-linux-gnu.so
[2.853s] -- Up-to-date: /home/rpi-team11/ECE4191G11/ROS_Pi/install/robot_interfaces/local/lib/python3.10/dist-packages/robot_interfaces/_robot_interfaces_s.ep.rosidl_typesupport_introspection_c.c
[2.853s] -- Up-to-date: /home/rpi-team11/ECE4191G11/ROS_Pi/install/robot_interfaces/local/lib/python3.10/dist-packages/robot_interfaces/_robot_interfaces_s.ep.rosidl_typesupport_fastrtps_c.c
[2.853s] -- Up-to-date: /home/rpi-team11/ECE4191G11/ROS_Pi/install/robot_interfaces/local/lib/python3.10/dist-packages/robot_interfaces/librobot_interfaces__rosidl_generator_py.so
[2.854s] -- Up-to-date: /home/rpi-team11/ECE4191G11/ROS_Pi/install/robot_interfaces/local/lib/python3.10/dist-packages/robot_interfaces/robot_interfaces_s__rosidl_typesupport_fastrtps_c.cpython-310-aarch64-linux-gnu.so
[2.854s] -- Up-to-date: /home/rpi-team11/ECE4191G11/ROS_Pi/install/robot_interfaces/local/lib/python3.10/dist-packages/robot_interfaces/robot_interfaces_s__rosidl_typesupport_introspection_c.cpython-310-aarch64-linux-gnu.so
[2.994s] Listing '/home/rpi-team11/ECE4191G11/ROS_Pi/install/robot_interfaces/local/lib/python3.10/dist-packages/robot_interfaces'...
[2.995s] Listing '/home/rpi-team11/ECE4191G11/ROS_Pi/install/robot_interfaces/local/lib/python3.10/dist-packages/robot_interfaces/msg'...
[3.016s] -- Up-to-date: /home/rpi-team11/ECE4191G11/ROS_Pi/install/robot_interfaces/local/lib/python3.10/dist-packages/robot_interfaces/robot_interfaces_s__rosidl_typesupport_fastrtps_c.cpython-310-aarch64-linux-gnu.so
[3.019s] -- Up-to-date: /home/rpi-team11/ECE4191G11/ROS_Pi/install/robot_interfaces/local/lib/python3.10/dist-packages/robot_interfaces/robot_interfaces_s__rosidl_typesupport_introspection_c.cpython-310-aarch64-linux-gnu.so
[3.021s] -- Up-to-date: /home/rpi-team11/ECE4191G11/ROS_Pi/install/robot_interfaces/local/lib/python3.10/dist-packages/robot_interfaces/robot_interfaces_s__rosidl_typesupport_c.cpython-310-aarch64-linux-gnu.so
[3.024s] -- Up-to-date: /home/rpi-team11/ECE4191G11/ROS_Pi/install/robot_interfaces/lib/librobot_interfaces__rosidl_generator_py.so
[3.025s] -- Up-to-date: /home/rpi-team11/ECE4191G11/ROS_Pi/install/robot_interfaces/share/robot_interfaces/msg/Waypoint.idl
[3.026s] -- Up-to-date: /home/rpi-team11/ECE4191G11/ROS_Pi/install/robot_interfaces/share/robot_interfaces/msg/Pose.idl
[3.027s] -- Up-to-date: /home/rpi-team11/ECE4191G11/ROS_Pi/install/robot_interfaces/share/robot_interfaces/msg/Distances.idl
[3.027s] -- Up-to-date: /home/rpi-team11/ECE4191G11/ROS_Pi/install/robot_interfaces/share/robot_interfaces/msg/EncoderInfo.idl
[3.028s] -- Up-to-date: /home/rpi-team11/ECE4191G11/ROS_Pi/install/robot_interfaces/share/robot_interfaces/msg/Obstacles.idl
[3.028s] -- Up-to-date: /home/rpi-team11/ECE4191G11/ROS_Pi/install/robot_interfaces/share/robot_interfaces/msg/Waypoint.msg
[3.029s] -- Up-to-date: /home/rpi-team11/ECE4191G11/ROS_Pi/install/robot_interfaces/share/robot_interfaces/msg/Pose.msg
[3.029s] -- Up-to-date: /home/rpi-team11/ECE4191G11/ROS_Pi/install/robot_interfaces/share/robot_interfaces/msg/Distances.msg
[3.030s] -- Up-to-date: /home/rpi-team11/ECE4191G11/ROS_Pi/install/robot_interfaces/share/robot_interfaces/msg/EncoderInfo.msg
[3.030s] -- Up-to-date: /home/rpi-team11/ECE4191G11/ROS_Pi/install/robot_interfaces/share/robot_interfaces/msg/Obstacles.msg
[3.031s] -- Up-to-date: /home/rpi-team11/ECE4191G11/ROS_Pi/install/robot_interfaces/share/ament_index/resource_index/package_run_dependencies/robot_interfaces
[3.031s] -- Up-to-date: /home/rpi-team11/ECE4191G11/ROS_Pi/install/robot_interfaces/share/ament_index/resource_index/parent_prefix_path/robot_interfaces
[3.032s] -- Up-to-date: /home/rpi-team11/ECE4191G11/ROS_Pi/install/robot_interfaces/share/robot_interfaces/environment/ament_prefix_path.sh
[3.032s] -- Up-to-date: /home/rpi-team11/ECE4191G11/ROS_Pi/install/robot_interfaces/share/robot_interfaces/environment/ament_prefix_path.dsv
[3.033s] -- Up-to-date: /home/rpi-team11/ECE4191G11/ROS_Pi/install/robot_interfaces/share/robot_interfaces/environment/path.sh
[3.033s] -- Up-to-date: /home/rpi-team11/ECE4191G11/ROS_Pi/install/robot_interfaces/share/robot_interfaces/environment/path.dsv
[3.034s] -- Up-to-date: /home/rpi-team11/ECE4191G11/ROS_Pi/install/robot_interfaces/share/robot_interfaces/local_setup.bash
[3.034s] -- Up-to-date: /home/rpi-team11/ECE4191G11/ROS_Pi/install/robot_interfaces/share/robot_interfaces/local_setup.sh
[3.035s] -- Up-to-date: /home/rpi-team11/ECE4191G11/ROS_Pi/install/robot_interfaces/share/robot_interfaces/local_setup.zsh
[3.035s] -- Up-to-date: /home/rpi-team11/ECE4191G11/ROS_Pi/install/robot_interfaces/share/robot_interfaces/local_setup.dsv
[3.035s] -- Installing: /home/rpi-team11/ECE4191G11/ROS_Pi/install/robot_interfaces/share/robot_interfaces/package.dsv
[3.036s] -- Up-to-date: /home/rpi-team11/ECE4191G11/ROS_Pi/install/robot_interfaces/share/ament_index/resource_index/packages/robot_interfaces
[3.036s] -- Up-to-date: /home/rpi-team11/ECE4191G11/ROS_Pi/install/robot_interfaces/share/robot_interfaces/cmake/export_robot_interfaces__rosidl_generator_cExport.cmake
[3.037s] -- Up-to-date: /home/rpi-team11/ECE4191G11/ROS_Pi/install/robot_interfaces/share/robot_interfaces/cmake/export_robot_interfaces__rosidl_generator_cExport-noconfig.cmake
[3.038s] -- Up-to-date: /home/rpi-team11/ECE4191G11/ROS_Pi/install/robot_interfaces/share/robot_interfaces/cmake/export_robot_interfaces__rosidl_typesupport_fastrtps_cExport.cmake
[3.039s] -- Up-to-date: /home/rpi-team11/ECE4191G11/ROS_Pi/install/robot_interfaces/share/robot_interfaces/cmake/export_robot_interfaces__rosidl_typesupport_fastrtps_cExport-noconfig.cmake
[3.040s] -- Up-to-date: /home/rpi-team11/ECE4191G11/ROS_Pi/install/robot_interfaces/share/robot_interfaces/cmake/robot_interfaces__rosidl_typesupport_introspection_cExport.cmake
[3.041s] -- Up-to-date: /home/rpi-team11/ECE4191G11/ROS_Pi/install/robot_interfaces/share/robot_interfaces/cmake/robot_interfaces__rosidl_typesupport_introspection_cExport-noconfig.cmake
[3.042s] -- Up-to-date: /home/rpi-team11/ECE4191G11/ROS_Pi/install/robot_interfaces/share/robot_interfaces/cmake/robot_interfaces__rosidl_typesupport_cExport.cmake
[3.042s] -- Up-to-date: /home/rpi-team11/ECE4191G11/ROS_Pi/install/robot_interfaces/share/robot_interfaces/cmake/robot_interfaces__rosidl_typesupport_cExport-noconfig.cmake
[3.043s] -- Up-to-date: /home/rpi-team11/ECE4191G11/ROS_Pi/install/robot_interfaces/share/robot_interfaces/cmake/export_robot_interfaces__rosidl_generator_cppExport.cmake
[3.043s] -- Up-to-date: /home/rpi-team11/ECE4191G11/ROS_Pi/install/robot_interfaces/share/robot_interfaces/cmake/export_robot_interfaces__rosidl_typesupport_fastrtps_cppExport.cmake
[3.044s] -- Up-to-date: /home/rpi-team11/ECE4191G11/ROS_Pi/install/robot_interfaces/share/robot_interfaces/cmake/export_robot_interfaces__rosidl_typesupport_fastrtps_cppExport-noconfig.cmake
[3.045s] -- Up-to-date: /home/rpi-team11/ECE4191G11/ROS_Pi/install/robot_interfaces/share/robot_interfaces/cmake/robot_interfaces__rosidl_typesupport_introspection_cppExport.cmake
[3.046s] -- Up-to-date: /home/rpi-team11/ECE4191G11/ROS_Pi/install/robot_interfaces/share/robot_interfaces/cmake/robot_interfaces__rosidl_typesupport_introspection_cppExport-noconfig.cmake
[3.046s] -- Up-to-date: /home/rpi-team11/ECE4191G11/ROS_Pi/install/robot_interfaces/share/robot_interfaces/cmake/robot_interfaces__rosidl_typesupport_cppExport.cmake
[3.047s] -- Up-to-date: /home/rpi-team11/ECE4191G11/ROS_Pi/install/robot_interfaces/share/robot_interfaces/cmake/robot_interfaces__rosidl_typesupport_cppExport-noconfig.cmake
[3.050s] -- Up-to-date: /home/rpi-team11/ECE4191G11/ROS_Pi/install/robot_interfaces/share/robot_interfaces/cmake/export_robot_interfaces__rosidl_generator_pyExport.cmake
[3.050s] -- Up-to-date: /home/rpi-team11/ECE4191G11/ROS_Pi/install/robot_interfaces/share/robot_interfaces/cmake/export_robot_interfaces__rosidl_generator_pyExport-noconfig.cmake
[3.051s] -- Up-to-date: /home/rpi-team11/ECE4191G11/ROS_Pi/install/robot_interfaces/share/robot_interfaces/cmake/rosidl_cmake-extras.cmake
[3.052s] -- Up-to-date: /home/rpi-team11/ECE4191G11/ROS_Pi/install/robot_interfaces/share/robot_interfaces/cmake/ament_cmake_export_include_directories-extras.cmake
[3.053s] -- Up-to-date: /home/rpi-team11/ECE4191G11/ROS_Pi/install/robot_interfaces/share/robot_interfaces/cmake/ament_cmake_export_libraries-extras.cmake
[3.053s] -- Up-to-date: /home/rpi-team11/ECE4191G11/ROS_Pi/install/robot_interfaces/share/robot_interfaces/cmake/ament_cmake_export_targets-extras.cmake
[3.054s] -- Up-to-date: /home/rpi-team11/ECE4191G11/ROS_Pi/install/robot_interfaces/share/robot_interfaces/cmake/rosidl_cmake_export_typesupport_targets-extras.cmake
[3.054s] -- Up-to-date: /home/rpi-team11/ECE4191G11/ROS_Pi/install/robot_interfaces/share/robot_interfaces/cmake/ament_cmake_export_dependencies-extras.cmake
[3.054s] -- Up-to-date: /home/rpi-team11/ECE4191G11/ROS_Pi/install/robot_interfaces/share/robot_interfaces/cmake/rosidl_cmake_export_typesupport_libraries-extras.cmake
[3.055s] -- Up-to-date: /home/rpi-team11/ECE4191G11/ROS_Pi/install/robot_interfaces/share/robot_interfaces/cmake/robot_interfacesConfig.cmake
[3.055s] -- Up-to-date: /home/rpi-team11/ECE4191G11/ROS_Pi/install/robot_interfaces/share/robot_interfaces/cmake/robot_interfacesConfig-version.cmake
[3.056s] -- Up-to-date: /home/rpi-team11/ECE4191G11/ROS_Pi/install/robot_interfaces/share/robot_interfaces/package.xml
[3.064s] Invoked command in '/home/rpi-team11/ECE4191G11/ROS_Pi/build/robot_interfaces' returned '0': CMAKE_PREFIX_PATH=${CMAKE_PREFIX_PATH}:/home/rpi-team11/ECE4191G11/ROS_Pi/install/robot_controller:/opt/ros/humble /usr/bin/cmake --install /home/rpi-team11/ECE4191G11/ROS_Pi/build/robot_interfaces
