[0.086s] Invoking command in '/home/rpi-team11/ECE4191G11/ROS_Pi/build/robot_launch': AMENT_PREFIX_PATH=/home/rpi-team11/ECE4191G11/ROS_Pi/install/robot_controller:/home/rpi-team11/ECE4191G11/ROS_Pi/install/robot_launch:/home/rpi-team11/ECE4191G11/ROS_Pi/install/robot_interfaces:/opt/ros/humble CMAKE_PREFIX_PATH=/home/rpi-team11/ECE4191G11/ROS_Pi/install/robot_interfaces:/home/rpi-team11/ECE4191G11/ROS_Pi/install/robot_launch:/home/rpi-team11/ECE4191G11/ROS_Pi/install/robot_controller:/opt/ros/humble /usr/bin/cmake /home/rpi-team11/ECE4191G11/ROS_Pi/src/robot_launch -DCMAKE_INSTALL_PREFIX=/home/rpi-team11/ECE4191G11/ROS_Pi/install/robot_launch
[0.390s] -- The C compiler identification is GNU 11.4.0
[0.737s] -- The CXX compiler identification is GNU 11.4.0
[0.769s] -- Detecting C compiler ABI info
[1.184s] -- Detecting C compiler ABI info - done
[1.212s] -- Check for working C compiler: /usr/bin/cc - skipped
[1.213s] -- Detecting C compile features
[1.215s] -- Detecting C compile features - done
[1.230s] -- Detecting CXX compiler ABI info
[1.764s] -- Detecting CXX compiler ABI info - done
[1.799s] -- Check for working CXX compiler: /usr/bin/c++ - skipped
[1.800s] -- Detecting CXX compile features
[1.802s] -- Detecting CXX compile features - done
[1.832s] -- Found ament_cmake: 1.3.5 (/opt/ros/humble/share/ament_cmake/cmake)
[3.469s] -- Found Python3: /usr/bin/python3.10 (found version "3.10.12") found components: Interpreter 
[4.817s] -- Configuring done
[4.843s] -- Generating done
[4.850s] -- Build files have been written to: /home/rpi-team11/ECE4191G11/ROS_Pi/build/robot_launch
[4.871s] Invoked command in '/home/rpi-team11/ECE4191G11/ROS_Pi/build/robot_launch' returned '0': AMENT_PREFIX_PATH=/home/rpi-team11/ECE4191G11/ROS_Pi/install/robot_controller:/home/rpi-team11/ECE4191G11/ROS_Pi/install/robot_launch:/home/rpi-team11/ECE4191G11/ROS_Pi/install/robot_interfaces:/opt/ros/humble CMAKE_PREFIX_PATH=/home/rpi-team11/ECE4191G11/ROS_Pi/install/robot_interfaces:/home/rpi-team11/ECE4191G11/ROS_Pi/install/robot_launch:/home/rpi-team11/ECE4191G11/ROS_Pi/install/robot_controller:/opt/ros/humble /usr/bin/cmake /home/rpi-team11/ECE4191G11/ROS_Pi/src/robot_launch -DCMAKE_INSTALL_PREFIX=/home/rpi-team11/ECE4191G11/ROS_Pi/install/robot_launch
[4.881s] Invoking command in '/home/rpi-team11/ECE4191G11/ROS_Pi/build/robot_launch': AMENT_PREFIX_PATH=/home/rpi-team11/ECE4191G11/ROS_Pi/install/robot_controller:/home/rpi-team11/ECE4191G11/ROS_Pi/install/robot_launch:/home/rpi-team11/ECE4191G11/ROS_Pi/install/robot_interfaces:/opt/ros/humble CMAKE_PREFIX_PATH=/home/rpi-team11/ECE4191G11/ROS_Pi/install/robot_interfaces:/home/rpi-team11/ECE4191G11/ROS_Pi/install/robot_launch:/home/rpi-team11/ECE4191G11/ROS_Pi/install/robot_controller:/opt/ros/humble /usr/bin/cmake --build /home/rpi-team11/ECE4191G11/ROS_Pi/build/robot_launch -- -j4 -l4
[5.055s] Invoked command in '/home/rpi-team11/ECE4191G11/ROS_Pi/build/robot_launch' returned '0': AMENT_PREFIX_PATH=/home/rpi-team11/ECE4191G11/ROS_Pi/install/robot_controller:/home/rpi-team11/ECE4191G11/ROS_Pi/install/robot_launch:/home/rpi-team11/ECE4191G11/ROS_Pi/install/robot_interfaces:/opt/ros/humble CMAKE_PREFIX_PATH=/home/rpi-team11/ECE4191G11/ROS_Pi/install/robot_interfaces:/home/rpi-team11/ECE4191G11/ROS_Pi/install/robot_launch:/home/rpi-team11/ECE4191G11/ROS_Pi/install/robot_controller:/opt/ros/humble /usr/bin/cmake --build /home/rpi-team11/ECE4191G11/ROS_Pi/build/robot_launch -- -j4 -l4
[5.167s] Invoking command in '/home/rpi-team11/ECE4191G11/ROS_Pi/build/robot_launch': AMENT_PREFIX_PATH=/home/rpi-team11/ECE4191G11/ROS_Pi/install/robot_controller:/home/rpi-team11/ECE4191G11/ROS_Pi/install/robot_launch:/home/rpi-team11/ECE4191G11/ROS_Pi/install/robot_interfaces:/opt/ros/humble CMAKE_PREFIX_PATH=/home/rpi-team11/ECE4191G11/ROS_Pi/install/robot_interfaces:/home/rpi-team11/ECE4191G11/ROS_Pi/install/robot_launch:/home/rpi-team11/ECE4191G11/ROS_Pi/install/robot_controller:/opt/ros/humble /usr/bin/cmake --install /home/rpi-team11/ECE4191G11/ROS_Pi/build/robot_launch
[5.195s] -- Install configuration: ""
[5.196s] -- Installing: /home/rpi-team11/ECE4191G11/ROS_Pi/install/robot_launch/share/robot_launch/launch
[5.197s] -- Installing: /home/rpi-team11/ECE4191G11/ROS_Pi/install/robot_launch/share/robot_launch/launch/robot.launch.py
[5.199s] -- Installing: /home/rpi-team11/ECE4191G11/ROS_Pi/install/robot_launch/share/ament_index/resource_index/package_run_dependencies/robot_launch
[5.200s] -- Installing: /home/rpi-team11/ECE4191G11/ROS_Pi/install/robot_launch/share/ament_index/resource_index/parent_prefix_path/robot_launch
[5.202s] -- Installing: /home/rpi-team11/ECE4191G11/ROS_Pi/install/robot_launch/share/robot_launch/environment/ament_prefix_path.sh
[5.203s] -- Installing: /home/rpi-team11/ECE4191G11/ROS_Pi/install/robot_launch/share/robot_launch/environment/ament_prefix_path.dsv
[5.205s] -- Installing: /home/rpi-team11/ECE4191G11/ROS_Pi/install/robot_launch/share/robot_launch/environment/path.sh
[5.207s] -- Installing: /home/rpi-team11/ECE4191G11/ROS_Pi/install/robot_launch/share/robot_launch/environment/path.dsv
[5.208s] -- Installing: /home/rpi-team11/ECE4191G11/ROS_Pi/install/robot_launch/share/robot_launch/local_setup.bash
[5.209s] -- Installing: /home/rpi-team11/ECE4191G11/ROS_Pi/install/robot_launch/share/robot_launch/local_setup.sh
[5.211s] -- Installing: /home/rpi-team11/ECE4191G11/ROS_Pi/install/robot_launch/share/robot_launch/local_setup.zsh
[5.212s] -- Installing: /home/rpi-team11/ECE4191G11/ROS_Pi/install/robot_launch/share/robot_launch/local_setup.dsv
[5.213s] -- Installing: /home/rpi-team11/ECE4191G11/ROS_Pi/install/robot_launch/share/robot_launch/package.dsv
[5.215s] -- Installing: /home/rpi-team11/ECE4191G11/ROS_Pi/install/robot_launch/share/ament_index/resource_index/packages/robot_launch
[5.217s] -- Installing: /home/rpi-team11/ECE4191G11/ROS_Pi/install/robot_launch/share/robot_launch/cmake/robot_launchConfig.cmake
[5.218s] -- Installing: /home/rpi-team11/ECE4191G11/ROS_Pi/install/robot_launch/share/robot_launch/cmake/robot_launchConfig-version.cmake
[5.219s] -- Installing: /home/rpi-team11/ECE4191G11/ROS_Pi/install/robot_launch/share/robot_launch/package.xml
[5.243s] Invoked command in '/home/rpi-team11/ECE4191G11/ROS_Pi/build/robot_launch' returned '0': AMENT_PREFIX_PATH=/home/rpi-team11/ECE4191G11/ROS_Pi/install/robot_controller:/home/rpi-team11/ECE4191G11/ROS_Pi/install/robot_launch:/home/rpi-team11/ECE4191G11/ROS_Pi/install/robot_interfaces:/opt/ros/humble CMAKE_PREFIX_PATH=/home/rpi-team11/ECE4191G11/ROS_Pi/install/robot_interfaces:/home/rpi-team11/ECE4191G11/ROS_Pi/install/robot_launch:/home/rpi-team11/ECE4191G11/ROS_Pi/install/robot_controller:/opt/ros/humble /usr/bin/cmake --install /home/rpi-team11/ECE4191G11/ROS_Pi/build/robot_launch
