[0.060s] Invoking command in '/home/rpi-team11/ECE4191G11/ROS_Pi/build/robot_interfaces': CMAKE_PREFIX_PATH=${CMAKE_PREFIX_PATH}:/home/rpi-team11/ECE4191G11/ROS_Pi/install/robot_controller:/opt/ros/humble /usr/bin/cmake --build /home/rpi-team11/ECE4191G11/ROS_Pi/build/robot_interfaces -- -j4 -l4
[0.283s] [  1%] Built target robot_interfaces__cpp
[0.305s] [ 12%] Built target robot_interfaces__rosidl_generator_c
[0.355s] [ 12%] Built target ament_cmake_python_copy_robot_interfaces
[0.421s] [ 29%] Built target robot_interfaces__rosidl_typesupport_cpp
[0.423s] [ 35%] Built target robot_interfaces__rosidl_typesupport_fastrtps_cpp
[0.480s] [ 47%] Built target robot_interfaces__rosidl_typesupport_introspection_cpp
[0.493s] [ 58%] Built target robot_interfaces__rosidl_typesupport_fastrtps_c
[0.539s] [ 70%] Built target robot_interfaces__rosidl_typesupport_introspection_c
[0.563s] [ 81%] Built target robot_interfaces__rosidl_typesupport_c
[0.653s] [ 81%] Built target robot_interfaces
[0.743s] [ 82%] Built target robot_interfaces__py
[0.850s] [ 93%] Built target robot_interfaces__rosidl_generator_py
[0.962s] [ 95%] Built target robot_interfaces__rosidl_typesupport_introspection_c__pyext
[0.974s] [ 97%] Built target robot_interfaces__rosidl_typesupport_fastrtps_c__pyext
[0.978s] [100%] Built target robot_interfaces__rosidl_typesupport_c__pyext
[1.725s] running egg_info
[1.728s] writing robot_interfaces.egg-info/PKG-INFO
[1.729s] writing dependency_links to robot_interfaces.egg-info/dependency_links.txt
[1.730s] writing top-level names to robot_interfaces.egg-info/top_level.txt
[1.741s] reading manifest file 'robot_interfaces.egg-info/SOURCES.txt'
[1.744s] writing manifest file 'robot_interfaces.egg-info/SOURCES.txt'
[1.863s] [100%] Built target ament_cmake_python_build_robot_interfaces_egg
[1.911s] Invoked command in '/home/rpi-team11/ECE4191G11/ROS_Pi/build/robot_interfaces' returned '0': CMAKE_PREFIX_PATH=${CMAKE_PREFIX_PATH}:/home/rpi-team11/ECE4191G11/ROS_Pi/install/robot_controller:/opt/ros/humble /usr/bin/cmake --build /home/rpi-team11/ECE4191G11/ROS_Pi/build/robot_interfaces -- -j4 -l4
[3.268s] Invoking command in '/home/rpi-team11/ECE4191G11/ROS_Pi/build/robot_interfaces': CMAKE_PREFIX_PATH=${CMAKE_PREFIX_PATH}:/home/rpi-team11/ECE4191G11/ROS_Pi/install/robot_controller:/opt/ros/humble /usr/bin/cmake --install /home/rpi-team11/ECE4191G11/ROS_Pi/build/robot_interfaces
[3.297s] -- Install configuration: ""
[3.298s] -- Up-to-date: /home/rpi-team11/ECE4191G11/ROS_Pi/install/robot_interfaces/share/ament_index/resource_index/rosidl_interfaces/robot_interfaces
[3.298s] -- Up-to-date: /home/rpi-team11/ECE4191G11/ROS_Pi/install/robot_interfaces/include/robot_interfaces/robot_interfaces
[3.299s] -- Up-to-date: /home/rpi-team11/ECE4191G11/ROS_Pi/install/robot_interfaces/include/robot_interfaces/robot_interfaces/msg
[3.299s] -- Up-to-date: /home/rpi-team11/ECE4191G11/ROS_Pi/install/robot_interfaces/include/robot_interfaces/robot_interfaces/msg/obstacles.h
[3.300s] -- Up-to-date: /home/rpi-team11/ECE4191G11/ROS_Pi/install/robot_interfaces/include/robot_interfaces/robot_interfaces/msg/des_state.h
[3.300s] -- Up-to-date: /home/rpi-team11/ECE4191G11/ROS_Pi/install/robot_interfaces/include/robot_interfaces/robot_interfaces/msg/json_data.h
[3.301s] -- Up-to-date: /home/rpi-team11/ECE4191G11/ROS_Pi/install/robot_interfaces/include/robot_interfaces/robot_interfaces/msg/qr_data.h
[3.301s] -- Up-to-date: /home/rpi-team11/ECE4191G11/ROS_Pi/install/robot_interfaces/include/robot_interfaces/robot_interfaces/msg/detail
[3.302s] -- Up-to-date: /home/rpi-team11/ECE4191G11/ROS_Pi/install/robot_interfaces/include/robot_interfaces/robot_interfaces/msg/detail/qr_data__type_support.h
[3.302s] -- Up-to-date: /home/rpi-team11/ECE4191G11/ROS_Pi/install/robot_interfaces/include/robot_interfaces/robot_interfaces/msg/detail/json_data__functions.h
[3.302s] -- Up-to-date: /home/rpi-team11/ECE4191G11/ROS_Pi/install/robot_interfaces/include/robot_interfaces/robot_interfaces/msg/detail/des_state__functions.h
[3.303s] -- Up-to-date: /home/rpi-team11/ECE4191G11/ROS_Pi/install/robot_interfaces/include/robot_interfaces/robot_interfaces/msg/detail/des_state__type_support.h
[3.304s] -- Up-to-date: /home/rpi-team11/ECE4191G11/ROS_Pi/install/robot_interfaces/include/robot_interfaces/robot_interfaces/msg/detail/pose__struct.h
[3.304s] -- Up-to-date: /home/rpi-team11/ECE4191G11/ROS_Pi/install/robot_interfaces/include/robot_interfaces/robot_interfaces/msg/detail/distances__type_support.h
[3.305s] -- Up-to-date: /home/rpi-team11/ECE4191G11/ROS_Pi/install/robot_interfaces/include/robot_interfaces/robot_interfaces/msg/detail/qr_data__functions.h
[3.305s] -- Up-to-date: /home/rpi-team11/ECE4191G11/ROS_Pi/install/robot_interfaces/include/robot_interfaces/robot_interfaces/msg/detail/json_data__struct.h
[3.306s] -- Up-to-date: /home/rpi-team11/ECE4191G11/ROS_Pi/install/robot_interfaces/include/robot_interfaces/robot_interfaces/msg/detail/distances__functions.h
[3.306s] -- Up-to-date: /home/rpi-team11/ECE4191G11/ROS_Pi/install/robot_interfaces/include/robot_interfaces/robot_interfaces/msg/detail/obstacles__functions.h
[3.306s] -- Up-to-date: /home/rpi-team11/ECE4191G11/ROS_Pi/install/robot_interfaces/include/robot_interfaces/robot_interfaces/msg/detail/flag__functions.c
[3.307s] -- Up-to-date: /home/rpi-team11/ECE4191G11/ROS_Pi/install/robot_interfaces/include/robot_interfaces/robot_interfaces/msg/detail/obstacles__type_support.h
[3.307s] -- Up-to-date: /home/rpi-team11/ECE4191G11/ROS_Pi/install/robot_interfaces/include/robot_interfaces/robot_interfaces/msg/detail/des_state__functions.c
[3.308s] -- Up-to-date: /home/rpi-team11/ECE4191G11/ROS_Pi/install/robot_interfaces/include/robot_interfaces/robot_interfaces/msg/detail/encoder_info__functions.c
[3.308s] -- Up-to-date: /home/rpi-team11/ECE4191G11/ROS_Pi/install/robot_interfaces/include/robot_interfaces/robot_interfaces/msg/detail/obstacles__functions.c
[3.308s] -- Up-to-date: /home/rpi-team11/ECE4191G11/ROS_Pi/install/robot_interfaces/include/robot_interfaces/robot_interfaces/msg/detail/encoder_info__functions.h
[3.309s] -- Up-to-date: /home/rpi-team11/ECE4191G11/ROS_Pi/install/robot_interfaces/include/robot_interfaces/robot_interfaces/msg/detail/flag__struct.h
[3.309s] -- Up-to-date: /home/rpi-team11/ECE4191G11/ROS_Pi/install/robot_interfaces/include/robot_interfaces/robot_interfaces/msg/detail/encoder_info__struct.h
[3.310s] -- Up-to-date: /home/rpi-team11/ECE4191G11/ROS_Pi/install/robot_interfaces/include/robot_interfaces/robot_interfaces/msg/detail/distances__struct.h
[3.310s] -- Up-to-date: /home/rpi-team11/ECE4191G11/ROS_Pi/install/robot_interfaces/include/robot_interfaces/robot_interfaces/msg/detail/des_state__struct.h
[3.311s] -- Up-to-date: /home/rpi-team11/ECE4191G11/ROS_Pi/install/robot_interfaces/include/robot_interfaces/robot_interfaces/msg/detail/json_data__type_support.h
[3.311s] -- Up-to-date: /home/rpi-team11/ECE4191G11/ROS_Pi/install/robot_interfaces/include/robot_interfaces/robot_interfaces/msg/detail/distances__functions.c
[3.312s] -- Up-to-date: /home/rpi-team11/ECE4191G11/ROS_Pi/install/robot_interfaces/include/robot_interfaces/robot_interfaces/msg/detail/qr_data__struct.h
[3.312s] -- Up-to-date: /home/rpi-team11/ECE4191G11/ROS_Pi/install/robot_interfaces/include/robot_interfaces/robot_interfaces/msg/detail/qr_data__functions.c
[3.312s] -- Up-to-date: /home/rpi-team11/ECE4191G11/ROS_Pi/install/robot_interfaces/include/robot_interfaces/robot_interfaces/msg/detail/encoder_info__type_support.h
[3.313s] -- Up-to-date: /home/rpi-team11/ECE4191G11/ROS_Pi/install/robot_interfaces/include/robot_interfaces/robot_interfaces/msg/detail/pose__type_support.h
[3.313s] -- Up-to-date: /home/rpi-team11/ECE4191G11/ROS_Pi/install/robot_interfaces/include/robot_interfaces/robot_interfaces/msg/detail/json_data__functions.c
[3.314s] -- Up-to-date: /home/rpi-team11/ECE4191G11/ROS_Pi/install/robot_interfaces/include/robot_interfaces/robot_interfaces/msg/detail/pose__functions.h
[3.314s] -- Up-to-date: /home/rpi-team11/ECE4191G11/ROS_Pi/install/robot_interfaces/include/robot_interfaces/robot_interfaces/msg/detail/flag__functions.h
[3.315s] -- Up-to-date: /home/rpi-team11/ECE4191G11/ROS_Pi/install/robot_interfaces/include/robot_interfaces/robot_interfaces/msg/detail/obstacles__struct.h
[3.315s] -- Up-to-date: /home/rpi-team11/ECE4191G11/ROS_Pi/install/robot_interfaces/include/robot_interfaces/robot_interfaces/msg/detail/pose__functions.c
[3.315s] -- Up-to-date: /home/rpi-team11/ECE4191G11/ROS_Pi/install/robot_interfaces/include/robot_interfaces/robot_interfaces/msg/detail/flag__type_support.h
[3.316s] -- Up-to-date: /home/rpi-team11/ECE4191G11/ROS_Pi/install/robot_interfaces/include/robot_interfaces/robot_interfaces/msg/pose.h
[3.317s] -- Up-to-date: /home/rpi-team11/ECE4191G11/ROS_Pi/install/robot_interfaces/include/robot_interfaces/robot_interfaces/msg/encoder_info.h
[3.318s] -- Up-to-date: /home/rpi-team11/ECE4191G11/ROS_Pi/install/robot_interfaces/include/robot_interfaces/robot_interfaces/msg/rosidl_generator_c__visibility_control.h
[3.318s] -- Up-to-date: /home/rpi-team11/ECE4191G11/ROS_Pi/install/robot_interfaces/include/robot_interfaces/robot_interfaces/msg/flag.h
[3.319s] -- Up-to-date: /home/rpi-team11/ECE4191G11/ROS_Pi/install/robot_interfaces/include/robot_interfaces/robot_interfaces/msg/distances.h
[3.319s] -- Up-to-date: /home/rpi-team11/ECE4191G11/ROS_Pi/install/robot_interfaces/share/robot_interfaces/environment/library_path.sh
[3.320s] -- Up-to-date: /home/rpi-team11/ECE4191G11/ROS_Pi/install/robot_interfaces/share/robot_interfaces/environment/library_path.dsv
[3.321s] -- Up-to-date: /home/rpi-team11/ECE4191G11/ROS_Pi/install/robot_interfaces/lib/librobot_interfaces__rosidl_generator_c.so
[3.321s] -- Up-to-date: /home/rpi-team11/ECE4191G11/ROS_Pi/install/robot_interfaces/include/robot_interfaces/robot_interfaces
[3.322s] -- Up-to-date: /home/rpi-team11/ECE4191G11/ROS_Pi/install/robot_interfaces/include/robot_interfaces/robot_interfaces/msg
[3.323s] -- Up-to-date: /home/rpi-team11/ECE4191G11/ROS_Pi/install/robot_interfaces/include/robot_interfaces/robot_interfaces/msg/rosidl_typesupport_fastrtps_c__visibility_control.h
[3.323s] -- Up-to-date: /home/rpi-team11/ECE4191G11/ROS_Pi/install/robot_interfaces/include/robot_interfaces/robot_interfaces/msg/detail
[3.323s] -- Up-to-date: /home/rpi-team11/ECE4191G11/ROS_Pi/install/robot_interfaces/include/robot_interfaces/robot_interfaces/msg/detail/distances__rosidl_typesupport_fastrtps_c.h
[3.324s] -- Up-to-date: /home/rpi-team11/ECE4191G11/ROS_Pi/install/robot_interfaces/include/robot_interfaces/robot_interfaces/msg/detail/obstacles__rosidl_typesupport_fastrtps_c.h
[3.324s] -- Up-to-date: /home/rpi-team11/ECE4191G11/ROS_Pi/install/robot_interfaces/include/robot_interfaces/robot_interfaces/msg/detail/json_data__rosidl_typesupport_fastrtps_c.h
[3.325s] -- Up-to-date: /home/rpi-team11/ECE4191G11/ROS_Pi/install/robot_interfaces/include/robot_interfaces/robot_interfaces/msg/detail/flag__rosidl_typesupport_fastrtps_c.h
[3.325s] -- Up-to-date: /home/rpi-team11/ECE4191G11/ROS_Pi/install/robot_interfaces/include/robot_interfaces/robot_interfaces/msg/detail/pose__rosidl_typesupport_fastrtps_c.h
[3.325s] -- Up-to-date: /home/rpi-team11/ECE4191G11/ROS_Pi/install/robot_interfaces/include/robot_interfaces/robot_interfaces/msg/detail/des_state__rosidl_typesupport_fastrtps_c.h
[3.326s] -- Up-to-date: /home/rpi-team11/ECE4191G11/ROS_Pi/install/robot_interfaces/include/robot_interfaces/robot_interfaces/msg/detail/qr_data__rosidl_typesupport_fastrtps_c.h
[3.326s] -- Up-to-date: /home/rpi-team11/ECE4191G11/ROS_Pi/install/robot_interfaces/include/robot_interfaces/robot_interfaces/msg/detail/encoder_info__rosidl_typesupport_fastrtps_c.h
[3.327s] -- Up-to-date: /home/rpi-team11/ECE4191G11/ROS_Pi/install/robot_interfaces/lib/librobot_interfaces__rosidl_typesupport_fastrtps_c.so
[3.327s] -- Up-to-date: /home/rpi-team11/ECE4191G11/ROS_Pi/install/robot_interfaces/include/robot_interfaces/robot_interfaces
[3.328s] -- Up-to-date: /home/rpi-team11/ECE4191G11/ROS_Pi/install/robot_interfaces/include/robot_interfaces/robot_interfaces/msg
[3.328s] -- Up-to-date: /home/rpi-team11/ECE4191G11/ROS_Pi/install/robot_interfaces/include/robot_interfaces/robot_interfaces/msg/detail
[3.328s] -- Up-to-date: /home/rpi-team11/ECE4191G11/ROS_Pi/install/robot_interfaces/include/robot_interfaces/robot_interfaces/msg/detail/qr_data__rosidl_typesupport_introspection_c.h
[3.329s] -- Up-to-date: /home/rpi-team11/ECE4191G11/ROS_Pi/install/robot_interfaces/include/robot_interfaces/robot_interfaces/msg/detail/flag__type_support.c
[3.329s] -- Up-to-date: /home/rpi-team11/ECE4191G11/ROS_Pi/install/robot_interfaces/include/robot_interfaces/robot_interfaces/msg/detail/qr_data__type_support.c
[3.330s] -- Up-to-date: /home/rpi-team11/ECE4191G11/ROS_Pi/install/robot_interfaces/include/robot_interfaces/robot_interfaces/msg/detail/json_data__type_support.c
[3.330s] -- Up-to-date: /home/rpi-team11/ECE4191G11/ROS_Pi/install/robot_interfaces/include/robot_interfaces/robot_interfaces/msg/detail/distances__type_support.c
[3.331s] -- Up-to-date: /home/rpi-team11/ECE4191G11/ROS_Pi/install/robot_interfaces/include/robot_interfaces/robot_interfaces/msg/detail/des_state__rosidl_typesupport_introspection_c.h
[3.331s] -- Up-to-date: /home/rpi-team11/ECE4191G11/ROS_Pi/install/robot_interfaces/include/robot_interfaces/robot_interfaces/msg/detail/json_data__rosidl_typesupport_introspection_c.h
[3.331s] -- Up-to-date: /home/rpi-team11/ECE4191G11/ROS_Pi/install/robot_interfaces/include/robot_interfaces/robot_interfaces/msg/detail/encoder_info__rosidl_typesupport_introspection_c.h
[3.332s] -- Up-to-date: /home/rpi-team11/ECE4191G11/ROS_Pi/install/robot_interfaces/include/robot_interfaces/robot_interfaces/msg/detail/pose__rosidl_typesupport_introspection_c.h
[3.332s] -- Up-to-date: /home/rpi-team11/ECE4191G11/ROS_Pi/install/robot_interfaces/include/robot_interfaces/robot_interfaces/msg/detail/distances__rosidl_typesupport_introspection_c.h
[3.333s] -- Up-to-date: /home/rpi-team11/ECE4191G11/ROS_Pi/install/robot_interfaces/include/robot_interfaces/robot_interfaces/msg/detail/obstacles__rosidl_typesupport_introspection_c.h
[3.333s] -- Up-to-date: /home/rpi-team11/ECE4191G11/ROS_Pi/install/robot_interfaces/include/robot_interfaces/robot_interfaces/msg/detail/obstacles__type_support.c
[3.333s] -- Up-to-date: /home/rpi-team11/ECE4191G11/ROS_Pi/install/robot_interfaces/include/robot_interfaces/robot_interfaces/msg/detail/pose__type_support.c
[3.334s] -- Up-to-date: /home/rpi-team11/ECE4191G11/ROS_Pi/install/robot_interfaces/include/robot_interfaces/robot_interfaces/msg/detail/encoder_info__type_support.c
[3.334s] -- Up-to-date: /home/rpi-team11/ECE4191G11/ROS_Pi/install/robot_interfaces/include/robot_interfaces/robot_interfaces/msg/detail/des_state__type_support.c
[3.335s] -- Up-to-date: /home/rpi-team11/ECE4191G11/ROS_Pi/install/robot_interfaces/include/robot_interfaces/robot_interfaces/msg/detail/flag__rosidl_typesupport_introspection_c.h
[3.335s] -- Up-to-date: /home/rpi-team11/ECE4191G11/ROS_Pi/install/robot_interfaces/include/robot_interfaces/robot_interfaces/msg/rosidl_typesupport_introspection_c__visibility_control.h
[3.335s] -- Up-to-date: /home/rpi-team11/ECE4191G11/ROS_Pi/install/robot_interfaces/lib/librobot_interfaces__rosidl_typesupport_introspection_c.so
[3.336s] -- Up-to-date: /home/rpi-team11/ECE4191G11/ROS_Pi/install/robot_interfaces/lib/librobot_interfaces__rosidl_typesupport_c.so
[3.336s] -- Up-to-date: /home/rpi-team11/ECE4191G11/ROS_Pi/install/robot_interfaces/include/robot_interfaces/robot_interfaces
[3.337s] -- Up-to-date: /home/rpi-team11/ECE4191G11/ROS_Pi/install/robot_interfaces/include/robot_interfaces/robot_interfaces/msg
[3.337s] -- Up-to-date: /home/rpi-team11/ECE4191G11/ROS_Pi/install/robot_interfaces/include/robot_interfaces/robot_interfaces/msg/encoder_info.hpp
[3.338s] -- Up-to-date: /home/rpi-team11/ECE4191G11/ROS_Pi/install/robot_interfaces/include/robot_interfaces/robot_interfaces/msg/flag.hpp
[3.338s] -- Up-to-date: /home/rpi-team11/ECE4191G11/ROS_Pi/install/robot_interfaces/include/robot_interfaces/robot_interfaces/msg/qr_data.hpp
[3.338s] -- Up-to-date: /home/rpi-team11/ECE4191G11/ROS_Pi/install/robot_interfaces/include/robot_interfaces/robot_interfaces/msg/obstacles.hpp
[3.339s] -- Up-to-date: /home/rpi-team11/ECE4191G11/ROS_Pi/install/robot_interfaces/include/robot_interfaces/robot_interfaces/msg/detail
[3.339s] -- Up-to-date: /home/rpi-team11/ECE4191G11/ROS_Pi/install/robot_interfaces/include/robot_interfaces/robot_interfaces/msg/detail/distances__builder.hpp
[3.340s] -- Up-to-date: /home/rpi-team11/ECE4191G11/ROS_Pi/install/robot_interfaces/include/robot_interfaces/robot_interfaces/msg/detail/json_data__struct.hpp
[3.340s] -- Up-to-date: /home/rpi-team11/ECE4191G11/ROS_Pi/install/robot_interfaces/include/robot_interfaces/robot_interfaces/msg/detail/qr_data__traits.hpp
[3.341s] -- Up-to-date: /home/rpi-team11/ECE4191G11/ROS_Pi/install/robot_interfaces/include/robot_interfaces/robot_interfaces/msg/detail/flag__traits.hpp
[3.341s] -- Up-to-date: /home/rpi-team11/ECE4191G11/ROS_Pi/install/robot_interfaces/include/robot_interfaces/robot_interfaces/msg/detail/pose__builder.hpp
[3.342s] -- Up-to-date: /home/rpi-team11/ECE4191G11/ROS_Pi/install/robot_interfaces/include/robot_interfaces/robot_interfaces/msg/detail/obstacles__traits.hpp
[3.342s] -- Up-to-date: /home/rpi-team11/ECE4191G11/ROS_Pi/install/robot_interfaces/include/robot_interfaces/robot_interfaces/msg/detail/flag__builder.hpp
[3.342s] -- Up-to-date: /home/rpi-team11/ECE4191G11/ROS_Pi/install/robot_interfaces/include/robot_interfaces/robot_interfaces/msg/detail/qr_data__struct.hpp
[3.343s] -- Up-to-date: /home/rpi-team11/ECE4191G11/ROS_Pi/install/robot_interfaces/include/robot_interfaces/robot_interfaces/msg/detail/flag__struct.hpp
[3.343s] -- Up-to-date: /home/rpi-team11/ECE4191G11/ROS_Pi/install/robot_interfaces/include/robot_interfaces/robot_interfaces/msg/detail/pose__traits.hpp
[3.344s] -- Up-to-date: /home/rpi-team11/ECE4191G11/ROS_Pi/install/robot_interfaces/include/robot_interfaces/robot_interfaces/msg/detail/obstacles__struct.hpp
[3.344s] -- Up-to-date: /home/rpi-team11/ECE4191G11/ROS_Pi/install/robot_interfaces/include/robot_interfaces/robot_interfaces/msg/detail/encoder_info__struct.hpp
[3.344s] -- Up-to-date: /home/rpi-team11/ECE4191G11/ROS_Pi/install/robot_interfaces/include/robot_interfaces/robot_interfaces/msg/detail/obstacles__builder.hpp
[3.345s] -- Up-to-date: /home/rpi-team11/ECE4191G11/ROS_Pi/install/robot_interfaces/include/robot_interfaces/robot_interfaces/msg/detail/encoder_info__builder.hpp
[3.345s] -- Up-to-date: /home/rpi-team11/ECE4191G11/ROS_Pi/install/robot_interfaces/include/robot_interfaces/robot_interfaces/msg/detail/json_data__traits.hpp
[3.346s] -- Up-to-date: /home/rpi-team11/ECE4191G11/ROS_Pi/install/robot_interfaces/include/robot_interfaces/robot_interfaces/msg/detail/des_state__builder.hpp
[3.346s] -- Up-to-date: /home/rpi-team11/ECE4191G11/ROS_Pi/install/robot_interfaces/include/robot_interfaces/robot_interfaces/msg/detail/json_data__builder.hpp
[3.347s] -- Up-to-date: /home/rpi-team11/ECE4191G11/ROS_Pi/install/robot_interfaces/include/robot_interfaces/robot_interfaces/msg/detail/distances__struct.hpp
[3.347s] -- Up-to-date: /home/rpi-team11/ECE4191G11/ROS_Pi/install/robot_interfaces/include/robot_interfaces/robot_interfaces/msg/detail/des_state__struct.hpp
[3.347s] -- Up-to-date: /home/rpi-team11/ECE4191G11/ROS_Pi/install/robot_interfaces/include/robot_interfaces/robot_interfaces/msg/detail/distances__traits.hpp
[3.348s] -- Up-to-date: /home/rpi-team11/ECE4191G11/ROS_Pi/install/robot_interfaces/include/robot_interfaces/robot_interfaces/msg/detail/qr_data__builder.hpp
[3.348s] -- Up-to-date: /home/rpi-team11/ECE4191G11/ROS_Pi/install/robot_interfaces/include/robot_interfaces/robot_interfaces/msg/detail/encoder_info__traits.hpp
[3.349s] -- Up-to-date: /home/rpi-team11/ECE4191G11/ROS_Pi/install/robot_interfaces/include/robot_interfaces/robot_interfaces/msg/detail/pose__struct.hpp
[3.349s] -- Up-to-date: /home/rpi-team11/ECE4191G11/ROS_Pi/install/robot_interfaces/include/robot_interfaces/robot_interfaces/msg/detail/des_state__traits.hpp
[3.350s] -- Up-to-date: /home/rpi-team11/ECE4191G11/ROS_Pi/install/robot_interfaces/include/robot_interfaces/robot_interfaces/msg/json_data.hpp
[3.350s] -- Up-to-date: /home/rpi-team11/ECE4191G11/ROS_Pi/install/robot_interfaces/include/robot_interfaces/robot_interfaces/msg/pose.hpp
[3.350s] -- Up-to-date: /home/rpi-team11/ECE4191G11/ROS_Pi/install/robot_interfaces/include/robot_interfaces/robot_interfaces/msg/distances.hpp
[3.351s] -- Up-to-date: /home/rpi-team11/ECE4191G11/ROS_Pi/install/robot_interfaces/include/robot_interfaces/robot_interfaces/msg/des_state.hpp
[3.351s] -- Up-to-date: /home/rpi-team11/ECE4191G11/ROS_Pi/install/robot_interfaces/include/robot_interfaces/robot_interfaces
[3.352s] -- Up-to-date: /home/rpi-team11/ECE4191G11/ROS_Pi/install/robot_interfaces/include/robot_interfaces/robot_interfaces/msg
[3.352s] -- Up-to-date: /home/rpi-team11/ECE4191G11/ROS_Pi/install/robot_interfaces/include/robot_interfaces/robot_interfaces/msg/detail
[3.352s] -- Up-to-date: /home/rpi-team11/ECE4191G11/ROS_Pi/install/robot_interfaces/include/robot_interfaces/robot_interfaces/msg/detail/qr_data__rosidl_typesupport_fastrtps_cpp.hpp
[3.353s] -- Up-to-date: /home/rpi-team11/ECE4191G11/ROS_Pi/install/robot_interfaces/include/robot_interfaces/robot_interfaces/msg/detail/distances__rosidl_typesupport_fastrtps_cpp.hpp
[3.353s] -- Up-to-date: /home/rpi-team11/ECE4191G11/ROS_Pi/install/robot_interfaces/include/robot_interfaces/robot_interfaces/msg/detail/dds_fastrtps
[3.354s] -- Up-to-date: /home/rpi-team11/ECE4191G11/ROS_Pi/install/robot_interfaces/include/robot_interfaces/robot_interfaces/msg/detail/flag__rosidl_typesupport_fastrtps_cpp.hpp
[3.354s] -- Up-to-date: /home/rpi-team11/ECE4191G11/ROS_Pi/install/robot_interfaces/include/robot_interfaces/robot_interfaces/msg/detail/obstacles__rosidl_typesupport_fastrtps_cpp.hpp
[3.354s] -- Up-to-date: /home/rpi-team11/ECE4191G11/ROS_Pi/install/robot_interfaces/include/robot_interfaces/robot_interfaces/msg/detail/encoder_info__rosidl_typesupport_fastrtps_cpp.hpp
[3.355s] -- Up-to-date: /home/rpi-team11/ECE4191G11/ROS_Pi/install/robot_interfaces/include/robot_interfaces/robot_interfaces/msg/detail/json_data__rosidl_typesupport_fastrtps_cpp.hpp
[3.355s] -- Up-to-date: /home/rpi-team11/ECE4191G11/ROS_Pi/install/robot_interfaces/include/robot_interfaces/robot_interfaces/msg/detail/des_state__rosidl_typesupport_fastrtps_cpp.hpp
[3.356s] -- Up-to-date: /home/rpi-team11/ECE4191G11/ROS_Pi/install/robot_interfaces/include/robot_interfaces/robot_interfaces/msg/detail/pose__rosidl_typesupport_fastrtps_cpp.hpp
[3.356s] -- Up-to-date: /home/rpi-team11/ECE4191G11/ROS_Pi/install/robot_interfaces/include/robot_interfaces/robot_interfaces/msg/rosidl_typesupport_fastrtps_cpp__visibility_control.h
[3.356s] -- Up-to-date: /home/rpi-team11/ECE4191G11/ROS_Pi/install/robot_interfaces/lib/librobot_interfaces__rosidl_typesupport_fastrtps_cpp.so
[3.357s] -- Up-to-date: /home/rpi-team11/ECE4191G11/ROS_Pi/install/robot_interfaces/include/robot_interfaces/robot_interfaces
[3.357s] -- Up-to-date: /home/rpi-team11/ECE4191G11/ROS_Pi/install/robot_interfaces/include/robot_interfaces/robot_interfaces/msg
[3.358s] -- Up-to-date: /home/rpi-team11/ECE4191G11/ROS_Pi/install/robot_interfaces/include/robot_interfaces/robot_interfaces/msg/detail
[3.358s] -- Up-to-date: /home/rpi-team11/ECE4191G11/ROS_Pi/install/robot_interfaces/include/robot_interfaces/robot_interfaces/msg/detail/obstacles__rosidl_typesupport_introspection_cpp.hpp
[3.359s] -- Up-to-date: /home/rpi-team11/ECE4191G11/ROS_Pi/install/robot_interfaces/include/robot_interfaces/robot_interfaces/msg/detail/des_state__rosidl_typesupport_introspection_cpp.hpp
[3.359s] -- Up-to-date: /home/rpi-team11/ECE4191G11/ROS_Pi/install/robot_interfaces/include/robot_interfaces/robot_interfaces/msg/detail/pose__type_support.cpp
[3.359s] -- Up-to-date: /home/rpi-team11/ECE4191G11/ROS_Pi/install/robot_interfaces/include/robot_interfaces/robot_interfaces/msg/detail/encoder_info__type_support.cpp
[3.360s] -- Up-to-date: /home/rpi-team11/ECE4191G11/ROS_Pi/install/robot_interfaces/include/robot_interfaces/robot_interfaces/msg/detail/distances__type_support.cpp
[3.360s] -- Up-to-date: /home/rpi-team11/ECE4191G11/ROS_Pi/install/robot_interfaces/include/robot_interfaces/robot_interfaces/msg/detail/obstacles__type_support.cpp
[3.361s] -- Up-to-date: /home/rpi-team11/ECE4191G11/ROS_Pi/install/robot_interfaces/include/robot_interfaces/robot_interfaces/msg/detail/pose__rosidl_typesupport_introspection_cpp.hpp
[3.361s] -- Up-to-date: /home/rpi-team11/ECE4191G11/ROS_Pi/install/robot_interfaces/include/robot_interfaces/robot_interfaces/msg/detail/json_data__rosidl_typesupport_introspection_cpp.hpp
[3.361s] -- Up-to-date: /home/rpi-team11/ECE4191G11/ROS_Pi/install/robot_interfaces/include/robot_interfaces/robot_interfaces/msg/detail/flag__rosidl_typesupport_introspection_cpp.hpp
[3.362s] -- Up-to-date: /home/rpi-team11/ECE4191G11/ROS_Pi/install/robot_interfaces/include/robot_interfaces/robot_interfaces/msg/detail/encoder_info__rosidl_typesupport_introspection_cpp.hpp
[3.362s] -- Up-to-date: /home/rpi-team11/ECE4191G11/ROS_Pi/install/robot_interfaces/include/robot_interfaces/robot_interfaces/msg/detail/des_state__type_support.cpp
[3.363s] -- Up-to-date: /home/rpi-team11/ECE4191G11/ROS_Pi/install/robot_interfaces/include/robot_interfaces/robot_interfaces/msg/detail/json_data__type_support.cpp
[3.363s] -- Up-to-date: /home/rpi-team11/ECE4191G11/ROS_Pi/install/robot_interfaces/include/robot_interfaces/robot_interfaces/msg/detail/flag__type_support.cpp
[3.363s] -- Up-to-date: /home/rpi-team11/ECE4191G11/ROS_Pi/install/robot_interfaces/include/robot_interfaces/robot_interfaces/msg/detail/qr_data__type_support.cpp
[3.364s] -- Up-to-date: /home/rpi-team11/ECE4191G11/ROS_Pi/install/robot_interfaces/include/robot_interfaces/robot_interfaces/msg/detail/qr_data__rosidl_typesupport_introspection_cpp.hpp
[3.364s] -- Up-to-date: /home/rpi-team11/ECE4191G11/ROS_Pi/install/robot_interfaces/include/robot_interfaces/robot_interfaces/msg/detail/distances__rosidl_typesupport_introspection_cpp.hpp
[3.364s] -- Up-to-date: /home/rpi-team11/ECE4191G11/ROS_Pi/install/robot_interfaces/lib/librobot_interfaces__rosidl_typesupport_introspection_cpp.so
[3.365s] -- Up-to-date: /home/rpi-team11/ECE4191G11/ROS_Pi/install/robot_interfaces/lib/librobot_interfaces__rosidl_typesupport_cpp.so
[3.366s] -- Up-to-date: /home/rpi-team11/ECE4191G11/ROS_Pi/install/robot_interfaces/share/robot_interfaces/environment/pythonpath.sh
[3.367s] -- Up-to-date: /home/rpi-team11/ECE4191G11/ROS_Pi/install/robot_interfaces/share/robot_interfaces/environment/pythonpath.dsv
[3.367s] -- Up-to-date: /home/rpi-team11/ECE4191G11/ROS_Pi/install/robot_interfaces/local/lib/python3.10/dist-packages/robot_interfaces-0.0.0-py3.10.egg-info
[3.367s] -- Installing: /home/rpi-team11/ECE4191G11/ROS_Pi/install/robot_interfaces/local/lib/python3.10/dist-packages/robot_interfaces-0.0.0-py3.10.egg-info/dependency_links.txt
[3.369s] -- Installing: /home/rpi-team11/ECE4191G11/ROS_Pi/install/robot_interfaces/local/lib/python3.10/dist-packages/robot_interfaces-0.0.0-py3.10.egg-info/top_level.txt
[3.370s] -- Installing: /home/rpi-team11/ECE4191G11/ROS_Pi/install/robot_interfaces/local/lib/python3.10/dist-packages/robot_interfaces-0.0.0-py3.10.egg-info/SOURCES.txt
[3.372s] -- Installing: /home/rpi-team11/ECE4191G11/ROS_Pi/install/robot_interfaces/local/lib/python3.10/dist-packages/robot_interfaces-0.0.0-py3.10.egg-info/PKG-INFO
[3.373s] -- Up-to-date: /home/rpi-team11/ECE4191G11/ROS_Pi/install/robot_interfaces/local/lib/python3.10/dist-packages/robot_interfaces
[3.374s] -- Up-to-date: /home/rpi-team11/ECE4191G11/ROS_Pi/install/robot_interfaces/local/lib/python3.10/dist-packages/robot_interfaces/msg
[3.374s] -- Up-to-date: /home/rpi-team11/ECE4191G11/ROS_Pi/install/robot_interfaces/local/lib/python3.10/dist-packages/robot_interfaces/msg/_json_data_s.c
[3.375s] -- Up-to-date: /home/rpi-team11/ECE4191G11/ROS_Pi/install/robot_interfaces/local/lib/python3.10/dist-packages/robot_interfaces/msg/_obstacles.py
[3.375s] -- Up-to-date: /home/rpi-team11/ECE4191G11/ROS_Pi/install/robot_interfaces/local/lib/python3.10/dist-packages/robot_interfaces/msg/_distances.py
[3.375s] -- Up-to-date: /home/rpi-team11/ECE4191G11/ROS_Pi/install/robot_interfaces/local/lib/python3.10/dist-packages/robot_interfaces/msg/_flag_s.c
[3.376s] -- Up-to-date: /home/rpi-team11/ECE4191G11/ROS_Pi/install/robot_interfaces/local/lib/python3.10/dist-packages/robot_interfaces/msg/_encoder_info.py
[3.376s] -- Up-to-date: /home/rpi-team11/ECE4191G11/ROS_Pi/install/robot_interfaces/local/lib/python3.10/dist-packages/robot_interfaces/msg/_pose_s.c
[3.377s] -- Up-to-date: /home/rpi-team11/ECE4191G11/ROS_Pi/install/robot_interfaces/local/lib/python3.10/dist-packages/robot_interfaces/msg/__init__.py
[3.377s] -- Up-to-date: /home/rpi-team11/ECE4191G11/ROS_Pi/install/robot_interfaces/local/lib/python3.10/dist-packages/robot_interfaces/msg/_flag.py
[3.378s] -- Up-to-date: /home/rpi-team11/ECE4191G11/ROS_Pi/install/robot_interfaces/local/lib/python3.10/dist-packages/robot_interfaces/msg/_pose.py
[3.378s] -- Up-to-date: /home/rpi-team11/ECE4191G11/ROS_Pi/install/robot_interfaces/local/lib/python3.10/dist-packages/robot_interfaces/msg/_json_data.py
[3.379s] -- Up-to-date: /home/rpi-team11/ECE4191G11/ROS_Pi/install/robot_interfaces/local/lib/python3.10/dist-packages/robot_interfaces/msg/_qr_data_s.c
[3.379s] -- Up-to-date: /home/rpi-team11/ECE4191G11/ROS_Pi/install/robot_interfaces/local/lib/python3.10/dist-packages/robot_interfaces/msg/_qr_data.py
[3.379s] -- Up-to-date: /home/rpi-team11/ECE4191G11/ROS_Pi/install/robot_interfaces/local/lib/python3.10/dist-packages/robot_interfaces/msg/_encoder_info_s.c
[3.380s] -- Up-to-date: /home/rpi-team11/ECE4191G11/ROS_Pi/install/robot_interfaces/local/lib/python3.10/dist-packages/robot_interfaces/msg/_obstacles_s.c
[3.380s] -- Up-to-date: /home/rpi-team11/ECE4191G11/ROS_Pi/install/robot_interfaces/local/lib/python3.10/dist-packages/robot_interfaces/msg/_des_state_s.c
[3.381s] -- Up-to-date: /home/rpi-team11/ECE4191G11/ROS_Pi/install/robot_interfaces/local/lib/python3.10/dist-packages/robot_interfaces/msg/_distances_s.c
[3.381s] -- Up-to-date: /home/rpi-team11/ECE4191G11/ROS_Pi/install/robot_interfaces/local/lib/python3.10/dist-packages/robot_interfaces/msg/_des_state.py
[3.382s] -- Up-to-date: /home/rpi-team11/ECE4191G11/ROS_Pi/install/robot_interfaces/local/lib/python3.10/dist-packages/robot_interfaces/_robot_interfaces_s.ep.rosidl_typesupport_c.c
[3.382s] -- Up-to-date: /home/rpi-team11/ECE4191G11/ROS_Pi/install/robot_interfaces/local/lib/python3.10/dist-packages/robot_interfaces/__init__.py
[3.382s] -- Up-to-date: /home/rpi-team11/ECE4191G11/ROS_Pi/install/robot_interfaces/local/lib/python3.10/dist-packages/robot_interfaces/robot_interfaces_s__rosidl_typesupport_c.cpython-310-aarch64-linux-gnu.so
[3.383s] -- Up-to-date: /home/rpi-team11/ECE4191G11/ROS_Pi/install/robot_interfaces/local/lib/python3.10/dist-packages/robot_interfaces/_robot_interfaces_s.ep.rosidl_typesupport_introspection_c.c
[3.383s] -- Up-to-date: /home/rpi-team11/ECE4191G11/ROS_Pi/install/robot_interfaces/local/lib/python3.10/dist-packages/robot_interfaces/_robot_interfaces_s.ep.rosidl_typesupport_fastrtps_c.c
[3.384s] -- Up-to-date: /home/rpi-team11/ECE4191G11/ROS_Pi/install/robot_interfaces/local/lib/python3.10/dist-packages/robot_interfaces/librobot_interfaces__rosidl_generator_py.so
[3.384s] -- Up-to-date: /home/rpi-team11/ECE4191G11/ROS_Pi/install/robot_interfaces/local/lib/python3.10/dist-packages/robot_interfaces/robot_interfaces_s__rosidl_typesupport_fastrtps_c.cpython-310-aarch64-linux-gnu.so
[3.384s] -- Up-to-date: /home/rpi-team11/ECE4191G11/ROS_Pi/install/robot_interfaces/local/lib/python3.10/dist-packages/robot_interfaces/robot_interfaces_s__rosidl_typesupport_introspection_c.cpython-310-aarch64-linux-gnu.so
[3.529s] Listing '/home/rpi-team11/ECE4191G11/ROS_Pi/install/robot_interfaces/local/lib/python3.10/dist-packages/robot_interfaces'...
[3.530s] Listing '/home/rpi-team11/ECE4191G11/ROS_Pi/install/robot_interfaces/local/lib/python3.10/dist-packages/robot_interfaces/msg'...
[3.551s] -- Up-to-date: /home/rpi-team11/ECE4191G11/ROS_Pi/install/robot_interfaces/local/lib/python3.10/dist-packages/robot_interfaces/robot_interfaces_s__rosidl_typesupport_fastrtps_c.cpython-310-aarch64-linux-gnu.so
[3.553s] -- Up-to-date: /home/rpi-team11/ECE4191G11/ROS_Pi/install/robot_interfaces/local/lib/python3.10/dist-packages/robot_interfaces/robot_interfaces_s__rosidl_typesupport_introspection_c.cpython-310-aarch64-linux-gnu.so
[3.556s] -- Up-to-date: /home/rpi-team11/ECE4191G11/ROS_Pi/install/robot_interfaces/local/lib/python3.10/dist-packages/robot_interfaces/robot_interfaces_s__rosidl_typesupport_c.cpython-310-aarch64-linux-gnu.so
[3.558s] -- Up-to-date: /home/rpi-team11/ECE4191G11/ROS_Pi/install/robot_interfaces/lib/librobot_interfaces__rosidl_generator_py.so
[3.560s] -- Up-to-date: /home/rpi-team11/ECE4191G11/ROS_Pi/install/robot_interfaces/share/robot_interfaces/msg/DesState.idl
[3.561s] -- Up-to-date: /home/rpi-team11/ECE4191G11/ROS_Pi/install/robot_interfaces/share/robot_interfaces/msg/Pose.idl
[3.561s] -- Up-to-date: /home/rpi-team11/ECE4191G11/ROS_Pi/install/robot_interfaces/share/robot_interfaces/msg/Distances.idl
[3.562s] -- Up-to-date: /home/rpi-team11/ECE4191G11/ROS_Pi/install/robot_interfaces/share/robot_interfaces/msg/EncoderInfo.idl
[3.563s] -- Up-to-date: /home/rpi-team11/ECE4191G11/ROS_Pi/install/robot_interfaces/share/robot_interfaces/msg/Obstacles.idl
[3.563s] -- Up-to-date: /home/rpi-team11/ECE4191G11/ROS_Pi/install/robot_interfaces/share/robot_interfaces/msg/QRData.idl
[3.564s] -- Up-to-date: /home/rpi-team11/ECE4191G11/ROS_Pi/install/robot_interfaces/share/robot_interfaces/msg/Flag.idl
[3.564s] -- Up-to-date: /home/rpi-team11/ECE4191G11/ROS_Pi/install/robot_interfaces/share/robot_interfaces/msg/JSONData.idl
[3.565s] -- Up-to-date: /home/rpi-team11/ECE4191G11/ROS_Pi/install/robot_interfaces/share/robot_interfaces/msg/DesState.msg
[3.565s] -- Up-to-date: /home/rpi-team11/ECE4191G11/ROS_Pi/install/robot_interfaces/share/robot_interfaces/msg/Pose.msg
[3.566s] -- Up-to-date: /home/rpi-team11/ECE4191G11/ROS_Pi/install/robot_interfaces/share/robot_interfaces/msg/Distances.msg
[3.567s] -- Up-to-date: /home/rpi-team11/ECE4191G11/ROS_Pi/install/robot_interfaces/share/robot_interfaces/msg/EncoderInfo.msg
[3.567s] -- Up-to-date: /home/rpi-team11/ECE4191G11/ROS_Pi/install/robot_interfaces/share/robot_interfaces/msg/Obstacles.msg
[3.568s] -- Up-to-date: /home/rpi-team11/ECE4191G11/ROS_Pi/install/robot_interfaces/share/robot_interfaces/msg/QRData.msg
[3.568s] -- Up-to-date: /home/rpi-team11/ECE4191G11/ROS_Pi/install/robot_interfaces/share/robot_interfaces/msg/Flag.msg
[3.569s] -- Up-to-date: /home/rpi-team11/ECE4191G11/ROS_Pi/install/robot_interfaces/share/robot_interfaces/msg/JSONData.msg
[3.569s] -- Up-to-date: /home/rpi-team11/ECE4191G11/ROS_Pi/install/robot_interfaces/share/ament_index/resource_index/package_run_dependencies/robot_interfaces
[3.570s] -- Up-to-date: /home/rpi-team11/ECE4191G11/ROS_Pi/install/robot_interfaces/share/ament_index/resource_index/parent_prefix_path/robot_interfaces
[3.571s] -- Up-to-date: /home/rpi-team11/ECE4191G11/ROS_Pi/install/robot_interfaces/share/robot_interfaces/environment/ament_prefix_path.sh
[3.571s] -- Up-to-date: /home/rpi-team11/ECE4191G11/ROS_Pi/install/robot_interfaces/share/robot_interfaces/environment/ament_prefix_path.dsv
[3.571s] -- Up-to-date: /home/rpi-team11/ECE4191G11/ROS_Pi/install/robot_interfaces/share/robot_interfaces/environment/path.sh
[3.572s] -- Up-to-date: /home/rpi-team11/ECE4191G11/ROS_Pi/install/robot_interfaces/share/robot_interfaces/environment/path.dsv
[3.572s] -- Up-to-date: /home/rpi-team11/ECE4191G11/ROS_Pi/install/robot_interfaces/share/robot_interfaces/local_setup.bash
[3.573s] -- Up-to-date: /home/rpi-team11/ECE4191G11/ROS_Pi/install/robot_interfaces/share/robot_interfaces/local_setup.sh
[3.573s] -- Up-to-date: /home/rpi-team11/ECE4191G11/ROS_Pi/install/robot_interfaces/share/robot_interfaces/local_setup.zsh
[3.574s] -- Up-to-date: /home/rpi-team11/ECE4191G11/ROS_Pi/install/robot_interfaces/share/robot_interfaces/local_setup.dsv
[3.574s] -- Installing: /home/rpi-team11/ECE4191G11/ROS_Pi/install/robot_interfaces/share/robot_interfaces/package.dsv
[3.575s] -- Up-to-date: /home/rpi-team11/ECE4191G11/ROS_Pi/install/robot_interfaces/share/ament_index/resource_index/packages/robot_interfaces
[3.575s] -- Up-to-date: /home/rpi-team11/ECE4191G11/ROS_Pi/install/robot_interfaces/share/robot_interfaces/cmake/export_robot_interfaces__rosidl_generator_cExport.cmake
[3.576s] -- Up-to-date: /home/rpi-team11/ECE4191G11/ROS_Pi/install/robot_interfaces/share/robot_interfaces/cmake/export_robot_interfaces__rosidl_generator_cExport-noconfig.cmake
[3.577s] -- Up-to-date: /home/rpi-team11/ECE4191G11/ROS_Pi/install/robot_interfaces/share/robot_interfaces/cmake/export_robot_interfaces__rosidl_typesupport_fastrtps_cExport.cmake
[3.577s] -- Up-to-date: /home/rpi-team11/ECE4191G11/ROS_Pi/install/robot_interfaces/share/robot_interfaces/cmake/export_robot_interfaces__rosidl_typesupport_fastrtps_cExport-noconfig.cmake
[3.578s] -- Up-to-date: /home/rpi-team11/ECE4191G11/ROS_Pi/install/robot_interfaces/share/robot_interfaces/cmake/robot_interfaces__rosidl_typesupport_introspection_cExport.cmake
[3.579s] -- Up-to-date: /home/rpi-team11/ECE4191G11/ROS_Pi/install/robot_interfaces/share/robot_interfaces/cmake/robot_interfaces__rosidl_typesupport_introspection_cExport-noconfig.cmake
[3.580s] -- Up-to-date: /home/rpi-team11/ECE4191G11/ROS_Pi/install/robot_interfaces/share/robot_interfaces/cmake/robot_interfaces__rosidl_typesupport_cExport.cmake
[3.580s] -- Up-to-date: /home/rpi-team11/ECE4191G11/ROS_Pi/install/robot_interfaces/share/robot_interfaces/cmake/robot_interfaces__rosidl_typesupport_cExport-noconfig.cmake
[3.581s] -- Up-to-date: /home/rpi-team11/ECE4191G11/ROS_Pi/install/robot_interfaces/share/robot_interfaces/cmake/export_robot_interfaces__rosidl_generator_cppExport.cmake
[3.582s] -- Up-to-date: /home/rpi-team11/ECE4191G11/ROS_Pi/install/robot_interfaces/share/robot_interfaces/cmake/export_robot_interfaces__rosidl_typesupport_fastrtps_cppExport.cmake
[3.583s] -- Up-to-date: /home/rpi-team11/ECE4191G11/ROS_Pi/install/robot_interfaces/share/robot_interfaces/cmake/export_robot_interfaces__rosidl_typesupport_fastrtps_cppExport-noconfig.cmake
[3.584s] -- Up-to-date: /home/rpi-team11/ECE4191G11/ROS_Pi/install/robot_interfaces/share/robot_interfaces/cmake/robot_interfaces__rosidl_typesupport_introspection_cppExport.cmake
[3.584s] -- Up-to-date: /home/rpi-team11/ECE4191G11/ROS_Pi/install/robot_interfaces/share/robot_interfaces/cmake/robot_interfaces__rosidl_typesupport_introspection_cppExport-noconfig.cmake
[3.585s] -- Up-to-date: /home/rpi-team11/ECE4191G11/ROS_Pi/install/robot_interfaces/share/robot_interfaces/cmake/robot_interfaces__rosidl_typesupport_cppExport.cmake
[3.586s] -- Up-to-date: /home/rpi-team11/ECE4191G11/ROS_Pi/install/robot_interfaces/share/robot_interfaces/cmake/robot_interfaces__rosidl_typesupport_cppExport-noconfig.cmake
[3.587s] -- Up-to-date: /home/rpi-team11/ECE4191G11/ROS_Pi/install/robot_interfaces/share/robot_interfaces/cmake/export_robot_interfaces__rosidl_generator_pyExport.cmake
[3.587s] -- Up-to-date: /home/rpi-team11/ECE4191G11/ROS_Pi/install/robot_interfaces/share/robot_interfaces/cmake/export_robot_interfaces__rosidl_generator_pyExport-noconfig.cmake
[3.588s] -- Up-to-date: /home/rpi-team11/ECE4191G11/ROS_Pi/install/robot_interfaces/share/robot_interfaces/cmake/rosidl_cmake-extras.cmake
[3.588s] -- Up-to-date: /home/rpi-team11/ECE4191G11/ROS_Pi/install/robot_interfaces/share/robot_interfaces/cmake/ament_cmake_export_include_directories-extras.cmake
[3.589s] -- Up-to-date: /home/rpi-team11/ECE4191G11/ROS_Pi/install/robot_interfaces/share/robot_interfaces/cmake/ament_cmake_export_libraries-extras.cmake
[3.589s] -- Up-to-date: /home/rpi-team11/ECE4191G11/ROS_Pi/install/robot_interfaces/share/robot_interfaces/cmake/ament_cmake_export_targets-extras.cmake
[3.590s] -- Up-to-date: /home/rpi-team11/ECE4191G11/ROS_Pi/install/robot_interfaces/share/robot_interfaces/cmake/rosidl_cmake_export_typesupport_targets-extras.cmake
[3.590s] -- Up-to-date: /home/rpi-team11/ECE4191G11/ROS_Pi/install/robot_interfaces/share/robot_interfaces/cmake/ament_cmake_export_dependencies-extras.cmake
[3.591s] -- Up-to-date: /home/rpi-team11/ECE4191G11/ROS_Pi/install/robot_interfaces/share/robot_interfaces/cmake/rosidl_cmake_export_typesupport_libraries-extras.cmake
[3.592s] -- Up-to-date: /home/rpi-team11/ECE4191G11/ROS_Pi/install/robot_interfaces/share/robot_interfaces/cmake/robot_interfacesConfig.cmake
[3.592s] -- Up-to-date: /home/rpi-team11/ECE4191G11/ROS_Pi/install/robot_interfaces/share/robot_interfaces/cmake/robot_interfacesConfig-version.cmake
[3.592s] -- Up-to-date: /home/rpi-team11/ECE4191G11/ROS_Pi/install/robot_interfaces/share/robot_interfaces/package.xml
[3.601s] Invoked command in '/home/rpi-team11/ECE4191G11/ROS_Pi/build/robot_interfaces' returned '0': CMAKE_PREFIX_PATH=${CMAKE_PREFIX_PATH}:/home/rpi-team11/ECE4191G11/ROS_Pi/install/robot_controller:/opt/ros/humble /usr/bin/cmake --install /home/rpi-team11/ECE4191G11/ROS_Pi/build/robot_interfaces
