[0.011s] Invoking command in '/home/lingc/ECE4191G11/ROS_PC/build/robot_launch': AMENT_PREFIX_PATH=/home/lingc/ECE4191G11/ROS_PC/install/robot_controller:/home/lingc/ECE4191G11/ROS_PC/install/robot_launch:/home/lingc/ECE4191G11/ROS_PC/install/robot_interfaces:/opt/ros/humble CMAKE_PREFIX_PATH=/home/lingc/ECE4191G11/ROS_PC/install/robot_interfaces:/home/lingc/ECE4191G11/ROS_PC/install/robot_launch:/home/lingc/ECE4191G11/ROS_PC/install/robot_controller:/opt/ros/humble /usr/bin/cmake /home/lingc/ECE4191G11/ROS_PC/src/robot_launch -DCMAKE_INSTALL_PREFIX=/home/lingc/ECE4191G11/ROS_PC/install/robot_launch
[0.069s] -- The C compiler identification is GNU 11.4.0
[0.138s] -- The CXX compiler identification is GNU 11.4.0
[0.146s] -- Detecting C compiler ABI info
[0.224s] -- Detecting C compiler ABI info - done
[0.232s] -- Check for working C compiler: /usr/bin/cc - skipped
[0.233s] -- Detecting C compile features
[0.233s] -- Detecting C compile features - done
[0.237s] -- Detecting CXX compiler ABI info
[0.325s] -- Detecting CXX compiler ABI info - done
[0.333s] -- Check for working CXX compiler: /usr/bin/c++ - skipped
[0.334s] -- Detecting CXX compile features
[0.334s] -- Detecting CXX compile features - done
[0.337s] -- Found ament_cmake: 1.3.5 (/opt/ros/humble/share/ament_cmake/cmake)
[0.545s] -- Found Python3: /usr/bin/python3.10 (found version "3.10.12") found components: Interpreter 
[0.736s] -- Configuring done
[0.740s] -- Generating done
[0.741s] -- Build files have been written to: /home/lingc/ECE4191G11/ROS_PC/build/robot_launch
[0.747s] Invoked command in '/home/lingc/ECE4191G11/ROS_PC/build/robot_launch' returned '0': AMENT_PREFIX_PATH=/home/lingc/ECE4191G11/ROS_PC/install/robot_controller:/home/lingc/ECE4191G11/ROS_PC/install/robot_launch:/home/lingc/ECE4191G11/ROS_PC/install/robot_interfaces:/opt/ros/humble CMAKE_PREFIX_PATH=/home/lingc/ECE4191G11/ROS_PC/install/robot_interfaces:/home/lingc/ECE4191G11/ROS_PC/install/robot_launch:/home/lingc/ECE4191G11/ROS_PC/install/robot_controller:/opt/ros/humble /usr/bin/cmake /home/lingc/ECE4191G11/ROS_PC/src/robot_launch -DCMAKE_INSTALL_PREFIX=/home/lingc/ECE4191G11/ROS_PC/install/robot_launch
[0.748s] Invoking command in '/home/lingc/ECE4191G11/ROS_PC/build/robot_launch': AMENT_PREFIX_PATH=/home/lingc/ECE4191G11/ROS_PC/install/robot_controller:/home/lingc/ECE4191G11/ROS_PC/install/robot_launch:/home/lingc/ECE4191G11/ROS_PC/install/robot_interfaces:/opt/ros/humble CMAKE_PREFIX_PATH=/home/lingc/ECE4191G11/ROS_PC/install/robot_interfaces:/home/lingc/ECE4191G11/ROS_PC/install/robot_launch:/home/lingc/ECE4191G11/ROS_PC/install/robot_controller:/opt/ros/humble /usr/bin/cmake --build /home/lingc/ECE4191G11/ROS_PC/build/robot_launch -- -j12 -l12
[0.791s] Invoked command in '/home/lingc/ECE4191G11/ROS_PC/build/robot_launch' returned '0': AMENT_PREFIX_PATH=/home/lingc/ECE4191G11/ROS_PC/install/robot_controller:/home/lingc/ECE4191G11/ROS_PC/install/robot_launch:/home/lingc/ECE4191G11/ROS_PC/install/robot_interfaces:/opt/ros/humble CMAKE_PREFIX_PATH=/home/lingc/ECE4191G11/ROS_PC/install/robot_interfaces:/home/lingc/ECE4191G11/ROS_PC/install/robot_launch:/home/lingc/ECE4191G11/ROS_PC/install/robot_controller:/opt/ros/humble /usr/bin/cmake --build /home/lingc/ECE4191G11/ROS_PC/build/robot_launch -- -j12 -l12
[0.819s] Invoking command in '/home/lingc/ECE4191G11/ROS_PC/build/robot_launch': AMENT_PREFIX_PATH=/home/lingc/ECE4191G11/ROS_PC/install/robot_controller:/home/lingc/ECE4191G11/ROS_PC/install/robot_launch:/home/lingc/ECE4191G11/ROS_PC/install/robot_interfaces:/opt/ros/humble CMAKE_PREFIX_PATH=/home/lingc/ECE4191G11/ROS_PC/install/robot_interfaces:/home/lingc/ECE4191G11/ROS_PC/install/robot_launch:/home/lingc/ECE4191G11/ROS_PC/install/robot_controller:/opt/ros/humble /usr/bin/cmake --install /home/lingc/ECE4191G11/ROS_PC/build/robot_launch
[0.827s] -- Install configuration: ""
[0.827s] -- Installing: /home/lingc/ECE4191G11/ROS_PC/install/robot_launch/share/robot_launch/launch
[0.827s] -- Installing: /home/lingc/ECE4191G11/ROS_PC/install/robot_launch/share/robot_launch/launch/robot.launch.py
[0.827s] -- Installing: /home/lingc/ECE4191G11/ROS_PC/install/robot_launch/share/ament_index/resource_index/package_run_dependencies/robot_launch
[0.828s] -- Installing: /home/lingc/ECE4191G11/ROS_PC/install/robot_launch/share/ament_index/resource_index/parent_prefix_path/robot_launch
[0.828s] -- Installing: /home/lingc/ECE4191G11/ROS_PC/install/robot_launch/share/robot_launch/environment/ament_prefix_path.sh
[0.828s] -- Installing: /home/lingc/ECE4191G11/ROS_PC/install/robot_launch/share/robot_launch/environment/ament_prefix_path.dsv
[0.828s] -- Installing: /home/lingc/ECE4191G11/ROS_PC/install/robot_launch/share/robot_launch/environment/path.sh
[0.828s] -- Installing: /home/lingc/ECE4191G11/ROS_PC/install/robot_launch/share/robot_launch/environment/path.dsv
[0.829s] -- Installing: /home/lingc/ECE4191G11/ROS_PC/install/robot_launch/share/robot_launch/local_setup.bash
[0.829s] -- Installing: /home/lingc/ECE4191G11/ROS_PC/install/robot_launch/share/robot_launch/local_setup.sh
[0.829s] -- Installing: /home/lingc/ECE4191G11/ROS_PC/install/robot_launch/share/robot_launch/local_setup.zsh
[0.829s] -- Installing: /home/lingc/ECE4191G11/ROS_PC/install/robot_launch/share/robot_launch/local_setup.dsv
[0.829s] -- Installing: /home/lingc/ECE4191G11/ROS_PC/install/robot_launch/share/robot_launch/package.dsv
[0.829s] -- Installing: /home/lingc/ECE4191G11/ROS_PC/install/robot_launch/share/ament_index/resource_index/packages/robot_launch
[0.830s] -- Installing: /home/lingc/ECE4191G11/ROS_PC/install/robot_launch/share/robot_launch/cmake/robot_launchConfig.cmake
[0.830s] -- Installing: /home/lingc/ECE4191G11/ROS_PC/install/robot_launch/share/robot_launch/cmake/robot_launchConfig-version.cmake
[0.830s] -- Installing: /home/lingc/ECE4191G11/ROS_PC/install/robot_launch/share/robot_launch/package.xml
[0.834s] Invoked command in '/home/lingc/ECE4191G11/ROS_PC/build/robot_launch' returned '0': AMENT_PREFIX_PATH=/home/lingc/ECE4191G11/ROS_PC/install/robot_controller:/home/lingc/ECE4191G11/ROS_PC/install/robot_launch:/home/lingc/ECE4191G11/ROS_PC/install/robot_interfaces:/opt/ros/humble CMAKE_PREFIX_PATH=/home/lingc/ECE4191G11/ROS_PC/install/robot_interfaces:/home/lingc/ECE4191G11/ROS_PC/install/robot_launch:/home/lingc/ECE4191G11/ROS_PC/install/robot_controller:/opt/ros/humble /usr/bin/cmake --install /home/lingc/ECE4191G11/ROS_PC/build/robot_launch
