[2.925s] Invoking command in '/home/rpi-team11/ECE4191G11/ROS/src/robot_controller': CMAKE_PREFIX_PATH=/home/rpi-team11/ECE4191G11/ROS/install/robot_interfaces:/home/rpi-team11/ECE4191G11/ROS/install/robot_launch PYTHONPATH=/home/rpi-team11/ECE4191G11/ROS/build/robot_controller/prefix_override:/home/rpi-team11/ECE4191G11/ROS/install/robot_controller/lib/python3.10/site-packages:${PYTHONPATH} /usr/bin/python3 setup.py egg_info --egg-base ../../build/robot_controller build --build-base /home/rpi-team11/ECE4191G11/ROS/build/robot_controller/build install --record /home/rpi-team11/ECE4191G11/ROS/build/robot_controller/install.log --single-version-externally-managed
[4.032s] running egg_info
[4.035s] writing ../../build/robot_controller/robot_controller.egg-info/PKG-INFO
[4.036s] writing dependency_links to ../../build/robot_controller/robot_controller.egg-info/dependency_links.txt
[4.036s] writing entry points to ../../build/robot_controller/robot_controller.egg-info/entry_points.txt
[4.037s] writing requirements to ../../build/robot_controller/robot_controller.egg-info/requires.txt
[4.038s] writing top-level names to ../../build/robot_controller/robot_controller.egg-info/top_level.txt
[4.047s] reading manifest file '../../build/robot_controller/robot_controller.egg-info/SOURCES.txt'
[4.051s] writing manifest file '../../build/robot_controller/robot_controller.egg-info/SOURCES.txt'
[4.051s] running build
[4.052s] running build_py
[4.053s] copying robot_controller/drive.py -> /home/rpi-team11/ECE4191G11/ROS/build/robot_controller/build/lib/robot_controller
[4.055s] running install
[4.056s] running install_lib
[4.060s] copying /home/rpi-team11/ECE4191G11/ROS/build/robot_controller/build/lib/robot_controller/drive.py -> /home/rpi-team11/ECE4191G11/ROS/install/robot_controller/lib/python3.10/site-packages/robot_controller
[4.063s] byte-compiling /home/rpi-team11/ECE4191G11/ROS/install/robot_controller/lib/python3.10/site-packages/robot_controller/drive.py to drive.cpython-310.pyc
[4.073s] running install_data
[4.075s] running install_egg_info
[4.081s] removing '/home/rpi-team11/ECE4191G11/ROS/install/robot_controller/lib/python3.10/site-packages/robot_controller-0.0.0-py3.10.egg-info' (and everything under it)
[4.083s] Copying ../../build/robot_controller/robot_controller.egg-info to /home/rpi-team11/ECE4191G11/ROS/install/robot_controller/lib/python3.10/site-packages/robot_controller-0.0.0-py3.10.egg-info
[4.089s] running install_scripts
[4.163s] Installing drive_node script to /home/rpi-team11/ECE4191G11/ROS/install/robot_controller/lib/robot_controller
[4.164s] Installing manual_waypoint_node script to /home/rpi-team11/ECE4191G11/ROS/install/robot_controller/lib/robot_controller
[4.165s] Installing path_planner_node script to /home/rpi-team11/ECE4191G11/ROS/install/robot_controller/lib/robot_controller
[4.166s] Installing ultrasonic_node script to /home/rpi-team11/ECE4191G11/ROS/install/robot_controller/lib/robot_controller
[4.168s] writing list of installed files to '/home/rpi-team11/ECE4191G11/ROS/build/robot_controller/install.log'
[4.302s] Invoked command in '/home/rpi-team11/ECE4191G11/ROS/src/robot_controller' returned '0': CMAKE_PREFIX_PATH=/home/rpi-team11/ECE4191G11/ROS/install/robot_interfaces:/home/rpi-team11/ECE4191G11/ROS/install/robot_launch PYTHONPATH=/home/rpi-team11/ECE4191G11/ROS/build/robot_controller/prefix_override:/home/rpi-team11/ECE4191G11/ROS/install/robot_controller/lib/python3.10/site-packages:${PYTHONPATH} /usr/bin/python3 setup.py egg_info --egg-base ../../build/robot_controller build --build-base /home/rpi-team11/ECE4191G11/ROS/build/robot_controller/build install --record /home/rpi-team11/ECE4191G11/ROS/build/robot_controller/install.log --single-version-externally-managed
