[0.581s] Invoking command in '/home/lingc/ECE4191G11/ROS_PC/src/robot_controller': CMAKE_PREFIX_PATH=/home/lingc/ECE4191G11/ROS_PC/install/robot_interfaces:/home/lingc/ECE4191G11/ROS_PC/install/robot_launch PYTHONPATH=/home/lingc/ECE4191G11/ROS_PC/build/robot_controller/prefix_override:/home/lingc/ECE4191G11/ROS_PC/install/robot_controller/lib/python3.10/site-packages:${PYTHONPATH} /usr/bin/python3 setup.py egg_info --egg-base ../../build/robot_controller build --build-base /home/lingc/ECE4191G11/ROS_PC/build/robot_controller/build install --record /home/lingc/ECE4191G11/ROS_PC/build/robot_controller/install.log --single-version-externally-managed
[0.798s] running egg_info
[0.799s] creating ../../build/robot_controller/robot_controller.egg-info
[0.799s] writing ../../build/robot_controller/robot_controller.egg-info/PKG-INFO
[0.799s] writing dependency_links to ../../build/robot_controller/robot_controller.egg-info/dependency_links.txt
[0.799s] writing entry points to ../../build/robot_controller/robot_controller.egg-info/entry_points.txt
[0.799s] writing requirements to ../../build/robot_controller/robot_controller.egg-info/requires.txt
[0.799s] writing top-level names to ../../build/robot_controller/robot_controller.egg-info/top_level.txt
[0.799s] writing manifest file '../../build/robot_controller/robot_controller.egg-info/SOURCES.txt'
[0.801s] reading manifest file '../../build/robot_controller/robot_controller.egg-info/SOURCES.txt'
[0.802s] writing manifest file '../../build/robot_controller/robot_controller.egg-info/SOURCES.txt'
[0.802s] running build
[0.802s] running build_py
[0.803s] creating /home/lingc/ECE4191G11/ROS_PC/build/robot_controller/build
[0.803s] creating /home/lingc/ECE4191G11/ROS_PC/build/robot_controller/build/lib
[0.803s] creating /home/lingc/ECE4191G11/ROS_PC/build/robot_controller/build/lib/robot_controller
[0.803s] copying robot_controller/__init__.py -> /home/lingc/ECE4191G11/ROS_PC/build/robot_controller/build/lib/robot_controller
[0.803s] copying robot_controller/manual_waypoint.py -> /home/lingc/ECE4191G11/ROS_PC/build/robot_controller/build/lib/robot_controller
[0.803s] copying robot_controller/graphics.py -> /home/lingc/ECE4191G11/ROS_PC/build/robot_controller/build/lib/robot_controller
[0.803s] copying robot_controller/path_planner.py -> /home/lingc/ECE4191G11/ROS_PC/build/robot_controller/build/lib/robot_controller
[0.803s] running install
[0.803s] running install_lib
[0.804s] creating /home/lingc/ECE4191G11/ROS_PC/install/robot_controller/lib/python3.10/site-packages/robot_controller
[0.804s] copying /home/lingc/ECE4191G11/ROS_PC/build/robot_controller/build/lib/robot_controller/__init__.py -> /home/lingc/ECE4191G11/ROS_PC/install/robot_controller/lib/python3.10/site-packages/robot_controller
[0.804s] copying /home/lingc/ECE4191G11/ROS_PC/build/robot_controller/build/lib/robot_controller/manual_waypoint.py -> /home/lingc/ECE4191G11/ROS_PC/install/robot_controller/lib/python3.10/site-packages/robot_controller
[0.804s] copying /home/lingc/ECE4191G11/ROS_PC/build/robot_controller/build/lib/robot_controller/graphics.py -> /home/lingc/ECE4191G11/ROS_PC/install/robot_controller/lib/python3.10/site-packages/robot_controller
[0.805s] copying /home/lingc/ECE4191G11/ROS_PC/build/robot_controller/build/lib/robot_controller/path_planner.py -> /home/lingc/ECE4191G11/ROS_PC/install/robot_controller/lib/python3.10/site-packages/robot_controller
[0.805s] byte-compiling /home/lingc/ECE4191G11/ROS_PC/install/robot_controller/lib/python3.10/site-packages/robot_controller/__init__.py to __init__.cpython-310.pyc
[0.805s] byte-compiling /home/lingc/ECE4191G11/ROS_PC/install/robot_controller/lib/python3.10/site-packages/robot_controller/manual_waypoint.py to manual_waypoint.cpython-310.pyc
[0.806s] byte-compiling /home/lingc/ECE4191G11/ROS_PC/install/robot_controller/lib/python3.10/site-packages/robot_controller/graphics.py to graphics.cpython-310.pyc
[0.806s] byte-compiling /home/lingc/ECE4191G11/ROS_PC/install/robot_controller/lib/python3.10/site-packages/robot_controller/path_planner.py to path_planner.cpython-310.pyc
[0.808s] running install_data
[0.809s] creating /home/lingc/ECE4191G11/ROS_PC/install/robot_controller/share/ament_index
[0.809s] creating /home/lingc/ECE4191G11/ROS_PC/install/robot_controller/share/ament_index/resource_index
[0.809s] creating /home/lingc/ECE4191G11/ROS_PC/install/robot_controller/share/ament_index/resource_index/packages
[0.809s] copying resource/robot_controller -> /home/lingc/ECE4191G11/ROS_PC/install/robot_controller/share/ament_index/resource_index/packages
[0.809s] copying package.xml -> /home/lingc/ECE4191G11/ROS_PC/install/robot_controller/share/robot_controller
[0.809s] running install_egg_info
[0.810s] Copying ../../build/robot_controller/robot_controller.egg-info to /home/lingc/ECE4191G11/ROS_PC/install/robot_controller/lib/python3.10/site-packages/robot_controller-0.0.0-py3.10.egg-info
[0.811s] running install_scripts
[0.827s] Installing manual_waypoint_node script to /home/lingc/ECE4191G11/ROS_PC/install/robot_controller/lib/robot_controller
[0.827s] Installing path_planner_node script to /home/lingc/ECE4191G11/ROS_PC/install/robot_controller/lib/robot_controller
[0.827s] writing list of installed files to '/home/lingc/ECE4191G11/ROS_PC/build/robot_controller/install.log'
[0.848s] Invoked command in '/home/lingc/ECE4191G11/ROS_PC/src/robot_controller' returned '0': CMAKE_PREFIX_PATH=/home/lingc/ECE4191G11/ROS_PC/install/robot_interfaces:/home/lingc/ECE4191G11/ROS_PC/install/robot_launch PYTHONPATH=/home/lingc/ECE4191G11/ROS_PC/build/robot_controller/prefix_override:/home/lingc/ECE4191G11/ROS_PC/install/robot_controller/lib/python3.10/site-packages:${PYTHONPATH} /usr/bin/python3 setup.py egg_info --egg-base ../../build/robot_controller build --build-base /home/lingc/ECE4191G11/ROS_PC/build/robot_controller/build install --record /home/lingc/ECE4191G11/ROS_PC/build/robot_controller/install.log --single-version-externally-managed
