[2.954s] Invoking command in '/home/rpi-team11/ECE4191G11/ROS_Pi/src/robot_controller': CMAKE_PREFIX_PATH=/home/rpi-team11/ECE4191G11/ROS_Pi/install/robot_interfaces:/home/rpi-team11/ECE4191G11/ROS_Pi/install/robot_launch PYTHONPATH=/home/rpi-team11/ECE4191G11/ROS_Pi/build/robot_controller/prefix_override:/home/rpi-team11/ECE4191G11/ROS_Pi/install/robot_controller/lib/python3.10/site-packages:${PYTHONPATH} /usr/bin/python3 setup.py egg_info --egg-base ../../build/robot_controller build --build-base /home/rpi-team11/ECE4191G11/ROS_Pi/build/robot_controller/build install --record /home/rpi-team11/ECE4191G11/ROS_Pi/build/robot_controller/install.log --single-version-externally-managed
[4.067s] running egg_info
[4.069s] writing ../../build/robot_controller/robot_controller.egg-info/PKG-INFO
[4.070s] writing dependency_links to ../../build/robot_controller/robot_controller.egg-info/dependency_links.txt
[4.071s] writing entry points to ../../build/robot_controller/robot_controller.egg-info/entry_points.txt
[4.072s] writing requirements to ../../build/robot_controller/robot_controller.egg-info/requires.txt
[4.073s] writing top-level names to ../../build/robot_controller/robot_controller.egg-info/top_level.txt
[4.081s] reading manifest file '../../build/robot_controller/robot_controller.egg-info/SOURCES.txt'
[4.085s] writing manifest file '../../build/robot_controller/robot_controller.egg-info/SOURCES.txt'
[4.086s] running build
[4.086s] running build_py
[4.087s] copying robot_controller/encoder.py -> /home/rpi-team11/ECE4191G11/ROS_Pi/build/robot_controller/build/lib/robot_controller
[4.090s] running install
[4.091s] running install_lib
[4.094s] copying /home/rpi-team11/ECE4191G11/ROS_Pi/build/robot_controller/build/lib/robot_controller/encoder.py -> /home/rpi-team11/ECE4191G11/ROS_Pi/install/robot_controller/lib/python3.10/site-packages/robot_controller
[4.099s] byte-compiling /home/rpi-team11/ECE4191G11/ROS_Pi/install/robot_controller/lib/python3.10/site-packages/robot_controller/encoder.py to encoder.cpython-310.pyc
[4.106s] running install_data
[4.109s] running install_egg_info
[4.115s] removing '/home/rpi-team11/ECE4191G11/ROS_Pi/install/robot_controller/lib/python3.10/site-packages/robot_controller-0.0.0-py3.10.egg-info' (and everything under it)
[4.117s] Copying ../../build/robot_controller/robot_controller.egg-info to /home/rpi-team11/ECE4191G11/ROS_Pi/install/robot_controller/lib/python3.10/site-packages/robot_controller-0.0.0-py3.10.egg-info
[4.123s] running install_scripts
[4.198s] Installing drive_node script to /home/rpi-team11/ECE4191G11/ROS_Pi/install/robot_controller/lib/robot_controller
[4.199s] Installing encoder_node script to /home/rpi-team11/ECE4191G11/ROS_Pi/install/robot_controller/lib/robot_controller
[4.200s] Installing manual_waypoint_node script to /home/rpi-team11/ECE4191G11/ROS_Pi/install/robot_controller/lib/robot_controller
[4.201s] Installing path_planner_node script to /home/rpi-team11/ECE4191G11/ROS_Pi/install/robot_controller/lib/robot_controller
[4.202s] Installing ultrasonic_node script to /home/rpi-team11/ECE4191G11/ROS_Pi/install/robot_controller/lib/robot_controller
[4.204s] writing list of installed files to '/home/rpi-team11/ECE4191G11/ROS_Pi/build/robot_controller/install.log'
[4.335s] Invoked command in '/home/rpi-team11/ECE4191G11/ROS_Pi/src/robot_controller' returned '0': CMAKE_PREFIX_PATH=/home/rpi-team11/ECE4191G11/ROS_Pi/install/robot_interfaces:/home/rpi-team11/ECE4191G11/ROS_Pi/install/robot_launch PYTHONPATH=/home/rpi-team11/ECE4191G11/ROS_Pi/build/robot_controller/prefix_override:/home/rpi-team11/ECE4191G11/ROS_Pi/install/robot_controller/lib/python3.10/site-packages:${PYTHONPATH} /usr/bin/python3 setup.py egg_info --egg-base ../../build/robot_controller build --build-base /home/rpi-team11/ECE4191G11/ROS_Pi/build/robot_controller/build install --record /home/rpi-team11/ECE4191G11/ROS_Pi/build/robot_controller/install.log --single-version-externally-managed
