[2.963s] Invoking command in '/home/rpi-team11/ECE4191G11/ROS_Pi/src/robot_controller': CMAKE_PREFIX_PATH=/home/rpi-team11/ECE4191G11/ROS_Pi/install/robot_interfaces:/home/rpi-team11/ECE4191G11/ROS_Pi/install/robot_launch PYTHONPATH=/home/rpi-team11/ECE4191G11/ROS_Pi/build/robot_controller/prefix_override:/home/rpi-team11/ECE4191G11/ROS_Pi/install/robot_controller/lib/python3.10/site-packages:${PYTHONPATH} /usr/bin/python3 setup.py egg_info --egg-base ../../build/robot_controller build --build-base /home/rpi-team11/ECE4191G11/ROS_Pi/build/robot_controller/build install --record /home/rpi-team11/ECE4191G11/ROS_Pi/build/robot_controller/install.log --single-version-externally-managed
[4.087s] running egg_info
[4.089s] writing ../../build/robot_controller/robot_controller.egg-info/PKG-INFO
[4.090s] writing dependency_links to ../../build/robot_controller/robot_controller.egg-info/dependency_links.txt
[4.091s] writing entry points to ../../build/robot_controller/robot_controller.egg-info/entry_points.txt
[4.092s] writing requirements to ../../build/robot_controller/robot_controller.egg-info/requires.txt
[4.092s] writing top-level names to ../../build/robot_controller/robot_controller.egg-info/top_level.txt
[4.101s] reading manifest file '../../build/robot_controller/robot_controller.egg-info/SOURCES.txt'
[4.105s] writing manifest file '../../build/robot_controller/robot_controller.egg-info/SOURCES.txt'
[4.106s] running build
[4.107s] running build_py
[4.108s] copying robot_controller/drive.py -> /home/rpi-team11/ECE4191G11/ROS_Pi/build/robot_controller/build/lib/robot_controller
[4.110s] running install
[4.112s] running install_lib
[4.116s] copying /home/rpi-team11/ECE4191G11/ROS_Pi/build/robot_controller/build/lib/robot_controller/drive.py -> /home/rpi-team11/ECE4191G11/ROS_Pi/install/robot_controller/lib/python3.10/site-packages/robot_controller
[4.120s] byte-compiling /home/rpi-team11/ECE4191G11/ROS_Pi/install/robot_controller/lib/python3.10/site-packages/robot_controller/drive.py to drive.cpython-310.pyc
[4.137s] running install_data
[4.140s] running install_egg_info
[4.146s] removing '/home/rpi-team11/ECE4191G11/ROS_Pi/install/robot_controller/lib/python3.10/site-packages/robot_controller-0.0.0-py3.10.egg-info' (and everything under it)
[4.148s] Copying ../../build/robot_controller/robot_controller.egg-info to /home/rpi-team11/ECE4191G11/ROS_Pi/install/robot_controller/lib/python3.10/site-packages/robot_controller-0.0.0-py3.10.egg-info
[4.154s] running install_scripts
[4.227s] Installing drive_node script to /home/rpi-team11/ECE4191G11/ROS_Pi/install/robot_controller/lib/robot_controller
[4.228s] Installing encoder_node script to /home/rpi-team11/ECE4191G11/ROS_Pi/install/robot_controller/lib/robot_controller
[4.229s] Installing manual_waypoint_node script to /home/rpi-team11/ECE4191G11/ROS_Pi/install/robot_controller/lib/robot_controller
[4.230s] Installing path_planner_node script to /home/rpi-team11/ECE4191G11/ROS_Pi/install/robot_controller/lib/robot_controller
[4.231s] Installing ultrasonic_node script to /home/rpi-team11/ECE4191G11/ROS_Pi/install/robot_controller/lib/robot_controller
[4.233s] writing list of installed files to '/home/rpi-team11/ECE4191G11/ROS_Pi/build/robot_controller/install.log'
[4.361s] Invoked command in '/home/rpi-team11/ECE4191G11/ROS_Pi/src/robot_controller' returned '0': CMAKE_PREFIX_PATH=/home/rpi-team11/ECE4191G11/ROS_Pi/install/robot_interfaces:/home/rpi-team11/ECE4191G11/ROS_Pi/install/robot_launch PYTHONPATH=/home/rpi-team11/ECE4191G11/ROS_Pi/build/robot_controller/prefix_override:/home/rpi-team11/ECE4191G11/ROS_Pi/install/robot_controller/lib/python3.10/site-packages:${PYTHONPATH} /usr/bin/python3 setup.py egg_info --egg-base ../../build/robot_controller build --build-base /home/rpi-team11/ECE4191G11/ROS_Pi/build/robot_controller/build install --record /home/rpi-team11/ECE4191G11/ROS_Pi/build/robot_controller/install.log --single-version-externally-managed
