[0.091s] Invoking command in '/home/lingc/ECE4191G11/ROS_PC/build/robot_interfaces': CMAKE_PREFIX_PATH=${CMAKE_PREFIX_PATH}:/home/lingc/ECE4191G11/ROS_PC/install/robot_controller:/opt/ros/humble /usr/bin/cmake --build /home/lingc/ECE4191G11/ROS_PC/build/robot_interfaces -- -j12 -l12
[0.660s] [  1%] Built target robot_interfaces__cpp
[0.690s] [ 12%] Built target robot_interfaces__rosidl_generator_c
[0.764s] [ 23%] Built target robot_interfaces__rosidl_typesupport_fastrtps_cpp
[0.784s] [ 35%] Built target robot_interfaces__rosidl_typesupport_c
[0.815s] [ 46%] Built target robot_interfaces__rosidl_typesupport_introspection_c
[0.828s] [ 57%] Built target robot_interfaces__rosidl_typesupport_introspection_cpp
[0.836s] [ 69%] Built target robot_interfaces__rosidl_typesupport_fastrtps_c
[0.844s] [ 69%] Built target ament_cmake_python_copy_robot_interfaces
[0.847s] [ 80%] Built target robot_interfaces__rosidl_typesupport_cpp
[0.865s] [ 80%] Built target robot_interfaces
[0.895s] [ 81%] Built target robot_interfaces__py
[0.930s] [ 91%] Built target robot_interfaces__rosidl_generator_py
[1.005s] [ 94%] Built target robot_interfaces__rosidl_typesupport_introspection_c__pyext
[1.022s] [ 97%] Built target robot_interfaces__rosidl_typesupport_c__pyext
[1.037s] [100%] Built target robot_interfaces__rosidl_typesupport_fastrtps_c__pyext
[1.134s] running egg_info
[1.135s] writing robot_interfaces.egg-info/PKG-INFO
[1.135s] writing dependency_links to robot_interfaces.egg-info/dependency_links.txt
[1.135s] writing top-level names to robot_interfaces.egg-info/top_level.txt
[1.144s] reading manifest file 'robot_interfaces.egg-info/SOURCES.txt'
[1.144s] writing manifest file 'robot_interfaces.egg-info/SOURCES.txt'
[1.167s] [100%] Built target ament_cmake_python_build_robot_interfaces_egg
[1.179s] Invoked command in '/home/lingc/ECE4191G11/ROS_PC/build/robot_interfaces' returned '0': CMAKE_PREFIX_PATH=${CMAKE_PREFIX_PATH}:/home/lingc/ECE4191G11/ROS_PC/install/robot_controller:/opt/ros/humble /usr/bin/cmake --build /home/lingc/ECE4191G11/ROS_PC/build/robot_interfaces -- -j12 -l12
[1.343s] Invoking command in '/home/lingc/ECE4191G11/ROS_PC/build/robot_interfaces': CMAKE_PREFIX_PATH=${CMAKE_PREFIX_PATH}:/home/lingc/ECE4191G11/ROS_PC/install/robot_controller:/opt/ros/humble /usr/bin/cmake --install /home/lingc/ECE4191G11/ROS_PC/build/robot_interfaces
[1.371s] -- Install configuration: ""
[1.371s] -- Up-to-date: /home/lingc/ECE4191G11/ROS_PC/install/robot_interfaces/share/ament_index/resource_index/rosidl_interfaces/robot_interfaces
[1.371s] -- Up-to-date: /home/lingc/ECE4191G11/ROS_PC/install/robot_interfaces/include/robot_interfaces/robot_interfaces
[1.371s] -- Up-to-date: /home/lingc/ECE4191G11/ROS_PC/install/robot_interfaces/include/robot_interfaces/robot_interfaces/msg
[1.371s] -- Up-to-date: /home/lingc/ECE4191G11/ROS_PC/install/robot_interfaces/include/robot_interfaces/robot_interfaces/msg/qr_data.h
[1.371s] -- Up-to-date: /home/lingc/ECE4191G11/ROS_PC/install/robot_interfaces/include/robot_interfaces/robot_interfaces/msg/detail
[1.371s] -- Up-to-date: /home/lingc/ECE4191G11/ROS_PC/install/robot_interfaces/include/robot_interfaces/robot_interfaces/msg/detail/des_state__type_support.h
[1.371s] -- Up-to-date: /home/lingc/ECE4191G11/ROS_PC/install/robot_interfaces/include/robot_interfaces/robot_interfaces/msg/detail/pose__struct.h
[1.372s] -- Up-to-date: /home/lingc/ECE4191G11/ROS_PC/install/robot_interfaces/include/robot_interfaces/robot_interfaces/msg/detail/qr_data__struct.h
[1.372s] -- Up-to-date: /home/lingc/ECE4191G11/ROS_PC/install/robot_interfaces/include/robot_interfaces/robot_interfaces/msg/detail/qr_data__functions.c
[1.372s] -- Up-to-date: /home/lingc/ECE4191G11/ROS_PC/install/robot_interfaces/include/robot_interfaces/robot_interfaces/msg/detail/waypoint__struct.h
[1.372s] -- Up-to-date: /home/lingc/ECE4191G11/ROS_PC/install/robot_interfaces/include/robot_interfaces/robot_interfaces/msg/detail/distances__struct.h
[1.372s] -- Up-to-date: /home/lingc/ECE4191G11/ROS_PC/install/robot_interfaces/include/robot_interfaces/robot_interfaces/msg/detail/pose__functions.c
[1.372s] -- Up-to-date: /home/lingc/ECE4191G11/ROS_PC/install/robot_interfaces/include/robot_interfaces/robot_interfaces/msg/detail/obstacles__type_support.h
[1.372s] -- Up-to-date: /home/lingc/ECE4191G11/ROS_PC/install/robot_interfaces/include/robot_interfaces/robot_interfaces/msg/detail/des_state__functions.c
[1.372s] -- Up-to-date: /home/lingc/ECE4191G11/ROS_PC/install/robot_interfaces/include/robot_interfaces/robot_interfaces/msg/detail/waypoint__functions.c
[1.372s] -- Up-to-date: /home/lingc/ECE4191G11/ROS_PC/install/robot_interfaces/include/robot_interfaces/robot_interfaces/msg/detail/encoder_info__functions.c
[1.372s] -- Up-to-date: /home/lingc/ECE4191G11/ROS_PC/install/robot_interfaces/include/robot_interfaces/robot_interfaces/msg/detail/qr_data__functions.h
[1.372s] -- Up-to-date: /home/lingc/ECE4191G11/ROS_PC/install/robot_interfaces/include/robot_interfaces/robot_interfaces/msg/detail/waypoint__type_support.h
[1.372s] -- Up-to-date: /home/lingc/ECE4191G11/ROS_PC/install/robot_interfaces/include/robot_interfaces/robot_interfaces/msg/detail/des_state__struct.h
[1.373s] -- Up-to-date: /home/lingc/ECE4191G11/ROS_PC/install/robot_interfaces/include/robot_interfaces/robot_interfaces/msg/detail/pose__functions.h
[1.373s] -- Up-to-date: /home/lingc/ECE4191G11/ROS_PC/install/robot_interfaces/include/robot_interfaces/robot_interfaces/msg/detail/distances__functions.h
[1.373s] -- Up-to-date: /home/lingc/ECE4191G11/ROS_PC/install/robot_interfaces/include/robot_interfaces/robot_interfaces/msg/detail/obstacles__functions.h
[1.373s] -- Up-to-date: /home/lingc/ECE4191G11/ROS_PC/install/robot_interfaces/include/robot_interfaces/robot_interfaces/msg/detail/obstacles__functions.c
[1.373s] -- Up-to-date: /home/lingc/ECE4191G11/ROS_PC/install/robot_interfaces/include/robot_interfaces/robot_interfaces/msg/detail/distances__type_support.h
[1.373s] -- Up-to-date: /home/lingc/ECE4191G11/ROS_PC/install/robot_interfaces/include/robot_interfaces/robot_interfaces/msg/detail/encoder_info__functions.h
[1.373s] -- Up-to-date: /home/lingc/ECE4191G11/ROS_PC/install/robot_interfaces/include/robot_interfaces/robot_interfaces/msg/detail/waypoint__functions.h
[1.373s] -- Up-to-date: /home/lingc/ECE4191G11/ROS_PC/install/robot_interfaces/include/robot_interfaces/robot_interfaces/msg/detail/distances__functions.c
[1.373s] -- Up-to-date: /home/lingc/ECE4191G11/ROS_PC/install/robot_interfaces/include/robot_interfaces/robot_interfaces/msg/detail/encoder_info__type_support.h
[1.373s] -- Up-to-date: /home/lingc/ECE4191G11/ROS_PC/install/robot_interfaces/include/robot_interfaces/robot_interfaces/msg/detail/qr_data__type_support.h
[1.373s] -- Up-to-date: /home/lingc/ECE4191G11/ROS_PC/install/robot_interfaces/include/robot_interfaces/robot_interfaces/msg/detail/des_state__functions.h
[1.373s] -- Up-to-date: /home/lingc/ECE4191G11/ROS_PC/install/robot_interfaces/include/robot_interfaces/robot_interfaces/msg/detail/encoder_info__struct.h
[1.373s] -- Up-to-date: /home/lingc/ECE4191G11/ROS_PC/install/robot_interfaces/include/robot_interfaces/robot_interfaces/msg/detail/pose__type_support.h
[1.373s] -- Up-to-date: /home/lingc/ECE4191G11/ROS_PC/install/robot_interfaces/include/robot_interfaces/robot_interfaces/msg/detail/obstacles__struct.h
[1.373s] -- Up-to-date: /home/lingc/ECE4191G11/ROS_PC/install/robot_interfaces/include/robot_interfaces/robot_interfaces/msg/rosidl_generator_c__visibility_control.h
[1.373s] -- Up-to-date: /home/lingc/ECE4191G11/ROS_PC/install/robot_interfaces/include/robot_interfaces/robot_interfaces/msg/pose.h
[1.373s] -- Up-to-date: /home/lingc/ECE4191G11/ROS_PC/install/robot_interfaces/include/robot_interfaces/robot_interfaces/msg/encoder_info.h
[1.373s] -- Up-to-date: /home/lingc/ECE4191G11/ROS_PC/install/robot_interfaces/include/robot_interfaces/robot_interfaces/msg/distances.h
[1.374s] -- Up-to-date: /home/lingc/ECE4191G11/ROS_PC/install/robot_interfaces/include/robot_interfaces/robot_interfaces/msg/obstacles.h
[1.374s] -- Up-to-date: /home/lingc/ECE4191G11/ROS_PC/install/robot_interfaces/include/robot_interfaces/robot_interfaces/msg/des_state.h
[1.374s] -- Up-to-date: /home/lingc/ECE4191G11/ROS_PC/install/robot_interfaces/include/robot_interfaces/robot_interfaces/msg/waypoint.h
[1.374s] -- Up-to-date: /home/lingc/ECE4191G11/ROS_PC/install/robot_interfaces/share/robot_interfaces/environment/library_path.sh
[1.374s] -- Up-to-date: /home/lingc/ECE4191G11/ROS_PC/install/robot_interfaces/share/robot_interfaces/environment/library_path.dsv
[1.383s] -- Up-to-date: /home/lingc/ECE4191G11/ROS_PC/install/robot_interfaces/lib/librobot_interfaces__rosidl_generator_c.so
[1.383s] -- Up-to-date: /home/lingc/ECE4191G11/ROS_PC/install/robot_interfaces/include/robot_interfaces/robot_interfaces
[1.383s] -- Up-to-date: /home/lingc/ECE4191G11/ROS_PC/install/robot_interfaces/include/robot_interfaces/robot_interfaces/msg
[1.384s] -- Up-to-date: /home/lingc/ECE4191G11/ROS_PC/install/robot_interfaces/include/robot_interfaces/robot_interfaces/msg/rosidl_typesupport_fastrtps_c__visibility_control.h
[1.384s] -- Up-to-date: /home/lingc/ECE4191G11/ROS_PC/install/robot_interfaces/include/robot_interfaces/robot_interfaces/msg/detail
[1.384s] -- Up-to-date: /home/lingc/ECE4191G11/ROS_PC/install/robot_interfaces/include/robot_interfaces/robot_interfaces/msg/detail/obstacles__rosidl_typesupport_fastrtps_c.h
[1.384s] -- Up-to-date: /home/lingc/ECE4191G11/ROS_PC/install/robot_interfaces/include/robot_interfaces/robot_interfaces/msg/detail/distances__rosidl_typesupport_fastrtps_c.h
[1.384s] -- Up-to-date: /home/lingc/ECE4191G11/ROS_PC/install/robot_interfaces/include/robot_interfaces/robot_interfaces/msg/detail/qr_data__rosidl_typesupport_fastrtps_c.h
[1.384s] -- Up-to-date: /home/lingc/ECE4191G11/ROS_PC/install/robot_interfaces/include/robot_interfaces/robot_interfaces/msg/detail/waypoint__rosidl_typesupport_fastrtps_c.h
[1.384s] -- Up-to-date: /home/lingc/ECE4191G11/ROS_PC/install/robot_interfaces/include/robot_interfaces/robot_interfaces/msg/detail/encoder_info__rosidl_typesupport_fastrtps_c.h
[1.384s] -- Up-to-date: /home/lingc/ECE4191G11/ROS_PC/install/robot_interfaces/include/robot_interfaces/robot_interfaces/msg/detail/des_state__rosidl_typesupport_fastrtps_c.h
[1.385s] -- Up-to-date: /home/lingc/ECE4191G11/ROS_PC/install/robot_interfaces/include/robot_interfaces/robot_interfaces/msg/detail/pose__rosidl_typesupport_fastrtps_c.h
[1.385s] -- Up-to-date: /home/lingc/ECE4191G11/ROS_PC/install/robot_interfaces/lib/librobot_interfaces__rosidl_typesupport_fastrtps_c.so
[1.385s] -- Up-to-date: /home/lingc/ECE4191G11/ROS_PC/install/robot_interfaces/include/robot_interfaces/robot_interfaces
[1.385s] -- Up-to-date: /home/lingc/ECE4191G11/ROS_PC/install/robot_interfaces/include/robot_interfaces/robot_interfaces/msg
[1.385s] -- Up-to-date: /home/lingc/ECE4191G11/ROS_PC/install/robot_interfaces/include/robot_interfaces/robot_interfaces/msg/detail
[1.385s] -- Up-to-date: /home/lingc/ECE4191G11/ROS_PC/install/robot_interfaces/include/robot_interfaces/robot_interfaces/msg/detail/waypoint__type_support.c
[1.385s] -- Up-to-date: /home/lingc/ECE4191G11/ROS_PC/install/robot_interfaces/include/robot_interfaces/robot_interfaces/msg/detail/obstacles__rosidl_typesupport_introspection_c.h
[1.385s] -- Up-to-date: /home/lingc/ECE4191G11/ROS_PC/install/robot_interfaces/include/robot_interfaces/robot_interfaces/msg/detail/obstacles__type_support.c
[1.385s] -- Up-to-date: /home/lingc/ECE4191G11/ROS_PC/install/robot_interfaces/include/robot_interfaces/robot_interfaces/msg/detail/pose__rosidl_typesupport_introspection_c.h
[1.385s] -- Up-to-date: /home/lingc/ECE4191G11/ROS_PC/install/robot_interfaces/include/robot_interfaces/robot_interfaces/msg/detail/encoder_info__type_support.c
[1.385s] -- Up-to-date: /home/lingc/ECE4191G11/ROS_PC/install/robot_interfaces/include/robot_interfaces/robot_interfaces/msg/detail/des_state__rosidl_typesupport_introspection_c.h
[1.386s] -- Up-to-date: /home/lingc/ECE4191G11/ROS_PC/install/robot_interfaces/include/robot_interfaces/robot_interfaces/msg/detail/qr_data__rosidl_typesupport_introspection_c.h
[1.386s] -- Up-to-date: /home/lingc/ECE4191G11/ROS_PC/install/robot_interfaces/include/robot_interfaces/robot_interfaces/msg/detail/encoder_info__rosidl_typesupport_introspection_c.h
[1.386s] -- Up-to-date: /home/lingc/ECE4191G11/ROS_PC/install/robot_interfaces/include/robot_interfaces/robot_interfaces/msg/detail/pose__type_support.c
[1.386s] -- Up-to-date: /home/lingc/ECE4191G11/ROS_PC/install/robot_interfaces/include/robot_interfaces/robot_interfaces/msg/detail/des_state__type_support.c
[1.386s] -- Up-to-date: /home/lingc/ECE4191G11/ROS_PC/install/robot_interfaces/include/robot_interfaces/robot_interfaces/msg/detail/qr_data__type_support.c
[1.386s] -- Up-to-date: /home/lingc/ECE4191G11/ROS_PC/install/robot_interfaces/include/robot_interfaces/robot_interfaces/msg/detail/distances__type_support.c
[1.387s] -- Up-to-date: /home/lingc/ECE4191G11/ROS_PC/install/robot_interfaces/include/robot_interfaces/robot_interfaces/msg/detail/waypoint__rosidl_typesupport_introspection_c.h
[1.387s] -- Up-to-date: /home/lingc/ECE4191G11/ROS_PC/install/robot_interfaces/include/robot_interfaces/robot_interfaces/msg/detail/distances__rosidl_typesupport_introspection_c.h
[1.387s] -- Up-to-date: /home/lingc/ECE4191G11/ROS_PC/install/robot_interfaces/include/robot_interfaces/robot_interfaces/msg/rosidl_typesupport_introspection_c__visibility_control.h
[1.387s] -- Up-to-date: /home/lingc/ECE4191G11/ROS_PC/install/robot_interfaces/lib/librobot_interfaces__rosidl_typesupport_introspection_c.so
[1.387s] -- Up-to-date: /home/lingc/ECE4191G11/ROS_PC/install/robot_interfaces/lib/librobot_interfaces__rosidl_typesupport_c.so
[1.387s] -- Up-to-date: /home/lingc/ECE4191G11/ROS_PC/install/robot_interfaces/include/robot_interfaces/robot_interfaces
[1.387s] -- Up-to-date: /home/lingc/ECE4191G11/ROS_PC/install/robot_interfaces/include/robot_interfaces/robot_interfaces/msg
[1.387s] -- Up-to-date: /home/lingc/ECE4191G11/ROS_PC/install/robot_interfaces/include/robot_interfaces/robot_interfaces/msg/des_state.hpp
[1.387s] -- Up-to-date: /home/lingc/ECE4191G11/ROS_PC/install/robot_interfaces/include/robot_interfaces/robot_interfaces/msg/detail
[1.387s] -- Up-to-date: /home/lingc/ECE4191G11/ROS_PC/install/robot_interfaces/include/robot_interfaces/robot_interfaces/msg/detail/waypoint__builder.hpp
[1.387s] -- Up-to-date: /home/lingc/ECE4191G11/ROS_PC/install/robot_interfaces/include/robot_interfaces/robot_interfaces/msg/detail/distances__traits.hpp
[1.387s] -- Up-to-date: /home/lingc/ECE4191G11/ROS_PC/install/robot_interfaces/include/robot_interfaces/robot_interfaces/msg/detail/waypoint__struct.hpp
[1.387s] -- Up-to-date: /home/lingc/ECE4191G11/ROS_PC/install/robot_interfaces/include/robot_interfaces/robot_interfaces/msg/detail/qr_data__struct.hpp
[1.388s] -- Up-to-date: /home/lingc/ECE4191G11/ROS_PC/install/robot_interfaces/include/robot_interfaces/robot_interfaces/msg/detail/pose__builder.hpp
[1.388s] -- Up-to-date: /home/lingc/ECE4191G11/ROS_PC/install/robot_interfaces/include/robot_interfaces/robot_interfaces/msg/detail/obstacles__builder.hpp
[1.388s] -- Up-to-date: /home/lingc/ECE4191G11/ROS_PC/install/robot_interfaces/include/robot_interfaces/robot_interfaces/msg/detail/pose__traits.hpp
[1.388s] -- Up-to-date: /home/lingc/ECE4191G11/ROS_PC/install/robot_interfaces/include/robot_interfaces/robot_interfaces/msg/detail/qr_data__builder.hpp
[1.388s] -- Up-to-date: /home/lingc/ECE4191G11/ROS_PC/install/robot_interfaces/include/robot_interfaces/robot_interfaces/msg/detail/obstacles__traits.hpp
[1.388s] -- Up-to-date: /home/lingc/ECE4191G11/ROS_PC/install/robot_interfaces/include/robot_interfaces/robot_interfaces/msg/detail/qr_data__traits.hpp
[1.388s] -- Up-to-date: /home/lingc/ECE4191G11/ROS_PC/install/robot_interfaces/include/robot_interfaces/robot_interfaces/msg/detail/obstacles__struct.hpp
[1.388s] -- Up-to-date: /home/lingc/ECE4191G11/ROS_PC/install/robot_interfaces/include/robot_interfaces/robot_interfaces/msg/detail/encoder_info__traits.hpp
[1.388s] -- Up-to-date: /home/lingc/ECE4191G11/ROS_PC/install/robot_interfaces/include/robot_interfaces/robot_interfaces/msg/detail/waypoint__traits.hpp
[1.388s] -- Up-to-date: /home/lingc/ECE4191G11/ROS_PC/install/robot_interfaces/include/robot_interfaces/robot_interfaces/msg/detail/distances__builder.hpp
[1.388s] -- Up-to-date: /home/lingc/ECE4191G11/ROS_PC/install/robot_interfaces/include/robot_interfaces/robot_interfaces/msg/detail/encoder_info__struct.hpp
[1.388s] -- Up-to-date: /home/lingc/ECE4191G11/ROS_PC/install/robot_interfaces/include/robot_interfaces/robot_interfaces/msg/detail/pose__struct.hpp
[1.388s] -- Up-to-date: /home/lingc/ECE4191G11/ROS_PC/install/robot_interfaces/include/robot_interfaces/robot_interfaces/msg/detail/des_state__traits.hpp
[1.388s] -- Up-to-date: /home/lingc/ECE4191G11/ROS_PC/install/robot_interfaces/include/robot_interfaces/robot_interfaces/msg/detail/des_state__struct.hpp
[1.389s] -- Up-to-date: /home/lingc/ECE4191G11/ROS_PC/install/robot_interfaces/include/robot_interfaces/robot_interfaces/msg/detail/distances__struct.hpp
[1.389s] -- Up-to-date: /home/lingc/ECE4191G11/ROS_PC/install/robot_interfaces/include/robot_interfaces/robot_interfaces/msg/detail/encoder_info__builder.hpp
[1.389s] -- Up-to-date: /home/lingc/ECE4191G11/ROS_PC/install/robot_interfaces/include/robot_interfaces/robot_interfaces/msg/detail/des_state__builder.hpp
[1.389s] -- Up-to-date: /home/lingc/ECE4191G11/ROS_PC/install/robot_interfaces/include/robot_interfaces/robot_interfaces/msg/distances.hpp
[1.389s] -- Up-to-date: /home/lingc/ECE4191G11/ROS_PC/install/robot_interfaces/include/robot_interfaces/robot_interfaces/msg/encoder_info.hpp
[1.389s] -- Up-to-date: /home/lingc/ECE4191G11/ROS_PC/install/robot_interfaces/include/robot_interfaces/robot_interfaces/msg/waypoint.hpp
[1.389s] -- Up-to-date: /home/lingc/ECE4191G11/ROS_PC/install/robot_interfaces/include/robot_interfaces/robot_interfaces/msg/pose.hpp
[1.389s] -- Up-to-date: /home/lingc/ECE4191G11/ROS_PC/install/robot_interfaces/include/robot_interfaces/robot_interfaces/msg/obstacles.hpp
[1.389s] -- Up-to-date: /home/lingc/ECE4191G11/ROS_PC/install/robot_interfaces/include/robot_interfaces/robot_interfaces/msg/qr_data.hpp
[1.389s] -- Up-to-date: /home/lingc/ECE4191G11/ROS_PC/install/robot_interfaces/include/robot_interfaces/robot_interfaces
[1.389s] -- Up-to-date: /home/lingc/ECE4191G11/ROS_PC/install/robot_interfaces/include/robot_interfaces/robot_interfaces/msg
[1.389s] -- Up-to-date: /home/lingc/ECE4191G11/ROS_PC/install/robot_interfaces/include/robot_interfaces/robot_interfaces/msg/detail
[1.389s] -- Up-to-date: /home/lingc/ECE4191G11/ROS_PC/install/robot_interfaces/include/robot_interfaces/robot_interfaces/msg/detail/obstacles__rosidl_typesupport_fastrtps_cpp.hpp
[1.389s] -- Up-to-date: /home/lingc/ECE4191G11/ROS_PC/install/robot_interfaces/include/robot_interfaces/robot_interfaces/msg/detail/qr_data__rosidl_typesupport_fastrtps_cpp.hpp
[1.389s] -- Up-to-date: /home/lingc/ECE4191G11/ROS_PC/install/robot_interfaces/include/robot_interfaces/robot_interfaces/msg/detail/encoder_info__rosidl_typesupport_fastrtps_cpp.hpp
[1.390s] -- Up-to-date: /home/lingc/ECE4191G11/ROS_PC/install/robot_interfaces/include/robot_interfaces/robot_interfaces/msg/detail/des_state__rosidl_typesupport_fastrtps_cpp.hpp
[1.390s] -- Up-to-date: /home/lingc/ECE4191G11/ROS_PC/install/robot_interfaces/include/robot_interfaces/robot_interfaces/msg/detail/pose__rosidl_typesupport_fastrtps_cpp.hpp
[1.390s] -- Up-to-date: /home/lingc/ECE4191G11/ROS_PC/install/robot_interfaces/include/robot_interfaces/robot_interfaces/msg/detail/waypoint__rosidl_typesupport_fastrtps_cpp.hpp
[1.390s] -- Up-to-date: /home/lingc/ECE4191G11/ROS_PC/install/robot_interfaces/include/robot_interfaces/robot_interfaces/msg/detail/dds_fastrtps
[1.390s] -- Up-to-date: /home/lingc/ECE4191G11/ROS_PC/install/robot_interfaces/include/robot_interfaces/robot_interfaces/msg/detail/distances__rosidl_typesupport_fastrtps_cpp.hpp
[1.390s] -- Up-to-date: /home/lingc/ECE4191G11/ROS_PC/install/robot_interfaces/include/robot_interfaces/robot_interfaces/msg/rosidl_typesupport_fastrtps_cpp__visibility_control.h
[1.400s] -- Up-to-date: /home/lingc/ECE4191G11/ROS_PC/install/robot_interfaces/lib/librobot_interfaces__rosidl_typesupport_fastrtps_cpp.so
[1.401s] -- Up-to-date: /home/lingc/ECE4191G11/ROS_PC/install/robot_interfaces/include/robot_interfaces/robot_interfaces
[1.401s] -- Up-to-date: /home/lingc/ECE4191G11/ROS_PC/install/robot_interfaces/include/robot_interfaces/robot_interfaces/msg
[1.401s] -- Up-to-date: /home/lingc/ECE4191G11/ROS_PC/install/robot_interfaces/include/robot_interfaces/robot_interfaces/msg/detail
[1.402s] -- Up-to-date: /home/lingc/ECE4191G11/ROS_PC/install/robot_interfaces/include/robot_interfaces/robot_interfaces/msg/detail/qr_data__type_support.cpp
[1.402s] -- Up-to-date: /home/lingc/ECE4191G11/ROS_PC/install/robot_interfaces/include/robot_interfaces/robot_interfaces/msg/detail/obstacles__type_support.cpp
[1.402s] -- Up-to-date: /home/lingc/ECE4191G11/ROS_PC/install/robot_interfaces/include/robot_interfaces/robot_interfaces/msg/detail/waypoint__rosidl_typesupport_introspection_cpp.hpp
[1.402s] -- Up-to-date: /home/lingc/ECE4191G11/ROS_PC/install/robot_interfaces/include/robot_interfaces/robot_interfaces/msg/detail/qr_data__rosidl_typesupport_introspection_cpp.hpp
[1.402s] -- Up-to-date: /home/lingc/ECE4191G11/ROS_PC/install/robot_interfaces/include/robot_interfaces/robot_interfaces/msg/detail/encoder_info__rosidl_typesupport_introspection_cpp.hpp
[1.402s] -- Up-to-date: /home/lingc/ECE4191G11/ROS_PC/install/robot_interfaces/include/robot_interfaces/robot_interfaces/msg/detail/encoder_info__type_support.cpp
[1.402s] -- Up-to-date: /home/lingc/ECE4191G11/ROS_PC/install/robot_interfaces/include/robot_interfaces/robot_interfaces/msg/detail/des_state__type_support.cpp
[1.402s] -- Up-to-date: /home/lingc/ECE4191G11/ROS_PC/install/robot_interfaces/include/robot_interfaces/robot_interfaces/msg/detail/distances__type_support.cpp
[1.402s] -- Up-to-date: /home/lingc/ECE4191G11/ROS_PC/install/robot_interfaces/include/robot_interfaces/robot_interfaces/msg/detail/pose__rosidl_typesupport_introspection_cpp.hpp
[1.402s] -- Up-to-date: /home/lingc/ECE4191G11/ROS_PC/install/robot_interfaces/include/robot_interfaces/robot_interfaces/msg/detail/obstacles__rosidl_typesupport_introspection_cpp.hpp
[1.403s] -- Up-to-date: /home/lingc/ECE4191G11/ROS_PC/install/robot_interfaces/include/robot_interfaces/robot_interfaces/msg/detail/distances__rosidl_typesupport_introspection_cpp.hpp
[1.403s] -- Up-to-date: /home/lingc/ECE4191G11/ROS_PC/install/robot_interfaces/include/robot_interfaces/robot_interfaces/msg/detail/pose__type_support.cpp
[1.403s] -- Up-to-date: /home/lingc/ECE4191G11/ROS_PC/install/robot_interfaces/include/robot_interfaces/robot_interfaces/msg/detail/des_state__rosidl_typesupport_introspection_cpp.hpp
[1.403s] -- Up-to-date: /home/lingc/ECE4191G11/ROS_PC/install/robot_interfaces/include/robot_interfaces/robot_interfaces/msg/detail/waypoint__type_support.cpp
[1.403s] -- Up-to-date: /home/lingc/ECE4191G11/ROS_PC/install/robot_interfaces/lib/librobot_interfaces__rosidl_typesupport_introspection_cpp.so
[1.403s] -- Up-to-date: /home/lingc/ECE4191G11/ROS_PC/install/robot_interfaces/lib/librobot_interfaces__rosidl_typesupport_cpp.so
[1.403s] -- Up-to-date: /home/lingc/ECE4191G11/ROS_PC/install/robot_interfaces/share/robot_interfaces/environment/pythonpath.sh
[1.403s] -- Up-to-date: /home/lingc/ECE4191G11/ROS_PC/install/robot_interfaces/share/robot_interfaces/environment/pythonpath.dsv
[1.403s] -- Up-to-date: /home/lingc/ECE4191G11/ROS_PC/install/robot_interfaces/local/lib/python3.10/dist-packages/robot_interfaces-0.0.0-py3.10.egg-info
[1.404s] -- Installing: /home/lingc/ECE4191G11/ROS_PC/install/robot_interfaces/local/lib/python3.10/dist-packages/robot_interfaces-0.0.0-py3.10.egg-info/dependency_links.txt
[1.404s] -- Installing: /home/lingc/ECE4191G11/ROS_PC/install/robot_interfaces/local/lib/python3.10/dist-packages/robot_interfaces-0.0.0-py3.10.egg-info/PKG-INFO
[1.404s] -- Installing: /home/lingc/ECE4191G11/ROS_PC/install/robot_interfaces/local/lib/python3.10/dist-packages/robot_interfaces-0.0.0-py3.10.egg-info/SOURCES.txt
[1.404s] -- Installing: /home/lingc/ECE4191G11/ROS_PC/install/robot_interfaces/local/lib/python3.10/dist-packages/robot_interfaces-0.0.0-py3.10.egg-info/top_level.txt
[1.404s] -- Up-to-date: /home/lingc/ECE4191G11/ROS_PC/install/robot_interfaces/local/lib/python3.10/dist-packages/robot_interfaces
[1.404s] -- Up-to-date: /home/lingc/ECE4191G11/ROS_PC/install/robot_interfaces/local/lib/python3.10/dist-packages/robot_interfaces/msg
[1.404s] -- Up-to-date: /home/lingc/ECE4191G11/ROS_PC/install/robot_interfaces/local/lib/python3.10/dist-packages/robot_interfaces/msg/_qr_data.py
[1.404s] -- Up-to-date: /home/lingc/ECE4191G11/ROS_PC/install/robot_interfaces/local/lib/python3.10/dist-packages/robot_interfaces/msg/_encoder_info_s.c
[1.405s] -- Up-to-date: /home/lingc/ECE4191G11/ROS_PC/install/robot_interfaces/local/lib/python3.10/dist-packages/robot_interfaces/msg/_qr_data_s.c
[1.405s] -- Up-to-date: /home/lingc/ECE4191G11/ROS_PC/install/robot_interfaces/local/lib/python3.10/dist-packages/robot_interfaces/msg/__init__.py
[1.405s] -- Up-to-date: /home/lingc/ECE4191G11/ROS_PC/install/robot_interfaces/local/lib/python3.10/dist-packages/robot_interfaces/msg/_obstacles.py
[1.405s] -- Up-to-date: /home/lingc/ECE4191G11/ROS_PC/install/robot_interfaces/local/lib/python3.10/dist-packages/robot_interfaces/msg/_des_state_s.c
[1.405s] -- Up-to-date: /home/lingc/ECE4191G11/ROS_PC/install/robot_interfaces/local/lib/python3.10/dist-packages/robot_interfaces/msg/_des_state.py
[1.405s] -- Up-to-date: /home/lingc/ECE4191G11/ROS_PC/install/robot_interfaces/local/lib/python3.10/dist-packages/robot_interfaces/msg/_pose_s.c
[1.405s] -- Up-to-date: /home/lingc/ECE4191G11/ROS_PC/install/robot_interfaces/local/lib/python3.10/dist-packages/robot_interfaces/msg/_distances.py
[1.405s] -- Up-to-date: /home/lingc/ECE4191G11/ROS_PC/install/robot_interfaces/local/lib/python3.10/dist-packages/robot_interfaces/msg/_waypoint.py
[1.405s] -- Up-to-date: /home/lingc/ECE4191G11/ROS_PC/install/robot_interfaces/local/lib/python3.10/dist-packages/robot_interfaces/msg/_waypoint_s.c
[1.405s] -- Up-to-date: /home/lingc/ECE4191G11/ROS_PC/install/robot_interfaces/local/lib/python3.10/dist-packages/robot_interfaces/msg/_distances_s.c
[1.405s] -- Up-to-date: /home/lingc/ECE4191G11/ROS_PC/install/robot_interfaces/local/lib/python3.10/dist-packages/robot_interfaces/msg/_obstacles_s.c
[1.405s] -- Up-to-date: /home/lingc/ECE4191G11/ROS_PC/install/robot_interfaces/local/lib/python3.10/dist-packages/robot_interfaces/msg/_encoder_info.py
[1.405s] -- Up-to-date: /home/lingc/ECE4191G11/ROS_PC/install/robot_interfaces/local/lib/python3.10/dist-packages/robot_interfaces/msg/_pose.py
[1.405s] -- Up-to-date: /home/lingc/ECE4191G11/ROS_PC/install/robot_interfaces/local/lib/python3.10/dist-packages/robot_interfaces/__init__.py
[1.405s] -- Up-to-date: /home/lingc/ECE4191G11/ROS_PC/install/robot_interfaces/local/lib/python3.10/dist-packages/robot_interfaces/librobot_interfaces__rosidl_generator_py.so
[1.406s] -- Up-to-date: /home/lingc/ECE4191G11/ROS_PC/install/robot_interfaces/local/lib/python3.10/dist-packages/robot_interfaces/_robot_interfaces_s.ep.rosidl_typesupport_introspection_c.c
[1.406s] -- Up-to-date: /home/lingc/ECE4191G11/ROS_PC/install/robot_interfaces/local/lib/python3.10/dist-packages/robot_interfaces/_robot_interfaces_s.ep.rosidl_typesupport_fastrtps_c.c
[1.406s] -- Up-to-date: /home/lingc/ECE4191G11/ROS_PC/install/robot_interfaces/local/lib/python3.10/dist-packages/robot_interfaces/_robot_interfaces_s.ep.rosidl_typesupport_c.c
[1.406s] -- Up-to-date: /home/lingc/ECE4191G11/ROS_PC/install/robot_interfaces/local/lib/python3.10/dist-packages/robot_interfaces/robot_interfaces_s__rosidl_typesupport_introspection_c.cpython-310-x86_64-linux-gnu.so
[1.406s] -- Up-to-date: /home/lingc/ECE4191G11/ROS_PC/install/robot_interfaces/local/lib/python3.10/dist-packages/robot_interfaces/robot_interfaces_s__rosidl_typesupport_c.cpython-310-x86_64-linux-gnu.so
[1.406s] -- Up-to-date: /home/lingc/ECE4191G11/ROS_PC/install/robot_interfaces/local/lib/python3.10/dist-packages/robot_interfaces/robot_interfaces_s__rosidl_typesupport_fastrtps_c.cpython-310-x86_64-linux-gnu.so
[1.468s] Listing '/home/lingc/ECE4191G11/ROS_PC/install/robot_interfaces/local/lib/python3.10/dist-packages/robot_interfaces'...
[1.468s] Listing '/home/lingc/ECE4191G11/ROS_PC/install/robot_interfaces/local/lib/python3.10/dist-packages/robot_interfaces/msg'...
[1.483s] -- Up-to-date: /home/lingc/ECE4191G11/ROS_PC/install/robot_interfaces/local/lib/python3.10/dist-packages/robot_interfaces/robot_interfaces_s__rosidl_typesupport_fastrtps_c.cpython-310-x86_64-linux-gnu.so
[1.484s] -- Up-to-date: /home/lingc/ECE4191G11/ROS_PC/install/robot_interfaces/local/lib/python3.10/dist-packages/robot_interfaces/robot_interfaces_s__rosidl_typesupport_introspection_c.cpython-310-x86_64-linux-gnu.so
[1.485s] -- Up-to-date: /home/lingc/ECE4191G11/ROS_PC/install/robot_interfaces/local/lib/python3.10/dist-packages/robot_interfaces/robot_interfaces_s__rosidl_typesupport_c.cpython-310-x86_64-linux-gnu.so
[1.485s] -- Up-to-date: /home/lingc/ECE4191G11/ROS_PC/install/robot_interfaces/lib/librobot_interfaces__rosidl_generator_py.so
[1.485s] -- Up-to-date: /home/lingc/ECE4191G11/ROS_PC/install/robot_interfaces/share/robot_interfaces/msg/DesState.idl
[1.486s] -- Up-to-date: /home/lingc/ECE4191G11/ROS_PC/install/robot_interfaces/share/robot_interfaces/msg/Pose.idl
[1.486s] -- Up-to-date: /home/lingc/ECE4191G11/ROS_PC/install/robot_interfaces/share/robot_interfaces/msg/Distances.idl
[1.486s] -- Up-to-date: /home/lingc/ECE4191G11/ROS_PC/install/robot_interfaces/share/robot_interfaces/msg/EncoderInfo.idl
[1.486s] -- Up-to-date: /home/lingc/ECE4191G11/ROS_PC/install/robot_interfaces/share/robot_interfaces/msg/Obstacles.idl
[1.486s] -- Up-to-date: /home/lingc/ECE4191G11/ROS_PC/install/robot_interfaces/share/robot_interfaces/msg/QRData.idl
[1.487s] -- Up-to-date: /home/lingc/ECE4191G11/ROS_PC/install/robot_interfaces/share/robot_interfaces/msg/DesState.msg
[1.487s] -- Up-to-date: /home/lingc/ECE4191G11/ROS_PC/install/robot_interfaces/share/robot_interfaces/msg/Pose.msg
[1.487s] -- Up-to-date: /home/lingc/ECE4191G11/ROS_PC/install/robot_interfaces/share/robot_interfaces/msg/Distances.msg
[1.487s] -- Up-to-date: /home/lingc/ECE4191G11/ROS_PC/install/robot_interfaces/share/robot_interfaces/msg/EncoderInfo.msg
[1.487s] -- Up-to-date: /home/lingc/ECE4191G11/ROS_PC/install/robot_interfaces/share/robot_interfaces/msg/Obstacles.msg
[1.487s] -- Up-to-date: /home/lingc/ECE4191G11/ROS_PC/install/robot_interfaces/share/robot_interfaces/msg/QRData.msg
[1.487s] -- Up-to-date: /home/lingc/ECE4191G11/ROS_PC/install/robot_interfaces/share/ament_index/resource_index/package_run_dependencies/robot_interfaces
[1.487s] -- Up-to-date: /home/lingc/ECE4191G11/ROS_PC/install/robot_interfaces/share/ament_index/resource_index/parent_prefix_path/robot_interfaces
[1.487s] -- Up-to-date: /home/lingc/ECE4191G11/ROS_PC/install/robot_interfaces/share/robot_interfaces/environment/ament_prefix_path.sh
[1.487s] -- Up-to-date: /home/lingc/ECE4191G11/ROS_PC/install/robot_interfaces/share/robot_interfaces/environment/ament_prefix_path.dsv
[1.487s] -- Up-to-date: /home/lingc/ECE4191G11/ROS_PC/install/robot_interfaces/share/robot_interfaces/environment/path.sh
[1.487s] -- Up-to-date: /home/lingc/ECE4191G11/ROS_PC/install/robot_interfaces/share/robot_interfaces/environment/path.dsv
[1.488s] -- Up-to-date: /home/lingc/ECE4191G11/ROS_PC/install/robot_interfaces/share/robot_interfaces/local_setup.bash
[1.488s] -- Up-to-date: /home/lingc/ECE4191G11/ROS_PC/install/robot_interfaces/share/robot_interfaces/local_setup.sh
[1.488s] -- Up-to-date: /home/lingc/ECE4191G11/ROS_PC/install/robot_interfaces/share/robot_interfaces/local_setup.zsh
[1.488s] -- Up-to-date: /home/lingc/ECE4191G11/ROS_PC/install/robot_interfaces/share/robot_interfaces/local_setup.dsv
[1.488s] -- Installing: /home/lingc/ECE4191G11/ROS_PC/install/robot_interfaces/share/robot_interfaces/package.dsv
[1.494s] -- Up-to-date: /home/lingc/ECE4191G11/ROS_PC/install/robot_interfaces/share/ament_index/resource_index/packages/robot_interfaces
[1.504s] -- Up-to-date: /home/lingc/ECE4191G11/ROS_PC/install/robot_interfaces/share/robot_interfaces/cmake/export_robot_interfaces__rosidl_generator_cExport.cmake
[1.504s] -- Up-to-date: /home/lingc/ECE4191G11/ROS_PC/install/robot_interfaces/share/robot_interfaces/cmake/export_robot_interfaces__rosidl_generator_cExport-noconfig.cmake
[1.504s] -- Up-to-date: /home/lingc/ECE4191G11/ROS_PC/install/robot_interfaces/share/robot_interfaces/cmake/export_robot_interfaces__rosidl_typesupport_fastrtps_cExport.cmake
[1.504s] -- Up-to-date: /home/lingc/ECE4191G11/ROS_PC/install/robot_interfaces/share/robot_interfaces/cmake/export_robot_interfaces__rosidl_typesupport_fastrtps_cExport-noconfig.cmake
[1.505s] -- Up-to-date: /home/lingc/ECE4191G11/ROS_PC/install/robot_interfaces/share/robot_interfaces/cmake/robot_interfaces__rosidl_typesupport_introspection_cExport.cmake
[1.505s] -- Up-to-date: /home/lingc/ECE4191G11/ROS_PC/install/robot_interfaces/share/robot_interfaces/cmake/robot_interfaces__rosidl_typesupport_introspection_cExport-noconfig.cmake
[1.505s] -- Up-to-date: /home/lingc/ECE4191G11/ROS_PC/install/robot_interfaces/share/robot_interfaces/cmake/robot_interfaces__rosidl_typesupport_cExport.cmake
[1.505s] -- Up-to-date: /home/lingc/ECE4191G11/ROS_PC/install/robot_interfaces/share/robot_interfaces/cmake/robot_interfaces__rosidl_typesupport_cExport-noconfig.cmake
[1.506s] -- Up-to-date: /home/lingc/ECE4191G11/ROS_PC/install/robot_interfaces/share/robot_interfaces/cmake/export_robot_interfaces__rosidl_generator_cppExport.cmake
[1.506s] -- Up-to-date: /home/lingc/ECE4191G11/ROS_PC/install/robot_interfaces/share/robot_interfaces/cmake/export_robot_interfaces__rosidl_typesupport_fastrtps_cppExport.cmake
[1.506s] -- Up-to-date: /home/lingc/ECE4191G11/ROS_PC/install/robot_interfaces/share/robot_interfaces/cmake/export_robot_interfaces__rosidl_typesupport_fastrtps_cppExport-noconfig.cmake
[1.507s] -- Up-to-date: /home/lingc/ECE4191G11/ROS_PC/install/robot_interfaces/share/robot_interfaces/cmake/robot_interfaces__rosidl_typesupport_introspection_cppExport.cmake
[1.507s] -- Up-to-date: /home/lingc/ECE4191G11/ROS_PC/install/robot_interfaces/share/robot_interfaces/cmake/robot_interfaces__rosidl_typesupport_introspection_cppExport-noconfig.cmake
[1.507s] -- Up-to-date: /home/lingc/ECE4191G11/ROS_PC/install/robot_interfaces/share/robot_interfaces/cmake/robot_interfaces__rosidl_typesupport_cppExport.cmake
[1.507s] -- Up-to-date: /home/lingc/ECE4191G11/ROS_PC/install/robot_interfaces/share/robot_interfaces/cmake/robot_interfaces__rosidl_typesupport_cppExport-noconfig.cmake
[1.508s] -- Up-to-date: /home/lingc/ECE4191G11/ROS_PC/install/robot_interfaces/share/robot_interfaces/cmake/export_robot_interfaces__rosidl_generator_pyExport.cmake
[1.508s] -- Up-to-date: /home/lingc/ECE4191G11/ROS_PC/install/robot_interfaces/share/robot_interfaces/cmake/export_robot_interfaces__rosidl_generator_pyExport-noconfig.cmake
[1.508s] -- Up-to-date: /home/lingc/ECE4191G11/ROS_PC/install/robot_interfaces/share/robot_interfaces/cmake/rosidl_cmake-extras.cmake
[1.508s] -- Up-to-date: /home/lingc/ECE4191G11/ROS_PC/install/robot_interfaces/share/robot_interfaces/cmake/ament_cmake_export_include_directories-extras.cmake
[1.508s] -- Up-to-date: /home/lingc/ECE4191G11/ROS_PC/install/robot_interfaces/share/robot_interfaces/cmake/ament_cmake_export_libraries-extras.cmake
[1.508s] -- Up-to-date: /home/lingc/ECE4191G11/ROS_PC/install/robot_interfaces/share/robot_interfaces/cmake/ament_cmake_export_targets-extras.cmake
[1.508s] -- Up-to-date: /home/lingc/ECE4191G11/ROS_PC/install/robot_interfaces/share/robot_interfaces/cmake/rosidl_cmake_export_typesupport_targets-extras.cmake
[1.508s] -- Up-to-date: /home/lingc/ECE4191G11/ROS_PC/install/robot_interfaces/share/robot_interfaces/cmake/ament_cmake_export_dependencies-extras.cmake
[1.509s] -- Up-to-date: /home/lingc/ECE4191G11/ROS_PC/install/robot_interfaces/share/robot_interfaces/cmake/rosidl_cmake_export_typesupport_libraries-extras.cmake
[1.509s] -- Up-to-date: /home/lingc/ECE4191G11/ROS_PC/install/robot_interfaces/share/robot_interfaces/cmake/robot_interfacesConfig.cmake
[1.509s] -- Up-to-date: /home/lingc/ECE4191G11/ROS_PC/install/robot_interfaces/share/robot_interfaces/cmake/robot_interfacesConfig-version.cmake
[1.509s] -- Up-to-date: /home/lingc/ECE4191G11/ROS_PC/install/robot_interfaces/share/robot_interfaces/package.xml
[1.510s] Invoked command in '/home/lingc/ECE4191G11/ROS_PC/build/robot_interfaces' returned '0': CMAKE_PREFIX_PATH=${CMAKE_PREFIX_PATH}:/home/lingc/ECE4191G11/ROS_PC/install/robot_controller:/opt/ros/humble /usr/bin/cmake --install /home/lingc/ECE4191G11/ROS_PC/build/robot_interfaces
