[1.472s] DEBUG:colcon:Command line arguments: ['/usr/bin/colcon', 'build']
[1.472s] DEBUG:colcon:Parsed command line arguments: Namespace(log_base=None, log_level=None, verb_name='build', build_base='build', install_base='install', merge_install=False, symlink_install=False, test_result_base=None, continue_on_error=False, executor='parallel', parallel_workers=4, event_handlers=None, ignore_user_meta=False, metas=['./colcon.meta'], base_paths=['.'], packages_ignore=None, packages_ignore_regex=None, paths=None, packages_up_to=None, packages_up_to_regex=None, packages_above=None, packages_above_and_dependencies=None, packages_above_depth=None, packages_select_by_dep=None, packages_skip_by_dep=None, packages_skip_up_to=None, packages_select_build_failed=False, packages_skip_build_finished=False, packages_select_test_failures=False, packages_skip_test_passed=False, packages_select=None, packages_skip=None, packages_select_regex=None, packages_skip_regex=None, packages_start=None, packages_end=None, allow_overriding=[], cmake_args=None, cmake_target=None, cmake_target_skip_unavailable=False, cmake_clean_cache=False, cmake_clean_first=False, cmake_force_configure=False, ament_cmake_args=None, catkin_cmake_args=None, catkin_skip_building_tests=False, verb_parser=<colcon_defaults.argument_parser.defaults.DefaultArgumentsDecorator object at 0xffffbb77a1d0>, verb_extension=<colcon_core.verb.build.BuildVerb object at 0xffffbb779c60>, main=<bound method BuildVerb.main of <colcon_core.verb.build.BuildVerb object at 0xffffbb779c60>>)
[1.574s] Level 1:colcon.colcon_core.package_discovery:discover_packages(colcon_meta) check parameters
[1.575s] Level 1:colcon.colcon_core.package_discovery:discover_packages(recursive) check parameters
[1.575s] Level 1:colcon.colcon_core.package_discovery:discover_packages(ignore) check parameters
[1.575s] Level 1:colcon.colcon_core.package_discovery:discover_packages(path) check parameters
[1.575s] Level 1:colcon.colcon_core.package_discovery:discover_packages(colcon_meta) discover
[1.575s] Level 1:colcon.colcon_core.package_discovery:discover_packages(recursive) discover
[1.575s] INFO:colcon.colcon_core.package_discovery:Crawling recursively for packages in '/home/rpi-team11/ECE4191G11/ROS_Pi'
[1.576s] Level 1:colcon.colcon_core.package_identification:_identify(.) by extensions ['ignore', 'ignore_ament_install']
[1.576s] Level 1:colcon.colcon_core.package_identification:_identify(.) by extension 'ignore'
[1.577s] Level 1:colcon.colcon_core.package_identification:_identify(.) by extension 'ignore_ament_install'
[1.577s] Level 1:colcon.colcon_core.package_identification:_identify(.) by extensions ['colcon_pkg']
[1.577s] Level 1:colcon.colcon_core.package_identification:_identify(.) by extension 'colcon_pkg'
[1.577s] Level 1:colcon.colcon_core.package_identification:_identify(.) by extensions ['colcon_meta']
[1.577s] Level 1:colcon.colcon_core.package_identification:_identify(.) by extension 'colcon_meta'
[1.577s] Level 1:colcon.colcon_core.package_identification:_identify(.) by extensions ['ros']
[1.578s] Level 1:colcon.colcon_core.package_identification:_identify(.) by extension 'ros'
[1.622s] Level 1:colcon.colcon_core.package_identification:_identify(.) by extensions ['cmake', 'python']
[1.622s] Level 1:colcon.colcon_core.package_identification:_identify(.) by extension 'cmake'
[1.622s] Level 1:colcon.colcon_core.package_identification:_identify(.) by extension 'python'
[1.622s] Level 1:colcon.colcon_core.package_identification:_identify(.) by extensions ['python_setup_py']
[1.623s] Level 1:colcon.colcon_core.package_identification:_identify(.) by extension 'python_setup_py'
[1.623s] Level 1:colcon.colcon_core.package_identification:_identify(build) by extensions ['ignore', 'ignore_ament_install']
[1.624s] Level 1:colcon.colcon_core.package_identification:_identify(build) by extension 'ignore'
[1.624s] Level 1:colcon.colcon_core.package_identification:_identify(build) ignored
[1.624s] Level 1:colcon.colcon_core.package_identification:_identify(install) by extensions ['ignore', 'ignore_ament_install']
[1.625s] Level 1:colcon.colcon_core.package_identification:_identify(install) by extension 'ignore'
[1.625s] Level 1:colcon.colcon_core.package_identification:_identify(install) ignored
[1.626s] Level 1:colcon.colcon_core.package_identification:_identify(log) by extensions ['ignore', 'ignore_ament_install']
[1.626s] Level 1:colcon.colcon_core.package_identification:_identify(log) by extension 'ignore'
[1.626s] Level 1:colcon.colcon_core.package_identification:_identify(log) ignored
[1.627s] Level 1:colcon.colcon_core.package_identification:_identify(src) by extensions ['ignore', 'ignore_ament_install']
[1.627s] Level 1:colcon.colcon_core.package_identification:_identify(src) by extension 'ignore'
[1.627s] Level 1:colcon.colcon_core.package_identification:_identify(src) by extension 'ignore_ament_install'
[1.627s] Level 1:colcon.colcon_core.package_identification:_identify(src) by extensions ['colcon_pkg']
[1.628s] Level 1:colcon.colcon_core.package_identification:_identify(src) by extension 'colcon_pkg'
[1.628s] Level 1:colcon.colcon_core.package_identification:_identify(src) by extensions ['colcon_meta']
[1.628s] Level 1:colcon.colcon_core.package_identification:_identify(src) by extension 'colcon_meta'
[1.628s] Level 1:colcon.colcon_core.package_identification:_identify(src) by extensions ['ros']
[1.628s] Level 1:colcon.colcon_core.package_identification:_identify(src) by extension 'ros'
[1.629s] Level 1:colcon.colcon_core.package_identification:_identify(src) by extensions ['cmake', 'python']
[1.629s] Level 1:colcon.colcon_core.package_identification:_identify(src) by extension 'cmake'
[1.629s] Level 1:colcon.colcon_core.package_identification:_identify(src) by extension 'python'
[1.629s] Level 1:colcon.colcon_core.package_identification:_identify(src) by extensions ['python_setup_py']
[1.629s] Level 1:colcon.colcon_core.package_identification:_identify(src) by extension 'python_setup_py'
[1.630s] Level 1:colcon.colcon_core.package_identification:_identify(src/robot_controller) by extensions ['ignore', 'ignore_ament_install']
[1.630s] Level 1:colcon.colcon_core.package_identification:_identify(src/robot_controller) by extension 'ignore'
[1.630s] Level 1:colcon.colcon_core.package_identification:_identify(src/robot_controller) by extension 'ignore_ament_install'
[1.630s] Level 1:colcon.colcon_core.package_identification:_identify(src/robot_controller) by extensions ['colcon_pkg']
[1.631s] Level 1:colcon.colcon_core.package_identification:_identify(src/robot_controller) by extension 'colcon_pkg'
[1.631s] Level 1:colcon.colcon_core.package_identification:_identify(src/robot_controller) by extensions ['colcon_meta']
[1.631s] Level 1:colcon.colcon_core.package_identification:_identify(src/robot_controller) by extension 'colcon_meta'
[1.631s] Level 1:colcon.colcon_core.package_identification:_identify(src/robot_controller) by extensions ['ros']
[1.631s] Level 1:colcon.colcon_core.package_identification:_identify(src/robot_controller) by extension 'ros'
[1.643s] DEBUG:colcon.colcon_core.package_identification:Package 'src/robot_controller' with type 'ros.ament_python' and name 'robot_controller'
[1.644s] Level 1:colcon.colcon_core.package_identification:_identify(src/robot_interfaces) by extensions ['ignore', 'ignore_ament_install']
[1.644s] Level 1:colcon.colcon_core.package_identification:_identify(src/robot_interfaces) by extension 'ignore'
[1.645s] Level 1:colcon.colcon_core.package_identification:_identify(src/robot_interfaces) by extension 'ignore_ament_install'
[1.645s] Level 1:colcon.colcon_core.package_identification:_identify(src/robot_interfaces) by extensions ['colcon_pkg']
[1.645s] Level 1:colcon.colcon_core.package_identification:_identify(src/robot_interfaces) by extension 'colcon_pkg'
[1.645s] Level 1:colcon.colcon_core.package_identification:_identify(src/robot_interfaces) by extensions ['colcon_meta']
[1.645s] Level 1:colcon.colcon_core.package_identification:_identify(src/robot_interfaces) by extension 'colcon_meta'
[1.646s] Level 1:colcon.colcon_core.package_identification:_identify(src/robot_interfaces) by extensions ['ros']
[1.646s] Level 1:colcon.colcon_core.package_identification:_identify(src/robot_interfaces) by extension 'ros'
[1.648s] DEBUG:colcon.colcon_core.package_identification:Package 'src/robot_interfaces' with type 'ros.ament_cmake' and name 'robot_interfaces'
[1.648s] Level 1:colcon.colcon_core.package_identification:_identify(src/robot_launch) by extensions ['ignore', 'ignore_ament_install']
[1.649s] Level 1:colcon.colcon_core.package_identification:_identify(src/robot_launch) by extension 'ignore'
[1.649s] Level 1:colcon.colcon_core.package_identification:_identify(src/robot_launch) by extension 'ignore_ament_install'
[1.649s] Level 1:colcon.colcon_core.package_identification:_identify(src/robot_launch) by extensions ['colcon_pkg']
[1.649s] Level 1:colcon.colcon_core.package_identification:_identify(src/robot_launch) by extension 'colcon_pkg'
[1.650s] Level 1:colcon.colcon_core.package_identification:_identify(src/robot_launch) by extensions ['colcon_meta']
[1.650s] Level 1:colcon.colcon_core.package_identification:_identify(src/robot_launch) by extension 'colcon_meta'
[1.650s] Level 1:colcon.colcon_core.package_identification:_identify(src/robot_launch) by extensions ['ros']
[1.650s] Level 1:colcon.colcon_core.package_identification:_identify(src/robot_launch) by extension 'ros'
[1.652s] DEBUG:colcon.colcon_core.package_identification:Package 'src/robot_launch' with type 'ros.ament_cmake' and name 'robot_launch'
[1.652s] Level 1:colcon.colcon_core.package_discovery:discover_packages(recursive) using defaults
[1.653s] Level 1:colcon.colcon_core.package_discovery:discover_packages(ignore) discover
[1.653s] Level 1:colcon.colcon_core.package_discovery:discover_packages(ignore) using defaults
[1.653s] Level 1:colcon.colcon_core.package_discovery:discover_packages(path) discover
[1.653s] Level 1:colcon.colcon_core.package_discovery:discover_packages(path) using defaults
[1.748s] Level 1:colcon.colcon_core.package_discovery:discover_packages(prefix_path) check parameters
[1.748s] Level 1:colcon.colcon_core.package_discovery:discover_packages(prefix_path) discover
[1.761s] DEBUG:colcon.colcon_installed_package_information.package_discovery:Found 3 installed packages in /home/rpi-team11/ECE4191G11/ROS_Pi/install
[1.772s] DEBUG:colcon.colcon_installed_package_information.package_discovery:Found 270 installed packages in /opt/ros/humble
[1.778s] Level 1:colcon.colcon_core.package_discovery:discover_packages(prefix_path) using defaults
[2.040s] Level 5:colcon.colcon_core.verb:set package 'robot_interfaces' build argument 'cmake_args' from command line to 'None'
[2.040s] Level 5:colcon.colcon_core.verb:set package 'robot_interfaces' build argument 'cmake_target' from command line to 'None'
[2.040s] Level 5:colcon.colcon_core.verb:set package 'robot_interfaces' build argument 'cmake_target_skip_unavailable' from command line to 'False'
[2.040s] Level 5:colcon.colcon_core.verb:set package 'robot_interfaces' build argument 'cmake_clean_cache' from command line to 'False'
[2.040s] Level 5:colcon.colcon_core.verb:set package 'robot_interfaces' build argument 'cmake_clean_first' from command line to 'False'
[2.040s] Level 5:colcon.colcon_core.verb:set package 'robot_interfaces' build argument 'cmake_force_configure' from command line to 'False'
[2.041s] Level 5:colcon.colcon_core.verb:set package 'robot_interfaces' build argument 'ament_cmake_args' from command line to 'None'
[2.041s] Level 5:colcon.colcon_core.verb:set package 'robot_interfaces' build argument 'catkin_cmake_args' from command line to 'None'
[2.041s] Level 5:colcon.colcon_core.verb:set package 'robot_interfaces' build argument 'catkin_skip_building_tests' from command line to 'False'
[2.041s] DEBUG:colcon.colcon_core.verb:Building package 'robot_interfaces' with the following arguments: {'ament_cmake_args': None, 'build_base': '/home/rpi-team11/ECE4191G11/ROS_Pi/build/robot_interfaces', 'catkin_cmake_args': None, 'catkin_skip_building_tests': False, 'cmake_args': None, 'cmake_clean_cache': False, 'cmake_clean_first': False, 'cmake_force_configure': False, 'cmake_target': None, 'cmake_target_skip_unavailable': False, 'install_base': '/home/rpi-team11/ECE4191G11/ROS_Pi/install/robot_interfaces', 'merge_install': False, 'path': '/home/rpi-team11/ECE4191G11/ROS_Pi/src/robot_interfaces', 'symlink_install': False, 'test_result_base': None}
[2.045s] Level 5:colcon.colcon_core.verb:set package 'robot_controller' build argument 'cmake_args' from command line to 'None'
[2.045s] Level 5:colcon.colcon_core.verb:set package 'robot_controller' build argument 'cmake_target' from command line to 'None'
[2.046s] Level 5:colcon.colcon_core.verb:set package 'robot_controller' build argument 'cmake_target_skip_unavailable' from command line to 'False'
[2.046s] Level 5:colcon.colcon_core.verb:set package 'robot_controller' build argument 'cmake_clean_cache' from command line to 'False'
[2.046s] Level 5:colcon.colcon_core.verb:set package 'robot_controller' build argument 'cmake_clean_first' from command line to 'False'
[2.046s] Level 5:colcon.colcon_core.verb:set package 'robot_controller' build argument 'cmake_force_configure' from command line to 'False'
[2.046s] Level 5:colcon.colcon_core.verb:set package 'robot_controller' build argument 'ament_cmake_args' from command line to 'None'
[2.046s] Level 5:colcon.colcon_core.verb:set package 'robot_controller' build argument 'catkin_cmake_args' from command line to 'None'
[2.046s] Level 5:colcon.colcon_core.verb:set package 'robot_controller' build argument 'catkin_skip_building_tests' from command line to 'False'
[2.046s] DEBUG:colcon.colcon_core.verb:Building package 'robot_controller' with the following arguments: {'ament_cmake_args': None, 'build_base': '/home/rpi-team11/ECE4191G11/ROS_Pi/build/robot_controller', 'catkin_cmake_args': None, 'catkin_skip_building_tests': False, 'cmake_args': None, 'cmake_clean_cache': False, 'cmake_clean_first': False, 'cmake_force_configure': False, 'cmake_target': None, 'cmake_target_skip_unavailable': False, 'install_base': '/home/rpi-team11/ECE4191G11/ROS_Pi/install/robot_controller', 'merge_install': False, 'path': '/home/rpi-team11/ECE4191G11/ROS_Pi/src/robot_controller', 'symlink_install': False, 'test_result_base': None}
[2.050s] Level 5:colcon.colcon_core.verb:set package 'robot_launch' build argument 'cmake_args' from command line to 'None'
[2.051s] Level 5:colcon.colcon_core.verb:set package 'robot_launch' build argument 'cmake_target' from command line to 'None'
[2.051s] Level 5:colcon.colcon_core.verb:set package 'robot_launch' build argument 'cmake_target_skip_unavailable' from command line to 'False'
[2.051s] Level 5:colcon.colcon_core.verb:set package 'robot_launch' build argument 'cmake_clean_cache' from command line to 'False'
[2.051s] Level 5:colcon.colcon_core.verb:set package 'robot_launch' build argument 'cmake_clean_first' from command line to 'False'
[2.051s] Level 5:colcon.colcon_core.verb:set package 'robot_launch' build argument 'cmake_force_configure' from command line to 'False'
[2.051s] Level 5:colcon.colcon_core.verb:set package 'robot_launch' build argument 'ament_cmake_args' from command line to 'None'
[2.051s] Level 5:colcon.colcon_core.verb:set package 'robot_launch' build argument 'catkin_cmake_args' from command line to 'None'
[2.051s] Level 5:colcon.colcon_core.verb:set package 'robot_launch' build argument 'catkin_skip_building_tests' from command line to 'False'
[2.052s] DEBUG:colcon.colcon_core.verb:Building package 'robot_launch' with the following arguments: {'ament_cmake_args': None, 'build_base': '/home/rpi-team11/ECE4191G11/ROS_Pi/build/robot_launch', 'catkin_cmake_args': None, 'catkin_skip_building_tests': False, 'cmake_args': None, 'cmake_clean_cache': False, 'cmake_clean_first': False, 'cmake_force_configure': False, 'cmake_target': None, 'cmake_target_skip_unavailable': False, 'install_base': '/home/rpi-team11/ECE4191G11/ROS_Pi/install/robot_launch', 'merge_install': False, 'path': '/home/rpi-team11/ECE4191G11/ROS_Pi/src/robot_launch', 'symlink_install': False, 'test_result_base': None}
[2.054s] INFO:colcon.colcon_core.executor:Executing jobs using 'parallel' executor
[2.066s] DEBUG:colcon.colcon_parallel_executor.executor.parallel:run_until_complete
[2.068s] INFO:colcon.colcon_ros.task.ament_cmake.build:Building ROS package in '/home/rpi-team11/ECE4191G11/ROS_Pi/src/robot_interfaces' with build type 'ament_cmake'
[2.068s] INFO:colcon.colcon_cmake.task.cmake.build:Building CMake package in '/home/rpi-team11/ECE4191G11/ROS_Pi/src/robot_interfaces'
[2.086s] INFO:colcon.colcon_core.plugin_system:Skipping extension 'colcon_core.shell.bat': Not used on non-Windows systems
[2.087s] INFO:colcon.colcon_core.shell:Skip shell extension 'powershell' for command environment: Not usable outside of PowerShell
[2.087s] DEBUG:colcon.colcon_core.shell:Skip shell extension 'dsv' for command environment
[2.130s] DEBUG:colcon.colcon_core.event_handler.log_command:Invoking command in '/home/rpi-team11/ECE4191G11/ROS_Pi/build/robot_interfaces': CMAKE_PREFIX_PATH=${CMAKE_PREFIX_PATH}:/home/rpi-team11/ECE4191G11/ROS_Pi/install/robot_controller:/opt/ros/humble /usr/bin/cmake --build /home/rpi-team11/ECE4191G11/ROS_Pi/build/robot_interfaces -- -j4 -l4
[3.894s] DEBUG:colcon.colcon_core.event_handler.log_command:Invoked command in '/home/rpi-team11/ECE4191G11/ROS_Pi/build/robot_interfaces' returned '0': CMAKE_PREFIX_PATH=${CMAKE_PREFIX_PATH}:/home/rpi-team11/ECE4191G11/ROS_Pi/install/robot_controller:/opt/ros/humble /usr/bin/cmake --build /home/rpi-team11/ECE4191G11/ROS_Pi/build/robot_interfaces -- -j4 -l4
[4.836s] DEBUG:colcon.colcon_core.event_handler.log_command:Invoking command in '/home/rpi-team11/ECE4191G11/ROS_Pi/build/robot_interfaces': CMAKE_PREFIX_PATH=${CMAKE_PREFIX_PATH}:/home/rpi-team11/ECE4191G11/ROS_Pi/install/robot_controller:/opt/ros/humble /usr/bin/cmake --install /home/rpi-team11/ECE4191G11/ROS_Pi/build/robot_interfaces
[5.140s] Level 1:colcon.colcon_core.environment:create_environment_scripts_only(robot_interfaces)
[5.142s] DEBUG:colcon.colcon_core.event_handler.log_command:Invoked command in '/home/rpi-team11/ECE4191G11/ROS_Pi/build/robot_interfaces' returned '0': CMAKE_PREFIX_PATH=${CMAKE_PREFIX_PATH}:/home/rpi-team11/ECE4191G11/ROS_Pi/install/robot_controller:/opt/ros/humble /usr/bin/cmake --install /home/rpi-team11/ECE4191G11/ROS_Pi/build/robot_interfaces
[5.160s] Level 1:colcon.colcon_core.environment:checking '/home/rpi-team11/ECE4191G11/ROS_Pi/install/robot_interfaces' for CMake module files
[5.165s] Level 1:colcon.colcon_core.environment:checking '/home/rpi-team11/ECE4191G11/ROS_Pi/install/robot_interfaces' for CMake config files
[5.170s] Level 1:colcon.colcon_core.shell:create_environment_hook('robot_interfaces', 'cmake_prefix_path')
[5.175s] INFO:colcon.colcon_core.shell:Creating environment hook '/home/rpi-team11/ECE4191G11/ROS_Pi/install/robot_interfaces/share/robot_interfaces/hook/cmake_prefix_path.ps1'
[5.178s] INFO:colcon.colcon_core.shell:Creating environment descriptor '/home/rpi-team11/ECE4191G11/ROS_Pi/install/robot_interfaces/share/robot_interfaces/hook/cmake_prefix_path.dsv'
[5.180s] INFO:colcon.colcon_core.shell:Creating environment hook '/home/rpi-team11/ECE4191G11/ROS_Pi/install/robot_interfaces/share/robot_interfaces/hook/cmake_prefix_path.sh'
[5.184s] Level 1:colcon.colcon_core.environment:checking '/home/rpi-team11/ECE4191G11/ROS_Pi/install/robot_interfaces/lib'
[5.185s] Level 1:colcon.colcon_core.shell:create_environment_hook('robot_interfaces', 'ld_library_path_lib')
[5.190s] INFO:colcon.colcon_core.shell:Creating environment hook '/home/rpi-team11/ECE4191G11/ROS_Pi/install/robot_interfaces/share/robot_interfaces/hook/ld_library_path_lib.ps1'
[5.192s] INFO:colcon.colcon_core.shell:Creating environment descriptor '/home/rpi-team11/ECE4191G11/ROS_Pi/install/robot_interfaces/share/robot_interfaces/hook/ld_library_path_lib.dsv'
[5.193s] INFO:colcon.colcon_core.shell:Creating environment hook '/home/rpi-team11/ECE4191G11/ROS_Pi/install/robot_interfaces/share/robot_interfaces/hook/ld_library_path_lib.sh'
[5.195s] Level 1:colcon.colcon_core.environment:checking '/home/rpi-team11/ECE4191G11/ROS_Pi/install/robot_interfaces/bin'
[5.196s] Level 1:colcon.colcon_core.environment:checking '/home/rpi-team11/ECE4191G11/ROS_Pi/install/robot_interfaces/lib/pkgconfig/robot_interfaces.pc'
[5.197s] Level 1:colcon.colcon_core.environment:checking '/home/rpi-team11/ECE4191G11/ROS_Pi/install/robot_interfaces/lib/python3.10/site-packages'
[5.198s] Level 1:colcon.colcon_core.environment:checking '/home/rpi-team11/ECE4191G11/ROS_Pi/install/robot_interfaces/bin'
[5.203s] INFO:colcon.colcon_core.shell:Creating package script '/home/rpi-team11/ECE4191G11/ROS_Pi/install/robot_interfaces/share/robot_interfaces/package.ps1'
[5.207s] INFO:colcon.colcon_core.shell:Creating package descriptor '/home/rpi-team11/ECE4191G11/ROS_Pi/install/robot_interfaces/share/robot_interfaces/package.dsv'
[5.209s] INFO:colcon.colcon_core.shell:Creating package script '/home/rpi-team11/ECE4191G11/ROS_Pi/install/robot_interfaces/share/robot_interfaces/package.sh'
[5.213s] INFO:colcon.colcon_core.shell:Creating package script '/home/rpi-team11/ECE4191G11/ROS_Pi/install/robot_interfaces/share/robot_interfaces/package.bash'
[5.216s] INFO:colcon.colcon_core.shell:Creating package script '/home/rpi-team11/ECE4191G11/ROS_Pi/install/robot_interfaces/share/robot_interfaces/package.zsh'
[5.219s] Level 1:colcon.colcon_core.environment:create_file_with_runtime_dependencies(/home/rpi-team11/ECE4191G11/ROS_Pi/install/robot_interfaces/share/colcon-core/packages/robot_interfaces)
[6.137s] Level 1:colcon.colcon_core.environment:create_environment_scripts_only(robot_interfaces)
[6.146s] Level 1:colcon.colcon_core.environment:checking '/home/rpi-team11/ECE4191G11/ROS_Pi/install/robot_interfaces' for CMake module files
[6.151s] Level 1:colcon.colcon_core.environment:checking '/home/rpi-team11/ECE4191G11/ROS_Pi/install/robot_interfaces' for CMake config files
[6.156s] Level 1:colcon.colcon_core.shell:create_environment_hook('robot_interfaces', 'cmake_prefix_path')
[6.161s] INFO:colcon.colcon_core.shell:Creating environment hook '/home/rpi-team11/ECE4191G11/ROS_Pi/install/robot_interfaces/share/robot_interfaces/hook/cmake_prefix_path.ps1'
[6.163s] INFO:colcon.colcon_core.shell:Creating environment descriptor '/home/rpi-team11/ECE4191G11/ROS_Pi/install/robot_interfaces/share/robot_interfaces/hook/cmake_prefix_path.dsv'
[6.165s] INFO:colcon.colcon_core.shell:Creating environment hook '/home/rpi-team11/ECE4191G11/ROS_Pi/install/robot_interfaces/share/robot_interfaces/hook/cmake_prefix_path.sh'
[6.168s] Level 1:colcon.colcon_core.environment:checking '/home/rpi-team11/ECE4191G11/ROS_Pi/install/robot_interfaces/lib'
[6.168s] Level 1:colcon.colcon_core.shell:create_environment_hook('robot_interfaces', 'ld_library_path_lib')
[6.173s] INFO:colcon.colcon_core.shell:Creating environment hook '/home/rpi-team11/ECE4191G11/ROS_Pi/install/robot_interfaces/share/robot_interfaces/hook/ld_library_path_lib.ps1'
[6.175s] INFO:colcon.colcon_core.shell:Creating environment descriptor '/home/rpi-team11/ECE4191G11/ROS_Pi/install/robot_interfaces/share/robot_interfaces/hook/ld_library_path_lib.dsv'
[6.177s] INFO:colcon.colcon_core.shell:Creating environment hook '/home/rpi-team11/ECE4191G11/ROS_Pi/install/robot_interfaces/share/robot_interfaces/hook/ld_library_path_lib.sh'
[6.179s] Level 1:colcon.colcon_core.environment:checking '/home/rpi-team11/ECE4191G11/ROS_Pi/install/robot_interfaces/bin'
[6.179s] Level 1:colcon.colcon_core.environment:checking '/home/rpi-team11/ECE4191G11/ROS_Pi/install/robot_interfaces/lib/pkgconfig/robot_interfaces.pc'
[6.181s] Level 1:colcon.colcon_core.environment:checking '/home/rpi-team11/ECE4191G11/ROS_Pi/install/robot_interfaces/lib/python3.10/site-packages'
[6.181s] Level 1:colcon.colcon_core.environment:checking '/home/rpi-team11/ECE4191G11/ROS_Pi/install/robot_interfaces/bin'
[6.187s] INFO:colcon.colcon_core.shell:Creating package script '/home/rpi-team11/ECE4191G11/ROS_Pi/install/robot_interfaces/share/robot_interfaces/package.ps1'
[6.189s] INFO:colcon.colcon_core.shell:Creating package descriptor '/home/rpi-team11/ECE4191G11/ROS_Pi/install/robot_interfaces/share/robot_interfaces/package.dsv'
[6.192s] INFO:colcon.colcon_core.shell:Creating package script '/home/rpi-team11/ECE4191G11/ROS_Pi/install/robot_interfaces/share/robot_interfaces/package.sh'
[6.195s] INFO:colcon.colcon_core.shell:Creating package script '/home/rpi-team11/ECE4191G11/ROS_Pi/install/robot_interfaces/share/robot_interfaces/package.bash'
[6.197s] INFO:colcon.colcon_core.shell:Creating package script '/home/rpi-team11/ECE4191G11/ROS_Pi/install/robot_interfaces/share/robot_interfaces/package.zsh'
[6.199s] Level 1:colcon.colcon_core.environment:create_file_with_runtime_dependencies(/home/rpi-team11/ECE4191G11/ROS_Pi/install/robot_interfaces/share/colcon-core/packages/robot_interfaces)
[6.200s] INFO:colcon.colcon_ros.task.ament_python.build:Building ROS package in '/home/rpi-team11/ECE4191G11/ROS_Pi/src/robot_controller' with build type 'ament_python'
[6.201s] Level 1:colcon.colcon_core.shell:create_environment_hook('robot_controller', 'ament_prefix_path')
[6.208s] INFO:colcon.colcon_core.shell:Creating environment hook '/home/rpi-team11/ECE4191G11/ROS_Pi/install/robot_controller/share/robot_controller/hook/ament_prefix_path.ps1'
[6.211s] INFO:colcon.colcon_core.shell:Creating environment descriptor '/home/rpi-team11/ECE4191G11/ROS_Pi/install/robot_controller/share/robot_controller/hook/ament_prefix_path.dsv'
[6.213s] INFO:colcon.colcon_core.shell:Creating environment hook '/home/rpi-team11/ECE4191G11/ROS_Pi/install/robot_controller/share/robot_controller/hook/ament_prefix_path.sh'
[6.220s] INFO:colcon.colcon_core.shell:Skip shell extension 'powershell' for command environment: Not usable outside of PowerShell
[6.220s] DEBUG:colcon.colcon_core.shell:Skip shell extension 'dsv' for command environment
[7.497s] INFO:colcon.colcon_core.task.python.build:Building Python package in '/home/rpi-team11/ECE4191G11/ROS_Pi/src/robot_controller'
[7.502s] INFO:colcon.colcon_core.shell:Skip shell extension 'powershell' for command environment: Not usable outside of PowerShell
[7.502s] DEBUG:colcon.colcon_core.shell:Skip shell extension 'dsv' for command environment
[9.185s] DEBUG:colcon.colcon_core.event_handler.log_command:Invoking command in '/home/rpi-team11/ECE4191G11/ROS_Pi/src/robot_controller': CMAKE_PREFIX_PATH=/home/rpi-team11/ECE4191G11/ROS_Pi/install/robot_interfaces:/home/rpi-team11/ECE4191G11/ROS_Pi/install/robot_launch PYTHONPATH=/home/rpi-team11/ECE4191G11/ROS_Pi/build/robot_controller/prefix_override:/home/rpi-team11/ECE4191G11/ROS_Pi/install/robot_controller/lib/python3.10/site-packages:${PYTHONPATH} /usr/bin/python3 setup.py egg_info --egg-base ../../build/robot_controller build --build-base /home/rpi-team11/ECE4191G11/ROS_Pi/build/robot_controller/build install --record /home/rpi-team11/ECE4191G11/ROS_Pi/build/robot_controller/install.log --single-version-externally-managed
[10.564s] Level 1:colcon.colcon_core.environment:checking '/home/rpi-team11/ECE4191G11/ROS_Pi/install/robot_controller' for CMake module files
[10.566s] DEBUG:colcon.colcon_core.event_handler.log_command:Invoked command in '/home/rpi-team11/ECE4191G11/ROS_Pi/src/robot_controller' returned '0': CMAKE_PREFIX_PATH=/home/rpi-team11/ECE4191G11/ROS_Pi/install/robot_interfaces:/home/rpi-team11/ECE4191G11/ROS_Pi/install/robot_launch PYTHONPATH=/home/rpi-team11/ECE4191G11/ROS_Pi/build/robot_controller/prefix_override:/home/rpi-team11/ECE4191G11/ROS_Pi/install/robot_controller/lib/python3.10/site-packages:${PYTHONPATH} /usr/bin/python3 setup.py egg_info --egg-base ../../build/robot_controller build --build-base /home/rpi-team11/ECE4191G11/ROS_Pi/build/robot_controller/build install --record /home/rpi-team11/ECE4191G11/ROS_Pi/build/robot_controller/install.log --single-version-externally-managed
[10.569s] Level 1:colcon.colcon_core.environment:checking '/home/rpi-team11/ECE4191G11/ROS_Pi/install/robot_controller' for CMake config files
[10.573s] Level 1:colcon.colcon_core.environment:checking '/home/rpi-team11/ECE4191G11/ROS_Pi/install/robot_controller/lib'
[10.574s] Level 1:colcon.colcon_core.environment:checking '/home/rpi-team11/ECE4191G11/ROS_Pi/install/robot_controller/bin'
[10.574s] Level 1:colcon.colcon_core.environment:checking '/home/rpi-team11/ECE4191G11/ROS_Pi/install/robot_controller/lib/pkgconfig/robot_controller.pc'
[10.575s] Level 1:colcon.colcon_core.environment:checking '/home/rpi-team11/ECE4191G11/ROS_Pi/install/robot_controller/lib/python3.10/site-packages'
[10.576s] Level 1:colcon.colcon_core.shell:create_environment_hook('robot_controller', 'pythonpath')
[10.581s] INFO:colcon.colcon_core.shell:Creating environment hook '/home/rpi-team11/ECE4191G11/ROS_Pi/install/robot_controller/share/robot_controller/hook/pythonpath.ps1'
[10.583s] INFO:colcon.colcon_core.shell:Creating environment descriptor '/home/rpi-team11/ECE4191G11/ROS_Pi/install/robot_controller/share/robot_controller/hook/pythonpath.dsv'
[10.585s] INFO:colcon.colcon_core.shell:Creating environment hook '/home/rpi-team11/ECE4191G11/ROS_Pi/install/robot_controller/share/robot_controller/hook/pythonpath.sh'
[10.587s] Level 1:colcon.colcon_core.environment:checking '/home/rpi-team11/ECE4191G11/ROS_Pi/install/robot_controller/bin'
[10.588s] Level 1:colcon.colcon_core.environment:create_environment_scripts_only(robot_controller)
[10.593s] INFO:colcon.colcon_core.shell:Creating package script '/home/rpi-team11/ECE4191G11/ROS_Pi/install/robot_controller/share/robot_controller/package.ps1'
[10.595s] INFO:colcon.colcon_core.shell:Creating package descriptor '/home/rpi-team11/ECE4191G11/ROS_Pi/install/robot_controller/share/robot_controller/package.dsv'
[10.597s] INFO:colcon.colcon_core.shell:Creating package script '/home/rpi-team11/ECE4191G11/ROS_Pi/install/robot_controller/share/robot_controller/package.sh'
[10.600s] INFO:colcon.colcon_core.shell:Creating package script '/home/rpi-team11/ECE4191G11/ROS_Pi/install/robot_controller/share/robot_controller/package.bash'
[10.601s] INFO:colcon.colcon_core.shell:Creating package script '/home/rpi-team11/ECE4191G11/ROS_Pi/install/robot_controller/share/robot_controller/package.zsh'
[10.603s] Level 1:colcon.colcon_core.environment:create_file_with_runtime_dependencies(/home/rpi-team11/ECE4191G11/ROS_Pi/install/robot_controller/share/colcon-core/packages/robot_controller)
[10.605s] INFO:colcon.colcon_ros.task.ament_cmake.build:Building ROS package in '/home/rpi-team11/ECE4191G11/ROS_Pi/src/robot_launch' with build type 'ament_cmake'
[10.605s] INFO:colcon.colcon_cmake.task.cmake.build:Building CMake package in '/home/rpi-team11/ECE4191G11/ROS_Pi/src/robot_launch'
[10.610s] INFO:colcon.colcon_core.shell:Skip shell extension 'powershell' for command environment: Not usable outside of PowerShell
[10.611s] DEBUG:colcon.colcon_core.shell:Skip shell extension 'dsv' for command environment
[10.671s] DEBUG:colcon.colcon_core.event_handler.log_command:Invoking command in '/home/rpi-team11/ECE4191G11/ROS_Pi/build/robot_launch': AMENT_PREFIX_PATH=/home/rpi-team11/ECE4191G11/ROS_Pi/install/robot_controller:/home/rpi-team11/ECE4191G11/ROS_Pi/install/robot_launch:/home/rpi-team11/ECE4191G11/ROS_Pi/install/robot_interfaces:/opt/ros/humble CMAKE_PREFIX_PATH=/home/rpi-team11/ECE4191G11/ROS_Pi/install/robot_interfaces:/home/rpi-team11/ECE4191G11/ROS_Pi/install/robot_launch:/home/rpi-team11/ECE4191G11/ROS_Pi/install/robot_controller:/opt/ros/humble /usr/bin/cmake --build /home/rpi-team11/ECE4191G11/ROS_Pi/build/robot_launch -- -j4 -l4
[10.812s] DEBUG:colcon.colcon_core.event_handler.log_command:Invoked command in '/home/rpi-team11/ECE4191G11/ROS_Pi/build/robot_launch' returned '0': AMENT_PREFIX_PATH=/home/rpi-team11/ECE4191G11/ROS_Pi/install/robot_controller:/home/rpi-team11/ECE4191G11/ROS_Pi/install/robot_launch:/home/rpi-team11/ECE4191G11/ROS_Pi/install/robot_interfaces:/opt/ros/humble CMAKE_PREFIX_PATH=/home/rpi-team11/ECE4191G11/ROS_Pi/install/robot_interfaces:/home/rpi-team11/ECE4191G11/ROS_Pi/install/robot_launch:/home/rpi-team11/ECE4191G11/ROS_Pi/install/robot_controller:/opt/ros/humble /usr/bin/cmake --build /home/rpi-team11/ECE4191G11/ROS_Pi/build/robot_launch -- -j4 -l4
[10.935s] DEBUG:colcon.colcon_core.event_handler.log_command:Invoking command in '/home/rpi-team11/ECE4191G11/ROS_Pi/build/robot_launch': AMENT_PREFIX_PATH=/home/rpi-team11/ECE4191G11/ROS_Pi/install/robot_controller:/home/rpi-team11/ECE4191G11/ROS_Pi/install/robot_launch:/home/rpi-team11/ECE4191G11/ROS_Pi/install/robot_interfaces:/opt/ros/humble CMAKE_PREFIX_PATH=/home/rpi-team11/ECE4191G11/ROS_Pi/install/robot_interfaces:/home/rpi-team11/ECE4191G11/ROS_Pi/install/robot_launch:/home/rpi-team11/ECE4191G11/ROS_Pi/install/robot_controller:/opt/ros/humble /usr/bin/cmake --install /home/rpi-team11/ECE4191G11/ROS_Pi/build/robot_launch
[10.974s] Level 1:colcon.colcon_core.environment:create_environment_scripts_only(robot_launch)
[10.982s] Level 1:colcon.colcon_core.environment:checking '/home/rpi-team11/ECE4191G11/ROS_Pi/install/robot_launch' for CMake module files
[10.983s] DEBUG:colcon.colcon_core.event_handler.log_command:Invoked command in '/home/rpi-team11/ECE4191G11/ROS_Pi/build/robot_launch' returned '0': AMENT_PREFIX_PATH=/home/rpi-team11/ECE4191G11/ROS_Pi/install/robot_controller:/home/rpi-team11/ECE4191G11/ROS_Pi/install/robot_launch:/home/rpi-team11/ECE4191G11/ROS_Pi/install/robot_interfaces:/opt/ros/humble CMAKE_PREFIX_PATH=/home/rpi-team11/ECE4191G11/ROS_Pi/install/robot_interfaces:/home/rpi-team11/ECE4191G11/ROS_Pi/install/robot_launch:/home/rpi-team11/ECE4191G11/ROS_Pi/install/robot_controller:/opt/ros/humble /usr/bin/cmake --install /home/rpi-team11/ECE4191G11/ROS_Pi/build/robot_launch
[10.985s] Level 1:colcon.colcon_core.environment:checking '/home/rpi-team11/ECE4191G11/ROS_Pi/install/robot_launch' for CMake config files
[10.988s] Level 1:colcon.colcon_core.shell:create_environment_hook('robot_launch', 'cmake_prefix_path')
[10.993s] INFO:colcon.colcon_core.shell:Creating environment hook '/home/rpi-team11/ECE4191G11/ROS_Pi/install/robot_launch/share/robot_launch/hook/cmake_prefix_path.ps1'
[10.995s] INFO:colcon.colcon_core.shell:Creating environment descriptor '/home/rpi-team11/ECE4191G11/ROS_Pi/install/robot_launch/share/robot_launch/hook/cmake_prefix_path.dsv'
[10.997s] INFO:colcon.colcon_core.shell:Creating environment hook '/home/rpi-team11/ECE4191G11/ROS_Pi/install/robot_launch/share/robot_launch/hook/cmake_prefix_path.sh'
[10.999s] Level 1:colcon.colcon_core.environment:checking '/home/rpi-team11/ECE4191G11/ROS_Pi/install/robot_launch/bin'
[11.000s] Level 1:colcon.colcon_core.environment:checking '/home/rpi-team11/ECE4191G11/ROS_Pi/install/robot_launch/lib/pkgconfig/robot_launch.pc'
[11.000s] Level 1:colcon.colcon_core.environment:checking '/home/rpi-team11/ECE4191G11/ROS_Pi/install/robot_launch/lib/python3.10/site-packages'
[11.001s] Level 1:colcon.colcon_core.environment:checking '/home/rpi-team11/ECE4191G11/ROS_Pi/install/robot_launch/bin'
[11.006s] INFO:colcon.colcon_core.shell:Creating package script '/home/rpi-team11/ECE4191G11/ROS_Pi/install/robot_launch/share/robot_launch/package.ps1'
[11.009s] INFO:colcon.colcon_core.shell:Creating package descriptor '/home/rpi-team11/ECE4191G11/ROS_Pi/install/robot_launch/share/robot_launch/package.dsv'
[11.010s] INFO:colcon.colcon_core.shell:Creating package script '/home/rpi-team11/ECE4191G11/ROS_Pi/install/robot_launch/share/robot_launch/package.sh'
[11.013s] INFO:colcon.colcon_core.shell:Creating package script '/home/rpi-team11/ECE4191G11/ROS_Pi/install/robot_launch/share/robot_launch/package.bash'
[11.015s] INFO:colcon.colcon_core.shell:Creating package script '/home/rpi-team11/ECE4191G11/ROS_Pi/install/robot_launch/share/robot_launch/package.zsh'
[11.016s] Level 1:colcon.colcon_core.environment:create_file_with_runtime_dependencies(/home/rpi-team11/ECE4191G11/ROS_Pi/install/robot_launch/share/colcon-core/packages/robot_launch)
[11.134s] Level 1:colcon.colcon_core.environment:create_environment_scripts_only(robot_launch)
[11.144s] Level 1:colcon.colcon_core.environment:checking '/home/rpi-team11/ECE4191G11/ROS_Pi/install/robot_launch' for CMake module files
[11.148s] Level 1:colcon.colcon_core.environment:checking '/home/rpi-team11/ECE4191G11/ROS_Pi/install/robot_launch' for CMake config files
[11.150s] Level 1:colcon.colcon_core.shell:create_environment_hook('robot_launch', 'cmake_prefix_path')
[11.156s] INFO:colcon.colcon_core.shell:Creating environment hook '/home/rpi-team11/ECE4191G11/ROS_Pi/install/robot_launch/share/robot_launch/hook/cmake_prefix_path.ps1'
[11.158s] INFO:colcon.colcon_core.shell:Creating environment descriptor '/home/rpi-team11/ECE4191G11/ROS_Pi/install/robot_launch/share/robot_launch/hook/cmake_prefix_path.dsv'
[11.160s] INFO:colcon.colcon_core.shell:Creating environment hook '/home/rpi-team11/ECE4191G11/ROS_Pi/install/robot_launch/share/robot_launch/hook/cmake_prefix_path.sh'
[11.163s] Level 1:colcon.colcon_core.environment:checking '/home/rpi-team11/ECE4191G11/ROS_Pi/install/robot_launch/bin'
[11.163s] Level 1:colcon.colcon_core.environment:checking '/home/rpi-team11/ECE4191G11/ROS_Pi/install/robot_launch/lib/pkgconfig/robot_launch.pc'
[11.164s] Level 1:colcon.colcon_core.environment:checking '/home/rpi-team11/ECE4191G11/ROS_Pi/install/robot_launch/lib/python3.10/site-packages'
[11.165s] Level 1:colcon.colcon_core.environment:checking '/home/rpi-team11/ECE4191G11/ROS_Pi/install/robot_launch/bin'
[11.170s] INFO:colcon.colcon_core.shell:Creating package script '/home/rpi-team11/ECE4191G11/ROS_Pi/install/robot_launch/share/robot_launch/package.ps1'
[11.172s] INFO:colcon.colcon_core.shell:Creating package descriptor '/home/rpi-team11/ECE4191G11/ROS_Pi/install/robot_launch/share/robot_launch/package.dsv'
[11.174s] INFO:colcon.colcon_core.shell:Creating package script '/home/rpi-team11/ECE4191G11/ROS_Pi/install/robot_launch/share/robot_launch/package.sh'
[11.177s] INFO:colcon.colcon_core.shell:Creating package script '/home/rpi-team11/ECE4191G11/ROS_Pi/install/robot_launch/share/robot_launch/package.bash'
[11.178s] INFO:colcon.colcon_core.shell:Creating package script '/home/rpi-team11/ECE4191G11/ROS_Pi/install/robot_launch/share/robot_launch/package.zsh'
[11.180s] Level 1:colcon.colcon_core.environment:create_file_with_runtime_dependencies(/home/rpi-team11/ECE4191G11/ROS_Pi/install/robot_launch/share/colcon-core/packages/robot_launch)
[11.182s] DEBUG:colcon.colcon_parallel_executor.executor.parallel:closing loop
[11.183s] DEBUG:colcon.colcon_parallel_executor.executor.parallel:loop closed
[11.183s] DEBUG:colcon.colcon_parallel_executor.executor.parallel:run_until_complete finished with '0'
[11.183s] DEBUG:colcon.colcon_core.event_reactor:joining thread
[11.205s] INFO:colcon.colcon_core.plugin_system:Skipping extension 'colcon_notification.desktop_notification.notify_send': Could not find 'notify-send'
[11.206s] INFO:colcon.colcon_core.plugin_system:Skipping extension 'colcon_notification.desktop_notification.terminal_notifier': Not used on non-Darwin systems
[11.206s] INFO:colcon.colcon_core.plugin_system:Skipping extension 'colcon_notification.desktop_notification.win32': Not used on non-Windows systems
[11.206s] INFO:colcon.colcon_notification.desktop_notification:Sending desktop notification using 'notify2'
[11.209s] DEBUG:colcon.colcon_notification.desktop_notification.notify2:Failed to initialize notify2: org.freedesktop.DBus.Error.ServiceUnknown: The name org.freedesktop.Notifications was not provided by any .service files
[11.210s] DEBUG:colcon.colcon_core.event_reactor:joined thread
[11.215s] INFO:colcon.colcon_core.shell:Creating prefix script '/home/rpi-team11/ECE4191G11/ROS_Pi/install/local_setup.ps1'
[11.218s] INFO:colcon.colcon_core.shell:Creating prefix util module '/home/rpi-team11/ECE4191G11/ROS_Pi/install/_local_setup_util_ps1.py'
[11.225s] INFO:colcon.colcon_core.shell:Creating prefix chain script '/home/rpi-team11/ECE4191G11/ROS_Pi/install/setup.ps1'
[11.232s] INFO:colcon.colcon_core.shell:Creating prefix script '/home/rpi-team11/ECE4191G11/ROS_Pi/install/local_setup.sh'
[11.235s] INFO:colcon.colcon_core.shell:Creating prefix util module '/home/rpi-team11/ECE4191G11/ROS_Pi/install/_local_setup_util_sh.py'
[11.238s] INFO:colcon.colcon_core.shell:Creating prefix chain script '/home/rpi-team11/ECE4191G11/ROS_Pi/install/setup.sh'
[11.244s] INFO:colcon.colcon_core.shell:Creating prefix script '/home/rpi-team11/ECE4191G11/ROS_Pi/install/local_setup.bash'
[11.247s] INFO:colcon.colcon_core.shell:Creating prefix chain script '/home/rpi-team11/ECE4191G11/ROS_Pi/install/setup.bash'
[11.253s] INFO:colcon.colcon_core.shell:Creating prefix script '/home/rpi-team11/ECE4191G11/ROS_Pi/install/local_setup.zsh'
[11.256s] INFO:colcon.colcon_core.shell:Creating prefix chain script '/home/rpi-team11/ECE4191G11/ROS_Pi/install/setup.zsh'
