[3.567s] Invoking command in '/home/rpi-team11/ECE4191G11/ROS_Pi/src/robot_controller': CMAKE_PREFIX_PATH=/home/rpi-team11/ECE4191G11/ROS_Pi/install/robot_interfaces:/home/rpi-team11/ECE4191G11/ROS_Pi/install/robot_launch PYTHONPATH=/home/rpi-team11/ECE4191G11/ROS_Pi/build/robot_controller/prefix_override:/home/rpi-team11/ECE4191G11/ROS_Pi/install/robot_controller/lib/python3.10/site-packages:${PYTHONPATH} /usr/bin/python3 setup.py egg_info --egg-base ../../build/robot_controller build --build-base /home/rpi-team11/ECE4191G11/ROS_Pi/build/robot_controller/build install --record /home/rpi-team11/ECE4191G11/ROS_Pi/build/robot_controller/install.log --single-version-externally-managed
[5.141s] running egg_info
[5.144s] writing ../../build/robot_controller/robot_controller.egg-info/PKG-INFO
[5.148s] writing dependency_links to ../../build/robot_controller/robot_controller.egg-info/dependency_links.txt
[5.150s] writing entry points to ../../build/robot_controller/robot_controller.egg-info/entry_points.txt
[5.153s] writing requirements to ../../build/robot_controller/robot_controller.egg-info/requires.txt
[5.153s] writing top-level names to ../../build/robot_controller/robot_controller.egg-info/top_level.txt
[5.167s] reading manifest file '../../build/robot_controller/robot_controller.egg-info/SOURCES.txt'
[5.181s] writing manifest file '../../build/robot_controller/robot_controller.egg-info/SOURCES.txt'
[5.182s] running build
[5.183s] running build_py
[5.183s] copying robot_controller/encoder.py -> /home/rpi-team11/ECE4191G11/ROS_Pi/build/robot_controller/build/lib/robot_controller
[5.184s] running install
[5.185s] running install_lib
[5.186s] copying /home/rpi-team11/ECE4191G11/ROS_Pi/build/robot_controller/build/lib/robot_controller/encoder.py -> /home/rpi-team11/ECE4191G11/ROS_Pi/install/robot_controller/lib/python3.10/site-packages/robot_controller
[5.189s] byte-compiling /home/rpi-team11/ECE4191G11/ROS_Pi/install/robot_controller/lib/python3.10/site-packages/robot_controller/encoder.py to encoder.cpython-310.pyc
[5.194s] running install_data
[5.197s] running install_egg_info
[5.208s] removing '/home/rpi-team11/ECE4191G11/ROS_Pi/install/robot_controller/lib/python3.10/site-packages/robot_controller-0.0.0-py3.10.egg-info' (and everything under it)
[5.210s] Copying ../../build/robot_controller/robot_controller.egg-info to /home/rpi-team11/ECE4191G11/ROS_Pi/install/robot_controller/lib/python3.10/site-packages/robot_controller-0.0.0-py3.10.egg-info
[5.221s] running install_scripts
[5.330s] Installing drive_node script to /home/rpi-team11/ECE4191G11/ROS_Pi/install/robot_controller/lib/robot_controller
[5.331s] Installing encoder_node script to /home/rpi-team11/ECE4191G11/ROS_Pi/install/robot_controller/lib/robot_controller
[5.334s] Installing manual_waypoint_node script to /home/rpi-team11/ECE4191G11/ROS_Pi/install/robot_controller/lib/robot_controller
[5.336s] Installing path_planner_node script to /home/rpi-team11/ECE4191G11/ROS_Pi/install/robot_controller/lib/robot_controller
[5.338s] Installing ultrasonic_node script to /home/rpi-team11/ECE4191G11/ROS_Pi/install/robot_controller/lib/robot_controller
[5.340s] writing list of installed files to '/home/rpi-team11/ECE4191G11/ROS_Pi/build/robot_controller/install.log'
[5.501s] Invoked command in '/home/rpi-team11/ECE4191G11/ROS_Pi/src/robot_controller' returned '0': CMAKE_PREFIX_PATH=/home/rpi-team11/ECE4191G11/ROS_Pi/install/robot_interfaces:/home/rpi-team11/ECE4191G11/ROS_Pi/install/robot_launch PYTHONPATH=/home/rpi-team11/ECE4191G11/ROS_Pi/build/robot_controller/prefix_override:/home/rpi-team11/ECE4191G11/ROS_Pi/install/robot_controller/lib/python3.10/site-packages:${PYTHONPATH} /usr/bin/python3 setup.py egg_info --egg-base ../../build/robot_controller build --build-base /home/rpi-team11/ECE4191G11/ROS_Pi/build/robot_controller/build install --record /home/rpi-team11/ECE4191G11/ROS_Pi/build/robot_controller/install.log --single-version-externally-managed
