[3.265s] Invoking command in '/home/rpi-team11/ECE4191G11/ROS/src/robot_controller': PYTHONPATH=/home/rpi-team11/ECE4191G11/ROS/build/robot_controller/prefix_override:/home/rpi-team11/ECE4191G11/ROS/install/robot_controller/lib/python3.10/site-packages:${PYTHONPATH} /usr/bin/python3 setup.py egg_info --egg-base ../../build/robot_controller build --build-base /home/rpi-team11/ECE4191G11/ROS/build/robot_controller/build install --record /home/rpi-team11/ECE4191G11/ROS/build/robot_controller/install.log --single-version-externally-managed
[4.405s] running egg_info
[4.407s] writing ../../build/robot_controller/robot_controller.egg-info/PKG-INFO
[4.408s] writing dependency_links to ../../build/robot_controller/robot_controller.egg-info/dependency_links.txt
[4.409s] writing entry points to ../../build/robot_controller/robot_controller.egg-info/entry_points.txt
[4.410s] writing requirements to ../../build/robot_controller/robot_controller.egg-info/requires.txt
[4.411s] writing top-level names to ../../build/robot_controller/robot_controller.egg-info/top_level.txt
[4.420s] reading manifest file '../../build/robot_controller/robot_controller.egg-info/SOURCES.txt'
[4.425s] writing manifest file '../../build/robot_controller/robot_controller.egg-info/SOURCES.txt'
[4.426s] running build
[4.426s] running build_py
[4.427s] copying robot_controller/ultrasonic.py -> /home/rpi-team11/ECE4191G11/ROS/build/robot_controller/build/lib/robot_controller
[4.428s] running install
[4.429s] running install_lib
[4.433s] copying /home/rpi-team11/ECE4191G11/ROS/build/robot_controller/build/lib/robot_controller/ultrasonic.py -> /home/rpi-team11/ECE4191G11/ROS/install/robot_controller/lib/python3.10/site-packages/robot_controller
[4.436s] byte-compiling /home/rpi-team11/ECE4191G11/ROS/install/robot_controller/lib/python3.10/site-packages/robot_controller/ultrasonic.py to ultrasonic.cpython-310.pyc
[4.440s] running install_data
[4.442s] running install_egg_info
[4.449s] removing '/home/rpi-team11/ECE4191G11/ROS/install/robot_controller/lib/python3.10/site-packages/robot_controller-0.0.0-py3.10.egg-info' (and everything under it)
[4.450s] Copying ../../build/robot_controller/robot_controller.egg-info to /home/rpi-team11/ECE4191G11/ROS/install/robot_controller/lib/python3.10/site-packages/robot_controller-0.0.0-py3.10.egg-info
[4.456s] running install_scripts
[4.532s] Installing drive_node script to /home/rpi-team11/ECE4191G11/ROS/install/robot_controller/lib/robot_controller
[4.532s] Installing path_planner_node script to /home/rpi-team11/ECE4191G11/ROS/install/robot_controller/lib/robot_controller
[4.533s] Installing ultrasonic_node script to /home/rpi-team11/ECE4191G11/ROS/install/robot_controller/lib/robot_controller
[4.535s] writing list of installed files to '/home/rpi-team11/ECE4191G11/ROS/build/robot_controller/install.log'
[4.668s] Invoked command in '/home/rpi-team11/ECE4191G11/ROS/src/robot_controller' returned '0': PYTHONPATH=/home/rpi-team11/ECE4191G11/ROS/build/robot_controller/prefix_override:/home/rpi-team11/ECE4191G11/ROS/install/robot_controller/lib/python3.10/site-packages:${PYTHONPATH} /usr/bin/python3 setup.py egg_info --egg-base ../../build/robot_controller build --build-base /home/rpi-team11/ECE4191G11/ROS/build/robot_controller/build install --record /home/rpi-team11/ECE4191G11/ROS/build/robot_controller/install.log --single-version-externally-managed
