[0.635s] Invoking command in '/home/lingc/ECE4191G11/ROS_PC/src/robot_controller': CMAKE_PREFIX_PATH=/home/lingc/ECE4191G11/ROS_PC/install/robot_interfaces:/home/lingc/ECE4191G11/ROS_PC/install/robot_launch PYTHONPATH=/home/lingc/ECE4191G11/ROS_PC/build/robot_controller/prefix_override:/home/lingc/ECE4191G11/ROS_PC/install/robot_controller/lib/python3.10/site-packages:${PYTHONPATH} /usr/bin/python3 setup.py egg_info --egg-base ../../build/robot_controller build --build-base /home/lingc/ECE4191G11/ROS_PC/build/robot_controller/build install --record /home/lingc/ECE4191G11/ROS_PC/build/robot_controller/install.log --single-version-externally-managed
[0.880s] running egg_info
[0.880s] creating ../../build/robot_controller/robot_controller.egg-info
[0.880s] writing ../../build/robot_controller/robot_controller.egg-info/PKG-INFO
[0.881s] writing dependency_links to ../../build/robot_controller/robot_controller.egg-info/dependency_links.txt
[0.881s] writing entry points to ../../build/robot_controller/robot_controller.egg-info/entry_points.txt
[0.881s] writing requirements to ../../build/robot_controller/robot_controller.egg-info/requires.txt
[0.881s] writing top-level names to ../../build/robot_controller/robot_controller.egg-info/top_level.txt
[0.881s] writing manifest file '../../build/robot_controller/robot_controller.egg-info/SOURCES.txt'
[0.884s] reading manifest file '../../build/robot_controller/robot_controller.egg-info/SOURCES.txt'
[0.884s] writing manifest file '../../build/robot_controller/robot_controller.egg-info/SOURCES.txt'
[0.884s] running build
[0.885s] running build_py
[0.885s] creating /home/lingc/ECE4191G11/ROS_PC/build/robot_controller/build
[0.885s] creating /home/lingc/ECE4191G11/ROS_PC/build/robot_controller/build/lib
[0.885s] creating /home/lingc/ECE4191G11/ROS_PC/build/robot_controller/build/lib/robot_controller
[0.885s] copying robot_controller/__init__.py -> /home/lingc/ECE4191G11/ROS_PC/build/robot_controller/build/lib/robot_controller
[0.885s] copying robot_controller/manual_waypoint.py -> /home/lingc/ECE4191G11/ROS_PC/build/robot_controller/build/lib/robot_controller
[0.885s] copying robot_controller/client.py -> /home/lingc/ECE4191G11/ROS_PC/build/robot_controller/build/lib/robot_controller
[0.885s] copying robot_controller/graphics.py -> /home/lingc/ECE4191G11/ROS_PC/build/robot_controller/build/lib/robot_controller
[0.885s] copying robot_controller/server.py -> /home/lingc/ECE4191G11/ROS_PC/build/robot_controller/build/lib/robot_controller
[0.886s] copying robot_controller/path_planner.py -> /home/lingc/ECE4191G11/ROS_PC/build/robot_controller/build/lib/robot_controller
[0.886s] running install
[0.886s] running install_lib
[0.886s] creating /home/lingc/ECE4191G11/ROS_PC/install/robot_controller/lib/python3.10/site-packages/robot_controller
[0.886s] copying /home/lingc/ECE4191G11/ROS_PC/build/robot_controller/build/lib/robot_controller/__init__.py -> /home/lingc/ECE4191G11/ROS_PC/install/robot_controller/lib/python3.10/site-packages/robot_controller
[0.887s] copying /home/lingc/ECE4191G11/ROS_PC/build/robot_controller/build/lib/robot_controller/manual_waypoint.py -> /home/lingc/ECE4191G11/ROS_PC/install/robot_controller/lib/python3.10/site-packages/robot_controller
[0.887s] copying /home/lingc/ECE4191G11/ROS_PC/build/robot_controller/build/lib/robot_controller/client.py -> /home/lingc/ECE4191G11/ROS_PC/install/robot_controller/lib/python3.10/site-packages/robot_controller
[0.887s] copying /home/lingc/ECE4191G11/ROS_PC/build/robot_controller/build/lib/robot_controller/graphics.py -> /home/lingc/ECE4191G11/ROS_PC/install/robot_controller/lib/python3.10/site-packages/robot_controller
[0.887s] copying /home/lingc/ECE4191G11/ROS_PC/build/robot_controller/build/lib/robot_controller/server.py -> /home/lingc/ECE4191G11/ROS_PC/install/robot_controller/lib/python3.10/site-packages/robot_controller
[0.887s] copying /home/lingc/ECE4191G11/ROS_PC/build/robot_controller/build/lib/robot_controller/path_planner.py -> /home/lingc/ECE4191G11/ROS_PC/install/robot_controller/lib/python3.10/site-packages/robot_controller
[0.887s] byte-compiling /home/lingc/ECE4191G11/ROS_PC/install/robot_controller/lib/python3.10/site-packages/robot_controller/__init__.py to __init__.cpython-310.pyc
[0.888s] byte-compiling /home/lingc/ECE4191G11/ROS_PC/install/robot_controller/lib/python3.10/site-packages/robot_controller/manual_waypoint.py to manual_waypoint.cpython-310.pyc
[0.888s] byte-compiling /home/lingc/ECE4191G11/ROS_PC/install/robot_controller/lib/python3.10/site-packages/robot_controller/client.py to client.cpython-310.pyc
[0.888s] byte-compiling /home/lingc/ECE4191G11/ROS_PC/install/robot_controller/lib/python3.10/site-packages/robot_controller/graphics.py to graphics.cpython-310.pyc
[0.889s] byte-compiling /home/lingc/ECE4191G11/ROS_PC/install/robot_controller/lib/python3.10/site-packages/robot_controller/server.py to server.cpython-310.pyc
[0.890s] byte-compiling /home/lingc/ECE4191G11/ROS_PC/install/robot_controller/lib/python3.10/site-packages/robot_controller/path_planner.py to path_planner.cpython-310.pyc
[0.892s] running install_data
[0.893s] creating /home/lingc/ECE4191G11/ROS_PC/install/robot_controller/share/ament_index
[0.893s] creating /home/lingc/ECE4191G11/ROS_PC/install/robot_controller/share/ament_index/resource_index
[0.893s] creating /home/lingc/ECE4191G11/ROS_PC/install/robot_controller/share/ament_index/resource_index/packages
[0.893s] copying resource/robot_controller -> /home/lingc/ECE4191G11/ROS_PC/install/robot_controller/share/ament_index/resource_index/packages
[0.893s] copying package.xml -> /home/lingc/ECE4191G11/ROS_PC/install/robot_controller/share/robot_controller
[0.894s] running install_egg_info
[0.895s] Copying ../../build/robot_controller/robot_controller.egg-info to /home/lingc/ECE4191G11/ROS_PC/install/robot_controller/lib/python3.10/site-packages/robot_controller-0.0.0-py3.10.egg-info
[0.896s] running install_scripts
[0.915s] Installing manual_waypoint_node script to /home/lingc/ECE4191G11/ROS_PC/install/robot_controller/lib/robot_controller
[0.915s] Installing path_planner_node script to /home/lingc/ECE4191G11/ROS_PC/install/robot_controller/lib/robot_controller
[0.915s] Installing server_node script to /home/lingc/ECE4191G11/ROS_PC/install/robot_controller/lib/robot_controller
[0.916s] writing list of installed files to '/home/lingc/ECE4191G11/ROS_PC/build/robot_controller/install.log'
[0.942s] Invoked command in '/home/lingc/ECE4191G11/ROS_PC/src/robot_controller' returned '0': CMAKE_PREFIX_PATH=/home/lingc/ECE4191G11/ROS_PC/install/robot_interfaces:/home/lingc/ECE4191G11/ROS_PC/install/robot_launch PYTHONPATH=/home/lingc/ECE4191G11/ROS_PC/build/robot_controller/prefix_override:/home/lingc/ECE4191G11/ROS_PC/install/robot_controller/lib/python3.10/site-packages:${PYTHONPATH} /usr/bin/python3 setup.py egg_info --egg-base ../../build/robot_controller build --build-base /home/lingc/ECE4191G11/ROS_PC/build/robot_controller/build install --record /home/lingc/ECE4191G11/ROS_PC/build/robot_controller/install.log --single-version-externally-managed
