[0.038s] Invoking command in '/home/lingc/ECE4191G11/ROS_PC/build/robot_interfaces': CMAKE_PREFIX_PATH=${CMAKE_PREFIX_PATH}:/home/lingc/ECE4191G11/ROS_PC/install/robot_controller:/opt/ros/humble /usr/bin/cmake /home/lingc/ECE4191G11/ROS_PC/src/robot_interfaces -DCMAKE_INSTALL_PREFIX=/home/lingc/ECE4191G11/ROS_PC/install/robot_interfaces
[0.213s] -- The C compiler identification is GNU 11.4.0
[0.292s] -- The CXX compiler identification is GNU 11.4.0
[0.299s] -- Detecting C compiler ABI info
[0.378s] -- Detecting C compiler ABI info - done
[0.384s] -- Check for working C compiler: /usr/bin/cc - skipped
[0.385s] -- Detecting C compile features
[0.385s] -- Detecting C compile features - done
[0.389s] -- Detecting CXX compiler ABI info
[0.460s] -- Detecting CXX compiler ABI info - done
[0.467s] -- Check for working CXX compiler: /usr/bin/c++ - skipped
[0.467s] -- Detecting CXX compile features
[0.468s] -- Detecting CXX compile features - done
[0.760s] -- Found ament_cmake: 1.3.5 (/opt/ros/humble/share/ament_cmake/cmake)
[0.975s] -- Found Python3: /usr/bin/python3.10 (found version "3.10.12") found components: Interpreter 
[1.233s] -- Found rosidl_default_generators: 1.2.0 (/opt/ros/humble/share/rosidl_default_generators/cmake)
[1.236s] -- Using all available rosidl_typesupport_c: rosidl_typesupport_fastrtps_c;rosidl_typesupport_introspection_c
[1.242s] -- Found rosidl_adapter: 3.1.5 (/opt/ros/humble/share/rosidl_adapter/cmake)
[1.447s] -- Using all available rosidl_typesupport_cpp: rosidl_typesupport_fastrtps_cpp;rosidl_typesupport_introspection_cpp
[2.122s] -- Found ament_cmake_ros: 0.10.0 (/opt/ros/humble/share/ament_cmake_ros/cmake)
[2.781s] -- Using all available rosidl_typesupport_c: rosidl_typesupport_fastrtps_c;rosidl_typesupport_introspection_c
[3.230s] -- Using all available rosidl_typesupport_cpp: rosidl_typesupport_fastrtps_cpp;rosidl_typesupport_introspection_cpp
[3.273s] -- Found PythonInterp: /usr/bin/python3 (found suitable version "3.10.12", minimum required is "3.6") 
[3.283s] -- Found python_cmake_module: 0.10.0 (/opt/ros/humble/share/python_cmake_module/cmake)
[3.437s] -- Found PythonLibs: /usr/lib/x86_64-linux-gnu/libpython3.10.so (found suitable version "3.10.12", minimum required is "3.5") 
[3.437s] -- Using PYTHON_EXECUTABLE: /usr/bin/python3
[3.438s] -- Using PYTHON_INCLUDE_DIRS: /usr/include/python3.10
[3.438s] -- Using PYTHON_LIBRARIES: /usr/lib/x86_64-linux-gnu/libpython3.10.so
[3.496s] -- Found PythonExtra: .so  
[3.573s] -- Configuring done
[3.633s] -- Generating done
[3.636s] -- Build files have been written to: /home/lingc/ECE4191G11/ROS_PC/build/robot_interfaces
[3.648s] Invoked command in '/home/lingc/ECE4191G11/ROS_PC/build/robot_interfaces' returned '0': CMAKE_PREFIX_PATH=${CMAKE_PREFIX_PATH}:/home/lingc/ECE4191G11/ROS_PC/install/robot_controller:/opt/ros/humble /usr/bin/cmake /home/lingc/ECE4191G11/ROS_PC/src/robot_interfaces -DCMAKE_INSTALL_PREFIX=/home/lingc/ECE4191G11/ROS_PC/install/robot_interfaces
[3.652s] Invoking command in '/home/lingc/ECE4191G11/ROS_PC/build/robot_interfaces': CMAKE_PREFIX_PATH=${CMAKE_PREFIX_PATH}:/home/lingc/ECE4191G11/ROS_PC/install/robot_controller:/opt/ros/humble /usr/bin/cmake --build /home/lingc/ECE4191G11/ROS_PC/build/robot_interfaces -- -j12 -l12
[3.714s] [  1%] [34m[1mGenerating C code for ROS interfaces[0m
[3.739s] [  2%] [34m[1mGenerating C++ code for ROS interfaces[0m
[3.755s] [  2%] Built target ament_cmake_python_copy_robot_interfaces
[4.256s] running egg_info
[4.257s] creating robot_interfaces.egg-info
[4.258s] writing robot_interfaces.egg-info/PKG-INFO
[4.258s] writing dependency_links to robot_interfaces.egg-info/dependency_links.txt
[4.259s] writing top-level names to robot_interfaces.egg-info/top_level.txt
[4.260s] writing manifest file 'robot_interfaces.egg-info/SOURCES.txt'
[4.264s] reading manifest file 'robot_interfaces.egg-info/SOURCES.txt'
[4.266s] writing manifest file 'robot_interfaces.egg-info/SOURCES.txt'
[4.315s] [  2%] Built target ament_cmake_python_build_robot_interfaces_egg
[4.742s] [  5%] [32mBuilding C object CMakeFiles/robot_interfaces__rosidl_generator_c.dir/rosidl_generator_c/robot_interfaces/msg/detail/des_state__functions.c.o[0m
[4.742s] [  5%] [32mBuilding C object CMakeFiles/robot_interfaces__rosidl_generator_c.dir/rosidl_generator_c/robot_interfaces/msg/detail/pose__functions.c.o[0m
[4.752s] [  7%] [32mBuilding C object CMakeFiles/robot_interfaces__rosidl_generator_c.dir/rosidl_generator_c/robot_interfaces/msg/detail/distances__functions.c.o[0m
[4.755s] [  8%] [32mBuilding C object CMakeFiles/robot_interfaces__rosidl_generator_c.dir/rosidl_generator_c/robot_interfaces/msg/detail/encoder_info__functions.c.o[0m
[4.756s] [  9%] [32mBuilding C object CMakeFiles/robot_interfaces__rosidl_generator_c.dir/rosidl_generator_c/robot_interfaces/msg/detail/obstacles__functions.c.o[0m
[4.759s] [ 11%] [32mBuilding C object CMakeFiles/robot_interfaces__rosidl_generator_c.dir/rosidl_generator_c/robot_interfaces/msg/detail/qr_data__functions.c.o[0m
[4.775s] [ 11%] Built target robot_interfaces__cpp
[4.794s] [ 14%] [34m[1mGenerating C++ introspection for ROS interfaces[0m
[4.794s] [ 14%] [34m[1mGenerating C++ type support dispatch for ROS interfaces[0m
[4.795s] [ 15%] [34m[1mGenerating C++ type support for eProsima Fast-RTPS[0m
[4.915s] [ 16%] [32m[1mLinking C shared library librobot_interfaces__rosidl_generator_c.so[0m
[5.003s] [ 16%] Built target robot_interfaces__rosidl_generator_c
[5.034s] [ 18%] [34m[1mGenerating C type support for eProsima Fast-RTPS[0m
[5.035s] [ 19%] [34m[1mGenerating C type support dispatch for ROS interfaces[0m
[5.040s] [ 21%] [34m[1mGenerating C introspection for ROS interfaces[0m
[5.587s] [ 23%] [32mBuilding CXX object CMakeFiles/robot_interfaces__rosidl_typesupport_cpp.dir/rosidl_typesupport_cpp/robot_interfaces/msg/des_state__type_support.cpp.o[0m
[5.587s] [ 23%] [32mBuilding CXX object CMakeFiles/robot_interfaces__rosidl_typesupport_cpp.dir/rosidl_typesupport_cpp/robot_interfaces/msg/pose__type_support.cpp.o[0m
[5.595s] [ 25%] [32mBuilding CXX object CMakeFiles/robot_interfaces__rosidl_typesupport_cpp.dir/rosidl_typesupport_cpp/robot_interfaces/msg/obstacles__type_support.cpp.o[0m
[5.603s] [ 26%] [32mBuilding CXX object CMakeFiles/robot_interfaces__rosidl_typesupport_cpp.dir/rosidl_typesupport_cpp/robot_interfaces/msg/distances__type_support.cpp.o[0m
[5.618s] [ 28%] [32mBuilding CXX object CMakeFiles/robot_interfaces__rosidl_typesupport_cpp.dir/rosidl_typesupport_cpp/robot_interfaces/msg/encoder_info__type_support.cpp.o[0m
[5.620s] [ 29%] [32mBuilding CXX object CMakeFiles/robot_interfaces__rosidl_typesupport_cpp.dir/rosidl_typesupport_cpp/robot_interfaces/msg/qr_data__type_support.cpp.o[0m
[5.965s] [ 30%] [32mBuilding CXX object CMakeFiles/robot_interfaces__rosidl_typesupport_c.dir/rosidl_typesupport_c/robot_interfaces/msg/des_state__type_support.cpp.o[0m
[6.001s] [ 32%] [32mBuilding CXX object CMakeFiles/robot_interfaces__rosidl_typesupport_c.dir/rosidl_typesupport_c/robot_interfaces/msg/pose__type_support.cpp.o[0m
[6.046s] [ 33%] [32mBuilding CXX object CMakeFiles/robot_interfaces__rosidl_typesupport_introspection_cpp.dir/rosidl_typesupport_introspection_cpp/robot_interfaces/msg/detail/des_state__type_support.cpp.o[0m
[6.118s] [ 35%] [32mBuilding CXX object CMakeFiles/robot_interfaces__rosidl_typesupport_c.dir/rosidl_typesupport_c/robot_interfaces/msg/distances__type_support.cpp.o[0m
[6.155s] [ 36%] [32mBuilding CXX object CMakeFiles/robot_interfaces__rosidl_typesupport_c.dir/rosidl_typesupport_c/robot_interfaces/msg/encoder_info__type_support.cpp.o[0m
[6.209s] [ 38%] [32mBuilding CXX object CMakeFiles/robot_interfaces__rosidl_typesupport_fastrtps_cpp.dir/rosidl_typesupport_fastrtps_cpp/robot_interfaces/msg/detail/dds_fastrtps/des_state__type_support.cpp.o[0m
[6.334s] [ 39%] [32mBuilding CXX object CMakeFiles/robot_interfaces__rosidl_typesupport_c.dir/rosidl_typesupport_c/robot_interfaces/msg/obstacles__type_support.cpp.o[0m
[6.443s] [ 40%] [32mBuilding CXX object CMakeFiles/robot_interfaces__rosidl_typesupport_fastrtps_cpp.dir/rosidl_typesupport_fastrtps_cpp/robot_interfaces/msg/detail/dds_fastrtps/pose__type_support.cpp.o[0m
[6.456s] [ 42%] [32mBuilding CXX object CMakeFiles/robot_interfaces__rosidl_typesupport_c.dir/rosidl_typesupport_c/robot_interfaces/msg/qr_data__type_support.cpp.o[0m
[6.468s] [ 43%] [32mBuilding CXX object CMakeFiles/robot_interfaces__rosidl_typesupport_introspection_cpp.dir/rosidl_typesupport_introspection_cpp/robot_interfaces/msg/detail/pose__type_support.cpp.o[0m
[6.469s] [ 45%] [32mBuilding CXX object CMakeFiles/robot_interfaces__rosidl_typesupport_fastrtps_cpp.dir/rosidl_typesupport_fastrtps_cpp/robot_interfaces/msg/detail/dds_fastrtps/distances__type_support.cpp.o[0m
[6.471s] [ 46%] [32mBuilding C object CMakeFiles/robot_interfaces__rosidl_typesupport_introspection_c.dir/rosidl_typesupport_introspection_c/robot_interfaces/msg/detail/des_state__type_support.c.o[0m
[6.488s] [ 47%] [32mBuilding C object CMakeFiles/robot_interfaces__rosidl_typesupport_introspection_c.dir/rosidl_typesupport_introspection_c/robot_interfaces/msg/detail/pose__type_support.c.o[0m
[6.542s] [ 49%] [32mBuilding C object CMakeFiles/robot_interfaces__rosidl_typesupport_introspection_c.dir/rosidl_typesupport_introspection_c/robot_interfaces/msg/detail/distances__type_support.c.o[0m
[6.549s] [ 50%] [32mBuilding C object CMakeFiles/robot_interfaces__rosidl_typesupport_introspection_c.dir/rosidl_typesupport_introspection_c/robot_interfaces/msg/detail/encoder_info__type_support.c.o[0m
[6.612s] [ 52%] [32m[1mLinking CXX shared library librobot_interfaces__rosidl_typesupport_cpp.so[0m
[6.614s] [ 53%] [32mBuilding CXX object CMakeFiles/robot_interfaces__rosidl_typesupport_fastrtps_c.dir/rosidl_typesupport_fastrtps_c/robot_interfaces/msg/detail/des_state__type_support_c.cpp.o[0m
[6.619s] [ 56%] [32mBuilding C object CMakeFiles/robot_interfaces__rosidl_typesupport_introspection_c.dir/rosidl_typesupport_introspection_c/robot_interfaces/msg/detail/obstacles__type_support.c.o[0m
[6.619s] [ 56%] [32m[1mLinking CXX shared library librobot_interfaces__rosidl_typesupport_c.so[0m
[6.637s] [ 57%] [32mBuilding CXX object CMakeFiles/robot_interfaces__rosidl_typesupport_fastrtps_c.dir/rosidl_typesupport_fastrtps_c/robot_interfaces/msg/detail/pose__type_support_c.cpp.o[0m
[6.708s] [ 59%] [32mBuilding C object CMakeFiles/robot_interfaces__rosidl_typesupport_introspection_c.dir/rosidl_typesupport_introspection_c/robot_interfaces/msg/detail/qr_data__type_support.c.o[0m
[6.716s] [ 60%] [32mBuilding CXX object CMakeFiles/robot_interfaces__rosidl_typesupport_fastrtps_c.dir/rosidl_typesupport_fastrtps_c/robot_interfaces/msg/detail/encoder_info__type_support_c.cpp.o[0m
[6.722s] [ 61%] [32mBuilding CXX object CMakeFiles/robot_interfaces__rosidl_typesupport_fastrtps_c.dir/rosidl_typesupport_fastrtps_c/robot_interfaces/msg/detail/distances__type_support_c.cpp.o[0m
[6.743s] [ 61%] Built target robot_interfaces__rosidl_typesupport_c
[6.786s] [ 61%] Built target robot_interfaces__rosidl_typesupport_cpp
[6.794s] [ 63%] [32mBuilding CXX object CMakeFiles/robot_interfaces__rosidl_typesupport_introspection_cpp.dir/rosidl_typesupport_introspection_cpp/robot_interfaces/msg/detail/distances__type_support.cpp.o[0m
[6.844s] [ 64%] [32mBuilding CXX object CMakeFiles/robot_interfaces__rosidl_typesupport_fastrtps_cpp.dir/rosidl_typesupport_fastrtps_cpp/robot_interfaces/msg/detail/dds_fastrtps/encoder_info__type_support.cpp.o[0m
[6.844s] [ 66%] [32m[1mLinking C shared library librobot_interfaces__rosidl_typesupport_introspection_c.so[0m
[7.038s] [ 66%] Built target robot_interfaces__rosidl_typesupport_introspection_c
[7.098s] [ 67%] [32mBuilding CXX object CMakeFiles/robot_interfaces__rosidl_typesupport_fastrtps_cpp.dir/rosidl_typesupport_fastrtps_cpp/robot_interfaces/msg/detail/dds_fastrtps/obstacles__type_support.cpp.o[0m
[7.385s] [ 69%] [32mBuilding CXX object CMakeFiles/robot_interfaces__rosidl_typesupport_fastrtps_cpp.dir/rosidl_typesupport_fastrtps_cpp/robot_interfaces/msg/detail/dds_fastrtps/qr_data__type_support.cpp.o[0m
[7.408s] [ 70%] [32mBuilding CXX object CMakeFiles/robot_interfaces__rosidl_typesupport_introspection_cpp.dir/rosidl_typesupport_introspection_cpp/robot_interfaces/msg/detail/encoder_info__type_support.cpp.o[0m
[7.522s] [ 71%] [32mBuilding CXX object CMakeFiles/robot_interfaces__rosidl_typesupport_introspection_cpp.dir/rosidl_typesupport_introspection_cpp/robot_interfaces/msg/detail/obstacles__type_support.cpp.o[0m
[7.554s] [ 73%] [32mBuilding CXX object CMakeFiles/robot_interfaces__rosidl_typesupport_fastrtps_c.dir/rosidl_typesupport_fastrtps_c/robot_interfaces/msg/detail/obstacles__type_support_c.cpp.o[0m
[7.565s] [ 74%] [32mBuilding CXX object CMakeFiles/robot_interfaces__rosidl_typesupport_fastrtps_c.dir/rosidl_typesupport_fastrtps_c/robot_interfaces/msg/detail/qr_data__type_support_c.cpp.o[0m
[7.608s] [ 76%] [32mBuilding CXX object CMakeFiles/robot_interfaces__rosidl_typesupport_introspection_cpp.dir/rosidl_typesupport_introspection_cpp/robot_interfaces/msg/detail/qr_data__type_support.cpp.o[0m
[8.351s] [ 77%] [32m[1mLinking CXX shared library librobot_interfaces__rosidl_typesupport_fastrtps_c.so[0m
[8.390s] [ 78%] [32m[1mLinking CXX shared library librobot_interfaces__rosidl_typesupport_fastrtps_cpp.so[0m
[8.505s] [ 78%] Built target robot_interfaces__rosidl_typesupport_fastrtps_c
[8.551s] [ 80%] [32m[1mLinking CXX shared library librobot_interfaces__rosidl_typesupport_introspection_cpp.so[0m
[8.565s] [ 80%] Built target robot_interfaces__rosidl_typesupport_fastrtps_cpp
[8.635s] [ 80%] Built target robot_interfaces__rosidl_typesupport_introspection_cpp
[8.665s] [ 80%] Built target robot_interfaces
[8.696s] [ 81%] [34m[1mGenerating Python code for ROS interfaces[0m
[9.890s] [ 81%] Built target robot_interfaces__py
[9.912s] [ 83%] [32mBuilding C object CMakeFiles/robot_interfaces__rosidl_generator_py.dir/rosidl_generator_py/robot_interfaces/msg/_pose_s.c.o[0m
[9.912s] [ 84%] [32mBuilding C object CMakeFiles/robot_interfaces__rosidl_generator_py.dir/rosidl_generator_py/robot_interfaces/msg/_encoder_info_s.c.o[0m
[9.912s] [ 85%] [32mBuilding C object CMakeFiles/robot_interfaces__rosidl_generator_py.dir/rosidl_generator_py/robot_interfaces/msg/_des_state_s.c.o[0m
[9.915s] [ 87%] [32mBuilding C object CMakeFiles/robot_interfaces__rosidl_generator_py.dir/rosidl_generator_py/robot_interfaces/msg/_distances_s.c.o[0m
[9.916s] [ 88%] [32mBuilding C object CMakeFiles/robot_interfaces__rosidl_generator_py.dir/rosidl_generator_py/robot_interfaces/msg/_qr_data_s.c.o[0m
[9.916s] [ 90%] [32mBuilding C object CMakeFiles/robot_interfaces__rosidl_generator_py.dir/rosidl_generator_py/robot_interfaces/msg/_obstacles_s.c.o[0m
[10.104s] [ 91%] [32m[1mLinking C shared library rosidl_generator_py/robot_interfaces/librobot_interfaces__rosidl_generator_py.so[0m
[10.153s] [ 91%] Built target robot_interfaces__rosidl_generator_py
[10.175s] [ 92%] [32mBuilding C object CMakeFiles/robot_interfaces__rosidl_typesupport_fastrtps_c__pyext.dir/rosidl_generator_py/robot_interfaces/_robot_interfaces_s.ep.rosidl_typesupport_fastrtps_c.c.o[0m
[10.175s] [ 94%] [32mBuilding C object CMakeFiles/robot_interfaces__rosidl_typesupport_c__pyext.dir/rosidl_generator_py/robot_interfaces/_robot_interfaces_s.ep.rosidl_typesupport_c.c.o[0m
[10.178s] [ 95%] [32mBuilding C object CMakeFiles/robot_interfaces__rosidl_typesupport_introspection_c__pyext.dir/rosidl_generator_py/robot_interfaces/_robot_interfaces_s.ep.rosidl_typesupport_introspection_c.c.o[0m
[10.317s] [ 97%] [32m[1mLinking C shared library rosidl_generator_py/robot_interfaces/robot_interfaces_s__rosidl_typesupport_introspection_c.cpython-310-x86_64-linux-gnu.so[0m
[10.326s] [ 98%] [32m[1mLinking C shared library rosidl_generator_py/robot_interfaces/robot_interfaces_s__rosidl_typesupport_c.cpython-310-x86_64-linux-gnu.so[0m
[10.347s] [100%] [32m[1mLinking C shared library rosidl_generator_py/robot_interfaces/robot_interfaces_s__rosidl_typesupport_fastrtps_c.cpython-310-x86_64-linux-gnu.so[0m
[10.356s] [100%] Built target robot_interfaces__rosidl_typesupport_introspection_c__pyext
[10.363s] [100%] Built target robot_interfaces__rosidl_typesupport_c__pyext
[10.384s] [100%] Built target robot_interfaces__rosidl_typesupport_fastrtps_c__pyext
[10.398s] Invoked command in '/home/lingc/ECE4191G11/ROS_PC/build/robot_interfaces' returned '0': CMAKE_PREFIX_PATH=${CMAKE_PREFIX_PATH}:/home/lingc/ECE4191G11/ROS_PC/install/robot_controller:/opt/ros/humble /usr/bin/cmake --build /home/lingc/ECE4191G11/ROS_PC/build/robot_interfaces -- -j12 -l12
[10.555s] Invoking command in '/home/lingc/ECE4191G11/ROS_PC/build/robot_interfaces': CMAKE_PREFIX_PATH=${CMAKE_PREFIX_PATH}:/home/lingc/ECE4191G11/ROS_PC/install/robot_controller:/opt/ros/humble /usr/bin/cmake --install /home/lingc/ECE4191G11/ROS_PC/build/robot_interfaces
[10.562s] -- Install configuration: ""
[10.562s] -- Installing: /home/lingc/ECE4191G11/ROS_PC/install/robot_interfaces/share/ament_index/resource_index/rosidl_interfaces/robot_interfaces
[10.562s] -- Installing: /home/lingc/ECE4191G11/ROS_PC/install/robot_interfaces/include/robot_interfaces/robot_interfaces
[10.563s] -- Installing: /home/lingc/ECE4191G11/ROS_PC/install/robot_interfaces/include/robot_interfaces/robot_interfaces/msg
[10.563s] -- Installing: /home/lingc/ECE4191G11/ROS_PC/install/robot_interfaces/include/robot_interfaces/robot_interfaces/msg/qr_data.h
[10.563s] -- Installing: /home/lingc/ECE4191G11/ROS_PC/install/robot_interfaces/include/robot_interfaces/robot_interfaces/msg/detail
[10.563s] -- Installing: /home/lingc/ECE4191G11/ROS_PC/install/robot_interfaces/include/robot_interfaces/robot_interfaces/msg/detail/des_state__type_support.h
[10.563s] -- Installing: /home/lingc/ECE4191G11/ROS_PC/install/robot_interfaces/include/robot_interfaces/robot_interfaces/msg/detail/pose__struct.h
[10.563s] -- Installing: /home/lingc/ECE4191G11/ROS_PC/install/robot_interfaces/include/robot_interfaces/robot_interfaces/msg/detail/qr_data__struct.h
[10.563s] -- Installing: /home/lingc/ECE4191G11/ROS_PC/install/robot_interfaces/include/robot_interfaces/robot_interfaces/msg/detail/qr_data__functions.c
[10.563s] -- Installing: /home/lingc/ECE4191G11/ROS_PC/install/robot_interfaces/include/robot_interfaces/robot_interfaces/msg/detail/distances__struct.h
[10.563s] -- Installing: /home/lingc/ECE4191G11/ROS_PC/install/robot_interfaces/include/robot_interfaces/robot_interfaces/msg/detail/pose__functions.c
[10.563s] -- Installing: /home/lingc/ECE4191G11/ROS_PC/install/robot_interfaces/include/robot_interfaces/robot_interfaces/msg/detail/obstacles__type_support.h
[10.563s] -- Installing: /home/lingc/ECE4191G11/ROS_PC/install/robot_interfaces/include/robot_interfaces/robot_interfaces/msg/detail/des_state__functions.c
[10.564s] -- Installing: /home/lingc/ECE4191G11/ROS_PC/install/robot_interfaces/include/robot_interfaces/robot_interfaces/msg/detail/encoder_info__functions.c
[10.564s] -- Installing: /home/lingc/ECE4191G11/ROS_PC/install/robot_interfaces/include/robot_interfaces/robot_interfaces/msg/detail/qr_data__functions.h
[10.564s] -- Installing: /home/lingc/ECE4191G11/ROS_PC/install/robot_interfaces/include/robot_interfaces/robot_interfaces/msg/detail/des_state__struct.h
[10.564s] -- Installing: /home/lingc/ECE4191G11/ROS_PC/install/robot_interfaces/include/robot_interfaces/robot_interfaces/msg/detail/pose__functions.h
[10.564s] -- Installing: /home/lingc/ECE4191G11/ROS_PC/install/robot_interfaces/include/robot_interfaces/robot_interfaces/msg/detail/distances__functions.h
[10.564s] -- Installing: /home/lingc/ECE4191G11/ROS_PC/install/robot_interfaces/include/robot_interfaces/robot_interfaces/msg/detail/obstacles__functions.h
[10.564s] -- Installing: /home/lingc/ECE4191G11/ROS_PC/install/robot_interfaces/include/robot_interfaces/robot_interfaces/msg/detail/obstacles__functions.c
[10.564s] -- Installing: /home/lingc/ECE4191G11/ROS_PC/install/robot_interfaces/include/robot_interfaces/robot_interfaces/msg/detail/distances__type_support.h
[10.564s] -- Installing: /home/lingc/ECE4191G11/ROS_PC/install/robot_interfaces/include/robot_interfaces/robot_interfaces/msg/detail/encoder_info__functions.h
[10.564s] -- Installing: /home/lingc/ECE4191G11/ROS_PC/install/robot_interfaces/include/robot_interfaces/robot_interfaces/msg/detail/distances__functions.c
[10.564s] -- Installing: /home/lingc/ECE4191G11/ROS_PC/install/robot_interfaces/include/robot_interfaces/robot_interfaces/msg/detail/encoder_info__type_support.h
[10.564s] -- Installing: /home/lingc/ECE4191G11/ROS_PC/install/robot_interfaces/include/robot_interfaces/robot_interfaces/msg/detail/qr_data__type_support.h
[10.565s] -- Installing: /home/lingc/ECE4191G11/ROS_PC/install/robot_interfaces/include/robot_interfaces/robot_interfaces/msg/detail/des_state__functions.h
[10.565s] -- Installing: /home/lingc/ECE4191G11/ROS_PC/install/robot_interfaces/include/robot_interfaces/robot_interfaces/msg/detail/encoder_info__struct.h
[10.565s] -- Installing: /home/lingc/ECE4191G11/ROS_PC/install/robot_interfaces/include/robot_interfaces/robot_interfaces/msg/detail/pose__type_support.h
[10.565s] -- Installing: /home/lingc/ECE4191G11/ROS_PC/install/robot_interfaces/include/robot_interfaces/robot_interfaces/msg/detail/obstacles__struct.h
[10.565s] -- Installing: /home/lingc/ECE4191G11/ROS_PC/install/robot_interfaces/include/robot_interfaces/robot_interfaces/msg/rosidl_generator_c__visibility_control.h
[10.565s] -- Installing: /home/lingc/ECE4191G11/ROS_PC/install/robot_interfaces/include/robot_interfaces/robot_interfaces/msg/pose.h
[10.565s] -- Installing: /home/lingc/ECE4191G11/ROS_PC/install/robot_interfaces/include/robot_interfaces/robot_interfaces/msg/encoder_info.h
[10.565s] -- Installing: /home/lingc/ECE4191G11/ROS_PC/install/robot_interfaces/include/robot_interfaces/robot_interfaces/msg/distances.h
[10.566s] -- Installing: /home/lingc/ECE4191G11/ROS_PC/install/robot_interfaces/include/robot_interfaces/robot_interfaces/msg/obstacles.h
[10.566s] -- Installing: /home/lingc/ECE4191G11/ROS_PC/install/robot_interfaces/include/robot_interfaces/robot_interfaces/msg/des_state.h
[10.566s] -- Installing: /home/lingc/ECE4191G11/ROS_PC/install/robot_interfaces/share/robot_interfaces/environment/library_path.sh
[10.566s] -- Installing: /home/lingc/ECE4191G11/ROS_PC/install/robot_interfaces/share/robot_interfaces/environment/library_path.dsv
[10.566s] -- Installing: /home/lingc/ECE4191G11/ROS_PC/install/robot_interfaces/lib/librobot_interfaces__rosidl_generator_c.so
[10.567s] -- Set runtime path of "/home/lingc/ECE4191G11/ROS_PC/install/robot_interfaces/lib/librobot_interfaces__rosidl_generator_c.so" to ""
[10.567s] -- Up-to-date: /home/lingc/ECE4191G11/ROS_PC/install/robot_interfaces/include/robot_interfaces/robot_interfaces
[10.567s] -- Up-to-date: /home/lingc/ECE4191G11/ROS_PC/install/robot_interfaces/include/robot_interfaces/robot_interfaces/msg
[10.567s] -- Installing: /home/lingc/ECE4191G11/ROS_PC/install/robot_interfaces/include/robot_interfaces/robot_interfaces/msg/rosidl_typesupport_fastrtps_c__visibility_control.h
[10.567s] -- Up-to-date: /home/lingc/ECE4191G11/ROS_PC/install/robot_interfaces/include/robot_interfaces/robot_interfaces/msg/detail
[10.567s] -- Installing: /home/lingc/ECE4191G11/ROS_PC/install/robot_interfaces/include/robot_interfaces/robot_interfaces/msg/detail/obstacles__rosidl_typesupport_fastrtps_c.h
[10.567s] -- Installing: /home/lingc/ECE4191G11/ROS_PC/install/robot_interfaces/include/robot_interfaces/robot_interfaces/msg/detail/distances__rosidl_typesupport_fastrtps_c.h
[10.567s] -- Installing: /home/lingc/ECE4191G11/ROS_PC/install/robot_interfaces/include/robot_interfaces/robot_interfaces/msg/detail/qr_data__rosidl_typesupport_fastrtps_c.h
[10.567s] -- Installing: /home/lingc/ECE4191G11/ROS_PC/install/robot_interfaces/include/robot_interfaces/robot_interfaces/msg/detail/encoder_info__rosidl_typesupport_fastrtps_c.h
[10.567s] -- Installing: /home/lingc/ECE4191G11/ROS_PC/install/robot_interfaces/include/robot_interfaces/robot_interfaces/msg/detail/des_state__rosidl_typesupport_fastrtps_c.h
[10.567s] -- Installing: /home/lingc/ECE4191G11/ROS_PC/install/robot_interfaces/include/robot_interfaces/robot_interfaces/msg/detail/pose__rosidl_typesupport_fastrtps_c.h
[10.567s] -- Installing: /home/lingc/ECE4191G11/ROS_PC/install/robot_interfaces/lib/librobot_interfaces__rosidl_typesupport_fastrtps_c.so
[10.568s] -- Set runtime path of "/home/lingc/ECE4191G11/ROS_PC/install/robot_interfaces/lib/librobot_interfaces__rosidl_typesupport_fastrtps_c.so" to ""
[10.568s] -- Up-to-date: /home/lingc/ECE4191G11/ROS_PC/install/robot_interfaces/include/robot_interfaces/robot_interfaces
[10.568s] -- Up-to-date: /home/lingc/ECE4191G11/ROS_PC/install/robot_interfaces/include/robot_interfaces/robot_interfaces/msg
[10.568s] -- Up-to-date: /home/lingc/ECE4191G11/ROS_PC/install/robot_interfaces/include/robot_interfaces/robot_interfaces/msg/detail
[10.568s] -- Installing: /home/lingc/ECE4191G11/ROS_PC/install/robot_interfaces/include/robot_interfaces/robot_interfaces/msg/detail/obstacles__rosidl_typesupport_introspection_c.h
[10.568s] -- Installing: /home/lingc/ECE4191G11/ROS_PC/install/robot_interfaces/include/robot_interfaces/robot_interfaces/msg/detail/obstacles__type_support.c
[10.568s] -- Installing: /home/lingc/ECE4191G11/ROS_PC/install/robot_interfaces/include/robot_interfaces/robot_interfaces/msg/detail/pose__rosidl_typesupport_introspection_c.h
[10.568s] -- Installing: /home/lingc/ECE4191G11/ROS_PC/install/robot_interfaces/include/robot_interfaces/robot_interfaces/msg/detail/encoder_info__type_support.c
[10.568s] -- Installing: /home/lingc/ECE4191G11/ROS_PC/install/robot_interfaces/include/robot_interfaces/robot_interfaces/msg/detail/des_state__rosidl_typesupport_introspection_c.h
[10.568s] -- Installing: /home/lingc/ECE4191G11/ROS_PC/install/robot_interfaces/include/robot_interfaces/robot_interfaces/msg/detail/qr_data__rosidl_typesupport_introspection_c.h
[10.568s] -- Installing: /home/lingc/ECE4191G11/ROS_PC/install/robot_interfaces/include/robot_interfaces/robot_interfaces/msg/detail/encoder_info__rosidl_typesupport_introspection_c.h
[10.569s] -- Installing: /home/lingc/ECE4191G11/ROS_PC/install/robot_interfaces/include/robot_interfaces/robot_interfaces/msg/detail/pose__type_support.c
[10.569s] -- Installing: /home/lingc/ECE4191G11/ROS_PC/install/robot_interfaces/include/robot_interfaces/robot_interfaces/msg/detail/des_state__type_support.c
[10.569s] -- Installing: /home/lingc/ECE4191G11/ROS_PC/install/robot_interfaces/include/robot_interfaces/robot_interfaces/msg/detail/qr_data__type_support.c
[10.569s] -- Installing: /home/lingc/ECE4191G11/ROS_PC/install/robot_interfaces/include/robot_interfaces/robot_interfaces/msg/detail/distances__type_support.c
[10.569s] -- Installing: /home/lingc/ECE4191G11/ROS_PC/install/robot_interfaces/include/robot_interfaces/robot_interfaces/msg/detail/distances__rosidl_typesupport_introspection_c.h
[10.569s] -- Installing: /home/lingc/ECE4191G11/ROS_PC/install/robot_interfaces/include/robot_interfaces/robot_interfaces/msg/rosidl_typesupport_introspection_c__visibility_control.h
[10.569s] -- Installing: /home/lingc/ECE4191G11/ROS_PC/install/robot_interfaces/lib/librobot_interfaces__rosidl_typesupport_introspection_c.so
[10.570s] -- Set runtime path of "/home/lingc/ECE4191G11/ROS_PC/install/robot_interfaces/lib/librobot_interfaces__rosidl_typesupport_introspection_c.so" to ""
[10.570s] -- Installing: /home/lingc/ECE4191G11/ROS_PC/install/robot_interfaces/lib/librobot_interfaces__rosidl_typesupport_c.so
[10.571s] -- Set runtime path of "/home/lingc/ECE4191G11/ROS_PC/install/robot_interfaces/lib/librobot_interfaces__rosidl_typesupport_c.so" to ""
[10.571s] -- Up-to-date: /home/lingc/ECE4191G11/ROS_PC/install/robot_interfaces/include/robot_interfaces/robot_interfaces
[10.571s] -- Up-to-date: /home/lingc/ECE4191G11/ROS_PC/install/robot_interfaces/include/robot_interfaces/robot_interfaces/msg
[10.571s] -- Installing: /home/lingc/ECE4191G11/ROS_PC/install/robot_interfaces/include/robot_interfaces/robot_interfaces/msg/des_state.hpp
[10.571s] -- Up-to-date: /home/lingc/ECE4191G11/ROS_PC/install/robot_interfaces/include/robot_interfaces/robot_interfaces/msg/detail
[10.571s] -- Installing: /home/lingc/ECE4191G11/ROS_PC/install/robot_interfaces/include/robot_interfaces/robot_interfaces/msg/detail/distances__traits.hpp
[10.571s] -- Installing: /home/lingc/ECE4191G11/ROS_PC/install/robot_interfaces/include/robot_interfaces/robot_interfaces/msg/detail/qr_data__struct.hpp
[10.571s] -- Installing: /home/lingc/ECE4191G11/ROS_PC/install/robot_interfaces/include/robot_interfaces/robot_interfaces/msg/detail/pose__builder.hpp
[10.572s] -- Installing: /home/lingc/ECE4191G11/ROS_PC/install/robot_interfaces/include/robot_interfaces/robot_interfaces/msg/detail/obstacles__builder.hpp
[10.572s] -- Installing: /home/lingc/ECE4191G11/ROS_PC/install/robot_interfaces/include/robot_interfaces/robot_interfaces/msg/detail/pose__traits.hpp
[10.572s] -- Installing: /home/lingc/ECE4191G11/ROS_PC/install/robot_interfaces/include/robot_interfaces/robot_interfaces/msg/detail/qr_data__builder.hpp
[10.572s] -- Installing: /home/lingc/ECE4191G11/ROS_PC/install/robot_interfaces/include/robot_interfaces/robot_interfaces/msg/detail/obstacles__traits.hpp
[10.572s] -- Installing: /home/lingc/ECE4191G11/ROS_PC/install/robot_interfaces/include/robot_interfaces/robot_interfaces/msg/detail/qr_data__traits.hpp
[10.572s] -- Installing: /home/lingc/ECE4191G11/ROS_PC/install/robot_interfaces/include/robot_interfaces/robot_interfaces/msg/detail/obstacles__struct.hpp
[10.572s] -- Installing: /home/lingc/ECE4191G11/ROS_PC/install/robot_interfaces/include/robot_interfaces/robot_interfaces/msg/detail/encoder_info__traits.hpp
[10.572s] -- Installing: /home/lingc/ECE4191G11/ROS_PC/install/robot_interfaces/include/robot_interfaces/robot_interfaces/msg/detail/distances__builder.hpp
[10.572s] -- Installing: /home/lingc/ECE4191G11/ROS_PC/install/robot_interfaces/include/robot_interfaces/robot_interfaces/msg/detail/encoder_info__struct.hpp
[10.572s] -- Installing: /home/lingc/ECE4191G11/ROS_PC/install/robot_interfaces/include/robot_interfaces/robot_interfaces/msg/detail/pose__struct.hpp
[10.573s] -- Installing: /home/lingc/ECE4191G11/ROS_PC/install/robot_interfaces/include/robot_interfaces/robot_interfaces/msg/detail/des_state__traits.hpp
[10.573s] -- Installing: /home/lingc/ECE4191G11/ROS_PC/install/robot_interfaces/include/robot_interfaces/robot_interfaces/msg/detail/des_state__struct.hpp
[10.573s] -- Installing: /home/lingc/ECE4191G11/ROS_PC/install/robot_interfaces/include/robot_interfaces/robot_interfaces/msg/detail/distances__struct.hpp
[10.573s] -- Installing: /home/lingc/ECE4191G11/ROS_PC/install/robot_interfaces/include/robot_interfaces/robot_interfaces/msg/detail/encoder_info__builder.hpp
[10.573s] -- Installing: /home/lingc/ECE4191G11/ROS_PC/install/robot_interfaces/include/robot_interfaces/robot_interfaces/msg/detail/des_state__builder.hpp
[10.573s] -- Installing: /home/lingc/ECE4191G11/ROS_PC/install/robot_interfaces/include/robot_interfaces/robot_interfaces/msg/distances.hpp
[10.573s] -- Installing: /home/lingc/ECE4191G11/ROS_PC/install/robot_interfaces/include/robot_interfaces/robot_interfaces/msg/encoder_info.hpp
[10.574s] -- Installing: /home/lingc/ECE4191G11/ROS_PC/install/robot_interfaces/include/robot_interfaces/robot_interfaces/msg/pose.hpp
[10.574s] -- Installing: /home/lingc/ECE4191G11/ROS_PC/install/robot_interfaces/include/robot_interfaces/robot_interfaces/msg/obstacles.hpp
[10.574s] -- Installing: /home/lingc/ECE4191G11/ROS_PC/install/robot_interfaces/include/robot_interfaces/robot_interfaces/msg/qr_data.hpp
[10.574s] -- Up-to-date: /home/lingc/ECE4191G11/ROS_PC/install/robot_interfaces/include/robot_interfaces/robot_interfaces
[10.574s] -- Up-to-date: /home/lingc/ECE4191G11/ROS_PC/install/robot_interfaces/include/robot_interfaces/robot_interfaces/msg
[10.574s] -- Up-to-date: /home/lingc/ECE4191G11/ROS_PC/install/robot_interfaces/include/robot_interfaces/robot_interfaces/msg/detail
[10.574s] -- Installing: /home/lingc/ECE4191G11/ROS_PC/install/robot_interfaces/include/robot_interfaces/robot_interfaces/msg/detail/obstacles__rosidl_typesupport_fastrtps_cpp.hpp
[10.574s] -- Installing: /home/lingc/ECE4191G11/ROS_PC/install/robot_interfaces/include/robot_interfaces/robot_interfaces/msg/detail/qr_data__rosidl_typesupport_fastrtps_cpp.hpp
[10.574s] -- Installing: /home/lingc/ECE4191G11/ROS_PC/install/robot_interfaces/include/robot_interfaces/robot_interfaces/msg/detail/encoder_info__rosidl_typesupport_fastrtps_cpp.hpp
[10.574s] -- Installing: /home/lingc/ECE4191G11/ROS_PC/install/robot_interfaces/include/robot_interfaces/robot_interfaces/msg/detail/des_state__rosidl_typesupport_fastrtps_cpp.hpp
[10.574s] -- Installing: /home/lingc/ECE4191G11/ROS_PC/install/robot_interfaces/include/robot_interfaces/robot_interfaces/msg/detail/pose__rosidl_typesupport_fastrtps_cpp.hpp
[10.574s] -- Installing: /home/lingc/ECE4191G11/ROS_PC/install/robot_interfaces/include/robot_interfaces/robot_interfaces/msg/detail/dds_fastrtps
[10.575s] -- Installing: /home/lingc/ECE4191G11/ROS_PC/install/robot_interfaces/include/robot_interfaces/robot_interfaces/msg/detail/distances__rosidl_typesupport_fastrtps_cpp.hpp
[10.575s] -- Installing: /home/lingc/ECE4191G11/ROS_PC/install/robot_interfaces/include/robot_interfaces/robot_interfaces/msg/rosidl_typesupport_fastrtps_cpp__visibility_control.h
[10.575s] -- Installing: /home/lingc/ECE4191G11/ROS_PC/install/robot_interfaces/lib/librobot_interfaces__rosidl_typesupport_fastrtps_cpp.so
[10.575s] -- Set runtime path of "/home/lingc/ECE4191G11/ROS_PC/install/robot_interfaces/lib/librobot_interfaces__rosidl_typesupport_fastrtps_cpp.so" to ""
[10.575s] -- Up-to-date: /home/lingc/ECE4191G11/ROS_PC/install/robot_interfaces/include/robot_interfaces/robot_interfaces
[10.575s] -- Up-to-date: /home/lingc/ECE4191G11/ROS_PC/install/robot_interfaces/include/robot_interfaces/robot_interfaces/msg
[10.575s] -- Up-to-date: /home/lingc/ECE4191G11/ROS_PC/install/robot_interfaces/include/robot_interfaces/robot_interfaces/msg/detail
[10.576s] -- Installing: /home/lingc/ECE4191G11/ROS_PC/install/robot_interfaces/include/robot_interfaces/robot_interfaces/msg/detail/qr_data__type_support.cpp
[10.576s] -- Installing: /home/lingc/ECE4191G11/ROS_PC/install/robot_interfaces/include/robot_interfaces/robot_interfaces/msg/detail/obstacles__type_support.cpp
[10.576s] -- Installing: /home/lingc/ECE4191G11/ROS_PC/install/robot_interfaces/include/robot_interfaces/robot_interfaces/msg/detail/qr_data__rosidl_typesupport_introspection_cpp.hpp
[10.576s] -- Installing: /home/lingc/ECE4191G11/ROS_PC/install/robot_interfaces/include/robot_interfaces/robot_interfaces/msg/detail/encoder_info__rosidl_typesupport_introspection_cpp.hpp
[10.576s] -- Installing: /home/lingc/ECE4191G11/ROS_PC/install/robot_interfaces/include/robot_interfaces/robot_interfaces/msg/detail/encoder_info__type_support.cpp
[10.576s] -- Installing: /home/lingc/ECE4191G11/ROS_PC/install/robot_interfaces/include/robot_interfaces/robot_interfaces/msg/detail/des_state__type_support.cpp
[10.576s] -- Installing: /home/lingc/ECE4191G11/ROS_PC/install/robot_interfaces/include/robot_interfaces/robot_interfaces/msg/detail/distances__type_support.cpp
[10.576s] -- Installing: /home/lingc/ECE4191G11/ROS_PC/install/robot_interfaces/include/robot_interfaces/robot_interfaces/msg/detail/pose__rosidl_typesupport_introspection_cpp.hpp
[10.576s] -- Installing: /home/lingc/ECE4191G11/ROS_PC/install/robot_interfaces/include/robot_interfaces/robot_interfaces/msg/detail/obstacles__rosidl_typesupport_introspection_cpp.hpp
[10.576s] -- Installing: /home/lingc/ECE4191G11/ROS_PC/install/robot_interfaces/include/robot_interfaces/robot_interfaces/msg/detail/distances__rosidl_typesupport_introspection_cpp.hpp
[10.576s] -- Installing: /home/lingc/ECE4191G11/ROS_PC/install/robot_interfaces/include/robot_interfaces/robot_interfaces/msg/detail/pose__type_support.cpp
[10.576s] -- Installing: /home/lingc/ECE4191G11/ROS_PC/install/robot_interfaces/include/robot_interfaces/robot_interfaces/msg/detail/des_state__rosidl_typesupport_introspection_cpp.hpp
[10.577s] -- Installing: /home/lingc/ECE4191G11/ROS_PC/install/robot_interfaces/lib/librobot_interfaces__rosidl_typesupport_introspection_cpp.so
[10.577s] -- Set runtime path of "/home/lingc/ECE4191G11/ROS_PC/install/robot_interfaces/lib/librobot_interfaces__rosidl_typesupport_introspection_cpp.so" to ""
[10.577s] -- Installing: /home/lingc/ECE4191G11/ROS_PC/install/robot_interfaces/lib/librobot_interfaces__rosidl_typesupport_cpp.so
[10.578s] -- Set runtime path of "/home/lingc/ECE4191G11/ROS_PC/install/robot_interfaces/lib/librobot_interfaces__rosidl_typesupport_cpp.so" to ""
[10.578s] -- Installing: /home/lingc/ECE4191G11/ROS_PC/install/robot_interfaces/share/robot_interfaces/environment/pythonpath.sh
[10.578s] -- Installing: /home/lingc/ECE4191G11/ROS_PC/install/robot_interfaces/share/robot_interfaces/environment/pythonpath.dsv
[10.578s] -- Installing: /home/lingc/ECE4191G11/ROS_PC/install/robot_interfaces/local/lib/python3.10/dist-packages/robot_interfaces-0.0.0-py3.10.egg-info
[10.578s] -- Installing: /home/lingc/ECE4191G11/ROS_PC/install/robot_interfaces/local/lib/python3.10/dist-packages/robot_interfaces-0.0.0-py3.10.egg-info/dependency_links.txt
[10.578s] -- Installing: /home/lingc/ECE4191G11/ROS_PC/install/robot_interfaces/local/lib/python3.10/dist-packages/robot_interfaces-0.0.0-py3.10.egg-info/PKG-INFO
[10.578s] -- Installing: /home/lingc/ECE4191G11/ROS_PC/install/robot_interfaces/local/lib/python3.10/dist-packages/robot_interfaces-0.0.0-py3.10.egg-info/SOURCES.txt
[10.578s] -- Installing: /home/lingc/ECE4191G11/ROS_PC/install/robot_interfaces/local/lib/python3.10/dist-packages/robot_interfaces-0.0.0-py3.10.egg-info/top_level.txt
[10.578s] -- Installing: /home/lingc/ECE4191G11/ROS_PC/install/robot_interfaces/local/lib/python3.10/dist-packages/robot_interfaces
[10.579s] -- Installing: /home/lingc/ECE4191G11/ROS_PC/install/robot_interfaces/local/lib/python3.10/dist-packages/robot_interfaces/msg
[10.579s] -- Installing: /home/lingc/ECE4191G11/ROS_PC/install/robot_interfaces/local/lib/python3.10/dist-packages/robot_interfaces/msg/_qr_data.py
[10.579s] -- Installing: /home/lingc/ECE4191G11/ROS_PC/install/robot_interfaces/local/lib/python3.10/dist-packages/robot_interfaces/msg/_encoder_info_s.c
[10.579s] -- Installing: /home/lingc/ECE4191G11/ROS_PC/install/robot_interfaces/local/lib/python3.10/dist-packages/robot_interfaces/msg/_qr_data_s.c
[10.579s] -- Installing: /home/lingc/ECE4191G11/ROS_PC/install/robot_interfaces/local/lib/python3.10/dist-packages/robot_interfaces/msg/__init__.py
[10.579s] -- Installing: /home/lingc/ECE4191G11/ROS_PC/install/robot_interfaces/local/lib/python3.10/dist-packages/robot_interfaces/msg/_obstacles.py
[10.579s] -- Installing: /home/lingc/ECE4191G11/ROS_PC/install/robot_interfaces/local/lib/python3.10/dist-packages/robot_interfaces/msg/_des_state_s.c
[10.579s] -- Installing: /home/lingc/ECE4191G11/ROS_PC/install/robot_interfaces/local/lib/python3.10/dist-packages/robot_interfaces/msg/_des_state.py
[10.580s] -- Installing: /home/lingc/ECE4191G11/ROS_PC/install/robot_interfaces/local/lib/python3.10/dist-packages/robot_interfaces/msg/_pose_s.c
[10.580s] -- Installing: /home/lingc/ECE4191G11/ROS_PC/install/robot_interfaces/local/lib/python3.10/dist-packages/robot_interfaces/msg/_distances.py
[10.580s] -- Installing: /home/lingc/ECE4191G11/ROS_PC/install/robot_interfaces/local/lib/python3.10/dist-packages/robot_interfaces/msg/_distances_s.c
[10.580s] -- Installing: /home/lingc/ECE4191G11/ROS_PC/install/robot_interfaces/local/lib/python3.10/dist-packages/robot_interfaces/msg/_obstacles_s.c
[10.580s] -- Installing: /home/lingc/ECE4191G11/ROS_PC/install/robot_interfaces/local/lib/python3.10/dist-packages/robot_interfaces/msg/_encoder_info.py
[10.580s] -- Installing: /home/lingc/ECE4191G11/ROS_PC/install/robot_interfaces/local/lib/python3.10/dist-packages/robot_interfaces/msg/_pose.py
[10.580s] -- Installing: /home/lingc/ECE4191G11/ROS_PC/install/robot_interfaces/local/lib/python3.10/dist-packages/robot_interfaces/__init__.py
[10.580s] -- Installing: /home/lingc/ECE4191G11/ROS_PC/install/robot_interfaces/local/lib/python3.10/dist-packages/robot_interfaces/librobot_interfaces__rosidl_generator_py.so
[10.580s] -- Installing: /home/lingc/ECE4191G11/ROS_PC/install/robot_interfaces/local/lib/python3.10/dist-packages/robot_interfaces/_robot_interfaces_s.ep.rosidl_typesupport_introspection_c.c
[10.580s] -- Installing: /home/lingc/ECE4191G11/ROS_PC/install/robot_interfaces/local/lib/python3.10/dist-packages/robot_interfaces/_robot_interfaces_s.ep.rosidl_typesupport_fastrtps_c.c
[10.581s] -- Installing: /home/lingc/ECE4191G11/ROS_PC/install/robot_interfaces/local/lib/python3.10/dist-packages/robot_interfaces/_robot_interfaces_s.ep.rosidl_typesupport_c.c
[10.581s] -- Installing: /home/lingc/ECE4191G11/ROS_PC/install/robot_interfaces/local/lib/python3.10/dist-packages/robot_interfaces/robot_interfaces_s__rosidl_typesupport_introspection_c.cpython-310-x86_64-linux-gnu.so
[10.581s] -- Installing: /home/lingc/ECE4191G11/ROS_PC/install/robot_interfaces/local/lib/python3.10/dist-packages/robot_interfaces/robot_interfaces_s__rosidl_typesupport_c.cpython-310-x86_64-linux-gnu.so
[10.581s] -- Installing: /home/lingc/ECE4191G11/ROS_PC/install/robot_interfaces/local/lib/python3.10/dist-packages/robot_interfaces/robot_interfaces_s__rosidl_typesupport_fastrtps_c.cpython-310-x86_64-linux-gnu.so
[10.616s] Listing '/home/lingc/ECE4191G11/ROS_PC/install/robot_interfaces/local/lib/python3.10/dist-packages/robot_interfaces'...
[10.616s] Compiling '/home/lingc/ECE4191G11/ROS_PC/install/robot_interfaces/local/lib/python3.10/dist-packages/robot_interfaces/__init__.py'...
[10.616s] Listing '/home/lingc/ECE4191G11/ROS_PC/install/robot_interfaces/local/lib/python3.10/dist-packages/robot_interfaces/msg'...
[10.616s] Compiling '/home/lingc/ECE4191G11/ROS_PC/install/robot_interfaces/local/lib/python3.10/dist-packages/robot_interfaces/msg/__init__.py'...
[10.616s] Compiling '/home/lingc/ECE4191G11/ROS_PC/install/robot_interfaces/local/lib/python3.10/dist-packages/robot_interfaces/msg/_des_state.py'...
[10.616s] Compiling '/home/lingc/ECE4191G11/ROS_PC/install/robot_interfaces/local/lib/python3.10/dist-packages/robot_interfaces/msg/_distances.py'...
[10.616s] Compiling '/home/lingc/ECE4191G11/ROS_PC/install/robot_interfaces/local/lib/python3.10/dist-packages/robot_interfaces/msg/_encoder_info.py'...
[10.616s] Compiling '/home/lingc/ECE4191G11/ROS_PC/install/robot_interfaces/local/lib/python3.10/dist-packages/robot_interfaces/msg/_obstacles.py'...
[10.616s] Compiling '/home/lingc/ECE4191G11/ROS_PC/install/robot_interfaces/local/lib/python3.10/dist-packages/robot_interfaces/msg/_pose.py'...
[10.616s] Compiling '/home/lingc/ECE4191G11/ROS_PC/install/robot_interfaces/local/lib/python3.10/dist-packages/robot_interfaces/msg/_qr_data.py'...
[10.620s] -- Installing: /home/lingc/ECE4191G11/ROS_PC/install/robot_interfaces/local/lib/python3.10/dist-packages/robot_interfaces/robot_interfaces_s__rosidl_typesupport_fastrtps_c.cpython-310-x86_64-linux-gnu.so
[10.621s] -- Set runtime path of "/home/lingc/ECE4191G11/ROS_PC/install/robot_interfaces/local/lib/python3.10/dist-packages/robot_interfaces/robot_interfaces_s__rosidl_typesupport_fastrtps_c.cpython-310-x86_64-linux-gnu.so" to ""
[10.621s] -- Installing: /home/lingc/ECE4191G11/ROS_PC/install/robot_interfaces/local/lib/python3.10/dist-packages/robot_interfaces/robot_interfaces_s__rosidl_typesupport_introspection_c.cpython-310-x86_64-linux-gnu.so
[10.621s] -- Set runtime path of "/home/lingc/ECE4191G11/ROS_PC/install/robot_interfaces/local/lib/python3.10/dist-packages/robot_interfaces/robot_interfaces_s__rosidl_typesupport_introspection_c.cpython-310-x86_64-linux-gnu.so" to ""
[10.622s] -- Installing: /home/lingc/ECE4191G11/ROS_PC/install/robot_interfaces/local/lib/python3.10/dist-packages/robot_interfaces/robot_interfaces_s__rosidl_typesupport_c.cpython-310-x86_64-linux-gnu.so
[10.622s] -- Set runtime path of "/home/lingc/ECE4191G11/ROS_PC/install/robot_interfaces/local/lib/python3.10/dist-packages/robot_interfaces/robot_interfaces_s__rosidl_typesupport_c.cpython-310-x86_64-linux-gnu.so" to ""
[10.622s] -- Installing: /home/lingc/ECE4191G11/ROS_PC/install/robot_interfaces/lib/librobot_interfaces__rosidl_generator_py.so
[10.622s] -- Set runtime path of "/home/lingc/ECE4191G11/ROS_PC/install/robot_interfaces/lib/librobot_interfaces__rosidl_generator_py.so" to ""
[10.622s] -- Installing: /home/lingc/ECE4191G11/ROS_PC/install/robot_interfaces/share/robot_interfaces/msg/DesState.idl
[10.623s] -- Installing: /home/lingc/ECE4191G11/ROS_PC/install/robot_interfaces/share/robot_interfaces/msg/Pose.idl
[10.623s] -- Installing: /home/lingc/ECE4191G11/ROS_PC/install/robot_interfaces/share/robot_interfaces/msg/Distances.idl
[10.623s] -- Installing: /home/lingc/ECE4191G11/ROS_PC/install/robot_interfaces/share/robot_interfaces/msg/EncoderInfo.idl
[10.623s] -- Installing: /home/lingc/ECE4191G11/ROS_PC/install/robot_interfaces/share/robot_interfaces/msg/Obstacles.idl
[10.623s] -- Installing: /home/lingc/ECE4191G11/ROS_PC/install/robot_interfaces/share/robot_interfaces/msg/QRData.idl
[10.623s] -- Installing: /home/lingc/ECE4191G11/ROS_PC/install/robot_interfaces/share/robot_interfaces/msg/DesState.msg
[10.623s] -- Installing: /home/lingc/ECE4191G11/ROS_PC/install/robot_interfaces/share/robot_interfaces/msg/Pose.msg
[10.623s] -- Installing: /home/lingc/ECE4191G11/ROS_PC/install/robot_interfaces/share/robot_interfaces/msg/Distances.msg
[10.624s] -- Installing: /home/lingc/ECE4191G11/ROS_PC/install/robot_interfaces/share/robot_interfaces/msg/EncoderInfo.msg
[10.624s] -- Installing: /home/lingc/ECE4191G11/ROS_PC/install/robot_interfaces/share/robot_interfaces/msg/Obstacles.msg
[10.624s] -- Installing: /home/lingc/ECE4191G11/ROS_PC/install/robot_interfaces/share/robot_interfaces/msg/QRData.msg
[10.624s] -- Installing: /home/lingc/ECE4191G11/ROS_PC/install/robot_interfaces/share/ament_index/resource_index/package_run_dependencies/robot_interfaces
[10.624s] -- Installing: /home/lingc/ECE4191G11/ROS_PC/install/robot_interfaces/share/ament_index/resource_index/parent_prefix_path/robot_interfaces
[10.624s] -- Installing: /home/lingc/ECE4191G11/ROS_PC/install/robot_interfaces/share/robot_interfaces/environment/ament_prefix_path.sh
[10.624s] -- Installing: /home/lingc/ECE4191G11/ROS_PC/install/robot_interfaces/share/robot_interfaces/environment/ament_prefix_path.dsv
[10.624s] -- Installing: /home/lingc/ECE4191G11/ROS_PC/install/robot_interfaces/share/robot_interfaces/environment/path.sh
[10.625s] -- Installing: /home/lingc/ECE4191G11/ROS_PC/install/robot_interfaces/share/robot_interfaces/environment/path.dsv
[10.625s] -- Installing: /home/lingc/ECE4191G11/ROS_PC/install/robot_interfaces/share/robot_interfaces/local_setup.bash
[10.625s] -- Installing: /home/lingc/ECE4191G11/ROS_PC/install/robot_interfaces/share/robot_interfaces/local_setup.sh
[10.625s] -- Installing: /home/lingc/ECE4191G11/ROS_PC/install/robot_interfaces/share/robot_interfaces/local_setup.zsh
[10.625s] -- Installing: /home/lingc/ECE4191G11/ROS_PC/install/robot_interfaces/share/robot_interfaces/local_setup.dsv
[10.625s] -- Installing: /home/lingc/ECE4191G11/ROS_PC/install/robot_interfaces/share/robot_interfaces/package.dsv
[10.625s] -- Installing: /home/lingc/ECE4191G11/ROS_PC/install/robot_interfaces/share/ament_index/resource_index/packages/robot_interfaces
[10.626s] -- Installing: /home/lingc/ECE4191G11/ROS_PC/install/robot_interfaces/share/robot_interfaces/cmake/export_robot_interfaces__rosidl_generator_cExport.cmake
[10.626s] -- Installing: /home/lingc/ECE4191G11/ROS_PC/install/robot_interfaces/share/robot_interfaces/cmake/export_robot_interfaces__rosidl_generator_cExport-noconfig.cmake
[10.626s] -- Installing: /home/lingc/ECE4191G11/ROS_PC/install/robot_interfaces/share/robot_interfaces/cmake/export_robot_interfaces__rosidl_typesupport_fastrtps_cExport.cmake
[10.626s] -- Installing: /home/lingc/ECE4191G11/ROS_PC/install/robot_interfaces/share/robot_interfaces/cmake/export_robot_interfaces__rosidl_typesupport_fastrtps_cExport-noconfig.cmake
[10.626s] -- Installing: /home/lingc/ECE4191G11/ROS_PC/install/robot_interfaces/share/robot_interfaces/cmake/robot_interfaces__rosidl_typesupport_introspection_cExport.cmake
[10.626s] -- Installing: /home/lingc/ECE4191G11/ROS_PC/install/robot_interfaces/share/robot_interfaces/cmake/robot_interfaces__rosidl_typesupport_introspection_cExport-noconfig.cmake
[10.626s] -- Installing: /home/lingc/ECE4191G11/ROS_PC/install/robot_interfaces/share/robot_interfaces/cmake/robot_interfaces__rosidl_typesupport_cExport.cmake
[10.627s] -- Installing: /home/lingc/ECE4191G11/ROS_PC/install/robot_interfaces/share/robot_interfaces/cmake/robot_interfaces__rosidl_typesupport_cExport-noconfig.cmake
[10.627s] -- Installing: /home/lingc/ECE4191G11/ROS_PC/install/robot_interfaces/share/robot_interfaces/cmake/export_robot_interfaces__rosidl_generator_cppExport.cmake
[10.627s] -- Installing: /home/lingc/ECE4191G11/ROS_PC/install/robot_interfaces/share/robot_interfaces/cmake/export_robot_interfaces__rosidl_typesupport_fastrtps_cppExport.cmake
[10.627s] -- Installing: /home/lingc/ECE4191G11/ROS_PC/install/robot_interfaces/share/robot_interfaces/cmake/export_robot_interfaces__rosidl_typesupport_fastrtps_cppExport-noconfig.cmake
[10.627s] -- Installing: /home/lingc/ECE4191G11/ROS_PC/install/robot_interfaces/share/robot_interfaces/cmake/robot_interfaces__rosidl_typesupport_introspection_cppExport.cmake
[10.627s] -- Installing: /home/lingc/ECE4191G11/ROS_PC/install/robot_interfaces/share/robot_interfaces/cmake/robot_interfaces__rosidl_typesupport_introspection_cppExport-noconfig.cmake
[10.627s] -- Installing: /home/lingc/ECE4191G11/ROS_PC/install/robot_interfaces/share/robot_interfaces/cmake/robot_interfaces__rosidl_typesupport_cppExport.cmake
[10.628s] -- Installing: /home/lingc/ECE4191G11/ROS_PC/install/robot_interfaces/share/robot_interfaces/cmake/robot_interfaces__rosidl_typesupport_cppExport-noconfig.cmake
[10.628s] -- Installing: /home/lingc/ECE4191G11/ROS_PC/install/robot_interfaces/share/robot_interfaces/cmake/export_robot_interfaces__rosidl_generator_pyExport.cmake
[10.628s] -- Installing: /home/lingc/ECE4191G11/ROS_PC/install/robot_interfaces/share/robot_interfaces/cmake/export_robot_interfaces__rosidl_generator_pyExport-noconfig.cmake
[10.628s] -- Installing: /home/lingc/ECE4191G11/ROS_PC/install/robot_interfaces/share/robot_interfaces/cmake/rosidl_cmake-extras.cmake
[10.628s] -- Installing: /home/lingc/ECE4191G11/ROS_PC/install/robot_interfaces/share/robot_interfaces/cmake/ament_cmake_export_include_directories-extras.cmake
[10.628s] -- Installing: /home/lingc/ECE4191G11/ROS_PC/install/robot_interfaces/share/robot_interfaces/cmake/ament_cmake_export_libraries-extras.cmake
[10.629s] -- Installing: /home/lingc/ECE4191G11/ROS_PC/install/robot_interfaces/share/robot_interfaces/cmake/ament_cmake_export_targets-extras.cmake
[10.629s] -- Installing: /home/lingc/ECE4191G11/ROS_PC/install/robot_interfaces/share/robot_interfaces/cmake/rosidl_cmake_export_typesupport_targets-extras.cmake
[10.629s] -- Installing: /home/lingc/ECE4191G11/ROS_PC/install/robot_interfaces/share/robot_interfaces/cmake/ament_cmake_export_dependencies-extras.cmake
[10.629s] -- Installing: /home/lingc/ECE4191G11/ROS_PC/install/robot_interfaces/share/robot_interfaces/cmake/rosidl_cmake_export_typesupport_libraries-extras.cmake
[10.629s] -- Installing: /home/lingc/ECE4191G11/ROS_PC/install/robot_interfaces/share/robot_interfaces/cmake/robot_interfacesConfig.cmake
[10.629s] -- Installing: /home/lingc/ECE4191G11/ROS_PC/install/robot_interfaces/share/robot_interfaces/cmake/robot_interfacesConfig-version.cmake
[10.629s] -- Installing: /home/lingc/ECE4191G11/ROS_PC/install/robot_interfaces/share/robot_interfaces/package.xml
[10.632s] Invoked command in '/home/lingc/ECE4191G11/ROS_PC/build/robot_interfaces' returned '0': CMAKE_PREFIX_PATH=${CMAKE_PREFIX_PATH}:/home/lingc/ECE4191G11/ROS_PC/install/robot_controller:/opt/ros/humble /usr/bin/cmake --install /home/lingc/ECE4191G11/ROS_PC/build/robot_interfaces
