[0.064s] Invoking command in '/home/rpi-team11/ECE4191G11/ROS/build/robot_interfaces': CMAKE_PREFIX_PATH=${CMAKE_PREFIX_PATH}:/home/rpi-team11/ECE4191G11/ROS/install/robot_controller:/opt/ros/humble /usr/bin/cmake --build /home/rpi-team11/ECE4191G11/ROS/build/robot_interfaces -- -j4 -l4
[0.285s] [  1%] Built target robot_interfaces__cpp
[0.317s] [ 12%] Built target robot_interfaces__rosidl_generator_c
[0.370s] [ 12%] Built target ament_cmake_python_copy_robot_interfaces
[0.408s] [ 23%] Built target robot_interfaces__rosidl_typesupport_fastrtps_cpp
[0.411s] [ 34%] Built target robot_interfaces__rosidl_typesupport_introspection_cpp
[0.441s] [ 45%] Built target robot_interfaces__rosidl_typesupport_cpp
[0.499s] [ 56%] Built target robot_interfaces__rosidl_typesupport_fastrtps_c
[0.515s] [ 67%] Built target robot_interfaces__rosidl_typesupport_introspection_c
[0.517s] [ 78%] Built target robot_interfaces__rosidl_typesupport_c
[0.602s] [ 78%] Built target robot_interfaces
[0.692s] [ 80%] Built target robot_interfaces__py
[0.794s] [ 89%] Built target robot_interfaces__rosidl_generator_py
[0.900s] [ 92%] Built target robot_interfaces__rosidl_typesupport_fastrtps_c__pyext
[0.907s] [ 96%] Built target robot_interfaces__rosidl_typesupport_introspection_c__pyext
[0.932s] [100%] Built target robot_interfaces__rosidl_typesupport_c__pyext
[1.694s] running egg_info
[1.698s] writing robot_interfaces.egg-info/PKG-INFO
[1.699s] writing dependency_links to robot_interfaces.egg-info/dependency_links.txt
[1.700s] writing top-level names to robot_interfaces.egg-info/top_level.txt
[1.710s] reading manifest file 'robot_interfaces.egg-info/SOURCES.txt'
[1.713s] writing manifest file 'robot_interfaces.egg-info/SOURCES.txt'
[1.835s] [100%] Built target ament_cmake_python_build_robot_interfaces_egg
[1.881s] Invoked command in '/home/rpi-team11/ECE4191G11/ROS/build/robot_interfaces' returned '0': CMAKE_PREFIX_PATH=${CMAKE_PREFIX_PATH}:/home/rpi-team11/ECE4191G11/ROS/install/robot_controller:/opt/ros/humble /usr/bin/cmake --build /home/rpi-team11/ECE4191G11/ROS/build/robot_interfaces -- -j4 -l4
[2.697s] Invoking command in '/home/rpi-team11/ECE4191G11/ROS/build/robot_interfaces': CMAKE_PREFIX_PATH=${CMAKE_PREFIX_PATH}:/home/rpi-team11/ECE4191G11/ROS/install/robot_controller:/opt/ros/humble /usr/bin/cmake --install /home/rpi-team11/ECE4191G11/ROS/build/robot_interfaces
[2.726s] -- Install configuration: ""
[2.727s] -- Up-to-date: /home/rpi-team11/ECE4191G11/ROS/install/robot_interfaces/share/ament_index/resource_index/rosidl_interfaces/robot_interfaces
[2.728s] -- Up-to-date: /home/rpi-team11/ECE4191G11/ROS/install/robot_interfaces/include/robot_interfaces/robot_interfaces
[2.729s] -- Up-to-date: /home/rpi-team11/ECE4191G11/ROS/install/robot_interfaces/include/robot_interfaces/robot_interfaces/msg
[2.729s] -- Up-to-date: /home/rpi-team11/ECE4191G11/ROS/install/robot_interfaces/include/robot_interfaces/robot_interfaces/msg/waypoint.h
[2.730s] -- Up-to-date: /home/rpi-team11/ECE4191G11/ROS/install/robot_interfaces/include/robot_interfaces/robot_interfaces/msg/detail
[2.731s] -- Up-to-date: /home/rpi-team11/ECE4191G11/ROS/install/robot_interfaces/include/robot_interfaces/robot_interfaces/msg/detail/waypoint__struct.h
[2.732s] -- Up-to-date: /home/rpi-team11/ECE4191G11/ROS/install/robot_interfaces/include/robot_interfaces/robot_interfaces/msg/detail/waypoint__functions.c
[2.732s] -- Up-to-date: /home/rpi-team11/ECE4191G11/ROS/install/robot_interfaces/include/robot_interfaces/robot_interfaces/msg/detail/pose__struct.h
[2.733s] -- Up-to-date: /home/rpi-team11/ECE4191G11/ROS/install/robot_interfaces/include/robot_interfaces/robot_interfaces/msg/detail/distances__type_support.h
[2.734s] -- Up-to-date: /home/rpi-team11/ECE4191G11/ROS/install/robot_interfaces/include/robot_interfaces/robot_interfaces/msg/detail/distances__functions.h
[2.735s] -- Up-to-date: /home/rpi-team11/ECE4191G11/ROS/install/robot_interfaces/include/robot_interfaces/robot_interfaces/msg/detail/waypoint__functions.h
[2.736s] -- Up-to-date: /home/rpi-team11/ECE4191G11/ROS/install/robot_interfaces/include/robot_interfaces/robot_interfaces/msg/detail/waypoint__type_support.h
[2.736s] -- Up-to-date: /home/rpi-team11/ECE4191G11/ROS/install/robot_interfaces/include/robot_interfaces/robot_interfaces/msg/detail/encoder_info__functions.c
[2.737s] -- Up-to-date: /home/rpi-team11/ECE4191G11/ROS/install/robot_interfaces/include/robot_interfaces/robot_interfaces/msg/detail/encoder_info__functions.h
[2.737s] -- Up-to-date: /home/rpi-team11/ECE4191G11/ROS/install/robot_interfaces/include/robot_interfaces/robot_interfaces/msg/detail/encoder_info__struct.h
[2.738s] -- Up-to-date: /home/rpi-team11/ECE4191G11/ROS/install/robot_interfaces/include/robot_interfaces/robot_interfaces/msg/detail/distances__struct.h
[2.738s] -- Up-to-date: /home/rpi-team11/ECE4191G11/ROS/install/robot_interfaces/include/robot_interfaces/robot_interfaces/msg/detail/distances__functions.c
[2.738s] -- Up-to-date: /home/rpi-team11/ECE4191G11/ROS/install/robot_interfaces/include/robot_interfaces/robot_interfaces/msg/detail/encoder_info__type_support.h
[2.739s] -- Up-to-date: /home/rpi-team11/ECE4191G11/ROS/install/robot_interfaces/include/robot_interfaces/robot_interfaces/msg/detail/pose__type_support.h
[2.740s] -- Up-to-date: /home/rpi-team11/ECE4191G11/ROS/install/robot_interfaces/include/robot_interfaces/robot_interfaces/msg/detail/pose__functions.h
[2.741s] -- Up-to-date: /home/rpi-team11/ECE4191G11/ROS/install/robot_interfaces/include/robot_interfaces/robot_interfaces/msg/detail/pose__functions.c
[2.741s] -- Up-to-date: /home/rpi-team11/ECE4191G11/ROS/install/robot_interfaces/include/robot_interfaces/robot_interfaces/msg/pose.h
[2.742s] -- Up-to-date: /home/rpi-team11/ECE4191G11/ROS/install/robot_interfaces/include/robot_interfaces/robot_interfaces/msg/encoder_info.h
[2.742s] -- Up-to-date: /home/rpi-team11/ECE4191G11/ROS/install/robot_interfaces/include/robot_interfaces/robot_interfaces/msg/rosidl_generator_c__visibility_control.h
[2.743s] -- Up-to-date: /home/rpi-team11/ECE4191G11/ROS/install/robot_interfaces/include/robot_interfaces/robot_interfaces/msg/distances.h
[2.743s] -- Up-to-date: /home/rpi-team11/ECE4191G11/ROS/install/robot_interfaces/share/robot_interfaces/environment/library_path.sh
[2.744s] -- Up-to-date: /home/rpi-team11/ECE4191G11/ROS/install/robot_interfaces/share/robot_interfaces/environment/library_path.dsv
[2.744s] -- Up-to-date: /home/rpi-team11/ECE4191G11/ROS/install/robot_interfaces/lib/librobot_interfaces__rosidl_generator_c.so
[2.745s] -- Up-to-date: /home/rpi-team11/ECE4191G11/ROS/install/robot_interfaces/include/robot_interfaces/robot_interfaces
[2.745s] -- Up-to-date: /home/rpi-team11/ECE4191G11/ROS/install/robot_interfaces/include/robot_interfaces/robot_interfaces/msg
[2.746s] -- Up-to-date: /home/rpi-team11/ECE4191G11/ROS/install/robot_interfaces/include/robot_interfaces/robot_interfaces/msg/rosidl_typesupport_fastrtps_c__visibility_control.h
[2.747s] -- Up-to-date: /home/rpi-team11/ECE4191G11/ROS/install/robot_interfaces/include/robot_interfaces/robot_interfaces/msg/detail
[2.748s] -- Up-to-date: /home/rpi-team11/ECE4191G11/ROS/install/robot_interfaces/include/robot_interfaces/robot_interfaces/msg/detail/distances__rosidl_typesupport_fastrtps_c.h
[2.748s] -- Up-to-date: /home/rpi-team11/ECE4191G11/ROS/install/robot_interfaces/include/robot_interfaces/robot_interfaces/msg/detail/waypoint__rosidl_typesupport_fastrtps_c.h
[2.749s] -- Up-to-date: /home/rpi-team11/ECE4191G11/ROS/install/robot_interfaces/include/robot_interfaces/robot_interfaces/msg/detail/pose__rosidl_typesupport_fastrtps_c.h
[2.749s] -- Up-to-date: /home/rpi-team11/ECE4191G11/ROS/install/robot_interfaces/include/robot_interfaces/robot_interfaces/msg/detail/encoder_info__rosidl_typesupport_fastrtps_c.h
[2.750s] -- Up-to-date: /home/rpi-team11/ECE4191G11/ROS/install/robot_interfaces/lib/librobot_interfaces__rosidl_typesupport_fastrtps_c.so
[2.750s] -- Up-to-date: /home/rpi-team11/ECE4191G11/ROS/install/robot_interfaces/include/robot_interfaces/robot_interfaces
[2.751s] -- Up-to-date: /home/rpi-team11/ECE4191G11/ROS/install/robot_interfaces/include/robot_interfaces/robot_interfaces/msg
[2.751s] -- Up-to-date: /home/rpi-team11/ECE4191G11/ROS/install/robot_interfaces/include/robot_interfaces/robot_interfaces/msg/detail
[2.751s] -- Up-to-date: /home/rpi-team11/ECE4191G11/ROS/install/robot_interfaces/include/robot_interfaces/robot_interfaces/msg/detail/distances__type_support.c
[2.752s] -- Up-to-date: /home/rpi-team11/ECE4191G11/ROS/install/robot_interfaces/include/robot_interfaces/robot_interfaces/msg/detail/encoder_info__rosidl_typesupport_introspection_c.h
[2.752s] -- Up-to-date: /home/rpi-team11/ECE4191G11/ROS/install/robot_interfaces/include/robot_interfaces/robot_interfaces/msg/detail/pose__rosidl_typesupport_introspection_c.h
[2.753s] -- Up-to-date: /home/rpi-team11/ECE4191G11/ROS/install/robot_interfaces/include/robot_interfaces/robot_interfaces/msg/detail/distances__rosidl_typesupport_introspection_c.h
[2.753s] -- Up-to-date: /home/rpi-team11/ECE4191G11/ROS/install/robot_interfaces/include/robot_interfaces/robot_interfaces/msg/detail/pose__type_support.c
[2.754s] -- Up-to-date: /home/rpi-team11/ECE4191G11/ROS/install/robot_interfaces/include/robot_interfaces/robot_interfaces/msg/detail/waypoint__type_support.c
[2.755s] -- Up-to-date: /home/rpi-team11/ECE4191G11/ROS/install/robot_interfaces/include/robot_interfaces/robot_interfaces/msg/detail/encoder_info__type_support.c
[2.756s] -- Up-to-date: /home/rpi-team11/ECE4191G11/ROS/install/robot_interfaces/include/robot_interfaces/robot_interfaces/msg/detail/waypoint__rosidl_typesupport_introspection_c.h
[2.757s] -- Up-to-date: /home/rpi-team11/ECE4191G11/ROS/install/robot_interfaces/include/robot_interfaces/robot_interfaces/msg/rosidl_typesupport_introspection_c__visibility_control.h
[2.758s] -- Up-to-date: /home/rpi-team11/ECE4191G11/ROS/install/robot_interfaces/lib/librobot_interfaces__rosidl_typesupport_introspection_c.so
[2.758s] -- Up-to-date: /home/rpi-team11/ECE4191G11/ROS/install/robot_interfaces/lib/librobot_interfaces__rosidl_typesupport_c.so
[2.759s] -- Up-to-date: /home/rpi-team11/ECE4191G11/ROS/install/robot_interfaces/include/robot_interfaces/robot_interfaces
[2.760s] -- Up-to-date: /home/rpi-team11/ECE4191G11/ROS/install/robot_interfaces/include/robot_interfaces/robot_interfaces/msg
[2.761s] -- Up-to-date: /home/rpi-team11/ECE4191G11/ROS/install/robot_interfaces/include/robot_interfaces/robot_interfaces/msg/encoder_info.hpp
[2.761s] -- Up-to-date: /home/rpi-team11/ECE4191G11/ROS/install/robot_interfaces/include/robot_interfaces/robot_interfaces/msg/detail
[2.762s] -- Up-to-date: /home/rpi-team11/ECE4191G11/ROS/install/robot_interfaces/include/robot_interfaces/robot_interfaces/msg/detail/distances__builder.hpp
[2.764s] -- Up-to-date: /home/rpi-team11/ECE4191G11/ROS/install/robot_interfaces/include/robot_interfaces/robot_interfaces/msg/detail/pose__builder.hpp
[2.765s] -- Up-to-date: /home/rpi-team11/ECE4191G11/ROS/install/robot_interfaces/include/robot_interfaces/robot_interfaces/msg/detail/pose__traits.hpp
[2.765s] -- Up-to-date: /home/rpi-team11/ECE4191G11/ROS/install/robot_interfaces/include/robot_interfaces/robot_interfaces/msg/detail/encoder_info__struct.hpp
[2.766s] -- Up-to-date: /home/rpi-team11/ECE4191G11/ROS/install/robot_interfaces/include/robot_interfaces/robot_interfaces/msg/detail/encoder_info__builder.hpp
[2.766s] -- Up-to-date: /home/rpi-team11/ECE4191G11/ROS/install/robot_interfaces/include/robot_interfaces/robot_interfaces/msg/detail/waypoint__struct.hpp
[2.767s] -- Up-to-date: /home/rpi-team11/ECE4191G11/ROS/install/robot_interfaces/include/robot_interfaces/robot_interfaces/msg/detail/distances__struct.hpp
[2.768s] -- Up-to-date: /home/rpi-team11/ECE4191G11/ROS/install/robot_interfaces/include/robot_interfaces/robot_interfaces/msg/detail/waypoint__traits.hpp
[2.769s] -- Up-to-date: /home/rpi-team11/ECE4191G11/ROS/install/robot_interfaces/include/robot_interfaces/robot_interfaces/msg/detail/distances__traits.hpp
[2.770s] -- Up-to-date: /home/rpi-team11/ECE4191G11/ROS/install/robot_interfaces/include/robot_interfaces/robot_interfaces/msg/detail/encoder_info__traits.hpp
[2.770s] -- Up-to-date: /home/rpi-team11/ECE4191G11/ROS/install/robot_interfaces/include/robot_interfaces/robot_interfaces/msg/detail/pose__struct.hpp
[2.771s] -- Up-to-date: /home/rpi-team11/ECE4191G11/ROS/install/robot_interfaces/include/robot_interfaces/robot_interfaces/msg/detail/waypoint__builder.hpp
[2.771s] -- Up-to-date: /home/rpi-team11/ECE4191G11/ROS/install/robot_interfaces/include/robot_interfaces/robot_interfaces/msg/pose.hpp
[2.772s] -- Up-to-date: /home/rpi-team11/ECE4191G11/ROS/install/robot_interfaces/include/robot_interfaces/robot_interfaces/msg/distances.hpp
[2.772s] -- Up-to-date: /home/rpi-team11/ECE4191G11/ROS/install/robot_interfaces/include/robot_interfaces/robot_interfaces/msg/waypoint.hpp
[2.772s] -- Up-to-date: /home/rpi-team11/ECE4191G11/ROS/install/robot_interfaces/include/robot_interfaces/robot_interfaces
[2.773s] -- Up-to-date: /home/rpi-team11/ECE4191G11/ROS/install/robot_interfaces/include/robot_interfaces/robot_interfaces/msg
[2.773s] -- Up-to-date: /home/rpi-team11/ECE4191G11/ROS/install/robot_interfaces/include/robot_interfaces/robot_interfaces/msg/detail
[2.774s] -- Up-to-date: /home/rpi-team11/ECE4191G11/ROS/install/robot_interfaces/include/robot_interfaces/robot_interfaces/msg/detail/distances__rosidl_typesupport_fastrtps_cpp.hpp
[2.775s] -- Up-to-date: /home/rpi-team11/ECE4191G11/ROS/install/robot_interfaces/include/robot_interfaces/robot_interfaces/msg/detail/dds_fastrtps
[2.775s] -- Up-to-date: /home/rpi-team11/ECE4191G11/ROS/install/robot_interfaces/include/robot_interfaces/robot_interfaces/msg/detail/waypoint__rosidl_typesupport_fastrtps_cpp.hpp
[2.776s] -- Up-to-date: /home/rpi-team11/ECE4191G11/ROS/install/robot_interfaces/include/robot_interfaces/robot_interfaces/msg/detail/encoder_info__rosidl_typesupport_fastrtps_cpp.hpp
[2.777s] -- Up-to-date: /home/rpi-team11/ECE4191G11/ROS/install/robot_interfaces/include/robot_interfaces/robot_interfaces/msg/detail/pose__rosidl_typesupport_fastrtps_cpp.hpp
[2.777s] -- Up-to-date: /home/rpi-team11/ECE4191G11/ROS/install/robot_interfaces/include/robot_interfaces/robot_interfaces/msg/rosidl_typesupport_fastrtps_cpp__visibility_control.h
[2.777s] -- Up-to-date: /home/rpi-team11/ECE4191G11/ROS/install/robot_interfaces/lib/librobot_interfaces__rosidl_typesupport_fastrtps_cpp.so
[2.778s] -- Up-to-date: /home/rpi-team11/ECE4191G11/ROS/install/robot_interfaces/include/robot_interfaces/robot_interfaces
[2.778s] -- Up-to-date: /home/rpi-team11/ECE4191G11/ROS/install/robot_interfaces/include/robot_interfaces/robot_interfaces/msg
[2.779s] -- Up-to-date: /home/rpi-team11/ECE4191G11/ROS/install/robot_interfaces/include/robot_interfaces/robot_interfaces/msg/detail
[2.779s] -- Up-to-date: /home/rpi-team11/ECE4191G11/ROS/install/robot_interfaces/include/robot_interfaces/robot_interfaces/msg/detail/pose__type_support.cpp
[2.779s] -- Up-to-date: /home/rpi-team11/ECE4191G11/ROS/install/robot_interfaces/include/robot_interfaces/robot_interfaces/msg/detail/encoder_info__type_support.cpp
[2.780s] -- Up-to-date: /home/rpi-team11/ECE4191G11/ROS/install/robot_interfaces/include/robot_interfaces/robot_interfaces/msg/detail/distances__type_support.cpp
[2.780s] -- Up-to-date: /home/rpi-team11/ECE4191G11/ROS/install/robot_interfaces/include/robot_interfaces/robot_interfaces/msg/detail/pose__rosidl_typesupport_introspection_cpp.hpp
[2.781s] -- Up-to-date: /home/rpi-team11/ECE4191G11/ROS/install/robot_interfaces/include/robot_interfaces/robot_interfaces/msg/detail/encoder_info__rosidl_typesupport_introspection_cpp.hpp
[2.781s] -- Up-to-date: /home/rpi-team11/ECE4191G11/ROS/install/robot_interfaces/include/robot_interfaces/robot_interfaces/msg/detail/waypoint__type_support.cpp
[2.782s] -- Up-to-date: /home/rpi-team11/ECE4191G11/ROS/install/robot_interfaces/include/robot_interfaces/robot_interfaces/msg/detail/distances__rosidl_typesupport_introspection_cpp.hpp
[2.782s] -- Up-to-date: /home/rpi-team11/ECE4191G11/ROS/install/robot_interfaces/include/robot_interfaces/robot_interfaces/msg/detail/waypoint__rosidl_typesupport_introspection_cpp.hpp
[2.783s] -- Up-to-date: /home/rpi-team11/ECE4191G11/ROS/install/robot_interfaces/lib/librobot_interfaces__rosidl_typesupport_introspection_cpp.so
[2.784s] -- Up-to-date: /home/rpi-team11/ECE4191G11/ROS/install/robot_interfaces/lib/librobot_interfaces__rosidl_typesupport_cpp.so
[2.784s] -- Up-to-date: /home/rpi-team11/ECE4191G11/ROS/install/robot_interfaces/share/robot_interfaces/environment/pythonpath.sh
[2.785s] -- Up-to-date: /home/rpi-team11/ECE4191G11/ROS/install/robot_interfaces/share/robot_interfaces/environment/pythonpath.dsv
[2.786s] -- Up-to-date: /home/rpi-team11/ECE4191G11/ROS/install/robot_interfaces/local/lib/python3.10/dist-packages/robot_interfaces-0.0.0-py3.10.egg-info
[2.786s] -- Installing: /home/rpi-team11/ECE4191G11/ROS/install/robot_interfaces/local/lib/python3.10/dist-packages/robot_interfaces-0.0.0-py3.10.egg-info/dependency_links.txt
[2.787s] -- Installing: /home/rpi-team11/ECE4191G11/ROS/install/robot_interfaces/local/lib/python3.10/dist-packages/robot_interfaces-0.0.0-py3.10.egg-info/top_level.txt
[2.788s] -- Installing: /home/rpi-team11/ECE4191G11/ROS/install/robot_interfaces/local/lib/python3.10/dist-packages/robot_interfaces-0.0.0-py3.10.egg-info/SOURCES.txt
[2.788s] -- Installing: /home/rpi-team11/ECE4191G11/ROS/install/robot_interfaces/local/lib/python3.10/dist-packages/robot_interfaces-0.0.0-py3.10.egg-info/PKG-INFO
[2.788s] -- Up-to-date: /home/rpi-team11/ECE4191G11/ROS/install/robot_interfaces/local/lib/python3.10/dist-packages/robot_interfaces
[2.789s] -- Up-to-date: /home/rpi-team11/ECE4191G11/ROS/install/robot_interfaces/local/lib/python3.10/dist-packages/robot_interfaces/msg
[2.790s] -- Up-to-date: /home/rpi-team11/ECE4191G11/ROS/install/robot_interfaces/local/lib/python3.10/dist-packages/robot_interfaces/msg/_distances.py
[2.790s] -- Up-to-date: /home/rpi-team11/ECE4191G11/ROS/install/robot_interfaces/local/lib/python3.10/dist-packages/robot_interfaces/msg/_waypoint.py
[2.790s] -- Up-to-date: /home/rpi-team11/ECE4191G11/ROS/install/robot_interfaces/local/lib/python3.10/dist-packages/robot_interfaces/msg/_encoder_info.py
[2.791s] -- Up-to-date: /home/rpi-team11/ECE4191G11/ROS/install/robot_interfaces/local/lib/python3.10/dist-packages/robot_interfaces/msg/_pose_s.c
[2.791s] -- Up-to-date: /home/rpi-team11/ECE4191G11/ROS/install/robot_interfaces/local/lib/python3.10/dist-packages/robot_interfaces/msg/__init__.py
[2.792s] -- Up-to-date: /home/rpi-team11/ECE4191G11/ROS/install/robot_interfaces/local/lib/python3.10/dist-packages/robot_interfaces/msg/_waypoint_s.c
[2.792s] -- Up-to-date: /home/rpi-team11/ECE4191G11/ROS/install/robot_interfaces/local/lib/python3.10/dist-packages/robot_interfaces/msg/_pose.py
[2.792s] -- Up-to-date: /home/rpi-team11/ECE4191G11/ROS/install/robot_interfaces/local/lib/python3.10/dist-packages/robot_interfaces/msg/_encoder_info_s.c
[2.793s] -- Up-to-date: /home/rpi-team11/ECE4191G11/ROS/install/robot_interfaces/local/lib/python3.10/dist-packages/robot_interfaces/msg/_distances_s.c
[2.793s] -- Up-to-date: /home/rpi-team11/ECE4191G11/ROS/install/robot_interfaces/local/lib/python3.10/dist-packages/robot_interfaces/_robot_interfaces_s.ep.rosidl_typesupport_c.c
[2.793s] -- Up-to-date: /home/rpi-team11/ECE4191G11/ROS/install/robot_interfaces/local/lib/python3.10/dist-packages/robot_interfaces/__init__.py
[2.794s] -- Up-to-date: /home/rpi-team11/ECE4191G11/ROS/install/robot_interfaces/local/lib/python3.10/dist-packages/robot_interfaces/robot_interfaces_s__rosidl_typesupport_c.cpython-310-aarch64-linux-gnu.so
[2.794s] -- Up-to-date: /home/rpi-team11/ECE4191G11/ROS/install/robot_interfaces/local/lib/python3.10/dist-packages/robot_interfaces/_robot_interfaces_s.ep.rosidl_typesupport_introspection_c.c
[2.795s] -- Up-to-date: /home/rpi-team11/ECE4191G11/ROS/install/robot_interfaces/local/lib/python3.10/dist-packages/robot_interfaces/_robot_interfaces_s.ep.rosidl_typesupport_fastrtps_c.c
[2.795s] -- Up-to-date: /home/rpi-team11/ECE4191G11/ROS/install/robot_interfaces/local/lib/python3.10/dist-packages/robot_interfaces/librobot_interfaces__rosidl_generator_py.so
[2.796s] -- Up-to-date: /home/rpi-team11/ECE4191G11/ROS/install/robot_interfaces/local/lib/python3.10/dist-packages/robot_interfaces/robot_interfaces_s__rosidl_typesupport_fastrtps_c.cpython-310-aarch64-linux-gnu.so
[2.796s] -- Up-to-date: /home/rpi-team11/ECE4191G11/ROS/install/robot_interfaces/local/lib/python3.10/dist-packages/robot_interfaces/robot_interfaces_s__rosidl_typesupport_introspection_c.cpython-310-aarch64-linux-gnu.so
[2.946s] Listing '/home/rpi-team11/ECE4191G11/ROS/install/robot_interfaces/local/lib/python3.10/dist-packages/robot_interfaces'...
[2.947s] Listing '/home/rpi-team11/ECE4191G11/ROS/install/robot_interfaces/local/lib/python3.10/dist-packages/robot_interfaces/msg'...
[2.968s] -- Up-to-date: /home/rpi-team11/ECE4191G11/ROS/install/robot_interfaces/local/lib/python3.10/dist-packages/robot_interfaces/robot_interfaces_s__rosidl_typesupport_fastrtps_c.cpython-310-aarch64-linux-gnu.so
[2.970s] -- Up-to-date: /home/rpi-team11/ECE4191G11/ROS/install/robot_interfaces/local/lib/python3.10/dist-packages/robot_interfaces/robot_interfaces_s__rosidl_typesupport_introspection_c.cpython-310-aarch64-linux-gnu.so
[2.973s] -- Up-to-date: /home/rpi-team11/ECE4191G11/ROS/install/robot_interfaces/local/lib/python3.10/dist-packages/robot_interfaces/robot_interfaces_s__rosidl_typesupport_c.cpython-310-aarch64-linux-gnu.so
[2.976s] -- Up-to-date: /home/rpi-team11/ECE4191G11/ROS/install/robot_interfaces/lib/librobot_interfaces__rosidl_generator_py.so
[2.977s] -- Up-to-date: /home/rpi-team11/ECE4191G11/ROS/install/robot_interfaces/share/robot_interfaces/msg/Waypoint.idl
[2.978s] -- Up-to-date: /home/rpi-team11/ECE4191G11/ROS/install/robot_interfaces/share/robot_interfaces/msg/Pose.idl
[2.978s] -- Up-to-date: /home/rpi-team11/ECE4191G11/ROS/install/robot_interfaces/share/robot_interfaces/msg/Distances.idl
[2.979s] -- Up-to-date: /home/rpi-team11/ECE4191G11/ROS/install/robot_interfaces/share/robot_interfaces/msg/EncoderInfo.idl
[2.979s] -- Up-to-date: /home/rpi-team11/ECE4191G11/ROS/install/robot_interfaces/share/robot_interfaces/msg/Waypoint.msg
[2.980s] -- Up-to-date: /home/rpi-team11/ECE4191G11/ROS/install/robot_interfaces/share/robot_interfaces/msg/Pose.msg
[2.981s] -- Up-to-date: /home/rpi-team11/ECE4191G11/ROS/install/robot_interfaces/share/robot_interfaces/msg/Distances.msg
[2.981s] -- Up-to-date: /home/rpi-team11/ECE4191G11/ROS/install/robot_interfaces/share/robot_interfaces/msg/EncoderInfo.msg
[2.982s] -- Up-to-date: /home/rpi-team11/ECE4191G11/ROS/install/robot_interfaces/share/ament_index/resource_index/package_run_dependencies/robot_interfaces
[2.983s] -- Up-to-date: /home/rpi-team11/ECE4191G11/ROS/install/robot_interfaces/share/ament_index/resource_index/parent_prefix_path/robot_interfaces
[2.984s] -- Up-to-date: /home/rpi-team11/ECE4191G11/ROS/install/robot_interfaces/share/robot_interfaces/environment/ament_prefix_path.sh
[2.984s] -- Up-to-date: /home/rpi-team11/ECE4191G11/ROS/install/robot_interfaces/share/robot_interfaces/environment/ament_prefix_path.dsv
[2.985s] -- Up-to-date: /home/rpi-team11/ECE4191G11/ROS/install/robot_interfaces/share/robot_interfaces/environment/path.sh
[2.985s] -- Up-to-date: /home/rpi-team11/ECE4191G11/ROS/install/robot_interfaces/share/robot_interfaces/environment/path.dsv
[2.986s] -- Up-to-date: /home/rpi-team11/ECE4191G11/ROS/install/robot_interfaces/share/robot_interfaces/local_setup.bash
[2.987s] -- Up-to-date: /home/rpi-team11/ECE4191G11/ROS/install/robot_interfaces/share/robot_interfaces/local_setup.sh
[2.987s] -- Up-to-date: /home/rpi-team11/ECE4191G11/ROS/install/robot_interfaces/share/robot_interfaces/local_setup.zsh
[2.988s] -- Up-to-date: /home/rpi-team11/ECE4191G11/ROS/install/robot_interfaces/share/robot_interfaces/local_setup.dsv
[2.988s] -- Installing: /home/rpi-team11/ECE4191G11/ROS/install/robot_interfaces/share/robot_interfaces/package.dsv
[2.989s] -- Up-to-date: /home/rpi-team11/ECE4191G11/ROS/install/robot_interfaces/share/ament_index/resource_index/packages/robot_interfaces
[2.989s] -- Up-to-date: /home/rpi-team11/ECE4191G11/ROS/install/robot_interfaces/share/robot_interfaces/cmake/export_robot_interfaces__rosidl_generator_cExport.cmake
[2.990s] -- Up-to-date: /home/rpi-team11/ECE4191G11/ROS/install/robot_interfaces/share/robot_interfaces/cmake/export_robot_interfaces__rosidl_generator_cExport-noconfig.cmake
[2.990s] -- Up-to-date: /home/rpi-team11/ECE4191G11/ROS/install/robot_interfaces/share/robot_interfaces/cmake/export_robot_interfaces__rosidl_typesupport_fastrtps_cExport.cmake
[2.991s] -- Up-to-date: /home/rpi-team11/ECE4191G11/ROS/install/robot_interfaces/share/robot_interfaces/cmake/export_robot_interfaces__rosidl_typesupport_fastrtps_cExport-noconfig.cmake
[2.992s] -- Up-to-date: /home/rpi-team11/ECE4191G11/ROS/install/robot_interfaces/share/robot_interfaces/cmake/robot_interfaces__rosidl_typesupport_introspection_cExport.cmake
[2.992s] -- Up-to-date: /home/rpi-team11/ECE4191G11/ROS/install/robot_interfaces/share/robot_interfaces/cmake/robot_interfaces__rosidl_typesupport_introspection_cExport-noconfig.cmake
[2.993s] -- Up-to-date: /home/rpi-team11/ECE4191G11/ROS/install/robot_interfaces/share/robot_interfaces/cmake/robot_interfaces__rosidl_typesupport_cExport.cmake
[2.993s] -- Up-to-date: /home/rpi-team11/ECE4191G11/ROS/install/robot_interfaces/share/robot_interfaces/cmake/robot_interfaces__rosidl_typesupport_cExport-noconfig.cmake
[2.994s] -- Up-to-date: /home/rpi-team11/ECE4191G11/ROS/install/robot_interfaces/share/robot_interfaces/cmake/export_robot_interfaces__rosidl_generator_cppExport.cmake
[2.994s] -- Up-to-date: /home/rpi-team11/ECE4191G11/ROS/install/robot_interfaces/share/robot_interfaces/cmake/export_robot_interfaces__rosidl_typesupport_fastrtps_cppExport.cmake
[2.995s] -- Up-to-date: /home/rpi-team11/ECE4191G11/ROS/install/robot_interfaces/share/robot_interfaces/cmake/export_robot_interfaces__rosidl_typesupport_fastrtps_cppExport-noconfig.cmake
[2.996s] -- Up-to-date: /home/rpi-team11/ECE4191G11/ROS/install/robot_interfaces/share/robot_interfaces/cmake/robot_interfaces__rosidl_typesupport_introspection_cppExport.cmake
[2.997s] -- Up-to-date: /home/rpi-team11/ECE4191G11/ROS/install/robot_interfaces/share/robot_interfaces/cmake/robot_interfaces__rosidl_typesupport_introspection_cppExport-noconfig.cmake
[2.997s] -- Up-to-date: /home/rpi-team11/ECE4191G11/ROS/install/robot_interfaces/share/robot_interfaces/cmake/robot_interfaces__rosidl_typesupport_cppExport.cmake
[2.998s] -- Up-to-date: /home/rpi-team11/ECE4191G11/ROS/install/robot_interfaces/share/robot_interfaces/cmake/robot_interfaces__rosidl_typesupport_cppExport-noconfig.cmake
[2.999s] -- Up-to-date: /home/rpi-team11/ECE4191G11/ROS/install/robot_interfaces/share/robot_interfaces/cmake/export_robot_interfaces__rosidl_generator_pyExport.cmake
[3.000s] -- Up-to-date: /home/rpi-team11/ECE4191G11/ROS/install/robot_interfaces/share/robot_interfaces/cmake/export_robot_interfaces__rosidl_generator_pyExport-noconfig.cmake
[3.001s] -- Up-to-date: /home/rpi-team11/ECE4191G11/ROS/install/robot_interfaces/share/robot_interfaces/cmake/rosidl_cmake-extras.cmake
[3.002s] -- Up-to-date: /home/rpi-team11/ECE4191G11/ROS/install/robot_interfaces/share/robot_interfaces/cmake/ament_cmake_export_include_directories-extras.cmake
[3.002s] -- Up-to-date: /home/rpi-team11/ECE4191G11/ROS/install/robot_interfaces/share/robot_interfaces/cmake/ament_cmake_export_libraries-extras.cmake
[3.003s] -- Up-to-date: /home/rpi-team11/ECE4191G11/ROS/install/robot_interfaces/share/robot_interfaces/cmake/ament_cmake_export_targets-extras.cmake
[3.004s] -- Up-to-date: /home/rpi-team11/ECE4191G11/ROS/install/robot_interfaces/share/robot_interfaces/cmake/rosidl_cmake_export_typesupport_targets-extras.cmake
[3.004s] -- Up-to-date: /home/rpi-team11/ECE4191G11/ROS/install/robot_interfaces/share/robot_interfaces/cmake/ament_cmake_export_dependencies-extras.cmake
[3.005s] -- Up-to-date: /home/rpi-team11/ECE4191G11/ROS/install/robot_interfaces/share/robot_interfaces/cmake/rosidl_cmake_export_typesupport_libraries-extras.cmake
[3.005s] -- Up-to-date: /home/rpi-team11/ECE4191G11/ROS/install/robot_interfaces/share/robot_interfaces/cmake/robot_interfacesConfig.cmake
[3.006s] -- Up-to-date: /home/rpi-team11/ECE4191G11/ROS/install/robot_interfaces/share/robot_interfaces/cmake/robot_interfacesConfig-version.cmake
[3.006s] -- Up-to-date: /home/rpi-team11/ECE4191G11/ROS/install/robot_interfaces/share/robot_interfaces/package.xml
[3.013s] Invoked command in '/home/rpi-team11/ECE4191G11/ROS/build/robot_interfaces' returned '0': CMAKE_PREFIX_PATH=${CMAKE_PREFIX_PATH}:/home/rpi-team11/ECE4191G11/ROS/install/robot_controller:/opt/ros/humble /usr/bin/cmake --install /home/rpi-team11/ECE4191G11/ROS/build/robot_interfaces
