[0.030s] Invoking command in '/home/lingc/ECE4191G11/ROS_PC/build/robot_interfaces': CMAKE_PREFIX_PATH=${CMAKE_PREFIX_PATH}:/home/lingc/ECE4191G11/ROS_PC/install/robot_controller:/opt/ros/humble /usr/bin/cmake --build /home/lingc/ECE4191G11/ROS_PC/build/robot_interfaces -- -j4 -l4
[0.168s] [ 10%] Built target robot_interfaces__rosidl_generator_c
[0.177s] [ 12%] Built target robot_interfaces__cpp
[0.217s] [ 23%] Built target robot_interfaces__rosidl_typesupport_introspection_c
[0.220s] [ 34%] Built target robot_interfaces__rosidl_typesupport_c
[0.220s] [ 45%] Built target robot_interfaces__rosidl_typesupport_fastrtps_c
[0.237s] [ 45%] Built target ament_cmake_python_copy_robot_interfaces
[0.277s] [ 56%] Built target robot_interfaces__rosidl_typesupport_fastrtps_cpp
[0.283s] [ 67%] Built target robot_interfaces__rosidl_typesupport_introspection_cpp
[0.294s] [ 78%] Built target robot_interfaces__rosidl_typesupport_cpp
[0.329s] [ 78%] Built target robot_interfaces
[0.402s] [ 80%] Built target robot_interfaces__py
[0.473s] [ 89%] Built target robot_interfaces__rosidl_generator_py
[0.607s] [ 92%] Built target robot_interfaces__rosidl_typesupport_fastrtps_c__pyext
[0.623s] [ 96%] Built target robot_interfaces__rosidl_typesupport_introspection_c__pyext
[0.657s] [100%] Built target robot_interfaces__rosidl_typesupport_c__pyext
[0.753s] running egg_info
[0.755s] writing robot_interfaces.egg-info/PKG-INFO
[0.759s] writing dependency_links to robot_interfaces.egg-info/dependency_links.txt
[0.759s] writing top-level names to robot_interfaces.egg-info/top_level.txt
[0.761s] reading manifest file 'robot_interfaces.egg-info/SOURCES.txt'
[0.762s] writing manifest file 'robot_interfaces.egg-info/SOURCES.txt'
[0.812s] [100%] Built target ament_cmake_python_build_robot_interfaces_egg
[0.836s] Invoked command in '/home/lingc/ECE4191G11/ROS_PC/build/robot_interfaces' returned '0': CMAKE_PREFIX_PATH=${CMAKE_PREFIX_PATH}:/home/lingc/ECE4191G11/ROS_PC/install/robot_controller:/opt/ros/humble /usr/bin/cmake --build /home/lingc/ECE4191G11/ROS_PC/build/robot_interfaces -- -j4 -l4
[1.315s] Invoking command in '/home/lingc/ECE4191G11/ROS_PC/build/robot_interfaces': CMAKE_PREFIX_PATH=${CMAKE_PREFIX_PATH}:/home/lingc/ECE4191G11/ROS_PC/install/robot_controller:/opt/ros/humble /usr/bin/cmake --install /home/lingc/ECE4191G11/ROS_PC/build/robot_interfaces
[1.330s] -- Install configuration: ""
[1.330s] -- Up-to-date: /home/lingc/ECE4191G11/ROS_PC/install/robot_interfaces/share/ament_index/resource_index/rosidl_interfaces/robot_interfaces
[1.331s] -- Up-to-date: /home/lingc/ECE4191G11/ROS_PC/install/robot_interfaces/include/robot_interfaces/robot_interfaces
[1.331s] -- Up-to-date: /home/lingc/ECE4191G11/ROS_PC/install/robot_interfaces/include/robot_interfaces/robot_interfaces/msg
[1.331s] -- Up-to-date: /home/lingc/ECE4191G11/ROS_PC/install/robot_interfaces/include/robot_interfaces/robot_interfaces/msg/encoder_info.h
[1.331s] -- Up-to-date: /home/lingc/ECE4191G11/ROS_PC/install/robot_interfaces/include/robot_interfaces/robot_interfaces/msg/waypoint.h
[1.332s] -- Up-to-date: /home/lingc/ECE4191G11/ROS_PC/install/robot_interfaces/include/robot_interfaces/robot_interfaces/msg/detail
[1.332s] -- Up-to-date: /home/lingc/ECE4191G11/ROS_PC/install/robot_interfaces/include/robot_interfaces/robot_interfaces/msg/detail/waypoint__functions.c
[1.332s] -- Up-to-date: /home/lingc/ECE4191G11/ROS_PC/install/robot_interfaces/include/robot_interfaces/robot_interfaces/msg/detail/encoder_info__functions.c
[1.332s] -- Up-to-date: /home/lingc/ECE4191G11/ROS_PC/install/robot_interfaces/include/robot_interfaces/robot_interfaces/msg/detail/pose__functions.h
[1.332s] -- Up-to-date: /home/lingc/ECE4191G11/ROS_PC/install/robot_interfaces/include/robot_interfaces/robot_interfaces/msg/detail/distances__functions.c
[1.333s] -- Up-to-date: /home/lingc/ECE4191G11/ROS_PC/install/robot_interfaces/include/robot_interfaces/robot_interfaces/msg/detail/distances__functions.h
[1.333s] -- Up-to-date: /home/lingc/ECE4191G11/ROS_PC/install/robot_interfaces/include/robot_interfaces/robot_interfaces/msg/detail/waypoint__type_support.h
[1.333s] -- Up-to-date: /home/lingc/ECE4191G11/ROS_PC/install/robot_interfaces/include/robot_interfaces/robot_interfaces/msg/detail/distances__type_support.h
[1.333s] -- Up-to-date: /home/lingc/ECE4191G11/ROS_PC/install/robot_interfaces/include/robot_interfaces/robot_interfaces/msg/detail/encoder_info__type_support.h
[1.334s] -- Up-to-date: /home/lingc/ECE4191G11/ROS_PC/install/robot_interfaces/include/robot_interfaces/robot_interfaces/msg/detail/encoder_info__functions.h
[1.334s] -- Up-to-date: /home/lingc/ECE4191G11/ROS_PC/install/robot_interfaces/include/robot_interfaces/robot_interfaces/msg/detail/pose__functions.c
[1.334s] -- Up-to-date: /home/lingc/ECE4191G11/ROS_PC/install/robot_interfaces/include/robot_interfaces/robot_interfaces/msg/detail/waypoint__functions.h
[1.334s] -- Up-to-date: /home/lingc/ECE4191G11/ROS_PC/install/robot_interfaces/include/robot_interfaces/robot_interfaces/msg/detail/pose__type_support.h
[1.334s] -- Up-to-date: /home/lingc/ECE4191G11/ROS_PC/install/robot_interfaces/include/robot_interfaces/robot_interfaces/msg/detail/pose__struct.h
[1.334s] -- Up-to-date: /home/lingc/ECE4191G11/ROS_PC/install/robot_interfaces/include/robot_interfaces/robot_interfaces/msg/detail/encoder_info__struct.h
[1.335s] -- Up-to-date: /home/lingc/ECE4191G11/ROS_PC/install/robot_interfaces/include/robot_interfaces/robot_interfaces/msg/detail/distances__struct.h
[1.335s] -- Up-to-date: /home/lingc/ECE4191G11/ROS_PC/install/robot_interfaces/include/robot_interfaces/robot_interfaces/msg/detail/waypoint__struct.h
[1.335s] -- Up-to-date: /home/lingc/ECE4191G11/ROS_PC/install/robot_interfaces/include/robot_interfaces/robot_interfaces/msg/rosidl_generator_c__visibility_control.h
[1.335s] -- Up-to-date: /home/lingc/ECE4191G11/ROS_PC/install/robot_interfaces/include/robot_interfaces/robot_interfaces/msg/pose.h
[1.335s] -- Up-to-date: /home/lingc/ECE4191G11/ROS_PC/install/robot_interfaces/include/robot_interfaces/robot_interfaces/msg/distances.h
[1.336s] -- Up-to-date: /home/lingc/ECE4191G11/ROS_PC/install/robot_interfaces/share/robot_interfaces/environment/library_path.sh
[1.336s] -- Up-to-date: /home/lingc/ECE4191G11/ROS_PC/install/robot_interfaces/share/robot_interfaces/environment/library_path.dsv
[1.336s] -- Up-to-date: /home/lingc/ECE4191G11/ROS_PC/install/robot_interfaces/lib/librobot_interfaces__rosidl_generator_c.so
[1.336s] -- Up-to-date: /home/lingc/ECE4191G11/ROS_PC/install/robot_interfaces/include/robot_interfaces/robot_interfaces
[1.337s] -- Up-to-date: /home/lingc/ECE4191G11/ROS_PC/install/robot_interfaces/include/robot_interfaces/robot_interfaces/msg
[1.337s] -- Up-to-date: /home/lingc/ECE4191G11/ROS_PC/install/robot_interfaces/include/robot_interfaces/robot_interfaces/msg/detail
[1.337s] -- Up-to-date: /home/lingc/ECE4191G11/ROS_PC/install/robot_interfaces/include/robot_interfaces/robot_interfaces/msg/detail/waypoint__rosidl_typesupport_fastrtps_c.h
[1.337s] -- Up-to-date: /home/lingc/ECE4191G11/ROS_PC/install/robot_interfaces/include/robot_interfaces/robot_interfaces/msg/detail/distances__rosidl_typesupport_fastrtps_c.h
[1.338s] -- Up-to-date: /home/lingc/ECE4191G11/ROS_PC/install/robot_interfaces/include/robot_interfaces/robot_interfaces/msg/detail/encoder_info__rosidl_typesupport_fastrtps_c.h
[1.338s] -- Up-to-date: /home/lingc/ECE4191G11/ROS_PC/install/robot_interfaces/include/robot_interfaces/robot_interfaces/msg/detail/pose__rosidl_typesupport_fastrtps_c.h
[1.338s] -- Up-to-date: /home/lingc/ECE4191G11/ROS_PC/install/robot_interfaces/include/robot_interfaces/robot_interfaces/msg/rosidl_typesupport_fastrtps_c__visibility_control.h
[1.338s] -- Up-to-date: /home/lingc/ECE4191G11/ROS_PC/install/robot_interfaces/lib/librobot_interfaces__rosidl_typesupport_fastrtps_c.so
[1.339s] -- Up-to-date: /home/lingc/ECE4191G11/ROS_PC/install/robot_interfaces/include/robot_interfaces/robot_interfaces
[1.339s] -- Up-to-date: /home/lingc/ECE4191G11/ROS_PC/install/robot_interfaces/include/robot_interfaces/robot_interfaces/msg
[1.339s] -- Up-to-date: /home/lingc/ECE4191G11/ROS_PC/install/robot_interfaces/include/robot_interfaces/robot_interfaces/msg/rosidl_typesupport_introspection_c__visibility_control.h
[1.339s] -- Up-to-date: /home/lingc/ECE4191G11/ROS_PC/install/robot_interfaces/include/robot_interfaces/robot_interfaces/msg/detail
[1.340s] -- Up-to-date: /home/lingc/ECE4191G11/ROS_PC/install/robot_interfaces/include/robot_interfaces/robot_interfaces/msg/detail/encoder_info__rosidl_typesupport_introspection_c.h
[1.340s] -- Up-to-date: /home/lingc/ECE4191G11/ROS_PC/install/robot_interfaces/include/robot_interfaces/robot_interfaces/msg/detail/distances__rosidl_typesupport_introspection_c.h
[1.340s] -- Up-to-date: /home/lingc/ECE4191G11/ROS_PC/install/robot_interfaces/include/robot_interfaces/robot_interfaces/msg/detail/waypoint__type_support.c
[1.340s] -- Up-to-date: /home/lingc/ECE4191G11/ROS_PC/install/robot_interfaces/include/robot_interfaces/robot_interfaces/msg/detail/pose__type_support.c
[1.340s] -- Up-to-date: /home/lingc/ECE4191G11/ROS_PC/install/robot_interfaces/include/robot_interfaces/robot_interfaces/msg/detail/encoder_info__type_support.c
[1.340s] -- Up-to-date: /home/lingc/ECE4191G11/ROS_PC/install/robot_interfaces/include/robot_interfaces/robot_interfaces/msg/detail/pose__rosidl_typesupport_introspection_c.h
[1.340s] -- Up-to-date: /home/lingc/ECE4191G11/ROS_PC/install/robot_interfaces/include/robot_interfaces/robot_interfaces/msg/detail/distances__type_support.c
[1.340s] -- Up-to-date: /home/lingc/ECE4191G11/ROS_PC/install/robot_interfaces/include/robot_interfaces/robot_interfaces/msg/detail/waypoint__rosidl_typesupport_introspection_c.h
[1.340s] -- Up-to-date: /home/lingc/ECE4191G11/ROS_PC/install/robot_interfaces/lib/librobot_interfaces__rosidl_typesupport_introspection_c.so
[1.340s] -- Up-to-date: /home/lingc/ECE4191G11/ROS_PC/install/robot_interfaces/lib/librobot_interfaces__rosidl_typesupport_c.so
[1.340s] -- Up-to-date: /home/lingc/ECE4191G11/ROS_PC/install/robot_interfaces/include/robot_interfaces/robot_interfaces
[1.340s] -- Up-to-date: /home/lingc/ECE4191G11/ROS_PC/install/robot_interfaces/include/robot_interfaces/robot_interfaces/msg
[1.341s] -- Up-to-date: /home/lingc/ECE4191G11/ROS_PC/install/robot_interfaces/include/robot_interfaces/robot_interfaces/msg/waypoint.hpp
[1.341s] -- Up-to-date: /home/lingc/ECE4191G11/ROS_PC/install/robot_interfaces/include/robot_interfaces/robot_interfaces/msg/encoder_info.hpp
[1.341s] -- Up-to-date: /home/lingc/ECE4191G11/ROS_PC/install/robot_interfaces/include/robot_interfaces/robot_interfaces/msg/pose.hpp
[1.341s] -- Up-to-date: /home/lingc/ECE4191G11/ROS_PC/install/robot_interfaces/include/robot_interfaces/robot_interfaces/msg/detail
[1.341s] -- Up-to-date: /home/lingc/ECE4191G11/ROS_PC/install/robot_interfaces/include/robot_interfaces/robot_interfaces/msg/detail/pose__builder.hpp
[1.341s] -- Up-to-date: /home/lingc/ECE4191G11/ROS_PC/install/robot_interfaces/include/robot_interfaces/robot_interfaces/msg/detail/encoder_info__struct.hpp
[1.341s] -- Up-to-date: /home/lingc/ECE4191G11/ROS_PC/install/robot_interfaces/include/robot_interfaces/robot_interfaces/msg/detail/waypoint__builder.hpp
[1.341s] -- Up-to-date: /home/lingc/ECE4191G11/ROS_PC/install/robot_interfaces/include/robot_interfaces/robot_interfaces/msg/detail/waypoint__struct.hpp
[1.341s] -- Up-to-date: /home/lingc/ECE4191G11/ROS_PC/install/robot_interfaces/include/robot_interfaces/robot_interfaces/msg/detail/encoder_info__builder.hpp
[1.341s] -- Up-to-date: /home/lingc/ECE4191G11/ROS_PC/install/robot_interfaces/include/robot_interfaces/robot_interfaces/msg/detail/waypoint__traits.hpp
[1.341s] -- Up-to-date: /home/lingc/ECE4191G11/ROS_PC/install/robot_interfaces/include/robot_interfaces/robot_interfaces/msg/detail/encoder_info__traits.hpp
[1.341s] -- Up-to-date: /home/lingc/ECE4191G11/ROS_PC/install/robot_interfaces/include/robot_interfaces/robot_interfaces/msg/detail/distances__builder.hpp
[1.341s] -- Up-to-date: /home/lingc/ECE4191G11/ROS_PC/install/robot_interfaces/include/robot_interfaces/robot_interfaces/msg/detail/distances__traits.hpp
[1.341s] -- Up-to-date: /home/lingc/ECE4191G11/ROS_PC/install/robot_interfaces/include/robot_interfaces/robot_interfaces/msg/detail/pose__traits.hpp
[1.341s] -- Up-to-date: /home/lingc/ECE4191G11/ROS_PC/install/robot_interfaces/include/robot_interfaces/robot_interfaces/msg/detail/pose__struct.hpp
[1.342s] -- Up-to-date: /home/lingc/ECE4191G11/ROS_PC/install/robot_interfaces/include/robot_interfaces/robot_interfaces/msg/detail/distances__struct.hpp
[1.342s] -- Up-to-date: /home/lingc/ECE4191G11/ROS_PC/install/robot_interfaces/include/robot_interfaces/robot_interfaces/msg/distances.hpp
[1.342s] -- Up-to-date: /home/lingc/ECE4191G11/ROS_PC/install/robot_interfaces/include/robot_interfaces/robot_interfaces
[1.342s] -- Up-to-date: /home/lingc/ECE4191G11/ROS_PC/install/robot_interfaces/include/robot_interfaces/robot_interfaces/msg
[1.342s] -- Up-to-date: /home/lingc/ECE4191G11/ROS_PC/install/robot_interfaces/include/robot_interfaces/robot_interfaces/msg/detail
[1.342s] -- Up-to-date: /home/lingc/ECE4191G11/ROS_PC/install/robot_interfaces/include/robot_interfaces/robot_interfaces/msg/detail/waypoint__rosidl_typesupport_fastrtps_cpp.hpp
[1.342s] -- Up-to-date: /home/lingc/ECE4191G11/ROS_PC/install/robot_interfaces/include/robot_interfaces/robot_interfaces/msg/detail/dds_fastrtps
[1.342s] -- Up-to-date: /home/lingc/ECE4191G11/ROS_PC/install/robot_interfaces/include/robot_interfaces/robot_interfaces/msg/detail/encoder_info__rosidl_typesupport_fastrtps_cpp.hpp
[1.342s] -- Up-to-date: /home/lingc/ECE4191G11/ROS_PC/install/robot_interfaces/include/robot_interfaces/robot_interfaces/msg/detail/pose__rosidl_typesupport_fastrtps_cpp.hpp
[1.342s] -- Up-to-date: /home/lingc/ECE4191G11/ROS_PC/install/robot_interfaces/include/robot_interfaces/robot_interfaces/msg/detail/distances__rosidl_typesupport_fastrtps_cpp.hpp
[1.342s] -- Up-to-date: /home/lingc/ECE4191G11/ROS_PC/install/robot_interfaces/include/robot_interfaces/robot_interfaces/msg/rosidl_typesupport_fastrtps_cpp__visibility_control.h
[1.342s] -- Up-to-date: /home/lingc/ECE4191G11/ROS_PC/install/robot_interfaces/lib/librobot_interfaces__rosidl_typesupport_fastrtps_cpp.so
[1.342s] -- Up-to-date: /home/lingc/ECE4191G11/ROS_PC/install/robot_interfaces/include/robot_interfaces/robot_interfaces
[1.343s] -- Up-to-date: /home/lingc/ECE4191G11/ROS_PC/install/robot_interfaces/include/robot_interfaces/robot_interfaces/msg
[1.343s] -- Up-to-date: /home/lingc/ECE4191G11/ROS_PC/install/robot_interfaces/include/robot_interfaces/robot_interfaces/msg/detail
[1.343s] -- Up-to-date: /home/lingc/ECE4191G11/ROS_PC/install/robot_interfaces/include/robot_interfaces/robot_interfaces/msg/detail/distances__rosidl_typesupport_introspection_cpp.hpp
[1.343s] -- Up-to-date: /home/lingc/ECE4191G11/ROS_PC/install/robot_interfaces/include/robot_interfaces/robot_interfaces/msg/detail/pose__rosidl_typesupport_introspection_cpp.hpp
[1.343s] -- Up-to-date: /home/lingc/ECE4191G11/ROS_PC/install/robot_interfaces/include/robot_interfaces/robot_interfaces/msg/detail/encoder_info__rosidl_typesupport_introspection_cpp.hpp
[1.343s] -- Up-to-date: /home/lingc/ECE4191G11/ROS_PC/install/robot_interfaces/include/robot_interfaces/robot_interfaces/msg/detail/waypoint__type_support.cpp
[1.343s] -- Up-to-date: /home/lingc/ECE4191G11/ROS_PC/install/robot_interfaces/include/robot_interfaces/robot_interfaces/msg/detail/waypoint__rosidl_typesupport_introspection_cpp.hpp
[1.343s] -- Up-to-date: /home/lingc/ECE4191G11/ROS_PC/install/robot_interfaces/include/robot_interfaces/robot_interfaces/msg/detail/distances__type_support.cpp
[1.343s] -- Up-to-date: /home/lingc/ECE4191G11/ROS_PC/install/robot_interfaces/include/robot_interfaces/robot_interfaces/msg/detail/pose__type_support.cpp
[1.343s] -- Up-to-date: /home/lingc/ECE4191G11/ROS_PC/install/robot_interfaces/include/robot_interfaces/robot_interfaces/msg/detail/encoder_info__type_support.cpp
[1.343s] -- Up-to-date: /home/lingc/ECE4191G11/ROS_PC/install/robot_interfaces/lib/librobot_interfaces__rosidl_typesupport_introspection_cpp.so
[1.343s] -- Up-to-date: /home/lingc/ECE4191G11/ROS_PC/install/robot_interfaces/lib/librobot_interfaces__rosidl_typesupport_cpp.so
[1.343s] -- Up-to-date: /home/lingc/ECE4191G11/ROS_PC/install/robot_interfaces/share/robot_interfaces/environment/pythonpath.sh
[1.343s] -- Up-to-date: /home/lingc/ECE4191G11/ROS_PC/install/robot_interfaces/share/robot_interfaces/environment/pythonpath.dsv
[1.344s] -- Up-to-date: /home/lingc/ECE4191G11/ROS_PC/install/robot_interfaces/local/lib/python3.10/dist-packages/robot_interfaces-0.0.0-py3.10.egg-info
[1.344s] -- Installing: /home/lingc/ECE4191G11/ROS_PC/install/robot_interfaces/local/lib/python3.10/dist-packages/robot_interfaces-0.0.0-py3.10.egg-info/PKG-INFO
[1.344s] -- Installing: /home/lingc/ECE4191G11/ROS_PC/install/robot_interfaces/local/lib/python3.10/dist-packages/robot_interfaces-0.0.0-py3.10.egg-info/dependency_links.txt
[1.344s] -- Installing: /home/lingc/ECE4191G11/ROS_PC/install/robot_interfaces/local/lib/python3.10/dist-packages/robot_interfaces-0.0.0-py3.10.egg-info/top_level.txt
[1.344s] -- Installing: /home/lingc/ECE4191G11/ROS_PC/install/robot_interfaces/local/lib/python3.10/dist-packages/robot_interfaces-0.0.0-py3.10.egg-info/SOURCES.txt
[1.344s] -- Up-to-date: /home/lingc/ECE4191G11/ROS_PC/install/robot_interfaces/local/lib/python3.10/dist-packages/robot_interfaces
[1.344s] -- Up-to-date: /home/lingc/ECE4191G11/ROS_PC/install/robot_interfaces/local/lib/python3.10/dist-packages/robot_interfaces/msg
[1.344s] -- Up-to-date: /home/lingc/ECE4191G11/ROS_PC/install/robot_interfaces/local/lib/python3.10/dist-packages/robot_interfaces/msg/_waypoint_s.c
[1.344s] -- Up-to-date: /home/lingc/ECE4191G11/ROS_PC/install/robot_interfaces/local/lib/python3.10/dist-packages/robot_interfaces/msg/_distances.py
[1.344s] -- Up-to-date: /home/lingc/ECE4191G11/ROS_PC/install/robot_interfaces/local/lib/python3.10/dist-packages/robot_interfaces/msg/__init__.py
[1.344s] -- Up-to-date: /home/lingc/ECE4191G11/ROS_PC/install/robot_interfaces/local/lib/python3.10/dist-packages/robot_interfaces/msg/_waypoint.py
[1.345s] -- Up-to-date: /home/lingc/ECE4191G11/ROS_PC/install/robot_interfaces/local/lib/python3.10/dist-packages/robot_interfaces/msg/_distances_s.c
[1.345s] -- Up-to-date: /home/lingc/ECE4191G11/ROS_PC/install/robot_interfaces/local/lib/python3.10/dist-packages/robot_interfaces/msg/_encoder_info_s.c
[1.345s] -- Up-to-date: /home/lingc/ECE4191G11/ROS_PC/install/robot_interfaces/local/lib/python3.10/dist-packages/robot_interfaces/msg/_pose_s.c
[1.345s] -- Up-to-date: /home/lingc/ECE4191G11/ROS_PC/install/robot_interfaces/local/lib/python3.10/dist-packages/robot_interfaces/msg/_pose.py
[1.345s] -- Up-to-date: /home/lingc/ECE4191G11/ROS_PC/install/robot_interfaces/local/lib/python3.10/dist-packages/robot_interfaces/msg/_encoder_info.py
[1.345s] -- Up-to-date: /home/lingc/ECE4191G11/ROS_PC/install/robot_interfaces/local/lib/python3.10/dist-packages/robot_interfaces/_robot_interfaces_s.ep.rosidl_typesupport_c.c
[1.345s] -- Up-to-date: /home/lingc/ECE4191G11/ROS_PC/install/robot_interfaces/local/lib/python3.10/dist-packages/robot_interfaces/librobot_interfaces__rosidl_generator_py.so
[1.345s] -- Up-to-date: /home/lingc/ECE4191G11/ROS_PC/install/robot_interfaces/local/lib/python3.10/dist-packages/robot_interfaces/__init__.py
[1.345s] -- Up-to-date: /home/lingc/ECE4191G11/ROS_PC/install/robot_interfaces/local/lib/python3.10/dist-packages/robot_interfaces/robot_interfaces_s__rosidl_typesupport_c.cpython-310-x86_64-linux-gnu.so
[1.345s] -- Up-to-date: /home/lingc/ECE4191G11/ROS_PC/install/robot_interfaces/local/lib/python3.10/dist-packages/robot_interfaces/robot_interfaces_s__rosidl_typesupport_fastrtps_c.cpython-310-x86_64-linux-gnu.so
[1.346s] -- Up-to-date: /home/lingc/ECE4191G11/ROS_PC/install/robot_interfaces/local/lib/python3.10/dist-packages/robot_interfaces/_robot_interfaces_s.ep.rosidl_typesupport_fastrtps_c.c
[1.346s] -- Up-to-date: /home/lingc/ECE4191G11/ROS_PC/install/robot_interfaces/local/lib/python3.10/dist-packages/robot_interfaces/_robot_interfaces_s.ep.rosidl_typesupport_introspection_c.c
[1.346s] -- Up-to-date: /home/lingc/ECE4191G11/ROS_PC/install/robot_interfaces/local/lib/python3.10/dist-packages/robot_interfaces/robot_interfaces_s__rosidl_typesupport_introspection_c.cpython-310-x86_64-linux-gnu.so
[1.384s] Listing '/home/lingc/ECE4191G11/ROS_PC/install/robot_interfaces/local/lib/python3.10/dist-packages/robot_interfaces'...
[1.384s] Listing '/home/lingc/ECE4191G11/ROS_PC/install/robot_interfaces/local/lib/python3.10/dist-packages/robot_interfaces/msg'...
[1.390s] -- Up-to-date: /home/lingc/ECE4191G11/ROS_PC/install/robot_interfaces/local/lib/python3.10/dist-packages/robot_interfaces/robot_interfaces_s__rosidl_typesupport_fastrtps_c.cpython-310-x86_64-linux-gnu.so
[1.390s] -- Up-to-date: /home/lingc/ECE4191G11/ROS_PC/install/robot_interfaces/local/lib/python3.10/dist-packages/robot_interfaces/robot_interfaces_s__rosidl_typesupport_introspection_c.cpython-310-x86_64-linux-gnu.so
[1.391s] -- Up-to-date: /home/lingc/ECE4191G11/ROS_PC/install/robot_interfaces/local/lib/python3.10/dist-packages/robot_interfaces/robot_interfaces_s__rosidl_typesupport_c.cpython-310-x86_64-linux-gnu.so
[1.391s] -- Up-to-date: /home/lingc/ECE4191G11/ROS_PC/install/robot_interfaces/lib/librobot_interfaces__rosidl_generator_py.so
[1.392s] -- Up-to-date: /home/lingc/ECE4191G11/ROS_PC/install/robot_interfaces/share/robot_interfaces/msg/Waypoint.idl
[1.392s] -- Up-to-date: /home/lingc/ECE4191G11/ROS_PC/install/robot_interfaces/share/robot_interfaces/msg/Pose.idl
[1.392s] -- Up-to-date: /home/lingc/ECE4191G11/ROS_PC/install/robot_interfaces/share/robot_interfaces/msg/Distances.idl
[1.392s] -- Up-to-date: /home/lingc/ECE4191G11/ROS_PC/install/robot_interfaces/share/robot_interfaces/msg/EncoderInfo.idl
[1.393s] -- Up-to-date: /home/lingc/ECE4191G11/ROS_PC/install/robot_interfaces/share/robot_interfaces/msg/Waypoint.msg
[1.393s] -- Up-to-date: /home/lingc/ECE4191G11/ROS_PC/install/robot_interfaces/share/robot_interfaces/msg/Pose.msg
[1.393s] -- Up-to-date: /home/lingc/ECE4191G11/ROS_PC/install/robot_interfaces/share/robot_interfaces/msg/Distances.msg
[1.393s] -- Up-to-date: /home/lingc/ECE4191G11/ROS_PC/install/robot_interfaces/share/robot_interfaces/msg/EncoderInfo.msg
[1.394s] -- Up-to-date: /home/lingc/ECE4191G11/ROS_PC/install/robot_interfaces/share/ament_index/resource_index/package_run_dependencies/robot_interfaces
[1.394s] -- Up-to-date: /home/lingc/ECE4191G11/ROS_PC/install/robot_interfaces/share/ament_index/resource_index/parent_prefix_path/robot_interfaces
[1.394s] -- Up-to-date: /home/lingc/ECE4191G11/ROS_PC/install/robot_interfaces/share/robot_interfaces/environment/ament_prefix_path.sh
[1.394s] -- Up-to-date: /home/lingc/ECE4191G11/ROS_PC/install/robot_interfaces/share/robot_interfaces/environment/ament_prefix_path.dsv
[1.395s] -- Up-to-date: /home/lingc/ECE4191G11/ROS_PC/install/robot_interfaces/share/robot_interfaces/environment/path.sh
[1.395s] -- Up-to-date: /home/lingc/ECE4191G11/ROS_PC/install/robot_interfaces/share/robot_interfaces/environment/path.dsv
[1.395s] -- Up-to-date: /home/lingc/ECE4191G11/ROS_PC/install/robot_interfaces/share/robot_interfaces/local_setup.bash
[1.395s] -- Up-to-date: /home/lingc/ECE4191G11/ROS_PC/install/robot_interfaces/share/robot_interfaces/local_setup.sh
[1.395s] -- Up-to-date: /home/lingc/ECE4191G11/ROS_PC/install/robot_interfaces/share/robot_interfaces/local_setup.zsh
[1.396s] -- Up-to-date: /home/lingc/ECE4191G11/ROS_PC/install/robot_interfaces/share/robot_interfaces/local_setup.dsv
[1.396s] -- Installing: /home/lingc/ECE4191G11/ROS_PC/install/robot_interfaces/share/robot_interfaces/package.dsv
[1.396s] -- Up-to-date: /home/lingc/ECE4191G11/ROS_PC/install/robot_interfaces/share/ament_index/resource_index/packages/robot_interfaces
[1.396s] -- Up-to-date: /home/lingc/ECE4191G11/ROS_PC/install/robot_interfaces/share/robot_interfaces/cmake/export_robot_interfaces__rosidl_generator_cExport.cmake
[1.396s] -- Up-to-date: /home/lingc/ECE4191G11/ROS_PC/install/robot_interfaces/share/robot_interfaces/cmake/export_robot_interfaces__rosidl_generator_cExport-noconfig.cmake
[1.397s] -- Up-to-date: /home/lingc/ECE4191G11/ROS_PC/install/robot_interfaces/share/robot_interfaces/cmake/export_robot_interfaces__rosidl_typesupport_fastrtps_cExport.cmake
[1.397s] -- Up-to-date: /home/lingc/ECE4191G11/ROS_PC/install/robot_interfaces/share/robot_interfaces/cmake/export_robot_interfaces__rosidl_typesupport_fastrtps_cExport-noconfig.cmake
[1.397s] -- Up-to-date: /home/lingc/ECE4191G11/ROS_PC/install/robot_interfaces/share/robot_interfaces/cmake/robot_interfaces__rosidl_typesupport_introspection_cExport.cmake
[1.397s] -- Up-to-date: /home/lingc/ECE4191G11/ROS_PC/install/robot_interfaces/share/robot_interfaces/cmake/robot_interfaces__rosidl_typesupport_introspection_cExport-noconfig.cmake
[1.397s] -- Up-to-date: /home/lingc/ECE4191G11/ROS_PC/install/robot_interfaces/share/robot_interfaces/cmake/robot_interfaces__rosidl_typesupport_cExport.cmake
[1.397s] -- Up-to-date: /home/lingc/ECE4191G11/ROS_PC/install/robot_interfaces/share/robot_interfaces/cmake/robot_interfaces__rosidl_typesupport_cExport-noconfig.cmake
[1.397s] -- Up-to-date: /home/lingc/ECE4191G11/ROS_PC/install/robot_interfaces/share/robot_interfaces/cmake/export_robot_interfaces__rosidl_generator_cppExport.cmake
[1.397s] -- Up-to-date: /home/lingc/ECE4191G11/ROS_PC/install/robot_interfaces/share/robot_interfaces/cmake/export_robot_interfaces__rosidl_typesupport_fastrtps_cppExport.cmake
[1.397s] -- Up-to-date: /home/lingc/ECE4191G11/ROS_PC/install/robot_interfaces/share/robot_interfaces/cmake/export_robot_interfaces__rosidl_typesupport_fastrtps_cppExport-noconfig.cmake
[1.398s] -- Up-to-date: /home/lingc/ECE4191G11/ROS_PC/install/robot_interfaces/share/robot_interfaces/cmake/robot_interfaces__rosidl_typesupport_introspection_cppExport.cmake
[1.398s] -- Up-to-date: /home/lingc/ECE4191G11/ROS_PC/install/robot_interfaces/share/robot_interfaces/cmake/robot_interfaces__rosidl_typesupport_introspection_cppExport-noconfig.cmake
[1.398s] -- Up-to-date: /home/lingc/ECE4191G11/ROS_PC/install/robot_interfaces/share/robot_interfaces/cmake/robot_interfaces__rosidl_typesupport_cppExport.cmake
[1.398s] -- Up-to-date: /home/lingc/ECE4191G11/ROS_PC/install/robot_interfaces/share/robot_interfaces/cmake/robot_interfaces__rosidl_typesupport_cppExport-noconfig.cmake
[1.398s] -- Up-to-date: /home/lingc/ECE4191G11/ROS_PC/install/robot_interfaces/share/robot_interfaces/cmake/export_robot_interfaces__rosidl_generator_pyExport.cmake
[1.398s] -- Up-to-date: /home/lingc/ECE4191G11/ROS_PC/install/robot_interfaces/share/robot_interfaces/cmake/export_robot_interfaces__rosidl_generator_pyExport-noconfig.cmake
[1.400s] -- Up-to-date: /home/lingc/ECE4191G11/ROS_PC/install/robot_interfaces/share/robot_interfaces/cmake/rosidl_cmake-extras.cmake
[1.400s] -- Up-to-date: /home/lingc/ECE4191G11/ROS_PC/install/robot_interfaces/share/robot_interfaces/cmake/ament_cmake_export_include_directories-extras.cmake
[1.400s] -- Up-to-date: /home/lingc/ECE4191G11/ROS_PC/install/robot_interfaces/share/robot_interfaces/cmake/ament_cmake_export_libraries-extras.cmake
[1.400s] -- Up-to-date: /home/lingc/ECE4191G11/ROS_PC/install/robot_interfaces/share/robot_interfaces/cmake/ament_cmake_export_targets-extras.cmake
[1.400s] -- Up-to-date: /home/lingc/ECE4191G11/ROS_PC/install/robot_interfaces/share/robot_interfaces/cmake/rosidl_cmake_export_typesupport_targets-extras.cmake
[1.400s] -- Up-to-date: /home/lingc/ECE4191G11/ROS_PC/install/robot_interfaces/share/robot_interfaces/cmake/ament_cmake_export_dependencies-extras.cmake
[1.400s] -- Up-to-date: /home/lingc/ECE4191G11/ROS_PC/install/robot_interfaces/share/robot_interfaces/cmake/rosidl_cmake_export_typesupport_libraries-extras.cmake
[1.400s] -- Up-to-date: /home/lingc/ECE4191G11/ROS_PC/install/robot_interfaces/share/robot_interfaces/cmake/robot_interfacesConfig.cmake
[1.400s] -- Up-to-date: /home/lingc/ECE4191G11/ROS_PC/install/robot_interfaces/share/robot_interfaces/cmake/robot_interfacesConfig-version.cmake
[1.401s] -- Up-to-date: /home/lingc/ECE4191G11/ROS_PC/install/robot_interfaces/share/robot_interfaces/package.xml
[1.404s] Invoked command in '/home/lingc/ECE4191G11/ROS_PC/build/robot_interfaces' returned '0': CMAKE_PREFIX_PATH=${CMAKE_PREFIX_PATH}:/home/lingc/ECE4191G11/ROS_PC/install/robot_controller:/opt/ros/humble /usr/bin/cmake --install /home/lingc/ECE4191G11/ROS_PC/build/robot_interfaces
