[0.513s] Invoking command in '/home/lingc/ECE4191G11/ROS_PC/src/robot_controller': CMAKE_PREFIX_PATH=/home/lingc/ECE4191G11/ROS_PC/install/robot_interfaces:/home/lingc/ECE4191G11/ROS_PC/install/robot_launch PYTHONPATH=/home/lingc/ECE4191G11/ROS_PC/build/robot_controller/prefix_override:/home/lingc/ECE4191G11/ROS_PC/install/robot_controller/lib/python3.10/site-packages:${PYTHONPATH} /usr/bin/python3 setup.py egg_info --egg-base ../../build/robot_controller build --build-base /home/lingc/ECE4191G11/ROS_PC/build/robot_controller/build install --record /home/lingc/ECE4191G11/ROS_PC/build/robot_controller/install.log --single-version-externally-managed
[0.720s] running egg_info
[0.720s] creating ../../build/robot_controller/robot_controller.egg-info
[0.720s] writing ../../build/robot_controller/robot_controller.egg-info/PKG-INFO
[0.721s] writing dependency_links to ../../build/robot_controller/robot_controller.egg-info/dependency_links.txt
[0.721s] writing entry points to ../../build/robot_controller/robot_controller.egg-info/entry_points.txt
[0.721s] writing requirements to ../../build/robot_controller/robot_controller.egg-info/requires.txt
[0.721s] writing top-level names to ../../build/robot_controller/robot_controller.egg-info/top_level.txt
[0.721s] writing manifest file '../../build/robot_controller/robot_controller.egg-info/SOURCES.txt'
[0.723s] reading manifest file '../../build/robot_controller/robot_controller.egg-info/SOURCES.txt'
[0.724s] writing manifest file '../../build/robot_controller/robot_controller.egg-info/SOURCES.txt'
[0.724s] running build
[0.724s] running build_py
[0.724s] creating /home/lingc/ECE4191G11/ROS_PC/build/robot_controller/build
[0.724s] creating /home/lingc/ECE4191G11/ROS_PC/build/robot_controller/build/lib
[0.724s] creating /home/lingc/ECE4191G11/ROS_PC/build/robot_controller/build/lib/robot_controller
[0.725s] copying robot_controller/__init__.py -> /home/lingc/ECE4191G11/ROS_PC/build/robot_controller/build/lib/robot_controller
[0.725s] copying robot_controller/manual_waypoint.py -> /home/lingc/ECE4191G11/ROS_PC/build/robot_controller/build/lib/robot_controller
[0.725s] copying robot_controller/path_planner.py -> /home/lingc/ECE4191G11/ROS_PC/build/robot_controller/build/lib/robot_controller
[0.725s] running install
[0.725s] running install_lib
[0.726s] creating /home/lingc/ECE4191G11/ROS_PC/install/robot_controller/lib/python3.10/site-packages/robot_controller
[0.726s] copying /home/lingc/ECE4191G11/ROS_PC/build/robot_controller/build/lib/robot_controller/__init__.py -> /home/lingc/ECE4191G11/ROS_PC/install/robot_controller/lib/python3.10/site-packages/robot_controller
[0.726s] copying /home/lingc/ECE4191G11/ROS_PC/build/robot_controller/build/lib/robot_controller/manual_waypoint.py -> /home/lingc/ECE4191G11/ROS_PC/install/robot_controller/lib/python3.10/site-packages/robot_controller
[0.726s] copying /home/lingc/ECE4191G11/ROS_PC/build/robot_controller/build/lib/robot_controller/path_planner.py -> /home/lingc/ECE4191G11/ROS_PC/install/robot_controller/lib/python3.10/site-packages/robot_controller
[0.727s] byte-compiling /home/lingc/ECE4191G11/ROS_PC/install/robot_controller/lib/python3.10/site-packages/robot_controller/__init__.py to __init__.cpython-310.pyc
[0.727s] byte-compiling /home/lingc/ECE4191G11/ROS_PC/install/robot_controller/lib/python3.10/site-packages/robot_controller/manual_waypoint.py to manual_waypoint.cpython-310.pyc
[0.727s] byte-compiling /home/lingc/ECE4191G11/ROS_PC/install/robot_controller/lib/python3.10/site-packages/robot_controller/path_planner.py to path_planner.cpython-310.pyc
[0.728s] running install_data
[0.729s] creating /home/lingc/ECE4191G11/ROS_PC/install/robot_controller/share/ament_index
[0.729s] creating /home/lingc/ECE4191G11/ROS_PC/install/robot_controller/share/ament_index/resource_index
[0.729s] creating /home/lingc/ECE4191G11/ROS_PC/install/robot_controller/share/ament_index/resource_index/packages
[0.729s] copying resource/robot_controller -> /home/lingc/ECE4191G11/ROS_PC/install/robot_controller/share/ament_index/resource_index/packages
[0.729s] copying package.xml -> /home/lingc/ECE4191G11/ROS_PC/install/robot_controller/share/robot_controller
[0.729s] running install_egg_info
[0.730s] Copying ../../build/robot_controller/robot_controller.egg-info to /home/lingc/ECE4191G11/ROS_PC/install/robot_controller/lib/python3.10/site-packages/robot_controller-0.0.0-py3.10.egg-info
[0.731s] running install_scripts
[0.747s] Installing manual_waypoint_node script to /home/lingc/ECE4191G11/ROS_PC/install/robot_controller/lib/robot_controller
[0.747s] Installing path_planner_node script to /home/lingc/ECE4191G11/ROS_PC/install/robot_controller/lib/robot_controller
[0.748s] writing list of installed files to '/home/lingc/ECE4191G11/ROS_PC/build/robot_controller/install.log'
[0.768s] Invoked command in '/home/lingc/ECE4191G11/ROS_PC/src/robot_controller' returned '0': CMAKE_PREFIX_PATH=/home/lingc/ECE4191G11/ROS_PC/install/robot_interfaces:/home/lingc/ECE4191G11/ROS_PC/install/robot_launch PYTHONPATH=/home/lingc/ECE4191G11/ROS_PC/build/robot_controller/prefix_override:/home/lingc/ECE4191G11/ROS_PC/install/robot_controller/lib/python3.10/site-packages:${PYTHONPATH} /usr/bin/python3 setup.py egg_info --egg-base ../../build/robot_controller build --build-base /home/lingc/ECE4191G11/ROS_PC/build/robot_controller/build install --record /home/lingc/ECE4191G11/ROS_PC/build/robot_controller/install.log --single-version-externally-managed
