[0.054s] Invoking command in '/home/rpi-team11/ECE4191G11/ROS_Pi/build/robot_launch': AMENT_PREFIX_PATH=/home/rpi-team11/ECE4191G11/ROS_Pi/install/robot_controller:/home/rpi-team11/ECE4191G11/ROS_Pi/install/robot_launch:/home/rpi-team11/ECE4191G11/ROS_Pi/install/robot_interfaces:/opt/ros/humble CMAKE_PREFIX_PATH=/home/rpi-team11/ECE4191G11/ROS_Pi/install/robot_interfaces:/home/rpi-team11/ECE4191G11/ROS_Pi/install/robot_launch:/home/rpi-team11/ECE4191G11/ROS_Pi/install/robot_controller:/opt/ros/humble /usr/bin/cmake /home/rpi-team11/ECE4191G11/ROS_Pi/src/robot_launch -DCMAKE_INSTALL_PREFIX=/home/rpi-team11/ECE4191G11/ROS_Pi/install/robot_launch
[0.302s] -- The C compiler identification is GNU 11.4.0
[0.547s] -- The CXX compiler identification is GNU 11.4.0
[0.577s] -- Detecting C compiler ABI info
[0.881s] -- Detecting C compiler ABI info - done
[0.909s] -- Check for working C compiler: /usr/bin/cc - skipped
[0.910s] -- Detecting C compile features
[0.911s] -- Detecting C compile features - done
[0.922s] -- Detecting CXX compiler ABI info
[1.266s] -- Detecting CXX compiler ABI info - done
[1.294s] -- Check for working CXX compiler: /usr/bin/c++ - skipped
[1.295s] -- Detecting CXX compile features
[1.297s] -- Detecting CXX compile features - done
[1.323s] -- Found ament_cmake: 1.3.5 (/opt/ros/humble/share/ament_cmake/cmake)
[2.147s] -- Found Python3: /usr/bin/python3.10 (found version "3.10.12") found components: Interpreter 
[2.975s] -- Configuring done
[2.992s] -- Generating done
[2.997s] -- Build files have been written to: /home/rpi-team11/ECE4191G11/ROS_Pi/build/robot_launch
[3.010s] Invoked command in '/home/rpi-team11/ECE4191G11/ROS_Pi/build/robot_launch' returned '0': AMENT_PREFIX_PATH=/home/rpi-team11/ECE4191G11/ROS_Pi/install/robot_controller:/home/rpi-team11/ECE4191G11/ROS_Pi/install/robot_launch:/home/rpi-team11/ECE4191G11/ROS_Pi/install/robot_interfaces:/opt/ros/humble CMAKE_PREFIX_PATH=/home/rpi-team11/ECE4191G11/ROS_Pi/install/robot_interfaces:/home/rpi-team11/ECE4191G11/ROS_Pi/install/robot_launch:/home/rpi-team11/ECE4191G11/ROS_Pi/install/robot_controller:/opt/ros/humble /usr/bin/cmake /home/rpi-team11/ECE4191G11/ROS_Pi/src/robot_launch -DCMAKE_INSTALL_PREFIX=/home/rpi-team11/ECE4191G11/ROS_Pi/install/robot_launch
[3.017s] Invoking command in '/home/rpi-team11/ECE4191G11/ROS_Pi/build/robot_launch': AMENT_PREFIX_PATH=/home/rpi-team11/ECE4191G11/ROS_Pi/install/robot_controller:/home/rpi-team11/ECE4191G11/ROS_Pi/install/robot_launch:/home/rpi-team11/ECE4191G11/ROS_Pi/install/robot_interfaces:/opt/ros/humble CMAKE_PREFIX_PATH=/home/rpi-team11/ECE4191G11/ROS_Pi/install/robot_interfaces:/home/rpi-team11/ECE4191G11/ROS_Pi/install/robot_launch:/home/rpi-team11/ECE4191G11/ROS_Pi/install/robot_controller:/opt/ros/humble /usr/bin/cmake --build /home/rpi-team11/ECE4191G11/ROS_Pi/build/robot_launch -- -j4 -l4
[3.163s] Invoked command in '/home/rpi-team11/ECE4191G11/ROS_Pi/build/robot_launch' returned '0': AMENT_PREFIX_PATH=/home/rpi-team11/ECE4191G11/ROS_Pi/install/robot_controller:/home/rpi-team11/ECE4191G11/ROS_Pi/install/robot_launch:/home/rpi-team11/ECE4191G11/ROS_Pi/install/robot_interfaces:/opt/ros/humble CMAKE_PREFIX_PATH=/home/rpi-team11/ECE4191G11/ROS_Pi/install/robot_interfaces:/home/rpi-team11/ECE4191G11/ROS_Pi/install/robot_launch:/home/rpi-team11/ECE4191G11/ROS_Pi/install/robot_controller:/opt/ros/humble /usr/bin/cmake --build /home/rpi-team11/ECE4191G11/ROS_Pi/build/robot_launch -- -j4 -l4
[3.284s] Invoking command in '/home/rpi-team11/ECE4191G11/ROS_Pi/build/robot_launch': AMENT_PREFIX_PATH=/home/rpi-team11/ECE4191G11/ROS_Pi/install/robot_controller:/home/rpi-team11/ECE4191G11/ROS_Pi/install/robot_launch:/home/rpi-team11/ECE4191G11/ROS_Pi/install/robot_interfaces:/opt/ros/humble CMAKE_PREFIX_PATH=/home/rpi-team11/ECE4191G11/ROS_Pi/install/robot_interfaces:/home/rpi-team11/ECE4191G11/ROS_Pi/install/robot_launch:/home/rpi-team11/ECE4191G11/ROS_Pi/install/robot_controller:/opt/ros/humble /usr/bin/cmake --install /home/rpi-team11/ECE4191G11/ROS_Pi/build/robot_launch
[3.310s] -- Install configuration: ""
[3.311s] -- Installing: /home/rpi-team11/ECE4191G11/ROS_Pi/install/robot_launch/share/robot_launch/launch
[3.311s] -- Installing: /home/rpi-team11/ECE4191G11/ROS_Pi/install/robot_launch/share/robot_launch/launch/robot.launch.py
[3.313s] -- Installing: /home/rpi-team11/ECE4191G11/ROS_Pi/install/robot_launch/share/ament_index/resource_index/package_run_dependencies/robot_launch
[3.315s] -- Installing: /home/rpi-team11/ECE4191G11/ROS_Pi/install/robot_launch/share/ament_index/resource_index/parent_prefix_path/robot_launch
[3.316s] -- Installing: /home/rpi-team11/ECE4191G11/ROS_Pi/install/robot_launch/share/robot_launch/environment/ament_prefix_path.sh
[3.317s] -- Installing: /home/rpi-team11/ECE4191G11/ROS_Pi/install/robot_launch/share/robot_launch/environment/ament_prefix_path.dsv
[3.319s] -- Installing: /home/rpi-team11/ECE4191G11/ROS_Pi/install/robot_launch/share/robot_launch/environment/path.sh
[3.320s] -- Installing: /home/rpi-team11/ECE4191G11/ROS_Pi/install/robot_launch/share/robot_launch/environment/path.dsv
[3.321s] -- Installing: /home/rpi-team11/ECE4191G11/ROS_Pi/install/robot_launch/share/robot_launch/local_setup.bash
[3.322s] -- Installing: /home/rpi-team11/ECE4191G11/ROS_Pi/install/robot_launch/share/robot_launch/local_setup.sh
[3.323s] -- Installing: /home/rpi-team11/ECE4191G11/ROS_Pi/install/robot_launch/share/robot_launch/local_setup.zsh
[3.324s] -- Installing: /home/rpi-team11/ECE4191G11/ROS_Pi/install/robot_launch/share/robot_launch/local_setup.dsv
[3.326s] -- Installing: /home/rpi-team11/ECE4191G11/ROS_Pi/install/robot_launch/share/robot_launch/package.dsv
[3.327s] -- Installing: /home/rpi-team11/ECE4191G11/ROS_Pi/install/robot_launch/share/ament_index/resource_index/packages/robot_launch
[3.329s] -- Installing: /home/rpi-team11/ECE4191G11/ROS_Pi/install/robot_launch/share/robot_launch/cmake/robot_launchConfig.cmake
[3.330s] -- Installing: /home/rpi-team11/ECE4191G11/ROS_Pi/install/robot_launch/share/robot_launch/cmake/robot_launchConfig-version.cmake
[3.331s] -- Installing: /home/rpi-team11/ECE4191G11/ROS_Pi/install/robot_launch/share/robot_launch/package.xml
[3.344s] Invoked command in '/home/rpi-team11/ECE4191G11/ROS_Pi/build/robot_launch' returned '0': AMENT_PREFIX_PATH=/home/rpi-team11/ECE4191G11/ROS_Pi/install/robot_controller:/home/rpi-team11/ECE4191G11/ROS_Pi/install/robot_launch:/home/rpi-team11/ECE4191G11/ROS_Pi/install/robot_interfaces:/opt/ros/humble CMAKE_PREFIX_PATH=/home/rpi-team11/ECE4191G11/ROS_Pi/install/robot_interfaces:/home/rpi-team11/ECE4191G11/ROS_Pi/install/robot_launch:/home/rpi-team11/ECE4191G11/ROS_Pi/install/robot_controller:/opt/ros/humble /usr/bin/cmake --install /home/rpi-team11/ECE4191G11/ROS_Pi/build/robot_launch
