[0.061s] Invoking command in '/home/rpi-team11/ECE4191G11/ROS_Pi/build/robot_interfaces': CMAKE_PREFIX_PATH=${CMAKE_PREFIX_PATH}:/home/rpi-team11/ECE4191G11/ROS_Pi/install/robot_controller:/opt/ros/humble /usr/bin/cmake --build /home/rpi-team11/ECE4191G11/ROS_Pi/build/robot_interfaces -- -j4 -l4
[0.288s] [  1%] Built target robot_interfaces__cpp
[0.301s] [ 12%] Built target robot_interfaces__rosidl_generator_c
[0.383s] [ 12%] Built target ament_cmake_python_copy_robot_interfaces
[0.421s] [ 24%] Built target robot_interfaces__rosidl_typesupport_cpp
[0.440s] [ 45%] Built target robot_interfaces__rosidl_typesupport_introspection_cpp
[0.445s] [ 47%] Built target robot_interfaces__rosidl_typesupport_fastrtps_cpp
[0.518s] [ 58%] Built target robot_interfaces__rosidl_typesupport_fastrtps_c
[0.536s] [ 70%] Built target robot_interfaces__rosidl_typesupport_introspection_c
[0.543s] [ 81%] Built target robot_interfaces__rosidl_typesupport_c
[0.641s] [ 81%] Built target robot_interfaces
[0.731s] [ 82%] Built target robot_interfaces__py
[0.839s] [ 93%] Built target robot_interfaces__rosidl_generator_py
[0.948s] [ 95%] Built target robot_interfaces__rosidl_typesupport_fastrtps_c__pyext
[0.954s] [ 97%] Built target robot_interfaces__rosidl_typesupport_introspection_c__pyext
[0.956s] [100%] Built target robot_interfaces__rosidl_typesupport_c__pyext
[1.702s] running egg_info
[1.706s] writing robot_interfaces.egg-info/PKG-INFO
[1.707s] writing dependency_links to robot_interfaces.egg-info/dependency_links.txt
[1.708s] writing top-level names to robot_interfaces.egg-info/top_level.txt
[1.719s] reading manifest file 'robot_interfaces.egg-info/SOURCES.txt'
[1.722s] writing manifest file 'robot_interfaces.egg-info/SOURCES.txt'
[1.842s] [100%] Built target ament_cmake_python_build_robot_interfaces_egg
[1.892s] Invoked command in '/home/rpi-team11/ECE4191G11/ROS_Pi/build/robot_interfaces' returned '0': CMAKE_PREFIX_PATH=${CMAKE_PREFIX_PATH}:/home/rpi-team11/ECE4191G11/ROS_Pi/install/robot_controller:/opt/ros/humble /usr/bin/cmake --build /home/rpi-team11/ECE4191G11/ROS_Pi/build/robot_interfaces -- -j4 -l4
[3.231s] Invoking command in '/home/rpi-team11/ECE4191G11/ROS_Pi/build/robot_interfaces': CMAKE_PREFIX_PATH=${CMAKE_PREFIX_PATH}:/home/rpi-team11/ECE4191G11/ROS_Pi/install/robot_controller:/opt/ros/humble /usr/bin/cmake --install /home/rpi-team11/ECE4191G11/ROS_Pi/build/robot_interfaces
[3.260s] -- Install configuration: ""
[3.262s] -- Up-to-date: /home/rpi-team11/ECE4191G11/ROS_Pi/install/robot_interfaces/share/ament_index/resource_index/rosidl_interfaces/robot_interfaces
[3.263s] -- Up-to-date: /home/rpi-team11/ECE4191G11/ROS_Pi/install/robot_interfaces/include/robot_interfaces/robot_interfaces
[3.264s] -- Up-to-date: /home/rpi-team11/ECE4191G11/ROS_Pi/install/robot_interfaces/include/robot_interfaces/robot_interfaces/msg
[3.265s] -- Up-to-date: /home/rpi-team11/ECE4191G11/ROS_Pi/install/robot_interfaces/include/robot_interfaces/robot_interfaces/msg/obstacles.h
[3.266s] -- Up-to-date: /home/rpi-team11/ECE4191G11/ROS_Pi/install/robot_interfaces/include/robot_interfaces/robot_interfaces/msg/des_state.h
[3.268s] -- Up-to-date: /home/rpi-team11/ECE4191G11/ROS_Pi/install/robot_interfaces/include/robot_interfaces/robot_interfaces/msg/json_data.h
[3.269s] -- Up-to-date: /home/rpi-team11/ECE4191G11/ROS_Pi/install/robot_interfaces/include/robot_interfaces/robot_interfaces/msg/qr_data.h
[3.271s] -- Up-to-date: /home/rpi-team11/ECE4191G11/ROS_Pi/install/robot_interfaces/include/robot_interfaces/robot_interfaces/msg/detail
[3.272s] -- Up-to-date: /home/rpi-team11/ECE4191G11/ROS_Pi/install/robot_interfaces/include/robot_interfaces/robot_interfaces/msg/detail/qr_data__type_support.h
[3.272s] -- Up-to-date: /home/rpi-team11/ECE4191G11/ROS_Pi/install/robot_interfaces/include/robot_interfaces/robot_interfaces/msg/detail/json_data__functions.h
[3.273s] -- Up-to-date: /home/rpi-team11/ECE4191G11/ROS_Pi/install/robot_interfaces/include/robot_interfaces/robot_interfaces/msg/detail/des_state__functions.h
[3.274s] -- Up-to-date: /home/rpi-team11/ECE4191G11/ROS_Pi/install/robot_interfaces/include/robot_interfaces/robot_interfaces/msg/detail/des_state__type_support.h
[3.275s] -- Up-to-date: /home/rpi-team11/ECE4191G11/ROS_Pi/install/robot_interfaces/include/robot_interfaces/robot_interfaces/msg/detail/pose__struct.h
[3.275s] -- Up-to-date: /home/rpi-team11/ECE4191G11/ROS_Pi/install/robot_interfaces/include/robot_interfaces/robot_interfaces/msg/detail/distances__type_support.h
[3.276s] -- Up-to-date: /home/rpi-team11/ECE4191G11/ROS_Pi/install/robot_interfaces/include/robot_interfaces/robot_interfaces/msg/detail/qr_data__functions.h
[3.277s] -- Up-to-date: /home/rpi-team11/ECE4191G11/ROS_Pi/install/robot_interfaces/include/robot_interfaces/robot_interfaces/msg/detail/json_data__struct.h
[3.278s] -- Up-to-date: /home/rpi-team11/ECE4191G11/ROS_Pi/install/robot_interfaces/include/robot_interfaces/robot_interfaces/msg/detail/distances__functions.h
[3.278s] -- Up-to-date: /home/rpi-team11/ECE4191G11/ROS_Pi/install/robot_interfaces/include/robot_interfaces/robot_interfaces/msg/detail/obstacles__functions.h
[3.279s] -- Up-to-date: /home/rpi-team11/ECE4191G11/ROS_Pi/install/robot_interfaces/include/robot_interfaces/robot_interfaces/msg/detail/flag__functions.c
[3.280s] -- Up-to-date: /home/rpi-team11/ECE4191G11/ROS_Pi/install/robot_interfaces/include/robot_interfaces/robot_interfaces/msg/detail/obstacles__type_support.h
[3.281s] -- Up-to-date: /home/rpi-team11/ECE4191G11/ROS_Pi/install/robot_interfaces/include/robot_interfaces/robot_interfaces/msg/detail/des_state__functions.c
[3.283s] -- Up-to-date: /home/rpi-team11/ECE4191G11/ROS_Pi/install/robot_interfaces/include/robot_interfaces/robot_interfaces/msg/detail/encoder_info__functions.c
[3.284s] -- Up-to-date: /home/rpi-team11/ECE4191G11/ROS_Pi/install/robot_interfaces/include/robot_interfaces/robot_interfaces/msg/detail/obstacles__functions.c
[3.286s] -- Up-to-date: /home/rpi-team11/ECE4191G11/ROS_Pi/install/robot_interfaces/include/robot_interfaces/robot_interfaces/msg/detail/encoder_info__functions.h
[3.286s] -- Up-to-date: /home/rpi-team11/ECE4191G11/ROS_Pi/install/robot_interfaces/include/robot_interfaces/robot_interfaces/msg/detail/flag__struct.h
[3.287s] -- Up-to-date: /home/rpi-team11/ECE4191G11/ROS_Pi/install/robot_interfaces/include/robot_interfaces/robot_interfaces/msg/detail/encoder_info__struct.h
[3.288s] -- Up-to-date: /home/rpi-team11/ECE4191G11/ROS_Pi/install/robot_interfaces/include/robot_interfaces/robot_interfaces/msg/detail/distances__struct.h
[3.288s] -- Up-to-date: /home/rpi-team11/ECE4191G11/ROS_Pi/install/robot_interfaces/include/robot_interfaces/robot_interfaces/msg/detail/des_state__struct.h
[3.289s] -- Up-to-date: /home/rpi-team11/ECE4191G11/ROS_Pi/install/robot_interfaces/include/robot_interfaces/robot_interfaces/msg/detail/json_data__type_support.h
[3.290s] -- Up-to-date: /home/rpi-team11/ECE4191G11/ROS_Pi/install/robot_interfaces/include/robot_interfaces/robot_interfaces/msg/detail/distances__functions.c
[3.291s] -- Up-to-date: /home/rpi-team11/ECE4191G11/ROS_Pi/install/robot_interfaces/include/robot_interfaces/robot_interfaces/msg/detail/qr_data__struct.h
[3.292s] -- Up-to-date: /home/rpi-team11/ECE4191G11/ROS_Pi/install/robot_interfaces/include/robot_interfaces/robot_interfaces/msg/detail/qr_data__functions.c
[3.294s] -- Up-to-date: /home/rpi-team11/ECE4191G11/ROS_Pi/install/robot_interfaces/include/robot_interfaces/robot_interfaces/msg/detail/encoder_info__type_support.h
[3.295s] -- Up-to-date: /home/rpi-team11/ECE4191G11/ROS_Pi/install/robot_interfaces/include/robot_interfaces/robot_interfaces/msg/detail/pose__type_support.h
[3.296s] -- Up-to-date: /home/rpi-team11/ECE4191G11/ROS_Pi/install/robot_interfaces/include/robot_interfaces/robot_interfaces/msg/detail/json_data__functions.c
[3.297s] -- Up-to-date: /home/rpi-team11/ECE4191G11/ROS_Pi/install/robot_interfaces/include/robot_interfaces/robot_interfaces/msg/detail/pose__functions.h
[3.298s] -- Up-to-date: /home/rpi-team11/ECE4191G11/ROS_Pi/install/robot_interfaces/include/robot_interfaces/robot_interfaces/msg/detail/flag__functions.h
[3.299s] -- Up-to-date: /home/rpi-team11/ECE4191G11/ROS_Pi/install/robot_interfaces/include/robot_interfaces/robot_interfaces/msg/detail/obstacles__struct.h
[3.299s] -- Up-to-date: /home/rpi-team11/ECE4191G11/ROS_Pi/install/robot_interfaces/include/robot_interfaces/robot_interfaces/msg/detail/pose__functions.c
[3.300s] -- Up-to-date: /home/rpi-team11/ECE4191G11/ROS_Pi/install/robot_interfaces/include/robot_interfaces/robot_interfaces/msg/detail/flag__type_support.h
[3.300s] -- Up-to-date: /home/rpi-team11/ECE4191G11/ROS_Pi/install/robot_interfaces/include/robot_interfaces/robot_interfaces/msg/pose.h
[3.300s] -- Up-to-date: /home/rpi-team11/ECE4191G11/ROS_Pi/install/robot_interfaces/include/robot_interfaces/robot_interfaces/msg/encoder_info.h
[3.301s] -- Up-to-date: /home/rpi-team11/ECE4191G11/ROS_Pi/install/robot_interfaces/include/robot_interfaces/robot_interfaces/msg/rosidl_generator_c__visibility_control.h
[3.301s] -- Up-to-date: /home/rpi-team11/ECE4191G11/ROS_Pi/install/robot_interfaces/include/robot_interfaces/robot_interfaces/msg/flag.h
[3.302s] -- Up-to-date: /home/rpi-team11/ECE4191G11/ROS_Pi/install/robot_interfaces/include/robot_interfaces/robot_interfaces/msg/distances.h
[3.302s] -- Up-to-date: /home/rpi-team11/ECE4191G11/ROS_Pi/install/robot_interfaces/share/robot_interfaces/environment/library_path.sh
[3.303s] -- Up-to-date: /home/rpi-team11/ECE4191G11/ROS_Pi/install/robot_interfaces/share/robot_interfaces/environment/library_path.dsv
[3.304s] -- Up-to-date: /home/rpi-team11/ECE4191G11/ROS_Pi/install/robot_interfaces/lib/librobot_interfaces__rosidl_generator_c.so
[3.304s] -- Up-to-date: /home/rpi-team11/ECE4191G11/ROS_Pi/install/robot_interfaces/include/robot_interfaces/robot_interfaces
[3.306s] -- Up-to-date: /home/rpi-team11/ECE4191G11/ROS_Pi/install/robot_interfaces/include/robot_interfaces/robot_interfaces/msg
[3.307s] -- Up-to-date: /home/rpi-team11/ECE4191G11/ROS_Pi/install/robot_interfaces/include/robot_interfaces/robot_interfaces/msg/rosidl_typesupport_fastrtps_c__visibility_control.h
[3.308s] -- Up-to-date: /home/rpi-team11/ECE4191G11/ROS_Pi/install/robot_interfaces/include/robot_interfaces/robot_interfaces/msg/detail
[3.309s] -- Up-to-date: /home/rpi-team11/ECE4191G11/ROS_Pi/install/robot_interfaces/include/robot_interfaces/robot_interfaces/msg/detail/distances__rosidl_typesupport_fastrtps_c.h
[3.310s] -- Up-to-date: /home/rpi-team11/ECE4191G11/ROS_Pi/install/robot_interfaces/include/robot_interfaces/robot_interfaces/msg/detail/obstacles__rosidl_typesupport_fastrtps_c.h
[3.311s] -- Up-to-date: /home/rpi-team11/ECE4191G11/ROS_Pi/install/robot_interfaces/include/robot_interfaces/robot_interfaces/msg/detail/json_data__rosidl_typesupport_fastrtps_c.h
[3.313s] -- Up-to-date: /home/rpi-team11/ECE4191G11/ROS_Pi/install/robot_interfaces/include/robot_interfaces/robot_interfaces/msg/detail/flag__rosidl_typesupport_fastrtps_c.h
[3.314s] -- Up-to-date: /home/rpi-team11/ECE4191G11/ROS_Pi/install/robot_interfaces/include/robot_interfaces/robot_interfaces/msg/detail/pose__rosidl_typesupport_fastrtps_c.h
[3.317s] -- Up-to-date: /home/rpi-team11/ECE4191G11/ROS_Pi/install/robot_interfaces/include/robot_interfaces/robot_interfaces/msg/detail/des_state__rosidl_typesupport_fastrtps_c.h
[3.317s] -- Up-to-date: /home/rpi-team11/ECE4191G11/ROS_Pi/install/robot_interfaces/include/robot_interfaces/robot_interfaces/msg/detail/qr_data__rosidl_typesupport_fastrtps_c.h
[3.318s] -- Up-to-date: /home/rpi-team11/ECE4191G11/ROS_Pi/install/robot_interfaces/include/robot_interfaces/robot_interfaces/msg/detail/encoder_info__rosidl_typesupport_fastrtps_c.h
[3.318s] -- Up-to-date: /home/rpi-team11/ECE4191G11/ROS_Pi/install/robot_interfaces/lib/librobot_interfaces__rosidl_typesupport_fastrtps_c.so
[3.319s] -- Up-to-date: /home/rpi-team11/ECE4191G11/ROS_Pi/install/robot_interfaces/include/robot_interfaces/robot_interfaces
[3.320s] -- Up-to-date: /home/rpi-team11/ECE4191G11/ROS_Pi/install/robot_interfaces/include/robot_interfaces/robot_interfaces/msg
[3.321s] -- Up-to-date: /home/rpi-team11/ECE4191G11/ROS_Pi/install/robot_interfaces/include/robot_interfaces/robot_interfaces/msg/detail
[3.322s] -- Up-to-date: /home/rpi-team11/ECE4191G11/ROS_Pi/install/robot_interfaces/include/robot_interfaces/robot_interfaces/msg/detail/qr_data__rosidl_typesupport_introspection_c.h
[3.323s] -- Up-to-date: /home/rpi-team11/ECE4191G11/ROS_Pi/install/robot_interfaces/include/robot_interfaces/robot_interfaces/msg/detail/flag__type_support.c
[3.323s] -- Up-to-date: /home/rpi-team11/ECE4191G11/ROS_Pi/install/robot_interfaces/include/robot_interfaces/robot_interfaces/msg/detail/qr_data__type_support.c
[3.324s] -- Up-to-date: /home/rpi-team11/ECE4191G11/ROS_Pi/install/robot_interfaces/include/robot_interfaces/robot_interfaces/msg/detail/json_data__type_support.c
[3.324s] -- Up-to-date: /home/rpi-team11/ECE4191G11/ROS_Pi/install/robot_interfaces/include/robot_interfaces/robot_interfaces/msg/detail/distances__type_support.c
[3.325s] -- Up-to-date: /home/rpi-team11/ECE4191G11/ROS_Pi/install/robot_interfaces/include/robot_interfaces/robot_interfaces/msg/detail/des_state__rosidl_typesupport_introspection_c.h
[3.325s] -- Up-to-date: /home/rpi-team11/ECE4191G11/ROS_Pi/install/robot_interfaces/include/robot_interfaces/robot_interfaces/msg/detail/json_data__rosidl_typesupport_introspection_c.h
[3.326s] -- Up-to-date: /home/rpi-team11/ECE4191G11/ROS_Pi/install/robot_interfaces/include/robot_interfaces/robot_interfaces/msg/detail/encoder_info__rosidl_typesupport_introspection_c.h
[3.326s] -- Up-to-date: /home/rpi-team11/ECE4191G11/ROS_Pi/install/robot_interfaces/include/robot_interfaces/robot_interfaces/msg/detail/pose__rosidl_typesupport_introspection_c.h
[3.327s] -- Up-to-date: /home/rpi-team11/ECE4191G11/ROS_Pi/install/robot_interfaces/include/robot_interfaces/robot_interfaces/msg/detail/distances__rosidl_typesupport_introspection_c.h
[3.328s] -- Up-to-date: /home/rpi-team11/ECE4191G11/ROS_Pi/install/robot_interfaces/include/robot_interfaces/robot_interfaces/msg/detail/obstacles__rosidl_typesupport_introspection_c.h
[3.328s] -- Up-to-date: /home/rpi-team11/ECE4191G11/ROS_Pi/install/robot_interfaces/include/robot_interfaces/robot_interfaces/msg/detail/obstacles__type_support.c
[3.329s] -- Up-to-date: /home/rpi-team11/ECE4191G11/ROS_Pi/install/robot_interfaces/include/robot_interfaces/robot_interfaces/msg/detail/pose__type_support.c
[3.330s] -- Up-to-date: /home/rpi-team11/ECE4191G11/ROS_Pi/install/robot_interfaces/include/robot_interfaces/robot_interfaces/msg/detail/encoder_info__type_support.c
[3.330s] -- Up-to-date: /home/rpi-team11/ECE4191G11/ROS_Pi/install/robot_interfaces/include/robot_interfaces/robot_interfaces/msg/detail/des_state__type_support.c
[3.331s] -- Up-to-date: /home/rpi-team11/ECE4191G11/ROS_Pi/install/robot_interfaces/include/robot_interfaces/robot_interfaces/msg/detail/flag__rosidl_typesupport_introspection_c.h
[3.332s] -- Up-to-date: /home/rpi-team11/ECE4191G11/ROS_Pi/install/robot_interfaces/include/robot_interfaces/robot_interfaces/msg/rosidl_typesupport_introspection_c__visibility_control.h
[3.332s] -- Up-to-date: /home/rpi-team11/ECE4191G11/ROS_Pi/install/robot_interfaces/lib/librobot_interfaces__rosidl_typesupport_introspection_c.so
[3.333s] -- Up-to-date: /home/rpi-team11/ECE4191G11/ROS_Pi/install/robot_interfaces/lib/librobot_interfaces__rosidl_typesupport_c.so
[3.334s] -- Up-to-date: /home/rpi-team11/ECE4191G11/ROS_Pi/install/robot_interfaces/include/robot_interfaces/robot_interfaces
[3.334s] -- Up-to-date: /home/rpi-team11/ECE4191G11/ROS_Pi/install/robot_interfaces/include/robot_interfaces/robot_interfaces/msg
[3.335s] -- Up-to-date: /home/rpi-team11/ECE4191G11/ROS_Pi/install/robot_interfaces/include/robot_interfaces/robot_interfaces/msg/encoder_info.hpp
[3.336s] -- Up-to-date: /home/rpi-team11/ECE4191G11/ROS_Pi/install/robot_interfaces/include/robot_interfaces/robot_interfaces/msg/flag.hpp
[3.337s] -- Up-to-date: /home/rpi-team11/ECE4191G11/ROS_Pi/install/robot_interfaces/include/robot_interfaces/robot_interfaces/msg/qr_data.hpp
[3.338s] -- Up-to-date: /home/rpi-team11/ECE4191G11/ROS_Pi/install/robot_interfaces/include/robot_interfaces/robot_interfaces/msg/obstacles.hpp
[3.339s] -- Up-to-date: /home/rpi-team11/ECE4191G11/ROS_Pi/install/robot_interfaces/include/robot_interfaces/robot_interfaces/msg/detail
[3.339s] -- Up-to-date: /home/rpi-team11/ECE4191G11/ROS_Pi/install/robot_interfaces/include/robot_interfaces/robot_interfaces/msg/detail/distances__builder.hpp
[3.340s] -- Up-to-date: /home/rpi-team11/ECE4191G11/ROS_Pi/install/robot_interfaces/include/robot_interfaces/robot_interfaces/msg/detail/json_data__struct.hpp
[3.340s] -- Up-to-date: /home/rpi-team11/ECE4191G11/ROS_Pi/install/robot_interfaces/include/robot_interfaces/robot_interfaces/msg/detail/qr_data__traits.hpp
[3.341s] -- Up-to-date: /home/rpi-team11/ECE4191G11/ROS_Pi/install/robot_interfaces/include/robot_interfaces/robot_interfaces/msg/detail/flag__traits.hpp
[3.342s] -- Up-to-date: /home/rpi-team11/ECE4191G11/ROS_Pi/install/robot_interfaces/include/robot_interfaces/robot_interfaces/msg/detail/pose__builder.hpp
[3.342s] -- Up-to-date: /home/rpi-team11/ECE4191G11/ROS_Pi/install/robot_interfaces/include/robot_interfaces/robot_interfaces/msg/detail/obstacles__traits.hpp
[3.342s] -- Up-to-date: /home/rpi-team11/ECE4191G11/ROS_Pi/install/robot_interfaces/include/robot_interfaces/robot_interfaces/msg/detail/flag__builder.hpp
[3.342s] -- Up-to-date: /home/rpi-team11/ECE4191G11/ROS_Pi/install/robot_interfaces/include/robot_interfaces/robot_interfaces/msg/detail/qr_data__struct.hpp
[3.343s] -- Up-to-date: /home/rpi-team11/ECE4191G11/ROS_Pi/install/robot_interfaces/include/robot_interfaces/robot_interfaces/msg/detail/flag__struct.hpp
[3.343s] -- Up-to-date: /home/rpi-team11/ECE4191G11/ROS_Pi/install/robot_interfaces/include/robot_interfaces/robot_interfaces/msg/detail/pose__traits.hpp
[3.344s] -- Up-to-date: /home/rpi-team11/ECE4191G11/ROS_Pi/install/robot_interfaces/include/robot_interfaces/robot_interfaces/msg/detail/obstacles__struct.hpp
[3.344s] -- Up-to-date: /home/rpi-team11/ECE4191G11/ROS_Pi/install/robot_interfaces/include/robot_interfaces/robot_interfaces/msg/detail/encoder_info__struct.hpp
[3.345s] -- Up-to-date: /home/rpi-team11/ECE4191G11/ROS_Pi/install/robot_interfaces/include/robot_interfaces/robot_interfaces/msg/detail/obstacles__builder.hpp
[3.345s] -- Up-to-date: /home/rpi-team11/ECE4191G11/ROS_Pi/install/robot_interfaces/include/robot_interfaces/robot_interfaces/msg/detail/encoder_info__builder.hpp
[3.345s] -- Up-to-date: /home/rpi-team11/ECE4191G11/ROS_Pi/install/robot_interfaces/include/robot_interfaces/robot_interfaces/msg/detail/json_data__traits.hpp
[3.346s] -- Up-to-date: /home/rpi-team11/ECE4191G11/ROS_Pi/install/robot_interfaces/include/robot_interfaces/robot_interfaces/msg/detail/des_state__builder.hpp
[3.346s] -- Up-to-date: /home/rpi-team11/ECE4191G11/ROS_Pi/install/robot_interfaces/include/robot_interfaces/robot_interfaces/msg/detail/json_data__builder.hpp
[3.347s] -- Up-to-date: /home/rpi-team11/ECE4191G11/ROS_Pi/install/robot_interfaces/include/robot_interfaces/robot_interfaces/msg/detail/distances__struct.hpp
[3.347s] -- Up-to-date: /home/rpi-team11/ECE4191G11/ROS_Pi/install/robot_interfaces/include/robot_interfaces/robot_interfaces/msg/detail/des_state__struct.hpp
[3.348s] -- Up-to-date: /home/rpi-team11/ECE4191G11/ROS_Pi/install/robot_interfaces/include/robot_interfaces/robot_interfaces/msg/detail/distances__traits.hpp
[3.348s] -- Up-to-date: /home/rpi-team11/ECE4191G11/ROS_Pi/install/robot_interfaces/include/robot_interfaces/robot_interfaces/msg/detail/qr_data__builder.hpp
[3.349s] -- Up-to-date: /home/rpi-team11/ECE4191G11/ROS_Pi/install/robot_interfaces/include/robot_interfaces/robot_interfaces/msg/detail/encoder_info__traits.hpp
[3.350s] -- Up-to-date: /home/rpi-team11/ECE4191G11/ROS_Pi/install/robot_interfaces/include/robot_interfaces/robot_interfaces/msg/detail/pose__struct.hpp
[3.350s] -- Up-to-date: /home/rpi-team11/ECE4191G11/ROS_Pi/install/robot_interfaces/include/robot_interfaces/robot_interfaces/msg/detail/des_state__traits.hpp
[3.351s] -- Up-to-date: /home/rpi-team11/ECE4191G11/ROS_Pi/install/robot_interfaces/include/robot_interfaces/robot_interfaces/msg/json_data.hpp
[3.352s] -- Up-to-date: /home/rpi-team11/ECE4191G11/ROS_Pi/install/robot_interfaces/include/robot_interfaces/robot_interfaces/msg/pose.hpp
[3.353s] -- Up-to-date: /home/rpi-team11/ECE4191G11/ROS_Pi/install/robot_interfaces/include/robot_interfaces/robot_interfaces/msg/distances.hpp
[3.353s] -- Up-to-date: /home/rpi-team11/ECE4191G11/ROS_Pi/install/robot_interfaces/include/robot_interfaces/robot_interfaces/msg/des_state.hpp
[3.354s] -- Up-to-date: /home/rpi-team11/ECE4191G11/ROS_Pi/install/robot_interfaces/include/robot_interfaces/robot_interfaces
[3.354s] -- Up-to-date: /home/rpi-team11/ECE4191G11/ROS_Pi/install/robot_interfaces/include/robot_interfaces/robot_interfaces/msg
[3.355s] -- Up-to-date: /home/rpi-team11/ECE4191G11/ROS_Pi/install/robot_interfaces/include/robot_interfaces/robot_interfaces/msg/detail
[3.355s] -- Up-to-date: /home/rpi-team11/ECE4191G11/ROS_Pi/install/robot_interfaces/include/robot_interfaces/robot_interfaces/msg/detail/qr_data__rosidl_typesupport_fastrtps_cpp.hpp
[3.356s] -- Up-to-date: /home/rpi-team11/ECE4191G11/ROS_Pi/install/robot_interfaces/include/robot_interfaces/robot_interfaces/msg/detail/distances__rosidl_typesupport_fastrtps_cpp.hpp
[3.356s] -- Up-to-date: /home/rpi-team11/ECE4191G11/ROS_Pi/install/robot_interfaces/include/robot_interfaces/robot_interfaces/msg/detail/dds_fastrtps
[3.356s] -- Up-to-date: /home/rpi-team11/ECE4191G11/ROS_Pi/install/robot_interfaces/include/robot_interfaces/robot_interfaces/msg/detail/flag__rosidl_typesupport_fastrtps_cpp.hpp
[3.357s] -- Up-to-date: /home/rpi-team11/ECE4191G11/ROS_Pi/install/robot_interfaces/include/robot_interfaces/robot_interfaces/msg/detail/obstacles__rosidl_typesupport_fastrtps_cpp.hpp
[3.357s] -- Up-to-date: /home/rpi-team11/ECE4191G11/ROS_Pi/install/robot_interfaces/include/robot_interfaces/robot_interfaces/msg/detail/encoder_info__rosidl_typesupport_fastrtps_cpp.hpp
[3.358s] -- Up-to-date: /home/rpi-team11/ECE4191G11/ROS_Pi/install/robot_interfaces/include/robot_interfaces/robot_interfaces/msg/detail/json_data__rosidl_typesupport_fastrtps_cpp.hpp
[3.358s] -- Up-to-date: /home/rpi-team11/ECE4191G11/ROS_Pi/install/robot_interfaces/include/robot_interfaces/robot_interfaces/msg/detail/des_state__rosidl_typesupport_fastrtps_cpp.hpp
[3.363s] -- Up-to-date: /home/rpi-team11/ECE4191G11/ROS_Pi/install/robot_interfaces/include/robot_interfaces/robot_interfaces/msg/detail/pose__rosidl_typesupport_fastrtps_cpp.hpp
[3.365s] -- Up-to-date: /home/rpi-team11/ECE4191G11/ROS_Pi/install/robot_interfaces/include/robot_interfaces/robot_interfaces/msg/rosidl_typesupport_fastrtps_cpp__visibility_control.h
[3.366s] -- Up-to-date: /home/rpi-team11/ECE4191G11/ROS_Pi/install/robot_interfaces/lib/librobot_interfaces__rosidl_typesupport_fastrtps_cpp.so
[3.367s] -- Up-to-date: /home/rpi-team11/ECE4191G11/ROS_Pi/install/robot_interfaces/include/robot_interfaces/robot_interfaces
[3.368s] -- Up-to-date: /home/rpi-team11/ECE4191G11/ROS_Pi/install/robot_interfaces/include/robot_interfaces/robot_interfaces/msg
[3.368s] -- Up-to-date: /home/rpi-team11/ECE4191G11/ROS_Pi/install/robot_interfaces/include/robot_interfaces/robot_interfaces/msg/detail
[3.369s] -- Up-to-date: /home/rpi-team11/ECE4191G11/ROS_Pi/install/robot_interfaces/include/robot_interfaces/robot_interfaces/msg/detail/obstacles__rosidl_typesupport_introspection_cpp.hpp
[3.369s] -- Up-to-date: /home/rpi-team11/ECE4191G11/ROS_Pi/install/robot_interfaces/include/robot_interfaces/robot_interfaces/msg/detail/des_state__rosidl_typesupport_introspection_cpp.hpp
[3.370s] -- Up-to-date: /home/rpi-team11/ECE4191G11/ROS_Pi/install/robot_interfaces/include/robot_interfaces/robot_interfaces/msg/detail/pose__type_support.cpp
[3.370s] -- Up-to-date: /home/rpi-team11/ECE4191G11/ROS_Pi/install/robot_interfaces/include/robot_interfaces/robot_interfaces/msg/detail/encoder_info__type_support.cpp
[3.370s] -- Up-to-date: /home/rpi-team11/ECE4191G11/ROS_Pi/install/robot_interfaces/include/robot_interfaces/robot_interfaces/msg/detail/distances__type_support.cpp
[3.371s] -- Up-to-date: /home/rpi-team11/ECE4191G11/ROS_Pi/install/robot_interfaces/include/robot_interfaces/robot_interfaces/msg/detail/obstacles__type_support.cpp
[3.371s] -- Up-to-date: /home/rpi-team11/ECE4191G11/ROS_Pi/install/robot_interfaces/include/robot_interfaces/robot_interfaces/msg/detail/pose__rosidl_typesupport_introspection_cpp.hpp
[3.372s] -- Up-to-date: /home/rpi-team11/ECE4191G11/ROS_Pi/install/robot_interfaces/include/robot_interfaces/robot_interfaces/msg/detail/json_data__rosidl_typesupport_introspection_cpp.hpp
[3.372s] -- Up-to-date: /home/rpi-team11/ECE4191G11/ROS_Pi/install/robot_interfaces/include/robot_interfaces/robot_interfaces/msg/detail/flag__rosidl_typesupport_introspection_cpp.hpp
[3.373s] -- Up-to-date: /home/rpi-team11/ECE4191G11/ROS_Pi/install/robot_interfaces/include/robot_interfaces/robot_interfaces/msg/detail/encoder_info__rosidl_typesupport_introspection_cpp.hpp
[3.373s] -- Up-to-date: /home/rpi-team11/ECE4191G11/ROS_Pi/install/robot_interfaces/include/robot_interfaces/robot_interfaces/msg/detail/des_state__type_support.cpp
[3.373s] -- Up-to-date: /home/rpi-team11/ECE4191G11/ROS_Pi/install/robot_interfaces/include/robot_interfaces/robot_interfaces/msg/detail/json_data__type_support.cpp
[3.374s] -- Up-to-date: /home/rpi-team11/ECE4191G11/ROS_Pi/install/robot_interfaces/include/robot_interfaces/robot_interfaces/msg/detail/flag__type_support.cpp
[3.374s] -- Up-to-date: /home/rpi-team11/ECE4191G11/ROS_Pi/install/robot_interfaces/include/robot_interfaces/robot_interfaces/msg/detail/qr_data__type_support.cpp
[3.374s] -- Up-to-date: /home/rpi-team11/ECE4191G11/ROS_Pi/install/robot_interfaces/include/robot_interfaces/robot_interfaces/msg/detail/qr_data__rosidl_typesupport_introspection_cpp.hpp
[3.375s] -- Up-to-date: /home/rpi-team11/ECE4191G11/ROS_Pi/install/robot_interfaces/include/robot_interfaces/robot_interfaces/msg/detail/distances__rosidl_typesupport_introspection_cpp.hpp
[3.375s] -- Up-to-date: /home/rpi-team11/ECE4191G11/ROS_Pi/install/robot_interfaces/lib/librobot_interfaces__rosidl_typesupport_introspection_cpp.so
[3.376s] -- Up-to-date: /home/rpi-team11/ECE4191G11/ROS_Pi/install/robot_interfaces/lib/librobot_interfaces__rosidl_typesupport_cpp.so
[3.376s] -- Up-to-date: /home/rpi-team11/ECE4191G11/ROS_Pi/install/robot_interfaces/share/robot_interfaces/environment/pythonpath.sh
[3.377s] -- Up-to-date: /home/rpi-team11/ECE4191G11/ROS_Pi/install/robot_interfaces/share/robot_interfaces/environment/pythonpath.dsv
[3.377s] -- Up-to-date: /home/rpi-team11/ECE4191G11/ROS_Pi/install/robot_interfaces/local/lib/python3.10/dist-packages/robot_interfaces-0.0.0-py3.10.egg-info
[3.378s] -- Installing: /home/rpi-team11/ECE4191G11/ROS_Pi/install/robot_interfaces/local/lib/python3.10/dist-packages/robot_interfaces-0.0.0-py3.10.egg-info/dependency_links.txt
[3.379s] -- Installing: /home/rpi-team11/ECE4191G11/ROS_Pi/install/robot_interfaces/local/lib/python3.10/dist-packages/robot_interfaces-0.0.0-py3.10.egg-info/top_level.txt
[3.380s] -- Installing: /home/rpi-team11/ECE4191G11/ROS_Pi/install/robot_interfaces/local/lib/python3.10/dist-packages/robot_interfaces-0.0.0-py3.10.egg-info/SOURCES.txt
[3.380s] -- Installing: /home/rpi-team11/ECE4191G11/ROS_Pi/install/robot_interfaces/local/lib/python3.10/dist-packages/robot_interfaces-0.0.0-py3.10.egg-info/PKG-INFO
[3.381s] -- Up-to-date: /home/rpi-team11/ECE4191G11/ROS_Pi/install/robot_interfaces/local/lib/python3.10/dist-packages/robot_interfaces
[3.381s] -- Up-to-date: /home/rpi-team11/ECE4191G11/ROS_Pi/install/robot_interfaces/local/lib/python3.10/dist-packages/robot_interfaces/msg
[3.382s] -- Up-to-date: /home/rpi-team11/ECE4191G11/ROS_Pi/install/robot_interfaces/local/lib/python3.10/dist-packages/robot_interfaces/msg/_json_data_s.c
[3.382s] -- Up-to-date: /home/rpi-team11/ECE4191G11/ROS_Pi/install/robot_interfaces/local/lib/python3.10/dist-packages/robot_interfaces/msg/_obstacles.py
[3.383s] -- Up-to-date: /home/rpi-team11/ECE4191G11/ROS_Pi/install/robot_interfaces/local/lib/python3.10/dist-packages/robot_interfaces/msg/_distances.py
[3.384s] -- Up-to-date: /home/rpi-team11/ECE4191G11/ROS_Pi/install/robot_interfaces/local/lib/python3.10/dist-packages/robot_interfaces/msg/_flag_s.c
[3.385s] -- Up-to-date: /home/rpi-team11/ECE4191G11/ROS_Pi/install/robot_interfaces/local/lib/python3.10/dist-packages/robot_interfaces/msg/_encoder_info.py
[3.386s] -- Up-to-date: /home/rpi-team11/ECE4191G11/ROS_Pi/install/robot_interfaces/local/lib/python3.10/dist-packages/robot_interfaces/msg/_pose_s.c
[3.386s] -- Up-to-date: /home/rpi-team11/ECE4191G11/ROS_Pi/install/robot_interfaces/local/lib/python3.10/dist-packages/robot_interfaces/msg/__init__.py
[3.387s] -- Up-to-date: /home/rpi-team11/ECE4191G11/ROS_Pi/install/robot_interfaces/local/lib/python3.10/dist-packages/robot_interfaces/msg/_flag.py
[3.388s] -- Up-to-date: /home/rpi-team11/ECE4191G11/ROS_Pi/install/robot_interfaces/local/lib/python3.10/dist-packages/robot_interfaces/msg/_pose.py
[3.389s] -- Up-to-date: /home/rpi-team11/ECE4191G11/ROS_Pi/install/robot_interfaces/local/lib/python3.10/dist-packages/robot_interfaces/msg/_json_data.py
[3.390s] -- Up-to-date: /home/rpi-team11/ECE4191G11/ROS_Pi/install/robot_interfaces/local/lib/python3.10/dist-packages/robot_interfaces/msg/_qr_data_s.c
[3.391s] -- Up-to-date: /home/rpi-team11/ECE4191G11/ROS_Pi/install/robot_interfaces/local/lib/python3.10/dist-packages/robot_interfaces/msg/_qr_data.py
[3.392s] -- Up-to-date: /home/rpi-team11/ECE4191G11/ROS_Pi/install/robot_interfaces/local/lib/python3.10/dist-packages/robot_interfaces/msg/_encoder_info_s.c
[3.392s] -- Up-to-date: /home/rpi-team11/ECE4191G11/ROS_Pi/install/robot_interfaces/local/lib/python3.10/dist-packages/robot_interfaces/msg/_obstacles_s.c
[3.393s] -- Up-to-date: /home/rpi-team11/ECE4191G11/ROS_Pi/install/robot_interfaces/local/lib/python3.10/dist-packages/robot_interfaces/msg/_des_state_s.c
[3.393s] -- Up-to-date: /home/rpi-team11/ECE4191G11/ROS_Pi/install/robot_interfaces/local/lib/python3.10/dist-packages/robot_interfaces/msg/_distances_s.c
[3.394s] -- Up-to-date: /home/rpi-team11/ECE4191G11/ROS_Pi/install/robot_interfaces/local/lib/python3.10/dist-packages/robot_interfaces/msg/_des_state.py
[3.395s] -- Up-to-date: /home/rpi-team11/ECE4191G11/ROS_Pi/install/robot_interfaces/local/lib/python3.10/dist-packages/robot_interfaces/_robot_interfaces_s.ep.rosidl_typesupport_c.c
[3.395s] -- Up-to-date: /home/rpi-team11/ECE4191G11/ROS_Pi/install/robot_interfaces/local/lib/python3.10/dist-packages/robot_interfaces/__init__.py
[3.396s] -- Up-to-date: /home/rpi-team11/ECE4191G11/ROS_Pi/install/robot_interfaces/local/lib/python3.10/dist-packages/robot_interfaces/robot_interfaces_s__rosidl_typesupport_c.cpython-310-aarch64-linux-gnu.so
[3.396s] -- Up-to-date: /home/rpi-team11/ECE4191G11/ROS_Pi/install/robot_interfaces/local/lib/python3.10/dist-packages/robot_interfaces/_robot_interfaces_s.ep.rosidl_typesupport_introspection_c.c
[3.397s] -- Up-to-date: /home/rpi-team11/ECE4191G11/ROS_Pi/install/robot_interfaces/local/lib/python3.10/dist-packages/robot_interfaces/_robot_interfaces_s.ep.rosidl_typesupport_fastrtps_c.c
[3.397s] -- Up-to-date: /home/rpi-team11/ECE4191G11/ROS_Pi/install/robot_interfaces/local/lib/python3.10/dist-packages/robot_interfaces/librobot_interfaces__rosidl_generator_py.so
[3.398s] -- Up-to-date: /home/rpi-team11/ECE4191G11/ROS_Pi/install/robot_interfaces/local/lib/python3.10/dist-packages/robot_interfaces/robot_interfaces_s__rosidl_typesupport_fastrtps_c.cpython-310-aarch64-linux-gnu.so
[3.398s] -- Up-to-date: /home/rpi-team11/ECE4191G11/ROS_Pi/install/robot_interfaces/local/lib/python3.10/dist-packages/robot_interfaces/robot_interfaces_s__rosidl_typesupport_introspection_c.cpython-310-aarch64-linux-gnu.so
[3.572s] Listing '/home/rpi-team11/ECE4191G11/ROS_Pi/install/robot_interfaces/local/lib/python3.10/dist-packages/robot_interfaces'...
[3.574s] Listing '/home/rpi-team11/ECE4191G11/ROS_Pi/install/robot_interfaces/local/lib/python3.10/dist-packages/robot_interfaces/msg'...
[3.599s] -- Up-to-date: /home/rpi-team11/ECE4191G11/ROS_Pi/install/robot_interfaces/local/lib/python3.10/dist-packages/robot_interfaces/robot_interfaces_s__rosidl_typesupport_fastrtps_c.cpython-310-aarch64-linux-gnu.so
[3.602s] -- Up-to-date: /home/rpi-team11/ECE4191G11/ROS_Pi/install/robot_interfaces/local/lib/python3.10/dist-packages/robot_interfaces/robot_interfaces_s__rosidl_typesupport_introspection_c.cpython-310-aarch64-linux-gnu.so
[3.605s] -- Up-to-date: /home/rpi-team11/ECE4191G11/ROS_Pi/install/robot_interfaces/local/lib/python3.10/dist-packages/robot_interfaces/robot_interfaces_s__rosidl_typesupport_c.cpython-310-aarch64-linux-gnu.so
[3.607s] -- Up-to-date: /home/rpi-team11/ECE4191G11/ROS_Pi/install/robot_interfaces/lib/librobot_interfaces__rosidl_generator_py.so
[3.609s] -- Up-to-date: /home/rpi-team11/ECE4191G11/ROS_Pi/install/robot_interfaces/share/robot_interfaces/msg/DesState.idl
[3.610s] -- Up-to-date: /home/rpi-team11/ECE4191G11/ROS_Pi/install/robot_interfaces/share/robot_interfaces/msg/Pose.idl
[3.611s] -- Up-to-date: /home/rpi-team11/ECE4191G11/ROS_Pi/install/robot_interfaces/share/robot_interfaces/msg/Distances.idl
[3.612s] -- Up-to-date: /home/rpi-team11/ECE4191G11/ROS_Pi/install/robot_interfaces/share/robot_interfaces/msg/EncoderInfo.idl
[3.612s] -- Up-to-date: /home/rpi-team11/ECE4191G11/ROS_Pi/install/robot_interfaces/share/robot_interfaces/msg/Obstacles.idl
[3.613s] -- Up-to-date: /home/rpi-team11/ECE4191G11/ROS_Pi/install/robot_interfaces/share/robot_interfaces/msg/QRData.idl
[3.618s] -- Up-to-date: /home/rpi-team11/ECE4191G11/ROS_Pi/install/robot_interfaces/share/robot_interfaces/msg/Flag.idl
[3.619s] -- Up-to-date: /home/rpi-team11/ECE4191G11/ROS_Pi/install/robot_interfaces/share/robot_interfaces/msg/JSONData.idl
[3.620s] -- Up-to-date: /home/rpi-team11/ECE4191G11/ROS_Pi/install/robot_interfaces/share/robot_interfaces/msg/DesState.msg
[3.621s] -- Up-to-date: /home/rpi-team11/ECE4191G11/ROS_Pi/install/robot_interfaces/share/robot_interfaces/msg/Pose.msg
[3.629s] -- Up-to-date: /home/rpi-team11/ECE4191G11/ROS_Pi/install/robot_interfaces/share/robot_interfaces/msg/Distances.msg
[3.631s] -- Up-to-date: /home/rpi-team11/ECE4191G11/ROS_Pi/install/robot_interfaces/share/robot_interfaces/msg/EncoderInfo.msg
[3.631s] -- Up-to-date: /home/rpi-team11/ECE4191G11/ROS_Pi/install/robot_interfaces/share/robot_interfaces/msg/Obstacles.msg
[3.632s] -- Up-to-date: /home/rpi-team11/ECE4191G11/ROS_Pi/install/robot_interfaces/share/robot_interfaces/msg/QRData.msg
[3.632s] -- Up-to-date: /home/rpi-team11/ECE4191G11/ROS_Pi/install/robot_interfaces/share/robot_interfaces/msg/Flag.msg
[3.633s] -- Up-to-date: /home/rpi-team11/ECE4191G11/ROS_Pi/install/robot_interfaces/share/robot_interfaces/msg/JSONData.msg
[3.633s] -- Up-to-date: /home/rpi-team11/ECE4191G11/ROS_Pi/install/robot_interfaces/share/ament_index/resource_index/package_run_dependencies/robot_interfaces
[3.633s] -- Up-to-date: /home/rpi-team11/ECE4191G11/ROS_Pi/install/robot_interfaces/share/ament_index/resource_index/parent_prefix_path/robot_interfaces
[3.634s] -- Up-to-date: /home/rpi-team11/ECE4191G11/ROS_Pi/install/robot_interfaces/share/robot_interfaces/environment/ament_prefix_path.sh
[3.634s] -- Up-to-date: /home/rpi-team11/ECE4191G11/ROS_Pi/install/robot_interfaces/share/robot_interfaces/environment/ament_prefix_path.dsv
[3.635s] -- Up-to-date: /home/rpi-team11/ECE4191G11/ROS_Pi/install/robot_interfaces/share/robot_interfaces/environment/path.sh
[3.635s] -- Up-to-date: /home/rpi-team11/ECE4191G11/ROS_Pi/install/robot_interfaces/share/robot_interfaces/environment/path.dsv
[3.636s] -- Up-to-date: /home/rpi-team11/ECE4191G11/ROS_Pi/install/robot_interfaces/share/robot_interfaces/local_setup.bash
[3.636s] -- Up-to-date: /home/rpi-team11/ECE4191G11/ROS_Pi/install/robot_interfaces/share/robot_interfaces/local_setup.sh
[3.637s] -- Up-to-date: /home/rpi-team11/ECE4191G11/ROS_Pi/install/robot_interfaces/share/robot_interfaces/local_setup.zsh
[3.637s] -- Up-to-date: /home/rpi-team11/ECE4191G11/ROS_Pi/install/robot_interfaces/share/robot_interfaces/local_setup.dsv
[3.638s] -- Installing: /home/rpi-team11/ECE4191G11/ROS_Pi/install/robot_interfaces/share/robot_interfaces/package.dsv
[3.638s] -- Up-to-date: /home/rpi-team11/ECE4191G11/ROS_Pi/install/robot_interfaces/share/ament_index/resource_index/packages/robot_interfaces
[3.639s] -- Up-to-date: /home/rpi-team11/ECE4191G11/ROS_Pi/install/robot_interfaces/share/robot_interfaces/cmake/export_robot_interfaces__rosidl_generator_cExport.cmake
[3.639s] -- Up-to-date: /home/rpi-team11/ECE4191G11/ROS_Pi/install/robot_interfaces/share/robot_interfaces/cmake/export_robot_interfaces__rosidl_generator_cExport-noconfig.cmake
[3.640s] -- Up-to-date: /home/rpi-team11/ECE4191G11/ROS_Pi/install/robot_interfaces/share/robot_interfaces/cmake/export_robot_interfaces__rosidl_typesupport_fastrtps_cExport.cmake
[3.640s] -- Up-to-date: /home/rpi-team11/ECE4191G11/ROS_Pi/install/robot_interfaces/share/robot_interfaces/cmake/export_robot_interfaces__rosidl_typesupport_fastrtps_cExport-noconfig.cmake
[3.641s] -- Up-to-date: /home/rpi-team11/ECE4191G11/ROS_Pi/install/robot_interfaces/share/robot_interfaces/cmake/robot_interfaces__rosidl_typesupport_introspection_cExport.cmake
[3.641s] -- Up-to-date: /home/rpi-team11/ECE4191G11/ROS_Pi/install/robot_interfaces/share/robot_interfaces/cmake/robot_interfaces__rosidl_typesupport_introspection_cExport-noconfig.cmake
[3.642s] -- Up-to-date: /home/rpi-team11/ECE4191G11/ROS_Pi/install/robot_interfaces/share/robot_interfaces/cmake/robot_interfaces__rosidl_typesupport_cExport.cmake
[3.642s] -- Up-to-date: /home/rpi-team11/ECE4191G11/ROS_Pi/install/robot_interfaces/share/robot_interfaces/cmake/robot_interfaces__rosidl_typesupport_cExport-noconfig.cmake
[3.643s] -- Up-to-date: /home/rpi-team11/ECE4191G11/ROS_Pi/install/robot_interfaces/share/robot_interfaces/cmake/export_robot_interfaces__rosidl_generator_cppExport.cmake
[3.643s] -- Up-to-date: /home/rpi-team11/ECE4191G11/ROS_Pi/install/robot_interfaces/share/robot_interfaces/cmake/export_robot_interfaces__rosidl_typesupport_fastrtps_cppExport.cmake
[3.643s] -- Up-to-date: /home/rpi-team11/ECE4191G11/ROS_Pi/install/robot_interfaces/share/robot_interfaces/cmake/export_robot_interfaces__rosidl_typesupport_fastrtps_cppExport-noconfig.cmake
[3.644s] -- Up-to-date: /home/rpi-team11/ECE4191G11/ROS_Pi/install/robot_interfaces/share/robot_interfaces/cmake/robot_interfaces__rosidl_typesupport_introspection_cppExport.cmake
[3.644s] -- Up-to-date: /home/rpi-team11/ECE4191G11/ROS_Pi/install/robot_interfaces/share/robot_interfaces/cmake/robot_interfaces__rosidl_typesupport_introspection_cppExport-noconfig.cmake
[3.645s] -- Up-to-date: /home/rpi-team11/ECE4191G11/ROS_Pi/install/robot_interfaces/share/robot_interfaces/cmake/robot_interfaces__rosidl_typesupport_cppExport.cmake
[3.645s] -- Up-to-date: /home/rpi-team11/ECE4191G11/ROS_Pi/install/robot_interfaces/share/robot_interfaces/cmake/robot_interfaces__rosidl_typesupport_cppExport-noconfig.cmake
[3.645s] -- Up-to-date: /home/rpi-team11/ECE4191G11/ROS_Pi/install/robot_interfaces/share/robot_interfaces/cmake/export_robot_interfaces__rosidl_generator_pyExport.cmake
[3.646s] -- Up-to-date: /home/rpi-team11/ECE4191G11/ROS_Pi/install/robot_interfaces/share/robot_interfaces/cmake/export_robot_interfaces__rosidl_generator_pyExport-noconfig.cmake
[3.646s] -- Up-to-date: /home/rpi-team11/ECE4191G11/ROS_Pi/install/robot_interfaces/share/robot_interfaces/cmake/rosidl_cmake-extras.cmake
[3.647s] -- Up-to-date: /home/rpi-team11/ECE4191G11/ROS_Pi/install/robot_interfaces/share/robot_interfaces/cmake/ament_cmake_export_include_directories-extras.cmake
[3.648s] -- Up-to-date: /home/rpi-team11/ECE4191G11/ROS_Pi/install/robot_interfaces/share/robot_interfaces/cmake/ament_cmake_export_libraries-extras.cmake
[3.649s] -- Up-to-date: /home/rpi-team11/ECE4191G11/ROS_Pi/install/robot_interfaces/share/robot_interfaces/cmake/ament_cmake_export_targets-extras.cmake
[3.651s] -- Up-to-date: /home/rpi-team11/ECE4191G11/ROS_Pi/install/robot_interfaces/share/robot_interfaces/cmake/rosidl_cmake_export_typesupport_targets-extras.cmake
[3.653s] -- Up-to-date: /home/rpi-team11/ECE4191G11/ROS_Pi/install/robot_interfaces/share/robot_interfaces/cmake/ament_cmake_export_dependencies-extras.cmake
[3.653s] -- Up-to-date: /home/rpi-team11/ECE4191G11/ROS_Pi/install/robot_interfaces/share/robot_interfaces/cmake/rosidl_cmake_export_typesupport_libraries-extras.cmake
[3.656s] -- Up-to-date: /home/rpi-team11/ECE4191G11/ROS_Pi/install/robot_interfaces/share/robot_interfaces/cmake/robot_interfacesConfig.cmake
[3.657s] -- Up-to-date: /home/rpi-team11/ECE4191G11/ROS_Pi/install/robot_interfaces/share/robot_interfaces/cmake/robot_interfacesConfig-version.cmake
[3.657s] -- Up-to-date: /home/rpi-team11/ECE4191G11/ROS_Pi/install/robot_interfaces/share/robot_interfaces/package.xml
[3.658s] Invoked command in '/home/rpi-team11/ECE4191G11/ROS_Pi/build/robot_interfaces' returned '0': CMAKE_PREFIX_PATH=${CMAKE_PREFIX_PATH}:/home/rpi-team11/ECE4191G11/ROS_Pi/install/robot_controller:/opt/ros/humble /usr/bin/cmake --install /home/rpi-team11/ECE4191G11/ROS_Pi/build/robot_interfaces
