[0.723s] Invoking command in '/home/lingc/ECE4191G11/ROS_PC/src/robot_controller': CMAKE_PREFIX_PATH=/home/lingc/ECE4191G11/ROS_PC/install/robot_interfaces:/home/lingc/ECE4191G11/ROS_PC/install/robot_launch PYTHONPATH=/home/lingc/ECE4191G11/ROS_PC/build/robot_controller/prefix_override:/home/lingc/ECE4191G11/ROS_PC/install/robot_controller/lib/python3.10/site-packages:${PYTHONPATH} /usr/bin/python3 setup.py egg_info --egg-base ../../build/robot_controller build --build-base /home/lingc/ECE4191G11/ROS_PC/build/robot_controller/build install --record /home/lingc/ECE4191G11/ROS_PC/build/robot_controller/install.log --single-version-externally-managed
[0.964s] running egg_info
[0.964s] writing ../../build/robot_controller/robot_controller.egg-info/PKG-INFO
[0.965s] writing dependency_links to ../../build/robot_controller/robot_controller.egg-info/dependency_links.txt
[0.965s] writing entry points to ../../build/robot_controller/robot_controller.egg-info/entry_points.txt
[0.965s] writing requirements to ../../build/robot_controller/robot_controller.egg-info/requires.txt
[0.965s] writing top-level names to ../../build/robot_controller/robot_controller.egg-info/top_level.txt
[0.967s] reading manifest file '../../build/robot_controller/robot_controller.egg-info/SOURCES.txt'
[0.969s] writing manifest file '../../build/robot_controller/robot_controller.egg-info/SOURCES.txt'
[0.969s] running build
[0.969s] running build_py
[0.969s] running install
[0.969s] running install_lib
[0.970s] running install_data
[0.971s] running install_egg_info
[0.972s] removing '/home/lingc/ECE4191G11/ROS_PC/install/robot_controller/lib/python3.10/site-packages/robot_controller-0.0.0-py3.10.egg-info' (and everything under it)
[0.973s] Copying ../../build/robot_controller/robot_controller.egg-info to /home/lingc/ECE4191G11/ROS_PC/install/robot_controller/lib/python3.10/site-packages/robot_controller-0.0.0-py3.10.egg-info
[0.973s] running install_scripts
[0.991s] Installing manual_waypoint_node script to /home/lingc/ECE4191G11/ROS_PC/install/robot_controller/lib/robot_controller
[0.991s] Installing path_planner_node script to /home/lingc/ECE4191G11/ROS_PC/install/robot_controller/lib/robot_controller
[0.991s] Installing server_node script to /home/lingc/ECE4191G11/ROS_PC/install/robot_controller/lib/robot_controller
[0.992s] writing list of installed files to '/home/lingc/ECE4191G11/ROS_PC/build/robot_controller/install.log'
[1.016s] Invoked command in '/home/lingc/ECE4191G11/ROS_PC/src/robot_controller' returned '0': CMAKE_PREFIX_PATH=/home/lingc/ECE4191G11/ROS_PC/install/robot_interfaces:/home/lingc/ECE4191G11/ROS_PC/install/robot_launch PYTHONPATH=/home/lingc/ECE4191G11/ROS_PC/build/robot_controller/prefix_override:/home/lingc/ECE4191G11/ROS_PC/install/robot_controller/lib/python3.10/site-packages:${PYTHONPATH} /usr/bin/python3 setup.py egg_info --egg-base ../../build/robot_controller build --build-base /home/lingc/ECE4191G11/ROS_PC/build/robot_controller/build install --record /home/lingc/ECE4191G11/ROS_PC/build/robot_controller/install.log --single-version-externally-managed
