[1.731s] DEBUG:colcon:Command line arguments: ['/usr/bin/colcon', 'build']
[1.732s] DEBUG:colcon:Parsed command line arguments: Namespace(log_base=None, log_level=None, verb_name='build', build_base='build', install_base='install', merge_install=False, symlink_install=False, test_result_base=None, continue_on_error=False, executor='parallel', parallel_workers=4, event_handlers=None, ignore_user_meta=False, metas=['./colcon.meta'], base_paths=['.'], packages_ignore=None, packages_ignore_regex=None, paths=None, packages_up_to=None, packages_up_to_regex=None, packages_above=None, packages_above_and_dependencies=None, packages_above_depth=None, packages_select_by_dep=None, packages_skip_by_dep=None, packages_skip_up_to=None, packages_select_build_failed=False, packages_skip_build_finished=False, packages_select_test_failures=False, packages_skip_test_passed=False, packages_select=None, packages_skip=None, packages_select_regex=None, packages_skip_regex=None, packages_start=None, packages_end=None, allow_overriding=[], cmake_args=None, cmake_target=None, cmake_target_skip_unavailable=False, cmake_clean_cache=False, cmake_clean_first=False, cmake_force_configure=False, ament_cmake_args=None, catkin_cmake_args=None, catkin_skip_building_tests=False, verb_parser=<colcon_defaults.argument_parser.defaults.DefaultArgumentsDecorator object at 0xffff83daa290>, verb_extension=<colcon_core.verb.build.BuildVerb object at 0xffff83da9d20>, main=<bound method BuildVerb.main of <colcon_core.verb.build.BuildVerb object at 0xffff83da9d20>>)
[1.883s] Level 1:colcon.colcon_core.package_discovery:discover_packages(colcon_meta) check parameters
[1.883s] Level 1:colcon.colcon_core.package_discovery:discover_packages(recursive) check parameters
[1.883s] Level 1:colcon.colcon_core.package_discovery:discover_packages(ignore) check parameters
[1.883s] Level 1:colcon.colcon_core.package_discovery:discover_packages(path) check parameters
[1.884s] Level 1:colcon.colcon_core.package_discovery:discover_packages(colcon_meta) discover
[1.884s] Level 1:colcon.colcon_core.package_discovery:discover_packages(recursive) discover
[1.884s] INFO:colcon.colcon_core.package_discovery:Crawling recursively for packages in '/home/rpi-team11/ECE4191G11/ROS'
[1.884s] Level 1:colcon.colcon_core.package_identification:_identify(.) by extensions ['ignore', 'ignore_ament_install']
[1.885s] Level 1:colcon.colcon_core.package_identification:_identify(.) by extension 'ignore'
[1.885s] Level 1:colcon.colcon_core.package_identification:_identify(.) by extension 'ignore_ament_install'
[1.885s] Level 1:colcon.colcon_core.package_identification:_identify(.) by extensions ['colcon_pkg']
[1.886s] Level 1:colcon.colcon_core.package_identification:_identify(.) by extension 'colcon_pkg'
[1.886s] Level 1:colcon.colcon_core.package_identification:_identify(.) by extensions ['colcon_meta']
[1.886s] Level 1:colcon.colcon_core.package_identification:_identify(.) by extension 'colcon_meta'
[1.886s] Level 1:colcon.colcon_core.package_identification:_identify(.) by extensions ['ros']
[1.886s] Level 1:colcon.colcon_core.package_identification:_identify(.) by extension 'ros'
[1.948s] Level 1:colcon.colcon_core.package_identification:_identify(.) by extensions ['cmake', 'python']
[1.948s] Level 1:colcon.colcon_core.package_identification:_identify(.) by extension 'cmake'
[1.948s] Level 1:colcon.colcon_core.package_identification:_identify(.) by extension 'python'
[1.948s] Level 1:colcon.colcon_core.package_identification:_identify(.) by extensions ['python_setup_py']
[1.949s] Level 1:colcon.colcon_core.package_identification:_identify(.) by extension 'python_setup_py'
[1.949s] Level 1:colcon.colcon_core.package_identification:_identify(build) by extensions ['ignore', 'ignore_ament_install']
[1.950s] Level 1:colcon.colcon_core.package_identification:_identify(build) by extension 'ignore'
[1.950s] Level 1:colcon.colcon_core.package_identification:_identify(build) ignored
[1.950s] Level 1:colcon.colcon_core.package_identification:_identify(install) by extensions ['ignore', 'ignore_ament_install']
[1.951s] Level 1:colcon.colcon_core.package_identification:_identify(install) by extension 'ignore'
[1.951s] Level 1:colcon.colcon_core.package_identification:_identify(install) ignored
[1.952s] Level 1:colcon.colcon_core.package_identification:_identify(log) by extensions ['ignore', 'ignore_ament_install']
[1.952s] Level 1:colcon.colcon_core.package_identification:_identify(log) by extension 'ignore'
[1.953s] Level 1:colcon.colcon_core.package_identification:_identify(log) ignored
[1.953s] Level 1:colcon.colcon_core.package_identification:_identify(src) by extensions ['ignore', 'ignore_ament_install']
[1.953s] Level 1:colcon.colcon_core.package_identification:_identify(src) by extension 'ignore'
[1.954s] Level 1:colcon.colcon_core.package_identification:_identify(src) by extension 'ignore_ament_install'
[1.954s] Level 1:colcon.colcon_core.package_identification:_identify(src) by extensions ['colcon_pkg']
[1.954s] Level 1:colcon.colcon_core.package_identification:_identify(src) by extension 'colcon_pkg'
[1.954s] Level 1:colcon.colcon_core.package_identification:_identify(src) by extensions ['colcon_meta']
[1.954s] Level 1:colcon.colcon_core.package_identification:_identify(src) by extension 'colcon_meta'
[1.955s] Level 1:colcon.colcon_core.package_identification:_identify(src) by extensions ['ros']
[1.955s] Level 1:colcon.colcon_core.package_identification:_identify(src) by extension 'ros'
[1.955s] Level 1:colcon.colcon_core.package_identification:_identify(src) by extensions ['cmake', 'python']
[1.955s] Level 1:colcon.colcon_core.package_identification:_identify(src) by extension 'cmake'
[1.955s] Level 1:colcon.colcon_core.package_identification:_identify(src) by extension 'python'
[1.956s] Level 1:colcon.colcon_core.package_identification:_identify(src) by extensions ['python_setup_py']
[1.956s] Level 1:colcon.colcon_core.package_identification:_identify(src) by extension 'python_setup_py'
[1.956s] Level 1:colcon.colcon_core.package_identification:_identify(src/robot_controller) by extensions ['ignore', 'ignore_ament_install']
[1.957s] Level 1:colcon.colcon_core.package_identification:_identify(src/robot_controller) by extension 'ignore'
[1.957s] Level 1:colcon.colcon_core.package_identification:_identify(src/robot_controller) by extension 'ignore_ament_install'
[1.957s] Level 1:colcon.colcon_core.package_identification:_identify(src/robot_controller) by extensions ['colcon_pkg']
[1.957s] Level 1:colcon.colcon_core.package_identification:_identify(src/robot_controller) by extension 'colcon_pkg'
[1.957s] Level 1:colcon.colcon_core.package_identification:_identify(src/robot_controller) by extensions ['colcon_meta']
[1.958s] Level 1:colcon.colcon_core.package_identification:_identify(src/robot_controller) by extension 'colcon_meta'
[1.958s] Level 1:colcon.colcon_core.package_identification:_identify(src/robot_controller) by extensions ['ros']
[1.958s] Level 1:colcon.colcon_core.package_identification:_identify(src/robot_controller) by extension 'ros'
[1.970s] DEBUG:colcon.colcon_core.package_identification:Package 'src/robot_controller' with type 'ros.ament_python' and name 'robot_controller'
[1.971s] Level 1:colcon.colcon_core.package_identification:_identify(src/robot_interfaces) by extensions ['ignore', 'ignore_ament_install']
[1.971s] Level 1:colcon.colcon_core.package_identification:_identify(src/robot_interfaces) by extension 'ignore'
[1.972s] Level 1:colcon.colcon_core.package_identification:_identify(src/robot_interfaces) by extension 'ignore_ament_install'
[1.972s] Level 1:colcon.colcon_core.package_identification:_identify(src/robot_interfaces) by extensions ['colcon_pkg']
[1.972s] Level 1:colcon.colcon_core.package_identification:_identify(src/robot_interfaces) by extension 'colcon_pkg'
[1.972s] Level 1:colcon.colcon_core.package_identification:_identify(src/robot_interfaces) by extensions ['colcon_meta']
[1.973s] Level 1:colcon.colcon_core.package_identification:_identify(src/robot_interfaces) by extension 'colcon_meta'
[1.973s] Level 1:colcon.colcon_core.package_identification:_identify(src/robot_interfaces) by extensions ['ros']
[1.973s] Level 1:colcon.colcon_core.package_identification:_identify(src/robot_interfaces) by extension 'ros'
[1.976s] DEBUG:colcon.colcon_core.package_identification:Package 'src/robot_interfaces' with type 'ros.ament_cmake' and name 'robot_interfaces'
[1.976s] Level 1:colcon.colcon_core.package_identification:_identify(src/robot_launch) by extensions ['ignore', 'ignore_ament_install']
[1.977s] Level 1:colcon.colcon_core.package_identification:_identify(src/robot_launch) by extension 'ignore'
[1.977s] Level 1:colcon.colcon_core.package_identification:_identify(src/robot_launch) by extension 'ignore_ament_install'
[1.977s] Level 1:colcon.colcon_core.package_identification:_identify(src/robot_launch) by extensions ['colcon_pkg']
[1.977s] Level 1:colcon.colcon_core.package_identification:_identify(src/robot_launch) by extension 'colcon_pkg'
[1.978s] Level 1:colcon.colcon_core.package_identification:_identify(src/robot_launch) by extensions ['colcon_meta']
[1.978s] Level 1:colcon.colcon_core.package_identification:_identify(src/robot_launch) by extension 'colcon_meta'
[1.978s] Level 1:colcon.colcon_core.package_identification:_identify(src/robot_launch) by extensions ['ros']
[1.978s] Level 1:colcon.colcon_core.package_identification:_identify(src/robot_launch) by extension 'ros'
[1.981s] DEBUG:colcon.colcon_core.package_identification:Package 'src/robot_launch' with type 'ros.ament_cmake' and name 'robot_launch'
[1.981s] Level 1:colcon.colcon_core.package_discovery:discover_packages(recursive) using defaults
[1.981s] Level 1:colcon.colcon_core.package_discovery:discover_packages(ignore) discover
[1.981s] Level 1:colcon.colcon_core.package_discovery:discover_packages(ignore) using defaults
[1.981s] Level 1:colcon.colcon_core.package_discovery:discover_packages(path) discover
[1.982s] Level 1:colcon.colcon_core.package_discovery:discover_packages(path) using defaults
[2.092s] Level 1:colcon.colcon_core.package_discovery:discover_packages(prefix_path) check parameters
[2.092s] Level 1:colcon.colcon_core.package_discovery:discover_packages(prefix_path) discover
[2.108s] DEBUG:colcon.colcon_installed_package_information.package_discovery:Found 3 installed packages in /home/rpi-team11/ECE4191G11/ROS/install
[2.119s] DEBUG:colcon.colcon_installed_package_information.package_discovery:Found 270 installed packages in /opt/ros/humble
[2.126s] Level 1:colcon.colcon_core.package_discovery:discover_packages(prefix_path) using defaults
[2.377s] Level 5:colcon.colcon_core.verb:set package 'robot_interfaces' build argument 'cmake_args' from command line to 'None'
[2.377s] Level 5:colcon.colcon_core.verb:set package 'robot_interfaces' build argument 'cmake_target' from command line to 'None'
[2.377s] Level 5:colcon.colcon_core.verb:set package 'robot_interfaces' build argument 'cmake_target_skip_unavailable' from command line to 'False'
[2.377s] Level 5:colcon.colcon_core.verb:set package 'robot_interfaces' build argument 'cmake_clean_cache' from command line to 'False'
[2.377s] Level 5:colcon.colcon_core.verb:set package 'robot_interfaces' build argument 'cmake_clean_first' from command line to 'False'
[2.377s] Level 5:colcon.colcon_core.verb:set package 'robot_interfaces' build argument 'cmake_force_configure' from command line to 'False'
[2.377s] Level 5:colcon.colcon_core.verb:set package 'robot_interfaces' build argument 'ament_cmake_args' from command line to 'None'
[2.378s] Level 5:colcon.colcon_core.verb:set package 'robot_interfaces' build argument 'catkin_cmake_args' from command line to 'None'
[2.378s] Level 5:colcon.colcon_core.verb:set package 'robot_interfaces' build argument 'catkin_skip_building_tests' from command line to 'False'
[2.378s] DEBUG:colcon.colcon_core.verb:Building package 'robot_interfaces' with the following arguments: {'ament_cmake_args': None, 'build_base': '/home/rpi-team11/ECE4191G11/ROS/build/robot_interfaces', 'catkin_cmake_args': None, 'catkin_skip_building_tests': False, 'cmake_args': None, 'cmake_clean_cache': False, 'cmake_clean_first': False, 'cmake_force_configure': False, 'cmake_target': None, 'cmake_target_skip_unavailable': False, 'install_base': '/home/rpi-team11/ECE4191G11/ROS/install/robot_interfaces', 'merge_install': False, 'path': '/home/rpi-team11/ECE4191G11/ROS/src/robot_interfaces', 'symlink_install': False, 'test_result_base': None}
[2.382s] Level 5:colcon.colcon_core.verb:set package 'robot_controller' build argument 'cmake_args' from command line to 'None'
[2.382s] Level 5:colcon.colcon_core.verb:set package 'robot_controller' build argument 'cmake_target' from command line to 'None'
[2.382s] Level 5:colcon.colcon_core.verb:set package 'robot_controller' build argument 'cmake_target_skip_unavailable' from command line to 'False'
[2.382s] Level 5:colcon.colcon_core.verb:set package 'robot_controller' build argument 'cmake_clean_cache' from command line to 'False'
[2.382s] Level 5:colcon.colcon_core.verb:set package 'robot_controller' build argument 'cmake_clean_first' from command line to 'False'
[2.383s] Level 5:colcon.colcon_core.verb:set package 'robot_controller' build argument 'cmake_force_configure' from command line to 'False'
[2.383s] Level 5:colcon.colcon_core.verb:set package 'robot_controller' build argument 'ament_cmake_args' from command line to 'None'
[2.383s] Level 5:colcon.colcon_core.verb:set package 'robot_controller' build argument 'catkin_cmake_args' from command line to 'None'
[2.383s] Level 5:colcon.colcon_core.verb:set package 'robot_controller' build argument 'catkin_skip_building_tests' from command line to 'False'
[2.383s] DEBUG:colcon.colcon_core.verb:Building package 'robot_controller' with the following arguments: {'ament_cmake_args': None, 'build_base': '/home/rpi-team11/ECE4191G11/ROS/build/robot_controller', 'catkin_cmake_args': None, 'catkin_skip_building_tests': False, 'cmake_args': None, 'cmake_clean_cache': False, 'cmake_clean_first': False, 'cmake_force_configure': False, 'cmake_target': None, 'cmake_target_skip_unavailable': False, 'install_base': '/home/rpi-team11/ECE4191G11/ROS/install/robot_controller', 'merge_install': False, 'path': '/home/rpi-team11/ECE4191G11/ROS/src/robot_controller', 'symlink_install': False, 'test_result_base': None}
[2.387s] Level 5:colcon.colcon_core.verb:set package 'robot_launch' build argument 'cmake_args' from command line to 'None'
[2.387s] Level 5:colcon.colcon_core.verb:set package 'robot_launch' build argument 'cmake_target' from command line to 'None'
[2.387s] Level 5:colcon.colcon_core.verb:set package 'robot_launch' build argument 'cmake_target_skip_unavailable' from command line to 'False'
[2.387s] Level 5:colcon.colcon_core.verb:set package 'robot_launch' build argument 'cmake_clean_cache' from command line to 'False'
[2.388s] Level 5:colcon.colcon_core.verb:set package 'robot_launch' build argument 'cmake_clean_first' from command line to 'False'
[2.388s] Level 5:colcon.colcon_core.verb:set package 'robot_launch' build argument 'cmake_force_configure' from command line to 'False'
[2.388s] Level 5:colcon.colcon_core.verb:set package 'robot_launch' build argument 'ament_cmake_args' from command line to 'None'
[2.388s] Level 5:colcon.colcon_core.verb:set package 'robot_launch' build argument 'catkin_cmake_args' from command line to 'None'
[2.388s] Level 5:colcon.colcon_core.verb:set package 'robot_launch' build argument 'catkin_skip_building_tests' from command line to 'False'
[2.388s] DEBUG:colcon.colcon_core.verb:Building package 'robot_launch' with the following arguments: {'ament_cmake_args': None, 'build_base': '/home/rpi-team11/ECE4191G11/ROS/build/robot_launch', 'catkin_cmake_args': None, 'catkin_skip_building_tests': False, 'cmake_args': None, 'cmake_clean_cache': False, 'cmake_clean_first': False, 'cmake_force_configure': False, 'cmake_target': None, 'cmake_target_skip_unavailable': False, 'install_base': '/home/rpi-team11/ECE4191G11/ROS/install/robot_launch', 'merge_install': False, 'path': '/home/rpi-team11/ECE4191G11/ROS/src/robot_launch', 'symlink_install': False, 'test_result_base': None}
[2.391s] INFO:colcon.colcon_core.executor:Executing jobs using 'parallel' executor
[2.402s] DEBUG:colcon.colcon_parallel_executor.executor.parallel:run_until_complete
[2.403s] INFO:colcon.colcon_ros.task.ament_cmake.build:Building ROS package in '/home/rpi-team11/ECE4191G11/ROS/src/robot_interfaces' with build type 'ament_cmake'
[2.404s] INFO:colcon.colcon_cmake.task.cmake.build:Building CMake package in '/home/rpi-team11/ECE4191G11/ROS/src/robot_interfaces'
[2.429s] INFO:colcon.colcon_core.plugin_system:Skipping extension 'colcon_core.shell.bat': Not used on non-Windows systems
[2.430s] INFO:colcon.colcon_core.shell:Skip shell extension 'powershell' for command environment: Not usable outside of PowerShell
[2.430s] DEBUG:colcon.colcon_core.shell:Skip shell extension 'dsv' for command environment
[2.477s] DEBUG:colcon.colcon_core.event_handler.log_command:Invoking command in '/home/rpi-team11/ECE4191G11/ROS/build/robot_interfaces': CMAKE_PREFIX_PATH=${CMAKE_PREFIX_PATH}:/home/rpi-team11/ECE4191G11/ROS/install/robot_controller:/opt/ros/humble /usr/bin/cmake --build /home/rpi-team11/ECE4191G11/ROS/build/robot_interfaces -- -j4 -l4
[4.620s] DEBUG:colcon.colcon_core.event_handler.log_command:Invoked command in '/home/rpi-team11/ECE4191G11/ROS/build/robot_interfaces' returned '0': CMAKE_PREFIX_PATH=${CMAKE_PREFIX_PATH}:/home/rpi-team11/ECE4191G11/ROS/install/robot_controller:/opt/ros/humble /usr/bin/cmake --build /home/rpi-team11/ECE4191G11/ROS/build/robot_interfaces -- -j4 -l4
[5.410s] DEBUG:colcon.colcon_core.event_handler.log_command:Invoking command in '/home/rpi-team11/ECE4191G11/ROS/build/robot_interfaces': CMAKE_PREFIX_PATH=${CMAKE_PREFIX_PATH}:/home/rpi-team11/ECE4191G11/ROS/install/robot_controller:/opt/ros/humble /usr/bin/cmake --install /home/rpi-team11/ECE4191G11/ROS/build/robot_interfaces
[5.720s] Level 1:colcon.colcon_core.environment:create_environment_scripts_only(robot_interfaces)
[5.722s] DEBUG:colcon.colcon_core.event_handler.log_command:Invoked command in '/home/rpi-team11/ECE4191G11/ROS/build/robot_interfaces' returned '0': CMAKE_PREFIX_PATH=${CMAKE_PREFIX_PATH}:/home/rpi-team11/ECE4191G11/ROS/install/robot_controller:/opt/ros/humble /usr/bin/cmake --install /home/rpi-team11/ECE4191G11/ROS/build/robot_interfaces
[5.748s] Level 1:colcon.colcon_core.environment:checking '/home/rpi-team11/ECE4191G11/ROS/install/robot_interfaces' for CMake module files
[5.752s] Level 1:colcon.colcon_core.environment:checking '/home/rpi-team11/ECE4191G11/ROS/install/robot_interfaces' for CMake config files
[5.757s] Level 1:colcon.colcon_core.shell:create_environment_hook('robot_interfaces', 'cmake_prefix_path')
[5.762s] INFO:colcon.colcon_core.shell:Creating environment hook '/home/rpi-team11/ECE4191G11/ROS/install/robot_interfaces/share/robot_interfaces/hook/cmake_prefix_path.ps1'
[5.765s] INFO:colcon.colcon_core.shell:Creating environment descriptor '/home/rpi-team11/ECE4191G11/ROS/install/robot_interfaces/share/robot_interfaces/hook/cmake_prefix_path.dsv'
[5.769s] INFO:colcon.colcon_core.shell:Creating environment hook '/home/rpi-team11/ECE4191G11/ROS/install/robot_interfaces/share/robot_interfaces/hook/cmake_prefix_path.sh'
[5.774s] Level 1:colcon.colcon_core.environment:checking '/home/rpi-team11/ECE4191G11/ROS/install/robot_interfaces/lib'
[5.775s] Level 1:colcon.colcon_core.shell:create_environment_hook('robot_interfaces', 'ld_library_path_lib')
[5.780s] INFO:colcon.colcon_core.shell:Creating environment hook '/home/rpi-team11/ECE4191G11/ROS/install/robot_interfaces/share/robot_interfaces/hook/ld_library_path_lib.ps1'
[5.782s] INFO:colcon.colcon_core.shell:Creating environment descriptor '/home/rpi-team11/ECE4191G11/ROS/install/robot_interfaces/share/robot_interfaces/hook/ld_library_path_lib.dsv'
[5.784s] INFO:colcon.colcon_core.shell:Creating environment hook '/home/rpi-team11/ECE4191G11/ROS/install/robot_interfaces/share/robot_interfaces/hook/ld_library_path_lib.sh'
[5.786s] Level 1:colcon.colcon_core.environment:checking '/home/rpi-team11/ECE4191G11/ROS/install/robot_interfaces/bin'
[5.787s] Level 1:colcon.colcon_core.environment:checking '/home/rpi-team11/ECE4191G11/ROS/install/robot_interfaces/lib/pkgconfig/robot_interfaces.pc'
[5.788s] Level 1:colcon.colcon_core.environment:checking '/home/rpi-team11/ECE4191G11/ROS/install/robot_interfaces/lib/python3.10/site-packages'
[5.789s] Level 1:colcon.colcon_core.environment:checking '/home/rpi-team11/ECE4191G11/ROS/install/robot_interfaces/bin'
[5.794s] INFO:colcon.colcon_core.shell:Creating package script '/home/rpi-team11/ECE4191G11/ROS/install/robot_interfaces/share/robot_interfaces/package.ps1'
[5.798s] INFO:colcon.colcon_core.shell:Creating package descriptor '/home/rpi-team11/ECE4191G11/ROS/install/robot_interfaces/share/robot_interfaces/package.dsv'
[5.803s] INFO:colcon.colcon_core.shell:Creating package script '/home/rpi-team11/ECE4191G11/ROS/install/robot_interfaces/share/robot_interfaces/package.sh'
[5.809s] INFO:colcon.colcon_core.shell:Creating package script '/home/rpi-team11/ECE4191G11/ROS/install/robot_interfaces/share/robot_interfaces/package.bash'
[5.815s] INFO:colcon.colcon_core.shell:Creating package script '/home/rpi-team11/ECE4191G11/ROS/install/robot_interfaces/share/robot_interfaces/package.zsh'
[5.823s] Level 1:colcon.colcon_core.environment:create_file_with_runtime_dependencies(/home/rpi-team11/ECE4191G11/ROS/install/robot_interfaces/share/colcon-core/packages/robot_interfaces)
[6.627s] Level 1:colcon.colcon_core.environment:create_environment_scripts_only(robot_interfaces)
[6.637s] Level 1:colcon.colcon_core.environment:checking '/home/rpi-team11/ECE4191G11/ROS/install/robot_interfaces' for CMake module files
[6.641s] Level 1:colcon.colcon_core.environment:checking '/home/rpi-team11/ECE4191G11/ROS/install/robot_interfaces' for CMake config files
[6.646s] Level 1:colcon.colcon_core.shell:create_environment_hook('robot_interfaces', 'cmake_prefix_path')
[6.652s] INFO:colcon.colcon_core.shell:Creating environment hook '/home/rpi-team11/ECE4191G11/ROS/install/robot_interfaces/share/robot_interfaces/hook/cmake_prefix_path.ps1'
[6.654s] INFO:colcon.colcon_core.shell:Creating environment descriptor '/home/rpi-team11/ECE4191G11/ROS/install/robot_interfaces/share/robot_interfaces/hook/cmake_prefix_path.dsv'
[6.656s] INFO:colcon.colcon_core.shell:Creating environment hook '/home/rpi-team11/ECE4191G11/ROS/install/robot_interfaces/share/robot_interfaces/hook/cmake_prefix_path.sh'
[6.660s] Level 1:colcon.colcon_core.environment:checking '/home/rpi-team11/ECE4191G11/ROS/install/robot_interfaces/lib'
[6.660s] Level 1:colcon.colcon_core.shell:create_environment_hook('robot_interfaces', 'ld_library_path_lib')
[6.665s] INFO:colcon.colcon_core.shell:Creating environment hook '/home/rpi-team11/ECE4191G11/ROS/install/robot_interfaces/share/robot_interfaces/hook/ld_library_path_lib.ps1'
[6.667s] INFO:colcon.colcon_core.shell:Creating environment descriptor '/home/rpi-team11/ECE4191G11/ROS/install/robot_interfaces/share/robot_interfaces/hook/ld_library_path_lib.dsv'
[6.669s] INFO:colcon.colcon_core.shell:Creating environment hook '/home/rpi-team11/ECE4191G11/ROS/install/robot_interfaces/share/robot_interfaces/hook/ld_library_path_lib.sh'
[6.671s] Level 1:colcon.colcon_core.environment:checking '/home/rpi-team11/ECE4191G11/ROS/install/robot_interfaces/bin'
[6.671s] Level 1:colcon.colcon_core.environment:checking '/home/rpi-team11/ECE4191G11/ROS/install/robot_interfaces/lib/pkgconfig/robot_interfaces.pc'
[6.672s] Level 1:colcon.colcon_core.environment:checking '/home/rpi-team11/ECE4191G11/ROS/install/robot_interfaces/lib/python3.10/site-packages'
[6.673s] Level 1:colcon.colcon_core.environment:checking '/home/rpi-team11/ECE4191G11/ROS/install/robot_interfaces/bin'
[6.679s] INFO:colcon.colcon_core.shell:Creating package script '/home/rpi-team11/ECE4191G11/ROS/install/robot_interfaces/share/robot_interfaces/package.ps1'
[6.681s] INFO:colcon.colcon_core.shell:Creating package descriptor '/home/rpi-team11/ECE4191G11/ROS/install/robot_interfaces/share/robot_interfaces/package.dsv'
[6.684s] INFO:colcon.colcon_core.shell:Creating package script '/home/rpi-team11/ECE4191G11/ROS/install/robot_interfaces/share/robot_interfaces/package.sh'
[6.686s] INFO:colcon.colcon_core.shell:Creating package script '/home/rpi-team11/ECE4191G11/ROS/install/robot_interfaces/share/robot_interfaces/package.bash'
[6.688s] INFO:colcon.colcon_core.shell:Creating package script '/home/rpi-team11/ECE4191G11/ROS/install/robot_interfaces/share/robot_interfaces/package.zsh'
[6.690s] Level 1:colcon.colcon_core.environment:create_file_with_runtime_dependencies(/home/rpi-team11/ECE4191G11/ROS/install/robot_interfaces/share/colcon-core/packages/robot_interfaces)
[6.691s] INFO:colcon.colcon_ros.task.ament_python.build:Building ROS package in '/home/rpi-team11/ECE4191G11/ROS/src/robot_controller' with build type 'ament_python'
[6.692s] Level 1:colcon.colcon_core.shell:create_environment_hook('robot_controller', 'ament_prefix_path')
[6.699s] INFO:colcon.colcon_core.shell:Creating environment hook '/home/rpi-team11/ECE4191G11/ROS/install/robot_controller/share/robot_controller/hook/ament_prefix_path.ps1'
[6.701s] INFO:colcon.colcon_core.shell:Creating environment descriptor '/home/rpi-team11/ECE4191G11/ROS/install/robot_controller/share/robot_controller/hook/ament_prefix_path.dsv'
[6.703s] INFO:colcon.colcon_core.shell:Creating environment hook '/home/rpi-team11/ECE4191G11/ROS/install/robot_controller/share/robot_controller/hook/ament_prefix_path.sh'
[6.710s] INFO:colcon.colcon_core.shell:Skip shell extension 'powershell' for command environment: Not usable outside of PowerShell
[6.710s] DEBUG:colcon.colcon_core.shell:Skip shell extension 'dsv' for command environment
[7.926s] INFO:colcon.colcon_core.task.python.build:Building Python package in '/home/rpi-team11/ECE4191G11/ROS/src/robot_controller'
[7.931s] INFO:colcon.colcon_core.shell:Skip shell extension 'powershell' for command environment: Not usable outside of PowerShell
[7.931s] DEBUG:colcon.colcon_core.shell:Skip shell extension 'dsv' for command environment
[9.949s] DEBUG:colcon.colcon_core.event_handler.log_command:Invoking command in '/home/rpi-team11/ECE4191G11/ROS/src/robot_controller': CMAKE_PREFIX_PATH=/home/rpi-team11/ECE4191G11/ROS/install/robot_interfaces:/home/rpi-team11/ECE4191G11/ROS/install/robot_launch PYTHONPATH=/home/rpi-team11/ECE4191G11/ROS/build/robot_controller/prefix_override:/home/rpi-team11/ECE4191G11/ROS/install/robot_controller/lib/python3.10/site-packages:${PYTHONPATH} /usr/bin/python3 setup.py egg_info --egg-base ../../build/robot_controller build --build-base /home/rpi-team11/ECE4191G11/ROS/build/robot_controller/build install --record /home/rpi-team11/ECE4191G11/ROS/build/robot_controller/install.log --single-version-externally-managed
[11.293s] Level 1:colcon.colcon_core.environment:checking '/home/rpi-team11/ECE4191G11/ROS/install/robot_controller' for CMake module files
[11.294s] DEBUG:colcon.colcon_core.event_handler.log_command:Invoked command in '/home/rpi-team11/ECE4191G11/ROS/src/robot_controller' returned '0': CMAKE_PREFIX_PATH=/home/rpi-team11/ECE4191G11/ROS/install/robot_interfaces:/home/rpi-team11/ECE4191G11/ROS/install/robot_launch PYTHONPATH=/home/rpi-team11/ECE4191G11/ROS/build/robot_controller/prefix_override:/home/rpi-team11/ECE4191G11/ROS/install/robot_controller/lib/python3.10/site-packages:${PYTHONPATH} /usr/bin/python3 setup.py egg_info --egg-base ../../build/robot_controller build --build-base /home/rpi-team11/ECE4191G11/ROS/build/robot_controller/build install --record /home/rpi-team11/ECE4191G11/ROS/build/robot_controller/install.log --single-version-externally-managed
[11.297s] Level 1:colcon.colcon_core.environment:checking '/home/rpi-team11/ECE4191G11/ROS/install/robot_controller' for CMake config files
[11.300s] Level 1:colcon.colcon_core.environment:checking '/home/rpi-team11/ECE4191G11/ROS/install/robot_controller/lib'
[11.301s] Level 1:colcon.colcon_core.environment:checking '/home/rpi-team11/ECE4191G11/ROS/install/robot_controller/bin'
[11.301s] Level 1:colcon.colcon_core.environment:checking '/home/rpi-team11/ECE4191G11/ROS/install/robot_controller/lib/pkgconfig/robot_controller.pc'
[11.302s] Level 1:colcon.colcon_core.environment:checking '/home/rpi-team11/ECE4191G11/ROS/install/robot_controller/lib/python3.10/site-packages'
[11.303s] Level 1:colcon.colcon_core.shell:create_environment_hook('robot_controller', 'pythonpath')
[11.308s] INFO:colcon.colcon_core.shell:Creating environment hook '/home/rpi-team11/ECE4191G11/ROS/install/robot_controller/share/robot_controller/hook/pythonpath.ps1'
[11.310s] INFO:colcon.colcon_core.shell:Creating environment descriptor '/home/rpi-team11/ECE4191G11/ROS/install/robot_controller/share/robot_controller/hook/pythonpath.dsv'
[11.312s] INFO:colcon.colcon_core.shell:Creating environment hook '/home/rpi-team11/ECE4191G11/ROS/install/robot_controller/share/robot_controller/hook/pythonpath.sh'
[11.315s] Level 1:colcon.colcon_core.environment:checking '/home/rpi-team11/ECE4191G11/ROS/install/robot_controller/bin'
[11.315s] Level 1:colcon.colcon_core.environment:create_environment_scripts_only(robot_controller)
[11.320s] INFO:colcon.colcon_core.shell:Creating package script '/home/rpi-team11/ECE4191G11/ROS/install/robot_controller/share/robot_controller/package.ps1'
[11.323s] INFO:colcon.colcon_core.shell:Creating package descriptor '/home/rpi-team11/ECE4191G11/ROS/install/robot_controller/share/robot_controller/package.dsv'
[11.326s] INFO:colcon.colcon_core.shell:Creating package script '/home/rpi-team11/ECE4191G11/ROS/install/robot_controller/share/robot_controller/package.sh'
[11.328s] INFO:colcon.colcon_core.shell:Creating package script '/home/rpi-team11/ECE4191G11/ROS/install/robot_controller/share/robot_controller/package.bash'
[11.330s] INFO:colcon.colcon_core.shell:Creating package script '/home/rpi-team11/ECE4191G11/ROS/install/robot_controller/share/robot_controller/package.zsh'
[11.332s] Level 1:colcon.colcon_core.environment:create_file_with_runtime_dependencies(/home/rpi-team11/ECE4191G11/ROS/install/robot_controller/share/colcon-core/packages/robot_controller)
[11.333s] INFO:colcon.colcon_ros.task.ament_cmake.build:Building ROS package in '/home/rpi-team11/ECE4191G11/ROS/src/robot_launch' with build type 'ament_cmake'
[11.334s] INFO:colcon.colcon_cmake.task.cmake.build:Building CMake package in '/home/rpi-team11/ECE4191G11/ROS/src/robot_launch'
[11.339s] INFO:colcon.colcon_core.shell:Skip shell extension 'powershell' for command environment: Not usable outside of PowerShell
[11.339s] DEBUG:colcon.colcon_core.shell:Skip shell extension 'dsv' for command environment
[11.398s] DEBUG:colcon.colcon_core.event_handler.log_command:Invoking command in '/home/rpi-team11/ECE4191G11/ROS/build/robot_launch': AMENT_PREFIX_PATH=/home/rpi-team11/ECE4191G11/ROS/install/robot_controller:/home/rpi-team11/ECE4191G11/ROS/install/robot_launch:/home/rpi-team11/ECE4191G11/ROS/install/robot_interfaces:/opt/ros/humble CMAKE_PREFIX_PATH=/home/rpi-team11/ECE4191G11/ROS/install/robot_interfaces:/home/rpi-team11/ECE4191G11/ROS/install/robot_launch:/home/rpi-team11/ECE4191G11/ROS/install/robot_controller:/opt/ros/humble /usr/bin/cmake --build /home/rpi-team11/ECE4191G11/ROS/build/robot_launch -- -j4 -l4
[11.540s] DEBUG:colcon.colcon_core.event_handler.log_command:Invoked command in '/home/rpi-team11/ECE4191G11/ROS/build/robot_launch' returned '0': AMENT_PREFIX_PATH=/home/rpi-team11/ECE4191G11/ROS/install/robot_controller:/home/rpi-team11/ECE4191G11/ROS/install/robot_launch:/home/rpi-team11/ECE4191G11/ROS/install/robot_interfaces:/opt/ros/humble CMAKE_PREFIX_PATH=/home/rpi-team11/ECE4191G11/ROS/install/robot_interfaces:/home/rpi-team11/ECE4191G11/ROS/install/robot_launch:/home/rpi-team11/ECE4191G11/ROS/install/robot_controller:/opt/ros/humble /usr/bin/cmake --build /home/rpi-team11/ECE4191G11/ROS/build/robot_launch -- -j4 -l4
[11.659s] DEBUG:colcon.colcon_core.event_handler.log_command:Invoking command in '/home/rpi-team11/ECE4191G11/ROS/build/robot_launch': AMENT_PREFIX_PATH=/home/rpi-team11/ECE4191G11/ROS/install/robot_controller:/home/rpi-team11/ECE4191G11/ROS/install/robot_launch:/home/rpi-team11/ECE4191G11/ROS/install/robot_interfaces:/opt/ros/humble CMAKE_PREFIX_PATH=/home/rpi-team11/ECE4191G11/ROS/install/robot_interfaces:/home/rpi-team11/ECE4191G11/ROS/install/robot_launch:/home/rpi-team11/ECE4191G11/ROS/install/robot_controller:/opt/ros/humble /usr/bin/cmake --install /home/rpi-team11/ECE4191G11/ROS/build/robot_launch
[11.699s] Level 1:colcon.colcon_core.environment:create_environment_scripts_only(robot_launch)
[11.707s] Level 1:colcon.colcon_core.environment:checking '/home/rpi-team11/ECE4191G11/ROS/install/robot_launch' for CMake module files
[11.708s] DEBUG:colcon.colcon_core.event_handler.log_command:Invoked command in '/home/rpi-team11/ECE4191G11/ROS/build/robot_launch' returned '0': AMENT_PREFIX_PATH=/home/rpi-team11/ECE4191G11/ROS/install/robot_controller:/home/rpi-team11/ECE4191G11/ROS/install/robot_launch:/home/rpi-team11/ECE4191G11/ROS/install/robot_interfaces:/opt/ros/humble CMAKE_PREFIX_PATH=/home/rpi-team11/ECE4191G11/ROS/install/robot_interfaces:/home/rpi-team11/ECE4191G11/ROS/install/robot_launch:/home/rpi-team11/ECE4191G11/ROS/install/robot_controller:/opt/ros/humble /usr/bin/cmake --install /home/rpi-team11/ECE4191G11/ROS/build/robot_launch
[11.711s] Level 1:colcon.colcon_core.environment:checking '/home/rpi-team11/ECE4191G11/ROS/install/robot_launch' for CMake config files
[11.713s] Level 1:colcon.colcon_core.shell:create_environment_hook('robot_launch', 'cmake_prefix_path')
[11.717s] INFO:colcon.colcon_core.shell:Creating environment hook '/home/rpi-team11/ECE4191G11/ROS/install/robot_launch/share/robot_launch/hook/cmake_prefix_path.ps1'
[11.719s] INFO:colcon.colcon_core.shell:Creating environment descriptor '/home/rpi-team11/ECE4191G11/ROS/install/robot_launch/share/robot_launch/hook/cmake_prefix_path.dsv'
[11.722s] INFO:colcon.colcon_core.shell:Creating environment hook '/home/rpi-team11/ECE4191G11/ROS/install/robot_launch/share/robot_launch/hook/cmake_prefix_path.sh'
[11.725s] Level 1:colcon.colcon_core.environment:checking '/home/rpi-team11/ECE4191G11/ROS/install/robot_launch/bin'
[11.725s] Level 1:colcon.colcon_core.environment:checking '/home/rpi-team11/ECE4191G11/ROS/install/robot_launch/lib/pkgconfig/robot_launch.pc'
[11.726s] Level 1:colcon.colcon_core.environment:checking '/home/rpi-team11/ECE4191G11/ROS/install/robot_launch/lib/python3.10/site-packages'
[11.727s] Level 1:colcon.colcon_core.environment:checking '/home/rpi-team11/ECE4191G11/ROS/install/robot_launch/bin'
[11.732s] INFO:colcon.colcon_core.shell:Creating package script '/home/rpi-team11/ECE4191G11/ROS/install/robot_launch/share/robot_launch/package.ps1'
[11.734s] INFO:colcon.colcon_core.shell:Creating package descriptor '/home/rpi-team11/ECE4191G11/ROS/install/robot_launch/share/robot_launch/package.dsv'
[11.736s] INFO:colcon.colcon_core.shell:Creating package script '/home/rpi-team11/ECE4191G11/ROS/install/robot_launch/share/robot_launch/package.sh'
[11.738s] INFO:colcon.colcon_core.shell:Creating package script '/home/rpi-team11/ECE4191G11/ROS/install/robot_launch/share/robot_launch/package.bash'
[11.740s] INFO:colcon.colcon_core.shell:Creating package script '/home/rpi-team11/ECE4191G11/ROS/install/robot_launch/share/robot_launch/package.zsh'
[11.742s] Level 1:colcon.colcon_core.environment:create_file_with_runtime_dependencies(/home/rpi-team11/ECE4191G11/ROS/install/robot_launch/share/colcon-core/packages/robot_launch)
[11.850s] Level 1:colcon.colcon_core.environment:create_environment_scripts_only(robot_launch)
[11.859s] Level 1:colcon.colcon_core.environment:checking '/home/rpi-team11/ECE4191G11/ROS/install/robot_launch' for CMake module files
[11.862s] Level 1:colcon.colcon_core.environment:checking '/home/rpi-team11/ECE4191G11/ROS/install/robot_launch' for CMake config files
[11.865s] Level 1:colcon.colcon_core.shell:create_environment_hook('robot_launch', 'cmake_prefix_path')
[11.869s] INFO:colcon.colcon_core.shell:Creating environment hook '/home/rpi-team11/ECE4191G11/ROS/install/robot_launch/share/robot_launch/hook/cmake_prefix_path.ps1'
[11.871s] INFO:colcon.colcon_core.shell:Creating environment descriptor '/home/rpi-team11/ECE4191G11/ROS/install/robot_launch/share/robot_launch/hook/cmake_prefix_path.dsv'
[11.873s] INFO:colcon.colcon_core.shell:Creating environment hook '/home/rpi-team11/ECE4191G11/ROS/install/robot_launch/share/robot_launch/hook/cmake_prefix_path.sh'
[11.876s] Level 1:colcon.colcon_core.environment:checking '/home/rpi-team11/ECE4191G11/ROS/install/robot_launch/bin'
[11.876s] Level 1:colcon.colcon_core.environment:checking '/home/rpi-team11/ECE4191G11/ROS/install/robot_launch/lib/pkgconfig/robot_launch.pc'
[11.877s] Level 1:colcon.colcon_core.environment:checking '/home/rpi-team11/ECE4191G11/ROS/install/robot_launch/lib/python3.10/site-packages'
[11.878s] Level 1:colcon.colcon_core.environment:checking '/home/rpi-team11/ECE4191G11/ROS/install/robot_launch/bin'
[11.883s] INFO:colcon.colcon_core.shell:Creating package script '/home/rpi-team11/ECE4191G11/ROS/install/robot_launch/share/robot_launch/package.ps1'
[11.886s] INFO:colcon.colcon_core.shell:Creating package descriptor '/home/rpi-team11/ECE4191G11/ROS/install/robot_launch/share/robot_launch/package.dsv'
[11.888s] INFO:colcon.colcon_core.shell:Creating package script '/home/rpi-team11/ECE4191G11/ROS/install/robot_launch/share/robot_launch/package.sh'
[11.890s] INFO:colcon.colcon_core.shell:Creating package script '/home/rpi-team11/ECE4191G11/ROS/install/robot_launch/share/robot_launch/package.bash'
[11.892s] INFO:colcon.colcon_core.shell:Creating package script '/home/rpi-team11/ECE4191G11/ROS/install/robot_launch/share/robot_launch/package.zsh'
[11.894s] Level 1:colcon.colcon_core.environment:create_file_with_runtime_dependencies(/home/rpi-team11/ECE4191G11/ROS/install/robot_launch/share/colcon-core/packages/robot_launch)
[11.895s] DEBUG:colcon.colcon_parallel_executor.executor.parallel:closing loop
[11.896s] DEBUG:colcon.colcon_parallel_executor.executor.parallel:loop closed
[11.897s] DEBUG:colcon.colcon_parallel_executor.executor.parallel:run_until_complete finished with '0'
[11.897s] DEBUG:colcon.colcon_core.event_reactor:joining thread
[11.923s] INFO:colcon.colcon_core.plugin_system:Skipping extension 'colcon_notification.desktop_notification.notify_send': Could not find 'notify-send'
[11.924s] INFO:colcon.colcon_core.plugin_system:Skipping extension 'colcon_notification.desktop_notification.terminal_notifier': Not used on non-Darwin systems
[11.924s] INFO:colcon.colcon_core.plugin_system:Skipping extension 'colcon_notification.desktop_notification.win32': Not used on non-Windows systems
[11.924s] INFO:colcon.colcon_notification.desktop_notification:Sending desktop notification using 'notify2'
[11.953s] DEBUG:colcon.colcon_notification.desktop_notification.notify2:Failed to initialize notify2: org.freedesktop.DBus.Error.ServiceUnknown: The name org.freedesktop.Notifications was not provided by any .service files
[11.954s] DEBUG:colcon.colcon_core.event_reactor:joined thread
[11.959s] INFO:colcon.colcon_core.shell:Creating prefix script '/home/rpi-team11/ECE4191G11/ROS/install/local_setup.ps1'
[11.965s] INFO:colcon.colcon_core.shell:Creating prefix util module '/home/rpi-team11/ECE4191G11/ROS/install/_local_setup_util_ps1.py'
[11.973s] INFO:colcon.colcon_core.shell:Creating prefix chain script '/home/rpi-team11/ECE4191G11/ROS/install/setup.ps1'
[11.981s] INFO:colcon.colcon_core.shell:Creating prefix script '/home/rpi-team11/ECE4191G11/ROS/install/local_setup.sh'
[11.985s] INFO:colcon.colcon_core.shell:Creating prefix util module '/home/rpi-team11/ECE4191G11/ROS/install/_local_setup_util_sh.py'
[11.987s] INFO:colcon.colcon_core.shell:Creating prefix chain script '/home/rpi-team11/ECE4191G11/ROS/install/setup.sh'
[11.994s] INFO:colcon.colcon_core.shell:Creating prefix script '/home/rpi-team11/ECE4191G11/ROS/install/local_setup.bash'
[11.998s] INFO:colcon.colcon_core.shell:Creating prefix chain script '/home/rpi-team11/ECE4191G11/ROS/install/setup.bash'
[12.006s] INFO:colcon.colcon_core.shell:Creating prefix script '/home/rpi-team11/ECE4191G11/ROS/install/local_setup.zsh'
[12.011s] INFO:colcon.colcon_core.shell:Creating prefix chain script '/home/rpi-team11/ECE4191G11/ROS/install/setup.zsh'
