[0.130s] Invoking command in '/home/lingc/ECE4191G11/ROS/build/robot_interfaces': CMAKE_PREFIX_PATH=${CMAKE_PREFIX_PATH}:/home/lingc/ECE4191G11/ROS/install/robot_controller:/opt/ros/humble /usr/bin/cmake --build /home/lingc/ECE4191G11/ROS/build/robot_interfaces -- -j4 -l4
[1.451s] [  1%] Built target robot_interfaces__cpp
[1.759s] [  1%] Built target ament_cmake_python_copy_robot_interfaces
[1.833s] [ 12%] Built target robot_interfaces__rosidl_generator_c
[2.070s] [ 23%] Built target robot_interfaces__rosidl_typesupport_fastrtps_cpp
[2.076s] [ 34%] Built target robot_interfaces__rosidl_typesupport_cpp
[2.139s] [ 45%] Built target robot_interfaces__rosidl_typesupport_introspection_cpp
[2.181s] [ 56%] Built target robot_interfaces__rosidl_typesupport_fastrtps_c
[2.205s] [ 67%] Built target robot_interfaces__rosidl_typesupport_introspection_c
[2.248s] [ 78%] Built target robot_interfaces__rosidl_typesupport_c
[2.317s] [ 78%] Built target robot_interfaces
[2.368s] running egg_info
[2.368s] writing robot_interfaces.egg-info/PKG-INFO
[2.368s] writing dependency_links to robot_interfaces.egg-info/dependency_links.txt
[2.369s] writing top-level names to robot_interfaces.egg-info/top_level.txt
[2.384s] [ 80%] Built target robot_interfaces__py
[2.388s] reading manifest file 'robot_interfaces.egg-info/SOURCES.txt'
[2.391s] writing manifest file 'robot_interfaces.egg-info/SOURCES.txt'
[2.434s] [ 80%] Built target ament_cmake_python_build_robot_interfaces_egg
[2.476s] [ 89%] Built target robot_interfaces__rosidl_generator_py
[2.546s] [ 92%] Built target robot_interfaces__rosidl_typesupport_introspection_c__pyext
[2.547s] [ 96%] Built target robot_interfaces__rosidl_typesupport_fastrtps_c__pyext
[2.554s] [100%] Built target robot_interfaces__rosidl_typesupport_c__pyext
[2.571s] Invoked command in '/home/lingc/ECE4191G11/ROS/build/robot_interfaces' returned '0': CMAKE_PREFIX_PATH=${CMAKE_PREFIX_PATH}:/home/lingc/ECE4191G11/ROS/install/robot_controller:/opt/ros/humble /usr/bin/cmake --build /home/lingc/ECE4191G11/ROS/build/robot_interfaces -- -j4 -l4
[3.021s] Invoking command in '/home/lingc/ECE4191G11/ROS/build/robot_interfaces': CMAKE_PREFIX_PATH=${CMAKE_PREFIX_PATH}:/home/lingc/ECE4191G11/ROS/install/robot_controller:/opt/ros/humble /usr/bin/cmake --install /home/lingc/ECE4191G11/ROS/build/robot_interfaces
[3.133s] -- Install configuration: ""
[3.196s] -- Up-to-date: /home/lingc/ECE4191G11/ROS/install/robot_interfaces/share/ament_index/resource_index/rosidl_interfaces/robot_interfaces
[3.206s] -- Up-to-date: /home/lingc/ECE4191G11/ROS/install/robot_interfaces/include/robot_interfaces/robot_interfaces
[3.207s] -- Up-to-date: /home/lingc/ECE4191G11/ROS/install/robot_interfaces/include/robot_interfaces/robot_interfaces/msg
[3.213s] -- Up-to-date: /home/lingc/ECE4191G11/ROS/install/robot_interfaces/include/robot_interfaces/robot_interfaces/msg/encoder_info.h
[3.213s] -- Up-to-date: /home/lingc/ECE4191G11/ROS/install/robot_interfaces/include/robot_interfaces/robot_interfaces/msg/waypoint.h
[3.213s] -- Up-to-date: /home/lingc/ECE4191G11/ROS/install/robot_interfaces/include/robot_interfaces/robot_interfaces/msg/detail
[3.213s] -- Up-to-date: /home/lingc/ECE4191G11/ROS/install/robot_interfaces/include/robot_interfaces/robot_interfaces/msg/detail/waypoint__functions.c
[3.214s] -- Up-to-date: /home/lingc/ECE4191G11/ROS/install/robot_interfaces/include/robot_interfaces/robot_interfaces/msg/detail/encoder_info__functions.c
[3.214s] -- Up-to-date: /home/lingc/ECE4191G11/ROS/install/robot_interfaces/include/robot_interfaces/robot_interfaces/msg/detail/pose__functions.h
[3.214s] -- Up-to-date: /home/lingc/ECE4191G11/ROS/install/robot_interfaces/include/robot_interfaces/robot_interfaces/msg/detail/distances__functions.c
[3.214s] -- Up-to-date: /home/lingc/ECE4191G11/ROS/install/robot_interfaces/include/robot_interfaces/robot_interfaces/msg/detail/distances__functions.h
[3.214s] -- Up-to-date: /home/lingc/ECE4191G11/ROS/install/robot_interfaces/include/robot_interfaces/robot_interfaces/msg/detail/waypoint__type_support.h
[3.214s] -- Up-to-date: /home/lingc/ECE4191G11/ROS/install/robot_interfaces/include/robot_interfaces/robot_interfaces/msg/detail/distances__type_support.h
[3.214s] -- Up-to-date: /home/lingc/ECE4191G11/ROS/install/robot_interfaces/include/robot_interfaces/robot_interfaces/msg/detail/encoder_info__type_support.h
[3.214s] -- Up-to-date: /home/lingc/ECE4191G11/ROS/install/robot_interfaces/include/robot_interfaces/robot_interfaces/msg/detail/encoder_info__functions.h
[3.215s] -- Up-to-date: /home/lingc/ECE4191G11/ROS/install/robot_interfaces/include/robot_interfaces/robot_interfaces/msg/detail/pose__functions.c
[3.215s] -- Up-to-date: /home/lingc/ECE4191G11/ROS/install/robot_interfaces/include/robot_interfaces/robot_interfaces/msg/detail/waypoint__functions.h
[3.215s] -- Up-to-date: /home/lingc/ECE4191G11/ROS/install/robot_interfaces/include/robot_interfaces/robot_interfaces/msg/detail/pose__type_support.h
[3.215s] -- Up-to-date: /home/lingc/ECE4191G11/ROS/install/robot_interfaces/include/robot_interfaces/robot_interfaces/msg/detail/pose__struct.h
[3.215s] -- Up-to-date: /home/lingc/ECE4191G11/ROS/install/robot_interfaces/include/robot_interfaces/robot_interfaces/msg/detail/encoder_info__struct.h
[3.215s] -- Up-to-date: /home/lingc/ECE4191G11/ROS/install/robot_interfaces/include/robot_interfaces/robot_interfaces/msg/detail/distances__struct.h
[3.215s] -- Up-to-date: /home/lingc/ECE4191G11/ROS/install/robot_interfaces/include/robot_interfaces/robot_interfaces/msg/detail/waypoint__struct.h
[3.215s] -- Up-to-date: /home/lingc/ECE4191G11/ROS/install/robot_interfaces/include/robot_interfaces/robot_interfaces/msg/rosidl_generator_c__visibility_control.h
[3.215s] -- Up-to-date: /home/lingc/ECE4191G11/ROS/install/robot_interfaces/include/robot_interfaces/robot_interfaces/msg/pose.h
[3.215s] -- Up-to-date: /home/lingc/ECE4191G11/ROS/install/robot_interfaces/include/robot_interfaces/robot_interfaces/msg/distances.h
[3.216s] -- Up-to-date: /home/lingc/ECE4191G11/ROS/install/robot_interfaces/share/robot_interfaces/environment/library_path.sh
[3.217s] -- Up-to-date: /home/lingc/ECE4191G11/ROS/install/robot_interfaces/share/robot_interfaces/environment/library_path.dsv
[3.242s] -- Up-to-date: /home/lingc/ECE4191G11/ROS/install/robot_interfaces/lib/librobot_interfaces__rosidl_generator_c.so
[3.243s] -- Up-to-date: /home/lingc/ECE4191G11/ROS/install/robot_interfaces/include/robot_interfaces/robot_interfaces
[3.243s] -- Up-to-date: /home/lingc/ECE4191G11/ROS/install/robot_interfaces/include/robot_interfaces/robot_interfaces/msg
[3.243s] -- Up-to-date: /home/lingc/ECE4191G11/ROS/install/robot_interfaces/include/robot_interfaces/robot_interfaces/msg/detail
[3.243s] -- Up-to-date: /home/lingc/ECE4191G11/ROS/install/robot_interfaces/include/robot_interfaces/robot_interfaces/msg/detail/waypoint__rosidl_typesupport_fastrtps_c.h
[3.243s] -- Up-to-date: /home/lingc/ECE4191G11/ROS/install/robot_interfaces/include/robot_interfaces/robot_interfaces/msg/detail/distances__rosidl_typesupport_fastrtps_c.h
[3.243s] -- Up-to-date: /home/lingc/ECE4191G11/ROS/install/robot_interfaces/include/robot_interfaces/robot_interfaces/msg/detail/encoder_info__rosidl_typesupport_fastrtps_c.h
[3.243s] -- Up-to-date: /home/lingc/ECE4191G11/ROS/install/robot_interfaces/include/robot_interfaces/robot_interfaces/msg/detail/pose__rosidl_typesupport_fastrtps_c.h
[3.243s] -- Up-to-date: /home/lingc/ECE4191G11/ROS/install/robot_interfaces/include/robot_interfaces/robot_interfaces/msg/rosidl_typesupport_fastrtps_c__visibility_control.h
[3.249s] -- Up-to-date: /home/lingc/ECE4191G11/ROS/install/robot_interfaces/lib/librobot_interfaces__rosidl_typesupport_fastrtps_c.so
[3.250s] -- Up-to-date: /home/lingc/ECE4191G11/ROS/install/robot_interfaces/include/robot_interfaces/robot_interfaces
[3.250s] -- Up-to-date: /home/lingc/ECE4191G11/ROS/install/robot_interfaces/include/robot_interfaces/robot_interfaces/msg
[3.250s] -- Up-to-date: /home/lingc/ECE4191G11/ROS/install/robot_interfaces/include/robot_interfaces/robot_interfaces/msg/rosidl_typesupport_introspection_c__visibility_control.h
[3.250s] -- Up-to-date: /home/lingc/ECE4191G11/ROS/install/robot_interfaces/include/robot_interfaces/robot_interfaces/msg/detail
[3.250s] -- Up-to-date: /home/lingc/ECE4191G11/ROS/install/robot_interfaces/include/robot_interfaces/robot_interfaces/msg/detail/encoder_info__rosidl_typesupport_introspection_c.h
[3.250s] -- Up-to-date: /home/lingc/ECE4191G11/ROS/install/robot_interfaces/include/robot_interfaces/robot_interfaces/msg/detail/distances__rosidl_typesupport_introspection_c.h
[3.251s] -- Up-to-date: /home/lingc/ECE4191G11/ROS/install/robot_interfaces/include/robot_interfaces/robot_interfaces/msg/detail/waypoint__type_support.c
[3.251s] -- Up-to-date: /home/lingc/ECE4191G11/ROS/install/robot_interfaces/include/robot_interfaces/robot_interfaces/msg/detail/pose__type_support.c
[3.251s] -- Up-to-date: /home/lingc/ECE4191G11/ROS/install/robot_interfaces/include/robot_interfaces/robot_interfaces/msg/detail/encoder_info__type_support.c
[3.251s] -- Up-to-date: /home/lingc/ECE4191G11/ROS/install/robot_interfaces/include/robot_interfaces/robot_interfaces/msg/detail/pose__rosidl_typesupport_introspection_c.h
[3.251s] -- Up-to-date: /home/lingc/ECE4191G11/ROS/install/robot_interfaces/include/robot_interfaces/robot_interfaces/msg/detail/distances__type_support.c
[3.251s] -- Up-to-date: /home/lingc/ECE4191G11/ROS/install/robot_interfaces/include/robot_interfaces/robot_interfaces/msg/detail/waypoint__rosidl_typesupport_introspection_c.h
[3.254s] -- Up-to-date: /home/lingc/ECE4191G11/ROS/install/robot_interfaces/lib/librobot_interfaces__rosidl_typesupport_introspection_c.so
[3.256s] -- Up-to-date: /home/lingc/ECE4191G11/ROS/install/robot_interfaces/lib/librobot_interfaces__rosidl_typesupport_c.so
[3.256s] -- Up-to-date: /home/lingc/ECE4191G11/ROS/install/robot_interfaces/include/robot_interfaces/robot_interfaces
[3.256s] -- Up-to-date: /home/lingc/ECE4191G11/ROS/install/robot_interfaces/include/robot_interfaces/robot_interfaces/msg
[3.259s] -- Up-to-date: /home/lingc/ECE4191G11/ROS/install/robot_interfaces/include/robot_interfaces/robot_interfaces/msg/waypoint.hpp
[3.260s] -- Up-to-date: /home/lingc/ECE4191G11/ROS/install/robot_interfaces/include/robot_interfaces/robot_interfaces/msg/encoder_info.hpp
[3.260s] -- Up-to-date: /home/lingc/ECE4191G11/ROS/install/robot_interfaces/include/robot_interfaces/robot_interfaces/msg/pose.hpp
[3.260s] -- Up-to-date: /home/lingc/ECE4191G11/ROS/install/robot_interfaces/include/robot_interfaces/robot_interfaces/msg/detail
[3.260s] -- Up-to-date: /home/lingc/ECE4191G11/ROS/install/robot_interfaces/include/robot_interfaces/robot_interfaces/msg/detail/pose__builder.hpp
[3.260s] -- Up-to-date: /home/lingc/ECE4191G11/ROS/install/robot_interfaces/include/robot_interfaces/robot_interfaces/msg/detail/encoder_info__struct.hpp
[3.260s] -- Up-to-date: /home/lingc/ECE4191G11/ROS/install/robot_interfaces/include/robot_interfaces/robot_interfaces/msg/detail/waypoint__builder.hpp
[3.260s] -- Up-to-date: /home/lingc/ECE4191G11/ROS/install/robot_interfaces/include/robot_interfaces/robot_interfaces/msg/detail/waypoint__struct.hpp
[3.260s] -- Up-to-date: /home/lingc/ECE4191G11/ROS/install/robot_interfaces/include/robot_interfaces/robot_interfaces/msg/detail/encoder_info__builder.hpp
[3.260s] -- Up-to-date: /home/lingc/ECE4191G11/ROS/install/robot_interfaces/include/robot_interfaces/robot_interfaces/msg/detail/waypoint__traits.hpp
[3.260s] -- Up-to-date: /home/lingc/ECE4191G11/ROS/install/robot_interfaces/include/robot_interfaces/robot_interfaces/msg/detail/encoder_info__traits.hpp
[3.262s] -- Up-to-date: /home/lingc/ECE4191G11/ROS/install/robot_interfaces/include/robot_interfaces/robot_interfaces/msg/detail/distances__builder.hpp
[3.262s] -- Up-to-date: /home/lingc/ECE4191G11/ROS/install/robot_interfaces/include/robot_interfaces/robot_interfaces/msg/detail/distances__traits.hpp
[3.262s] -- Up-to-date: /home/lingc/ECE4191G11/ROS/install/robot_interfaces/include/robot_interfaces/robot_interfaces/msg/detail/pose__traits.hpp
[3.262s] -- Up-to-date: /home/lingc/ECE4191G11/ROS/install/robot_interfaces/include/robot_interfaces/robot_interfaces/msg/detail/pose__struct.hpp
[3.262s] -- Up-to-date: /home/lingc/ECE4191G11/ROS/install/robot_interfaces/include/robot_interfaces/robot_interfaces/msg/detail/distances__struct.hpp
[3.262s] -- Up-to-date: /home/lingc/ECE4191G11/ROS/install/robot_interfaces/include/robot_interfaces/robot_interfaces/msg/distances.hpp
[3.262s] -- Up-to-date: /home/lingc/ECE4191G11/ROS/install/robot_interfaces/include/robot_interfaces/robot_interfaces
[3.262s] -- Up-to-date: /home/lingc/ECE4191G11/ROS/install/robot_interfaces/include/robot_interfaces/robot_interfaces/msg
[3.262s] -- Up-to-date: /home/lingc/ECE4191G11/ROS/install/robot_interfaces/include/robot_interfaces/robot_interfaces/msg/detail
[3.262s] -- Up-to-date: /home/lingc/ECE4191G11/ROS/install/robot_interfaces/include/robot_interfaces/robot_interfaces/msg/detail/waypoint__rosidl_typesupport_fastrtps_cpp.hpp
[3.262s] -- Up-to-date: /home/lingc/ECE4191G11/ROS/install/robot_interfaces/include/robot_interfaces/robot_interfaces/msg/detail/dds_fastrtps
[3.262s] -- Up-to-date: /home/lingc/ECE4191G11/ROS/install/robot_interfaces/include/robot_interfaces/robot_interfaces/msg/detail/encoder_info__rosidl_typesupport_fastrtps_cpp.hpp
[3.262s] -- Up-to-date: /home/lingc/ECE4191G11/ROS/install/robot_interfaces/include/robot_interfaces/robot_interfaces/msg/detail/pose__rosidl_typesupport_fastrtps_cpp.hpp
[3.263s] -- Up-to-date: /home/lingc/ECE4191G11/ROS/install/robot_interfaces/include/robot_interfaces/robot_interfaces/msg/detail/distances__rosidl_typesupport_fastrtps_cpp.hpp
[3.263s] -- Up-to-date: /home/lingc/ECE4191G11/ROS/install/robot_interfaces/include/robot_interfaces/robot_interfaces/msg/rosidl_typesupport_fastrtps_cpp__visibility_control.h
[3.264s] -- Up-to-date: /home/lingc/ECE4191G11/ROS/install/robot_interfaces/lib/librobot_interfaces__rosidl_typesupport_fastrtps_cpp.so
[3.264s] -- Up-to-date: /home/lingc/ECE4191G11/ROS/install/robot_interfaces/include/robot_interfaces/robot_interfaces
[3.266s] -- Up-to-date: /home/lingc/ECE4191G11/ROS/install/robot_interfaces/include/robot_interfaces/robot_interfaces/msg
[3.267s] -- Up-to-date: /home/lingc/ECE4191G11/ROS/install/robot_interfaces/include/robot_interfaces/robot_interfaces/msg/detail
[3.269s] -- Up-to-date: /home/lingc/ECE4191G11/ROS/install/robot_interfaces/include/robot_interfaces/robot_interfaces/msg/detail/distances__rosidl_typesupport_introspection_cpp.hpp
[3.270s] -- Up-to-date: /home/lingc/ECE4191G11/ROS/install/robot_interfaces/include/robot_interfaces/robot_interfaces/msg/detail/pose__rosidl_typesupport_introspection_cpp.hpp
[3.270s] -- Up-to-date: /home/lingc/ECE4191G11/ROS/install/robot_interfaces/include/robot_interfaces/robot_interfaces/msg/detail/encoder_info__rosidl_typesupport_introspection_cpp.hpp
[3.270s] -- Up-to-date: /home/lingc/ECE4191G11/ROS/install/robot_interfaces/include/robot_interfaces/robot_interfaces/msg/detail/waypoint__type_support.cpp
[3.270s] -- Up-to-date: /home/lingc/ECE4191G11/ROS/install/robot_interfaces/include/robot_interfaces/robot_interfaces/msg/detail/waypoint__rosidl_typesupport_introspection_cpp.hpp
[3.270s] -- Up-to-date: /home/lingc/ECE4191G11/ROS/install/robot_interfaces/include/robot_interfaces/robot_interfaces/msg/detail/distances__type_support.cpp
[3.270s] -- Up-to-date: /home/lingc/ECE4191G11/ROS/install/robot_interfaces/include/robot_interfaces/robot_interfaces/msg/detail/pose__type_support.cpp
[3.270s] -- Up-to-date: /home/lingc/ECE4191G11/ROS/install/robot_interfaces/include/robot_interfaces/robot_interfaces/msg/detail/encoder_info__type_support.cpp
[3.294s] -- Up-to-date: /home/lingc/ECE4191G11/ROS/install/robot_interfaces/lib/librobot_interfaces__rosidl_typesupport_introspection_cpp.so
[3.304s] -- Up-to-date: /home/lingc/ECE4191G11/ROS/install/robot_interfaces/lib/librobot_interfaces__rosidl_typesupport_cpp.so
[3.304s] -- Up-to-date: /home/lingc/ECE4191G11/ROS/install/robot_interfaces/share/robot_interfaces/environment/pythonpath.sh
[3.304s] -- Up-to-date: /home/lingc/ECE4191G11/ROS/install/robot_interfaces/share/robot_interfaces/environment/pythonpath.dsv
[3.304s] -- Up-to-date: /home/lingc/ECE4191G11/ROS/install/robot_interfaces/local/lib/python3.10/dist-packages/robot_interfaces-0.0.0-py3.10.egg-info
[3.304s] -- Installing: /home/lingc/ECE4191G11/ROS/install/robot_interfaces/local/lib/python3.10/dist-packages/robot_interfaces-0.0.0-py3.10.egg-info/PKG-INFO
[3.305s] -- Installing: /home/lingc/ECE4191G11/ROS/install/robot_interfaces/local/lib/python3.10/dist-packages/robot_interfaces-0.0.0-py3.10.egg-info/dependency_links.txt
[3.305s] -- Installing: /home/lingc/ECE4191G11/ROS/install/robot_interfaces/local/lib/python3.10/dist-packages/robot_interfaces-0.0.0-py3.10.egg-info/top_level.txt
[3.305s] -- Installing: /home/lingc/ECE4191G11/ROS/install/robot_interfaces/local/lib/python3.10/dist-packages/robot_interfaces-0.0.0-py3.10.egg-info/SOURCES.txt
[3.305s] -- Up-to-date: /home/lingc/ECE4191G11/ROS/install/robot_interfaces/local/lib/python3.10/dist-packages/robot_interfaces
[3.305s] -- Up-to-date: /home/lingc/ECE4191G11/ROS/install/robot_interfaces/local/lib/python3.10/dist-packages/robot_interfaces/msg
[3.305s] -- Up-to-date: /home/lingc/ECE4191G11/ROS/install/robot_interfaces/local/lib/python3.10/dist-packages/robot_interfaces/msg/_waypoint_s.c
[3.305s] -- Up-to-date: /home/lingc/ECE4191G11/ROS/install/robot_interfaces/local/lib/python3.10/dist-packages/robot_interfaces/msg/_distances.py
[3.305s] -- Up-to-date: /home/lingc/ECE4191G11/ROS/install/robot_interfaces/local/lib/python3.10/dist-packages/robot_interfaces/msg/__init__.py
[3.305s] -- Up-to-date: /home/lingc/ECE4191G11/ROS/install/robot_interfaces/local/lib/python3.10/dist-packages/robot_interfaces/msg/_waypoint.py
[3.305s] -- Up-to-date: /home/lingc/ECE4191G11/ROS/install/robot_interfaces/local/lib/python3.10/dist-packages/robot_interfaces/msg/_distances_s.c
[3.306s] -- Up-to-date: /home/lingc/ECE4191G11/ROS/install/robot_interfaces/local/lib/python3.10/dist-packages/robot_interfaces/msg/_encoder_info_s.c
[3.306s] -- Up-to-date: /home/lingc/ECE4191G11/ROS/install/robot_interfaces/local/lib/python3.10/dist-packages/robot_interfaces/msg/_pose_s.c
[3.306s] -- Up-to-date: /home/lingc/ECE4191G11/ROS/install/robot_interfaces/local/lib/python3.10/dist-packages/robot_interfaces/msg/_pose.py
[3.306s] -- Up-to-date: /home/lingc/ECE4191G11/ROS/install/robot_interfaces/local/lib/python3.10/dist-packages/robot_interfaces/msg/_encoder_info.py
[3.306s] -- Up-to-date: /home/lingc/ECE4191G11/ROS/install/robot_interfaces/local/lib/python3.10/dist-packages/robot_interfaces/_robot_interfaces_s.ep.rosidl_typesupport_c.c
[3.308s] -- Up-to-date: /home/lingc/ECE4191G11/ROS/install/robot_interfaces/local/lib/python3.10/dist-packages/robot_interfaces/librobot_interfaces__rosidl_generator_py.so
[3.308s] -- Up-to-date: /home/lingc/ECE4191G11/ROS/install/robot_interfaces/local/lib/python3.10/dist-packages/robot_interfaces/__init__.py
[3.308s] -- Up-to-date: /home/lingc/ECE4191G11/ROS/install/robot_interfaces/local/lib/python3.10/dist-packages/robot_interfaces/robot_interfaces_s__rosidl_typesupport_c.cpython-310-x86_64-linux-gnu.so
[3.308s] -- Up-to-date: /home/lingc/ECE4191G11/ROS/install/robot_interfaces/local/lib/python3.10/dist-packages/robot_interfaces/robot_interfaces_s__rosidl_typesupport_fastrtps_c.cpython-310-x86_64-linux-gnu.so
[3.308s] -- Up-to-date: /home/lingc/ECE4191G11/ROS/install/robot_interfaces/local/lib/python3.10/dist-packages/robot_interfaces/_robot_interfaces_s.ep.rosidl_typesupport_fastrtps_c.c
[3.309s] -- Up-to-date: /home/lingc/ECE4191G11/ROS/install/robot_interfaces/local/lib/python3.10/dist-packages/robot_interfaces/_robot_interfaces_s.ep.rosidl_typesupport_introspection_c.c
[3.309s] -- Up-to-date: /home/lingc/ECE4191G11/ROS/install/robot_interfaces/local/lib/python3.10/dist-packages/robot_interfaces/robot_interfaces_s__rosidl_typesupport_introspection_c.cpython-310-x86_64-linux-gnu.so
[3.466s] Listing '/home/lingc/ECE4191G11/ROS/install/robot_interfaces/local/lib/python3.10/dist-packages/robot_interfaces'...
[3.466s] Listing '/home/lingc/ECE4191G11/ROS/install/robot_interfaces/local/lib/python3.10/dist-packages/robot_interfaces/msg'...
[3.474s] -- Up-to-date: /home/lingc/ECE4191G11/ROS/install/robot_interfaces/local/lib/python3.10/dist-packages/robot_interfaces/robot_interfaces_s__rosidl_typesupport_fastrtps_c.cpython-310-x86_64-linux-gnu.so
[3.484s] -- Up-to-date: /home/lingc/ECE4191G11/ROS/install/robot_interfaces/local/lib/python3.10/dist-packages/robot_interfaces/robot_interfaces_s__rosidl_typesupport_introspection_c.cpython-310-x86_64-linux-gnu.so
[3.487s] -- Up-to-date: /home/lingc/ECE4191G11/ROS/install/robot_interfaces/local/lib/python3.10/dist-packages/robot_interfaces/robot_interfaces_s__rosidl_typesupport_c.cpython-310-x86_64-linux-gnu.so
[3.491s] -- Up-to-date: /home/lingc/ECE4191G11/ROS/install/robot_interfaces/lib/librobot_interfaces__rosidl_generator_py.so
[3.514s] -- Up-to-date: /home/lingc/ECE4191G11/ROS/install/robot_interfaces/share/robot_interfaces/msg/Waypoint.idl
[3.515s] -- Up-to-date: /home/lingc/ECE4191G11/ROS/install/robot_interfaces/share/robot_interfaces/msg/Pose.idl
[3.515s] -- Up-to-date: /home/lingc/ECE4191G11/ROS/install/robot_interfaces/share/robot_interfaces/msg/Distances.idl
[3.515s] -- Up-to-date: /home/lingc/ECE4191G11/ROS/install/robot_interfaces/share/robot_interfaces/msg/EncoderInfo.idl
[3.515s] -- Up-to-date: /home/lingc/ECE4191G11/ROS/install/robot_interfaces/share/robot_interfaces/msg/Waypoint.msg
[3.515s] -- Up-to-date: /home/lingc/ECE4191G11/ROS/install/robot_interfaces/share/robot_interfaces/msg/Pose.msg
[3.515s] -- Up-to-date: /home/lingc/ECE4191G11/ROS/install/robot_interfaces/share/robot_interfaces/msg/Distances.msg
[3.515s] -- Up-to-date: /home/lingc/ECE4191G11/ROS/install/robot_interfaces/share/robot_interfaces/msg/EncoderInfo.msg
[3.515s] -- Up-to-date: /home/lingc/ECE4191G11/ROS/install/robot_interfaces/share/ament_index/resource_index/package_run_dependencies/robot_interfaces
[3.516s] -- Up-to-date: /home/lingc/ECE4191G11/ROS/install/robot_interfaces/share/ament_index/resource_index/parent_prefix_path/robot_interfaces
[3.516s] -- Up-to-date: /home/lingc/ECE4191G11/ROS/install/robot_interfaces/share/robot_interfaces/environment/ament_prefix_path.sh
[3.516s] -- Up-to-date: /home/lingc/ECE4191G11/ROS/install/robot_interfaces/share/robot_interfaces/environment/ament_prefix_path.dsv
[3.517s] -- Up-to-date: /home/lingc/ECE4191G11/ROS/install/robot_interfaces/share/robot_interfaces/environment/path.sh
[3.517s] -- Up-to-date: /home/lingc/ECE4191G11/ROS/install/robot_interfaces/share/robot_interfaces/environment/path.dsv
[3.517s] -- Up-to-date: /home/lingc/ECE4191G11/ROS/install/robot_interfaces/share/robot_interfaces/local_setup.bash
[3.517s] -- Up-to-date: /home/lingc/ECE4191G11/ROS/install/robot_interfaces/share/robot_interfaces/local_setup.sh
[3.517s] -- Up-to-date: /home/lingc/ECE4191G11/ROS/install/robot_interfaces/share/robot_interfaces/local_setup.zsh
[3.517s] -- Up-to-date: /home/lingc/ECE4191G11/ROS/install/robot_interfaces/share/robot_interfaces/local_setup.dsv
[3.517s] -- Installing: /home/lingc/ECE4191G11/ROS/install/robot_interfaces/share/robot_interfaces/package.dsv
[3.530s] -- Up-to-date: /home/lingc/ECE4191G11/ROS/install/robot_interfaces/share/ament_index/resource_index/packages/robot_interfaces
[3.555s] -- Up-to-date: /home/lingc/ECE4191G11/ROS/install/robot_interfaces/share/robot_interfaces/cmake/export_robot_interfaces__rosidl_generator_cExport.cmake
[3.555s] -- Up-to-date: /home/lingc/ECE4191G11/ROS/install/robot_interfaces/share/robot_interfaces/cmake/export_robot_interfaces__rosidl_generator_cExport-noconfig.cmake
[3.572s] -- Up-to-date: /home/lingc/ECE4191G11/ROS/install/robot_interfaces/share/robot_interfaces/cmake/export_robot_interfaces__rosidl_typesupport_fastrtps_cExport.cmake
[3.572s] -- Up-to-date: /home/lingc/ECE4191G11/ROS/install/robot_interfaces/share/robot_interfaces/cmake/export_robot_interfaces__rosidl_typesupport_fastrtps_cExport-noconfig.cmake
[3.574s] -- Up-to-date: /home/lingc/ECE4191G11/ROS/install/robot_interfaces/share/robot_interfaces/cmake/robot_interfaces__rosidl_typesupport_introspection_cExport.cmake
[3.574s] -- Up-to-date: /home/lingc/ECE4191G11/ROS/install/robot_interfaces/share/robot_interfaces/cmake/robot_interfaces__rosidl_typesupport_introspection_cExport-noconfig.cmake
[3.575s] -- Up-to-date: /home/lingc/ECE4191G11/ROS/install/robot_interfaces/share/robot_interfaces/cmake/robot_interfaces__rosidl_typesupport_cExport.cmake
[3.575s] -- Up-to-date: /home/lingc/ECE4191G11/ROS/install/robot_interfaces/share/robot_interfaces/cmake/robot_interfaces__rosidl_typesupport_cExport-noconfig.cmake
[3.593s] -- Up-to-date: /home/lingc/ECE4191G11/ROS/install/robot_interfaces/share/robot_interfaces/cmake/export_robot_interfaces__rosidl_generator_cppExport.cmake
[3.594s] -- Up-to-date: /home/lingc/ECE4191G11/ROS/install/robot_interfaces/share/robot_interfaces/cmake/export_robot_interfaces__rosidl_typesupport_fastrtps_cppExport.cmake
[3.594s] -- Up-to-date: /home/lingc/ECE4191G11/ROS/install/robot_interfaces/share/robot_interfaces/cmake/export_robot_interfaces__rosidl_typesupport_fastrtps_cppExport-noconfig.cmake
[3.596s] -- Up-to-date: /home/lingc/ECE4191G11/ROS/install/robot_interfaces/share/robot_interfaces/cmake/robot_interfaces__rosidl_typesupport_introspection_cppExport.cmake
[3.597s] -- Up-to-date: /home/lingc/ECE4191G11/ROS/install/robot_interfaces/share/robot_interfaces/cmake/robot_interfaces__rosidl_typesupport_introspection_cppExport-noconfig.cmake
[3.601s] -- Up-to-date: /home/lingc/ECE4191G11/ROS/install/robot_interfaces/share/robot_interfaces/cmake/robot_interfaces__rosidl_typesupport_cppExport.cmake
[3.601s] -- Up-to-date: /home/lingc/ECE4191G11/ROS/install/robot_interfaces/share/robot_interfaces/cmake/robot_interfaces__rosidl_typesupport_cppExport-noconfig.cmake
[3.603s] -- Up-to-date: /home/lingc/ECE4191G11/ROS/install/robot_interfaces/share/robot_interfaces/cmake/export_robot_interfaces__rosidl_generator_pyExport.cmake
[3.603s] -- Up-to-date: /home/lingc/ECE4191G11/ROS/install/robot_interfaces/share/robot_interfaces/cmake/export_robot_interfaces__rosidl_generator_pyExport-noconfig.cmake
[3.603s] -- Up-to-date: /home/lingc/ECE4191G11/ROS/install/robot_interfaces/share/robot_interfaces/cmake/rosidl_cmake-extras.cmake
[3.603s] -- Up-to-date: /home/lingc/ECE4191G11/ROS/install/robot_interfaces/share/robot_interfaces/cmake/ament_cmake_export_include_directories-extras.cmake
[3.604s] -- Up-to-date: /home/lingc/ECE4191G11/ROS/install/robot_interfaces/share/robot_interfaces/cmake/ament_cmake_export_libraries-extras.cmake
[3.604s] -- Up-to-date: /home/lingc/ECE4191G11/ROS/install/robot_interfaces/share/robot_interfaces/cmake/ament_cmake_export_targets-extras.cmake
[3.604s] -- Up-to-date: /home/lingc/ECE4191G11/ROS/install/robot_interfaces/share/robot_interfaces/cmake/rosidl_cmake_export_typesupport_targets-extras.cmake
[3.604s] -- Up-to-date: /home/lingc/ECE4191G11/ROS/install/robot_interfaces/share/robot_interfaces/cmake/ament_cmake_export_dependencies-extras.cmake
[3.604s] -- Up-to-date: /home/lingc/ECE4191G11/ROS/install/robot_interfaces/share/robot_interfaces/cmake/rosidl_cmake_export_typesupport_libraries-extras.cmake
[3.604s] -- Up-to-date: /home/lingc/ECE4191G11/ROS/install/robot_interfaces/share/robot_interfaces/cmake/robot_interfacesConfig.cmake
[3.604s] -- Up-to-date: /home/lingc/ECE4191G11/ROS/install/robot_interfaces/share/robot_interfaces/cmake/robot_interfacesConfig-version.cmake
[3.604s] -- Up-to-date: /home/lingc/ECE4191G11/ROS/install/robot_interfaces/share/robot_interfaces/package.xml
[3.608s] Invoked command in '/home/lingc/ECE4191G11/ROS/build/robot_interfaces' returned '0': CMAKE_PREFIX_PATH=${CMAKE_PREFIX_PATH}:/home/lingc/ECE4191G11/ROS/install/robot_controller:/opt/ros/humble /usr/bin/cmake --install /home/lingc/ECE4191G11/ROS/build/robot_interfaces
